 $ LHS File Format Version 1.00 
$
$ This LHS run was executed on  3/17/24 at  9:59:53.48
$ with LHS Version: 2.30 Release 1, Compiled May 31, 2001        
$ The run title was:
$ Pecos::LHSDriver
$
$ Message output file for this run: LHS_distributions.out
$
$ Input file(s) for this run: 
$
$ Point Values for the distributions follow:
$
$ All point values represent mean values that
$ were calculated from the actual LHS sample.
$
    Uniform1              1.4999917E+00
    Uniform2              7.9999168E+00
    Uniform3              7.0000321E+00
    Uniform4              2.5400359E+00
    Uniform5              8.4050425E+00
    Uniform6              9.6500013E+00
$
@UNCERTAINTY
  @OBSERVATIONS    500
  @VARIABLES      6
    Uniform1:          
    Uniform2:          
    Uniform3:          
    Uniform4:          
    Uniform5:          
    Uniform6:          
@SAMPLEDATA
           1           6   1.7006904278450647        9.5135674059197317        7.1114629909999669        2.4679022076182906        8.4064523681339374        4.6516088921572081     
           2           6   1.3705005939384922        7.6280827035248278        5.6656064403999595        2.1302400188089252        6.4063795590539137        11.370579710019287     
           3           6   1.6675315557181836        7.0964831966236241        8.1416789503576243        2.9322436639893614        6.4807977835189874        7.2827648743663449     
           4           6   1.2129678072804584        8.6354718873560419        6.2763734397707509        2.8843074856390429        7.7245979309204964        10.332794533227105     
           5           6   1.5361079409188592        8.7337235671281803        6.7237137989090749        2.7855911244906948        7.5078338289252153        8.6208142102449195     
           6           6   1.3471598477309570        9.2114296001195903        6.1176709410615260        2.1029577744357848        6.3495977379285264        7.5613497717597058     
           7           6   1.4697469854430294        9.1065036542594431        8.0975790196312598        2.7260663396531064        7.2454273181315365        13.867413371554344     
           8           6   1.2564251556096597        9.4843828456789261        5.7295346261523656        2.4860376278430780        8.4498139632683475        14.861528624577216     
           9           6   1.5006075781879016        6.4732809927031401        8.3377744592048231        2.0902525650937851        7.0199540883243268        5.7676566625824197     
          10           6   1.3284976045441814        6.4874927382767202        8.3041628059307122        2.2344228992402928        6.5523714488568432        9.4974633759218250     
          11           6   1.5683589869038201        6.9223055050030355        7.0895373413015150        2.2773113733109178        8.6541758358717367        4.6657193832029584     
          12           6   1.4174550102663226        8.9328986160337926        6.3919904285756868        2.7370909694391949        10.166885763620492        11.757632691150764     
          13           6   1.4903495414430274        6.5511274435430771        7.7649584476269791        2.5516525349921917        7.4796634198216996        11.518933117342879     
          14           6   1.6916770178630949        8.1062862643837921        6.7568418181844061        2.0654710702357808        6.5597528888665417        4.0887979008369140     
          15           6   1.2332240542810409        9.3292882866650810        5.8652881394200023        2.9777902463999859        7.7482462120399758        14.167717317677102     
          16           6   1.5051604799699037        9.5808636239320037        7.7284655880145730        2.3708078347430375        6.8770573298760969        12.785232905430254     
          17           6   1.6566411877781151        9.4462098279669870        7.6205653177333996        2.1772099828536993        10.008382104709376        8.2640840321660498     
          18           6   1.7299028103034013        7.9436286186411982        5.7927851871483025        2.8178703772224019        7.9751741569277446        12.167306656300090     
          19           6   1.4469709130661561        6.8267826532870535        8.1797173223411672        2.3261115821990459        8.1668118048444907        10.180966459446820     
          20           6   1.3037617836115880        7.0063040966376660        8.0656513436745847        2.1503406137266849        9.7470579121618481        13.683755888325628     
          21           6   1.2605177091535180        7.0274324490487583        7.7415401297228410        2.2612695035114601        10.298986627106588        14.250390014317817     
          22           6   1.3362439082058146        8.9492471354320635        6.3512954014781862        2.5257133658975079        6.9656722209851303        7.7454054075393355     
          23           6   1.4657878973716871        8.6525738826200360        6.5475926222015177        2.5821105694467574        7.5247547378726907        9.8502145907003431     
          24           6   1.4540247920421885        8.4358176438763746        7.1693433698536833        3.0367322104061114        9.0881083270909961        5.8016513092301318     
          25           6   1.7550957409495487        7.7184156190305950        6.2181284501632677        2.7140722961317283        7.0910498696147322        9.2146434539891775     
          26           6   1.2791747474377044        8.5236413513168685        8.3138447900049410        2.5621688299534280        6.5264304087401968        9.7707511077462694     
          27           6   1.7456858627328651        6.7456506705194714        7.5881918189529332        2.8516078048155173        9.1730754198557225        13.078059248110979     
          28           6   1.3964460979982278        7.9692596710905432        7.6266217723613616        2.2152852524644135        7.3239182642338099        9.5397417507048239     
          29           6   1.7289414596848189        8.1746224225029351        7.7957774396389725        3.0317303491588494        8.6590853265417547        12.229461408234668     
          30           6   1.4819995889788493        8.7136997274860732        6.9508703053267675        2.0781149695000050        6.9578267976041790        12.844469616786343     
          31           6   1.2548403337259777        6.6810097021952277        6.7120467616021635        2.8986357172774522        8.7289111336327956        5.3302110724246594     
          32           6   1.6973864515710624        8.0911114046916381        6.6422277016762648        2.3080993601448179        8.4952609035702746        5.0383988957069814     
          33           6   1.6078636459182949        7.0861741759046915        7.5242865651339299        2.8315104985861383        9.9818238905566599        7.6239446080706550     
          34           6   1.3262190344304778        9.1706961041584609        5.6108265265014019        2.2032162382686322        8.5878397365656642        12.508004751642702     
          35           6   1.2747431614466942        8.0221391853153694        8.1154374867223193        2.4484105543174128        10.486681747434966        7.0048591984435911     
          36           6   1.4407567721382715        8.7620918088197701        7.0004781860178333        2.2338629760504514        7.6367346148093693        3.9645872339843771     
          37           6   1.5506421394002623        7.1599165455639371        8.3405838727839292        2.8116549874155314        9.4239698923288646        4.9045586362497415     
          38           6   1.2271255727075971        6.7128245526134966        7.3264487879246474        2.3497419405581335        9.5194321038298177        14.738597436218290     
          39           6   1.4763593364771455        7.0769199208974838        5.9306747112626210        2.5113453790932705        8.5924891239626238        15.004572271960788     
          40           6   1.4793929096206091        7.7097364927142866        8.2100760062113398        2.8702011253068314        6.3317744240183984        8.3428523910017685     
          41           6   1.4422725263259375        7.4813790153071285        6.9583726424170651        2.6735294810477366        8.6758160427414381        12.033890679943609     
          42           6   1.3930545224030502        8.1970021811187266        8.2437916941165916        2.3897186241169455        6.9776067744725943        11.778891454956028     
          43           6   1.3273817543428390        7.8479538206994537        5.6822742428492754        2.9026244724700878        6.7180528783380700        6.7849818031385078     
          44           6   1.6980327865571714        8.7209578935578449        8.0980524404756729        2.8112184503313151        9.0289816189932122        4.3260398690751751     
          45           6   1.4978012528926135        9.2723544166669232        7.6359987019827598        2.3774305548290999        7.5903402155706701        14.429554592987289     
          46           6   1.3044688285932877        7.6385172774657608        7.5852767856307324        2.2052562540520353        9.4619532440535572        5.1761320121171881     
          47           6   1.3890483364328741        7.0520980882674458        7.8398943118816247        2.2558413746633006        9.2868691342921696        13.903143614587840     
          48           6   1.4266404916659929        9.5292844358041879        7.7227004883319141        2.9569130827944723        8.7344310457654100        9.1712389257063620     
          49           6   1.2531631097121163        8.7270555716067548        7.7746331054020672        2.9732459657789767        6.7405542881887266        12.498214336217382     
          50           6   1.6996724288966507        8.9379045788362621        7.1044198847662656        2.3551449892558343        9.0402694059574706        5.9496098115686324     
          51           6   1.2683957864287307        8.6918525985911490        7.6820648663746196        2.8447051226191875        6.3720371011214043        9.3018114481498486     
          52           6   1.3141713647316211        7.3708281707078225        6.8904220774285498        2.4714668970797771        10.031023803850285        7.4443798993867825     
          53           6   1.3531186559205874        8.8292949687913058        5.7679699125641948        2.6811121003511080        9.5496607746243285        7.2342496008111628     
          54           6   1.3980896738000212        8.2151827798947696        5.9642225910855453        2.6691320865798742        8.5453282037934386        4.2937669521335051     
          55           6   1.6849865900041536        6.5093508388549086        6.2345058319551869        2.7718870903911905        6.5020288997405853        7.9432525500659841     
          56           6   1.5015929255205205        7.5017636939868328        8.3902056766452269        2.2203810145233196        8.2186655313630919        13.617427051980513     
          57           6   1.5801192319767550        7.1113264411553745        5.9406074656635521        2.7394650570592094        9.3878801368119049        9.4818723191714369     
          58           6   1.2358806679727508        8.4727371440291410        6.3561085376625881        2.5469859766470826        7.3752279050164340        8.6522871482633050     
          59           6   1.2773166349967009        6.6339457572609186        6.5954151630848648        2.8523403426159266        9.1290207425336760        7.2473998567366502     
          60           6   1.2812148568404838        9.3546681793704636        6.9985631726384172        2.5362884446064569        8.3148992003954909        5.5175325825626498     
          61           6   1.2714321680417284        7.4384365551084279        7.0553203000437463        3.0351920681675151        6.4175138025809586        13.030098934776849     
          62           6   1.7376051546198317        7.3520164257466796        6.8719799697862936        2.4571228431616348        9.5443449160562555        6.7171938951085313     
          63           6   1.7172272962555291        7.9670028131991621        7.3326493243547155        2.0581395980317798        6.4462750248474627        9.9776226481695183     
          64           6   1.5914554645327850        7.8637504098027939        5.8600150173133239        2.9528623620392844        10.498771398089813        9.6233087742885104     
          65           6   1.2586486905857921        9.2344535232543947        7.9048024757882578        2.1075001700225937        9.4986948277127503        14.656195411941502     
          66           6   1.6081527943619527        8.5385974017515771        6.0630372783629225        2.7809819107974691        6.9828205434079180        11.975502086288296     
          67           6   1.7488090965740382        6.4014918698832393        7.9869531474094835        2.7605899787439965        8.8691563787494410        7.4191134675056682     
          68           6   1.6269813919298350        7.7513905223682524        6.2107911429408933        2.4356906314837836        8.0356844480504321        6.3099381044649050     
          69           6   1.7213872524459848        6.8424125501826412        6.4408416377309701        2.3059263270707704        7.7883231823399282        4.8237187460984572     
          70           6   1.3747439361250027        9.2213262980684636        8.0788808675838641        2.5571667367808613        8.1021808595049087        15.087481512646889     
          71           6   1.5460321149422787        8.2419997263073927        8.0027575034456326        2.9596864596544576        7.2173714083275291        8.0126909184204411     
          72           6   1.2207094936947338        7.4172803243979812        5.8848752783007923        2.4041786786000428        8.2476368766704624        4.4244960331169416     
          73           6   1.2493212777673266        7.9013969820871948        7.3141769825503227        2.1950454652311095        9.8279653720144609        13.852296156850644     
          74           6   1.5303000465486198        8.3145298086360082        7.8945439484613020        2.4159375136116426        9.5226649066950237        10.936778902596560     
          75           6   1.2098687146442011        7.8681388082027430        6.5667352093130349        2.6772743668833558        9.9379275625262320        7.9204213579422786     
          76           6   1.4320021360974760        6.4099107348069557        6.3955867065845053        2.8161180217499844        7.5299790305565342        4.2069596160291693     
          77           6   1.2556823860279283        7.4189122774720193        7.9169000143092134        2.0354960969661922        9.3308377628186463        8.1489631465389394     
          78           6   1.6142174135411158        6.4803619107738148        6.6612894650191068        2.7040361694870980        9.8554499839158964        10.688868641747396     
          79           6   1.6829032592640258        8.9243999365761866        7.7601011415423828        3.0048765231015997        7.8493158717089848        11.815742823576088     
          80           6   1.5831216744862497        9.3939198553487664        8.1434413765484468        2.1849913549399749        10.176080901917489        4.7206200899598185     
          81           6   1.4862971471328288        8.3119725088715555        7.9580477080471814        2.3733671992749903        7.4487872278397251        10.132160182974069     
          82           6   1.5148103448827750        8.5283382603108873        8.2374911110758795        2.1459873520339001        9.5304840577291472        10.290238795455078     
          83           6   1.3303397510259412        8.3776964128822087        6.6985409192349756        3.0276332360822051        6.8210730055149265        11.164091127406573     
          84           6   1.3670862978796474        8.9761126713633530        6.6947647571258244        2.4233259751728173        10.271911415679529        7.3158956038530452     
          85           6   1.7627118685148657        7.2512582138523456        7.5351459056295456        2.2456141844817901        6.5440984217078881        11.230481729841093     
          86           6   1.5036051889937372        8.9208091927513493        6.5088599261878057        2.2757582880006915        7.9037426219265070        5.1132697370152460     
          87           6   1.4163120870949699        8.9541173351064316        7.4873463382894174        2.1549235262971180        8.2620972716762573        4.1255158956719100     
          88           6   1.7241085501310414        9.5794300636053098        5.8797858352862296        2.7449180017701349        9.5838562161942615        10.090033919980517     
          89           6   1.5667078761991113        9.2667034277841438        8.2600909434512264        2.0870800515361685        9.6781569519009256        11.675293033104623     
          90           6   1.2592103820003568        6.7915979986518620        6.4288124615186826        2.4104748052937537        7.3518952964364912        5.8796863965692463     
          91           6   1.6773740011721852        7.6315246282696725        6.0217078145867209        2.2643045660794430        8.3840460925976981        5.4674319992628888     
          92           6   1.6012778647030703        6.7793482235565783        7.2364529568862173        2.9380982997638263        7.2811177896534884        10.819114448968319     
          93           6   1.2872951110345312        7.2901584619611501        8.1267431970061743        2.1172722966824842        10.119087058249292        9.0237119562791204     
          94           6   1.2400159774918109        7.6121696247488266        7.9517953652419155        2.7414069453220717        7.9656960618154464        6.9465424220506105     
          95           6   1.6955839169936253        8.3054978746250274        7.4843774937571963        3.0456786211585438        9.0163067115635194        10.368781707430957     
          96           6   1.4528764224135315        7.1974894842997195        5.6903943607041612        2.8887516441757137        7.0123295416879561        7.1945559445128309     
          97           6   1.7881974026321434        8.7685685738369834        6.1524690919550133        2.0937672147121651        10.333483126123324        4.4988422258484642     
          98           6   1.6419306354090570        6.5962806570813068        5.6967455547071992        2.7572878688863667        8.6459692538058253        12.808779261358083     
          99           6   1.7817289137342947        8.8614680824160565        6.3895319765336813        2.3425976056481432        8.3335765330159202        5.6755848014189390     
         100           6   1.7497656117682345        9.3221875778108831        5.7429162970790637        2.8469573457685766        7.6279342205185490        5.4612363906246610     
         101           6   1.6749499093919993        9.2517910402163857        5.7605399700010196        2.8069497938702721        7.7068650506026195        14.448891931822525     
         102           6   1.4270287581701764        8.6653828765049585        6.5323385817650710        2.1858364053917487        10.018112881698514        14.087228426820600     
         103           6   1.7122557195274160        8.1269373741596951        8.0464058454556397        2.5794105793817153        9.1365902484231665        12.717999820573487     
         104           6   1.2490817334380933        8.0636144614472993        6.9931841474186633        2.7681465932037028        8.5225640865575816        12.604755948666716     
         105           6   1.3826180790980347        8.5649168794646862        5.7053800239356232        2.1099489272244925        7.1556527483802146        13.972485612101387     
         106           6   1.7109912740735336        7.6903454915001985        7.1617637724550445        2.2961383433102909        8.7635684187934633        7.4954354068441313     
         107           6   1.4745808025233447        8.5878962151139966        7.3480197770902889        2.1666060072501470        7.1705827109976523        8.9647077769238965     
         108           6   1.4573072605524211        8.2347784281507135        7.4677380697540938        2.1801933544764478        9.0600352256436416        5.2201998243932612     
         109           6   1.3493329565984198        8.0343992798909554        6.1328317826025183        2.7885700443867965        9.6335437891656106        11.098827769595898     
         110           6   1.3661218993144109        9.0554207145184282        6.0380561870599161        2.5211180024644078        8.4020033512644510        4.1607298213490278     
         111           6   1.3457446114053950        8.4247733768686643        5.9892331295667214        3.0255654990368894        6.8519090102892273        12.201631870257900     
         112           6   1.6579700853559189        7.2200410089835527        5.9589799212727694        2.1721948512118212        6.8021702422573975        10.242687932422152     
         113           6   1.2168855298468841        6.8558301960453392        5.6436942412346598        2.3302515990865134        10.247080600430250        12.296553360600257     
         114           6   1.3007354229102841        8.2633658233478666        7.2476957402002071        2.4191746370588425        8.2969087191033175        9.0002918596814858     
         115           6   1.6198863955194132        9.1962075943514705        7.8247969650596376        2.5925545136350578        8.1310946630660865        8.0511773278065952     
         116           6   1.4233655698045158        6.9775463376820088        6.8986003267001363        2.9425138637722932        10.391628386061605        5.4897803975860588     
         117           6   1.5218850101203658        8.1147670723170044        6.0490151338711380        2.6644500135765505        8.0368436898348250        13.344641729330645     
         118           6   1.3315042068885639        8.8735020244747407        6.2934264855571094        2.7307508811882695        8.6865326662158360        14.282013508880045     
         119           6   1.6660371252978221        9.1147785597860818        8.3843574974771595        2.6406161995808128        9.0807946832589064        9.3776719736170495     
         120           6   1.3189204156832770        7.6626499560594556        6.4226846054160971        2.3115020711693539        8.9831029094267230        4.7808734913594089     
         121           6   1.6209622664138676        9.2987182639241208        7.1365775414813317        2.2723616415770818        8.5193717920428238        3.9407662379241084     
         122           6   1.4020278637440875        7.6812802550956603        6.0277219835000109        2.6839375360606610        8.1989224042185302        12.381207814171212     
         123           6   1.3937890630390495        6.9325112518012526        6.1721807220263400        2.8611742174636663        9.1565283582156098        8.7237281751914413     
         124           6   1.6375963242885656        8.0782157131031163        6.9321348964968701        3.0403259530307163        6.8462623945028840        10.344488287243294     
         125           6   1.3503882694873028        7.1883404935464261        7.3442465926144269        2.4878727844567687        8.1847654005824264        9.8786741626211434     
         126           6   1.7027966069829650        7.3317509901940827        6.2544621323890981        2.3134751841099370        7.5100650326153540        5.2406826518590099     
         127           6   1.4288223901340737        7.8576304850339893        6.1838591699710106        2.3183212507583013        7.1225005169551352        4.0167299202745781     
         128           6   1.2006304776823147        7.5305304045498378        6.4802134249767285        2.1539340753459180        9.3488804267662111        12.940694243436447     
         129           6   1.3332844996863975        6.9930111891910434        6.4954419560806826        2.7637857904151453        6.6624594693260590        5.9426483924407503     
         130           6   1.6725719518125057        8.1019208390638227        7.5966161634257068        2.8807815128662342        10.087907176079572        8.2012987719965178     
         131           6   1.3431577626555227        7.7943360297188162        8.3775290728053076        2.4987956475806423        8.8035839427350222        9.5918112654266867     
         132           6   1.6607953273379243        7.3813114187777042        7.4151520428013065        2.3870252705444677        6.6035493674689247        11.407787637898466     
         133           6   1.6617253890439869        6.9091343276619916        7.6587083183320246        2.2000441960804720        7.2567241116840018        5.9758834154102951     
         134           6   1.5693143343519420        8.2279140220358968        6.9666394878406077        3.0016447625911513        9.6244276652532630        10.140263383971758     
         135           6   1.7427106745696626        7.2295244113311172        8.2900034714365383        2.7211243636612497        6.6271414709234371        8.8178658539289607     
         136           6   1.3725995696509257        8.0013847556680435        7.9361861254299058        2.6470731433056947        8.1458849609841089        7.5901794129104818     
         137           6   1.4999333863363600        8.6536723322808733        5.9960597568348053        2.2159600676757187        8.9488239337632560        12.584543613553047     
         138           6   1.4518477594650352        6.8022312565594909        8.0325529098991311        2.7907862134016863        7.0015842049697410        12.558712919146521     
         139           6   1.5992160329299048        7.4845273114785558        7.8114112096039579        2.1595187477679363        9.6813958632024377        13.600728279929143     
         140           6   1.7851165531187319        9.5620557594731430        7.4499672633731739        2.5125552125748807        9.9608345313929441        5.5392755845848001     
         141           6   1.5296455542208627        9.0572640952631822        7.2607544562531636        2.8965816708675769        9.3160729543426779        8.3233197145708839     
         142           6   1.4584921406641602        7.4954860139712700        6.5690647795381016        2.1207508862116091        7.8004692355673857        15.179987497446360     
         143           6   1.6705715658707543        8.6147573517888780        5.6763124048767608        2.4967239112656006        7.3473794760942921        11.042828771285480     
         144           6   1.4196629150946625        6.9583306027278304        8.1050799760326750        2.2276926197598499        6.4616481300135371        10.596754581345945     
         145           6   1.6802875950559972        8.4636522759303432        8.2039970096776251        2.5888967363373285        8.3113660866954593        9.1994847349473279     
         146           6   1.5279550339143724        8.7835229211941357        7.1156450579214843        2.6752423315552250        6.4300143418007440        10.064110225262819     
         147           6   1.6183404422409833        7.8259227854609490        7.0351387861032038        2.9094255762522758        6.4730000425664844        11.969710324632006     
         148           6   1.6503300291384568        8.9465926498159760        6.5230783789383242        2.4802376213163786        8.9039408449660229        11.739170435159235     
         149           6   1.4151678616038523        6.5033171138107786        7.3552238792784514        2.5428071613800713        9.5601908042029944        10.713350444449112     
         150           6   1.5030066339933312        7.3104915808588267        6.4775142732409758        2.6541533879235195        8.1159068737979645        13.100980860895477     
         151           6   1.6838595016071574        8.8047163400813950        7.4337186031417923        2.8015039998331948        6.6438797075835936        9.9566232901178306     
         152           6   1.7038449931304900        9.4547465879023083        7.4707995592938730        2.3833185481092145        9.2023419982938517        4.6098795753058512     
         153           6   1.3978927176852711        6.6950867258593441        8.2827469672672454        2.7519570711765811        9.3027417907762526        9.6713349659612877     
         154           6   1.5246421614107677        7.2820496933490038        6.8221878744916991        2.3248328331259454        8.8150197666346095        10.003350105141289     
         155           6   1.2062950288834982        6.6532236322879799        7.8702393863039095        2.9268749378832988        7.3033793999160030        6.2277369150933808     
         156           6   1.7148038451243190        6.7583614046752460        8.1922501725258314        2.9849976976051553        7.9550659615848067        14.375116264845245     
         157           6   1.3690668748981318        9.1787115466162561        8.1525526043249297        2.4251916818679029        6.9532333073302821        11.893532157583628     
         158           6   1.5200795485348442        8.7495959588363768        8.2169780704008417        2.6181101572341192        6.6939665399346122        12.925204587432324     
         159           6   1.2887964912244116        8.8515960581108928        7.1750236378099777        2.3458375181974560        6.6296095212155155        14.605418457029389     
         160           6   1.7958228909842668        7.5135090651735661        7.9301434645179665        2.0434881982250972        9.5638997127275811        8.0366069989933155     
         161           6   1.5501457282749003        9.0867341862782833        8.2821595381313955        2.2601396090212553        10.074672200561567        12.897840390996310     
         162           6   1.5326113068999723        7.1698461306884882        5.8516693838572129        2.4361019237633510        8.7718891347627395        6.2771545959252402     
         163           6   1.5711224456601776        8.3451611716836691        7.8619372314015399        2.1271313183364740        9.4303773310022851        7.0804674995080568     
         164           6   1.2185827778415754        7.3545602798730139        6.8833938567744575        2.8425537919523474        8.4722517190245075        6.3555756446407177     
         165           6   1.4031345505035482        7.8346183895751835        7.2207735380399969        2.0711925147407126        6.5743661304199321        13.178088493263814     
         166           6   1.5402451034981759        6.9953770275428893        7.4965571075266224        2.9517537106711322        10.071704681440965        10.169229941882426     
         167           6   1.3324548330159856        7.3365651687368754        5.8175543792318543        2.9701276369219554        8.5584073281919668        13.631982863956130     
         168           6   1.5429110413187184        7.1749595541581517        7.5567374170856549        2.6481655328883225        7.8221223847793322        7.7153858638200914     
         169           6   1.4675951285057700        6.7604984881713985        7.7871561026135465        2.3643538062013034        6.5819507406378905        8.8354900923918454     
         170           6   1.6782218441725709        6.5875655893236402        6.0700315794218334        2.4143090672544854        7.2692134203051779        6.4307940753165163     
         171           6   1.5356688940364867        7.6714936968028544        8.3205138521511106        2.5064025172506734        8.7916204677976886        10.259560623197583     
         172           6   1.7713114577899687        7.5943751240268345        6.3494659799758351        2.3368416524665334        9.4726507597825300        14.482615764222807     
         173           6   1.5768025752863846        7.5136565857589250        8.3228993136884650        2.1755642226206229        9.2253207014237990        10.914831593226408     
         174           6   1.3390274237439037        8.6700512613341214        6.6862763748941942        2.8254894991749055        9.8345053152110324        12.107642446948915     
         175           6   1.6166369342300111        9.2352791818082327        7.2839041073121136        2.8747306343401782        8.0584728328096773        11.125130384824937     
         176           6   1.5651908582448029        9.1109782072961316        7.7475381111059338        2.1476758009238446        10.390562387450240        7.7674983481920785     
         177           6   1.6049488453483209        9.5202143527090541        7.3852695494823166        2.2299120653864182        8.6314454967707537        11.567500651906709     
         178           6   1.4348116610214114        8.9144556674167514        7.1306010167378933        2.5034157985832262        7.1249842390689198        5.6168707915770355     
         179           6   1.7909514324596152        6.7041265512257819        7.8434127604600041        2.8206678532485103        7.4011409810689184        7.5542702132416890     
         180           6   1.2049861822337842        7.6455117900341749        7.3608526921041317        2.7544558999574837        7.4916189330760066        4.1792553388376259     
         181           6   1.6281520422594622        7.0247126809805636        5.6235821256302296        2.3289975831451173        8.8818668215753398        9.9159071354847406     
         182           6   1.3445522637030107        6.6225585289925339        6.2641199383959174        2.6327963431619663        7.2876151084935010        9.6759931320536410     
         183           6   1.3693894696363247        8.5043149033322933        7.3023485440844675        2.5638406317324001        8.3765627296941307        12.541053885927656     
         184           6   1.6763206647399813        9.2447347239241005        6.2239417270414528        2.4215203577080926        10.294122258820888        13.055178592340788     
         185           6   1.5436900300632230        7.9355042557463049        6.0729558486538000        2.1082770279807499        10.357566254933076        14.472467659086455     
         186           6   1.3646590313583613        8.4326684799835068        6.7800992667198177        2.0696176777888460        8.7425379320989176        6.3309089145332100     
         187           6   1.6236298629091122        7.3970301499262456        6.5270497374245897        2.7995991194451042        9.3010151076492846        7.1849207060479099     
         188           6   1.5183198491944001        7.8034391881898051        5.8950649179216468        2.0302105285467205        9.4879400552241417        8.5098562079055693     
         189           6   1.6357366191957146        8.5720149181842800        7.8136485188644382        2.6021113956925643        7.6443401659775612        5.1577726272069846     
         190           6   1.2388817811464889        8.0704671813011171        5.7170481612291182        2.9811575840296687        10.452903857657722        13.042343868128025     
         191           6   1.3860822099974377        8.8355709237828854        7.8744630173377690        2.7929346494702991        8.2823034672159270        5.3008716124710622     
         192           6   1.5380511565832420        6.5796636057719589        8.1937520810000599        2.3688255848630893        6.6196711813486599        8.4155846123378719     
         193           6   1.6043361070185900        7.0153919911131268        6.3331674274872984        2.7011690789392775        8.4237023609911734        14.297235455954912     
         194           6   1.5208738769385963        9.5499034910902374        7.1485553271153943        2.2195998279675839        7.5757820472620283        10.583892806453164     
         195           6   1.7059763717229479        7.0446377974361178        8.0260894699113443        2.3227944949753212        9.9131398182314037        10.860854296215576     
         196           6   1.7131396527509206        8.3473208403885355        8.3314920274304232        3.0215546128418951        9.5763940572168913        5.5826831431232860     
         197           6   1.4220245156960560        8.7749702775821081        7.1814976239075881        2.8725695060904974        7.0587073472003725        10.023499674222899     
         198           6   1.2448672228982671        9.1867259726345534        7.7537891155870637        2.2131054393985030        6.9897303884529407        6.0881352299952409     
         199           6   1.4718084366993047        8.1155066291645159        5.7472656534811479        2.8926897803978435        6.9193954961360244        7.6574869326904880     
         200           6   1.4753772765451112        6.8116211550116548        6.3412521493449807        2.1143385382859594        7.9247380362336157        10.779587489655007     
         201           6   1.2108027479664421        9.4976255060061821        8.2948442935902644        2.2912308058105033        6.3217253199918328        5.1918949018747078     
         202           6   1.2021959463411012        9.3107409205198284        7.8654528637673717        2.8321414116182178        7.0543177653822626        12.225679567161482     
         203           6   1.2425004348850810        8.5986496374830601        7.6476475932765755        2.3820440801338663        7.6705905295988828        6.3745676226138599     
         204           6   1.7730724172922783        7.3880616736680267        6.8630802419586114        2.9626637794236466        8.0162282428103122        9.3699781964877609     
         205           6   1.7568339050799611        7.2422181162387140        7.5118650452481592        2.8225590469928452        7.4680013021169787        9.4512907560998567     
         206           6   1.3106944347188809        8.2571165855392810        5.9817920469710595        2.5907400237642224        6.9393173521771789        10.869335632864386     
         207           6   1.2902104844955729        7.7428701328635219        7.4029753074433664        2.1953004295624230        9.3733856029811928        7.6295210849121204     
         208           6   1.6890991584378297        7.6491262437790626        7.2640553853636609        2.9494423509776873        10.203633727286638        4.7489933401616291     
         209           6   1.4595332567087376        9.0136007845580561        7.5746598908947780        2.3653640946710204        9.2734587733376710        15.049194204033119     
         210           6   1.2989044965217822        6.9748371958732607        5.6867495324509214        2.8797849009024166        7.3141169059767570        14.713713782462525     
         211           6   1.5752309839032590        8.0858836383521560        6.1219076592789961        2.9606872072004617        6.5900007023939766        14.209492508107331     
         212           6   1.2918559077462179        7.0584928263217215        7.3044080529924482        2.4462804970769492        10.447992134690894        5.9230697296203578     
         213           6   1.5958637664369308        8.3940927459359163        6.5891091538244853        2.6852242821471206        6.8616533070762724        5.6274953006154389     
         214           6   1.2139096619797871        6.7251808518618352        7.9835133533284068        2.1578127081983256        9.2338160041616817        10.639809106533415     
         215           6   1.4507850603961385        7.2134663842156534        6.6481664046926419        2.0960339550761411        8.2113491121358138        15.252459393198603     
         216           6   1.5931681408625096        7.4049858841165896        6.6571736727351327        2.5348545637385920        10.343477394684328        4.0073005203856153     
         217           6   1.5902598289928398        7.5673473143309353        7.9209795056942855        2.7532581603030488        7.6155430565843538        5.0120886786603362     
         218           6   1.4060705963166431        6.5152598181903363        7.7099971230629833        2.8556669226004741        7.3373264598559116        10.436407554095611     
         219           6   1.7870668584535829        9.2082572042182083        6.1788713022574786        2.1239843467223363        6.9289248546390043        8.1270448139032823     
         220           6   1.5385165592690930        7.4887090478688485        7.8876748038740834        2.7486792188007292        6.3575916741817018        3.9121667558790651     
         221           6   1.7472733421587383        7.7807512926876541        7.2777190131541341        2.5943462462881111        9.3422309149904130        10.218584278914612     
         222           6   1.3412254020187073        7.9835809135839346        6.1085945245960724        2.5153426667185594        7.8834523610948164        14.816018634060164     
         223           6   1.5970263210503386        7.9598801014199845        7.3722024319898338        2.3348152568508778        9.8637057826779966        8.0675380927007652     
         224           6   1.2319297052680513        9.1229858809635029        7.9554305297082291        2.0445979175967159        7.6008321329995985        8.3739462312655526     
         225           6   1.3617804206214845        7.4558139861240988        8.2679482765501380        2.5312058958283812        7.1919785489943013        7.3968763977361380     
         226           6   1.4707314776256679        9.3403677424192431        7.4398732124069706        2.9833580466153844        6.7040064111405142        14.149643011664040     
         227           6   1.7655432612564417        7.1383115965992214        6.4642196965230623        2.3946596990346531        8.3691048744424243        4.0472746520652434     
         228           6   1.2960946965828539        7.3210395802453156        6.7402611663732674        2.6203244187765380        9.7119029510107246        11.387735188317485     
         229           6   1.7408063333820551        7.6601571273639797        6.6721297760900109        3.0313994919188691        9.5953182941742856        6.8550094082190185     
         230           6   1.5734575942363589        9.3458774262115352        6.4961382774028920        2.8585172856759091        9.9137186706337008        7.0387071721283725     
         231           6   1.7602653634440153        6.8076286614954471        6.4486285771843042        2.3405448299409075        10.286502288817347        13.992698501570150     
         232           6   1.7928018357773312        7.3754424529105425        7.1655985047921540        2.2808205094659981        7.1871092543744384        4.1322239249655972     
         233           6   1.4077701722268015        7.5467506378993399        5.6345912522826342        2.3672660795266087        8.4199686800458196        4.4313324479209264     
         234           6   1.3379478574725798        8.5315729536697269        8.1565116533020525        2.7653502783401867        9.1627362667365979        6.6986058463396034     
         235           6   1.4772885859974658        6.7735933197662241        6.6804548355814068        2.1188329899805689        8.0738861045015451        7.8139841009182858     
         236           6   1.4908622335131279        6.4306317137256270        7.8195674746127803        2.9997856085048054        7.6823749106980861        9.7066787997442301     
         237           6   1.4109062280052340        9.4913603807300326        5.8539317123336714        2.1414087237782216        8.0829901989893607        9.1327896174769858     
         238           6   1.3851767092133873        7.2611951153427361        5.8728041394891211        2.9211704318064076        7.7603200206787974        6.1159445222753570     
         239           6   1.4126054666904730        8.7376989786654722        5.9752721558714290        2.4029651598923558        9.4039808070219078        9.4056678781206724     
         240           6   1.2308708260861225        7.0701896746397015        7.7786139019589875        2.2523829577292220        8.5066727302430429        14.682459931961725     
         241           6   1.3515808410418220        7.9537736338838938        6.0448802563458681        2.6922089712736659        9.7313354102581453        8.7008885880198790     
         242           6   1.5178961323466151        8.2082413761124027        6.4882046114761378        2.8623213011266571        9.4398126923099017        6.2055758843740909     
         243           6   1.4877673427671194        6.5574601204901937        7.6996476583503188        2.1342958987168501        9.9676048400462047        6.0361184174034275     
         244           6   1.3180750730146653        7.1257162855491050        6.3768046745233233        2.5185382470400723        9.2358899455939838        9.8845736056405578     
         245           6   1.3219611877427435        7.5823332083195449        7.0087135383857415        2.2315620180195568        9.1225388785643968        7.9498742358561145     
         246           6   1.3240702516897580        6.7273219039246444        8.0812052067223927        2.0918334996449572        7.9999584417566325        9.0894339943621301     
         247           6   1.2897750727568753        9.3860049661472438        6.8796754218749703        2.9077694645557552        9.9992668544308749        8.4383377267443560     
         248           6   1.6028647166230714        8.2445100709393611        7.6001246140725911        2.4423406337762437        7.0682177374416026        7.3309037444700955     
         249           6   1.2638788293723018        8.0479718408748511        8.3651387858698154        2.2877299313830024        7.3832192684846598        8.2721437461997844     
         250           6   1.2690382367944344        8.3701568924352525        6.4275642231201751        2.4812657819361328        8.2651541875732786        11.197718573800287     
         251           6   1.6056210175797343        8.2894351281568408        6.6218224400255830        2.9938339560108447        7.7165095168855418        9.7190817514101511     
         252           6   1.2632272435351275        9.4125402322694658        5.7756009386213494        2.2729391463769506        9.8405782612337180        6.6001249100596171     
         253           6   1.2418168989099561        7.7364764521971345        7.1201152578875426        2.7424751556431501        10.122986533212032        15.011609665095806     
         254           6   1.6628081357094457        7.9885878769487135        7.4143621622186160        2.6441238673764094        9.0569762890820300        11.917231934677577     
         255           6   1.2231561430846341        6.8172215262994174        8.3693207251064479        2.5829935570509637        8.8853948583478530        6.4843146857605314     
         256           6   1.2929847856759094        6.6869504298061138        8.2718981431588539        2.3921993059703053        6.4396626016536773        9.2424788650646814     
         257           6   1.4831406669820659        8.7943220205619923        7.9258331969650468        2.5661810863434984        6.8635333850138265        8.6051525023544677     
         258           6   1.6336785712125712        6.4408308952480562        6.8278092053461812        2.9365552217300888        9.2830208404101295        13.160562434071442     
         259           6   1.4439164670419879        7.3988576957389718        5.9463447365673252        2.0994075856578722        8.3962022696017140        7.1608362993118355     
         260           6   1.7614440056350082        9.2993893917709585        7.5482020981233573        2.3040721255769205        9.0695309004791635        8.0897747428764131     
         261           6   1.4645720481069757        6.9849803370833401        6.1456419540021567        3.0214172226076759        9.6394935673107938        4.2236948182908813     
         262           6   1.3016934444456361        7.8015335531041030        6.0572092488262799        2.0421497709484306        6.8912385439418902        11.313099427916807     
         263           6   1.3883474656999111        8.9977612732261427        8.2295744379850095        2.3480582504383096        8.0065943129933164        6.4684820638257072     
         264           6   1.7704476856403053        9.0927720689907670        5.7722410190762954        2.9356573653361111        9.8173363149056758        6.0762474661120205     
         265           6   1.3900393629301340        9.5611110814377653        6.9362086141049861        2.7794255054519694        6.4227554405433027        8.5898818429918027     
         266           6   1.7760729712212457        7.1470960805878043        6.5764935785021628        2.3992999450850951        9.7962502238205733        13.730982980142347     
         267           6   1.5536382580719887        7.4305468601375821        6.1981780280387033        2.1368366775602285        9.8736609410226901        10.493063790052197     
         268           6   1.4003878945704549        9.1385423999860880        7.7909994344165545        2.2568607474366575        8.9996974260316698        15.228745729337911     
         269           6   1.5887900964243338        8.3984967094331964        7.5609539629990241        2.1515309518114845        7.4271660212282038        9.5752214940434790     
         270           6   1.7136171970968135        7.7634137746274474        7.2700626527231194        2.3520548727838970        8.1204228000216379        9.7438671687028826     
         271           6   1.4051815331180579        8.1573993275895731        6.9851922195700933        2.3595727383706531        9.6190633147347722        6.1813471102833280     
         272           6   1.4934379871358163        8.6450249492421758        5.9541334966355937        2.8036534140999430        8.2901394487975217        13.713577097191708     
         273           6   1.3817927502891048        9.2266722371220595        6.8681830123862246        2.0337319107146095        7.9940412743283158        13.833681965011639     
         274           6   1.6878447859413923        9.1988440949872139        7.0397489912932736        2.7932435287181101        8.2436102352091201        11.610593627373223     
         275           6   1.5274556740474887        7.0363909917980427        8.1319066905645645        2.8934314862142498        9.7188748773225075        14.625661019856809     
         276           6   1.3568226049980148        9.4467337343335149        8.2407081782674414        2.5745079573157428        10.462619860465592        6.6429283186816619     
         277           6   1.2509673808607273        6.9281855346843599        6.4730435115560887        2.6599143528167528        9.2467287184432667        7.4774160129164811     
         278           6   1.2299350727059877        6.6034853756159553        7.0706233821501954        2.2250762937170543        7.7791232574012126        12.356884138267954     
         279           6   1.5483430279433728        6.4366445386409765        6.1291705846749247        2.2987992640826755        9.6595503142772898        12.288998489314924     
         280           6   1.6735340793784708        7.9108411002367740        6.8403745128734039        2.2084748160752095        7.4622404012622399        4.6862583048078239     
         281           6   1.3211004126959480        6.4166225235357892        6.2034421386741094        2.3332470062907875        8.8475334904025207        4.2622351513546892     
         282           6   1.5571598821165971        8.3329891504466538        7.4287710372075439        2.3151883763131407        6.3144911417254663        8.1629373242326544     
         283           6   1.7748715129894204        8.3265089454025034        5.7997768886191761        2.4944229520282706        6.7294786041866237        10.507502953723771     
         284           6   1.4435174273899756        6.8383651261031630        7.2450871392855420        2.3751894010837562        10.212840370201551        15.357487200598932     
         285           6   1.5725146406815389        6.5219421252742409        7.0327535814350473        2.6374672164771611        8.8296184275442542        4.9524615626635491     
         286           6   1.2670098995187320        6.9446033549636601        8.3989686179434884        2.6582214469155945        10.433300822166586        5.5688521064331287     
         287           6   1.2757675085560418        9.5921361383199688        6.5363339012587440        2.6871671800709049        6.8320682098289574        10.823683230944678     
         288           6   1.3069162333619782        8.4737530791252844        6.2064981002233921        3.0101603177510761        7.8738059211517539        13.783085396965500     
         289           6   1.7200924291782080        7.9040644116386769        8.1693946471815924        2.9218214728111027        9.9524730623714515        13.912287146114044     
         290           6   1.2347861824871040        8.5130424537524583        6.9072514468476172        2.8273273536576049        10.260212395486793        8.4852134412066089     
         291           6   1.3955977076740935        7.9968950371667740        6.0104023529786614        2.4273279508221988        10.164161431545910        4.4857738759403576     
         292           6   1.7441707707714289        8.8103551342308517        7.1904923775015401        2.4454662320564404        8.5799498220484551        11.005423199249199     
         293           6   1.4954087017511017        7.2334909539595245        6.6331308615097777        2.3567262722521085        9.7812544330742437        8.4023285815308331     
         294           6   1.4845649810512549        9.2828590200275176        8.1127978944154453        2.4663440643728709        6.3935771969431263        7.3907697928729457     
         295           6   1.5582432733305729        6.6458014269262558        6.7844643616590652        2.1230261349393800        9.4830285060202275        14.895786703669234     
         296           6   1.4138978841226548        8.9809642640143625        5.7178719616886227        2.5337125530788862        7.7715883116928808        12.443332052327692     
         297           6   1.3056816173647530        6.7364127448126672        7.2077056291174149        2.8575185615284555        9.3224192913934303        6.8779873043170667     
         298           6   1.4389452752960847        9.3580552323818207        7.0187087023504073        2.9184098423655795        7.9168739978393816        14.047476085952949     
         299           6   1.2861104298706165        6.5653187568902975        6.9271788536431265        2.4756922489070794        8.9305497795164062        8.1925750286246171     
         300           6   1.6799123079288751        9.3968229574978341        6.9657071456635373        2.7726641945932338        7.6940909859283959        11.840887668739770     
         301           6   1.4090733148472385        8.3737278628408909        5.8453497303243722        2.2478715131103710        7.9361034669026029        12.631056663834956     
         302           6   1.5412346901680343        8.5819401052773010        7.6755206515125938        2.8662057749135421        8.0454651809451878        13.232852058426710     
         303           6   1.5253342471282929        9.4605408487051719        6.8571003269284967        2.2232604727700442        8.3476917810846771        5.4323825364371299     
         304           6   1.5888142145287245        7.3457559361115097        6.1653347715210174        2.4278029902960920        6.6486725286658617        13.757780463257106     
         305           6   1.6958736945829354        7.6014578026995059        8.1596226185027518        2.5419776296556185        6.6958301919890983        13.403210638955702     
         306           6   1.6249574210459368        6.7179183962777262        6.5580882315294815        2.0637490280414652        8.0679625500246797        15.271555005730363     
         307           6   1.6330335925161841        6.4658751518219715        8.0127641920359807        2.3618098750860241        10.326445761750723        5.3843458017196975     
         308           6   1.5337012899415565        6.4239100869998333        7.0773211763119326        2.5294522211275527        7.7546198175120402        8.5644656410925091     
         309           6   1.4942770227039233        7.2990693383336067        8.2220872018093250        2.6722648062246668        7.4863164508165143        13.130869527497328     
         310           6   1.3124632358897477        7.4613707026734950        6.2467763637989755        2.6636674771774467        6.4567145256425951        14.880880719044944     
         311           6   1.2255363290542738        6.6732535997942088        5.9255287145895874        2.1976083596031271        8.3616602892139458        13.299674642755186     
         312           6   1.4295885654106737        9.0360180658370250        5.8270381535375488        2.3532840697196216        8.2726230813162402        4.0825646526236090     
         313           6   1.7794579647570847        7.0598569345980886        7.5682226324636490        2.3387113680871017        8.4347558392602071        11.427963278452399     
         314           6   1.2367249285879545        8.4194803546041257        6.0918679000616072        2.4588873472348132        10.152616958548380        10.422848685803590     
         315           6   1.6386055487005970        6.8306564393833282        7.5162101587763059        2.6938252013210202        7.2006731244908080        8.9021025401158251     
         316           6   1.4681694127189926        7.0806048469334844        6.9488603593816984        3.0154934956227430        9.1761775281374209        12.388320342762862     
         317           6   1.2648566006574780        8.8696460393726841        6.7328318687967963        2.6173955618286784        9.2004644499122161        14.831761243146843     
         318           6   1.6353583162564784        7.3625247365474706        8.0005337909517813        2.5030156721156551        6.3822343755360604        11.281428243543720     
         319           6   1.3542187085623851        8.8810040336906901        6.0152893209166827        2.8090147671129926        8.9600475253472318        9.0739499577051017     
         320           6   1.7096162671876141        9.3338138165667637        6.0059134944463146        2.6006676596972720        9.9262772727069724        4.2708417301315347     
         321           6   1.2973879478336312        7.7861791914373635        5.8403872113114215        2.9066919010916630        8.7189777851621759        9.6437410851763570     
         322           6   1.7227197375716641        7.2033785487771036        7.6652199179498481        3.0059826855952290        10.106663657286642        12.076194155500502     
         323           6   1.3480685206297784        8.8997977082759157        7.4798243414834138        3.0190515477006139        9.5878564577152297        14.971412364071702     
         324           6   1.7822757813538426        7.7037620766282080        7.4579820880502457        2.0533734135312960        8.8604275180451797        8.7361029610142573     
         325           6   1.5866251516968013        8.1444476421013476        7.7358899649085489        2.4787998197642711        7.0364110300265619        13.370982772502582     
         326           6   1.4121871819082648        8.1609981264278293        7.8470846657617015        2.9291713682885190        8.1919525913725000        13.308371443636251     
         327           6   1.4372954738770611        9.2753814031004911        6.8016312424393375        2.4415902936337512        6.8091401365900364        4.4025541343037036     
         328           6   1.3418334795436822        7.7455977099537847        6.7518517126169062        2.1330168862114842        10.423707784103081        8.8816991980422753     
         329           6   1.6531728098480032        6.9032245842769751        6.0941662185387679        2.7977079446717257        8.5364212736050735        9.7916732141056571     
         330           6   1.4219743077040650        9.5373017351463432        7.5813713210351770        2.5391030000282919        8.0258951182228415        7.0712410971459470     
         331           6   1.4248056474549695        7.0111570847779516        6.7932826850960026        2.4632611904571764        7.6564308792030342        7.0243541427899618     
         332           6   1.6163884344250894        7.5848282200872896        7.6436423543380583        2.1886612394154628        6.4882102972559998        6.9297050759522243     
         333           6   1.4068511984878220        6.5330385073393584        8.1850209714302782        2.8362598444773255        10.194694075054359        4.9210807702869639     
         334           6   1.3165248104908505        7.2093595259100205        6.3010648837672543        2.1129375728326663        7.1089182315051369        11.650770314157009     
         335           6   1.6235896010460333        7.2722450850039726        7.0961948318390178        2.7326557477892748        6.3362880769678203        14.237117282165215     
         336           6   1.7078829763063230        7.8931328665882345        8.1722019354591158        2.0754880932801028        7.2911045825224878        9.3146436411598703     
         337           6   1.5232345414225010        7.9218827996745711        8.0717298551715917        2.4832880971279181        7.7338058136204859        13.467210919041653     
         338           6   1.6490288675897755        9.1297920209228991        7.9006346512576577        2.6893537479065825        6.9008298675692119        5.3715843942735813     
         339           6   1.2956661689428612        8.4865309383913878        6.6650698559245090        2.2058413448712413        8.6666881511435108        12.140576160876780     
         340           6   1.3919217924786731        6.7416623305767773        6.7297410631041972        2.3862229080703483        7.6602700828679273        4.9794913923318962     
         341           6   1.5105997975124046        8.3251658902376899        8.2582416477978242        3.0084285431879199        8.6309900972559266        14.093964020145359     
         342           6   1.5070898743053898        8.6081156908527028        5.7886443724161012        2.1683771579637190        9.3836253701063850        11.929708453696920     
         343           6   1.4882678709053434        6.6674983448743816        7.6120583101158967        2.0817711096660325        7.8182627027768969        4.4706270653288813     
         344           6   1.3021318491459826        6.6101711067780853        6.5032841520061710        2.9147188216354043        8.9365025604345423        11.472412898235723     
         345           6   1.5804135236886330        7.2657184103310106        5.9059873520024118        2.7277528848542274        7.0282778571810898        4.8181634228473991     
         346           6   1.4314562785296701        7.3049904432296762        6.6013019897757097        2.6970226311115919        6.5647010207092853        11.239664790271549     
         347           6   1.5323320926868358        9.0075852665558447        6.7883263658439743        2.7355451758901963        7.4218262435132631        12.063244762503542     
         348           6   1.7347556840088219        9.0193075624361629        5.7255978899890554        2.4615643273794836        7.6231915229997540        4.7666602734024632     
         349           6   1.6926652757135219        8.2025672636374818        7.9098291891552517        2.7092707066064139        10.148013079274268        10.759422968719154     
         350           6   1.4334315758323297        9.1396328956574191        7.6901834780605514        2.4316757170513181        7.1016852982977268        15.165175679052016     
         351           6   1.2617052470815366        7.2878244780629871        7.6066046222761283        2.0890929520942638        6.7888705589986920        9.3451032526653712     
         352           6   1.2379522391145117        8.1304153122618796        6.8131825094897298        2.7587985840818567        7.5512490957460177        6.5725895498385647     
         353           6   1.5785663279048168        9.2902453271716841        7.9961884759342308        2.6045558042904826        10.054740691328822        9.1145962685926349     
         354           6   1.4804110984333791        8.0297910210385925        6.3135530467264349        2.7746218233471178        9.6973083242189233        4.8551498853228985     
         355           6   1.5974871176443062        8.1681173543199890        5.9145959335062654        2.9925417516573982        8.4849393329059417        4.5778333290850277     
         356           6   1.2277631449783222        7.3259084293305872        6.9804185871230437        2.6308918543214910        8.7531245798997723        9.0433660448831503     
         357           6   1.7186133321907371        6.8722278390377767        8.2081518347464506        2.8709511646541390        8.9237495446621633        12.887143451659243     
         358           6   1.7974004404434933        9.4144954549938440        7.4050720474049445        2.4730763414897212        10.374289026625449        14.518498874393991     
         359           6   1.5820324595421551        8.9607424486592429        7.2276303800284865        2.6073410933796870        10.467953701280916        15.071576663243352     
         360           6   1.7394106706905177        8.5919937237858761        6.0362318453164772        2.8499932780790145        9.7706757359033176        12.459622237181524     
         361           6   1.6305886656646615        6.9156871793031689        5.6549189640121531        2.1635674272831062        10.057035146006047        15.115117389625638     
         362           6   1.6817646073099226        7.1208602136626844        6.5839522128153591        2.8772204865787083        7.9288041227782280        4.6160558997190089     
         363           6   1.4009780639394185        7.5529314652338622        7.0814269787469879        2.9883828250523190        10.425212476149651        5.6499832399568986     
         364           6   1.4482501964472234        7.4681772392809398        8.3445961294116469        2.3972342079755382        8.7754088326752075        12.271438528892585     
         365           6   1.5996911289445124        7.6958689237177369        7.6837919897766787        2.5276700048415548        10.039897728169095        14.939148975542979     
         366           6   1.7373380323547871        7.6778921343460684        6.8179160988247025        2.6437862807958479        8.4579342005712306        6.0522645653553768     
         367           6   1.7745319176024759        8.7562543527603154        6.6880297236857933        2.6983111507281845        6.7471665113497057        9.2601259747839073     
         368           6   1.3627296894265337        7.2492150898471470        6.1594987983310592        2.5759107499869631        10.222546472372791        5.0734359450249471     
         369           6   1.2734145622031763        8.7043544000685227        5.8970074283448977        2.9972574782303343        10.139210952983275        10.979664661629359     
         370           6   1.3634917340948247        9.5994729576513151        7.4616255330577497        2.8397525622017121        10.404039025213363        6.1738903611938003     
         371           6   1.7779255931094291        6.8860623016446825        5.8880671733267604        2.5970583640897087        8.1737550841100788        14.320977343108273     
         372           6   1.2722186799494550        7.1660676433533430        7.9446927645476535        2.1611240660315376        10.224767692464640        5.1291456242823044     
         373           6   1.7580161423007958        8.4496773582056175        6.1111858298018573        2.6058606842384111        10.277228334424207        15.206500514941290     
         374           6   1.7943608787688428        8.5513331329166888        6.2307832144927229        2.9300185142903215        9.8109625445951227        7.6903654328263364     
         375           6   1.6519996810745448        9.4399191157281397        7.7178962218053639        2.5697796562475990        9.7889860496552838        5.7569966521712486     
         376           6   1.4456764195159075        8.2861428881362080        6.9043136016597977        2.5594239082194772        7.5679478962375741        13.495714474955108     
         377           6   1.7665490497637539        7.7122395422130818        6.7717910565506667        2.6549497943374138        6.9375372943341587        5.3234615088631401     
         378           6   1.6546179694821126        8.1895136852979675        7.7167350654663514        3.0151480928843934        6.7221545106529996        13.280007314318560     
         379           6   1.2154260195566340        8.7924331762090322        6.9138008088985456        2.3160233589348755        7.3718890534739101        11.449387477735289     
         380           6   1.6130917959879152        7.5739683403193956        8.0508938629359008        2.9901342612058670        6.3940781278245051        13.667221696525580     
         381           6   1.3753410650870763        8.8459570377662775        7.0615330628259105        2.2904460482420119        9.3685561556779078        12.752095088317759     
         382           6   1.5589212335463614        8.4837089439898730        7.5494189832769329        2.5849357635310759        8.1441732867445840        11.067608663759426     
         383           6   1.2092834015336817        8.1845524203613405        5.7828316801145672        2.6141607778057452        9.0083319060985048        4.8797624857632904     
         384           6   1.6870410057119094        9.5482068439036620        7.3236237149039285        2.0624617070795783        8.4401840626172486        8.6619911576427988     
         385           6   1.7537583877248690        6.9514533019959925        5.9723320469755681        2.7228259153444037        7.1623459579919180        14.762751472260105     
         386           6   1.4562808055534027        8.0174046537071462        7.9738774726854640        2.5448193315836325        7.1383360874443920        11.549777910060948     
         387           6   1.7799264410359783        6.4481409063324335        6.2834798558190466        2.1053762576865220        8.1072410243641393        10.063570961528692     
         388           6   1.3798918366609141        7.5414386049792173        7.3682531115528196        2.5667323047452602        7.1767550464014152        4.3584021408993285     
         389           6   1.3847395192061551        7.7287045213475825        6.3818607505893334        2.6997460401179825        8.9113441810327529        12.758945013906574     
         390           6   1.3355989825230092        7.8279077619954940        6.6090839890826487        2.3005898325456493        8.1588948135821280        11.028709218791919     
         391           6   1.4621532038765028        6.5755786797806621        5.9511937389399856        2.2815820881158113        9.7753654321135066        5.8756849862118257     
         392           6   1.3398915900592692        7.4693310435935851        6.4548454192461451        2.2418391165398801        7.9846144858084154        13.529200004468672     
         393           6   1.5628076263750903        8.6057623453453171        6.3176757941786201        2.2102372116557789        7.4366915322380462        8.3014774876458102     
         394           6   1.6108351346528158        6.7694992041736839        7.3116411776082586        2.2509936405527871        7.8675695690747673        10.943391513952752     
         395           6   1.3603059052021242        7.7582771007403730        7.2034002123227339        2.7105801108808443        7.8900040371767792        5.8501423451364971     
         396           6   1.7267541689836421        8.6859980755791053        7.8325975056057802        2.9552025580110861        7.8419179001220547        8.7659704258244027     
         397           6   1.4362649397147820        7.6077356835335497        5.8099012488963080        2.9478152325571236        7.0427930384783481        6.3876059399964289     
         398           6   1.6410966455256568        9.5101751190364361        8.2488398958811544        2.5497934196428673        8.7869357453397523        13.938957876441767     
         399           6   1.5522612936568447        9.2595512764245278        6.3242704147467386        2.1425221114440260        6.5119608093279089        6.5144078739145765     
         400           6   1.2156647290477529        9.4779058343380687        8.0161567413032060        2.9680436029501260        7.9487421052932081        5.0565768074360671     
         401           6   1.6457102305971085        6.9693796622991568        5.6201401314038781        2.2680641336228229        9.0488471771881631        7.1412530467167956     
         402           6   1.6696720470808446        8.8406958173617713        6.5444249550474805        2.3202776509008372        9.4540078585770910        10.455987481829245     
         403           6   1.4966525607621297        8.5603775780916198        7.4206407603159548        2.2365969662203362        8.6181662687210032        12.661176842150978     
         404           6   1.3161173583031631        6.8619023378863933        6.0845878098204729        2.0559257743726391        7.2081786157498966        15.396683816413395     
         405           6   1.5614128057164138        6.4554426824867726        7.4467449290031569        2.4695183848313800        8.7104163861645798        13.428021260054550     
         406           6   1.6295247467944398        8.5443316865921020        6.4370007546590644        2.2831578638263044        7.8574826023960860        10.554149324694881     
         407           6   1.6318621664998121        7.8139105208441615        7.1866007287314160        2.2496113676345346        6.5102336381592920        4.5651461286649573     
         408           6   1.7244711815248246        9.4282506778746829        7.9747647486243398        2.0979958892649968        10.096972088382035        14.704902909452327     
         409           6   1.6483275614415296        9.0260848316490634        7.8056356973402208        3.0473390723879819        8.8193960788723960        11.186018673387588     
         410           6   1.5639183471679690        7.0982687184959650        5.6712392297213894        2.2424546995382379        7.6901545186421876        13.252502385101746     
         411           6   1.5452778096956201        8.9919892143651836        6.2953647933015597        2.1737373049110356        8.5691909569278906        12.694726497775410     
         412           6   1.5845957316602581        6.8920857531905177        5.8228176789458841        2.5723155551624575        7.3583158184830708        9.4263581709736020     
         413           6   1.5607196358438582        8.3874660472810270        7.1427352143049250        2.5227609422964505        6.7731275113052494        4.3605359759996638     
         414           6   1.7461322567853146        8.3595957822859290        6.6042480355121196        2.1920926871086004        6.8875976690463112        11.880607132675127     
         415           6   1.7629109770252369        8.2546407770216472        5.9244922272408385        2.9654240150911080        7.8997942993611003        5.8138318402166478     
         416           6   1.2222731544113719        9.4901674636736519        8.3502565935062254        2.9450318576945271        9.7247606204149069        6.9018449008211027     
         417           6   1.3800318963554687        8.8862231294333931        6.2398823162171988        2.3800696236998493        7.2341034141478175        11.802683843564475     
         418           6   1.6688142942370847        8.8134019436433899        7.0898875932538878        2.9009152607257196        7.0787059890130806        14.397291273758979     
         419           6   1.7357031431104055        6.8769967437565329        5.6593209909444671        2.5005214364024160        10.321310824278569        6.7564375675623305     
         420           6   1.2830137714731507        6.8982274540364745        6.2590295321088290        2.5537552182573822        7.5990042085891538        7.1169522505362979     
         421           6   1.7989548325820826        6.8496224261119965        6.7471805604990571        2.2663298533705714        8.3408354352020933        15.144473441926996     
         422           6   1.2078657965973951        9.5686721717596050        6.7644964349642391        2.6674550975534226        6.7821024472294003        6.5286052372965502     
         423           6   1.4547842425379902        8.4942175984799846        7.1261708696849650        3.0492314975208417        8.9842832637331540        11.292247736922931     
         424           6   1.6214295132670551        9.1473761503502722        6.3669513389740144        2.8287625912873167        6.9082508866202836        7.8347295397997367     
         425           6   1.5135026074756868        8.5102746248185621        6.7172051844034337        2.0601807880960963        10.184546644695368        14.566346503176261     
         426           6   1.3764332019617782        9.1538281006604425        7.2300937103243541        2.0365489321950916        9.6936496628983821        11.119277628980111     
         427           6   1.7331692099969835        8.4113337059661735        5.7085474451076230        2.4508454479722492        7.5587680871318135        15.337601147367385     
         428           6   1.2700685801099987        6.6569795666590341        7.5029384982842950        2.9765268331457952        9.3557654244342583        10.299947218999266     
         429           6   1.7695500199615026        6.5373839227482682        7.8541129483344037        2.8888479825399349        8.5044361566353306        13.801952455857304     
         430           6   1.6434077428872698        8.8232262694597257        6.7053338955508544        2.4123919584580418        6.6755244939657805        8.9413633934219821     
         431           6   1.7276094228272325        8.2735541820496330        7.0123648096151658        2.0849890552710835        8.6064641911278397        6.5472013298880771     
         432           6   1.7325958172807470        7.4491495505839582        7.1998314989103003        2.0511577820973095        8.2262761461677680        12.411558808551868     
         433           6   1.4191960629628970        8.3522331679806108        6.0028933008700607        2.9051342729551530        9.0931832058204005        7.5289487066566938     
         434           6   1.3588305814990775        8.1368241963282220        5.6456886794764545        2.8146504254945737        7.2236181381682263        8.8673939476932873     
         435           6   1.7170222417705692        6.9424960203811521        6.8536467594545334        2.1382734942332093        9.8517048234420876        5.7132818598102313     
         436           6   1.2516022714527324        7.8200837365999822        5.9116070420078932        2.1299203465950858        9.0247071225112983        5.2771665826458483     
         437           6   1.2803672596894204        8.8940372655227780        6.6376832575391980        2.4325848824526086        9.2579468356251997        9.1584565053645051     
         438           6   1.4632621296476573        7.1503619805425407        6.2806070780990639        2.7123967541916016        9.1072637054502064        8.5451524714839184     
         439           6   1.6092519496005959        6.7852360696002849        7.9686874759923674        2.3962221675794289        9.8848327840502890        5.7171529355009545     
         440           6   1.2434110934986731        9.0785307760983702        7.3867431930575522        2.2705612430396860        10.350603119850643        13.380139239798533     
         441           6   1.2200176515318455        9.5332457109019160        8.0598361637858673        2.3019744492721834        9.6105936920029578        5.4088461219561283     
         442           6   1.2947905149419792        6.4624429357334972        7.8808786283131695        2.6506148178885502        9.4467630348395826        11.335148379237857     
         443           6   1.5079882701046765        8.6297532782763238        6.0798616282936182        3.0128138605652843        7.4079517272801141        11.715503484038402     
         444           6   1.2457982972745785        6.6124003992944962        6.3074980554815383        2.7069179290746339        9.1914569425355541        11.506212972398382     
         445           6   1.5856854855800047        9.4063263874113563        6.2680700999971481        2.4545238162914478        10.022601122060534        12.012177831531270     
         446           6   1.7416724682404661        6.6892382388487466        7.3406620585091416        2.6256299654846824        7.8304034410713141        6.0136781401012565     
         447           6   1.5122996274112723        8.0679003170534962        7.7709214943351235        2.1904600562079342        9.8974454011194126        13.540707803884288     
         448           6   1.3100580597345717        7.9747744723737242        6.1929086140312251        2.9236436590896266        8.0938110500507765        8.7987576711776203     
         449           6   1.6464427473345771        7.8785260896608236        6.8463136881357052        2.5553732295052334        9.2615798842104144        12.999444823299767     
         450           6   1.5946850431144237        9.0627780010029682        7.6496222291860736        2.0675362054462356        10.237928572917884        4.5278930600583553     
         451           6   1.7925293674204497        8.1507523397654289        7.2873242112768821        2.6275196978507096        8.9503553454081768        13.487977920129429     
         452           6   1.7067770833016371        7.1320255484506490        6.8330251514960079        2.6608626620294524        9.9941526357972670        6.9591152573584107     
         453           6   1.3733294409566559        8.9084095787152648        7.5041651439510293        2.5165762899346462        6.6808654431063301        11.662803140508942     
         454           6   1.3778033504423686        9.0955599917396910        7.3783439265627422        2.5091771382185257        9.1098872560287827        3.9718122837275729     
         455           6   1.7646942112645134        9.3175846542224274        6.9733837347706773        2.7692075804192200        7.8063854742036716        7.8591081075943077     
         456           6   1.7835941459801048        8.9699909395888451        7.2163597871804610        2.8861164664514920        9.7380387130703969        14.130862563067115     
         457           6   1.2040663013594226        8.4085102203339339        7.7038544663932180        2.8678653597414954        10.104844669830854        5.0031239298249126     
         458           6   1.6900907229823061        6.5427961001604791        8.3098331295307730        2.4533918577885721        10.482800637410357        8.4726581707710871     
         459           6   1.7528231719577685        8.2946206263631570        5.8347996604474259        2.0745396366913615        9.1464924097965987        14.790425176242600     
         460           6   1.5705308360667898        9.0398138995707029        7.0485059997055686        2.7159350945839940        8.8957922348899032        10.625505079938332     
         461           6   1.5117902239437215        7.8893341371312742        6.1013406878307457        2.4896462705236022        6.7551770931314206        13.213241362424334     
         462           6   1.5093524158456362        6.6402694750174884        7.6319975231442605        2.5972558691957870        9.3956542816782687        9.5309938398895326     
         463           6   1.5159537948299200        6.6300261459469798        8.0221741803506408        3.0419964260765626        10.414955186986123        7.8086355951081492     
         464           6   1.6403022904062643        8.0572003038108342        8.0577674734795472        3.0393643430616049        9.2120646554440633        6.1428496769319754     
         465           6   1.4917369285681286        7.8755494573548432        6.6278506446041172        2.9714787042498121        6.3626044873508709        6.6259685532059516     
         466           6   1.4377963486206717        8.7486512541398405        6.1422517333669591        2.4392171468893249        8.8513406132047159        12.849211771560599     
         467           6   1.2841365637438371        6.4936808202698826        7.0638200930513442        2.0472118379786237        6.5951851498177216        8.2374401106550366     
         468           6   1.6638453723195008        9.4700791950389753        6.4106776729017492        2.7779721239530759        8.5520149423159655        7.8962872825395314     
         469           6   1.6127027115200645        9.3802230808138845        7.0272064686067406        3.0246991163340953        9.5102537180374096        12.983123689308529     
         470           6   1.2817000176449307        7.1086801191598177        6.6157740360463038        2.9160449012433176        9.9442620886057895        14.363945618415485     
         471           6   1.6932732899799943        6.4968498846843845        7.1515742802346125        2.6793587765320015        8.3222102842946626        14.949492944328346     
         472           6   1.3259858728945255        8.6801689559698101        8.1236712888250135        2.1810124578253083        8.7039158472143203        12.328250785008306     
         473           6   1.4834292317208835        8.2772317633792749        7.5426150628296664        2.7464252043096624        9.7565306721899336        6.6637016579001216     
         474           6   1.5468472478628159        8.6745315466135740        8.3593785689497366        2.8416166157651039        10.255464809891414        14.192715692140164     
         475           6   1.7982220023804345        7.7735471729651096        6.5180736359037459        2.6393748404230082        8.8363796309625915        6.4136104456018659     
         476           6   1.3229757070594468        9.3704041572868828        6.4158346805494277        2.2390575607522480        8.6953240267120222        14.011865494376980     
         477           6   1.7864448509213515        8.6979765871047974        5.6317742063187053        2.1692034504223150        6.5331694339401691        7.3649936336649109     
         478           6   1.5562808723984285        8.2214837919339541        6.1702692612800742        2.6221211839778720        9.6639760608041563        11.593346473600715     
         479           6   1.6446840573582799        7.8452812491089103        8.0406673942415061        2.4065460300236938        7.5363426705191516        15.286713664120295     
         480           6   1.4606383254462851        7.5620434195086359        6.3698739795440806        2.9404383151113707        6.8247291659259055        10.680548993470147     
         481           6   1.3138048140018246        9.3695318668082344        6.7671548456713557        2.0801020415572729        9.4111543892966107        14.038482072005280     
         482           6   1.7313052872980945        7.9388926088422540        8.0880480203015743        2.0496819513864066        8.6009166627807776        6.8173710659171922     
         483           6   1.3549153741990216        8.4470610730215903        7.2532491609452299        2.9112831157354355        7.3296724434949736        7.2664174923503309     
         484           6   1.2250353861822747        8.0065490593150255        6.5522753631558261        2.7188171199496929        7.0831268425484879        14.590737965174252     
         485           6   1.4731917693008667        7.4258117992401127        6.4614265698119988        2.7246037578769959        7.1406979994929536        14.543062845325796     
         486           6   1.7678403114094399        7.6163065136522050        5.7523029325040058        2.4930122961226386        7.4504754406262981        8.9177312471461487     
         487           6   1.7897590470945464        9.1610193614870319        6.9432026756059377        2.0400412224647404        7.2594440240270828        7.9753674772302618     
         488           6   1.2027271460386924        6.5688254645451911        5.6155911275347687        2.2851400122792458        6.7680587438276172        6.8359145682307423     
         489           6   1.2470903872626833        7.5255979479998345        5.7349982728680597        2.7829752972609083        10.382147585679354        10.540068791647673     
         490           6   1.4491134614685550        9.1728479014918189        6.4054140310466297        2.6105890017164497        9.8905400261077361        7.7298128548939715     
         491           6   1.6645583761434071        8.6221286400422450        7.6687893819531432        2.9798298534929941        7.3963117939573468        10.738861565693515     
         492           6   1.5546955331635661        8.4605788396820429        5.6030382071427995        2.6358138920493515        9.6456710214136212        9.8268374328913630     
         493           6   1.6548621355192736        9.4219589558690782        6.9193569220306355        2.9962797362368367        8.9717636233959013        12.673513266021851     
         494           6   1.7516573775890283        8.0404877808138728        5.8070335194628679        2.2942826535588501        10.310512470603761        6.2606711909002630     
         495           6   1.5767501680215821        9.0027051776975391        7.3951853897960858        2.8339689276190008        8.2335132467292063        10.400200880304212     
         496           6   1.6592307080685160        7.1822506060257556        7.2916890794163569        2.5786136830567847        6.6560315096382325        9.9455250298981550     
         497           6   1.7045528319083154        9.0732507686749102        7.5266365182559944        2.6125547955420236        9.9772075104165019        6.7380220055517270     
         498           6   1.3580057773182168        9.0471351845607142        6.8082573024434971        2.4074412742012927        8.4681181439550119        13.566175665622810     
         499           6   1.3082159034932033        7.5339283729553221        6.3357644920337943        2.7962898612970486        7.7426644637891737        12.133092543796637     
         500           6   1.7566708181968891        7.9253964152783150        8.3805529618255807        2.6291229522336832        7.5419211520454796        15.310555843540001     
