1

                                             * * * * * * * * *  L H S  * * * * * * * * *

                                             LATIN HYPERCUBE AND RANDOM SAMPLING PROGRAM

                                             * * * * * * * * * * * * * * * * * * * * * *


    Run on  3/17/24 at  9:59:53.48 with LHS Version: 2.30 Release 1, Compiled May 31, 2001        


0    Pecos::LHSDriver

    Random Seed =      271312

    Number of Variables =   6

    Number of Observations =  500
0   The sample was written to the file: LHS_samples.out
0   Input was read from the file: 
0   The sample input vectors will be printed along with their corresponding ranks.
0   Histograms of the actual sample will be plotted for each input variable.
0   The correlation matrices (raw data and rank correlations) will be printed.
1

    Pecos::LHSDriver                                                                                                             

    VARIABLE  DISTRIBUTION          RANGE            LABEL
0       1        UNIFORM     1.20     TO   1.80                                                        
0       2        UNIFORM     6.40     TO   9.60                                                        
0       3        UNIFORM     5.60     TO   8.40                                                        
0       4        UNIFORM     2.03     TO   3.05                                                        
0       5        UNIFORM     6.31     TO   10.5                                                        
0       6        UNIFORM     3.90     TO   15.4                                                        
1Pecos::LHSDriver                                                                                                             
0LATIN HYPERCUBE SAMPLE INPUT VECTORS

 RUN NO. X(1)      X(2)      X(3)      X(4)      X(5)      X(6)
0    1  1.70      9.51      7.11      2.47      8.41      4.65    
0    2  1.37      7.63      5.67      2.13      6.41      11.4    
0    3  1.67      7.10      8.14      2.93      6.48      7.28    
0    4  1.21      8.64      6.28      2.88      7.72      10.3    
0    5  1.54      8.73      6.72      2.79      7.51      8.62    
0    6  1.35      9.21      6.12      2.10      6.35      7.56    
0    7  1.47      9.11      8.10      2.73      7.25      13.9    
0    8  1.26      9.48      5.73      2.49      8.45      14.9    
0    9  1.50      6.47      8.34      2.09      7.02      5.77    
0   10  1.33      6.49      8.30      2.23      6.55      9.50    
0   11  1.57      6.92      7.09      2.28      8.65      4.67    
0   12  1.42      8.93      6.39      2.74      10.2      11.8    
0   13  1.49      6.55      7.76      2.55      7.48      11.5    
0   14  1.69      8.11      6.76      2.07      6.56      4.09    
0   15  1.23      9.33      5.87      2.98      7.75      14.2    
0   16  1.51      9.58      7.73      2.37      6.88      12.8    
0   17  1.66      9.45      7.62      2.18      10.0      8.26    
0   18  1.73      7.94      5.79      2.82      7.98      12.2    
0   19  1.45      6.83      8.18      2.33      8.17      10.2    
0   20  1.30      7.01      8.07      2.15      9.75      13.7    
0   21  1.26      7.03      7.74      2.26      10.3      14.3    
0   22  1.34      8.95      6.35      2.53      6.97      7.75    
0   23  1.47      8.65      6.55      2.58      7.52      9.85    
0   24  1.45      8.44      7.17      3.04      9.09      5.80    
0   25  1.76      7.72      6.22      2.71      7.09      9.21    
0   26  1.28      8.52      8.31      2.56      6.53      9.77    
0   27  1.75      6.75      7.59      2.85      9.17      13.1    
0   28  1.40      7.97      7.63      2.22      7.32      9.54    
0   29  1.73      8.17      7.80      3.03      8.66      12.2    
0   30  1.48      8.71      6.95      2.08      6.96      12.8    
0   31  1.25      6.68      6.71      2.90      8.73      5.33    
0   32  1.70      8.09      6.64      2.31      8.50      5.04    
0   33  1.61      7.09      7.52      2.83      9.98      7.62    
0   34  1.33      9.17      5.61      2.20      8.59      12.5    
0   35  1.27      8.02      8.12      2.45      10.5      7.00    
0   36  1.44      8.76      7.00      2.23      7.64      3.96    
0   37  1.55      7.16      8.34      2.81      9.42      4.90    
0   38  1.23      6.71      7.33      2.35      9.52      14.7    
0   39  1.48      7.08      5.93      2.51      8.59      15.0    
0   40  1.48      7.71      8.21      2.87      6.33      8.34    
0   41  1.44      7.48      6.96      2.67      8.68      12.0    
0   42  1.39      8.20      8.24      2.39      6.98      11.8    
0   43  1.33      7.85      5.68      2.90      6.72      6.78    
0   44  1.70      8.72      8.10      2.81      9.03      4.33    
0   45  1.50      9.27      7.64      2.38      7.59      14.4    
0   46  1.30      7.64      7.59      2.21      9.46      5.18    
0   47  1.39      7.05      7.84      2.26      9.29      13.9    
0   48  1.43      9.53      7.72      2.96      8.73      9.17    
0   49  1.25      8.73      7.77      2.97      6.74      12.5    
0   50  1.70      8.94      7.10      2.36      9.04      5.95    
0   51  1.27      8.69      7.68      2.84      6.37      9.30    
0   52  1.31      7.37      6.89      2.47      10.0      7.44    
0   53  1.35      8.83      5.77      2.68      9.55      7.23    
0   54  1.40      8.22      5.96      2.67      8.55      4.29    
0   55  1.68      6.51      6.23      2.77      6.50      7.94    
0   56  1.50      7.50      8.39      2.22      8.22      13.6    
0   57  1.58      7.11      5.94      2.74      9.39      9.48    
0   58  1.24      8.47      6.36      2.55      7.38      8.65    
0   59  1.28      6.63      6.60      2.85      9.13      7.25    
0   60  1.28      9.35      7.00      2.54      8.31      5.52    
0   61  1.27      7.44      7.06      3.04      6.42      13.0    
0   62  1.74      7.35      6.87      2.46      9.54      6.72    
0   63  1.72      7.97      7.33      2.06      6.45      9.98    
0   64  1.59      7.86      5.86      2.95      10.5      9.62    
0   65  1.26      9.23      7.90      2.11      9.50      14.7    
0   66  1.61      8.54      6.06      2.78      6.98      12.0    
0   67  1.75      6.40      7.99      2.76      8.87      7.42    
0   68  1.63      7.75      6.21      2.44      8.04      6.31    
0   69  1.72      6.84      6.44      2.31      7.79      4.82    
0   70  1.37      9.22      8.08      2.56      8.10      15.1    
0   71  1.55      8.24      8.00      2.96      7.22      8.01    
0   72  1.22      7.42      5.88      2.40      8.25      4.42    
0   73  1.25      7.90      7.31      2.20      9.83      13.9    
0   74  1.53      8.31      7.89      2.42      9.52      10.9    
0   75  1.21      7.87      6.57      2.68      9.94      7.92    
0   76  1.43      6.41      6.40      2.82      7.53      4.21    
0   77  1.26      7.42      7.92      2.04      9.33      8.15    
0   78  1.61      6.48      6.66      2.70      9.86      10.7    
0   79  1.68      8.92      7.76      3.00      7.85      11.8    
0   80  1.58      9.39      8.14      2.18      10.2      4.72    
0   81  1.49      8.31      7.96      2.37      7.45      10.1    
0   82  1.51      8.53      8.24      2.15      9.53      10.3    
0   83  1.33      8.38      6.70      3.03      6.82      11.2    
0   84  1.37      8.98      6.69      2.42      10.3      7.32    
0   85  1.76      7.25      7.54      2.25      6.54      11.2    
0   86  1.50      8.92      6.51      2.28      7.90      5.11    
0   87  1.42      8.95      7.49      2.15      8.26      4.13    
0   88  1.72      9.58      5.88      2.74      9.58      10.1    
0   89  1.57      9.27      8.26      2.09      9.68      11.7    
0   90  1.26      6.79      6.43      2.41      7.35      5.88    
0   91  1.68      7.63      6.02      2.26      8.38      5.47    
0   92  1.60      6.78      7.24      2.94      7.28      10.8    
0   93  1.29      7.29      8.13      2.12      10.1      9.02    
0   94  1.24      7.61      7.95      2.74      7.97      6.95    
0   95  1.70      8.31      7.48      3.05      9.02      10.4    
0   96  1.45      7.20      5.69      2.89      7.01      7.19    
0   97  1.79      8.77      6.15      2.09      10.3      4.50    
0   98  1.64      6.60      5.70      2.76      8.65      12.8    
0   99  1.78      8.86      6.39      2.34      8.33      5.68    
0  100  1.75      9.32      5.74      2.85      7.63      5.46    
0  101  1.67      9.25      5.76      2.81      7.71      14.4    
0  102  1.43      8.67      6.53      2.19      10.0      14.1    
0  103  1.71      8.13      8.05      2.58      9.14      12.7    
0  104  1.25      8.06      6.99      2.77      8.52      12.6    
0  105  1.38      8.56      5.71      2.11      7.16      14.0    
0  106  1.71      7.69      7.16      2.30      8.76      7.50    
0  107  1.47      8.59      7.35      2.17      7.17      8.96    
0  108  1.46      8.23      7.47      2.18      9.06      5.22    
0  109  1.35      8.03      6.13      2.79      9.63      11.1    
0  110  1.37      9.06      6.04      2.52      8.40      4.16    
0  111  1.35      8.42      5.99      3.03      6.85      12.2    
0  112  1.66      7.22      5.96      2.17      6.80      10.2    
0  113  1.22      6.86      5.64      2.33      10.2      12.3    
0  114  1.30      8.26      7.25      2.42      8.30      9.00    
0  115  1.62      9.20      7.82      2.59      8.13      8.05    
0  116  1.42      6.98      6.90      2.94      10.4      5.49    
0  117  1.52      8.11      6.05      2.66      8.04      13.3    
0  118  1.33      8.87      6.29      2.73      8.69      14.3    
0  119  1.67      9.11      8.38      2.64      9.08      9.38    
0  120  1.32      7.66      6.42      2.31      8.98      4.78    
0  121  1.62      9.30      7.14      2.27      8.52      3.94    
0  122  1.40      7.68      6.03      2.68      8.20      12.4    
0  123  1.39      6.93      6.17      2.86      9.16      8.72    
0  124  1.64      8.08      6.93      3.04      6.85      10.3    
0  125  1.35      7.19      7.34      2.49      8.18      9.88    
0  126  1.70      7.33      6.25      2.31      7.51      5.24    
0  127  1.43      7.86      6.18      2.32      7.12      4.02    
0  128  1.20      7.53      6.48      2.15      9.35      12.9    
0  129  1.33      6.99      6.50      2.76      6.66      5.94    
0  130  1.67      8.10      7.60      2.88      10.1      8.20    
0  131  1.34      7.79      8.38      2.50      8.80      9.59    
0  132  1.66      7.38      7.42      2.39      6.60      11.4    
0  133  1.66      6.91      7.66      2.20      7.26      5.98    
0  134  1.57      8.23      6.97      3.00      9.62      10.1    
0  135  1.74      7.23      8.29      2.72      6.63      8.82    
0  136  1.37      8.00      7.94      2.65      8.15      7.59    
0  137  1.50      8.65      6.00      2.22      8.95      12.6    
0  138  1.45      6.80      8.03      2.79      7.00      12.6    
0  139  1.60      7.48      7.81      2.16      9.68      13.6    
0  140  1.79      9.56      7.45      2.51      9.96      5.54    
0  141  1.53      9.06      7.26      2.90      9.32      8.32    
0  142  1.46      7.50      6.57      2.12      7.80      15.2    
0  143  1.67      8.61      5.68      2.50      7.35      11.0    
0  144  1.42      6.96      8.11      2.23      6.46      10.6    
0  145  1.68      8.46      8.20      2.59      8.31      9.20    
0  146  1.53      8.78      7.12      2.68      6.43      10.1    
0  147  1.62      7.83      7.04      2.91      6.47      12.0    
0  148  1.65      8.95      6.52      2.48      8.90      11.7    
0  149  1.42      6.50      7.36      2.54      9.56      10.7    
0  150  1.50      7.31      6.48      2.65      8.12      13.1    
0  151  1.68      8.80      7.43      2.80      6.64      9.96    
0  152  1.70      9.45      7.47      2.38      9.20      4.61    
0  153  1.40      6.70      8.28      2.75      9.30      9.67    
0  154  1.52      7.28      6.82      2.32      8.82      10.0    
0  155  1.21      6.65      7.87      2.93      7.30      6.23    
0  156  1.71      6.76      8.19      2.98      7.96      14.4    
0  157  1.37      9.18      8.15      2.43      6.95      11.9    
0  158  1.52      8.75      8.22      2.62      6.69      12.9    
0  159  1.29      8.85      7.18      2.35      6.63      14.6    
0  160  1.80      7.51      7.93      2.04      9.56      8.04    
0  161  1.55      9.09      8.28      2.26      10.1      12.9    
0  162  1.53      7.17      5.85      2.44      8.77      6.28    
0  163  1.57      8.35      7.86      2.13      9.43      7.08    
0  164  1.22      7.35      6.88      2.84      8.47      6.36    
0  165  1.40      7.83      7.22      2.07      6.57      13.2    
0  166  1.54      7.00      7.50      2.95      10.1      10.2    
0  167  1.33      7.34      5.82      2.97      8.56      13.6    
0  168  1.54      7.17      7.56      2.65      7.82      7.72    
0  169  1.47      6.76      7.79      2.36      6.58      8.84    
0  170  1.68      6.59      6.07      2.41      7.27      6.43    
0  171  1.54      7.67      8.32      2.51      8.79      10.3    
0  172  1.77      7.59      6.35      2.34      9.47      14.5    
0  173  1.58      7.51      8.32      2.18      9.23      10.9    
0  174  1.34      8.67      6.69      2.83      9.83      12.1    
0  175  1.62      9.24      7.28      2.87      8.06      11.1    
0  176  1.57      9.11      7.75      2.15      10.4      7.77    
0  177  1.60      9.52      7.39      2.23      8.63      11.6    
0  178  1.43      8.91      7.13      2.50      7.12      5.62    
0  179  1.79      6.70      7.84      2.82      7.40      7.55    
0  180  1.20      7.65      7.36      2.75      7.49      4.18    
0  181  1.63      7.02      5.62      2.33      8.88      9.92    
0  182  1.34      6.62      6.26      2.63      7.29      9.68    
0  183  1.37      8.50      7.30      2.56      8.38      12.5    
0  184  1.68      9.24      6.22      2.42      10.3      13.1    
0  185  1.54      7.94      6.07      2.11      10.4      14.5    
0  186  1.36      8.43      6.78      2.07      8.74      6.33    
0  187  1.62      7.40      6.53      2.80      9.30      7.18    
0  188  1.52      7.80      5.90      2.03      9.49      8.51    
0  189  1.64      8.57      7.81      2.60      7.64      5.16    
0  190  1.24      8.07      5.72      2.98      10.5      13.0    
0  191  1.39      8.84      7.87      2.79      8.28      5.30    
0  192  1.54      6.58      8.19      2.37      6.62      8.42    
0  193  1.60      7.02      6.33      2.70      8.42      14.3    
0  194  1.52      9.55      7.15      2.22      7.58      10.6    
0  195  1.71      7.04      8.03      2.32      9.91      10.9    
0  196  1.71      8.35      8.33      3.02      9.58      5.58    
0  197  1.42      8.77      7.18      2.87      7.06      10.0    
0  198  1.24      9.19      7.75      2.21      6.99      6.09    
0  199  1.47      8.12      5.75      2.89      6.92      7.66    
0  200  1.48      6.81      6.34      2.11      7.92      10.8    
0  201  1.21      9.50      8.29      2.29      6.32      5.19    
0  202  1.20      9.31      7.87      2.83      7.05      12.2    
0  203  1.24      8.60      7.65      2.38      7.67      6.37    
0  204  1.77      7.39      6.86      2.96      8.02      9.37    
0  205  1.76      7.24      7.51      2.82      7.47      9.45    
0  206  1.31      8.26      5.98      2.59      6.94      10.9    
0  207  1.29      7.74      7.40      2.20      9.37      7.63    
0  208  1.69      7.65      7.26      2.95      10.2      4.75    
0  209  1.46      9.01      7.57      2.37      9.27      15.0    
0  210  1.30      6.97      5.69      2.88      7.31      14.7    
0  211  1.58      8.09      6.12      2.96      6.59      14.2    
0  212  1.29      7.06      7.30      2.45      10.4      5.92    
0  213  1.60      8.39      6.59      2.69      6.86      5.63    
0  214  1.21      6.73      7.98      2.16      9.23      10.6    
0  215  1.45      7.21      6.65      2.10      8.21      15.3    
0  216  1.59      7.40      6.66      2.53      10.3      4.01    
0  217  1.59      7.57      7.92      2.75      7.62      5.01    
0  218  1.41      6.52      7.71      2.86      7.34      10.4    
0  219  1.79      9.21      6.18      2.12      6.93      8.13    
0  220  1.54      7.49      7.89      2.75      6.36      3.91    
0  221  1.75      7.78      7.28      2.59      9.34      10.2    
0  222  1.34      7.98      6.11      2.52      7.88      14.8    
0  223  1.60      7.96      7.37      2.33      9.86      8.07    
0  224  1.23      9.12      7.96      2.04      7.60      8.37    
0  225  1.36      7.46      8.27      2.53      7.19      7.40    
0  226  1.47      9.34      7.44      2.98      6.70      14.1    
0  227  1.77      7.14      6.46      2.39      8.37      4.05    
0  228  1.30      7.32      6.74      2.62      9.71      11.4    
0  229  1.74      7.66      6.67      3.03      9.60      6.86    
0  230  1.57      9.35      6.50      2.86      9.91      7.04    
0  231  1.76      6.81      6.45      2.34      10.3      14.0    
0  232  1.79      7.38      7.17      2.28      7.19      4.13    
0  233  1.41      7.55      5.63      2.37      8.42      4.43    
0  234  1.34      8.53      8.16      2.77      9.16      6.70    
0  235  1.48      6.77      6.68      2.12      8.07      7.81    
0  236  1.49      6.43      7.82      3.00      7.68      9.71    
0  237  1.41      9.49      5.85      2.14      8.08      9.13    
0  238  1.39      7.26      5.87      2.92      7.76      6.12    
0  239  1.41      8.74      5.98      2.40      9.40      9.41    
0  240  1.23      7.07      7.78      2.25      8.51      14.7    
0  241  1.35      7.95      6.04      2.69      9.73      8.70    
0  242  1.52      8.21      6.49      2.86      9.44      6.21    
0  243  1.49      6.56      7.70      2.13      9.97      6.04    
0  244  1.32      7.13      6.38      2.52      9.24      9.88    
0  245  1.32      7.58      7.01      2.23      9.12      7.95    
0  246  1.32      6.73      8.08      2.09      8.00      9.09    
0  247  1.29      9.39      6.88      2.91      10.0      8.44    
0  248  1.60      8.24      7.60      2.44      7.07      7.33    
0  249  1.26      8.05      8.37      2.29      7.38      8.27    
0  250  1.27      8.37      6.43      2.48      8.27      11.2    
0  251  1.61      8.29      6.62      2.99      7.72      9.72    
0  252  1.26      9.41      5.78      2.27      9.84      6.60    
0  253  1.24      7.74      7.12      2.74      10.1      15.0    
0  254  1.66      7.99      7.41      2.64      9.06      11.9    
0  255  1.22      6.82      8.37      2.58      8.89      6.48    
0  256  1.29      6.69      8.27      2.39      6.44      9.24    
0  257  1.48      8.79      7.93      2.57      6.86      8.61    
0  258  1.63      6.44      6.83      2.94      9.28      13.2    
0  259  1.44      7.40      5.95      2.10      8.40      7.16    
0  260  1.76      9.30      7.55      2.30      9.07      8.09    
0  261  1.46      6.98      6.15      3.02      9.64      4.22    
0  262  1.30      7.80      6.06      2.04      6.89      11.3    
0  263  1.39      9.00      8.23      2.35      8.01      6.47    
0  264  1.77      9.09      5.77      2.94      9.82      6.08    
0  265  1.39      9.56      6.94      2.78      6.42      8.59    
0  266  1.78      7.15      6.58      2.40      9.80      13.7    
0  267  1.55      7.43      6.20      2.14      9.87      10.5    
0  268  1.40      9.14      7.79      2.26      9.00      15.2    
0  269  1.59      8.40      7.56      2.15      7.43      9.58    
0  270  1.71      7.76      7.27      2.35      8.12      9.74    
0  271  1.41      8.16      6.99      2.36      9.62      6.18    
0  272  1.49      8.65      5.95      2.80      8.29      13.7    
0  273  1.38      9.23      6.87      2.03      7.99      13.8    
0  274  1.69      9.20      7.04      2.79      8.24      11.6    
0  275  1.53      7.04      8.13      2.89      9.72      14.6    
0  276  1.36      9.45      8.24      2.57      10.5      6.64    
0  277  1.25      6.93      6.47      2.66      9.25      7.48    
0  278  1.23      6.60      7.07      2.23      7.78      12.4    
0  279  1.55      6.44      6.13      2.30      9.66      12.3    
0  280  1.67      7.91      6.84      2.21      7.46      4.69    
0  281  1.32      6.42      6.20      2.33      8.85      4.26    
0  282  1.56      8.33      7.43      2.32      6.31      8.16    
0  283  1.77      8.33      5.80      2.49      6.73      10.5    
0  284  1.44      6.84      7.25      2.38      10.2      15.4    
0  285  1.57      6.52      7.03      2.64      8.83      4.95    
0  286  1.27      6.94      8.40      2.66      10.4      5.57    
0  287  1.28      9.59      6.54      2.69      6.83      10.8    
0  288  1.31      8.47      6.21      3.01      7.87      13.8    
0  289  1.72      7.90      8.17      2.92      9.95      13.9    
0  290  1.23      8.51      6.91      2.83      10.3      8.49    
0  291  1.40      8.00      6.01      2.43      10.2      4.49    
0  292  1.74      8.81      7.19      2.45      8.58      11.0    
0  293  1.50      7.23      6.63      2.36      9.78      8.40    
0  294  1.48      9.28      8.11      2.47      6.39      7.39    
0  295  1.56      6.65      6.78      2.12      9.48      14.9    
0  296  1.41      8.98      5.72      2.53      7.77      12.4    
0  297  1.31      6.74      7.21      2.86      9.32      6.88    
0  298  1.44      9.36      7.02      2.92      7.92      14.0    
0  299  1.29      6.57      6.93      2.48      8.93      8.19    
0  300  1.68      9.40      6.97      2.77      7.69      11.8    
0  301  1.41      8.37      5.85      2.25      7.94      12.6    
0  302  1.54      8.58      7.68      2.87      8.05      13.2    
0  303  1.53      9.46      6.86      2.22      8.35      5.43    
0  304  1.59      7.35      6.17      2.43      6.65      13.8    
0  305  1.70      7.60      8.16      2.54      6.70      13.4    
0  306  1.62      6.72      6.56      2.06      8.07      15.3    
0  307  1.63      6.47      8.01      2.36      10.3      5.38    
0  308  1.53      6.42      7.08      2.53      7.75      8.56    
0  309  1.49      7.30      8.22      2.67      7.49      13.1    
0  310  1.31      7.46      6.25      2.66      6.46      14.9    
0  311  1.23      6.67      5.93      2.20      8.36      13.3    
0  312  1.43      9.04      5.83      2.35      8.27      4.08    
0  313  1.78      7.06      7.57      2.34      8.43      11.4    
0  314  1.24      8.42      6.09      2.46      10.2      10.4    
0  315  1.64      6.83      7.52      2.69      7.20      8.90    
0  316  1.47      7.08      6.95      3.02      9.18      12.4    
0  317  1.26      8.87      6.73      2.62      9.20      14.8    
0  318  1.64      7.36      8.00      2.50      6.38      11.3    
0  319  1.35      8.88      6.02      2.81      8.96      9.07    
0  320  1.71      9.33      6.01      2.60      9.93      4.27    
0  321  1.30      7.79      5.84      2.91      8.72      9.64    
0  322  1.72      7.20      7.67      3.01      10.1      12.1    
0  323  1.35      8.90      7.48      3.02      9.59      15.0    
0  324  1.78      7.70      7.46      2.05      8.86      8.74    
0  325  1.59      8.14      7.74      2.48      7.04      13.4    
0  326  1.41      8.16      7.85      2.93      8.19      13.3    
0  327  1.44      9.28      6.80      2.44      6.81      4.40    
0  328  1.34      7.75      6.75      2.13      10.4      8.88    
0  329  1.65      6.90      6.09      2.80      8.54      9.79    
0  330  1.42      9.54      7.58      2.54      8.03      7.07    
0  331  1.42      7.01      6.79      2.46      7.66      7.02    
0  332  1.62      7.58      7.64      2.19      6.49      6.93    
0  333  1.41      6.53      8.19      2.84      10.2      4.92    
0  334  1.32      7.21      6.30      2.11      7.11      11.7    
0  335  1.62      7.27      7.10      2.73      6.34      14.2    
0  336  1.71      7.89      8.17      2.08      7.29      9.31    
0  337  1.52      7.92      8.07      2.48      7.73      13.5    
0  338  1.65      9.13      7.90      2.69      6.90      5.37    
0  339  1.30      8.49      6.67      2.21      8.67      12.1    
0  340  1.39      6.74      6.73      2.39      7.66      4.98    
0  341  1.51      8.33      8.26      3.01      8.63      14.1    
0  342  1.51      8.61      5.79      2.17      9.38      11.9    
0  343  1.49      6.67      7.61      2.08      7.82      4.47    
0  344  1.30      6.61      6.50      2.91      8.94      11.5    
0  345  1.58      7.27      5.91      2.73      7.03      4.82    
0  346  1.43      7.30      6.60      2.70      6.56      11.2    
0  347  1.53      9.01      6.79      2.74      7.42      12.1    
0  348  1.73      9.02      5.73      2.46      7.62      4.77    
0  349  1.69      8.20      7.91      2.71      10.1      10.8    
0  350  1.43      9.14      7.69      2.43      7.10      15.2    
0  351  1.26      7.29      7.61      2.09      6.79      9.35    
0  352  1.24      8.13      6.81      2.76      7.55      6.57    
0  353  1.58      9.29      8.00      2.60      10.1      9.11    
0  354  1.48      8.03      6.31      2.77      9.70      4.86    
0  355  1.60      8.17      5.91      2.99      8.48      4.58    
0  356  1.23      7.33      6.98      2.63      8.75      9.04    
0  357  1.72      6.87      8.21      2.87      8.92      12.9    
0  358  1.80      9.41      7.41      2.47      10.4      14.5    
0  359  1.58      8.96      7.23      2.61      10.5      15.1    
0  360  1.74      8.59      6.04      2.85      9.77      12.5    
0  361  1.63      6.92      5.65      2.16      10.1      15.1    
0  362  1.68      7.12      6.58      2.88      7.93      4.62    
0  363  1.40      7.55      7.08      2.99      10.4      5.65    
0  364  1.45      7.47      8.34      2.40      8.78      12.3    
0  365  1.60      7.70      7.68      2.53      10.0      14.9    
0  366  1.74      7.68      6.82      2.64      8.46      6.05    
0  367  1.77      8.76      6.69      2.70      6.75      9.26    
0  368  1.36      7.25      6.16      2.58      10.2      5.07    
0  369  1.27      8.70      5.90      3.00      10.1      11.0    
0  370  1.36      9.60      7.46      2.84      10.4      6.17    
0  371  1.78      6.89      5.89      2.60      8.17      14.3    
0  372  1.27      7.17      7.94      2.16      10.2      5.13    
0  373  1.76      8.45      6.11      2.61      10.3      15.2    
0  374  1.79      8.55      6.23      2.93      9.81      7.69    
0  375  1.65      9.44      7.72      2.57      9.79      5.76    
0  376  1.45      8.29      6.90      2.56      7.57      13.5    
0  377  1.77      7.71      6.77      2.65      6.94      5.32    
0  378  1.65      8.19      7.72      3.02      6.72      13.3    
0  379  1.22      8.79      6.91      2.32      7.37      11.4    
0  380  1.61      7.57      8.05      2.99      6.39      13.7    
0  381  1.38      8.85      7.06      2.29      9.37      12.8    
0  382  1.56      8.48      7.55      2.58      8.14      11.1    
0  383  1.21      8.18      5.78      2.61      9.01      4.88    
0  384  1.69      9.55      7.32      2.06      8.44      8.66    
0  385  1.75      6.95      5.97      2.72      7.16      14.8    
0  386  1.46      8.02      7.97      2.54      7.14      11.5    
0  387  1.78      6.45      6.28      2.11      8.11      10.1    
0  388  1.38      7.54      7.37      2.57      7.18      4.36    
0  389  1.38      7.73      6.38      2.70      8.91      12.8    
0  390  1.34      7.83      6.61      2.30      8.16      11.0    
0  391  1.46      6.58      5.95      2.28      9.78      5.88    
0  392  1.34      7.47      6.45      2.24      7.98      13.5    
0  393  1.56      8.61      6.32      2.21      7.44      8.30    
0  394  1.61      6.77      7.31      2.25      7.87      10.9    
0  395  1.36      7.76      7.20      2.71      7.89      5.85    
0  396  1.73      8.69      7.83      2.96      7.84      8.77    
0  397  1.44      7.61      5.81      2.95      7.04      6.39    
0  398  1.64      9.51      8.25      2.55      8.79      13.9    
0  399  1.55      9.26      6.32      2.14      6.51      6.51    
0  400  1.22      9.48      8.02      2.97      7.95      5.06    
0  401  1.65      6.97      5.62      2.27      9.05      7.14    
0  402  1.67      8.84      6.54      2.32      9.45      10.5    
0  403  1.50      8.56      7.42      2.24      8.62      12.7    
0  404  1.32      6.86      6.08      2.06      7.21      15.4    
0  405  1.56      6.46      7.45      2.47      8.71      13.4    
0  406  1.63      8.54      6.44      2.28      7.86      10.6    
0  407  1.63      7.81      7.19      2.25      6.51      4.57    
0  408  1.72      9.43      7.97      2.10      10.1      14.7    
0  409  1.65      9.03      7.81      3.05      8.82      11.2    
0  410  1.56      7.10      5.67      2.24      7.69      13.3    
0  411  1.55      8.99      6.30      2.17      8.57      12.7    
0  412  1.58      6.89      5.82      2.57      7.36      9.43    
0  413  1.56      8.39      7.14      2.52      6.77      4.36    
0  414  1.75      8.36      6.60      2.19      6.89      11.9    
0  415  1.76      8.25      5.92      2.97      7.90      5.81    
0  416  1.22      9.49      8.35      2.95      9.72      6.90    
0  417  1.38      8.89      6.24      2.38      7.23      11.8    
0  418  1.67      8.81      7.09      2.90      7.08      14.4    
0  419  1.74      6.88      5.66      2.50      10.3      6.76    
0  420  1.28      6.90      6.26      2.55      7.60      7.12    
0  421  1.80      6.85      6.75      2.27      8.34      15.1    
0  422  1.21      9.57      6.76      2.67      6.78      6.53    
0  423  1.45      8.49      7.13      3.05      8.98      11.3    
0  424  1.62      9.15      6.37      2.83      6.91      7.83    
0  425  1.51      8.51      6.72      2.06      10.2      14.6    
0  426  1.38      9.15      7.23      2.04      9.69      11.1    
0  427  1.73      8.41      5.71      2.45      7.56      15.3    
0  428  1.27      6.66      7.50      2.98      9.36      10.3    
0  429  1.77      6.54      7.85      2.89      8.50      13.8    
0  430  1.64      8.82      6.71      2.41      6.68      8.94    
0  431  1.73      8.27      7.01      2.08      8.61      6.55    
0  432  1.73      7.45      7.20      2.05      8.23      12.4    
0  433  1.42      8.35      6.00      2.91      9.09      7.53    
0  434  1.36      8.14      5.65      2.81      7.22      8.87    
0  435  1.72      6.94      6.85      2.14      9.85      5.71    
0  436  1.25      7.82      5.91      2.13      9.02      5.28    
0  437  1.28      8.89      6.64      2.43      9.26      9.16    
0  438  1.46      7.15      6.28      2.71      9.11      8.55    
0  439  1.61      6.79      7.97      2.40      9.88      5.72    
0  440  1.24      9.08      7.39      2.27      10.4      13.4    
0  441  1.22      9.53      8.06      2.30      9.61      5.41    
0  442  1.29      6.46      7.88      2.65      9.45      11.3    
0  443  1.51      8.63      6.08      3.01      7.41      11.7    
0  444  1.25      6.61      6.31      2.71      9.19      11.5    
0  445  1.59      9.41      6.27      2.45      10.0      12.0    
0  446  1.74      6.69      7.34      2.63      7.83      6.01    
0  447  1.51      8.07      7.77      2.19      9.90      13.5    
0  448  1.31      7.97      6.19      2.92      8.09      8.80    
0  449  1.65      7.88      6.85      2.56      9.26      13.0    
0  450  1.59      9.06      7.65      2.07      10.2      4.53    
0  451  1.79      8.15      7.29      2.63      8.95      13.5    
0  452  1.71      7.13      6.83      2.66      9.99      6.96    
0  453  1.37      8.91      7.50      2.52      6.68      11.7    
0  454  1.38      9.10      7.38      2.51      9.11      3.97    
0  455  1.76      9.32      6.97      2.77      7.81      7.86    
0  456  1.78      8.97      7.22      2.89      9.74      14.1    
0  457  1.20      8.41      7.70      2.87      10.1      5.00    
0  458  1.69      6.54      8.31      2.45      10.5      8.47    
0  459  1.75      8.29      5.83      2.07      9.15      14.8    
0  460  1.57      9.04      7.05      2.72      8.90      10.6    
0  461  1.51      7.89      6.10      2.49      6.76      13.2    
0  462  1.51      6.64      7.63      2.60      9.40      9.53    
0  463  1.52      6.63      8.02      3.04      10.4      7.81    
0  464  1.64      8.06      8.06      3.04      9.21      6.14    
0  465  1.49      7.88      6.63      2.97      6.36      6.63    
0  466  1.44      8.75      6.14      2.44      8.85      12.8    
0  467  1.28      6.49      7.06      2.05      6.60      8.24    
0  468  1.66      9.47      6.41      2.78      8.55      7.90    
0  469  1.61      9.38      7.03      3.02      9.51      13.0    
0  470  1.28      7.11      6.62      2.92      9.94      14.4    
0  471  1.69      6.50      7.15      2.68      8.32      14.9    
0  472  1.33      8.68      8.12      2.18      8.70      12.3    
0  473  1.48      8.28      7.54      2.75      9.76      6.66    
0  474  1.55      8.67      8.36      2.84      10.3      14.2    
0  475  1.80      7.77      6.52      2.64      8.84      6.41    
0  476  1.32      9.37      6.42      2.24      8.70      14.0    
0  477  1.79      8.70      5.63      2.17      6.53      7.36    
0  478  1.56      8.22      6.17      2.62      9.66      11.6    
0  479  1.64      7.85      8.04      2.41      7.54      15.3    
0  480  1.46      7.56      6.37      2.94      6.82      10.7    
0  481  1.31      9.37      6.77      2.08      9.41      14.0    
0  482  1.73      7.94      8.09      2.05      8.60      6.82    
0  483  1.35      8.45      7.25      2.91      7.33      7.27    
0  484  1.23      8.01      6.55      2.72      7.08      14.6    
0  485  1.47      7.43      6.46      2.72      7.14      14.5    
0  486  1.77      7.62      5.75      2.49      7.45      8.92    
0  487  1.79      9.16      6.94      2.04      7.26      7.98    
0  488  1.20      6.57      5.62      2.29      6.77      6.84    
0  489  1.25      7.53      5.73      2.78      10.4      10.5    
0  490  1.45      9.17      6.41      2.61      9.89      7.73    
0  491  1.66      8.62      7.67      2.98      7.40      10.7    
0  492  1.55      8.46      5.60      2.64      9.65      9.83    
0  493  1.65      9.42      6.92      3.00      8.97      12.7    
0  494  1.75      8.04      5.81      2.29      10.3      6.26    
0  495  1.58      9.00      7.40      2.83      8.23      10.4    
0  496  1.66      7.18      7.29      2.58      6.66      9.95    
0  497  1.70      9.07      7.53      2.61      9.98      6.74    
0  498  1.36      9.05      6.81      2.41      8.47      13.6    
0  499  1.31      7.53      6.34      2.80      7.74      12.1    
0  500  1.76      7.93      8.38      2.63      7.54      15.3    
1Pecos::LHSDriver                                                                                                             
0RANKS OF LATIN HYPERCUBE SAMPLE INPUT VECTORS

 RUN NO.    X(1)      X(2)      X(3)      X(4)      X(5)      X(6)
0    1      418.      487.      270.      215.      251.       33.
0    2      143.      192.       12.       50.       12.      325.
0    3      390.      109.      454.      443.       21.      148.
0    4       11.      350.      121.      419.      169.      280.
0    5      281.      365.      201.      371.      143.      206.
0    6      123.      440.       93.       36.        5.      160.
0    7      225.      423.      446.      342.      112.      434.
0    8       48.      482.       24.      224.      256.      477.
0    9      251.       12.      489.       30.       85.       82.
0   10      108.       14.      483.      101.       29.      244.
0   11      307.       82.      266.      122.      280.       34.
0   12      182.      396.      142.      347.      461.      342.
0   13      242.       24.      387.      256.      140.      332.
0   14      410.      267.      207.       18.       30.        9.
0   15       28.      458.       48.      465.      172.      447.
0   16      255.      498.      381.      168.       68.      387.
0   17      381.      476.      361.       73.      442.      190.
0   18      442.      242.       35.      387.      199.      360.
0   19      206.       67.      461.      146.      222.      274.
0   20       87.       95.      441.       59.      411.      426.
0   21       51.       99.      383.      114.      477.      451.
0   22      114.      399.      135.      243.       79.      168.
0   23      222.      352.      170.      271.      145.      259.
0   24      212.      319.      281.      494.      332.       83.
0   25      463.      207.      111.      336.       94.      232.
0   26       66.      332.      485.      261.       26.      256.
0   27      455.       55.      356.      403.      342.      400.
0   28      164.      246.      362.       91.      121.      246.
0   29      441.      278.      393.      492.      281.      363.
0   30      235.      362.      242.       24.       78.      389.
0   31       46.       44.      199.      426.      289.       63.
0   32      415.      265.      187.      137.      261.       50.
0   33      340.      108.      344.      393.      439.      162.
0   34      106.      433.        2.       85.      272.      375.
0   35       63.      254.      450.      206.      499.      135.
0   36      201.      370.      251.      100.      159.        3.
0   37      293.      119.      490.      384.      372.       44.
0   38       23.       49.      309.      157.      383.      472.
0   39      231.      106.       60.      236.      273.      483.
0   40      233.      205.      467.      412.        3.      194.
0   41      202.      169.      243.      316.      283.      354.
0   42      161.      281.      473.      177.       80.      343.
0   43      107.      227.       15.      428.       49.      126.
0   44      416.      363.      447.      383.      325.       19.
0   45      249.      449.      364.      171.      153.      458.
0   46       88.      194.      355.       86.      377.       56.
0   47      158.      102.      400.      111.      356.      435.
0   48      189.      489.      380.      455.      290.      230.
0   49       45.      364.      389.      463.       52.      374.
0   50      417.      397.      269.      160.      326.       90.
0   51       57.      359.      372.      400.        8.      235.
0   52       96.      152.      231.      217.      445.      155.
0   53      128.      380.       30.      320.      387.      145.
0   54      166.      284.       66.      314.      267.       18.
0   55      405.       18.      114.      364.       23.      176.
0   56      252.      173.      499.       94.      228.      423.
0   57      317.      112.       61.      348.      368.      243.
0   58       30.      324.      136.      254.      128.      207.
0   59       65.       37.      178.      404.      337.      146.
0   60       68.      462.      250.      249.      240.       71.
0   61       60.      163.      260.      493.       13.      397.
0   62      449.      149.      228.      210.      386.      123.
0   63      432.      245.      310.       14.       17.      265.
0   64      327.      229.       47.      453.      500.      249.
0   65       49.      443.      412.       38.      381.      468.
0   66      341.      335.       83.      369.       81.      352.
0   67      458.        1.      427.      359.      306.      154.
0   68      356.      212.      110.      199.      206.      105.
0   69      435.       70.      151.      136.      177.       41.
0   70      146.      441.      443.      259.      214.      487.
0   71      289.      288.      430.      456.      109.      179.
0   72       18.      159.       51.      184.      232.       23.
0   73       42.      235.      307.       81.      420.      433.
0   74      276.      300.      410.      190.      384.      306.
0   75        9.      230.      173.      318.      433.      175.
0   76      194.        2.      143.      386.      146.       14.
0   77       47.      160.      414.        3.      361.      185.
0   78      346.       13.      190.      331.      424.      296.
0   79      403.      395.      386.      478.      184.      345.
0   80      320.      468.      455.       76.      462.       36.
0   81      239.      299.      422.      169.      136.      271.
0   82      263.      333.      471.       57.      385.      278.
0   83      109.      310.      197.      490.       61.      316.
0   84      140.      403.      196.      193.      473.      149.
0   85      469.      134.      346.      106.       28.      319.
0   86      254.      394.      163.      121.      191.       53.
0   87      181.      400.      338.       62.      233.       10.
0   88      437.      497.       50.      351.      391.      270.
0   89      306.      448.      476.       28.      402.      339.
0   90       50.       62.      149.      187.      125.       87.
0   91      398.      193.       76.      115.      248.       69.
0   92      335.       60.      293.      446.      116.      301.
0   93       73.      140.      452.       43.      455.      223.
0   94       34.      190.      420.      349.      198.      133.
0   95      413.      298.      337.      498.      323.      282.
0   96      211.      125.       17.      421.       84.      144.
0   97      491.      371.       99.       32.      481.       27.
0   98      369.       31.       18.      357.      279.      388.
0   99      485.      385.      141.      154.      242.       78.
0  100      459.      457.       26.      401.      158.       68.
0  101      396.      446.       29.      381.      167.      459.
0  102      190.      354.      167.       77.      443.      443.
0  103      427.      270.      437.      270.      338.      384.
0  104       41.      260.      249.      362.      265.      379.
0  105      153.      339.       19.       40.      101.      438.
0  106      426.      202.      279.      131.      293.      157.
0  107      229.      342.      313.       67.      103.      221.
0  108      215.      287.      334.       74.      329.       58.
0  109      125.      256.       96.      372.      397.      313.
0  110      139.      415.       79.      241.      250.       12.
0  111      122.      317.       70.      489.       65.      361.
0  112      382.      129.       65.       70.       59.      276.
0  113       15.       72.        8.      148.      470.      366.
0  114       84.      292.      295.      191.      238.      222.
0  115      350.      437.      398.      276.      218.      181.
0  116      187.       91.      232.      448.      488.       70.
0  117      269.      268.       81.      312.      207.      411.
0  118      110.      387.      124.      344.      284.      452.
0  119      389.      425.      498.      300.      331.      239.
0  120      100.      198.      147.      138.      319.       39.
0  121      351.      453.      275.      119.      264.        2.
0  122      169.      201.       77.      321.      226.      369.
0  123      162.       84.      103.      408.      340.      210.
0  124      365.      263.      238.      496.       64.      281.
0  125      126.      124.      312.      225.      224.      260.
0  126      419.      146.      117.      139.      144.       59.
0  127      191.      228.      105.      142.       97.        6.
0  128        1.      177.      158.       61.      363.      394.
0  129      112.       93.      160.      360.       43.       89.
0  130      394.      266.      357.      418.      451.      188.
0  131      120.      218.      496.      230.      298.      248.
0  132      384.      154.      325.      176.       36.      327.
0  133      385.       80.      368.       84.      113.       91.
0  134      308.      286.      245.      477.      396.      272.
0  135      453.      130.      481.      339.       38.      214.
0  136      144.      251.      418.      303.      220.      161.
0  137      250.      353.       71.       92.      315.      378.
0  138      210.       63.      435.      373.       83.      377.
0  139      333.      170.      395.       64.      403.      422.
0  140      488.      495.      331.      237.      436.       72.
0  141      275.      416.      297.      425.      359.      193.
0  142      216.      172.      174.       45.      178.      491.
0  143      393.      347.       14.      229.      124.      311.
0  144      184.       88.      448.       97.       19.      292.
0  145      401.      323.      465.      274.      239.      231.
0  146      274.      373.      271.      317.       15.      269.
0  147      349.      223.      257.      432.       20.      351.
0  148      376.      398.      165.      221.      310.      341.
0  149      180.       17.      314.      252.      388.      297.
0  150      253.      143.      157.      306.      216.      401.
0  151      404.      376.      328.      379.       40.      264.
0  152      420.      478.      335.      174.      346.       31.
0  153      165.       47.      480.      354.      358.      251.
0  154      271.      138.      219.      145.      299.      266.
0  155        6.       40.      406.      440.      119.      102.
0  156      430.       56.      463.      469.      197.      456.
0  157      141.      435.      456.      194.       77.      348.
0  158      267.      368.      468.      289.       46.      393.
0  159       74.      384.      282.      155.       39.      466.
0  160      497.      174.      417.        7.      389.      180.
0  161      292.      420.      479.      113.      450.      392.
0  162      278.      121.       45.      200.      294.      104.
0  163      310.      304.      404.       48.      373.      139.
0  164       16.      150.      230.      399.      259.      107.
0  165      170.      225.      290.       21.       32.      404.
0  166      284.       94.      339.      452.      449.      273.
0  167      111.      147.       39.      461.      269.      424.
0  168      286.      122.      350.      304.      181.      166.
0  169      223.       57.      391.      164.       33.      215.
0  170      399.       30.       84.      189.      115.      111.
0  171      280.      199.      486.      234.      297.      277.
0  172      477.      187.      134.      151.      378.      461.
0  173      315.      175.      487.       72.      348.      305.
0  174      116.      355.      194.      390.      421.      357.
0  175      348.      444.      301.      415.      209.      315.
0  176      305.      424.      384.       58.      487.      169.
0  177      338.      488.      319.       98.      278.      334.
0  178      196.      393.      274.      233.       98.       75.
0  179      493.       48.      401.      388.      131.      159.
0  180        5.      195.      315.      356.      142.       13.
0  181      357.       98.        5.      147.      307.      262.
0  182      121.       35.      119.      296.      117.      252.
0  183      142.      329.      304.      262.      247.      376.
0  184      397.      445.      112.      192.      476.      399.
0  185      287.      240.       85.       39.      484.      460.
0  186      138.      318.      211.       20.      291.      106.
0  187      354.      156.      166.      378.      357.      143.
0  188      266.      220.       53.        1.      380.      201.
0  189      364.      340.      396.      281.      160.       55.
0  190       33.      262.       21.      467.      495.      398.
0  191      156.      381.      407.      374.      236.       61.
0  192      282.       29.      464.      167.       37.      197.
0  193      337.       97.      131.      330.      253.      453.
0  194      268.      493.      277.       93.      152.      291.
0  195      422.      101.      434.      144.      430.      303.
0  196      428.      305.      488.      487.      390.       74.
0  197      186.      372.      283.      414.       90.      267.
0  198       38.      436.      385.       90.       82.       96.
0  199      227.      269.       27.      423.       73.      164.
0  200      230.       65.      133.       42.      193.      300.
0  201       10.      485.      482.      129.        2.       57.
0  202        2.      455.      405.      394.       89.      362.
0  203       36.      344.      366.      173.      163.      108.
0  204      478.      155.      226.      458.      204.      238.
0  205      465.      132.      342.      389.      139.      242.
0  206       93.      291.       69.      275.       76.      304.
0  207       76.      210.      322.       82.      366.      163.
0  208      408.      196.      298.      451.      465.       37.
0  209      217.      409.      353.      165.      354.      485.
0  210       83.       90.       16.      417.      120.      471.
0  211      313.      264.       94.      457.       34.      449.
0  212       77.      103.      305.      205.      494.       88.
0  213      330.      312.      177.      322.       66.       76.
0  214       12.       51.      426.       63.      349.      294.
0  215      209.      128.      188.       33.      227.      494.
0  216      328.      158.      189.      248.      482.        5.
0  217      326.      183.      415.      355.      156.       49.
0  218      172.       19.      377.      405.      123.      285.
0  219      490.      439.      104.       47.       74.      184.
0  220      283.      171.      409.      353.        6.        1.
0  221      457.      216.      300.      277.      362.      275.
0  222      118.      248.       91.      238.      188.      475.
0  223      331.      244.      317.      150.      425.      182.
0  224       27.      426.      421.        8.      155.      195.
0  225      135.      165.      477.      246.      106.      153.
0  226      226.      460.      329.      468.       48.      446.
0  227      472.      116.      155.      179.      246.        7.
0  228       81.      144.      204.      290.      406.      326.
0  229      451.      197.      192.      491.      393.      129.
0  230      312.      461.      161.      407.      431.      137.
0  231      467.       64.      152.      153.      475.      439.
0  232      495.      153.      280.      123.      105.       11.
0  233      174.      180.        7.      166.      252.       24.
0  234      115.      334.      457.      361.      341.      122.
0  235      232.       59.      193.       44.      211.      171.
0  236      243.        5.      397.      476.      164.      253.
0  237      176.      484.       46.       55.      212.      228.
0  238      155.      135.       49.      437.      174.       97.
0  239      178.      366.       68.      183.      370.      240.
0  240       26.      105.      390.      110.      263.      469.
0  241      127.      243.       80.      325.      409.      209.
0  242      265.      283.      159.      409.      374.      101.
0  243      240.       25.      375.       52.      437.       93.
0  244       99.      114.      139.      240.      350.      261.
0  245      102.      185.      252.       99.      336.      177.
0  246      104.       52.      444.       31.      202.      226.
0  247       75.      467.      229.      431.      441.      198.
0  248      336.      289.      358.      203.       91.      150.
0  249       54.      258.      494.      127.      129.      191.
0  250       58.      308.      148.      222.      234.      318.
0  251      339.      296.      183.      473.      168.      254.
0  252       53.      471.       32.      120.      422.      118.
0  253       35.      209.      272.      350.      456.      484.
0  254      386.      249.      324.      302.      328.      349.
0  255       20.       66.      495.      272.      308.      113.
0  256       78.       45.      478.      178.       16.      233.
0  257      236.      375.      416.      263.       67.      205.
0  258      362.        7.      220.      445.      355.      403.
0  259      204.      157.       62.       35.      249.      142.
0  260      468.      454.      348.      135.      330.      183.
0  261      221.       92.       98.      486.      398.       15.
0  262       85.      219.       82.        6.       70.      323.
0  263      157.      406.      470.      156.      203.      112.
0  264      476.      421.       31.      444.      419.       95.
0  265      159.      494.      239.      368.       14.      204.
0  266      481.      117.      175.      182.      417.      428.
0  267      295.      162.      107.       53.      426.      287.
0  268      167.      428.      392.      112.      321.      493.
0  269      324.      313.      351.       60.      134.      247.
0  270      429.      214.      299.      158.      217.      255.
0  271      171.      275.      248.      162.      395.      100.
0  272      245.      351.       64.      380.      237.      427.
0  273      152.      442.      227.        2.      201.      432.
0  274      407.      438.      258.      375.      231.      336.
0  275      273.      100.      453.      424.      407.      467.
0  276      131.      477.      472.      267.      496.      120.
0  277       43.       83.      156.      309.      351.      156.
0  278       25.       32.      263.       96.      176.      368.
0  279      291.        6.       95.      132.      400.      365.
0  280      395.      237.      222.       88.      138.       35.
0  281      101.        3.      108.      149.      303.       16.
0  282      298.      303.      327.      140.        1.      186.
0  283      480.      302.       36.      228.       51.      288.
0  284      203.       69.      294.      170.      466.      499.
0  285      311.       20.      256.      298.      301.       46.
0  286       56.       86.      500.      308.      493.       73.
0  287       64.      499.      168.      323.       63.      302.
0  288       90.      325.      109.      481.      187.      430.
0  289      434.      236.      459.      438.      435.      436.
0  290       29.      331.      234.      391.      472.      200.
0  291      163.      250.       74.      195.      460.       26.
0  292      454.      377.      285.      204.      271.      309.
0  293      247.      131.      185.      161.      415.      196.
0  294      238.      451.      449.      214.       10.      152.
0  295      299.       39.      212.       46.      379.      479.
0  296      179.      404.       22.      247.      175.      372.
0  297       89.       53.      288.      406.      360.      130.
0  298      200.      463.      254.      436.      192.      442.
0  299       72.       26.      237.      219.      313.      187.
0  300      400.      469.      244.      365.      166.      346.
0  301      175.      309.       44.      107.      195.      380.
0  302      285.      341.      371.      410.      208.      406.
0  303      272.      479.      225.       95.      244.       67.
0  304      325.      148.      101.      196.       41.      429.
0  305      414.      188.      458.      251.       47.      414.
0  306      355.       50.      172.       17.      210.      495.
0  307      361.       11.      431.      163.      480.       65.
0  308      279.        4.      264.      245.      173.      203.
0  309      246.      141.      469.      315.      141.      402.
0  310       94.      166.      116.      311.       18.      478.
0  311       22.       43.       59.       83.      245.      409.
0  312      192.      412.       41.      159.      235.        8.
0  313      483.      104.      352.      152.      254.      328.
0  314       31.      316.       88.      211.      459.      284.
0  315      366.       68.      343.      326.      107.      218.
0  316      224.      107.      241.      484.      343.      370.
0  317       55.      386.      203.      288.      345.      476.
0  318      363.      151.      429.      232.        9.      321.
0  319      129.      388.       75.      382.      317.      225.
0  320      425.      459.       73.      280.      432.       17.
0  321       82.      217.       43.      430.      288.      250.
0  322      436.      126.      369.      479.      454.      356.
0  323      124.      391.      336.      485.      392.      482.
0  324      486.      204.      332.       12.      305.      211.
0  325      323.      273.      382.      220.       87.      412.
0  326      177.      276.      402.      441.      225.      410.
0  327      198.      450.      215.      202.       60.       22.
0  328      119.      211.      206.       51.      491.      217.
0  329      378.       79.       89.      377.      266.      257.
0  330      185.      491.      354.      250.      205.      138.
0  331      188.       96.      214.      213.      161.      136.
0  332      347.      186.      365.       78.       22.      132.
0  333      173.       21.      462.      396.      464.       45.
0  334       98.      127.      126.       41.       96.      337.
0  335      353.      137.      268.      345.        4.      450.
0  336      424.      234.      460.       23.      118.      236.
0  337      270.      238.      442.      223.      170.      416.
0  338      375.      427.      411.      324.       71.       64.
0  339       80.      327.      191.       87.      282.      359.
0  340      160.       54.      202.      175.      162.       47.
0  341      259.      301.      475.      480.      277.      444.
0  342      256.      346.       34.       68.      367.      350.
0  343      241.       42.      360.       26.      180.       25.
0  344       86.       33.      162.      434.      314.      330.
0  345      318.      136.       55.      343.       86.       40.
0  346      193.      142.      179.      327.       31.      320.
0  347      277.      408.      213.      346.      133.      355.
0  348      446.      410.       23.      212.      157.       38.
0  349      411.      282.      413.      333.      458.      299.
0  350      195.      429.      374.      197.       95.      490.
0  351       52.      139.      359.       29.       58.      237.
0  352       32.      271.      217.      358.      149.      117.
0  353      316.      452.      428.      282.      447.      227.
0  354      234.      255.      128.      366.      405.       42.
0  355      332.      277.       57.      472.      260.       30.
0  356       24.      145.      247.      295.      292.      224.
0  357      433.       74.      466.      413.      312.      391.
0  358      498.      472.      323.      218.      485.      462.
0  359      319.      401.      291.      284.      497.      486.
0  360      450.      343.       78.      402.      413.      373.
0  361      359.       81.       10.       66.      448.      488.
0  362      402.      113.      176.      416.      194.       32.
0  363      168.      181.      265.      470.      492.       77.
0  364      207.      167.      491.      181.      295.      364.
0  365      334.      203.      373.      244.      446.      480.
0  366      448.      200.      218.      301.      257.       94.
0  367      479.      369.      195.      328.       53.      234.
0  368      136.      133.      100.      268.      467.       52.
0  369       62.      361.       54.      475.      457.      308.
0  370      137.      500.      333.      397.      489.       99.
0  371      482.       76.       52.      278.      223.      454.
0  372       61.      120.      419.       65.      468.       54.
0  373      466.      321.       92.      283.      474.      492.
0  374      496.      337.      113.      442.      418.      165.
0  375      377.      475.      379.      265.      416.       81.
0  376      205.      295.      233.      260.      151.      418.
0  377      473.      206.      210.      307.       75.       62.
0  378      379.      280.      378.      483.       50.      408.
0  379       13.      374.      235.      141.      127.      329.
0  380      345.      184.      438.      471.       11.      425.
0  381      147.      383.      261.      128.      365.      385.
0  382      300.      326.      349.      273.      219.      312.
0  383        8.      279.       33.      287.      322.       43.
0  384      406.      492.      308.       16.      255.      208.
0  385      462.       87.       67.      340.      102.      473.
0  386      214.      253.      424.      253.       99.      333.
0  387      484.        8.      123.       37.      215.      268.
0  388      150.      179.      316.      264.      104.       20.
0  389      154.      208.      140.      329.      311.      386.
0  390      113.      224.      181.      133.      221.      310.
0  391      219.       28.       63.      124.      414.       86.
0  392      117.      168.      153.      104.      200.      419.
0  393      303.      345.      129.       89.      135.      192.
0  394      343.       58.      306.      109.      186.      307.
0  395      134.      213.      287.      334.      189.       85.
0  396      439.      358.      399.      454.      183.      212.
0  397      197.      189.       38.      450.       88.      109.
0  398      368.      486.      474.      255.      296.      437.
0  399      294.      447.      130.       56.       25.      114.
0  400       14.      481.      432.      460.      196.       51.
0  401      372.       89.        4.      117.      327.      141.
0  402      392.      382.      169.      143.      376.      286.
0  403      248.      338.      326.      102.      276.      381.
0  404       97.       73.       87.       13.      108.      500.
0  405      302.        9.      330.      216.      287.      415.
0  406      358.      336.      150.      125.      185.      290.
0  407      360.      221.      284.      108.       24.       29.
0  408      438.      474.      425.       34.      452.      470.
0  409      374.      411.      394.      499.      300.      317.
0  410      304.      110.       13.      105.      165.      407.
0  411      288.      405.      125.       71.      270.      383.
0  412      321.       77.       40.      266.      126.      241.
0  413      301.      311.      276.      242.       56.       21.
0  414      456.      307.      180.       80.       69.      347.
0  415      470.      290.       58.      459.      190.       84.
0  416       19.      483.      492.      449.      408.      131.
0  417      151.      389.      115.      172.      111.      344.
0  418      391.      378.      267.      427.       92.      457.
0  419      447.       75.       11.      231.      479.      125.
0  420       70.       78.      118.      257.      154.      140.
0  421      500.       71.      205.      116.      243.      489.
0  422        7.      496.      208.      313.       57.      115.
0  423      213.      328.      273.      500.      320.      322.
0  424      352.      430.      137.      392.       72.      172.
0  425      262.      330.      200.       15.      463.      464.
0  426      148.      431.      292.        4.      404.      314.
0  427      445.      315.       20.      207.      150.      498.
0  428       59.       41.      340.      464.      364.      279.
0  429      475.       22.      403.      422.      262.      431.
0  430      370.      379.      198.      188.       44.      220.
0  431      440.      293.      253.       27.      275.      116.
0  432      444.      164.      286.       11.      229.      371.
0  433      183.      306.       72.      429.      333.      158.
0  434      133.      272.        9.      385.      110.      216.
0  435      431.       85.      224.       54.      423.       79.
0  436       44.      222.       56.       49.      324.       60.
0  437       67.      390.      186.      198.      352.      229.
0  438      220.      118.      122.      335.      334.      202.
0  439      342.       61.      423.      180.      427.       80.
0  440       37.      419.      320.      118.      483.      413.
0  441       17.      490.      440.      134.      394.       66.
0  442       79.       10.      408.      305.      375.      324.
0  443      257.      349.       86.      482.      132.      340.
0  444       39.       34.      127.      332.      344.      331.
0  445      322.      470.      120.      209.      444.      353.
0  446      452.       46.      311.      292.      182.       92.
0  447      261.      261.      388.       79.      429.      420.
0  448       92.      247.      106.      439.      213.      213.
0  449      373.      232.      223.      258.      353.      396.
0  450      329.      417.      367.       19.      469.       28.
0  451      494.      274.      302.      293.      316.      417.
0  452      423.      115.      221.      310.      440.      134.
0  453      145.      392.      341.      239.       45.      338.
0  454      149.      422.      318.      235.      335.        4.
0  455      471.      456.      246.      363.      179.      173.
0  456      487.      402.      289.      420.      410.      445.
0  457        4.      314.      376.      411.      453.       48.
0  458      409.       23.      484.      208.      498.      199.
0  459      461.      297.       42.       22.      339.      474.
0  460      309.      413.      259.      337.      309.      293.
0  461      260.      233.       90.      226.       54.      405.
0  462      258.       38.      363.      279.      369.      245.
0  463      264.       36.      433.      497.      490.      170.
0  464      367.      259.      439.      495.      347.       98.
0  465      244.      231.      184.      462.        7.      119.
0  466      199.      367.       97.      201.      304.      390.
0  467       71.       15.      262.        9.       35.      189.
0  468      387.      480.      145.      367.      268.      174.
0  469      344.      466.      255.      488.      382.      395.
0  470       69.      111.      182.      435.      434.      455.
0  471      412.       16.      278.      319.      241.      481.
0  472      105.      357.      451.       75.      286.      367.
0  473      237.      294.      347.      352.      412.      121.
0  474      290.      356.      493.      398.      471.      448.
0  475      499.      215.      164.      299.      302.      110.
0  476      103.      465.      146.      103.      285.      440.
0  477      489.      360.        6.       69.       27.      151.
0  478      297.      285.      102.      291.      401.      335.
0  479      371.      226.      436.      185.      147.      496.
0  480      218.      182.      138.      447.       62.      295.
0  481       95.      464.      209.       25.      371.      441.
0  482      443.      241.      445.       10.      274.      127.
0  483      130.      320.      296.      433.      122.      147.
0  484       21.      252.      171.      338.       93.      465.
0  485      228.      161.      154.      341.      100.      463.
0  486      474.      191.       28.      227.      137.      219.
0  487      492.      432.      240.        5.      114.      178.
0  488        3.       27.        3.      126.       55.      128.
0  489       40.      176.       25.      370.      486.      289.
0  490      208.      434.      144.      285.      428.      167.
0  491      388.      348.      370.      466.      130.      298.
0  492      296.      322.        1.      297.      399.      258.
0  493      380.      473.      236.      474.      318.      382.
0  494      460.      257.       37.      130.      478.      103.
0  495      314.      407.      321.      395.      230.      283.
0  496      383.      123.      303.      269.       42.      263.
0  497      421.      418.      345.      286.      438.      124.
0  498      132.      414.      216.      186.      258.      421.
0  499       91.      178.      132.      376.      171.      358.
0  500      464.      239.      497.      294.      148.      497.
1   Pecos::LHSDriver                                                                                                             
0  HISTOGRAM FOR VARIABLE NO.  1     UNIFORM DISTRIBUTION

     Midpoint          Freq.

   1.2150000E+00        25    XXXXXXXXXXXXXXXXXXXXXXXXX
   1.2450000E+00        25    XXXXXXXXXXXXXXXXXXXXXXXXX
   1.2750000E+00        25    XXXXXXXXXXXXXXXXXXXXXXXXX
   1.3050000E+00        25    XXXXXXXXXXXXXXXXXXXXXXXXX
   1.3350000E+00        25    XXXXXXXXXXXXXXXXXXXXXXXXX
   1.3650000E+00        25    XXXXXXXXXXXXXXXXXXXXXXXXX
   1.3950000E+00        25    XXXXXXXXXXXXXXXXXXXXXXXXX
   1.4250000E+00        25    XXXXXXXXXXXXXXXXXXXXXXXXX
   1.4550000E+00        25    XXXXXXXXXXXXXXXXXXXXXXXXX
   1.4850000E+00        25    XXXXXXXXXXXXXXXXXXXXXXXXX
   1.5150000E+00        25    XXXXXXXXXXXXXXXXXXXXXXXXX
   1.5450000E+00        25    XXXXXXXXXXXXXXXXXXXXXXXXX
   1.5750000E+00        25    XXXXXXXXXXXXXXXXXXXXXXXXX
   1.6050000E+00        25    XXXXXXXXXXXXXXXXXXXXXXXXX
   1.6350000E+00        25    XXXXXXXXXXXXXXXXXXXXXXXXX
   1.6650000E+00        25    XXXXXXXXXXXXXXXXXXXXXXXXX
   1.6950000E+00        25    XXXXXXXXXXXXXXXXXXXXXXXXX
   1.7250000E+00        25    XXXXXXXXXXXXXXXXXXXXXXXXX
   1.7550000E+00        25    XXXXXXXXXXXXXXXXXXXXXXXXX
   1.7850000E+00        25    XXXXXXXXXXXXXXXXXXXXXXXXX
0                      500


      Min            Max           Range           Mean          Median        Variance

   1.2006305E+00  1.7989548E+00  5.9832435E-01  1.4999917E+00  1.5002705E+00  3.0001585E-02

1   Pecos::LHSDriver                                                                                                             
0  HISTOGRAM FOR VARIABLE NO.  2     UNIFORM DISTRIBUTION

     Midpoint          Freq.

   6.4799999E+00        25    XXXXXXXXXXXXXXXXXXXXXXXXX
   6.6399999E+00        25    XXXXXXXXXXXXXXXXXXXXXXXXX
   6.7999998E+00        25    XXXXXXXXXXXXXXXXXXXXXXXXX
   6.9599998E+00        25    XXXXXXXXXXXXXXXXXXXXXXXXX
   7.1199998E+00        25    XXXXXXXXXXXXXXXXXXXXXXXXX
   7.2799998E+00        25    XXXXXXXXXXXXXXXXXXXXXXXXX
   7.4399998E+00        25    XXXXXXXXXXXXXXXXXXXXXXXXX
   7.5999998E+00        25    XXXXXXXXXXXXXXXXXXXXXXXXX
   7.7599998E+00        25    XXXXXXXXXXXXXXXXXXXXXXXXX
   7.9199998E+00        25    XXXXXXXXXXXXXXXXXXXXXXXXX
   8.0799998E+00        25    XXXXXXXXXXXXXXXXXXXXXXXXX
   8.2399998E+00        25    XXXXXXXXXXXXXXXXXXXXXXXXX
   8.3999998E+00        25    XXXXXXXXXXXXXXXXXXXXXXXXX
   8.5599998E+00        25    XXXXXXXXXXXXXXXXXXXXXXXXX
   8.7199998E+00        25    XXXXXXXXXXXXXXXXXXXXXXXXX
   8.8799998E+00        25    XXXXXXXXXXXXXXXXXXXXXXXXX
   9.0399998E+00        25    XXXXXXXXXXXXXXXXXXXXXXXXX
   9.1999998E+00        25    XXXXXXXXXXXXXXXXXXXXXXXXX
   9.3599998E+00        25    XXXXXXXXXXXXXXXXXXXXXXXXX
   9.5199998E+00        25    XXXXXXXXXXXXXXXXXXXXXXXXX
0                      500


      Min            Max           Range           Mean          Median        Variance

   6.4014919E+00  9.5994730E+00  3.1979811E+00  7.9999168E+00  7.9991399E+00  8.5344317E-01

1   Pecos::LHSDriver                                                                                                             
0  HISTOGRAM FOR VARIABLE NO.  3     UNIFORM DISTRIBUTION

     Midpoint          Freq.

   5.6699999E+00        25    XXXXXXXXXXXXXXXXXXXXXXXXX
   5.8099999E+00        25    XXXXXXXXXXXXXXXXXXXXXXXXX
   5.9499999E+00        25    XXXXXXXXXXXXXXXXXXXXXXXXX
   6.0899999E+00        25    XXXXXXXXXXXXXXXXXXXXXXXXX
   6.2299999E+00        25    XXXXXXXXXXXXXXXXXXXXXXXXX
   6.3699999E+00        25    XXXXXXXXXXXXXXXXXXXXXXXXX
   6.5099999E+00        25    XXXXXXXXXXXXXXXXXXXXXXXXX
   6.6499999E+00        25    XXXXXXXXXXXXXXXXXXXXXXXXX
   6.7899998E+00        25    XXXXXXXXXXXXXXXXXXXXXXXXX
   6.9299998E+00        25    XXXXXXXXXXXXXXXXXXXXXXXXX
   7.0699998E+00        25    XXXXXXXXXXXXXXXXXXXXXXXXX
   7.2099998E+00        25    XXXXXXXXXXXXXXXXXXXXXXXXX
   7.3499998E+00        25    XXXXXXXXXXXXXXXXXXXXXXXXX
   7.4899998E+00        25    XXXXXXXXXXXXXXXXXXXXXXXXX
   7.6299998E+00        25    XXXXXXXXXXXXXXXXXXXXXXXXX
   7.7699998E+00        25    XXXXXXXXXXXXXXXXXXXXXXXXX
   7.9099998E+00        25    XXXXXXXXXXXXXXXXXXXXXXXXX
   8.0499998E+00        25    XXXXXXXXXXXXXXXXXXXXXXXXX
   8.1899998E+00        25    XXXXXXXXXXXXXXXXXXXXXXXXX
   8.3299998E+00        25    XXXXXXXXXXXXXXXXXXXXXXXXX
0                      500


      Min            Max           Range           Mean          Median        Variance

   5.6030382E+00  8.3989686E+00  2.7959304E+00  7.0000321E+00  6.9995207E+00  6.5323023E-01

1   Pecos::LHSDriver                                                                                                             
0  HISTOGRAM FOR VARIABLE NO.  4     UNIFORM DISTRIBUTION

     Midpoint          Freq.

   2.0145000E+00         4    XXXX
   2.0655000E+00        26    XXXXXXXXXXXXXXXXXXXXXXXXXX
   2.1165000E+00        25    XXXXXXXXXXXXXXXXXXXXXXXXX
   2.1675000E+00        25    XXXXXXXXXXXXXXXXXXXXXXXXX
   2.2185000E+00        25    XXXXXXXXXXXXXXXXXXXXXXXXX
   2.2694999E+00        25    XXXXXXXXXXXXXXXXXXXXXXXXX
   2.3204999E+00        25    XXXXXXXXXXXXXXXXXXXXXXXXX
   2.3714999E+00        25    XXXXXXXXXXXXXXXXXXXXXXXXX
   2.4224999E+00        25    XXXXXXXXXXXXXXXXXXXXXXXXX
   2.4734999E+00        25    XXXXXXXXXXXXXXXXXXXXXXXXX
   2.5244999E+00        25    XXXXXXXXXXXXXXXXXXXXXXXXX
   2.5754999E+00        25    XXXXXXXXXXXXXXXXXXXXXXXXX
   2.6264999E+00        25    XXXXXXXXXXXXXXXXXXXXXXXXX
   2.6774999E+00        25    XXXXXXXXXXXXXXXXXXXXXXXXX
   2.7284999E+00        25    XXXXXXXXXXXXXXXXXXXXXXXXX
   2.7794999E+00        25    XXXXXXXXXXXXXXXXXXXXXXXXX
   2.8304999E+00        25    XXXXXXXXXXXXXXXXXXXXXXXXX
   2.8814999E+00        25    XXXXXXXXXXXXXXXXXXXXXXXXX
   2.9324999E+00        25    XXXXXXXXXXXXXXXXXXXXXXXXX
   2.9834999E+00        25    XXXXXXXXXXXXXXXXXXXXXXXXX
   3.0344999E+00        20    XXXXXXXXXXXXXXXXXXXX
0                      500


      Min            Max           Range           Mean          Median        Variance

   2.0302105E+00  3.0492315E+00  1.0190210E+00  2.5400359E+00  2.5405403E+00  8.6691247E-02

1   Pecos::LHSDriver                                                                                                             
0  HISTOGRAM FOR VARIABLE NO.  5     UNIFORM DISTRIBUTION

     Midpoint          Freq.

   6.4049999E+00        23    XXXXXXXXXXXXXXXXXXXXXXX
   6.6149999E+00        26    XXXXXXXXXXXXXXXXXXXXXXXXXX
   6.8249998E+00        25    XXXXXXXXXXXXXXXXXXXXXXXXX
   7.0349998E+00        25    XXXXXXXXXXXXXXXXXXXXXXXXX
   7.2449998E+00        25    XXXXXXXXXXXXXXXXXXXXXXXXX
   7.4549998E+00        26    XXXXXXXXXXXXXXXXXXXXXXXXXX
   7.6649998E+00        24    XXXXXXXXXXXXXXXXXXXXXXXX
   7.8749998E+00        25    XXXXXXXXXXXXXXXXXXXXXXXXX
   8.0849998E+00        25    XXXXXXXXXXXXXXXXXXXXXXXXX
   8.2949998E+00        25    XXXXXXXXXXXXXXXXXXXXXXXXX
   8.5049998E+00        26    XXXXXXXXXXXXXXXXXXXXXXXXXX
   8.7149998E+00        25    XXXXXXXXXXXXXXXXXXXXXXXXX
   8.9249998E+00        25    XXXXXXXXXXXXXXXXXXXXXXXXX
   9.1349998E+00        25    XXXXXXXXXXXXXXXXXXXXXXXXX
   9.3449998E+00        25    XXXXXXXXXXXXXXXXXXXXXXXXX
   9.5549998E+00        25    XXXXXXXXXXXXXXXXXXXXXXXXX
   9.7649998E+00        25    XXXXXXXXXXXXXXXXXXXXXXXXX
   9.9749998E+00        25    XXXXXXXXXXXXXXXXXXXXXXXXX
   1.0185000E+01        25    XXXXXXXXXXXXXXXXXXXXXXXXX
   1.0395000E+01        25    XXXXXXXXXXXXXXXXXXXXXXXXX
0                      500


      Min            Max           Range           Mean          Median        Variance

   6.3144911E+00  1.0498771E+01  4.1842803E+00  8.4050425E+00  8.4042279E+00  1.4631214E+00

1   Pecos::LHSDriver                                                                                                             
0  HISTOGRAM FOR VARIABLE NO.  6     UNIFORM DISTRIBUTION

     Midpoint          Freq.

   3.7049999E+00         4    XXXX
   4.2749999E+00        24    XXXXXXXXXXXXXXXXXXXXXXXX
   4.8449999E+00        26    XXXXXXXXXXXXXXXXXXXXXXXXXX
   5.4149999E+00        24    XXXXXXXXXXXXXXXXXXXXXXXX
   5.9849999E+00        25    XXXXXXXXXXXXXXXXXXXXXXXXX
   6.5549999E+00        25    XXXXXXXXXXXXXXXXXXXXXXXXX
   7.1249998E+00        25    XXXXXXXXXXXXXXXXXXXXXXXXX
   7.6949998E+00        25    XXXXXXXXXXXXXXXXXXXXXXXXX
   8.2649998E+00        24    XXXXXXXXXXXXXXXXXXXXXXXX
   8.8349998E+00        25    XXXXXXXXXXXXXXXXXXXXXXXXX
   9.4049998E+00        25    XXXXXXXXXXXXXXXXXXXXXXXXX
   9.9749998E+00        25    XXXXXXXXXXXXXXXXXXXXXXXXX
   1.0545000E+01        25    XXXXXXXXXXXXXXXXXXXXXXXXX
   1.1115000E+01        24    XXXXXXXXXXXXXXXXXXXXXXXX
   1.1685000E+01        25    XXXXXXXXXXXXXXXXXXXXXXXXX
   1.2255000E+01        24    XXXXXXXXXXXXXXXXXXXXXXXX
   1.2825000E+01        26    XXXXXXXXXXXXXXXXXXXXXXXXXX
   1.3395000E+01        24    XXXXXXXXXXXXXXXXXXXXXXXX
   1.3965000E+01        25    XXXXXXXXXXXXXXXXXXXXXXXXX
   1.4535000E+01        25    XXXXXXXXXXXXXXXXXXXXXXXXX
   1.5105000E+01        24    XXXXXXXXXXXXXXXXXXXXXXXX
   1.5675000E+01         1    X
0                      500


      Min            Max           Range           Mean          Median        Variance

   3.9121668E+00  1.5396684E+01  1.1484517E+01  9.6500013E+00  9.6575380E+00  1.1022384E+01

1Pecos::LHSDriver                                                                                                             
0CORRELATIONS AMONG INPUT VARIABLES CREATED BY THE LATIN HYPERCUBE SAMPLE FOR RAW DATA                              PAGE   1
0    1  1.0000
0    2  0.0121  1.0000
0    3  0.0287  0.0088  1.0000
0    4  0.0190  0.0074 -0.0119  1.0000
0    5 -0.0014 -0.0037  0.0078 -0.0149  1.0000
0    6 -0.0127  0.0198 -0.0010  0.0108 -0.0117  1.0000
0            1       2       3       4       5       6
0VARIABLES
0THE VARIANCE INFLATION FACTOR FOR THIS MATRIX IS  1.00
1Pecos::LHSDriver                                                                                                             
0CORRELATIONS AMONG INPUT VARIABLES CREATED BY THE LATIN HYPERCUBE SAMPLE FOR RANK DATA                              PAGE   1
0    1  1.0000
0    2  0.0122  1.0000
0    3  0.0284  0.0088  1.0000
0    4  0.0191  0.0073 -0.0119  1.0000
0    5 -0.0014 -0.0038  0.0076 -0.0148  1.0000
0    6 -0.0127  0.0197 -0.0009  0.0109 -0.0118  1.0000
0            1       2       3       4       5       6
0VARIABLES
0THE VARIANCE INFLATION FACTOR FOR THIS MATRIX IS  1.00
