1

                                             * * * * * * * * *  L H S  * * * * * * * * *

                                             LATIN HYPERCUBE AND RANDOM SAMPLING PROGRAM

                                             * * * * * * * * * * * * * * * * * * * * * *


    Run on  3/ 2/24 at 21: 0:21.80 with LHS Version: 2.30 Release 1, Compiled May 31, 2001        


0    Pecos::LHSDriver

    Random Seed =      595457

    Number of Variables =   6

    Number of Observations =  500
0   The sample was written to the file: LHS_samples.out
0   Input was read from the file: 
0   The sample input vectors will be printed along with their corresponding ranks.
0   Histograms of the actual sample will be plotted for each input variable.
0   The correlation matrices (raw data and rank correlations) will be printed.
1

    Pecos::LHSDriver                                                                                                             

    VARIABLE  DISTRIBUTION          RANGE            LABEL
0       1        UNIFORM     1.49     TO   2.23                                                        
0       2        UNIFORM     6.40     TO   9.60                                                        
0       3        UNIFORM     5.60     TO   8.40                                                        
0       4        UNIFORM     2.03     TO   3.05                                                        
0       5        UNIFORM     6.31     TO   10.5                                                        
0       6        UNIFORM     3.90     TO   15.4                                                        
1Pecos::LHSDriver                                                                                                             
0LATIN HYPERCUBE SAMPLE INPUT VECTORS

 RUN NO. X(1)      X(2)      X(3)      X(4)      X(5)      X(6)
0    1  1.59      7.60      7.24      2.19      8.25      5.44    
0    2  1.73      8.96      8.19      2.20      7.72      12.3    
0    3  1.68      7.84      8.13      2.76      8.01      6.20    
0    4  1.65      9.28      7.68      2.54      7.58      12.0    
0    5  2.06      7.14      7.80      3.03      8.42      7.29    
0    6  2.13      8.14      6.58      2.17      9.33      6.80    
0    7  1.75      8.95      5.86      2.61      10.0      9.20    
0    8  1.71      7.39      6.41      2.47      9.87      4.40    
0    9  1.81      7.99      7.79      2.54      6.67      10.7    
0   10  2.06      6.53      6.46      2.87      7.89      11.0    
0   11  2.18      7.94      8.06      2.35      10.3      10.9    
0   12  1.68      8.77      5.73      2.56      7.40      14.0    
0   13  1.84      7.58      5.85      2.92      9.31      7.98    
0   14  1.91      7.65      6.37      2.94      6.89      5.24    
0   15  1.69      9.58      8.27      2.98      8.76      11.6    
0   16  1.51      9.39      7.59      2.88      6.50      11.3    
0   17  1.87      8.82      7.44      2.58      6.66      11.2    
0   18  2.16      6.42      6.30      2.64      9.27      5.60    
0   19  1.57      6.90      6.22      2.43      9.48      3.94    
0   20  1.89      8.02      5.97      2.94      8.37      10.3    
0   21  1.60      8.65      6.84      2.42      10.3      6.16    
0   22  1.76      7.53      6.75      2.08      7.09      6.33    
0   23  1.50      6.65      8.32      2.64      6.75      7.41    
0   24  2.21      8.92      7.59      2.96      7.61      14.1    
0   25  1.68      6.45      6.03      2.89      8.47      9.95    
0   26  2.09      8.52      6.99      2.04      8.37      13.3    
0   27  1.86      8.91      7.78      2.31      7.51      14.2    
0   28  1.73      7.44      8.01      3.04      6.64      8.18    
0   29  1.83      8.10      6.40      2.98      10.2      14.3    
0   30  1.87      6.59      5.99      2.88      7.11      5.31    
0   31  1.54      8.24      7.74      2.59      10.1      5.56    
0   32  1.97      9.18      7.85      2.56      8.19      8.28    
0   33  2.17      7.25      6.77      2.52      8.40      10.9    
0   34  2.23      9.50      6.44      2.25      6.72      11.3    
0   35  2.08      8.27      6.19      2.88      7.34      9.51    
0   36  2.02      8.87      6.82      2.99      8.61      4.14    
0   37  1.72      9.55      7.63      2.48      10.1      8.65    
0   38  2.03      8.51      7.95      2.65      8.89      4.41    
0   39  2.06      7.38      6.78      2.19      6.96      5.23    
0   40  2.00      8.60      7.93      3.00      8.99      4.84    
0   41  1.80      7.10      7.23      2.37      6.48      4.99    
0   42  2.15      8.49      7.77      2.71      9.94      7.12    
0   43  1.75      7.61      5.62      2.35      10.5      8.88    
0   44  2.07      9.04      6.27      3.04      8.30      15.0    
0   45  1.95      7.65      6.17      2.06      9.83      6.30    
0   46  2.14      8.97      5.75      2.64      9.44      13.6    
0   47  1.79      6.85      7.97      2.18      10.0      7.09    
0   48  2.07      7.90      8.22      2.10      6.87      13.5    
0   49  2.07      9.12      7.70      2.75      7.56      9.36    
0   50  1.77      8.56      5.85      2.85      7.87      4.85    
0   51  1.69      9.34      6.49      2.59      8.00      7.33    
0   52  1.70      6.60      6.99      2.47      10.1      13.9    
0   53  2.19      7.34      6.10      3.01      9.18      6.55    
0   54  1.59      7.61      8.30      2.50      9.99      10.5    
0   55  1.81      7.68      6.76      2.17      8.41      10.5    
0   56  2.06      6.49      8.02      2.28      8.84      14.6    
0   57  1.65      8.75      8.01      2.34      6.97      15.0    
0   58  1.59      7.33      8.08      2.21      10.2      14.1    
0   59  1.89      7.09      6.58      2.34      6.62      5.51    
0   60  2.07      9.07      6.89      2.87      7.56      11.4    
0   61  2.12      9.08      7.71      2.43      6.98      11.7    
0   62  1.82      8.83      8.19      2.70      6.62      6.65    
0   63  1.51      9.54      7.55      2.25      9.69      10.0    
0   64  1.51      9.11      6.70      2.63      9.95      6.45    
0   65  1.76      7.30      6.36      2.14      8.88      3.96    
0   66  1.78      6.99      5.81      2.55      9.44      12.3    
0   67  1.58      8.20      7.18      3.00      9.04      6.12    
0   68  1.84      8.13      8.03      2.45      9.69      4.35    
0   69  1.56      7.27      7.73      2.84      10.3      10.8    
0   70  2.21      9.17      6.64      2.80      7.61      12.6    
0   71  1.89      9.47      5.82      2.85      8.40      6.58    
0   72  2.21      6.91      8.11      2.50      6.43      7.48    
0   73  2.13      8.06      5.73      2.51      7.63      15.0    
0   74  1.77      9.25      5.77      2.56      7.31      8.01    
0   75  1.76      7.97      7.29      2.32      7.48      11.6    
0   76  1.82      6.95      6.11      2.53      7.58      14.9    
0   77  2.18      7.43      6.80      2.42      8.51      12.4    
0   78  2.13      8.34      7.74      2.79      7.92      6.83    
0   79  1.99      7.43      7.46      3.04      6.78      5.35    
0   80  2.01      6.62      6.25      2.60      9.06      7.84    
0   81  1.88      8.24      6.92      2.59      9.09      12.8    
0   82  2.11      6.52      7.19      2.05      9.49      10.8    
0   83  1.74      8.08      6.70      2.18      9.32      8.61    
0   84  1.99      7.16      7.03      2.70      8.98      9.79    
0   85  2.05      7.79      8.25      2.61      9.56      4.00    
0   86  1.89      8.78      5.64      2.15      7.42      6.18    
0   87  1.88      7.88      6.91      3.03      8.65      8.49    
0   88  1.55      9.27      5.77      2.23      9.12      13.1    
0   89  2.12      6.63      7.46      2.30      10.1      11.8    
0   90  1.80      7.20      8.12      2.82      10.2      10.4    
0   91  2.01      9.05      6.73      2.11      6.80      12.1    
0   92  1.54      8.50      7.86      2.54      7.94      9.33    
0   93  1.64      6.83      7.13      2.08      9.35      4.17    
0   94  1.54      8.44      5.72      2.65      9.24      11.3    
0   95  1.52      7.54      6.02      2.86      10.5      5.91    
0   96  1.60      8.87      6.14      2.97      8.29      12.1    
0   97  2.04      6.93      7.48      2.44      8.78      12.4    
0   98  1.95      7.02      5.78      2.37      7.48      9.23    
0   99  1.88      8.45      7.71      2.68      7.45      9.80    
0  100  1.57      8.40      6.61      3.05      8.86      7.87    
0  101  2.10      6.56      8.05      2.55      8.56      6.75    
0  102  1.94      8.13      6.07      2.03      8.31      6.09    
0  103  1.81      8.71      5.87      2.16      6.31      8.32    
0  104  2.00      6.45      7.32      2.57      7.77      14.8    
0  105  1.78      7.39      7.10      2.19      6.46      8.39    
0  106  2.12      7.71      6.44      2.91      9.48      11.9    
0  107  1.90      9.31      6.39      2.29      6.92      6.63    
0  108  1.49      7.17      6.61      2.22      8.63      5.97    
0  109  1.98      6.41      8.32      2.30      6.86      11.7    
0  110  2.01      8.99      8.23      2.49      9.91      9.32    
0  111  2.19      8.85      6.08      2.16      7.97      6.48    
0  112  1.62      9.37      6.36      2.23      8.09      9.75    
0  113  1.79      7.68      6.21      2.49      9.80      4.96    
0  114  1.78      9.01      6.14      2.90      8.82      12.4    
0  115  1.91      8.98      7.61      2.12      9.75      7.89    
0  116  2.08      8.18      6.29      2.92      9.29      14.4    
0  117  2.05      6.70      7.54      2.89      9.28      12.2    
0  118  1.63      9.09      8.24      2.24      6.81      11.8    
0  119  1.50      8.72      6.19      2.90      7.30      6.75    
0  120  2.00      7.48      6.97      2.20      6.85      4.45    
0  121  2.11      8.17      7.65      2.94      7.04      12.8    
0  122  2.20      6.58      7.51      2.97      10.1      13.4    
0  123  2.17      7.21      7.70      2.05      8.80      13.8    
0  124  1.69      9.19      7.86      2.67      9.53      11.2    
0  125  2.21      8.15      8.13      2.50      8.49      6.37    
0  126  1.98      7.75      6.35      2.24      7.45      9.65    
0  127  2.03      8.08      7.01      2.28      10.5      10.1    
0  128  1.53      7.78      7.03      2.26      10.1      10.6    
0  129  1.69      7.41      6.50      2.79      8.54      13.3    
0  130  1.80      7.70      7.53      3.01      6.33      4.06    
0  131  1.85      6.74      6.85      2.32      7.70      11.7    
0  132  1.62      9.39      7.34      2.11      7.20      10.6    
0  133  1.93      7.63      8.35      2.08      9.00      5.40    
0  134  2.00      9.04      6.00      2.63      8.60      6.05    
0  135  1.99      8.63      7.67      2.56      9.30      7.68    
0  136  2.18      7.66      6.93      2.26      8.53      4.68    
0  137  1.92      7.62      6.34      2.61      6.42      6.88    
0  138  1.50      8.78      6.97      2.36      9.42      8.72    
0  139  2.00      7.01      6.64      2.32      8.11      12.8    
0  140  1.85      8.04      7.85      2.64      9.96      9.61    
0  141  2.22      8.81      6.83      2.79      8.74      4.73    
0  142  1.83      8.92      6.75      2.93      7.68      13.2    
0  143  1.51      6.61      8.04      3.00      7.74      7.27    
0  144  1.53      7.93      7.36      2.09      8.80      14.9    
0  145  2.04      6.76      6.47      2.44      9.85      8.04    
0  146  1.78      6.51      7.00      2.69      7.65      4.87    
0  147  1.57      9.30      7.93      2.86      9.99      11.4    
0  148  2.11      9.21      5.99      2.39      8.63      11.5    
0  149  1.58      9.13      8.29      2.23      7.98      14.0    
0  150  1.71      8.54      7.15      2.73      7.73      4.62    
0  151  1.61      6.59      7.54      2.81      9.51      9.13    
0  152  2.14      7.08      7.24      2.26      8.08      6.81    
0  153  1.88      8.59      7.50      2.37      6.65      13.7    
0  154  2.11      6.87      6.15      2.49      7.79      7.70    
0  155  1.97      8.90      6.68      2.22      7.54      12.5    
0  156  1.66      6.94      7.41      2.57      7.05      9.59    
0  157  2.13      6.43      6.74      2.03      6.94      11.7    
0  158  2.17      6.87      6.94      2.34      7.03      13.4    
0  159  2.01      9.20      8.09      2.88      10.1      12.0    
0  160  1.85      7.88      5.83      3.02      9.20      7.42    
0  161  1.91      6.74      6.94      2.09      8.50      15.3    
0  162  1.93      6.72      7.89      2.27      8.57      6.89    
0  163  1.55      7.59      8.09      2.41      8.14      11.4    
0  164  2.02      8.74      7.43      2.06      9.07      7.37    
0  165  2.11      7.76      6.92      2.42      9.57      4.59    
0  166  1.79      6.90      6.63      3.03      9.19      5.89    
0  167  2.19      6.71      5.87      2.35      10.2      14.5    
0  168  1.63      7.13      7.52      2.78      7.31      13.2    
0  169  1.55      8.82      7.76      2.06      7.08      13.1    
0  170  1.73      7.96      6.49      2.45      6.39      14.2    
0  171  1.98      8.11      5.82      2.53      7.14      6.67    
0  172  1.62      6.44      5.90      2.46      9.65      12.8    
0  173  1.96      8.94      8.40      2.80      7.83      9.57    
0  174  2.01      9.16      8.07      2.14      9.74      7.16    
0  175  2.22      7.12      7.90      2.24      8.78      14.1    
0  176  1.78      6.78      7.22      2.45      9.50      5.71    
0  177  1.81      9.15      5.97      2.50      8.10      5.77    
0  178  1.98      8.57      8.16      2.84      7.92      6.40    
0  179  1.74      6.47      6.16      2.88      8.72      14.6    
0  180  1.93      8.70      7.87      2.82      10.3      9.54    
0  181  1.52      9.53      5.61      2.34      9.77      5.60    
0  182  1.98      6.85      5.75      2.56      9.63      8.02    
0  183  1.62      7.50      7.67      2.13      6.61      13.1    
0  184  1.61      8.69      5.69      2.77      7.90      9.28    
0  185  1.75      7.93      5.63      2.17      9.17      14.1    
0  186  1.49      6.57      6.08      2.62      6.73      13.6    
0  187  2.15      9.53      5.72      2.29      9.29      4.50    
0  188  1.77      7.24      5.81      2.62      6.83      13.7    
0  189  1.87      9.43      6.38      2.11      8.62      5.72    
0  190  2.09      8.93      5.61      2.86      9.88      14.8    
0  191  1.56      7.82      7.60      2.95      10.3      9.45    
0  192  2.16      8.49      6.45      2.77      10.4      14.8    
0  193  1.82      6.68      7.43      2.26      9.57      8.14    
0  194  1.88      6.69      5.93      2.40      6.58      7.18    
0  195  2.10      9.26      7.47      2.33      8.69      10.1    
0  196  2.16      7.95      7.12      2.51      10.5      14.1    
0  197  2.08      8.96      6.81      2.97      8.93      9.42    
0  198  1.95      9.49      6.56      2.26      10.4      5.87    
0  199  1.73      8.69      7.51      2.73      8.81      12.8    
0  200  1.77      7.67      7.56      2.13      7.66      9.66    
0  201  1.95      8.17      7.65      2.99      7.13      7.14    
0  202  1.55      8.86      6.26      2.85      7.37      12.7    
0  203  1.63      8.46      6.77      2.07      6.56      7.01    
0  204  1.91      7.70      6.66      2.48      6.55      12.9    
0  205  1.97      7.37      7.38      2.39      6.67      4.58    
0  206  2.03      7.96      7.83      2.16      9.89      15.3    
0  207  2.17      7.84      6.40      2.61      8.73      11.0    
0  208  1.75      9.42      7.96      2.53      10.4      6.94    
0  209  1.60      8.28      8.26      2.67      7.18      13.6    
0  210  1.93      6.75      6.83      2.93      9.06      4.28    
0  211  2.19      7.92      7.00      2.43      9.14      15.1    
0  212  2.18      8.44      6.12      2.12      8.66      4.21    
0  213  2.11      8.23      5.89      2.96      8.03      9.87    
0  214  1.87      8.60      5.84      2.79      8.36      15.2    
0  215  1.91      9.36      7.36      2.65      9.37      14.3    
0  216  1.86      7.78      6.21      2.83      7.74      7.78    
0  217  1.57      7.23      7.49      2.50      7.10      6.54    
0  218  1.92      7.89      6.52      2.59      9.45      4.77    
0  219  1.50      6.58      5.94      2.83      9.15      8.67    
0  220  1.51      7.59      7.49      2.91      8.59      13.7    
0  221  1.52      7.69      7.56      2.08      9.16      10.5    
0  222  1.83      7.36      7.98      2.53      9.39      10.6    
0  223  1.82      7.06      6.27      2.55      10.2      11.1    
0  224  2.21      8.39      5.80      2.69      7.51      4.38    
0  225  1.68      6.56      7.96      2.31      8.04      11.5    
0  226  1.71      8.91      7.29      2.32      8.17      14.3    
0  227  1.74      8.13      7.04      2.11      9.41      6.07    
0  228  1.69      7.15      6.47      2.76      7.07      15.4    
0  229  1.65      9.03      6.31      2.08      9.11      12.5    
0  230  2.02      7.89      7.86      2.51      6.80      10.2    
0  231  1.85      8.97      6.02      2.55      9.20      14.5    
0  232  1.59      7.51      6.87      2.35      9.40      4.53    
0  233  1.51      6.80      6.98      2.05      8.90      4.13    
0  234  1.61      6.55      6.69      2.72      8.12      9.00    
0  235  1.74      9.54      7.10      2.32      9.85      11.2    
0  236  2.15      7.90      7.97      2.58      7.95      13.0    
0  237  1.50      7.98      7.38      2.96      9.58      8.80    
0  238  1.56      9.23      7.92      2.13      7.93      14.2    
0  239  1.95      6.63      8.38      2.15      7.15      4.25    
0  240  1.96      6.42      8.30      2.80      8.05      8.58    
0  241  1.84      8.48      7.57      2.76      9.44      10.1    
0  242  1.96      9.24      8.31      2.75      10.4      5.82    
0  243  1.70      9.08      8.27      2.86      8.07      13.3    
0  244  2.18      8.22      6.04      2.42      6.34      13.4    
0  245  2.16      8.41      8.03      2.54      9.88      10.1    
0  246  1.55      8.83      7.11      2.52      6.32      5.04    
0  247  1.72      7.41      7.97      2.66      9.02      12.5    
0  248  1.54      9.59      7.83      2.73      8.77      6.92    
0  249  1.53      9.02      6.67      2.04      9.74      7.44    
0  250  1.72      8.00      5.88      2.82      7.17      6.61    
0  251  1.99      6.50      6.25      2.99      7.25      13.0    
0  252  2.06      7.24      7.33      2.96      8.87      13.5    
0  253  1.77      7.29      7.27      2.77      9.98      11.6    
0  254  1.98      6.61      6.20      2.35      7.67      13.8    
0  255  1.60      9.46      6.50      2.39      7.68      8.86    
0  256  1.94      8.68      7.75      2.81      8.48      13.8    
0  257  2.03      7.40      6.04      2.71      8.85      4.90    
0  258  1.90      7.19      5.61      2.39      8.99      4.03    
0  259  1.80      7.36      7.08      2.61      9.97      12.3    
0  260  2.09      8.31      7.36      2.46      7.79      10.8    
0  261  2.22      6.40      6.87      2.85      10.2      9.07    
0  262  1.54      7.52      6.39      2.78      6.52      5.94    
0  263  1.97      8.26      6.07      2.74      9.76      10.4    
0  264  1.92      7.06      5.66      2.40      8.70      7.58    
0  265  1.67      7.74      6.62      2.22      8.71      8.46    
0  266  1.63      7.13      5.65      2.83      7.43      5.08    
0  267  1.64      9.05      6.55      3.00      7.01      9.11    
0  268  1.58      6.99      6.59      2.68      6.91      4.72    
0  269  1.96      6.54      6.54      2.76      8.22      12.7    
0  270  1.96      8.76      5.90      2.84      8.04      10.9    
0  271  1.94      7.50      6.38      2.06      10.3      10.5    
0  272  2.17      9.26      7.10      2.82      9.34      13.9    
0  273  1.56      9.08      7.81      2.38      8.94      12.2    
0  274  1.92      6.67      7.63      2.60      7.91      13.3    
0  275  1.93      7.47      6.51      2.04      7.22      8.50    
0  276  1.83      6.96      6.48      2.93      6.36      6.02    
0  277  2.05      6.54      5.79      2.85      9.77      11.3    
0  278  1.52      8.19      7.35      2.27      7.09      12.9    
0  279  1.72      7.16      6.89      2.48      8.52      12.1    
0  280  1.66      7.95      5.81      2.16      9.38      11.5    
0  281  2.05      7.02      6.33      2.57      6.68      13.7    
0  282  1.84      6.98      5.89      2.44      6.93      14.7    
0  283  2.04      7.73      6.10      2.76      6.49      13.2    
0  284  2.10      9.21      6.60      2.94      6.81      15.0    
0  285  1.58      8.57      6.06      2.99      10.4      15.2    
0  286  1.91      8.40      6.24      2.65      8.58      6.99    
0  287  1.61      7.12      5.80      2.63      9.54      5.68    
0  288  1.71      8.12      6.55      2.90      8.31      12.7    
0  289  1.82      8.05      7.92      3.02      8.97      7.74    
0  290  1.70      6.73      7.72      2.21      10.4      11.4    
0  291  2.04      6.79      6.16      2.20      7.53      7.23    
0  292  2.13      6.49      7.17      2.24      10.5      4.10    
0  293  2.11      8.67      6.73      2.36      8.43      11.1    
0  294  1.97      8.33      5.70      2.06      9.55      12.9    
0  295  1.81      8.86      7.13      2.38      7.37      9.18    
0  296  1.90      7.20      7.49      2.39      6.52      15.3    
0  297  1.62      7.55      7.66      2.44      8.53      5.01    
0  298  2.12      9.01      6.89      3.04      6.53      5.98    
0  299  1.50      8.62      7.45      2.04      8.42      8.16    
0  300  1.69      9.22      6.13      2.78      6.57      14.3    
0  301  2.17      7.42      5.76      2.17      9.72      4.94    
0  302  1.84      7.04      7.16      2.98      8.24      14.0    
0  303  2.08      6.76      7.07      2.72      8.90      10.5    
0  304  2.16      6.43      7.21      2.33      8.13      9.69    
0  305  2.17      8.76      7.15      2.89      8.12      4.67    
0  306  1.99      7.00      7.35      3.03      7.76      13.5    
0  307  1.95      9.41      7.39      2.51      9.13      9.53    
0  308  1.87      8.89      6.42      2.13      6.50      15.2    
0  309  1.86      9.48      7.72      2.20      9.66      8.55    
0  310  1.59      9.12      6.24      2.17      9.27      10.7    
0  311  1.92      7.99      6.65      2.41      8.26      14.8    
0  312  1.83      7.45      8.29      2.63      9.91      6.70    
0  313  2.18      8.28      8.10      2.68      7.16      9.47    
0  314  1.68      8.46      8.39      2.48      7.84      10.8    
0  315  1.97      9.48      8.34      2.65      8.44      6.29    
0  316  2.00      8.75      6.19      2.67      7.23      10.4    
0  317  1.94      8.37      6.28      2.47      7.57      13.0    
0  318  2.08      9.49      8.18      2.74      7.43      5.80    
0  319  1.90      9.36      7.61      2.24      7.00      10.3    
0  320  2.07      8.04      7.14      2.05      6.74      11.9    
0  321  2.14      8.01      7.87      2.91      9.51      11.0    
0  322  1.84      6.72      8.15      2.68      7.06      11.0    
0  323  2.13      6.77      6.82      2.62      7.81      13.9    
0  324  1.86      7.31      7.02      2.07      6.69      12.6    
0  325  1.53      6.51      5.86      2.42      10.1      7.93    
0  326  1.88      9.43      6.63      2.90      7.27      9.73    
0  327  2.03      6.47      8.34      2.53      7.21      8.94    
0  328  1.84      7.40      6.10      2.80      7.33      12.2    
0  329  2.09      6.52      5.65      2.71      6.84      8.41    
0  330  2.14      8.58      8.25      2.27      6.60      5.45    
0  331  2.21      7.04      7.55      2.59      10.4      11.8    
0  332  1.71      8.11      6.95      2.57      6.72      7.80    
0  333  1.63      7.81      8.05      2.72      10.4      14.4    
0  334  1.86      6.82      7.31      2.99      7.59      6.42    
0  335  2.05      6.65      6.96      2.22      9.60      9.02    
0  336  1.86      8.64      6.81      2.67      9.47      10.2    
0  337  2.14      9.45      8.02      2.13      10.3      14.5    
0  338  2.22      9.29      6.33      2.30      8.68      4.79    
0  339  1.55      7.76      5.74      2.87      10.4      11.9    
0  340  1.76      7.03      7.05      2.68      10.4      9.92    
0  341  2.11      6.70      8.23      2.29      8.49      7.38    
0  342  1.79      8.53      7.47      2.40      7.76      5.10    
0  343  1.57      9.38      8.31      2.70      8.33      13.5    
0  344  1.62      6.81      7.82      2.27      6.90      12.2    
0  345  1.52      9.06      7.77      2.95      6.76      4.93    
0  346  1.60      7.11      6.88      2.09      8.18      7.50    
0  347  2.19      8.84      8.16      2.32      8.05      6.26    
0  348  1.56      7.87      6.43      2.27      10.2      11.2    
0  349  2.19      9.59      7.62      2.10      10.0      12.4    
0  350  1.62      6.87      6.91      2.79      9.64      14.9    
0  351  1.65      7.22      5.63      2.71      9.81      14.4    
0  352  2.20      7.45      7.32      2.72      10.3      12.4    
0  353  1.63      7.73      5.92      2.40      7.27      8.12    
0  354  1.52      7.05      7.29      2.12      6.78      3.98    
0  355  1.61      8.32      8.20      2.66      8.68      8.91    
0  356  2.04      9.32      7.62      2.91      7.46      4.51    
0  357  1.90      8.31      5.67      2.47      9.62      7.75    
0  358  2.13      6.82      6.75      2.92      8.08      9.99    
0  359  1.64      6.68      7.06      2.66      9.09      8.09    
0  360  1.53      7.86      8.27      2.16      8.00      8.70    
0  361  1.56      8.26      6.66      2.73      9.70      5.34    
0  362  1.86      7.07      7.40      3.02      8.67      13.0    
0  363  1.56      7.15      7.26      2.62      8.34      8.38    
0  364  1.70      7.28      6.69      2.96      6.98      14.4    
0  365  2.10      8.25      8.28      2.25      8.15      3.91    
0  366  1.52      7.18      6.59      2.57      9.78      13.8    
0  367  1.67      9.14      7.64      2.47      10.3      15.1    
0  368  1.70      8.21      7.12      2.45      8.75      11.2    
0  369  1.81      7.28      7.04      3.04      9.67      8.77    
0  370  1.88      8.66      6.52      2.87      7.24      7.25    
0  371  1.94      9.56      7.37      2.47      10.2      5.52    
0  372  1.66      8.99      8.09      2.28      8.83      10.2    
0  373  1.73      6.66      7.25      2.09      7.85      14.5    
0  374  1.81      7.25      6.95      2.60      7.78      11.5    
0  375  1.96      7.80      6.71      2.65      7.52      7.56    
0  376  1.94      9.35      8.21      2.23      9.40      9.81    
0  377  1.97      8.89      6.01      2.29      9.72      14.2    
0  378  1.95      8.42      7.82      2.40      9.62      13.9    
0  379  1.72      9.31      7.43      2.15      7.65      5.20    
0  380  2.01      7.54      6.48      2.25      10.4      10.3    
0  381  2.20      8.65      7.94      2.75      7.32      9.24    
0  382  1.72      8.32      7.06      2.92      6.35      8.75    
0  383  1.74      7.72      7.99      2.63      9.93      6.25    
0  384  1.64      8.02      8.38      2.84      7.98      14.9    
0  385  1.82      6.88      8.12      2.49      10.3      5.54    
0  386  2.22      9.42      7.40      2.60      6.59      11.6    
0  387  1.75      8.22      7.42      2.97      8.64      10.9    
0  388  1.67      9.30      5.66      2.10      9.90      8.08    
0  389  2.16      7.57      6.06      2.89      7.81      4.32    
0  390  2.06      8.56      6.18      2.80      7.21      10.2    
0  391  2.04      7.46      7.17      2.46      8.97      14.8    
0  392  1.79      8.47      7.44      2.20      8.93      12.0    
0  393  1.68      7.56      7.19      2.70      6.88      11.1    
0  394  2.22      9.57      6.68      2.86      6.38      4.18    
0  395  1.60      8.49      8.07      3.00      9.79      5.38    
0  396  1.78      7.86      7.84      2.81      10.0      13.3    
0  397  1.65      8.61      8.37      3.02      8.46      4.07    
0  398  2.08      6.98      7.66      2.21      6.93      7.32    
0  399  1.66      7.10      6.57      2.72      9.67      12.0    
0  400  1.66      8.37      6.35      2.89      8.92      10.6    
0  401  1.67      9.33      5.99      2.10      9.23      7.90    
0  402  1.82      9.44      7.99      2.77      6.42      8.54    
0  403  1.49      8.80      6.43      2.95      7.39      4.46    
0  404  1.71      7.49      6.84      2.75      8.95      15.1    
0  405  1.59      7.19      7.91      2.41      9.36      13.0    
0  406  1.75      8.20      7.94      2.77      8.35      11.1    
0  407  2.20      7.92      5.95      2.82      7.12      10.7    
0  408  2.15      7.81      8.22      2.18      9.38      9.38    
0  409  1.64      7.34      7.88      2.23      7.26      9.16    
0  410  2.05      9.60      5.98      2.28      7.71      12.9    
0  411  1.87      9.40      5.71      2.22      8.73      9.29    
0  412  1.98      8.43      6.13      2.58      10.2      4.23    
0  413  1.61      9.17      8.21      2.90      7.64      14.6    
0  414  1.57      8.81      7.58      2.19      7.24      8.79    
0  415  1.54      7.72      7.57      2.07      7.96      15.1    
0  416  1.69      6.84      6.86      2.44      6.36      9.41    
0  417  1.67      8.71      5.76      2.94      8.58      12.6    
0  418  2.04      6.86      6.01      2.33      6.48      13.2    
0  419  1.90      7.33      6.31      2.05      6.95      8.84    
0  420  2.06      7.32      8.18      3.01      9.84      13.1    
0  421  1.73      6.46      8.15      2.93      8.91      5.06    
0  422  2.20      8.88      8.11      2.60      9.86      7.97    
0  423  1.73      7.62      5.96      2.11      9.24      10.1    
0  424  1.67      8.72      7.53      2.83      10.2      7.67    
0  425  1.83      6.77      8.20      2.69      9.82      11.9    
0  426  2.10      7.85      7.09      2.52      10.3      8.23    
0  427  1.94      7.08      7.60      2.15      8.27      5.85    
0  428  1.76      8.58      6.53      2.83      6.45      8.21    
0  429  1.79      8.30      8.35      2.42      9.01      11.8    
0  430  2.10      6.67      6.29      2.38      7.15      8.34    
0  431  2.23      9.45      5.69      2.75      7.18      9.03    
0  432  1.66      8.94      5.68      2.81      7.00      7.81    
0  433  1.59      8.01      6.34      2.58      10.1      7.19    
0  434  1.50      9.51      6.53      3.01      9.22      9.71    
0  435  1.65      9.15      7.75      2.36      9.70      13.5    
0  436  1.78      7.47      6.57      2.92      6.87      14.3    
0  437  1.53      8.35      5.96      2.14      6.41      8.25    
0  438  2.21      9.57      6.65      2.46      8.16      13.4    
0  439  1.85      7.31      6.73      2.14      8.45      9.10    
0  440  2.16      8.18      6.41      2.63      8.20      14.6    
0  441  2.15      9.19      6.97      2.52      6.83      7.56    
0  442  2.14      8.55      6.80      2.04      10.2      11.7    
0  443  2.02      7.26      8.36      2.30      6.46      9.90    
0  444  1.92      9.10      6.72      2.46      8.22      15.0    
0  445  2.20      8.36      7.02      2.18      10.3      9.94    
0  446  1.69      6.48      8.17      2.30      7.71      12.3    
0  447  2.01      8.54      5.94      2.82      9.53      6.51    
0  448  2.22      7.64      7.22      2.74      9.22      5.18    
0  449  1.75      8.34      7.21      2.36      8.28      8.62    
0  450  2.12      9.33      5.87      2.38      10.0      8.98    
0  451  1.66      6.96      5.92      2.28      6.54      7.52    
0  452  1.99      8.79      6.45      2.44      10.5      15.2    
0  453  1.57      6.82      6.90      2.37      7.54      12.0    
0  454  2.20      8.42      5.70      2.66      7.02      13.7    
0  455  1.58      6.91      8.00      2.53      9.03      5.75    
0  456  1.80      7.82      8.14      2.58      7.85      6.34    
0  457  1.58      9.24      6.12      2.70      10.1      7.04    
0  458  1.89      7.57      6.32      2.31      9.61      5.65    
0  459  1.51      8.29      7.25      2.29      7.62      6.87    
0  460  2.23      6.78      7.80      2.55      7.82      5.63    
0  461  1.73      7.01      7.34      2.98      9.08      6.46    
0  462  1.55      6.89      7.69      2.49      8.32      12.5    
0  463  2.09      9.00      6.04      2.33      6.70      4.81    
0  464  1.64      8.07      7.07      2.78      8.18      6.97    
0  465  1.67      9.35      7.27      2.51      6.44      10.7    
0  466  1.54      6.97      6.09      2.98      9.26      10.0    
0  467  1.77      8.03      8.05      2.14      6.57      11.8    
0  468  2.02      9.29      6.22      3.02      6.71      15.3    
0  469  1.80      7.77      6.79      2.69      8.85      14.7    
0  470  1.77      9.14      6.30      2.91      7.86      14.7    
0  471  1.89      9.41      6.17      2.10      9.92      6.72    
0  472  1.93      7.66      6.86      2.38      6.64      5.47    
0  473  2.06      9.10      7.90      2.33      7.35      11.0    
0  474  2.07      7.83      7.68      2.43      7.88      9.85    
0  475  1.76      6.92      5.91      2.95      7.41      10.5    
0  476  1.81      8.09      7.79      2.13      7.29      12.2    
0  477  1.85      8.35      6.61      2.67      8.29      15.2    
0  478  1.87      6.64      7.20      2.19      7.40      12.6    
0  479  1.64      8.27      5.93      2.18      7.35      5.16    
0  480  1.60      6.93      6.05      2.37      10.1      7.63    
0  481  2.18      8.62      7.30      2.07      10.0      5.13    
0  482  1.94      7.35      8.33      2.41      7.38      13.6    
0  483  1.71      8.74      7.78      2.74      8.23      15.4    
0  484  2.12      8.63      6.54      2.05      9.11      14.0    
0  485  2.02      8.07      7.08      2.69      7.47      7.61    
0  486  1.70      8.67      6.23      2.22      6.38      7.06    
0  487  2.02      7.56      7.31      2.36      10.1      5.27    
0  488  2.09      7.52      7.23      2.21      6.76      6.02    
0  489  2.00      9.52      7.27      2.31      8.38      6.14    
0  490  2.08      9.23      7.18      3.04      9.16      4.29    
0  491  1.92      7.22      7.39      2.71      6.39      14.7    
0  492  2.03      9.51      8.38      2.97      9.59      8.92    
0  493  2.15      7.49      7.16      3.02      8.21      12.7    
0  494  1.76      8.15      6.26      2.74      10.4      10.3    
0  495  1.89      8.06      8.36      2.78      7.99      8.30    
0  496  1.63      8.52      5.74      2.12      7.49      8.44    
0  497  2.09      8.43      7.90      2.94      9.04      4.55    
0  498  2.15      8.38      6.78      2.87      10.1      5.30    
0  499  1.74      7.27      5.68      3.05      8.55      4.66    
0  500  1.90      7.79      5.63      2.09      7.03      10.4    
1Pecos::LHSDriver                                                                                                             
0RANKS OF LATIN HYPERCUBE SAMPLE INPUT VECTORS

 RUN NO.    X(1)      X(2)      X(3)      X(4)      X(5)      X(6)
0    1       65.      188.      294.       80.      232.       67.
0    2      164.      401.      463.       82.      169.      367.
0    3      129.      225.      452.      360.      204.      101.
0    4      108.      450.      372.      250.      152.      354.
0    5      385.      116.      394.      491.      253.      148.
0    6      430.      273.      176.       68.      361.      126.
0    7      175.      399.       46.      287.      441.      231.
0    8      149.      154.      145.      219.      425.       22.
0    9      220.      249.      391.      251.       44.      295.
0   10      389.       21.      154.      411.      189.      311.
0   11      465.      241.      440.      157.      479.      306.
0   12      127.      371.       24.      258.      130.      441.
0   13      236.      185.       44.      438.      359.      178.
0   14      284.      195.      138.      447.       70.       59.
0   15      134.      497.      478.      468.      293.      333.
0   16       14.      467.      355.      419.       23.      321.
0   17      256.      378.      329.      268.       42.      316.
0   18      455.        4.      125.      298.      354.       75.
0   19       58.       79.      112.      198.      379.        2.
0   20      272.      254.       67.      444.      246.      279.
0   21       78.      352.      223.      193.      473.       99.
0   22      184.      177.      207.       27.       94.      106.
0   23        8.       40.      486.      299.       53.      153.
0   24      485.      395.      356.      456.      155.      442.
0   25      130.        9.       77.      421.      258.      264.
0   26      406.      331.      249.        7.      247.      410.
0   27      249.      393.      390.      138.      144.      447.
0   28      166.      163.      431.      495.       39.      187.
0   29      228.      266.      144.      464.      461.      451.
0   30      259.       31.       70.      415.       96.       62.
0   31       37.      288.      383.      274.      458.       73.
0   32      325.      435.      401.      261.      225.      191.
0   33      458.      133.      209.      242.      250.      303.
0   34      500.      485.      150.      110.       50.      324.
0   35      402.      293.      107.      417.      123.      244.
0   36      358.      386.      218.      472.      275.       11.
0   37      157.      493.      363.      222.      455.      207.
0   38      363.      330.      420.      302.      308.       23.
0   39      387.      153.      212.       81.       78.       58.
0   40      347.      345.      416.      475.      321.       41.
0   41      207.      109.      292.      165.       21.       48.
0   42      446.      326.      388.      332.      434.      140.
0   43      173.      189.        4.      155.      500.      217.
0   44      390.      413.      120.      496.      238.      482.
0   45      313.      196.      102.       16.      420.      105.
0   46      439.      403.       28.      301.      374.      423.
0   47      204.       71.      425.       74.      446.      139.
0   48      391.      236.      468.       33.       67.      417.
0   49      395.      426.      375.      354.      149.      238.
0   50      187.      338.       45.      403.      187.       42.
0   51      136.      460.      160.      277.      202.      150.
0   52      144.       32.      248.      215.      456.      435.
0   53      475.      147.       90.      479.      343.      116.
0   54       71.      190.      483.      233.      440.      286.
0   55      214.      201.      208.       71.      251.      289.
0   56      382.       14.      433.      122.      302.      467.
0   57      106.      368.      430.      152.       79.      485.
0   58       68.      146.      443.       88.      467.      443.
0   59      269.      108.      175.      154.       37.       70.
0   60      394.      417.      230.      412.      150.      327.
0   61      424.      420.      377.      195.       81.      339.
0   62      224.      380.      462.      328.       38.      120.
0   63       17.      492.      348.      109.      403.      266.
0   64       11.      424.      197.      296.      435.      111.
0   65      185.      141.      136.       55.      307.        3.
0   66      196.       93.       37.      254.      375.      364.
0   67       64.      281.      283.      474.      326.       97.
0   68      238.      272.      435.      205.      404.       20.
0   69       45.      137.      381.      399.      477.      299.
0   70      490.      433.      187.      378.      156.      380.
0   71      268.      480.       40.      401.      249.      117.
0   72      487.       81.      449.      229.       15.      156.
0   73      433.      259.       23.      235.      158.      481.
0   74      189.      446.       32.      262.      119.      179.
0   75      181.      246.      302.      142.      141.      336.
0   76      223.       86.       92.      243.      153.      479.
0   77      466.      162.      215.      192.      263.      368.
0   78      436.      304.      382.      374.      193.      128.
0   79      339.      161.      333.      494.       56.       64.
0   80      352.       35.      116.      278.      329.      172.
0   81      264.      287.      236.      275.      333.      386.
0   82      418.       20.      285.       11.      380.      301.
0   83      169.      263.      198.       75.      360.      205.
0   84      338.      119.      255.      327.      319.      256.
0   85      381.      217.      473.      285.      388.        5.
0   86      270.      373.        8.       61.      133.      100.
0   87      265.      232.      234.      489.      280.      200.
0   88       43.      449.       31.      100.      336.      400.
0   89      429.       36.      332.      135.      457.      345.
0   90      209.      125.      450.      388.      460.      281.
0   91      350.      414.      202.       40.       59.      358.
0   92       36.      329.      403.      252.      195.      237.
0   93      103.       68.      274.       24.      363.       12.
0   94       32.      319.       21.      307.      350.      323.
0   95       24.      179.       76.      405.      496.       88.
0   96       76.      387.       98.      461.      237.      357.
0   97      373.       83.      336.      201.      296.      370.
0   98      311.       97.       33.      168.      140.      232.
0   99      261.      321.      378.      321.      136.      257.
0  100       52.      313.      180.      499.      305.      173.
0  101      413.       26.      438.      253.      269.      124.
0  102      308.      271.       85.        2.      239.       96.
0  103      219.      361.       50.       66.        1.      193.
0  104      348.        8.      308.      266.      175.      474.
0  105      194.      155.      267.       77.       18.      196.
0  106      425.      205.      151.      431.      378.      348.
0  107      277.      456.      142.      127.       73.      119.
0  108        1.      121.      181.       92.      278.       90.
0  109      330.        2.      487.      134.       66.      341.
0  110      353.      405.      471.      227.      431.      236.
0  111      472.      383.       87.       63.      198.      113.
0  112       89.      465.      137.       98.      213.      255.
0  113      201.      200.      110.      225.      417.       47.
0  114      195.      408.       97.      427.      300.      372.
0  115      287.      404.      359.       46.      411.      174.
0  116      399.      279.      124.      436.      356.      457.
0  117      377.       47.      347.      424.      355.      363.
0  118       97.      421.      472.      102.       61.      344.
0  119        9.      364.      105.      429.      118.      125.
0  120      342.      169.      245.       86.       65.       24.
0  121      419.      276.      367.      445.       88.      385.
0  122      479.       28.      342.      462.      454.      412.
0  123      463.      127.      376.        9.      297.      432.
0  124      138.      436.      404.      316.      385.      317.
0  125      488.      274.      453.      231.      261.      108.
0  126      333.      211.      135.      106.      137.      250.
0  127      364.      264.      252.      125.      495.      268.
0  128       29.      216.      256.      112.      459.      292.
0  129      133.      158.      162.      371.      267.      409.
0  130      210.      204.      345.      481.        3.        7.
0  131      243.       53.      224.      141.      166.      340.
0  132       86.      468.      310.       41.      106.      291.
0  133      299.      193.      491.       26.      322.       66.
0  134      345.      412.       72.      295.      274.       94.
0  135      340.      350.      371.      260.      358.      165.
0  136      470.      198.      238.      114.      265.       35.
0  137      290.      191.      133.      286.       14.      130.
0  138        4.      372.      244.      163.      372.      210.
0  139      343.       95.      186.      145.      215.      389.
0  140      241.      257.      402.      300.      436.      249.
0  141      493.      376.      220.      373.      291.       37.
0  142      229.      394.      206.      440.      164.      406.
0  143       16.       34.      436.      476.      172.      147.
0  144       30.      239.      316.       32.      298.      480.
0  145      372.       56.      155.      200.      423.      181.
0  146      197.       18.      250.      326.      161.       43.
0  147       53.      453.      417.      409.      439.      328.
0  148      421.      439.       71.      177.      277.      330.
0  149       63.      427.      481.       97.      199.      440.
0  150      152.      334.      276.      345.      170.       32.
0  151       84.       30.      346.      381.      383.      228.
0  152      442.      107.      293.      113.      211.      127.
0  153      262.      343.      340.      167.       41.      425.
0  154      423.       73.       99.      224.      177.      166.
0  155      326.      391.      193.       96.      147.      376.
0  156      116.       85.      324.      265.       89.      248.
0  157      431.        6.      204.        1.       76.      338.
0  158      462.       75.      239.      151.       87.      413.
0  159      351.      438.      445.      416.      448.      355.
0  160      246.      231.       42.      484.      345.      154.
0  161      286.       54.      240.       28.      262.      495.
0  162      297.       51.      409.      117.      270.      131.
0  163       44.      187.      446.      188.      219.      326.
0  164      357.      366.      328.       14.      330.      151.
0  165      416.      213.      237.      194.      390.       31.
0  166      202.       78.      185.      492.      344.       87.
0  167      476.       49.       48.      158.      463.      462.
0  168       98.      115.      343.      366.      120.      403.
0  169       41.      379.      386.       18.       92.      399.
0  170      165.      244.      159.      208.       10.      450.
0  171      335.      268.       41.      244.       99.      121.
0  172       90.        7.       55.      213.      399.      387.
0  173      321.      397.      500.      377.      182.      247.
0  174      354.      432.      441.       56.      409.      142.
0  175      496.      113.      412.      105.      295.      446.
0  176      198.       61.      289.      207.      381.       79.
0  177      216.      431.       66.      230.      214.       82.
0  178      331.      340.      458.      396.      192.      109.
0  179      168.       12.      100.      418.      288.      466.
0  180      295.      360.      406.      387.      472.      246.
0  181       21.      490.        1.      153.      414.       74.
0  182      329.       70.       27.      259.      397.      180.
0  183       87.      172.      370.       48.       36.      401.
0  184       80.      358.       17.      365.      190.      234.
0  185      179.      240.        7.       67.      342.      444.
0  186        2.       27.       86.      290.       51.      422.
0  187      447.      489.       22.      130.      357.       26.
0  188      193.      132.       39.      288.       63.      427.
0  189      257.      474.      139.       42.      276.       80.
0  190      404.      396.        2.      408.      426.      473.
0  191       49.      223.      358.      453.      476.      242.
0  192      451.      327.      153.      362.      483.      476.
0  193      227.       45.      326.      111.      389.      185.
0  194      267.       46.       60.      180.       33.      143.
0  195      412.      448.      334.      147.      285.      271.
0  196      454.      242.      271.      234.      497.      445.
0  197      396.      400.      216.      460.      313.      241.
0  198      314.      483.      172.      115.      487.       86.
0  199      160.      359.      341.      342.      299.      388.
0  200      191.      199.      351.       51.      162.      251.
0  201      312.      277.      366.      470.       98.      141.
0  202       42.      384.      119.      404.      126.      382.
0  203       96.      322.      210.       20.       30.      136.
0  204      283.      203.      190.      221.       29.      393.
0  205      328.      152.      318.      176.       43.       30.
0  206      367.      245.      399.       65.      428.      496.
0  207      457.      226.      143.      283.      289.      308.
0  208      177.      473.      421.      246.      490.      133.
0  209       77.      295.      475.      313.      104.      421.
0  210      296.       55.      221.      442.      328.       17.
0  211      474.      237.      251.      196.      338.      488.
0  212      468.      320.       94.       45.      281.       14.
0  213      417.      286.       53.      455.      205.      260.
0  214      255.      344.       43.      375.      245.      492.
0  215      285.      463.      315.      306.      365.      455.
0  216      247.      215.      109.      394.      171.      169.
0  217       55.      130.      338.      232.       95.      115.
0  218      292.      233.      164.      276.      376.       38.
0  219       10.       29.       62.      393.      339.      208.
0  220       13.      186.      339.      430.      273.      428.
0  221       23.      202.      350.       23.      341.      288.
0  222      231.      150.      426.      248.      368.      294.
0  223      225.      103.      121.      255.      470.      314.
0  224      484.      311.       36.      322.      143.       21.
0  225      131.       25.      422.      139.      206.      332.
0  226      150.      392.      303.      143.      222.      454.
0  227      170.      270.      258.       38.      371.       95.
0  228      137.      118.      156.      356.       91.      499.
0  229      110.      411.      128.       25.      335.      374.
0  230      360.      234.      405.      236.       58.      275.
0  231      245.      402.       75.      256.      346.      460.
0  232       67.      174.      227.      159.      369.       28.
0  233       12.       63.      247.       13.      310.       10.
0  234       79.       24.      196.      340.      216.      222.
0  235      167.      491.      268.      140.      422.      320.
0  236      444.      235.      423.      272.      196.      398.
0  237        7.      247.      319.      457.      391.      214.
0  238       51.      443.      414.       50.      194.      448.
0  239      310.       37.      496.       60.      101.       16.
0  240      320.        3.      482.      380.      209.      204.
0  241      235.      325.      353.      357.      373.      269.
0  242      316.      444.      484.      353.      486.       84.
0  243      140.      418.      477.      406.      210.      408.
0  244      467.      284.       78.      189.        4.      415.
0  245      456.      314.      434.      249.      427.      270.
0  246       39.      381.      270.      240.        2.       50.
0  247      155.      159.      424.      310.      324.      373.
0  248       33.      498.      398.      344.      294.      132.
0  249       28.      410.      192.        3.      410.      155.
0  250      154.      250.       51.      389.      103.      118.
0  251      337.       16.      117.      473.      113.      397.
0  252      388.      131.      309.      458.      306.      419.
0  253      188.      140.      300.      363.      438.      335.
0  254      334.       33.      108.      156.      163.      430.
0  255       75.      479.      161.      179.      165.      216.
0  256      304.      357.      384.      382.      259.      431.
0  257      368.      157.       80.      336.      304.       44.
0  258      279.      123.        3.      178.      320.        6.
0  259      211.      151.      264.      284.      437.      366.
0  260      403.      298.      314.      212.      178.      300.
0  261      497.        1.      228.      400.      468.      225.
0  262       34.      175.      141.      368.       26.       89.
0  263      324.      291.       84.      349.      412.      282.
0  264      291.      104.       11.      181.      286.      161.
0  265      120.      210.      183.       91.      287.      199.
0  266       93.      114.       10.      392.      134.       52.
0  267      105.      415.      171.      477.       84.      227.
0  268       60.       92.      177.      320.       72.       36.
0  269      318.       23.      169.      359.      229.      381.
0  270      319.      370.       54.      398.      207.      305.
0  271      306.      173.      140.       17.      482.      290.
0  272      459.      447.      269.      390.      362.      436.
0  273       48.      419.      395.      173.      315.      359.
0  274      289.       43.      364.      281.      191.      411.
0  275      298.      168.      163.        5.      109.      201.
0  276      232.       87.      158.      441.        7.       92.
0  277      378.       22.       34.      402.      413.      322.
0  278       19.      280.      313.      119.       93.      390.
0  279      153.      120.      231.      220.      264.      356.
0  280      112.      243.       38.       64.      366.      329.
0  281      379.       98.      130.      263.       45.      429.
0  282      234.       90.       52.      202.       74.      469.
0  283      369.      209.       89.      358.       22.      405.
0  284      414.      440.      179.      446.       60.      483.
0  285       62.      339.       83.      469.      485.      490.
0  286      282.      312.      115.      305.      272.      135.
0  287       82.      112.       35.      293.      386.       78.
0  288      147.      269.      170.      425.      240.      383.
0  289      221.      258.      415.      487.      317.      167.
0  290      145.       52.      380.       89.      494.      325.
0  291      371.       62.      101.       83.      146.      145.
0  292      432.       15.      280.      103.      499.        9.
0  293      422.      356.      201.      160.      254.      312.
0  294      327.      302.       19.       15.      387.      392.
0  295      218.      385.      273.      171.      127.      230.
0  296      278.      126.      337.      175.       25.      497.
0  297       85.      180.      368.      199.      266.       49.
0  298      426.      409.      232.      493.       27.       91.
0  299        5.      347.      331.        4.      252.      186.
0  300      132.      441.       96.      367.       32.      453.
0  301      461.      160.       29.       69.      408.       46.
0  302      240.      101.      278.      465.      231.      439.
0  303      398.       57.      263.      337.      309.      287.
0  304      452.        5.      287.      149.      218.      252.
0  305      460.      369.      277.      422.      217.       34.
0  306      336.       94.      312.      490.      174.      418.
0  307      315.      471.      321.      238.      337.      245.
0  308      254.      389.      147.       52.       24.      493.
0  309      248.      482.      379.       85.      400.      203.
0  310       66.      425.      114.       70.      353.      297.
0  311      293.      248.      188.      185.      233.      475.
0  312      233.      164.      480.      292.      430.      122.
0  313      464.      294.      447.      318.      102.      243.
0  314      128.      323.      499.      223.      183.      302.
0  315      323.      481.      490.      303.      255.      104.
0  316      346.      367.      106.      315.      110.      284.
0  317      303.      309.      122.      216.      151.      395.
0  318      400.      484.      461.      348.      135.       83.
0  319      281.      464.      360.      104.       83.      278.
0  320      393.      256.      275.       10.       52.      349.
0  321      438.      251.      407.      433.      382.      310.
0  322      237.       50.      455.      317.       90.      307.
0  323      434.       58.      219.      289.      180.      437.
0  324      250.      142.      254.       22.       46.      377.
0  325       27.       17.       47.      191.      447.      176.
0  326      263.      475.      184.      426.      115.      254.
0  327      365.       11.      489.      245.      107.      220.
0  328      239.      156.       91.      379.      122.      360.
0  329      405.       19.        9.      333.       64.      197.
0  330      440.      341.      474.      116.       35.       68.
0  331      489.      100.      349.      273.      492.      346.
0  332      151.      267.      241.      267.       49.      170.
0  333       95.      221.      439.      339.      488.      459.
0  334      253.       66.      306.      471.      154.      110.
0  335      376.       39.      243.       94.      393.      223.
0  336      251.      351.      217.      314.      377.      274.
0  337      437.      477.      432.       49.      471.      461.
0  338      494.      451.      131.      133.      284.       39.
0  339       40.      212.       25.      413.      493.      347.
0  340      183.       99.      259.      319.      484.      262.
0  341      420.       48.      470.      129.      260.      152.
0  342      206.      333.      335.      182.      173.       53.
0  343       56.      466.      485.      329.      242.      420.
0  344       88.       64.      396.      120.       71.      362.
0  345       20.      416.      387.      450.       55.       45.
0  346       72.      111.      229.       31.      224.      157.
0  347      473.      382.      457.      144.      208.      103.
0  348       47.      230.      148.      118.      462.      319.
0  349      471.      499.      361.       34.      444.      371.
0  350       91.       74.      235.      372.      398.      478.
0  351      107.      129.        5.      335.      418.      456.
0  352      480.      165.      307.      338.      481.      369.
0  353       94.      208.       57.      183.      116.      184.
0  354       22.      102.      301.       44.       57.        4.
0  355       83.      300.      465.      308.      283.      218.
0  356      375.      457.      362.      432.      138.       27.
0  357      276.      299.       13.      217.      395.      168.
0  358      435.       65.      205.      437.      212.      265.
0  359       99.       44.      260.      311.      332.      183.
0  360       25.      229.      476.       62.      203.      209.
0  361       50.      290.      191.      343.      406.       63.
0  362      252.      105.      322.      485.      282.      396.
0  363       46.      117.      297.      291.      243.      195.
0  364      142.      139.      195.      454.       80.      458.
0  365      411.      289.      479.      107.      220.        1.
0  366       18.      122.      178.      264.      415.      433.
0  367      123.      428.      365.      218.      480.      487.
0  368      141.      283.      272.      206.      292.      318.
0  369      215.      138.      257.      497.      401.      212.
0  370      266.      354.      165.      414.      111.      146.
0  371      307.      494.      317.      214.      466.       71.
0  372      113.      406.      444.      124.      301.      276.
0  373      163.       41.      296.       30.      184.      463.
0  374      213.      134.      242.      280.      176.      331.
0  375      317.      219.      199.      304.      145.      160.
0  376      305.      461.      467.       99.      370.      258.
0  377      322.      390.       73.      128.      407.      449.
0  378      309.      316.      397.      184.      396.      434.
0  379      156.      455.      327.       59.      160.       57.
0  380      355.      178.      157.      108.      489.      277.
0  381      482.      353.      419.      352.      121.      233.
0  382      158.      301.      261.      435.        5.      211.
0  383      171.      206.      427.      297.      433.      102.
0  384      101.      253.      497.      397.      200.      477.
0  385      226.       76.      451.      228.      474.       72.
0  386      491.      472.      323.      279.       34.      334.
0  387      178.      285.      325.      463.      279.      304.
0  388      124.      454.       12.       36.      429.      182.
0  389      453.      184.       82.      423.      179.       19.
0  390      383.      337.      104.      376.      108.      273.
0  391      374.      166.      281.      210.      318.      472.
0  392      205.      324.      330.       84.      314.      352.
0  393      126.      182.      284.      330.       69.      315.
0  394      492.      496.      194.      407.        9.       13.
0  395       74.      328.      442.      478.      416.       65.
0  396      200.      228.      400.      384.      445.      407.
0  397      109.      346.      495.      486.      257.        8.
0  398      401.       91.      369.       87.       75.      149.
0  399      115.      110.      174.      341.      402.      353.
0  400      117.      308.      134.      420.      312.      293.
0  401      125.      458.       69.       37.      349.      175.
0  402      222.      476.      428.      361.       13.      202.
0  403        3.      375.      149.      451.      129.       25.
0  404      148.      170.      222.      355.      316.      486.
0  405       69.      124.      413.      187.      364.      394.
0  406      176.      282.      418.      364.      244.      313.
0  407      478.      238.       63.      385.       97.      296.
0  408      443.      220.      469.       72.      367.      239.
0  409      104.      148.      408.      101.      114.      229.
0  410      380.      500.       68.      123.      167.      391.
0  411      258.      469.       20.       93.      290.      235.
0  412      332.      318.       95.      270.      465.       15.
0  413       81.      434.      466.      428.      159.      465.
0  414       57.      377.      354.       79.      112.      213.
0  415       35.      207.      352.       19.      197.      489.
0  416      135.       69.      225.      204.        6.      240.
0  417      122.      362.       30.      448.      271.      378.
0  418      370.       72.       74.      148.       20.      404.
0  419      275.      145.      127.       12.       77.      215.
0  420      386.      144.      460.      480.      421.      402.
0  421      162.       10.      456.      443.      311.       51.
0  422      477.      388.      448.      282.      424.      177.
0  423      161.      192.       65.       39.      351.      272.
0  424      121.      363.      344.      395.      469.      164.
0  425      230.       59.      464.      325.      419.      350.
0  426      415.      227.      266.      241.      478.      189.
0  427      301.      106.      357.       58.      234.       85.
0  428      186.      342.      166.      391.       17.      188.
0  429      203.      297.      492.      190.      323.      342.
0  430      410.       42.      123.      170.      100.      194.
0  431      498.      478.       16.      351.      105.      224.
0  432      118.      398.       14.      383.       82.      171.
0  433       70.      252.      132.      271.      449.      144.
0  434        6.      487.      167.      482.      347.      253.
0  435      111.      430.      385.      161.      405.      416.
0  436      199.      167.      173.      439.       68.      452.
0  437       26.      306.       64.       57.       12.      190.
0  438      486.      495.      189.      211.      221.      414.
0  439      244.      143.      203.       53.      256.      226.
0  440      450.      278.      146.      294.      226.      464.
0  441      449.      437.      246.      239.       62.      159.
0  442      441.      336.      214.        6.      464.      337.
0  443      361.      135.      494.      131.       19.      261.
0  444      294.      422.      200.      209.      228.      484.
0  445      483.      307.      253.       76.      475.      263.
0  446      139.       13.      459.      132.      168.      365.
0  447      349.      335.       61.      386.      384.      114.
0  448      495.      194.      290.      350.      348.       56.
0  449      174.      303.      288.      162.      235.      206.
0  450      427.      459.       49.      172.      442.      221.
0  451      114.       88.       58.      121.       28.      158.
0  452      341.      374.      152.      203.      498.      494.
0  453       54.       67.      233.      169.      148.      351.
0  454      481.      315.       18.      309.       85.      426.
0  455       61.       80.      429.      247.      325.       81.
0  456      212.      222.      454.      269.      185.      107.
0  457       59.      445.       93.      331.      453.      137.
0  458      271.      183.      129.      137.      394.       77.
0  459       15.      296.      295.      126.      157.      129.
0  460      499.       60.      393.      257.      181.       76.
0  461      159.       96.      311.      466.      331.      112.
0  462       38.       77.      374.      226.      241.      375.
0  463      408.      407.       79.      150.       47.       40.
0  464      100.      262.      262.      369.      223.      134.
0  465      119.      462.      299.      237.       16.      298.
0  466       31.       89.       88.      467.      352.      267.
0  467      190.      255.      437.       54.       31.      343.
0  468      359.      452.      111.      488.       48.      498.
0  469      208.      214.      213.      323.      303.      468.
0  470      192.      429.      126.      434.      186.      471.
0  471      273.      470.      103.       35.      432.      123.
0  472      300.      197.      226.      174.       40.       69.
0  473      384.      423.      411.      146.      124.      309.
0  474      392.      224.      373.      197.      188.      259.
0  475      182.       82.       56.      452.      132.      285.
0  476      217.      265.      392.       47.      117.      361.
0  477      242.      305.      182.      312.      236.      491.
0  478      260.       38.      286.       78.      131.      379.
0  479      102.      292.       59.       73.      125.       55.
0  480       73.       84.       81.      166.      452.      163.
0  481      469.      348.      304.       21.      443.       54.
0  482      302.      149.      488.      186.      128.      424.
0  483      146.      365.      389.      347.      230.      500.
0  484      428.      349.      168.        8.      334.      438.
0  485      356.      261.      265.      324.      139.      162.
0  486      143.      355.      113.       95.        8.      138.
0  487      362.      181.      305.      164.      451.       60.
0  488      407.      176.      291.       90.       54.       93.
0  489      344.      488.      298.      136.      248.       98.
0  490      397.      442.      282.      498.      340.       18.
0  491      288.      128.      320.      334.       11.      470.
0  492      366.      486.      498.      459.      392.      219.
0  493      448.      171.      279.      483.      227.      384.
0  494      180.      275.      118.      346.      491.      280.
0  495      274.      260.      493.      370.      201.      192.
0  496       92.      332.       26.       43.      142.      198.
0  497      409.      317.      410.      449.      327.       29.
0  498      445.      310.      211.      410.      450.       61.
0  499      172.      136.       15.      500.      268.       33.
0  500      280.      218.        6.       29.       86.      283.
1   Pecos::LHSDriver                                                                                                             
0  HISTOGRAM FOR VARIABLE NO.  1     UNIFORM DISTRIBUTION

     Midpoint          Freq.

   1.4985000E+00        18    XXXXXXXXXXXXXXXXXX
   1.5355000E+00        25    XXXXXXXXXXXXXXXXXXXXXXXXX
   1.5725000E+00        25    XXXXXXXXXXXXXXXXXXXXXXXXX
   1.6095000E+00        25    XXXXXXXXXXXXXXXXXXXXXXXXX
   1.6465000E+00        25    XXXXXXXXXXXXXXXXXXXXXXXXX
   1.6835000E+00        25    XXXXXXXXXXXXXXXXXXXXXXXXX
   1.7205000E+00        25    XXXXXXXXXXXXXXXXXXXXXXXXX
   1.7575000E+00        26    XXXXXXXXXXXXXXXXXXXXXXXXXX
   1.7945000E+00        24    XXXXXXXXXXXXXXXXXXXXXXXX
   1.8315000E+00        25    XXXXXXXXXXXXXXXXXXXXXXXXX
   1.8685000E+00        25    XXXXXXXXXXXXXXXXXXXXXXXXX
   1.9055000E+00        25    XXXXXXXXXXXXXXXXXXXXXXXXX
   1.9425000E+00        25    XXXXXXXXXXXXXXXXXXXXXXXXX
   1.9795000E+00        25    XXXXXXXXXXXXXXXXXXXXXXXXX
   2.0165000E+00        25    XXXXXXXXXXXXXXXXXXXXXXXXX
   2.0535000E+00        26    XXXXXXXXXXXXXXXXXXXXXXXXXX
   2.0905000E+00        25    XXXXXXXXXXXXXXXXXXXXXXXXX
   2.1275000E+00        24    XXXXXXXXXXXXXXXXXXXXXXXX
   2.1645000E+00        25    XXXXXXXXXXXXXXXXXXXXXXXXX
   2.2015000E+00        26    XXXXXXXXXXXXXXXXXXXXXXXXXX
   2.2384999E+00         6    XXXXXX
0                      500


      Min            Max           Range           Mean          Median        Variance

   1.4905722E+00  2.2296417E+00  7.3906949E-01  1.8599796E+00  1.8595012E+00  4.5631728E-02

1   Pecos::LHSDriver                                                                                                             
0  HISTOGRAM FOR VARIABLE NO.  2     UNIFORM DISTRIBUTION

     Midpoint          Freq.

   6.4799999E+00        25    XXXXXXXXXXXXXXXXXXXXXXXXX
   6.6399999E+00        25    XXXXXXXXXXXXXXXXXXXXXXXXX
   6.7999998E+00        25    XXXXXXXXXXXXXXXXXXXXXXXXX
   6.9599998E+00        25    XXXXXXXXXXXXXXXXXXXXXXXXX
   7.1199998E+00        25    XXXXXXXXXXXXXXXXXXXXXXXXX
   7.2799998E+00        25    XXXXXXXXXXXXXXXXXXXXXXXXX
   7.4399998E+00        25    XXXXXXXXXXXXXXXXXXXXXXXXX
   7.5999998E+00        25    XXXXXXXXXXXXXXXXXXXXXXXXX
   7.7599998E+00        25    XXXXXXXXXXXXXXXXXXXXXXXXX
   7.9199998E+00        25    XXXXXXXXXXXXXXXXXXXXXXXXX
   8.0799998E+00        25    XXXXXXXXXXXXXXXXXXXXXXXXX
   8.2399998E+00        25    XXXXXXXXXXXXXXXXXXXXXXXXX
   8.3999998E+00        25    XXXXXXXXXXXXXXXXXXXXXXXXX
   8.5599998E+00        25    XXXXXXXXXXXXXXXXXXXXXXXXX
   8.7199998E+00        25    XXXXXXXXXXXXXXXXXXXXXXXXX
   8.8799998E+00        25    XXXXXXXXXXXXXXXXXXXXXXXXX
   9.0399998E+00        25    XXXXXXXXXXXXXXXXXXXXXXXXX
   9.1999998E+00        25    XXXXXXXXXXXXXXXXXXXXXXXXX
   9.3599998E+00        25    XXXXXXXXXXXXXXXXXXXXXXXXX
   9.5199998E+00        25    XXXXXXXXXXXXXXXXXXXXXXXXX
0                      500


      Min            Max           Range           Mean          Median        Variance

   6.4015807E+00  9.5972613E+00  3.1956806E+00  8.0000699E+00  8.0012111E+00  8.5303305E-01

1   Pecos::LHSDriver                                                                                                             
0  HISTOGRAM FOR VARIABLE NO.  3     UNIFORM DISTRIBUTION

     Midpoint          Freq.

   5.6699999E+00        25    XXXXXXXXXXXXXXXXXXXXXXXXX
   5.8099999E+00        25    XXXXXXXXXXXXXXXXXXXXXXXXX
   5.9499999E+00        25    XXXXXXXXXXXXXXXXXXXXXXXXX
   6.0899999E+00        25    XXXXXXXXXXXXXXXXXXXXXXXXX
   6.2299999E+00        25    XXXXXXXXXXXXXXXXXXXXXXXXX
   6.3699999E+00        25    XXXXXXXXXXXXXXXXXXXXXXXXX
   6.5099999E+00        25    XXXXXXXXXXXXXXXXXXXXXXXXX
   6.6499999E+00        25    XXXXXXXXXXXXXXXXXXXXXXXXX
   6.7899998E+00        25    XXXXXXXXXXXXXXXXXXXXXXXXX
   6.9299998E+00        25    XXXXXXXXXXXXXXXXXXXXXXXXX
   7.0699998E+00        25    XXXXXXXXXXXXXXXXXXXXXXXXX
   7.2099998E+00        25    XXXXXXXXXXXXXXXXXXXXXXXXX
   7.3499998E+00        25    XXXXXXXXXXXXXXXXXXXXXXXXX
   7.4899998E+00        25    XXXXXXXXXXXXXXXXXXXXXXXXX
   7.6299998E+00        25    XXXXXXXXXXXXXXXXXXXXXXXXX
   7.7699998E+00        25    XXXXXXXXXXXXXXXXXXXXXXXXX
   7.9099998E+00        25    XXXXXXXXXXXXXXXXXXXXXXXXX
   8.0499998E+00        25    XXXXXXXXXXXXXXXXXXXXXXXXX
   8.1899998E+00        25    XXXXXXXXXXXXXXXXXXXXXXXXX
   8.3299998E+00        25    XXXXXXXXXXXXXXXXXXXXXXXXX
0                      500


      Min            Max           Range           Mean          Median        Variance

   5.6053713E+00  8.3981398E+00  2.7927685E+00  7.0000748E+00  6.9986186E+00  6.5332539E-01

1   Pecos::LHSDriver                                                                                                             
0  HISTOGRAM FOR VARIABLE NO.  4     UNIFORM DISTRIBUTION

     Midpoint          Freq.

   2.0145000E+00         4    XXXX
   2.0655000E+00        26    XXXXXXXXXXXXXXXXXXXXXXXXXX
   2.1165000E+00        25    XXXXXXXXXXXXXXXXXXXXXXXXX
   2.1675000E+00        25    XXXXXXXXXXXXXXXXXXXXXXXXX
   2.2185000E+00        25    XXXXXXXXXXXXXXXXXXXXXXXXX
   2.2694999E+00        25    XXXXXXXXXXXXXXXXXXXXXXXXX
   2.3204999E+00        25    XXXXXXXXXXXXXXXXXXXXXXXXX
   2.3714999E+00        25    XXXXXXXXXXXXXXXXXXXXXXXXX
   2.4224999E+00        25    XXXXXXXXXXXXXXXXXXXXXXXXX
   2.4734999E+00        25    XXXXXXXXXXXXXXXXXXXXXXXXX
   2.5244999E+00        25    XXXXXXXXXXXXXXXXXXXXXXXXX
   2.5754999E+00        25    XXXXXXXXXXXXXXXXXXXXXXXXX
   2.6264999E+00        25    XXXXXXXXXXXXXXXXXXXXXXXXX
   2.6774999E+00        24    XXXXXXXXXXXXXXXXXXXXXXXX
   2.7284999E+00        26    XXXXXXXXXXXXXXXXXXXXXXXXXX
   2.7794999E+00        25    XXXXXXXXXXXXXXXXXXXXXXXXX
   2.8304999E+00        25    XXXXXXXXXXXXXXXXXXXXXXXXX
   2.8814999E+00        25    XXXXXXXXXXXXXXXXXXXXXXXXX
   2.9324999E+00        25    XXXXXXXXXXXXXXXXXXXXXXXXX
   2.9834999E+00        25    XXXXXXXXXXXXXXXXXXXXXXXXX
   3.0344999E+00        20    XXXXXXXXXXXXXXXXXXXX
0                      500


      Min            Max           Range           Mean          Median        Variance

   2.0312270E+00  3.0486845E+00  1.0174575E+00  2.5400373E+00  2.5397712E+00  8.6678335E-02

1   Pecos::LHSDriver                                                                                                             
0  HISTOGRAM FOR VARIABLE NO.  5     UNIFORM DISTRIBUTION

     Midpoint          Freq.

   6.4049999E+00        24    XXXXXXXXXXXXXXXXXXXXXXXX
   6.6149999E+00        25    XXXXXXXXXXXXXXXXXXXXXXXXX
   6.8249998E+00        25    XXXXXXXXXXXXXXXXXXXXXXXXX
   7.0349998E+00        25    XXXXXXXXXXXXXXXXXXXXXXXXX
   7.2449998E+00        25    XXXXXXXXXXXXXXXXXXXXXXXXX
   7.4549998E+00        26    XXXXXXXXXXXXXXXXXXXXXXXXXX
   7.6649998E+00        25    XXXXXXXXXXXXXXXXXXXXXXXXX
   7.8749998E+00        24    XXXXXXXXXXXXXXXXXXXXXXXX
   8.0849998E+00        25    XXXXXXXXXXXXXXXXXXXXXXXXX
   8.2949998E+00        25    XXXXXXXXXXXXXXXXXXXXXXXXX
   8.5049998E+00        26    XXXXXXXXXXXXXXXXXXXXXXXXXX
   8.7149998E+00        24    XXXXXXXXXXXXXXXXXXXXXXXX
   8.9249998E+00        25    XXXXXXXXXXXXXXXXXXXXXXXXX
   9.1349998E+00        26    XXXXXXXXXXXXXXXXXXXXXXXXXX
   9.3449998E+00        25    XXXXXXXXXXXXXXXXXXXXXXXXX
   9.5549998E+00        25    XXXXXXXXXXXXXXXXXXXXXXXXX
   9.7649998E+00        25    XXXXXXXXXXXXXXXXXXXXXXXXX
   9.9749998E+00        25    XXXXXXXXXXXXXXXXXXXXXXXXX
   1.0185000E+01        25    XXXXXXXXXXXXXXXXXXXXXXXXX
   1.0395000E+01        25    XXXXXXXXXXXXXXXXXXXXXXXXX
0                      500


      Min            Max           Range           Mean          Median        Variance

   6.3106982E+00  1.0493303E+01  4.1826043E+00  8.4049874E+00  8.4072874E+00  1.4631392E+00

1   Pecos::LHSDriver                                                                                                             
0  HISTOGRAM FOR VARIABLE NO.  6     UNIFORM DISTRIBUTION

     Midpoint          Freq.

   3.7049999E+00         4    XXXX
   4.2749999E+00        25    XXXXXXXXXXXXXXXXXXXXXXXXX
   4.8449999E+00        24    XXXXXXXXXXXXXXXXXXXXXXXX
   5.4149999E+00        25    XXXXXXXXXXXXXXXXXXXXXXXXX
   5.9849999E+00        25    XXXXXXXXXXXXXXXXXXXXXXXXX
   6.5549999E+00        25    XXXXXXXXXXXXXXXXXXXXXXXXX
   7.1249998E+00        25    XXXXXXXXXXXXXXXXXXXXXXXXX
   7.6949998E+00        25    XXXXXXXXXXXXXXXXXXXXXXXXX
   8.2649998E+00        25    XXXXXXXXXXXXXXXXXXXXXXXXX
   8.8349998E+00        24    XXXXXXXXXXXXXXXXXXXXXXXX
   9.4049998E+00        24    XXXXXXXXXXXXXXXXXXXXXXXX
   9.9749998E+00        26    XXXXXXXXXXXXXXXXXXXXXXXXXX
   1.0545000E+01        24    XXXXXXXXXXXXXXXXXXXXXXXX
   1.1115000E+01        25    XXXXXXXXXXXXXXXXXXXXXXXXX
   1.1685000E+01        25    XXXXXXXXXXXXXXXXXXXXXXXXX
   1.2255000E+01        24    XXXXXXXXXXXXXXXXXXXXXXXX
   1.2825000E+01        26    XXXXXXXXXXXXXXXXXXXXXXXXXX
   1.3395000E+01        24    XXXXXXXXXXXXXXXXXXXXXXXX
   1.3965000E+01        25    XXXXXXXXXXXXXXXXXXXXXXXXX
   1.4535000E+01        24    XXXXXXXXXXXXXXXXXXXXXXXX
   1.5105000E+01        25    XXXXXXXXXXXXXXXXXXXXXXXXX
   1.5675000E+01         1    X
0                      500


      Min            Max           Range           Mean          Median        Variance

   3.9108754E+00  1.5393196E+01  1.1482320E+01  9.6500882E+00  9.6505884E+00  1.1022146E+01

1Pecos::LHSDriver                                                                                                             
0CORRELATIONS AMONG INPUT VARIABLES CREATED BY THE LATIN HYPERCUBE SAMPLE FOR RAW DATA                              PAGE   1
0    1  1.0000
0    2  0.0037  1.0000
0    3 -0.0097  0.0145  1.0000
0    4 -0.0037  0.0060 -0.0215  1.0000
0    5 -0.0108  0.0052  0.0188  0.0086  1.0000
0    6 -0.0015  0.0007  0.0192  0.0098 -0.0150  1.0000
0            1       2       3       4       5       6
0VARIABLES
0THE VARIANCE INFLATION FACTOR FOR THIS MATRIX IS  1.00
1Pecos::LHSDriver                                                                                                             
0CORRELATIONS AMONG INPUT VARIABLES CREATED BY THE LATIN HYPERCUBE SAMPLE FOR RANK DATA                              PAGE   1
0    1  1.0000
0    2  0.0035  1.0000
0    3 -0.0098  0.0146  1.0000
0    4 -0.0038  0.0061 -0.0217  1.0000
0    5 -0.0107  0.0052  0.0189  0.0087  1.0000
0    6 -0.0015  0.0008  0.0193  0.0096 -0.0151  1.0000
0            1       2       3       4       5       6
0VARIABLES
0THE VARIANCE INFLATION FACTOR FOR THIS MATRIX IS  1.00
