 $ LHS File Format Version 1.00 
$
$ This LHS run was executed on  3/ 2/24 at 21: 0:21.80
$ with LHS Version: 2.30 Release 1, Compiled May 31, 2001        
$ The run title was:
$ Pecos::LHSDriver
$
$ Message output file for this run: LHS_distributions.out
$
$ Input file(s) for this run: 
$
$ Point Values for the distributions follow:
$
$ All point values represent mean values that
$ were calculated from the actual LHS sample.
$
    Uniform1              1.8599796E+00
    Uniform2              8.0000699E+00
    Uniform3              7.0000748E+00
    Uniform4              2.5400373E+00
    Uniform5              8.4049874E+00
    Uniform6              9.6500882E+00
$
@UNCERTAINTY
  @OBSERVATIONS    500
  @VARIABLES      6
    Uniform1:          
    Uniform2:          
    Uniform3:          
    Uniform4:          
    Uniform5:          
    Uniform6:          
@SAMPLEDATA
           1           6   1.5861613588874879        7.5969473683878777        7.2435258343677971        2.1929302318777517        8.2493677385596609        5.4374065043085720     
           2           6   1.7326876445656456        8.9612885602995753        8.1913007932079971        2.1953954690641906        7.7243248330892991        12.333118459985126     
           3           6   1.6807388024642504        7.8355034058794386        8.1283725181225694        2.7631812272710166        8.0139494762876247        6.2036153248765036     
           4           6   1.6486923747575750        9.2759761787891382        7.6788853822622452        2.5390685639894661        7.5778063559957767        12.035068442896474     
           5           6   2.0596340706478249        7.1362861322775482        7.8031645185748122        3.0312118537186366        8.4226606869851839        7.2945468411496837     
           6           6   2.1258972972119876        8.1435098164752127        6.5803964119277891        2.1672238326069806        9.3283305701538346        6.7978547237983440     
           7           6   1.7481918325403332        8.9524401425689444        5.8572312498316164        2.6142650374614633        10.005472480698554        9.2042322267314880     
           8           6   1.7092917253077402        7.3855595079869030        6.4105945442598307        2.4747268396505615        9.8690672452528503        4.3952479747508191     
           9           6   1.8146487628360930        7.9890143146485091        7.7880276345495139        2.5404739242114127        6.6741423871276524        10.684287799662677     
          10           6   2.0643530583344769        6.5317585919529204        6.4618970714434978        2.8671817073947374        7.8882484577186727        11.049309940057340     
          11           6   2.1775449480069708        7.9414047269120811        8.0629615864478055        2.3498213094661287        10.318401340196278        10.933890556866768     
          12           6   1.6772264417685196        8.7738335893496870        5.7297768919622518        2.5562829191159455        7.3992604646833051        14.020594904065597     
          13           6   1.8387778163089696        7.5804684851944453        5.8452349212320520        2.9231082109303399        9.3134112701286238        7.9755632759968282     
          14           6   1.9092873481625412        7.6479893743172296        6.3684973308183244        2.9400452409751248        6.8934194972183880        5.2355277563126288     
          15           6   1.6880819170877617        9.5774051931902768        8.2728198358580478        2.9829089721081963        8.7585302579662905        11.551101909423247     
          16           6   1.5104783179780934        9.3882325348705056        7.5856571974230924        2.8835996541718019        6.4957351427241408        11.272451353587908     
          17           6   1.8679625643579290        8.8174671382695422        7.4394845003435384        2.5761943487277161        6.6555818775330620        11.164575146444374     
          18           6   2.1624891627409308        6.4214510859206317        6.2977844757555044        2.6377375523815676        9.2724834847494488        5.6031179670547138     
          19           6   1.5749976106832362        6.9043158710360535        6.2225317684145640        2.4323626366627304        9.4811866706043517        3.9381878241649830     
          20           6   1.8913083577319980        8.0233055438354608        5.9740581813722846        2.9355340182961895        8.3695298215214304        10.314428550865269     
          21           6   1.6047876755529922        8.6478249159857636        6.8434227274319150        2.4220337735428754        10.268519275229293        6.1564611046512141     
          22           6   1.7614181880546826        7.5305183885708455        6.7546403504811234        2.0836625183862076        7.0927353250442309        6.3252197456802239     
          23           6   1.5015709414825587        6.6531802552074195        8.3193618340712057        2.6395356616463044        6.7536955865907853        7.4065647539675696     
          24           6   2.2072860325150656        8.9218776291549204        7.5891394565440713        2.9584748499367848        7.6086363111834778        14.050855881779921     
          25           6   1.6820485610914881        6.4517618433937427        6.0306610896062107        2.8875812656689157        8.4678196386659081        9.9549324320447621     
          26           6   2.0895180893745180        8.5171434955149898        6.9904644800864162        2.0439819577659288        8.3743203290992874        13.311711781722959     
          27           6   1.8585135461277795        8.9093445069894184        7.7808426569633191        2.3095517523382973        7.5110874248691131        14.175731047372333     
          28           6   1.7343074646809884        7.4373605874925852        8.0100808883635342        3.0397296755234335        6.6365844635561615        8.1785531674711951     
          29           6   1.8264171431286726        8.0992717326894397        6.4047490421989934        2.9759993674461729        10.169903122512098        14.264938345147762     
          30           6   1.8725871022053715        6.5936455924004322        5.9868711960120127        2.8754325460480712        7.1071763411905149        5.3101186182079836     
          31           6   1.5438571681739204        8.2413826260700827        7.7446272649519150        2.5887917452707327        10.144373844633259        5.5564656097993721     
          32           6   1.9706091520137059        9.1784967315420509        7.8452172770850357        2.5607077061476833        8.1931408018629064        8.2799279939101531     
          33           6   2.1670138599688653        7.2495746689468623        6.7651414285147560        2.5226579616487768        8.4013987716331080        10.860484823506791     
          34           6   2.2296417166000140        9.5035448688983912        6.4393642143929375        2.2539191884296854        6.7232408702361388        11.342600392701105     
          35           6   2.0837371047331299        8.2718435378223667        6.1948330508090557        2.8795941113745327        7.3376407483874253        9.5113074110310976     
          36           6   2.0186654907394943        8.8681318988949069        6.8164095821881663        2.9914150691761634        8.6075926472854629        4.1394596650509632     
          37           6   1.7211329287453927        9.5508182105079289        7.6327412204699590        2.4809654832909906        10.121548495533521        8.6488697443599811     
          38           6   2.0259063079385737        8.5099188804790380        7.9485535695789391        2.6460510872858949        8.8860463100291316        4.4124513767065947     
          39           6   2.0616340114472154        7.3785433334827424        6.7842514344060794        2.1932825610207582        6.9571798851703059        5.2330414914351424     
          40           6   2.0028885200317763        8.6022111765652891        7.9277371205324307        2.9980729140088704        8.9940098408918594        4.8400988276749848     
          41           6   1.7950644733902812        7.0970527488455186        7.2298041247069831        2.3650015833744593        6.4830727384511100        4.9916653722580522     
          42           6   2.1492305494292081        8.4857525348052381        7.7707165438741450        2.7055770569768547        9.9425205150673346        7.1195022875575811     
          43           6   1.7457042791392188        7.6094613918796181        5.6204500856319441        2.3451514590436959        10.493302508062525        8.8785296528085595     
          44           6   2.0669506858780324        9.0381769891023627        6.2664095292542132        3.0411209626219882        8.2965964127661476        14.978810798635008     
          45           6   1.9520314169586450        7.6518912669122212        6.1682591451263047        2.0624114050320164        9.8279837518591524        6.2982089851170313     
          46           6   2.1387979507479167        8.9731303607016795        5.7525055120855573        2.6428254336662031        9.4439673335330507        13.621937523527304     
          47           6   1.7918259818737023        6.8515711014896628        7.9748252302374691        2.1793643389462209        10.042896793738459        7.0910161456202623     
          48           6   2.0684034597861025        7.9048031321719288        8.2188043978242202        2.0972475824451724        6.8686967923957667        13.483619321657578     
          49           6   2.0735691086840164        9.1209989205598827        7.6979269412418825        2.7516782218916993        7.5550921708813723        9.3649837845482384     
          50           6   1.7661411805829126        8.5612669542938455        5.8487159737231211        2.8504267041927389        7.8702419830405752        4.8531766249304633     
          51           6   1.6905232765042875        9.3426100175976750        6.4935832358580088        2.5936686551813595        8.0010653676494492        7.3338006224615961     
          52           6   1.7021274686795007        6.5997049395471814        6.9878866547087206        2.4684471656322571        10.125650788882323        13.895789390698774     
          53           6   2.1917507919997443        7.3382063768789179        6.1037237227763983        3.0056485112225451        9.1763183332825502        6.5516144413454453     
          54           6   1.5947797285590133        7.6125591254785663        8.3029604450007906        2.5048332110877518        9.9939679422619712        10.471009486469907     
          55           6   1.8058194145084918        7.6806629623875020        6.7617697079509496        2.1740747979942894        8.4131759950183653        10.532410871898522     
          56           6   2.0550741629021707        6.4861271558746694        8.0196417092241354        2.2782470470849052        8.8371230089020649        14.629150568010518     
          57           6   1.6459919269779324        8.7504851155504575        8.0065934214401988        2.3381747741814700        6.9716734736634836        15.041987817301415     
          58           6   1.5900417158636728        7.3336856693059209        8.0787362141067174        2.2088918494059144        10.221360295923860        14.082615879077466     
          59           6   1.8872862925451248        7.0860839323550469        6.5785087768048047        2.3436841765678489        6.6197893494322990        5.5053005246934479     
          60           6   2.0719473574892522        9.0665621023938066        6.8879849246174105        2.8698501732303572        7.5598948009561280        11.410093980026199     
          61           6   2.1167568815241102        9.0849862035974862        7.7093230734363205        2.4265073986889796        6.9815945135997879        11.681243683248059     
          62           6   1.8213928993782122        8.8283130075633522        8.1869132821468629        2.6978670904438102        6.6244436747530795        6.6547095089480282     
          63           6   1.5149259004707261        9.5433864628642802        7.5475866391560071        2.2517066231760938        9.6868328662869718        10.004229525159346     
          64           6   1.5060559220205525        9.1133457844123225        6.7006518139034501        2.6323229787023177        9.9475732789098039        6.4515677305825516     
          65           6   1.7634860637366025        7.3023376452535391        6.3593609875807537        2.1414696744627317        8.8787291550966394        3.9550999559834596     
          66           6   1.7786281821681837        6.9895995090872054        5.8051012369366362        2.5463656466038245        9.4442926332381791        12.270415780265584     
          67           6   1.5840096444909926        8.1973526435926551        7.1830295919073741        2.9953570101711806        9.0362352827146744        6.1237041575438349     
          68           6   1.8421094418382551        8.1347125032618628        8.0318556770620866        2.4474464408730623        9.6936555009600749        4.3523904205837747     
          69           6   1.5557900040544663        7.2727620604217060        7.7282128111084925        2.8427224875824062        10.302054462216995        10.763616004834882     
          70           6   2.2146833585971408        9.1672350063085553        6.6417977857207884        2.8008834209607634        7.6144720678566857        12.623703627676006     
          71           6   1.8865249472061265        9.4675997004494068        5.8198564010635012        2.8475730480444339        8.3963645450888293        6.5828353473646564     
          72           6   2.2106204484034984        6.9149198075920344        8.1097215562302623        2.4970630987748317        6.4299735214114468        7.4800012111007232     
          73           6   2.1299082961781699        8.0551614451855418        5.7278050946693861        2.5076900600940548        7.6271535771455241        14.951365866175619     
          74           6   1.7685368548651226        9.2529353416517370        5.7745805040067060        2.5638106817931772        7.3058683969707037        8.0095522159289096     
          75           6   1.7570566890836321        7.9727498393818736        7.2860321905285126        2.3179020341160519        7.4841524156167170        11.627748272925849     
          76           6   1.8193891817327217        6.9501296265602113        6.1113632578330108        2.5253731499896102        7.5844778612363619        14.911513555606362     
          77           6   2.1792213496075199        7.4342476299852143        6.8027085041496900        2.4212361204144544        8.5095395196074559        12.359100499555003     
          78           6   2.1340805456099194        8.3401393588736656        7.7390828396212319        2.7914178609058538        7.9217727514292351        6.8250940769438166     
          79           6   1.9914182274523284        7.4297019811511040        7.4641560265203939        3.0357607025846653        6.7768088027725080        5.3496160889083990     
          80           6   2.0098742006187793        6.6176353227660067        6.2465738839007914        2.5965214414185938        9.0622338492280488        7.8426124063543980     
          81           6   1.8800371650993080        8.2363057659104459        6.9161441888704900        2.5893770813929007        9.0937629943763092        12.766861682348653     
          82           6   2.1079717189891265        6.5240005493566393        7.1943121246265251        2.0521764609571265        9.4901819903166817        10.818660104976034     
          83           6   1.7396730955217499        8.0811562245100745        6.7034870643412692        2.1811294060413631        9.3222249074215995        8.6052824773080658     
          84           6   1.9899517815381942        7.1579288418397313        7.0266763582007963        2.6963814263175143        8.9780486967775559        9.7877217287959066     
          85           6   2.0524784374870175        7.7858674379780890        8.2478640632253146        2.6101062899692726        9.5609194568562845        4.0036923825845587     
          86           6   1.8887122957471199        8.7835050574660301        5.6435113375404846        2.1531793288045464        7.4195394429834041        6.1799897647155442     
          87           6   1.8815846259299200        7.8800076680347324        6.9095925790458912        3.0273991640885916        8.6499180466557277        8.4864748332728634     
          88           6   1.5529943872266356        9.2688820225402697        5.7683077768154440        2.2338495231896265        9.1200250452931328        13.098977664749604     
          89           6   2.1236136677229034        6.6264641325145970        7.4553552109237762        2.3036828773428031        10.133400905947807        11.827605331633706     
          90           6   1.7989007370667998        7.1979577240243557        8.1165304589904839        2.8196331430489292        10.162824605718219        10.351516222856240     
          91           6   2.0074999080617912        9.0477338036686170        6.7307170212583616        2.1112297958086614        6.8031522908138387        12.121378405997065     
          92           6   1.5432349671664369        8.5032491482615473        7.8556032812844965        2.5424014609241485        7.9421585595398119        9.3297801083114464     
          93           6   1.6414779403772204        6.8324604859530931        7.1309161166332666        2.0773321073106583        9.3495005771941280        4.1728491067516149     
          94           6   1.5365974091441650        8.4365438810765738        5.7156941963111976        2.6543247823464124        9.2392723171023885        11.322273280057123     
          95           6   1.5241568098167331        7.5400855228736994        6.0221822512006380        2.8551276744740921        10.464113654187475        5.9090281226586079     
          96           6   1.6021698187026567        8.8726884332343943        6.1440744548335671        2.9697807827631384        8.2884802165349019        12.101717625670137     
          97           6   2.0416250022204783        6.9288236037611961        7.4780897996220741        2.4388795169388406        8.7822772835824026        12.394142783198738     
          98           6   1.9489631400498839        7.0168714735865594        5.7824751995613797        2.3721707797756415        7.4761157490201473        9.2281504231223366     
          99           6   1.8762624242645223        8.4496548787608745        7.7139420681182296        2.6837298109099361        7.4495312740497761        9.7993420413571872     
         100           6   1.5663332962231151        8.3994766207665190        6.6063741811867809        3.0478666830208523        8.8619611681017219        7.8732020863350476     
         101           6   2.1008758912156988        6.5619770574122676        8.0519650691395626        2.5460048717262129        8.5607269146571454        6.7484394699428218     
         102           6   1.9443925594398659        8.1293441982641816        6.0723148675944651        2.0334034441087487        8.3115207080488656        6.0945368024760391     
         103           6   1.8135037788217794        8.7055449514389043        5.8747694941435009        2.1644632044243810        6.3106981703145895        8.3193339002921718     
         104           6   2.0044648287406752        6.4505260002151141        7.3213288362858817        2.5708701485583090        7.7693910284445620        14.801767132035922     
         105           6   1.7757117459604796        7.3905182811409240        7.0951610043775286        2.1862745867493842        6.4607218708743890        8.3895131624334027     
         106           6   2.1185710738743935        7.7059429074957970        6.4419085844783108        2.9077052435031066        9.4768806067225437        11.889356664100429     
         107           6   1.8992949265911896        9.3120885984465467        6.3937466106576846        2.2873472728289101        6.9170078364360377        6.6288599096292167     
         108           6   1.4905722280837594        7.1696701539188625        6.6090854922723024        2.2163036809965124        8.6321207169021328        5.9689871174038851     
         109           6   1.9774269956845791        6.4080210744470367        8.3216648879287760        2.3025225330046002        6.8573515897199133        11.730196381100919     
         110           6   2.0116227281633110        8.9878191029429431        8.2332400001946855        2.4921796775625737        9.9149170041358285        9.3241440584459347     
         111           6   2.1882926336681749        8.8510249602541329        6.0837773716598749        2.1565041039424666        7.9670162942719589        6.4772457940168682     
         112           6   1.6216260086269303        9.3713757238924504        6.3633484521795065        2.2285328391313830        8.0872310487502403        9.7473674212130703     
         113           6   1.7862479132721760        7.6787574385836725        6.2115280235530808        2.4885618416848030        9.7988440736170013        4.9590728342796213     
         114           6   1.7774822429184149        9.0065088578954331        6.1391050316564737        2.8996106479015573        8.8238851095027240        12.447024300532183     
         115           6   1.9138619270703847        8.9818210499733677        7.6090515883451335        2.1236100094832757        9.7507340547910797        7.8863466904454391     
         116           6   2.0803175929323956        8.1848877361938364        6.2918613377206025        2.9177184423461835        9.2865765759899794        14.402463052338920     
         117           6   2.0478412811554967        6.6996681242644787        7.5389138938721274        2.8930184375235810        9.2837105246155431        12.239095423459775     
         118           6   1.6322160357227362        9.0894524096280325        8.2405675586320459        2.2377814066297281        6.8133547141816369        11.809331654249457     
         119           6   1.5031307170096879        8.7236892862007025        6.1858019804522391        2.9034087724557334        7.2986992123017922        6.7544539485122073     
         120           6   1.9959931034372003        7.4772459821999071        6.9671426400350409        2.2036019535800997        6.8488210709433250        4.4498739126278091     
         121           6   2.1086608574797303        8.1656258210092787        7.6537844145545737        2.9363976565383005        7.0441947966422038        12.753462597890525     
         122           6   2.1984692406792283        6.5764146999552846        7.5106649525219584        2.9714254224966652        10.113467018530997        13.366519170161103     
         123           6   2.1747902458739374        7.2099932614505295        7.7017609131153675        2.0466102436674385        8.7963859908620954        13.814254812784494     
         124           6   1.6933407119359916        9.1877864554584026        7.8582437347697089        2.6731938055717759        9.5311543444886713        11.181203614730620     
         125           6   2.2116546334540659        8.1480456317216152        8.1330098106458788        2.5003249090926443        8.4900725144084017        6.3668846471272404     
         126           6   1.9819495262993778        7.7496313180819154        6.3544038166685022        2.2444317875457460        7.4505509684556444        9.6459984664751683     
         127           6   2.0275350164078736        8.0835948592051867        7.0057220585385336        2.2838886129187697        10.457216574145377        10.058910870731342     
         128           6   1.5325781040456425        7.7794653683498503        7.0295490125581628        2.2565540504008252        10.149067891755021        10.613115968294442     
         129           6   1.6858299158547352        7.4094199653267863        6.5025837437976151        2.7866167742602803        8.5443083434759650        13.287160767547554     
         130           6   1.7998587972773519        7.7027729376181959        7.5309939020525674        3.0092636362260299        6.3347627368713164        4.0584642403414479     
         131           6   1.8494158649927377        6.7367622656062247        6.8527844100994990        2.3171942344759029        7.7001561672688172        11.700949319041333     
         132           6   1.6162972965900972        9.3932784250512711        7.3351665562996642        2.1117408030652625        7.1957174026496471        10.575497667938238     
         133           6   1.9323888989956211        7.6338221070826053        8.3468955998208383        2.0822337442666665        9.0042373423566673        5.4002252867710769     
         134           6   1.9995934677008727        9.0363603898376237        6.0019419070597735        2.6306955645137000        8.6007075677874081        6.0477700217484962     
         135           6   1.9920510096199904        8.6343324757322666        7.6725083642082295        2.5598520879228972        9.3039123952618379        7.6819046731141860     
         136           6   2.1846338783279529        7.6623244778215884        6.9275270238047462        2.2623566757166009        8.5290055875114970        4.6839357572654263     
         137           6   1.9180557816883830        7.6187781193673612        6.3406548203846436        2.6134113291524161        6.4191530389791858        6.8788835533410309     
         138           6   1.4953878172786068        8.7753723819568759        6.9655040854588153        2.3614296071299536        9.4200379196367123        8.7197020770672236     
         139           6   1.9973961253053880        7.0057947096243502        6.6408609206780795        2.3243575542093255        8.1077225302868765        12.840440069080330     
         140           6   1.8452934584494400        8.0386405105128880        7.8506296275431291        2.6414726289380992        9.9570627449979998        9.6092478927676552     
         141           6   2.2186735284932610        8.8052589042976503        6.8294007160881529        2.7890428440694510        8.7439054597683477        4.7332544562090186     
         142           6   1.8284621303425821        8.9164958469226967        6.7516071767622607        2.9260808046399522        7.6832148941380245        13.226402528979582     
         143           6   1.5132869399764575        6.6134905783489346        8.0413265474574658        3.0008123770721067        7.7448061282613212        7.2730882594806605     
         144           6   1.5329874133410306        7.9292543986096975        7.3641373563464727        2.0938879433273150        8.8002271066604880        14.934005968216807     
         145           6   2.0398695092442916        6.7561703324928883        6.4668356762716543        2.4362289272739175        9.8516477745704680        8.0446960407244035     
         146           6   1.7805404195917489        6.5089123755022884        6.9962938657943168        2.6939982100967872        7.6544045349859298        4.8729369782260612     
         147           6   1.5672879592140763        9.2961995342910289        7.9297454891417178        2.8639556215487141        9.9881994719638723        11.424203533409163     
         148           6   2.1116224414784184        9.2055349713966237        5.9941302688850087        2.3901821259602434        8.6302973815668196        11.487927835571814     
         149           6   1.5831751471208502        9.1282928371563550        8.2883338308984413        2.2271225073060856        7.9764107922734269        14.006618584769079     
         150           6   1.7149174715781024        8.5375595055073497        7.1451378760309892        2.7334630497826913        7.7305277947854529        4.6242285024304870     
         151           6   1.6142967170474771        6.5911882931903012        7.5374951578609641        2.8056804854813127        9.5126998319213278        9.1342848811235751     
         152           6   2.1438203689714985        7.0832755681380632        7.2395236428016796        2.2601837526727744        8.0754911297799783        6.8111582944733087     
         153           6   1.8776526017396431        8.5891204242765902        7.5020780501104891        2.3694073880858815        6.6461122480802421        13.671593522523997     
         154           6   2.1147479106856140        6.8655726006001236        6.1531065006317567        2.4869370365245360        7.7894171367505090        7.7036294444103266     
         155           6   1.9714010671277904        8.8988302532702690        6.6775511094219988        2.2247535531137137        7.5390974924988807        12.540611919944174     
         156           6   1.6613148592784441        6.9392614146247507        7.4106990554757415        2.5688099522306862        7.0511032781523140        9.5860504313695714     
         157           6   2.1274902075680808        6.4342141448870303        6.7373382756788276        2.0312269670662282        6.9391480371125782        11.668439881477505     
         158           6   2.1725975476711148        6.8747983559593564        6.9364024654326961        2.3364930477069783        7.0331939508672656        13.381542774901725     
         159           6   2.0086951940723230        9.1978401167273525        8.0874893649918977        2.8776796176272161        10.058111151398919        12.049302701065550     
         160           6   1.8536820836511441        7.8751234898746016        5.8299760920368140        3.0157441372556613        9.1989403969369317        7.4210071580291261     
         161           6   1.9126877645990903        6.7442904031515125        6.9436397920493036        2.0858579786153970        8.5038967196397586        15.268479850586038     
         162           6   1.9286019478376768        6.7209009849146018        7.8883824238032103        2.2677217535139804        8.5689834255061434        6.8937957697114900     
         163           6   1.5542603954223355        7.5922177999779583        8.0941186059284966        2.4133635581428838        8.1412820483167003        11.381709697264247     
         164           6   2.0181209614656774        8.7418391779944304        7.4313537580277780        2.0571991739203686        9.0719743616387607        7.3694608495775604     
         165           6   2.1053626211855936        7.7617552099183200        6.9232320286698634        2.4244368594522028        9.5711359306585564        4.5939929115062110     
         166           6   1.7885503105295171        6.8967335327774286        6.6336182541893791        3.0334776741989979        9.1899057362706955        5.8888747630196159     
         167           6   2.1938642605325396        6.7115991926327352        5.8652575806913898        2.3507611701641973        10.185382796779889        14.521659264524468     
         168           6   1.6339028733475971        7.1325076800882812        7.5207231040868905        2.7761253439065441        7.3144936378562209        13.158582743472653     
         169           6   1.5495248199413250        8.8246844772040856        7.7602136687301098        2.0647935871809810        7.0752047106584159        13.066278122496792     
         170           6   1.7339939450274966        7.9558868326336141        6.4862881904793905        2.4533608902060053        6.3912165450259293        14.249906844803132     
         171           6   1.9849196725023350        8.1126005929917095        5.8248161226367579        2.5271092133907040        7.1392270603025336        6.6733871108239979     
         172           6   1.6228050403518417        6.4430990854650743        5.9032857813611628        2.4629630831012501        9.6507730856553593        12.796350765028270     
         173           6   1.9638731419171207        8.9390910639077426        8.3981398418271915        2.7989120600795654        7.8282751204976808        9.5735398872513322     
         174           6   2.0132050726283248        9.1593434355050327        8.0659976277953014        2.1423728677591587        9.7362568767983326        7.1552077265488911     
         175           6   2.2232727346363199        7.1224358804449448        7.9033153244851162        2.2438175224895680        8.7812717692610338        14.145253153517610     
         176           6   1.7826735354877916        6.7848349612683068        7.2181553755525494        2.4520587493130752        9.4972617466810156        5.7076745209535584     
         177           6   1.8087657648990116        9.1536949725389469        5.9685630051491776        2.4975176206421668        8.0963973761029955        5.7688716706479894     
         178           6   1.9793256369058787        8.5745596708700056        8.1601077706111589        2.8370497879320196        7.9152271456294079        6.3987718394470869     
         179           6   1.7373993081730790        6.4709661819458013        6.1570472537102177        2.8807500022495818        8.7190346480607648        14.602404119344429     
         180           6   1.9256747657812385        8.7018448240458959        7.8706357574719936        2.8184317290116101        10.260763012271839        9.5377374510699884     
         181           6   1.5200783990849835        9.5318117916286003        5.6053713017348192        2.3404497445442525        9.7723690049823553        5.6005384554669728     
         182           6   1.9754444327298923        6.8471641426816587        5.7468651161395012        2.5571351835917682        9.6342615807274488        8.0218975451784207     
         183           6   1.6174986376916525        7.4961957563549291        7.6678061094444248        2.1270669041862620        6.6096813336449536        13.104744860023260     
         184           6   1.6069641908418852        8.6900371549576505        5.6916186466250567        2.7744206691187245        7.8997013855431177        9.2805299447167204     
         185           6   1.7537958573286421        7.9320665288850662        5.6345518480787051        2.1664677856186403        9.1714697242424261        14.089183609428815     
         186           6   1.4921908288906980        6.5727119997784502        6.0815657696813341        2.6195692718724999        6.7323571914107019        13.600428650264396     
         187           6   2.1503280434587224        9.5287172736823553        5.7213350478529934        2.2934729311670363        9.2948007689248584        4.4965527236028571     
         188           6   1.7743682113716657        7.2425447857707743        5.8136447871819135        2.6165188539518041        6.8328983083836636        13.703432972145965     
         189           6   1.8699624592369979        9.4290480429783461        6.3764655642723662        2.1140460683650053        8.6216553179480684        5.7207971810386509     
         190           6   2.0877279671873432        8.9288280477404598        5.6063935733446852        2.8611103230775892        9.8755056938987593        14.759258942025248     
         191           6   1.5610870331347826        7.8222392551377418        7.6041110629487783        2.9528127980873915        10.293195356323071        9.4461967745011197     
         192           6   2.1568781704568769        8.4927938327372079        6.4549361902356148        2.7670341329132855        10.351519996256711        14.829412625042488     
         193           6   1.8247182997636961        6.6821765618503095        7.4253676200529561        2.2555797732666041        9.5650199222956171        8.1422625153707333     
         194           6   1.8844298432127760        6.6916595628798010        5.9320424277495594        2.3967463581811170        6.5785238335291387        7.1828670566536026     
         195           6   2.0985264050531667        9.2613850914880622        7.4697946539338682        2.3290989397646857        8.6917539033723266        10.129774713110876     
         196           6   2.1616829711152614        7.9477894605085257        7.1156180918633938        2.5069248997027609        10.470897834347678        14.120543987572892     
         197           6   2.0757902732344160        8.9562452091172329        6.8067638851633294        2.9682073952054977        8.9306072449093907        9.4245629796988801     
         198           6   1.9542950308301115        9.4910879896059637        6.5630015199247742        2.2633569063506922        10.385846887872420        5.8724773969640962     
         199           6   1.7256282590721455        8.6947984910696743        7.5072456988692284        2.7262551473032870        8.8133261930851212        12.813267066534841     
         200           6   1.7713673477646521        7.6698474424540999        7.5612809895014399        2.1337438973889498        7.6624758359413683        9.6551784133887857     
         201           6   1.9515256439411826        8.1720862304225559        7.6451997827941556        2.9882624701974634        7.1298198080136945        7.1379257596470405     
         202           6   1.5519394512350950        8.8568373306781059        6.2632255476256828        2.8530036327022406        7.3653504179009328        12.669564697809053     
         203           6   1.6310693207086064        8.4567269239902494        6.7711898015197374        2.0702314531895234        6.5575444058980512        7.0087344570548735     
         204           6   1.9078405349149181        7.6970312446936964        6.6626974852828313        2.4805323328676723        6.5497956337850072        12.937228107120841     
         205           6   1.9740101145540829        7.3709174599260097        7.3800084796778860        2.3871840879082402        6.6680834037526644        4.5777621632551311     
         206           6   2.0329661583530623        7.9644178965941066        7.8322881309293209        2.1608040843775029        9.8887471529170217        15.305849376838887     
         207           6   2.1652987295068149        7.8406520364701748        6.3954616169482472        2.6072363553301150        8.7302741018490124        10.965761304859305     
         208           6   1.7505464234529808        9.4236329548999667        7.9572195538863539        2.5312566964728385        10.414982134038327        6.9448918654788283     
         209           6   1.6026082778051773        8.2845891045719373        8.2591113704362886        2.6684350397832319        7.1785097430963818        13.569429920747877     
         210           6   1.9271398351742794        6.7482671565487982        6.8321722760727628        2.9299241002568417        9.0563794609570323        4.2799075322793794     
         211           6   2.1908679202131554        7.9166164821997285        7.0009434138029816        2.4296329068850353        9.1415399094821979        15.111959937675158     
         212           6   2.1819164548104353        8.4444267284736032        6.1222234715323891        2.1197891812993679        8.6643201156974481        4.2085987724878358     
         213           6   2.1064790909385587        8.2302443252041932        5.8940123711656778        2.9574647723229783        8.0277684333337849        9.8730338780940503     
         214           6   1.8671514607330226        8.5982674145519731        5.8405752578878767        2.7949568031303769        8.3616800540051521        15.194853300084592     
         215           6   1.9103635973063671        9.3610183188870550        7.3589965463677425        2.6527240579536553        9.3684183018488199        14.343298314517829     
         216           6   1.8553009208522364        7.7753009563818578        6.2088410704338921        2.8319268866397440        7.7381131266839702        7.7837622484886078     
         217           6   1.5708178362449725        7.2306104914203289        7.4898125942248859        2.5024862123329097        7.1017641285102302        6.5374299527439295     
         218           6   1.9213272542971092        7.8852349801197654        6.5158699485313152        2.5922067321640250        9.4536321792219358        4.7700877222400155     
         219           6   1.5044702680797688        6.5817500377446416        5.9424129388110707        2.8300392239053358        9.1480687716569857        8.6703315626115067     
         220           6   1.5078534358667768        7.5872248838305474        7.4928369603805240        2.9069902916240693        8.5913349348962438        13.731044118318939     
         221           6   1.5225624402370677        7.6880903649494048        7.5578377485856416        2.0759681909717989        9.1624856473934511        10.515445494106970     
         222           6   1.8311644395815023        7.3578517067119478        7.9832187960596759        2.5339485022387467        9.3931447571294893        10.646986085439334     
         223           6   1.8219927500256616        7.0573496785163883        6.2728517420176422        2.5484703908717723        10.241206306071762        11.121980644209311     
         224           6   2.2051349197908769        8.3903788349255919        5.7982719405760985        2.6859143105132692        7.5076806776086515        4.3796758623423511     
         225           6   1.6826041840153094        6.5568690810099248        7.9616480853393679        2.3135283402456248        8.0359326518728658        11.517879705717787     
         226           6   1.7118841433473957        8.9083733541637660        7.2947054789070043        2.3207486718614119        8.1660286904413670        14.323921577839181     
         227           6   1.7409029635803588        8.1264345523312702        7.0415958403604106        2.1068965605546164        9.4128298390860099        6.0664260749879757     
         228           6   1.6917323761257435        7.1490215738028295        6.4708679384186860        2.7555646865466050        7.0650782744703813        15.376568805649178     
         229           6   1.6521024002418945        9.0286882789179668        6.3122707130087532        2.0800966918917836        9.1109092077916571        12.483187164350413     
         230           6   2.0221414838860468        7.8921904079288243        7.8642116323729985        2.5112960579488237        6.7959299849516572        10.224093734509545     
         231           6   1.8518220324645656        8.9670229558885097        6.0198392976585779        2.5513852877116761        9.2040694046213023        14.464674233390484     
         232           6   1.5886169990929868        7.5073489761471750        6.8701134390687564        2.3529958498425874        9.3963682502784103        4.5348512415541338     
         233           6   1.5071542730858272        6.8020305220663548        6.9785529057761648        2.0548430810123399        8.9037789960290343        4.1289453529790050     
         234           6   1.6057618631796353        6.5519658681482076        6.6936700559569529        2.7223604584670622        8.1155062918198464        9.0047505987416958     
         235           6   1.7369865716264490        9.5382088478848335        7.0996539769019931        2.3155289113602135        9.8453181489122379        11.249259911697125     
         236           6   2.1464117181759610        7.9035887295857066        7.9684853531291715        2.5831140208070260        7.9517870103813380        13.034226556798677     
         237           6   1.4991665538691823        7.9797550141334535        7.3843521777864556        2.9607186250403430        9.5826978896181974        8.8045051852576428     
         238           6   1.5647108906293941        9.2303010145798314        7.9152492369547494        2.1310386828768997        7.9343978853967636        14.191858654264594     
         239           6   1.9473541394278779        6.6311082563921806        8.3752615275025359        2.1513873431363697        7.1491533886463889        4.2470238756542091     
         240           6   1.9622140804962815        6.4185886529520157        8.2953783989766627        2.8040925992354659        8.0536426846150260        8.5846321819364082     
         241           6   1.8372460120971781        8.4799531418323504        7.5724349305784333        2.7566608079792840        9.4355164534022098        10.065506048645592     
         242           6   1.9575846307312696        9.2367675133720031        8.3065687756860633        2.7485391609652523        10.374400328256502        5.8213438580362125     
         243           6   1.6965170978182367        9.0751453534200781        8.2657231282588111        2.8568301249377428        8.0694669727599990        13.281288486835315     
         244           6   2.1810486049459499        8.2169316311061387        6.0366040908398109        2.4151436814684137        6.3369067130099186        13.430979405628751     
         245           6   2.1644725090357757        8.4086322114452727        8.0294367847969763        2.5375486063589716        9.8843120384309628        10.099540733323431     
         246           6   1.5468171959578154        8.8324561819687499        7.1113412988737226        2.5191386157493478        6.3190543013037219        5.0351377469501459     
         247           6   1.7189125788507422        7.4115939098134636        7.9694182748161255        2.6622270581623910        9.0244856618957723        12.468664085260126     
         248           6   1.5385350565524771        9.5856183736562723        7.8272333352077750        2.7297788004820140        8.7678815341058183        6.9217239569013476     
         249           6   1.5308829164959583        9.0227553819477553        6.6706299821853641        2.0358421464336383        9.7379157631740636        7.4431784910329153     
         250           6   1.7177597344876174        7.9967406444355840        5.8822931792300190        2.8226687263623433        7.1724513295130521        6.6081850765408010     
         251           6   1.9875257294688560        6.5014530659615994        6.2525720240056515        2.9942094287648238        7.2548813291628749        13.018476800183999     
         252           6   2.0638889903457556        7.2368197875320917        7.3291287564437830        2.9637369516657199        8.8660993950919487        13.530032323453575     
         253           6   1.7682132794275416        7.2924985401898628        7.2746745532488450        2.7702025730643047        9.9788905249782776        11.597990406681317     
         254           6   1.9833943183433358        6.6110157796218996        6.2031119025662536        2.3480334715432858        7.6739016090070455        13.786543286173371     
         255           6   1.5997518452495059        9.4633775541290639        6.5014773265246300        2.3941565937827338        7.6845344363465342        8.8639533950856428     
         256           6   1.9390306045752856        8.6796360583841796        7.7459137059403584        2.8082040706538964        8.4784524473956093        13.809693293079967     
         257           6   2.0342134497931692        7.3988174005895857        6.0424518172141166        2.7149543899474202        8.8510965659388070        4.9020545087615028     
         258           6   1.9017049914006423        7.1852185498654846        5.6128426751606160        2.3912034314177180        8.9854996913578447        4.0322641143051436     
         259           6   1.8020501577098760        7.3623188829511408        7.0771360769838099        2.6083002893107845        9.9689090085018286        12.299380994130624     
         260           6   2.0863710978010577        8.3062746074020861        7.3565029814364387        2.4619870201046576        7.7943342891031229        10.780262139012105     
         261           6   2.2240822939326983        6.4015807380795486        6.8725587024992327        2.8452067696813028        10.231292291104900        9.0658559990292407     
         262           6   1.5397402759596426        7.5163581837266689        6.3854968774050480        2.7788639108700393        6.5236914597680933        5.9430960091415326     
         263           6   1.9685766159736831        8.2576794926598662        6.0696793555164712        2.7412302112680020        9.7625005637408790        10.381499507016269     
         264           6   1.9199562198894005        7.0624252146318565        5.6578391273397948        2.3984404265382233        8.6995963387561641        7.5838274070762566     
         265           6   1.6673286332132202        7.7420929703176027        6.6200207160394644        2.2155872358175555        8.7117343905191902        8.4624054956785404     
         266           6   1.6270544729543384        7.1285747603625067        5.6549339738409961        2.8283004060372710        7.4289694366855263        5.0824151057540439     
         267           6   1.6447091098969338        9.0508376001611346        6.5545452240873123        3.0025170623430886        7.0125021995005010        9.1090147157544266     
         268           6   1.5780239900184423        6.9879425261393191        6.5887522394211961        2.6822933154664930        6.9086110214682668        4.7168292340175251     
         269           6   1.9603170189669914        6.5438218009114264        6.5436820442037655        2.7613149834790267        8.2216133855723115        12.661741449609400     
         270           6   1.9618204886504169        8.7628707363411777        5.8998093352409082        2.8402959442516695        8.0395931668030371        10.898484420348657     
         271           6   1.9421792903019675        7.5012685046955943        6.3791870083605868        2.0644335414628685        10.340969568324748        10.547469845328481     
         272           6   2.1680504166480712        9.2589888274237513        7.1012609217239540        2.8241241134354187        9.3370384361720458        13.916595956784207     
         273           6   1.5604341174093168        9.0804681440353381        7.8112486106630419        2.3815808387171939        8.9436538780698864        12.154953393371777     
         274           6   1.9172783534321840        6.6707576771244410        7.6349095174295831        2.6023464085185433        7.9056914347083209        13.345488746482413     
         275           6   1.9300436644550878        7.4734234291180970        6.5083097935941074        2.0400726978810320        7.2194641774121111        8.5049354784060274     
         276           6   1.8327953597855009        6.9563612443044782        6.4819756953690195        2.9291799513909780        6.3622705387701695        6.0151560043697252     
         277           6   2.0479693873593114        6.5396431843161587        5.7887669061733407        2.8494805951090063        9.7669824536924956        11.302062041406518     
         278           6   1.5175762620783877        8.1863159053519379        7.3501551640035583        2.2718878328737708        7.0864423135627472        12.852834915993268     
         279           6   1.7151122303902637        7.1636427488982681        6.8900759623887016        2.4782796474635878        8.5175032226820111        12.080118662493769     
         280           6   1.6552028568840678        7.9516400571316481        5.8074067370088773        2.1604828397833367        9.3760729295076111        11.450583172481506     
         281           6   2.0500722127516751        7.0233660891950134        6.3263512894054879        2.5659452294673861        6.6790571162975017        13.745655714030377     
         282           6   1.8350215052178596        6.9756099395707247        5.8909569945085796        2.4417697679530548        6.9291991701646891        14.680622747631277     
         283           6   2.0352141729178093        7.7324909566208726        6.0959770642185580        2.7591286415374281        6.4901045287311030        13.208731124751036     
         284           6   2.1013613828317075        9.2118951203003530        6.6005750674631445        2.9394428996040762        6.8068035883762219        15.003656132797712     
         285           6   1.5810981141064502        8.5652033485874544        6.0627389537623149        2.9863935676059685        10.366459149630600        15.156941244511865     
         286           6   1.9063873762449250        8.3957565304204813        6.2422401317678391        2.6505925745171957        8.5811245347788656        6.9875166318102266     
         287           6   1.6099269570715073        7.1166734496697783        5.7957220651924608        2.6264254944924077        9.5371543334338913        5.6844889518455597     
         288           6   1.7066296055956558        8.1168488811954855        6.5505834930783138        2.8958917732091898        8.3141164353522523        12.692585669550812     
         289           6   1.8156335299423523        8.0499186033621442        7.9196152468327430        3.0230376132137518        8.9650328355820790        7.7363829548149372     
         290           6   1.7032307308828831        6.7322425876170398        7.7249674026135358        2.2103871938129700        10.448122321259133        11.370124422934140     
         291           6   2.0384065689124164        6.7945592350587249        6.1637147527430205        2.1990746597072386        7.5255525771073861        7.2282898694809985     
         292           6   2.1283516507263576        6.4928561641514300        7.1670640675619239        2.2387469967080929        10.490795309159978        4.1027924891430878     
         293           6   2.1143683120017127        8.6725142840713261        6.7252401740686967        2.3560735612688490        8.4315136495548106        11.054814331308240     
         294           6   1.9731796556953434        8.3296380999445905        5.7043122231433170        2.0605030395312607        9.5489748757064206        12.899097674015676     
         295           6   1.8115818258864620        8.8597089212819924        7.1286548424107963        2.3775215402467080        7.3681250248835282        9.1773817792953913     
         296           6   1.9006172255365459        7.2000868680506942        7.4864117884282022        2.3854772530641033        6.5156995291129549        15.322476009673672     
         297           6   1.6152821045992709        7.5516586780339479        7.6605943240107974        2.4356526210066858        8.5333793302890424        5.0093650728550267     
         298           6   2.1191857912815641        9.0139914273321615        6.8945753075113521        3.0354059974681027        6.5333151572657284        5.9829387777869121     
         299           6   1.4959489456231239        8.6179382417753345        7.4481431918608028        2.0381142113811244        8.4188323157088032        8.1580589213422492     
         300           6   1.6852241622372996        9.2211899830043311        6.1337911804774770        2.7782850362545997        6.5705734519464283        14.301893385753267     
         301           6   2.1710856605953723        7.4224374626860028        5.7612661916967483        2.1691781837460398        9.7230298474538923        4.9379430264907418     
         302           6   1.8443952123664320        7.0413159143790605        7.1556330796172842        2.9766135271511041        8.2378243131637614        13.994387196919881     
         303           6   2.0786130564706120        6.7636411986052991        7.0697667075797916        2.7170111646279973        8.8989427621793649        10.483234924797667     
         304           6   2.1583239397462459        6.4284150387257339        7.2068355277583001        2.3322155053248999        8.1337878057294528        9.6906020064775369     
         305           6   2.1700044989137166        8.7596488106951114        7.1511359335003419        2.8905323717851936        8.1225508969421956        4.6669773408316537     
         306           6   1.9863644744797704        7.0005190779060129        7.3455200368935243        3.0277107838310484        7.7628025015285562        13.506199609470785     
         307           6   1.9548379455108755        9.4142329734385015        7.3949642167756338        2.5138304718302189        9.1264182302682144        9.5294113695661071     
         308           6   1.8651505082899333        8.8869256993174552        6.4227916751191021        2.1343564583947412        6.5049468633684837        15.236585448554717     
         309           6   1.8563516850631312        9.4801201587602506        7.7173669295910745        2.2028350517721753        9.6575929584623506        8.5484561937041583     
         310           6   1.5874385199712031        9.1176801809117194        6.2365611434806141        2.1719318734857529        9.2668748578761519        10.726112304503332     
         311           6   1.9226228638801537        7.9866006767347457        6.6511104307368392        2.4073559214646369        8.2604445393852544        14.820226664260495     
         312           6   1.8337109753607119        7.4468708807230000        8.2878061407422656        2.6252824436256943        9.9061028420225767        6.7040473253158854     
         313           6   2.1754578649100567        8.2784600353211157        8.1005121894106260        2.6779592533668408        7.1574830386455908        9.4679893496548750     
         314           6   1.6786631018927971        8.4618226271629329        8.3911947194131091        2.4845883621536564        7.8372473762608506        10.832051646003267     
         315           6   1.9671766744624264        9.4762726937577124        8.3399603648681193        2.6472398349446618        8.4406342936365082        6.2912364943635186     
         316           6   2.0009332341455015        8.7476559128090745        6.1888782209698112        2.6712428194927238        7.2257468705083427        10.430677094610640     
         317           6   1.9377999552933314        8.3745328406900175        6.2831620010808109        2.4702454471351021        7.5746045459683193        12.963512519438286     
         318           6   2.0808816806674746        9.4924504680231205        8.1798916917150848        2.7379512697095700        7.4329726161866256        5.7981707363766617     
         319           6   1.9046069654358084        9.3639137384653086        7.6119684734925634        2.2409125354338340        7.0026952054251819        10.279773023365065     
         320           6   2.0706834664467442        8.0371756723225118        7.1357493050031371        2.0502109953878631        6.7442484428783320        11.918684496354311     
         321           6   2.1378724596822445        8.0056814995631580        7.8738559698039658        2.9128564227060503        9.5054688832183878        11.025552686473587     
         322           6   1.8397161532687396        6.7159939879640937        8.1457442616002638        2.6750947677901387        7.0599963743147667        10.960947262440575     
         323           6   2.1314456096879768        6.7690371152713897        6.8240187019502745        2.6186364308963808        7.8127294941775123        13.928878601120786     
         324           6   1.8586393803295957        7.3056476866021756        7.0169521469313647        2.0729874074709227        6.6932771435956093        12.557790006670169     
         325           6   1.5292879542546534        6.5065225203588613        5.8577131855454292        2.4184250911891549        10.055376506437343        7.9265420470952526     
         326           6   1.8789961789238359        9.4337430684953922        6.6255693353483460        2.8972918438090756        7.2659695219798897        9.7291296455706462     
         327           6   2.0289224898217708        6.4660687522411351        8.3360020237376915        2.5293569647942200        7.2051504856179047        8.9433685360520609     
         328           6   1.8434937638705315        7.3976913398459558        6.1043094614673405        2.8030190648685491        7.3317689375442585        12.177060076074907     
         329           6   2.0889944305717947        6.5155962925687430        5.6492004776410756        2.7089506365843210        6.8422832993578533        8.4090454147721179     
         330           6   2.1402585924224278        8.5761990456014878        8.2515516108477502        2.2662360015772465        6.5970331906952380        5.4492499507742469     
         331           6   2.2126150196851326        7.0399297709047790        7.5503477218559008        2.5864209368918556        10.429445353966559        11.845066092461346     
         332           6   1.7121865826003440        8.1062190228089683        6.9464744298294185        2.5743391721107156        6.7191870284729678        7.7965109863136890     
         333           6   1.6295864539140275        7.8089604903757568        8.0539634734736776        2.7214365145339814        10.398082649669297        14.435861744570779     
         334           6   1.8641795321681722        6.8187176752090464        7.3127861472763120        2.9892451281439234        7.5942381727389847        6.4159036680012944     
         335           6   2.0450535507456959        6.6491075053021316        6.9557496193664141        2.2204723260432293        9.6005591084651325        9.0181082137019839     
         336           6   1.8603629293355810        8.6413279415264732        6.8115125215182077        2.6692252458921821        9.4669941672365781        10.190325258962112     
         337           6   2.1357217547164948        9.4514570652455099        8.0163316191948955        2.1288392856694660        10.255795780293042        14.482841414549855     
         338           6   2.2196979121545515        9.2857550134703519        6.3311080506581803        2.3007270615355204        8.6827752355589443        4.7933066775132902     
         339           6   1.5480601156596561        7.7553656392663717        5.7391351871073244        2.8708633903743976        10.436132931340303        11.862944787302521     
         340           6   1.7599181288709771        7.0312051238015298        7.0490206494251266        2.6802716008529064        10.362897208399852        9.9168209358004393     
         341           6   2.1115524312265683        6.7037608353614804        8.2274377555726090        2.2915924196479467        8.4866916343133187        7.3832156834476619     
         342           6   1.7947398866167199        8.5282344604790197        7.4742591009585180        2.4007680230302082        7.7572341201116934        5.1019783750954089     
         343           6   1.5726533234233129        9.3802538777366280        8.3136955775050456        2.7003964594921839        8.3313766218322698        13.542871633338976     
         344           6   1.6196048503656499        6.8080853424131877        7.8158026155292992        2.2742865002410206        6.8978246196180155        12.203323714891216     
         345           6   1.5185954294401314        9.0594006375432006        7.7651319314053291        2.9476985593964344        6.7635994211751687        4.9320706921149977     
         346           6   1.5965519858423527        7.1055479024484756        6.8784331725127998        2.0928948710151105        8.1824026585153717        7.5047363674736109     
         347           6   2.1895344101104137        8.8389411166891456        8.1550775652075203        2.3219497857480871        8.0480722915653100        6.2570071210965983     
         348           6   1.5581024320211634        7.8702420677408576        6.4251900660101322        2.2705842504502924        10.173406406310662        11.226852445089957     
         349           6   2.1860222767764608        9.5897277629658575        7.6175344016075135        2.0984779875569415        10.023835918271951        12.422134411121020     
         350           6   1.6233627031684761        6.8717344123631721        6.9121331402247774        2.7868908426326788        9.6437716619423632        14.882661170120585     
         351           6   1.6471375443746987        7.2199901980444787        5.6254630369625982        2.7126344367158506        9.8102672373454300        14.369754740716424     
         352           6   2.1990672901657131        7.4543712954789401        7.3162998092720288        2.7175132524469867        10.340306615110277        12.371147698954680     
         353           6   1.6282025238238833        7.7299418692350388        5.9154641146687785        2.4015305122379864        7.2745540235763970        8.1187266201099852     
         354           6   1.5225208662311920        7.0500619277790193        7.2855428623320542        2.1193719083178975        6.7804836090478906        3.9806254561555106     
         355           6   1.6114111394530999        8.3186038668438780        8.2006381296556441        2.6565302414925394        8.6766758494964513        8.9121869864170442     
         356           6   2.0445228555100599        9.3212870584070693        7.6244508005540830        2.9111682267481083        7.4645704493112763        4.5124559683171102     
         357           6   1.8973707587878219        8.3077423767209044        5.6704719346661117        2.4716414920129814        9.6164217443908466        7.7473727427117991     
         358           6   2.1334228176441790        6.8156226444885144        6.7471583555828776        2.9203374867607370        8.0800462850861443        9.9890290622883473     
         359           6   1.6360751120069530        6.6809355281993748        7.0557671141363683        2.6638522140044159        9.0915345653711483        8.0910060813983442     
         360           6   1.5259683207449690        7.8636747990503899        8.2650318465121089        2.1560822965441360        8.0035272655913463        8.7025073612360284     
         361           6   1.5637645080778468        8.2556398575291041        6.6642040727784853        2.7278816052627657        9.7046460731728601        5.3430874851911794     
         362           6   1.8619597838968971        7.0706782094299792        7.3995624049274253        3.0190735094510299        8.6709794950461863        12.992711048745317     
         363           6   1.5578124316433630        7.1468342040225865        7.2600129123609509        2.6227734406475349        8.3429271094425577        8.3839650371822056     
         364           6   1.6997570824487507        7.2836828217461704        6.6893735921140758        2.9552633896479845        6.9757607719134116        14.423210251330863     
         365           6   2.0976864656846876        8.2485866442844262        8.2787611400948844        2.2477014787413738        8.1472398555951564        3.9108753774429204     
         366           6   1.5153746282353346        7.1804284114897259        6.5944048197053373        2.5681784789713933        9.7807235046667103        13.842598197175889     
         367           6   1.6707327644587588        9.1385758056089283        7.6409031934555625        2.4740568760203479        10.324419035853419        15.088828686964233     
         368           6   1.6982817845779099        8.2083003895744682        7.1177249776875602        2.4494095093865504        8.7489687412425745        11.209963240804615     
         369           6   1.8069451165083514        7.2774453298792237        7.0374471313100306        3.0424753986904300        9.6652400929763580        8.7669785786045242     
         370           6   1.8824320723249299        8.6603287709847088        6.5194792332291600        2.8737659516991951        7.2363049868942282        7.2530879058586430     
         371           6   1.9434678596933186        9.5555653369545936        7.3729336372528227        2.4662544705778640        10.214274618307897        5.5217701272999404     
         372           6   1.6566615691769495        8.9923672882244006        8.0854679614456373        2.2818044489202927        8.8318586844680453        10.227541515651858     
         373           6   1.7298741999179963        6.6579030949056150        7.2526395927403131        2.0909649676117206        7.8500316015019687        14.545336313493317     
         374           6   1.8050650681134965        7.2534696495130655        6.9526660330884162        2.5995487229260803        7.7817817181432378        11.511736169117270     
         375           6   1.9576983294233772        7.8000880872458227        6.7123068230176344        2.6484722677136023        7.5212986632913950        7.5589177539225210     
         376           6   1.9403498036234266        9.3499576703816647        8.2121484313653781        2.2319428388193621        9.4029105582353374        9.8118044617404223     
         377           6   1.9657343024719041        8.8943395015314213        6.0062000906174999        2.2900891214872616        9.7158200000423420        14.222092090487481     
         378           6   1.9471439291181880        8.4201815702274452        7.8205452231481676        2.4043545736235101        9.6214471294429575        13.864805092900525     
         379           6   1.7201420891594421        9.3092662074640398        7.4311084005914632        2.1486955158355925        7.6497417362675248        5.2049803922148419     
         380           6   2.0141897444728571        7.5378252710089084        6.4760955983517690        2.2491924785499089        10.400545242662856        10.251960971117485     
         381           6   2.2027188134851401        8.6538433815538873        7.9428522203149274        2.7474603267519733        7.3218699989365508        9.2445402122132947     
         382           6   1.7224722215333488        8.3233143134310836        7.0594533774336803        2.9167927124305626        6.3496038656106872        8.7458542509407273     
         383           6   1.7420464965344220        7.7171173266321418        7.9891286615358661        2.6348003868365937        9.9307197544554029        6.2455105825988575     
         384           6   1.6381357722552305        8.0180494632273920        8.3790903398461651        2.8394394245238321        7.9807863215713155        14.854905561288120     
         385           6   1.8243772438751067        6.8807685034990307        8.1243445172663780        2.4932723310201430        10.280566745622181        5.5353185002345118     
         386           6   2.2165659419687369        9.4175584397107368        7.4041085743118078        2.5984746523062885        6.5878926179750161        11.568020695891230     
         387           6   1.7521219480880907        8.2187750859782103        7.4157235895304012        2.9735031562103891        8.6443772849399636        10.885450851530303     
         388           6   1.6723842571670935        9.3000991057097906        5.6649389463318514        2.1034028238118347        9.9029082222557108        8.0780831349666702     
         389           6   2.1590847258997710        7.5716958573311572        6.0584542861100283        2.8920290864276978        7.8073715711386971        4.3169102429354096     
         390           6   2.0567856550268453        8.5550934138059613        6.1769651113729926        2.7956413930597250        7.2088049224029200        10.160698408575030     
         391           6   2.0429982485127822        7.4622680438071489        7.1703305052496491        2.4576736182331103        8.9717135309625604        14.755540445480031     
         392           6   1.7929845669913758        8.4680725820451972        7.4434116439167415        2.1995548715196360        8.9332387792498764        11.984117870426038     
         393           6   1.6756943309273384        7.5596623217642307        7.1864556320711968        2.7030300200483572        6.8829787770488533        11.130908074920532     
         394           6   2.2180969188028854        9.5707290322795515        6.6825298684868955        2.8596668221486081        6.3776187853871518        4.1803938391741831     
         395           6   1.5983054359002318        8.4929672499284141        8.0736394892621792        3.0034722682598138        9.7896173266987780        5.3833664818091780     
         396           6   1.7846002427930479        7.8551141568064695        7.8388355139512571        2.8125827748366721        10.037689752650049        13.252813208381411     
         397           6   1.6503732745165751        8.6142597151517872        8.3716484211400157        3.0204287009374613        8.4597004657618555        4.0718742850550917     
         398           6   2.0831667136858774        6.9811221202537421        7.6614091899719092        2.2065331002945916        6.9312170104471775        7.3176802075821907     
         399           6   1.6596514996874425        7.1034573220893744        6.5716208792837332        2.7246150185357032        9.6713760512469893        12.000552185585489     
         400           6   1.6619372525633407        8.3668178288683297        6.3466069983631375        2.8860745362524503        8.9191298495677778        10.629645413270685     
         401           6   1.6747235044352338        9.3261547151640052        5.9863537972334768        2.1048727575441171        9.2320829805203957        7.9045210989131585     
         402           6   1.8173606452834234        9.4419563273310665        7.9942963510243228        2.7661182549916856        6.4175630446183023        8.5448483742051753     
         403           6   1.4932423598270306        8.7992160987317565        6.4341183491580187        2.9491026622606253        7.3850097191325803        4.4573640004203190     
         404           6   1.7088553891061617        7.4858661798760293        6.8397008835785096        2.7534929526867065        8.9541063749313778        15.070040203284240     
         405           6   1.5914026781727095        7.1883047888725997        7.9110257768988612        2.4107548660434039        9.3584504666821040        12.953028141454327     
         406           6   1.7499276118232683        8.2005166362792252        7.9402184760458772        2.7716608996297230        8.3477024879341748        11.080818389178720     
         407           6   2.1971390427483244        7.9194783425867561        5.9518278146943073        2.8150923453219794        7.1158502030716271        10.697444450113457     
         408           6   2.1456369335344991        7.8057337445631632        8.2245645024526866        2.1758516491434534        9.3814435304201016        9.3777976493907627     
         409           6   1.6425708357425965        7.3445065286427731        7.8811211484862502        2.2344605982894263        7.2592564655050351        9.1592189420792280     
         410           6   2.0515508810595890        9.5972613429293023        5.9803543898683040        2.2799414854709061        7.7094520757004474        12.875522440669128     
         411           6   1.8710088333998713        9.3974575519531953        5.7110263057989998        2.2178371491730116        8.7343186372947503        9.2902683915006925     
         412           6   1.9801339541960974        8.4342033557891831        6.1301794086683543        2.5789241061798016        10.201061199254346        4.2335740664438344     
         413           6   1.6092482070101892        9.1741149107202880        8.2082947154600188        2.9011122161171956        7.6357368456239341        14.583854556781938     
         414           6   1.5742763610252646        8.8094691484481089        7.5816743607647723        2.1894650716806390        7.2420286409973951        8.7866123330723500     
         415           6   1.5411419001296534        7.7186223577752706        7.5700859366713091        2.0681228748313614        7.9596632916975949        15.138672017337521     
         416           6   1.6884945693323297        6.8391594819441446        6.8555444545123727        2.4445819641251862        6.3595652108384479        9.4094127996929462     
         417           6   1.6695019315833877        8.7136639307200916        5.7649874087443571        2.9436411827032267        8.5791435265313698        12.571069565810262     
         418           6   2.0370912849613463        6.8582384420439597        6.0128821455288675        2.3305220630369239        6.4750611380106911        13.169055646104272     
         419           6   1.8957276469236239        7.3270612359449272        6.3084889013549317        2.0543984023453481        6.9533639221558756        8.8383312118165183     
         420           6   2.0605570229907242        7.3180420073688026        8.1753157806450503        3.0079588260827306        9.8361738948016928        13.136770147606263     
         421           6   1.7283038835686633        6.4584307834550740        8.1507499589525167        2.9325823284614088        8.9120690861234575        5.0608161287240216     
         422           6   2.1954287897438740        8.8771869602218256        8.1057231201609614        2.6036403519484215        9.8563549951447307        7.9678652739950921     
         423           6   1.7274797270782662        7.6233144953578709        5.9589938655771313        2.1078793235079663        9.2437966032777172        10.133569456516531     
         424           6   1.6684242082780414        8.7212960183754564        7.5259114275002856        2.8338105858472082        10.238649802385778        7.6660904541737400     
         425           6   1.8293451573308372        6.7724167226269847        8.1979962551260375        2.6924304229289566        9.8208051243138641        11.939576382941565     
         426           6   2.1037980448637250        7.8476258142009376        7.0883124925678596        2.5207376415358760        10.312684680611412        8.2257930235818488     
         427           6   1.9354191266147791        7.0774555564716461        7.5969094412939624        2.1481188818843941        8.2696164491053246        5.8457196775749320     
         428           6   1.7644623406953273        8.5830866081729535        6.5268722579721361        2.8264659148025508        6.4450104905991994        8.2072338129412383     
         429           6   1.7898494855920317        8.2963786468327037        8.3513600049057981        2.4169771980421335        9.0132883463716080        11.751720097793266     
         430           6   2.0965246584787591        6.6675007302612066        6.2864130178496245        2.3763857457907682        7.1471945305211193        8.3443227924711536     
         431           6   2.2266958033486546        9.4531916188329461        5.6881001437699412        2.7450762456596549        7.1849560227353448        9.0309035229403527     
         432           6   1.6639530500070565        8.9434166484549635        5.6773228581201280        2.8101481464242282        6.9954406783600840        7.8129113084352584     
         433           6   1.5929864364726749        8.0125673335924734        6.3376249516518781        2.5809602668130958        10.068245976054239        7.1897144807444420     
         434           6   1.4987537576041836        9.5106351191595202        6.5319590644331651        3.0120057759905605        9.2155083058403093        9.7079816666205883     
         435           6   1.6536463140437287        9.1469060719162218        7.7507616549195726        2.3572902732905092        9.7038340643058199        13.453208479412831     
         436           6   1.7834110535130276        7.4671927774325022        6.5679865359505643        2.9245593908995668        6.8729956517777033        14.291536965803010     
         437           6   1.5282866395975927        8.3530854438841349        5.9566359298752616        2.1448414956300055        6.4097888013608193        8.2492624653549864     
         438           6   2.2082292624065651        9.5652560701146712        6.6529863375686107        2.4597148532266910        8.1556190224236520        13.416098199818750     
         439           6   1.8507575501250102        7.3136532292306420        6.7321766641598195        2.1363066633406840        8.4504909086373168        9.0963612839451518     
         440           6   2.1554614634975322        8.1783023255020382        6.4145960313627493        2.6293799307300429        8.2003816147087125        14.556487886796239     
         441           6   2.1530474274298359        9.1942057673767206        6.9721031965427098        2.5160123386759499        6.8264816141551217        7.5560869972414801     
         442           6   2.1413112565942574        8.5470950689151888        6.7952784845249727        2.0420431933786163        10.190582555684550        11.650605924054748     
         443           6   2.0238089528132792        7.2619431812539696        8.3637837431268771        2.2958545066799783        6.4641919780100876        9.9001140998394686     
         444           6   1.9249987026888224        9.0976988730624324        6.7159352296093475        2.4551496363380645        8.2195521826037918        15.013760145650478     
         445           6   2.2045261906784961        8.3602549020960915        7.0162025371562695        2.1849470058610287        10.282635359232341        9.9446668804474179     
         446           6   1.6947531915289815        6.4808807607278238        8.1664569887509568        2.2990892774283234        7.7130290390960177        12.284780709182378     
         447           6   2.0055228246036547        8.5386220359966156        5.9388503470158200        2.8154234127267821        9.5252701551030245        6.5105907330936752     
         448           6   2.2221044799444454        7.6372052438393236        7.2200945548892017        2.7435022460351322        9.2210919006162229        5.1785835627098571     
         449           6   1.7464385585062765        8.3370359406977901        7.2124202135153119        2.3593422740986756        8.2785669030603533        8.6203256738495551     
         450           6   2.1214298820797168        9.3330742872208354        5.8713350544111798        2.3798102682652602        10.011053537741402        8.9809105730433938     
         451           6   1.6579659630269465        6.9602058455482130        5.9233409028099846        2.2765572058594228        6.5398395634201165        7.5163172838140735     
         452           6   1.9943027604909334        8.7898300712436441        6.4489684695167462        2.4433168124115556        10.477050856153015        15.249475455967012     
         453           6   1.5688913983658608        6.8243937043458223        6.8993644165869803        2.3732858389442040        7.5433235052777636        11.964029860394776     
         454           6   2.2014474308919536        8.4152805581971997        5.6973617941183967        2.6595035227443833        7.0182132504208479        13.684025896961801     
         455           6   1.5801987110047322        6.9108909352496273        8.0000387200087317        2.5336279108661039        9.0305643372051652        5.7526661655791109     
         456           6   1.8028733787762934        7.8152095942586657        8.1398778687726718        2.5769558030372766        7.8537279258905768        6.3387919122932948     
         457           6   1.5767350186126119        9.2448035318598158        6.1192874965123831        2.7049890368307099        10.105049046495147        7.0442097586393357     
         458           6   1.8909041697418316        7.5708242707580329        6.3202068616958336        2.3082431637751215        9.6110135255982438        5.6546524729998779     
         459           6   1.5111147673001049        8.2924260994374759        7.2473983468391001        2.2865535080370676        7.6215224936094126        6.8661590417583929     
         460           6   2.2271571378213446        6.7811236966520552        7.7981192637991166        2.5542497307339866        7.8214137878547234        5.6341626273051366     
         461           6   1.7250223332468699        7.0081551204234360        7.3376340245185423        2.9803603024220373        9.0833579700124272        6.4649991662676909     
         462           6   1.5460472635424323        6.8907181823045018        7.6910458496918910        2.4895091606720627        8.3246232957656154        12.506622308808613     
         463           6   2.0923705019445999        8.9999352146819227        6.0412413119329136        2.3340434012796449        6.7008108653717207        4.8118434890143105     
         464           6   1.6379403566536959        8.0740193512976166        7.0669109493933622        2.7826818704714995        8.1754039593728152        6.9725841023062820     
         465           6   1.6656970285331270        9.3524194835931063        7.2699498668486262        2.5118897238187210        6.4416350862563352        10.732332223100356     
         466           6   1.5350566163959540        6.9656418697401890        6.0908417670195920        2.9808221369561272        9.2572577685046600        10.039379033734557     
         467           6   1.7710597021859511        8.0260021487399946        8.0456259223250672        2.1397241593751870        6.5661887466328075        11.766981795141707     
         468           6   2.0201418358880185        9.2884957486107957        6.2210006583021960        3.0242335382646321        6.7120202783813649        15.336741969618712     
         469           6   1.7966748734048101        7.7694123302638536        6.7913308902310208        2.6872950682058279        8.8480907035250400        14.655645165058784     
         470           6   1.7738834054812325        9.1414863816216574        6.3030303402420129        2.9136702589760906        7.8622199925151186        14.722274593986105     
         471           6   1.8928897643509135        9.4078444542840121        6.1716003299314526        2.1010521397183464        9.9248325329734097        6.7203402397362506     
         472           6   1.9339999746199605        7.6601402380391956        6.8618377517189835        2.3837137641720005        6.6400199115459522        5.4723503629628105     
         473           6   2.0578510627201014        9.1034563939422366        7.8990171844679873        2.3277792747664168        7.3483412084493782        10.988850264165551     
         474           6   2.0690437149755283        7.8311602770745745        7.6833870814668019        2.4298937602044735        7.8804808012869492        9.8505038220742716     
         475           6   1.7583439815436583        6.9186372702628374        5.9128351432071993        2.9503933906663953        7.4087632409897681        10.453888924697415     
         476           6   1.8098761662015690        8.0922903691425923        7.7919138045703997        2.1251005555458087        7.2858470318257478        12.202794542375486     
         477           6   1.8481596963571665        8.3500551412120458        6.6140527871724215        2.6651713959436303        8.2871251297833304        15.179375700011850     
         478           6   1.8738569652463497        6.6424062882408501        7.2012265477268018        2.1874457144201824        7.4041887908959341        12.610133059518876     
         479           6   1.6394890712709447        8.2674166406437752        5.9279911848258218        2.1782332948500289        7.3536879446727355        5.1593794436522291     
         480           6   1.5967167510603928        6.9312740449905403        6.0528743957288560        2.3674989882515929        10.096223758554570        7.6341626093843944     
         481           6   2.1831115705855564        8.6245535917818543        7.2969405266420919        2.0713911856313607        10.018859208881938        5.1321613617059771     
         482           6   1.9367084462233262        7.3518806360900397        8.3298954030085373        2.4082783816343358        7.3801597896441438        13.640458549336063     
         483           6   1.7052140559238007        8.7359707429960363        7.7769888050518929        2.7359676936205100        8.2297149144383468        15.393195667864523     
         484           6   2.1220498811126500        8.6307288085982208        6.5384226383239028        2.0456991613825313        9.1063617463849944        13.970047725926154     
         485           6   2.0160380695480669        8.0668526342988010        7.0839560136599466        2.6907532114928401        7.4697113253551581        7.6137354802351904     
         486           6   1.7012400373255367        8.6664905179977421        6.2291544952133666        2.2228981844341194        6.3753064077650423        7.0602170664116279     
         487           6   2.0244995728833790        7.5559262661963693        7.3078879260063179        2.3632879430176037        10.089157992690183        5.2693397967140188     
         488           6   2.0919601105700711        7.5220591093555091        7.2270418552061546        2.2117108954443596        6.7609280922744608        6.0211042261498511     
         489           6   1.9990594798805472        9.5209141982272261        7.2674122900465505        2.3073027808591999        8.3804237251481606        6.1425494676146197     
         490           6   2.0773735392423163        9.2258195087432870        7.1783173639956868        3.0447315017745735        9.1566139521658982        4.2933574819113129     
         491           6   1.9152737114877814        7.2168610320106152        7.3914469314023856        2.7097674412242045        6.3939906913762208        14.694009952314197     
         492           6   2.0309546965853031        9.5075618571504954        8.3842535073516888        2.9662655528888200        9.5869375914059383        8.9175506128743294     
         493           6   2.1529649370599722        7.4893164178222422        7.1596706748615953        3.0151685648715496        8.2079210848691027        12.729369113009422     
         494           6   1.7550398056124710        8.1545107283696545        6.2567700266145172        2.7353881863233447        10.423111940064878        10.331794230596861     
         495           6   1.8945232648902945        8.0582934349134572        8.3570090270441018        2.7842072840967025        7.9891459958270286        8.2981222945840560     
         496           6   1.6257567516081686        8.5198246444806447        5.7446467568548387        2.1175175404979472        7.4943172967708200        8.4448038135007941     
         497           6   2.0949722141252551        8.4272480718940486        7.8953763320168484        2.9440766927975508        9.0445402400061479        4.5463247591310640     
         498           6   2.1475354663262798        8.3786308329939843        6.7796823126243426        2.8654378944990038        10.074546651423086        5.2965212009155653     
         499           6   1.7444818015704675        7.2684118063017724        5.6818123477714133        3.0486845075070113        8.5481814334536708        4.6582438019770196     
         500           6   1.9031947949797845        7.7892019991576671        5.6326295294169331        2.0888845168195940        7.0272073928327439        10.389656761354766     
