Dakota version 6.15 released Nov. 15 2021.
Repository revision fbfa1db (2021-11-04) built Nov  5 2021 11:37:10.
Running MPI Dakota executable in serial mode.
Start time: Sat Mar  2 20:49:13 2024

-----------------------
Begin DAKOTA input file
sensitivity.in
-----------------------
environment,
    tabular_data
method,
  sampling
    sample_type lhs
    samples = 500
    variance_based_decomp
variables,
uniform_uncertain 6
  upper_bounds      2.23     9.60      8.40     3.05      10.5     15.4
  lower_bounds      1.49     6.40      5.60     2.03      6.31     3.90
  descriptors 'E1' 'E257' 'E250' 'b249' 'Lv' 'v'
interface,
        fork
        analysis_drivers = 'python driver.py params.in results.out'
        parameters_file = 'params.in'
        results_file    = 'results.out'
        verbatim
responses,
	response_functions = 1
	no_gradients
	no_hessians---------------------
End DAKOTA input file
---------------------

Using Dakota input file 'sensitivity.in'
Writing new restart file 'dakota.rst'.

>>>>> Executing environment.

>>>>> Running random_sampling iterator.

NonD lhs Samples = 500 Seed (system-generated) = 295736

NonD lhs Samples = 500 Seed not reset from previous LHS execution

---------------------
Begin Evaluation    1
---------------------
Parameters for evaluation 1:
                      1.7100343666e+00 E1
                      8.1300721732e+00 E257
                      5.7436963927e+00 E250
                      2.1597380330e+00 b249
                      8.8842928582e+00 Lv
                      7.8314140574e+00 v

blocking fork: python driver.py params.in results.out
