6
9e-05
rdot
MMA
sample
[[ 1.          0.97873908  0.76356524 ...  0.9782      0.59105727
   0.27531309]
 [ 1.          0.97873908  0.76356524 ...  0.9782      0.59105727
   0.37814505]
 [ 1.          0.97873908  0.76356524 ...  0.9782      0.59105727
   0.39295525]
 ...
 [ 0.10612479  0.9834187   0.93762584 ...  0.66369007  0.95890836
  -0.11330898]
 [ 0.17687465  0.9834187   0.93762584 ...  0.66369007  0.95890836
  -0.11745745]
 [ 0.24762451  0.9834187   0.93762584 ...  0.66369007  0.95890836
  -0.12113016]]
20480
4.77466281015757e-06
[[0.68131319 0.26453087 0.34023926 ... 0.85475478 0.59095655 0.89424476]
 [0.68131319 0.26453087 0.34023926 ... 0.85475478 0.59095655 0.89424476]
 [0.68131319 0.26453087 0.34023926 ... 0.85475478 0.59095655 0.89424476]
 ...
 [0.21146423 0.85407657 0.44357636 ... 0.28217164 0.7810577  0.32749481]
 [0.24497109 0.83868802 0.4462729  ... 0.31825745 0.82329783 0.37938691]
 [0.28036805 0.81365413 0.44357636 ... 0.35463335 0.85736664 0.4342062 ]]
[ 7.56140016e+00  4.71008737e+01  4.57958217e+00 -4.61728608e+01
  3.00470747e+01 -1.53920779e+00  1.67097199e+02  3.32643268e+01
  4.43310311e+01  2.23644912e+00 -8.57328510e+00  1.00895691e+02
 -4.68910891e+00 -4.37264184e+01 -3.05248570e+01  5.54144820e+01
 -5.99288604e+01  1.46716446e+01  1.13304799e+01  2.98745367e+00
  7.32496900e+01 -1.65875597e+02  2.94968578e+01  2.99742811e+00
 -6.27866743e+01 -1.13382557e-01 -9.06351074e+00 -2.04539564e+01
 -4.47778036e+00  5.20082381e+01  7.44822524e+01  8.98126562e+00
 -3.90689198e+00 -2.00877381e+01 -6.03615859e+01  3.53510182e+01
 -2.73430450e+01 -5.32685102e+00 -1.75885372e+01 -6.03190759e+01
  1.53518397e+01  1.62784484e+01  5.67852792e+00 -1.00005356e+02
 -1.26444365e+02  4.17480761e+00 -9.28185100e+01 -1.57060813e+01
  2.06947181e+01  5.35632836e+01 -4.09107200e+01  1.75553232e+02
 -5.86788405e+01 -2.21809305e+01 -2.26633026e+01  3.92538295e+01
  1.08968582e+01]
[[0.68131319 0.26453087 0.34023926 ... 0.5943728  0.17965099 0.26692552]
 [0.68131319 0.26453087 0.34023926 ... 0.5943728  0.17965099 0.26692552]
 [0.68131319 0.26453087 0.34023926 ... 0.5943728  0.17965099 0.26692552]
 ...
 [0.21146423 0.85407657 0.44357636 ... 0.15646722 0.24891402 0.48814706]
 [0.24497109 0.83868802 0.4462729  ... 0.20778014 0.25813215 0.51825774]
 [0.28036805 0.81365413 0.44357636 ... 0.26931231 0.2612801  0.53704717]]
[ 7.56140016e+00  4.71008737e+01  4.57958217e+00 -4.61728608e+01
  3.00470747e+01 -1.53920779e+00  1.67097199e+02  3.32643268e+01
  4.43310311e+01  2.23644912e+00 -8.57328510e+00  1.00895691e+02
 -4.68910891e+00 -4.37264184e+01 -3.05248570e+01  5.54144820e+01
 -5.99288604e+01  1.46716446e+01  1.13304799e+01  2.98745367e+00
  7.32496900e+01 -1.65875597e+02  2.94968578e+01  2.99742811e+00
 -6.27866743e+01 -1.13382557e-01 -9.06351074e+00 -2.04539564e+01
 -4.47778036e+00  5.20082381e+01  7.44822524e+01  8.98126562e+00
 -3.90689198e+00 -2.00877381e+01 -6.03615859e+01  3.53510182e+01
 -2.73430450e+01 -5.32685102e+00 -1.75885372e+01 -6.03190759e+01
  1.53518397e+01  1.62784484e+01  5.67852792e+00 -1.00005356e+02
 -1.26444365e+02  4.17480761e+00 -9.28185100e+01 -1.57060813e+01
  2.06947181e+01  5.35632836e+01 -4.09107200e+01  1.75553232e+02
 -5.86788405e+01 -2.21809305e+01 -2.26633026e+01  3.92538295e+01
  1.08968582e+01 -2.60460024e+00  3.03580685e+00  1.05660541e+00
 -1.00840980e+00 -5.66690759e+00  1.62110948e-01 -1.03027182e+00
  2.78756971e+00  6.57838305e-01  4.07549391e+00 -5.87310924e-01
  1.80138594e+00  3.48916798e-01  1.68146459e+00 -6.18010734e+00
  7.46646376e-01  1.70300902e+00 -1.35479375e+00 -3.26607427e+00
 -1.42016975e+01 -4.43336282e+00 -9.56277882e-01 -2.61893066e+00
  9.22627824e+00  1.28630151e+00  1.24800904e+00  6.73439017e+00
 -5.02399566e+00  5.66778481e-01 -3.19458305e+00  2.95185192e+00
  1.57997034e-01 -8.33224387e+00  2.59906249e+00  2.83275156e+00
  4.82151728e+00  9.59114606e+00 -6.23346557e+00 -3.62077432e+00
  2.32388942e+00  1.17136732e+01 -2.34765278e+00  2.36137292e+00
  1.14637527e+00  7.00339800e-01  2.56795477e+00 -1.14782057e+00
  5.14867376e+00  2.48026082e-01 -3.81034984e+00  7.04952256e+00
  1.35394444e+00  4.57946302e+00 -4.90220784e+00 -2.77305706e+00
 -1.49939649e+00  5.37436833e+00 -1.28316985e+00 -3.53446907e+00
 -3.85558171e+00  3.11193662e+00  1.77089585e+00 -2.14924615e+00
 -7.18443475e-01 -4.22790777e+00 -5.25477930e+00]
[[0.68131319 0.26453087 0.34023926 ... 0.00790035 0.29853048 0.13304316]
 [0.68131319 0.26453087 0.34023926 ... 0.00790035 0.29853048 0.13304316]
 [0.68131319 0.26453087 0.34023926 ... 0.00790035 0.29853048 0.13304316]
 ...
 [0.21146423 0.85407657 0.44357636 ... 0.3369389  0.02795472 0.03495207]
 [0.24497109 0.83868802 0.4462729  ... 0.3288688  0.03779189 0.04515656]
 [0.28036805 0.81365413 0.44357636 ... 0.30579981 0.04867267 0.05557915]]
[ 7.56140016e+00  4.71008737e+01  4.57958217e+00 -4.61728608e+01
  3.00470747e+01 -1.53920779e+00  1.67097199e+02  3.32643268e+01
  4.43310311e+01  2.23644912e+00 -8.57328510e+00  1.00895691e+02
 -4.68910891e+00 -4.37264184e+01 -3.05248570e+01  5.54144820e+01
 -5.99288604e+01  1.46716446e+01  1.13304799e+01  2.98745367e+00
  7.32496900e+01 -1.65875597e+02  2.94968578e+01  2.99742811e+00
 -6.27866743e+01 -1.13382557e-01 -9.06351074e+00 -2.04539564e+01
 -4.47778036e+00  5.20082381e+01  7.44822524e+01  8.98126562e+00
 -3.90689198e+00 -2.00877381e+01 -6.03615859e+01  3.53510182e+01
 -2.73430450e+01 -5.32685102e+00 -1.75885372e+01 -6.03190759e+01
  1.53518397e+01  1.62784484e+01  5.67852792e+00 -1.00005356e+02
 -1.26444365e+02  4.17480761e+00 -9.28185100e+01 -1.57060813e+01
  2.06947181e+01  5.35632836e+01 -4.09107200e+01  1.75553232e+02
 -5.86788405e+01 -2.21809305e+01 -2.26633026e+01  3.92538295e+01
  1.08968582e+01 -2.60460024e+00  3.03580685e+00  1.05660541e+00
 -1.00840980e+00 -5.66690759e+00  1.62110948e-01 -1.03027182e+00
  2.78756971e+00  6.57838305e-01  4.07549391e+00 -5.87310924e-01
  1.80138594e+00  3.48916798e-01  1.68146459e+00 -6.18010734e+00
  7.46646376e-01  1.70300902e+00 -1.35479375e+00 -3.26607427e+00
 -1.42016975e+01 -4.43336282e+00 -9.56277882e-01 -2.61893066e+00
  9.22627824e+00  1.28630151e+00  1.24800904e+00  6.73439017e+00
 -5.02399566e+00  5.66778481e-01 -3.19458305e+00  2.95185192e+00
  1.57997034e-01 -8.33224387e+00  2.59906249e+00  2.83275156e+00
  4.82151728e+00  9.59114606e+00 -6.23346557e+00 -3.62077432e+00
  2.32388942e+00  1.17136732e+01 -2.34765278e+00  2.36137292e+00
  1.14637527e+00  7.00339800e-01  2.56795477e+00 -1.14782057e+00
  5.14867376e+00  2.48026082e-01 -3.81034984e+00  7.04952256e+00
  1.35394444e+00  4.57946302e+00 -4.90220784e+00 -2.77305706e+00
 -1.49939649e+00  5.37436833e+00 -1.28316985e+00 -3.53446907e+00
 -3.85558171e+00  3.11193662e+00  1.77089585e+00 -2.14924615e+00
 -7.18443475e-01 -4.22790777e+00 -5.25477930e+00 -1.24278872e+00
 -2.88435373e-01  2.50476208e+00  8.80049853e-02 -4.24636725e-02
 -4.66348306e+00  1.52214315e+00 -1.19337688e+00  2.00366140e+00
  5.89496415e-01 -6.18113551e-01  4.26199457e+00 -1.05815931e+00
 -3.52337498e-01  1.39285014e+00 -2.37753276e-01  9.44680027e-02
 -1.09504297e+00 -3.51385573e+00  4.51252730e+00 -1.72148161e+00
 -1.15223028e+00 -6.78453180e-01  1.16063309e+00  4.35199543e+00
  3.34945375e-01 -2.12932103e+00 -1.42929555e+00  4.45983109e-02
 -1.74895430e+00 -2.49021002e-01  1.15616067e+00 -1.20616899e+00
 -1.43349078e+00  7.81133765e-01  1.85640030e+00 -4.42420033e-02
  4.04499428e+00 -4.81596698e-01  3.15666895e+00  8.62626463e-01
 -3.99903919e+00 -9.72210072e-02 -4.18324783e+00  4.26261530e-01
 -3.68816958e+00  9.97090519e-01  8.00250397e+00  1.31731417e+00
 -2.83408894e+00  1.85332256e+00  6.45948770e+00  6.20622284e+00
 -8.18625477e+00 -4.11887917e-01 -6.48158649e-01  4.71963331e+00
 -1.08974784e+00  4.41512028e+00 -1.34439028e+00  8.65162743e+00
 -4.54953562e+00 -4.23504287e+00  1.22903599e+00  1.11365406e+00
 -7.83600590e-01 -1.36546499e+00 -2.15661858e+00 -1.07165674e+00
 -8.54143409e-01  2.10359585e+00  2.66052436e+00  1.44872295e-01
  7.42258584e-01 -8.79644295e-01  1.69131349e+00 -3.96827945e-01
 -4.88858474e-01  1.70450219e-02  3.74950793e+00 -8.00084753e+00
 -1.48657515e+00 -2.72326261e+00 -7.16004772e+00  2.82800072e+00
 -3.38714189e+00 -4.04542371e+00  1.10101602e-01 -3.26872195e+00
  3.23143753e+00  2.26324992e+00 -1.68255128e+00 -4.35901283e+00
  2.31488403e+00 -2.05367244e+00 -3.31717216e+00  2.24096403e+00
 -7.48331430e-01 -1.02596525e+00  6.33441761e-01  4.17460623e+00
  1.09786067e+00  1.87857238e+00]
[[6.81313186e-01 2.64530872e-01 3.40239258e-01 ... 4.20033957e-02
  8.36423825e-05 7.65204379e-02]
 [6.81313186e-01 2.64530872e-01 3.40239258e-01 ... 4.20033957e-02
  8.36423825e-05 7.65204379e-02]
 [6.81313186e-01 2.64530872e-01 3.40239258e-01 ... 4.20033957e-02
  8.36423825e-05 7.65204379e-02]
 ...
 [2.11464231e-01 8.54076567e-01 4.43576363e-01 ... 6.00635671e-02
  2.22389313e-02 1.17809674e-04]
 [2.44971094e-01 8.38688024e-01 4.46272903e-01 ... 1.00255251e-01
  1.92283932e-02 3.08533823e-04]
 [2.80368051e-01 8.13654131e-01 4.43576363e-01 ... 1.51876015e-01
  1.50889192e-02 7.33348930e-04]]
[ 7.56140016e+00  4.71008737e+01  4.57958217e+00 -4.61728608e+01
  3.00470747e+01 -1.53920779e+00  1.67097199e+02  3.32643268e+01
  4.43310311e+01  2.23644912e+00 -8.57328510e+00  1.00895691e+02
 -4.68910891e+00 -4.37264184e+01 -3.05248570e+01  5.54144820e+01
 -5.99288604e+01  1.46716446e+01  1.13304799e+01  2.98745367e+00
  7.32496900e+01 -1.65875597e+02  2.94968578e+01  2.99742811e+00
 -6.27866743e+01 -1.13382557e-01 -9.06351074e+00 -2.04539564e+01
 -4.47778036e+00  5.20082381e+01  7.44822524e+01  8.98126562e+00
 -3.90689198e+00 -2.00877381e+01 -6.03615859e+01  3.53510182e+01
 -2.73430450e+01 -5.32685102e+00 -1.75885372e+01 -6.03190759e+01
  1.53518397e+01  1.62784484e+01  5.67852792e+00 -1.00005356e+02
 -1.26444365e+02  4.17480761e+00 -9.28185100e+01 -1.57060813e+01
  2.06947181e+01  5.35632836e+01 -4.09107200e+01  1.75553232e+02
 -5.86788405e+01 -2.21809305e+01 -2.26633026e+01  3.92538295e+01
  1.08968582e+01 -2.60460024e+00  3.03580685e+00  1.05660541e+00
 -1.00840980e+00 -5.66690759e+00  1.62110948e-01 -1.03027182e+00
  2.78756971e+00  6.57838305e-01  4.07549391e+00 -5.87310924e-01
  1.80138594e+00  3.48916798e-01  1.68146459e+00 -6.18010734e+00
  7.46646376e-01  1.70300902e+00 -1.35479375e+00 -3.26607427e+00
 -1.42016975e+01 -4.43336282e+00 -9.56277882e-01 -2.61893066e+00
  9.22627824e+00  1.28630151e+00  1.24800904e+00  6.73439017e+00
 -5.02399566e+00  5.66778481e-01 -3.19458305e+00  2.95185192e+00
  1.57997034e-01 -8.33224387e+00  2.59906249e+00  2.83275156e+00
  4.82151728e+00  9.59114606e+00 -6.23346557e+00 -3.62077432e+00
  2.32388942e+00  1.17136732e+01 -2.34765278e+00  2.36137292e+00
  1.14637527e+00  7.00339800e-01  2.56795477e+00 -1.14782057e+00
  5.14867376e+00  2.48026082e-01 -3.81034984e+00  7.04952256e+00
  1.35394444e+00  4.57946302e+00 -4.90220784e+00 -2.77305706e+00
 -1.49939649e+00  5.37436833e+00 -1.28316985e+00 -3.53446907e+00
 -3.85558171e+00  3.11193662e+00  1.77089585e+00 -2.14924615e+00
 -7.18443475e-01 -4.22790777e+00 -5.25477930e+00 -1.24278872e+00
 -2.88435373e-01  2.50476208e+00  8.80049853e-02 -4.24636725e-02
 -4.66348306e+00  1.52214315e+00 -1.19337688e+00  2.00366140e+00
  5.89496415e-01 -6.18113551e-01  4.26199457e+00 -1.05815931e+00
 -3.52337498e-01  1.39285014e+00 -2.37753276e-01  9.44680027e-02
 -1.09504297e+00 -3.51385573e+00  4.51252730e+00 -1.72148161e+00
 -1.15223028e+00 -6.78453180e-01  1.16063309e+00  4.35199543e+00
  3.34945375e-01 -2.12932103e+00 -1.42929555e+00  4.45983109e-02
 -1.74895430e+00 -2.49021002e-01  1.15616067e+00 -1.20616899e+00
 -1.43349078e+00  7.81133765e-01  1.85640030e+00 -4.42420033e-02
  4.04499428e+00 -4.81596698e-01  3.15666895e+00  8.62626463e-01
 -3.99903919e+00 -9.72210072e-02 -4.18324783e+00  4.26261530e-01
 -3.68816958e+00  9.97090519e-01  8.00250397e+00  1.31731417e+00
 -2.83408894e+00  1.85332256e+00  6.45948770e+00  6.20622284e+00
 -8.18625477e+00 -4.11887917e-01 -6.48158649e-01  4.71963331e+00
 -1.08974784e+00  4.41512028e+00 -1.34439028e+00  8.65162743e+00
 -4.54953562e+00 -4.23504287e+00  1.22903599e+00  1.11365406e+00
 -7.83600590e-01 -1.36546499e+00 -2.15661858e+00 -1.07165674e+00
 -8.54143409e-01  2.10359585e+00  2.66052436e+00  1.44872295e-01
  7.42258584e-01 -8.79644295e-01  1.69131349e+00 -3.96827945e-01
 -4.88858474e-01  1.70450219e-02  3.74950793e+00 -8.00084753e+00
 -1.48657515e+00 -2.72326261e+00 -7.16004772e+00  2.82800072e+00
 -3.38714189e+00 -4.04542371e+00  1.10101602e-01 -3.26872195e+00
  3.23143753e+00  2.26324992e+00 -1.68255128e+00 -4.35901283e+00
  2.31488403e+00 -2.05367244e+00 -3.31717216e+00  2.24096403e+00
 -7.48331430e-01 -1.02596525e+00  6.33441761e-01  4.17460623e+00
  1.09786067e+00  1.87857238e+00  1.80657583e+00 -9.63320970e-01
 -6.09747291e-01  9.25315034e-02 -3.60539901e-01  8.05974825e-02
  3.21880445e-01 -6.02089516e-02  5.81917062e-01 -6.88897918e-01
  4.93520389e-01  2.77158136e-01  1.17657621e+00 -1.57286609e-01
 -3.39255088e-01 -1.52225055e+00 -1.49200004e-01  5.06405300e-02
  7.06282735e-01 -1.31626389e-01 -1.57764426e+00  2.07700850e-01
 -3.44533434e-01 -1.36065157e+00 -2.63036035e-01 -5.30888049e-01
  4.52054613e-02  2.29620848e-01  1.15937376e-01 -1.42982536e-02
 -3.75536176e-01 -5.68949740e-01  1.15772257e+00 -6.59858942e-01
  1.46348739e-01  5.45621784e-01 -7.09961045e-01 -6.41973614e-01
 -3.03701935e-01  6.75339453e-01 -3.46468429e-01  4.80835710e-02
  4.22674616e-02  6.01366686e-01  7.83143890e-01  2.57643547e-01
 -1.05390889e+00  6.55330172e-01 -6.46555256e-01  4.28271348e-01
 -1.57874033e-01 -2.23679621e-01  6.81747737e-02  2.41068503e-01
  1.25692311e-01 -1.72395242e-01 -8.27443933e-01 -2.45543613e-01
  1.40258545e-01  3.13951759e-01 -4.78847297e-01  2.72760783e-01
  8.63358947e-01  1.47512372e-02 -7.14112846e-01 -9.34367119e-01
  1.71449997e-01 -1.83869742e-01 -2.71692288e-01  2.34660032e-01
  1.53989167e-01  1.69102052e+00 -2.16924311e-01  1.33941219e-01
  1.36631667e+00  1.29509935e+00 -1.62363165e+00  3.06781828e-02
 -7.87473701e-01 -3.00226072e-01 -9.96447960e-01 -1.30764870e+00
 -2.24619416e-01 -6.29103872e-01 -3.73750520e-01 -6.95203618e-01
  2.33790178e+00 -1.11848984e-01  2.16135668e-02  1.66127668e+00
  1.42851785e-01  2.13743743e+00  1.75983717e+00  5.89148352e-01
  3.52021963e-02  5.24950153e-02  5.29064434e-01  1.60560628e-01
  1.10443477e-01  4.12538895e-02 -3.90359846e-01  5.34317869e-01
 -1.01947757e+00 -1.71522582e-01  1.32623496e-01  4.32420700e-01
  3.82571890e-01 -7.93968153e-01 -1.29041969e+00  3.10803955e+00
 -1.68045500e+00 -5.35847667e-01  4.63731320e-01  9.47837505e-01
 -1.14864173e-01  4.32301239e-01 -2.20329758e+00  1.46004013e-01
 -8.94664871e-01  5.30483471e-02  1.52878588e+00 -1.49713892e+00
 -7.62698539e-01 -9.57307473e-01  5.99299251e-01  1.05778281e+00
 -1.41125543e+00 -4.78441710e-01  5.92780349e-01  8.73773004e-01
 -1.70511713e+00  2.28101459e-01  1.57225212e+00 -9.79653454e-01
 -1.15081892e+00 -1.12925121e+00 -2.00395904e-01  7.21087503e-01
  3.99733062e-01 -6.17777298e-01  6.66768938e-01  5.23730740e-01
  8.80983975e-01  7.89186678e-01  5.00948355e-01  1.20496675e+00
 -5.12818931e-01  6.75870440e-01 -4.01083808e-01  4.13202646e-01
  5.71617565e-01 -1.28987118e+00  3.36233912e-01  3.27816237e-01
 -3.70211581e-01  6.26016890e-01 -9.19767849e-01]
[[6.81313186e-01 2.64530872e-01 3.40239258e-01 ... 3.65746943e-05
  8.03155062e-09 5.24713829e-02]
 [6.81313186e-01 2.64530872e-01 3.40239258e-01 ... 3.65746943e-05
  8.03155062e-09 5.24713829e-02]
 [6.81313186e-01 2.64530872e-01 3.40239258e-01 ... 3.65746943e-05
  8.03155062e-09 5.24713829e-02]
 ...
 [2.11464231e-01 8.54076567e-01 4.43576363e-01 ... 1.89683056e-02
  1.12824810e-01 1.11673532e-04]
 [2.44971094e-01 8.38688024e-01 4.46272903e-01 ... 4.40565214e-02
  1.02397810e-01 5.35587711e-04]
 [2.80368051e-01 8.13654131e-01 4.43576363e-01 ... 8.42876563e-02
  7.65506409e-02 2.11584117e-03]]
[ 7.56140016e+00  4.71008737e+01  4.57958217e+00 -4.61728608e+01
  3.00470747e+01 -1.53920779e+00  1.67097199e+02  3.32643268e+01
  4.43310311e+01  2.23644912e+00 -8.57328510e+00  1.00895691e+02
 -4.68910891e+00 -4.37264184e+01 -3.05248570e+01  5.54144820e+01
 -5.99288604e+01  1.46716446e+01  1.13304799e+01  2.98745367e+00
  7.32496900e+01 -1.65875597e+02  2.94968578e+01  2.99742811e+00
 -6.27866743e+01 -1.13382557e-01 -9.06351074e+00 -2.04539564e+01
 -4.47778036e+00  5.20082381e+01  7.44822524e+01  8.98126562e+00
 -3.90689198e+00 -2.00877381e+01 -6.03615859e+01  3.53510182e+01
 -2.73430450e+01 -5.32685102e+00 -1.75885372e+01 -6.03190759e+01
  1.53518397e+01  1.62784484e+01  5.67852792e+00 -1.00005356e+02
 -1.26444365e+02  4.17480761e+00 -9.28185100e+01 -1.57060813e+01
  2.06947181e+01  5.35632836e+01 -4.09107200e+01  1.75553232e+02
 -5.86788405e+01 -2.21809305e+01 -2.26633026e+01  3.92538295e+01
  1.08968582e+01 -2.60460024e+00  3.03580685e+00  1.05660541e+00
 -1.00840980e+00 -5.66690759e+00  1.62110948e-01 -1.03027182e+00
  2.78756971e+00  6.57838305e-01  4.07549391e+00 -5.87310924e-01
  1.80138594e+00  3.48916798e-01  1.68146459e+00 -6.18010734e+00
  7.46646376e-01  1.70300902e+00 -1.35479375e+00 -3.26607427e+00
 -1.42016975e+01 -4.43336282e+00 -9.56277882e-01 -2.61893066e+00
  9.22627824e+00  1.28630151e+00  1.24800904e+00  6.73439017e+00
 -5.02399566e+00  5.66778481e-01 -3.19458305e+00  2.95185192e+00
  1.57997034e-01 -8.33224387e+00  2.59906249e+00  2.83275156e+00
  4.82151728e+00  9.59114606e+00 -6.23346557e+00 -3.62077432e+00
  2.32388942e+00  1.17136732e+01 -2.34765278e+00  2.36137292e+00
  1.14637527e+00  7.00339800e-01  2.56795477e+00 -1.14782057e+00
  5.14867376e+00  2.48026082e-01 -3.81034984e+00  7.04952256e+00
  1.35394444e+00  4.57946302e+00 -4.90220784e+00 -2.77305706e+00
 -1.49939649e+00  5.37436833e+00 -1.28316985e+00 -3.53446907e+00
 -3.85558171e+00  3.11193662e+00  1.77089585e+00 -2.14924615e+00
 -7.18443475e-01 -4.22790777e+00 -5.25477930e+00 -1.24278872e+00
 -2.88435373e-01  2.50476208e+00  8.80049853e-02 -4.24636725e-02
 -4.66348306e+00  1.52214315e+00 -1.19337688e+00  2.00366140e+00
  5.89496415e-01 -6.18113551e-01  4.26199457e+00 -1.05815931e+00
 -3.52337498e-01  1.39285014e+00 -2.37753276e-01  9.44680027e-02
 -1.09504297e+00 -3.51385573e+00  4.51252730e+00 -1.72148161e+00
 -1.15223028e+00 -6.78453180e-01  1.16063309e+00  4.35199543e+00
  3.34945375e-01 -2.12932103e+00 -1.42929555e+00  4.45983109e-02
 -1.74895430e+00 -2.49021002e-01  1.15616067e+00 -1.20616899e+00
 -1.43349078e+00  7.81133765e-01  1.85640030e+00 -4.42420033e-02
  4.04499428e+00 -4.81596698e-01  3.15666895e+00  8.62626463e-01
 -3.99903919e+00 -9.72210072e-02 -4.18324783e+00  4.26261530e-01
 -3.68816958e+00  9.97090519e-01  8.00250397e+00  1.31731417e+00
 -2.83408894e+00  1.85332256e+00  6.45948770e+00  6.20622284e+00
 -8.18625477e+00 -4.11887917e-01 -6.48158649e-01  4.71963331e+00
 -1.08974784e+00  4.41512028e+00 -1.34439028e+00  8.65162743e+00
 -4.54953562e+00 -4.23504287e+00  1.22903599e+00  1.11365406e+00
 -7.83600590e-01 -1.36546499e+00 -2.15661858e+00 -1.07165674e+00
 -8.54143409e-01  2.10359585e+00  2.66052436e+00  1.44872295e-01
  7.42258584e-01 -8.79644295e-01  1.69131349e+00 -3.96827945e-01
 -4.88858474e-01  1.70450219e-02  3.74950793e+00 -8.00084753e+00
 -1.48657515e+00 -2.72326261e+00 -7.16004772e+00  2.82800072e+00
 -3.38714189e+00 -4.04542371e+00  1.10101602e-01 -3.26872195e+00
  3.23143753e+00  2.26324992e+00 -1.68255128e+00 -4.35901283e+00
  2.31488403e+00 -2.05367244e+00 -3.31717216e+00  2.24096403e+00
 -7.48331430e-01 -1.02596525e+00  6.33441761e-01  4.17460623e+00
  1.09786067e+00  1.87857238e+00  1.80657583e+00 -9.63320970e-01
 -6.09747291e-01  9.25315034e-02 -3.60539901e-01  8.05974825e-02
  3.21880445e-01 -6.02089516e-02  5.81917062e-01 -6.88897918e-01
  4.93520389e-01  2.77158136e-01  1.17657621e+00 -1.57286609e-01
 -3.39255088e-01 -1.52225055e+00 -1.49200004e-01  5.06405300e-02
  7.06282735e-01 -1.31626389e-01 -1.57764426e+00  2.07700850e-01
 -3.44533434e-01 -1.36065157e+00 -2.63036035e-01 -5.30888049e-01
  4.52054613e-02  2.29620848e-01  1.15937376e-01 -1.42982536e-02
 -3.75536176e-01 -5.68949740e-01  1.15772257e+00 -6.59858942e-01
  1.46348739e-01  5.45621784e-01 -7.09961045e-01 -6.41973614e-01
 -3.03701935e-01  6.75339453e-01 -3.46468429e-01  4.80835710e-02
  4.22674616e-02  6.01366686e-01  7.83143890e-01  2.57643547e-01
 -1.05390889e+00  6.55330172e-01 -6.46555256e-01  4.28271348e-01
 -1.57874033e-01 -2.23679621e-01  6.81747737e-02  2.41068503e-01
  1.25692311e-01 -1.72395242e-01 -8.27443933e-01 -2.45543613e-01
  1.40258545e-01  3.13951759e-01 -4.78847297e-01  2.72760783e-01
  8.63358947e-01  1.47512372e-02 -7.14112846e-01 -9.34367119e-01
  1.71449997e-01 -1.83869742e-01 -2.71692288e-01  2.34660032e-01
  1.53989167e-01  1.69102052e+00 -2.16924311e-01  1.33941219e-01
  1.36631667e+00  1.29509935e+00 -1.62363165e+00  3.06781828e-02
 -7.87473701e-01 -3.00226072e-01 -9.96447960e-01 -1.30764870e+00
 -2.24619416e-01 -6.29103872e-01 -3.73750520e-01 -6.95203618e-01
  2.33790178e+00 -1.11848984e-01  2.16135668e-02  1.66127668e+00
  1.42851785e-01  2.13743743e+00  1.75983717e+00  5.89148352e-01
  3.52021963e-02  5.24950153e-02  5.29064434e-01  1.60560628e-01
  1.10443477e-01  4.12538895e-02 -3.90359846e-01  5.34317869e-01
 -1.01947757e+00 -1.71522582e-01  1.32623496e-01  4.32420700e-01
  3.82571890e-01 -7.93968153e-01 -1.29041969e+00  3.10803955e+00
 -1.68045500e+00 -5.35847667e-01  4.63731320e-01  9.47837505e-01
 -1.14864173e-01  4.32301239e-01 -2.20329758e+00  1.46004013e-01
 -8.94664871e-01  5.30483471e-02  1.52878588e+00 -1.49713892e+00
 -7.62698539e-01 -9.57307473e-01  5.99299251e-01  1.05778281e+00
 -1.41125543e+00 -4.78441710e-01  5.92780349e-01  8.73773004e-01
 -1.70511713e+00  2.28101459e-01  1.57225212e+00 -9.79653454e-01
 -1.15081892e+00 -1.12925121e+00 -2.00395904e-01  7.21087503e-01
  3.99733062e-01 -6.17777298e-01  6.66768938e-01  5.23730740e-01
  8.80983975e-01  7.89186678e-01  5.00948355e-01  1.20496675e+00
 -5.12818931e-01  6.75870440e-01 -4.01083808e-01  4.13202646e-01
  5.71617565e-01 -1.28987118e+00  3.36233912e-01  3.27816237e-01
 -3.70211581e-01  6.26016890e-01 -9.19767849e-01 -4.51482183e-01
  9.67372791e-01  5.84615433e-02 -5.39489018e-01 -1.67821041e-01
 -1.61307593e-01  6.96203740e-03  2.42375233e-01 -8.70163872e-02
  3.95233023e-01  3.11079582e-01  4.06728867e-01  1.47352137e-01
  1.02396513e-01 -1.13545339e-01  3.68887656e-02 -7.11406307e-02
 -2.50343616e-01  1.10529493e-01  1.14015594e-01 -1.71731387e-01
  7.88227059e-02 -7.88901516e-02  1.16184442e-02  2.71376140e-01
 -1.62034071e-01  1.96365295e-01 -3.29578497e-02 -3.04470507e-02
  1.73398251e-01  2.19529911e-01 -1.13081645e-01 -1.43573517e-01
  1.51458425e-02 -8.60080887e-02  2.11979864e-01 -4.58495961e-01
  2.90874143e-01  9.83953235e-02  4.91115992e-02 -6.37149400e-02
  7.59643904e-02 -1.08420595e-01 -5.35068764e-02 -1.67349334e-02
 -3.11035727e-01 -1.98091187e-01 -5.83528061e-02 -5.45765071e-02
  4.44536485e-02 -9.79449496e-02  8.00089024e-02  6.43864877e-02
 -1.87753274e-01 -3.55609137e-02  7.73513544e-02  4.01927009e-02
  2.46319527e-01  4.48055628e-02  2.09725320e-01 -2.30511932e-01
 -1.11615229e-01  1.07718998e-02  1.95121205e-01 -7.56378571e-01
 -2.02684312e-01 -2.20377668e-01  2.96373407e-01 -5.45875807e-02
 -7.79889684e-02  1.13597260e-01 -7.70634086e-01  2.53804544e-01
  9.04910528e-03 -1.86276522e-01  1.60660872e-01 -2.64408402e-01
 -3.77398622e-02 -2.52981506e-02 -2.02038557e-02  3.00446290e-01
  5.07362431e-02  2.24635268e-01 -2.84174406e-01 -6.61408991e-02
  3.20438759e-03 -1.89801454e-01 -8.11767174e-03 -6.79123048e-02
 -8.14477729e-02  7.83323305e-02  8.80462605e-02 -1.74897011e-02
 -4.28920991e-02 -8.45512187e-04  1.03117470e-01  9.46942949e-02
  1.74708384e-01 -2.91232545e-01 -2.18575011e-02  2.31021569e-02
 -3.68485846e-02 -2.97334773e-01 -6.16192019e-02 -3.96505710e-02
  1.94600988e-02  3.75147245e-01  7.45930630e-01 -3.26340859e-01
 -4.82912696e-02  8.92023512e-02  2.71408139e-01  3.15889535e-01
 -1.79371184e-01  8.06753398e-02 -1.16226624e-01  4.20777837e-02
 -4.74169594e-02 -6.03295185e-01  7.91237388e-01  7.21069778e-03
  7.23687207e-02  5.86302215e-01 -3.36963953e-01 -7.12422134e-02
 -6.02393919e-02  8.07115773e-02 -3.59194900e-01 -1.32859600e-01
  8.14013487e-02  2.15800530e-01  6.73302270e-02 -4.69576560e-02
  2.41806459e-02 -3.53080941e-02 -8.11597844e-02  1.47454145e-02
 -1.73891137e-01 -9.30628542e-02  3.72937699e-01  4.42987167e-01
  3.26563329e-01 -4.07121265e-01 -6.23018208e-02 -7.90220777e-01
  2.65622918e-02  3.02775211e-01 -4.50312012e-01  5.27567434e-01
 -6.22574925e-01  5.37831510e-01 -1.52834524e-01 -9.97885762e-02
 -3.08435362e-01 -3.99342826e-02 -1.41252010e-01  3.11142204e-02
 -5.06988161e-02  3.22792036e-02 -1.51284035e-01  1.69385744e-01
  3.52731444e-02 -6.48687954e-02  4.64135215e-03  2.72035736e-01
  7.97326283e-02 -4.05958402e-02 -4.69671474e-02 -6.64787812e-02
  1.72880180e-02  4.02551548e-02 -4.60959221e-01 -1.37098021e-02
  2.43992982e-01 -1.13842343e-02 -7.84791713e-01  4.65443518e-01
 -6.00879323e-01  1.45803741e-02  1.52904633e-01 -2.24253680e-01
  4.75587633e-01 -6.29117331e-02 -1.05714709e-01 -2.09106878e-01
 -1.22571508e-01 -3.88076801e-02 -4.76427524e-01  1.45123218e-01
  9.23887401e-02 -4.41929462e-02 -2.68270394e-01  1.44046132e-02
 -2.74339526e+00 -1.93733866e+00  2.89973002e+00  1.56907778e+00
  1.36268945e-01 -3.04974346e-01 -3.80129146e-01 -3.86868922e-01
  8.02078449e-02  2.75312300e-01  1.26326444e-01  8.22870544e-02
  8.20338690e-01 -2.29868610e-01 -4.68181280e-01 -2.11600046e-01
  4.67397783e-02  2.01661673e-01 -6.04316795e-02  3.19290643e-01
  2.46404921e-01 -9.32132136e-02 -1.32538269e-01  5.38362424e-01
  3.77208363e-01  1.16507168e-01  6.86961180e-01 -7.80256138e-02
  1.20702365e-01  3.95115082e-01  1.85381720e-01  1.84758550e-01
  1.71973918e-01]
[[6.81313186e-01 2.64530872e-01 3.40239258e-01 ... 4.92637503e-09
  3.72669464e-18 7.91439629e-08]
 [6.81313186e-01 2.64530872e-01 3.40239258e-01 ... 4.92637503e-09
  3.72669464e-18 7.91439629e-08]
 [6.81313186e-01 2.64530872e-01 3.40239258e-01 ... 4.92637503e-09
  3.72669464e-18 7.91439629e-08]
 ...
 [2.11464231e-01 8.54076567e-01 4.43576363e-01 ... 7.67986381e-15
  3.10467887e-09 1.56074869e-05]
 [2.44971094e-01 8.38688024e-01 4.46272903e-01 ... 4.14301827e-14
  1.73513398e-09 5.85161306e-05]
 [2.80368051e-01 8.13654131e-01 4.43576363e-01 ... 1.51643709e-13
  6.57951021e-10 1.48854662e-04]]
[ 7.56140016e+00  4.71008737e+01  4.57958217e+00 -4.61728608e+01
  3.00470747e+01 -1.53920779e+00  1.67097199e+02  3.32643268e+01
  4.43310311e+01  2.23644912e+00 -8.57328510e+00  1.00895691e+02
 -4.68910891e+00 -4.37264184e+01 -3.05248570e+01  5.54144820e+01
 -5.99288604e+01  1.46716446e+01  1.13304799e+01  2.98745367e+00
  7.32496900e+01 -1.65875597e+02  2.94968578e+01  2.99742811e+00
 -6.27866743e+01 -1.13382557e-01 -9.06351074e+00 -2.04539564e+01
 -4.47778036e+00  5.20082381e+01  7.44822524e+01  8.98126562e+00
 -3.90689198e+00 -2.00877381e+01 -6.03615859e+01  3.53510182e+01
 -2.73430450e+01 -5.32685102e+00 -1.75885372e+01 -6.03190759e+01
  1.53518397e+01  1.62784484e+01  5.67852792e+00 -1.00005356e+02
 -1.26444365e+02  4.17480761e+00 -9.28185100e+01 -1.57060813e+01
  2.06947181e+01  5.35632836e+01 -4.09107200e+01  1.75553232e+02
 -5.86788405e+01 -2.21809305e+01 -2.26633026e+01  3.92538295e+01
  1.08968582e+01 -2.60460024e+00  3.03580685e+00  1.05660541e+00
 -1.00840980e+00 -5.66690759e+00  1.62110948e-01 -1.03027182e+00
  2.78756971e+00  6.57838305e-01  4.07549391e+00 -5.87310924e-01
  1.80138594e+00  3.48916798e-01  1.68146459e+00 -6.18010734e+00
  7.46646376e-01  1.70300902e+00 -1.35479375e+00 -3.26607427e+00
 -1.42016975e+01 -4.43336282e+00 -9.56277882e-01 -2.61893066e+00
  9.22627824e+00  1.28630151e+00  1.24800904e+00  6.73439017e+00
 -5.02399566e+00  5.66778481e-01 -3.19458305e+00  2.95185192e+00
  1.57997034e-01 -8.33224387e+00  2.59906249e+00  2.83275156e+00
  4.82151728e+00  9.59114606e+00 -6.23346557e+00 -3.62077432e+00
  2.32388942e+00  1.17136732e+01 -2.34765278e+00  2.36137292e+00
  1.14637527e+00  7.00339800e-01  2.56795477e+00 -1.14782057e+00
  5.14867376e+00  2.48026082e-01 -3.81034984e+00  7.04952256e+00
  1.35394444e+00  4.57946302e+00 -4.90220784e+00 -2.77305706e+00
 -1.49939649e+00  5.37436833e+00 -1.28316985e+00 -3.53446907e+00
 -3.85558171e+00  3.11193662e+00  1.77089585e+00 -2.14924615e+00
 -7.18443475e-01 -4.22790777e+00 -5.25477930e+00 -1.24278872e+00
 -2.88435373e-01  2.50476208e+00  8.80049853e-02 -4.24636725e-02
 -4.66348306e+00  1.52214315e+00 -1.19337688e+00  2.00366140e+00
  5.89496415e-01 -6.18113551e-01  4.26199457e+00 -1.05815931e+00
 -3.52337498e-01  1.39285014e+00 -2.37753276e-01  9.44680027e-02
 -1.09504297e+00 -3.51385573e+00  4.51252730e+00 -1.72148161e+00
 -1.15223028e+00 -6.78453180e-01  1.16063309e+00  4.35199543e+00
  3.34945375e-01 -2.12932103e+00 -1.42929555e+00  4.45983109e-02
 -1.74895430e+00 -2.49021002e-01  1.15616067e+00 -1.20616899e+00
 -1.43349078e+00  7.81133765e-01  1.85640030e+00 -4.42420033e-02
  4.04499428e+00 -4.81596698e-01  3.15666895e+00  8.62626463e-01
 -3.99903919e+00 -9.72210072e-02 -4.18324783e+00  4.26261530e-01
 -3.68816958e+00  9.97090519e-01  8.00250397e+00  1.31731417e+00
 -2.83408894e+00  1.85332256e+00  6.45948770e+00  6.20622284e+00
 -8.18625477e+00 -4.11887917e-01 -6.48158649e-01  4.71963331e+00
 -1.08974784e+00  4.41512028e+00 -1.34439028e+00  8.65162743e+00
 -4.54953562e+00 -4.23504287e+00  1.22903599e+00  1.11365406e+00
 -7.83600590e-01 -1.36546499e+00 -2.15661858e+00 -1.07165674e+00
 -8.54143409e-01  2.10359585e+00  2.66052436e+00  1.44872295e-01
  7.42258584e-01 -8.79644295e-01  1.69131349e+00 -3.96827945e-01
 -4.88858474e-01  1.70450219e-02  3.74950793e+00 -8.00084753e+00
 -1.48657515e+00 -2.72326261e+00 -7.16004772e+00  2.82800072e+00
 -3.38714189e+00 -4.04542371e+00  1.10101602e-01 -3.26872195e+00
  3.23143753e+00  2.26324992e+00 -1.68255128e+00 -4.35901283e+00
  2.31488403e+00 -2.05367244e+00 -3.31717216e+00  2.24096403e+00
 -7.48331430e-01 -1.02596525e+00  6.33441761e-01  4.17460623e+00
  1.09786067e+00  1.87857238e+00  1.80657583e+00 -9.63320970e-01
 -6.09747291e-01  9.25315034e-02 -3.60539901e-01  8.05974825e-02
  3.21880445e-01 -6.02089516e-02  5.81917062e-01 -6.88897918e-01
  4.93520389e-01  2.77158136e-01  1.17657621e+00 -1.57286609e-01
 -3.39255088e-01 -1.52225055e+00 -1.49200004e-01  5.06405300e-02
  7.06282735e-01 -1.31626389e-01 -1.57764426e+00  2.07700850e-01
 -3.44533434e-01 -1.36065157e+00 -2.63036035e-01 -5.30888049e-01
  4.52054613e-02  2.29620848e-01  1.15937376e-01 -1.42982536e-02
 -3.75536176e-01 -5.68949740e-01  1.15772257e+00 -6.59858942e-01
  1.46348739e-01  5.45621784e-01 -7.09961045e-01 -6.41973614e-01
 -3.03701935e-01  6.75339453e-01 -3.46468429e-01  4.80835710e-02
  4.22674616e-02  6.01366686e-01  7.83143890e-01  2.57643547e-01
 -1.05390889e+00  6.55330172e-01 -6.46555256e-01  4.28271348e-01
 -1.57874033e-01 -2.23679621e-01  6.81747737e-02  2.41068503e-01
  1.25692311e-01 -1.72395242e-01 -8.27443933e-01 -2.45543613e-01
  1.40258545e-01  3.13951759e-01 -4.78847297e-01  2.72760783e-01
  8.63358947e-01  1.47512372e-02 -7.14112846e-01 -9.34367119e-01
  1.71449997e-01 -1.83869742e-01 -2.71692288e-01  2.34660032e-01
  1.53989167e-01  1.69102052e+00 -2.16924311e-01  1.33941219e-01
  1.36631667e+00  1.29509935e+00 -1.62363165e+00  3.06781828e-02
 -7.87473701e-01 -3.00226072e-01 -9.96447960e-01 -1.30764870e+00
 -2.24619416e-01 -6.29103872e-01 -3.73750520e-01 -6.95203618e-01
  2.33790178e+00 -1.11848984e-01  2.16135668e-02  1.66127668e+00
  1.42851785e-01  2.13743743e+00  1.75983717e+00  5.89148352e-01
  3.52021963e-02  5.24950153e-02  5.29064434e-01  1.60560628e-01
  1.10443477e-01  4.12538895e-02 -3.90359846e-01  5.34317869e-01
 -1.01947757e+00 -1.71522582e-01  1.32623496e-01  4.32420700e-01
  3.82571890e-01 -7.93968153e-01 -1.29041969e+00  3.10803955e+00
 -1.68045500e+00 -5.35847667e-01  4.63731320e-01  9.47837505e-01
 -1.14864173e-01  4.32301239e-01 -2.20329758e+00  1.46004013e-01
 -8.94664871e-01  5.30483471e-02  1.52878588e+00 -1.49713892e+00
 -7.62698539e-01 -9.57307473e-01  5.99299251e-01  1.05778281e+00
 -1.41125543e+00 -4.78441710e-01  5.92780349e-01  8.73773004e-01
 -1.70511713e+00  2.28101459e-01  1.57225212e+00 -9.79653454e-01
 -1.15081892e+00 -1.12925121e+00 -2.00395904e-01  7.21087503e-01
  3.99733062e-01 -6.17777298e-01  6.66768938e-01  5.23730740e-01
  8.80983975e-01  7.89186678e-01  5.00948355e-01  1.20496675e+00
 -5.12818931e-01  6.75870440e-01 -4.01083808e-01  4.13202646e-01
  5.71617565e-01 -1.28987118e+00  3.36233912e-01  3.27816237e-01
 -3.70211581e-01  6.26016890e-01 -9.19767849e-01 -4.51482183e-01
  9.67372791e-01  5.84615433e-02 -5.39489018e-01 -1.67821041e-01
 -1.61307593e-01  6.96203740e-03  2.42375233e-01 -8.70163872e-02
  3.95233023e-01  3.11079582e-01  4.06728867e-01  1.47352137e-01
  1.02396513e-01 -1.13545339e-01  3.68887656e-02 -7.11406307e-02
 -2.50343616e-01  1.10529493e-01  1.14015594e-01 -1.71731387e-01
  7.88227059e-02 -7.88901516e-02  1.16184442e-02  2.71376140e-01
 -1.62034071e-01  1.96365295e-01 -3.29578497e-02 -3.04470507e-02
  1.73398251e-01  2.19529911e-01 -1.13081645e-01 -1.43573517e-01
  1.51458425e-02 -8.60080887e-02  2.11979864e-01 -4.58495961e-01
  2.90874143e-01  9.83953235e-02  4.91115992e-02 -6.37149400e-02
  7.59643904e-02 -1.08420595e-01 -5.35068764e-02 -1.67349334e-02
 -3.11035727e-01 -1.98091187e-01 -5.83528061e-02 -5.45765071e-02
  4.44536485e-02 -9.79449496e-02  8.00089024e-02  6.43864877e-02
 -1.87753274e-01 -3.55609137e-02  7.73513544e-02  4.01927009e-02
  2.46319527e-01  4.48055628e-02  2.09725320e-01 -2.30511932e-01
 -1.11615229e-01  1.07718998e-02  1.95121205e-01 -7.56378571e-01
 -2.02684312e-01 -2.20377668e-01  2.96373407e-01 -5.45875807e-02
 -7.79889684e-02  1.13597260e-01 -7.70634086e-01  2.53804544e-01
  9.04910528e-03 -1.86276522e-01  1.60660872e-01 -2.64408402e-01
 -3.77398622e-02 -2.52981506e-02 -2.02038557e-02  3.00446290e-01
  5.07362431e-02  2.24635268e-01 -2.84174406e-01 -6.61408991e-02
  3.20438759e-03 -1.89801454e-01 -8.11767174e-03 -6.79123048e-02
 -8.14477729e-02  7.83323305e-02  8.80462605e-02 -1.74897011e-02
 -4.28920991e-02 -8.45512187e-04  1.03117470e-01  9.46942949e-02
  1.74708384e-01 -2.91232545e-01 -2.18575011e-02  2.31021569e-02
 -3.68485846e-02 -2.97334773e-01 -6.16192019e-02 -3.96505710e-02
  1.94600988e-02  3.75147245e-01  7.45930630e-01 -3.26340859e-01
 -4.82912696e-02  8.92023512e-02  2.71408139e-01  3.15889535e-01
 -1.79371184e-01  8.06753398e-02 -1.16226624e-01  4.20777837e-02
 -4.74169594e-02 -6.03295185e-01  7.91237388e-01  7.21069778e-03
  7.23687207e-02  5.86302215e-01 -3.36963953e-01 -7.12422134e-02
 -6.02393919e-02  8.07115773e-02 -3.59194900e-01 -1.32859600e-01
  8.14013487e-02  2.15800530e-01  6.73302270e-02 -4.69576560e-02
  2.41806459e-02 -3.53080941e-02 -8.11597844e-02  1.47454145e-02
 -1.73891137e-01 -9.30628542e-02  3.72937699e-01  4.42987167e-01
  3.26563329e-01 -4.07121265e-01 -6.23018208e-02 -7.90220777e-01
  2.65622918e-02  3.02775211e-01 -4.50312012e-01  5.27567434e-01
 -6.22574925e-01  5.37831510e-01 -1.52834524e-01 -9.97885762e-02
 -3.08435362e-01 -3.99342826e-02 -1.41252010e-01  3.11142204e-02
 -5.06988161e-02  3.22792036e-02 -1.51284035e-01  1.69385744e-01
  3.52731444e-02 -6.48687954e-02  4.64135215e-03  2.72035736e-01
  7.97326283e-02 -4.05958402e-02 -4.69671474e-02 -6.64787812e-02
  1.72880180e-02  4.02551548e-02 -4.60959221e-01 -1.37098021e-02
  2.43992982e-01 -1.13842343e-02 -7.84791713e-01  4.65443518e-01
 -6.00879323e-01  1.45803741e-02  1.52904633e-01 -2.24253680e-01
  4.75587633e-01 -6.29117331e-02 -1.05714709e-01 -2.09106878e-01
 -1.22571508e-01 -3.88076801e-02 -4.76427524e-01  1.45123218e-01
  9.23887401e-02 -4.41929462e-02 -2.68270394e-01  1.44046132e-02
 -2.74339526e+00 -1.93733866e+00  2.89973002e+00  1.56907778e+00
  1.36268945e-01 -3.04974346e-01 -3.80129146e-01 -3.86868922e-01
  8.02078449e-02  2.75312300e-01  1.26326444e-01  8.22870544e-02
  8.20338690e-01 -2.29868610e-01 -4.68181280e-01 -2.11600046e-01
  4.67397783e-02  2.01661673e-01 -6.04316795e-02  3.19290643e-01
  2.46404921e-01 -9.32132136e-02 -1.32538269e-01  5.38362424e-01
  3.77208363e-01  1.16507168e-01  6.86961180e-01 -7.80256138e-02
  1.20702365e-01  3.95115082e-01  1.85381720e-01  1.84758550e-01
  1.71973918e-01 -2.92076921e-01 -1.62212869e-02  2.62600562e-01
 -2.04590081e-01  1.43704568e-01 -2.91717726e-02 -1.12404861e-01
  4.13810337e-01  3.03881344e-01 -4.44025166e-02  2.36959543e-03
  3.59934720e-02  2.51007702e-01  5.38167845e-02 -1.31931334e-01
  4.86393556e-02 -1.00232083e-02  1.00041322e-01 -6.26580655e-02
 -1.10716636e-01 -3.18702630e-01  5.97963195e-02  2.35308891e-02
 -1.30369340e-02  2.22912112e-02  8.04087398e-01  5.18805313e-01
 -1.18197012e-01  1.35919367e-01 -6.73246452e-02  6.29148144e-02
 -1.01619692e+00 -5.34975114e-02  2.24939479e-01 -1.12279839e-02
 -5.20120985e-01 -3.98529885e-02  4.42192498e-02  3.10021470e-02
  6.50957726e-02 -3.34683543e-02  2.29030396e-02 -1.54948461e-02
  8.18937222e-01  1.53274082e+00  9.61694648e-02 -2.93832850e-02
 -7.40183762e-02 -4.02012057e-02 -1.26694367e-01 -6.48901727e-03
 -3.24941124e-02  1.18397336e-02  4.12101707e-02 -2.76091560e-01
  2.53379163e-01 -1.95187177e-01  1.21241556e-01 -4.71582394e-02
 -1.92941189e-02  3.18664982e-02 -1.90798282e-02 -1.50302828e-02
  2.22286300e-02  1.46658168e-01 -2.03838791e-01 -2.12782531e+00
  5.83762058e-03  1.39357582e-01 -3.32750631e-02  7.26320228e-03
 -8.59300455e-01 -3.73567545e-02  3.26204250e-02  7.38018436e-02
  1.99104868e-02 -2.76212617e+00 -7.30679539e-02 -3.21913091e-02
  1.09920275e-03  3.62905159e-02 -2.07582703e-02  6.98860939e-02
 -9.85045813e-02  8.20977799e-02 -1.30305147e-02 -4.59680072e-02
  9.44421719e-03  2.18918410e-02 -3.45648468e-02  1.27461123e-02
 -4.22327835e-02 -8.75466300e-02  3.38486742e-02  1.84956572e-03
  8.26464181e-02  1.86797439e-01 -6.43042197e-02  1.05192328e-01
 -1.24404475e-01 -1.47414025e-01 -5.93604633e-02  5.29943449e-02
 -1.50225296e-01  6.75683553e-02 -1.20616525e-02  5.52895466e-02
  4.93789066e-02 -6.35591269e-02  3.52193485e-02 -2.32700748e-03
 -3.60153372e-02  1.88097021e-02  1.46252473e-02  1.48118881e-02
 -6.49384940e-02  1.05759981e-02 -1.93054242e+00  3.93910110e-02
 -1.05738978e-02  2.02985833e-02 -3.29828951e-02 -1.61471144e-01
  1.31275024e-02  8.66303094e-03 -1.05390960e-02 -9.58812188e-03
 -2.54675385e-01  2.16251124e-01  2.12816777e-01 -3.65887091e-02
  2.17487127e-01 -1.88476245e-02  1.06246628e-02 -7.22808316e-03
  7.19570225e-03 -1.16478551e-02  2.43791715e-02 -3.49451620e-02
  4.83911565e-03  1.56415613e-02  4.62523267e-02 -2.74393995e-02
  4.75587574e-02 -3.01213101e-02  2.07806134e-02  2.18242340e-02
 -9.15114863e-03  4.39421493e-03 -1.60967991e-01 -7.94357885e-02
  1.46271524e-01  3.48002142e-02  1.38609092e-02 -5.02347433e-02
 -2.08914543e-01 -4.41453214e-02  3.07726075e-02 -1.74181289e-01
 -4.01605328e-02 -4.31051676e-03  1.32363661e-02 -3.51989801e-02
 -7.12507316e-02  8.34707938e-02  2.44056579e-02 -1.78663250e-02
  3.73704634e-02  2.11792260e-01  5.58302400e-02 -1.59793805e-01
 -4.98114698e-02  2.66614264e-02  9.90938879e-02 -3.09059173e-02
  3.05592730e-02 -1.09334242e-01  2.71501743e-02 -1.99319155e-02
 -7.25512248e-02  1.26882271e-01 -5.53518380e-02  5.20163213e-02
  1.93887356e-02  2.06673802e-02 -1.14085895e-01  7.06140660e-02
  1.85438355e-02  1.00462445e-02  7.19400895e-02 -2.00619871e-01
  2.28909234e-01 -1.87263181e-01  1.32073365e-01 -2.71923326e-02
  1.14484011e+00  1.03171215e+00  2.36972871e-02  9.63165880e-03
 -2.40472262e-02 -4.05068492e-03  5.58179288e-03 -5.61072659e-01
  5.93072060e-03  3.23415367e+00  3.08514393e-01 -1.56145565e-01
  7.31832050e-02 -7.87878426e-03  1.88101407e-01  9.85997406e-01
  1.40980696e-02  3.12657711e-01  1.26196151e-03 -1.39644863e-02
  8.61096390e-02  3.78004014e-02 -1.51012005e-02 -1.41937081e-02
 -2.01147238e-02 -6.36973153e-02 -2.71651020e-02 -1.39073974e-02
 -4.67081483e-03 -8.97457275e-03  3.47000195e-02 -8.50217249e-02
  5.42133883e-02 -5.77165507e-03  4.38514867e-02  1.13432044e-01
  2.48071366e-02 -1.95444238e-02  1.07705492e-01 -1.49974224e-01
 -3.70687695e-02 -7.04139634e-02  3.13301149e-02  2.94327333e-01
  3.77382542e-02  2.28199530e-02 -2.45976351e-02 -6.70090815e-02
 -1.06144546e-02  5.47147941e-02 -6.29522613e-02  4.29418741e-02
  1.16516830e-02  3.82708019e-02  4.14432860e-02 -4.14048335e-02
  7.72836754e-02  4.22390527e-02  1.95342935e-02  1.08949565e-01
 -2.00925932e-02  9.97320696e-03  6.16909561e-01 -4.86050355e-01
 -4.33260921e-01 -2.73508077e-02 -8.23882976e-01  6.01911669e-01
 -6.35437461e-02 -1.34402308e-01 -5.51875315e-01  3.22166845e-01
 -2.07299293e-01  1.13389505e-01  6.25649077e-02 -4.79806631e-02
  2.87337030e-02 -9.97702505e-03  1.00921773e+00  3.25377228e+00
 -3.06662338e+00  5.37111994e-03 -1.39324431e+00  1.06100867e-01
 -3.24282732e-02 -2.34949897e-02 -7.57630793e-02 -2.22441810e-02
  1.39982097e-02  4.33795107e-02  9.55177827e-03 -3.08196142e-02]
[[6.81313186e-01 2.64530872e-01 3.40239258e-01 ... 6.37543599e-29
  7.84804454e-16 9.10776792e-38]
 [6.81313186e-01 2.64530872e-01 3.40239258e-01 ... 6.37543599e-29
  7.84804454e-16 9.10776792e-38]
 [6.81313186e-01 2.64530872e-01 3.40239258e-01 ... 6.37543599e-29
  7.84804454e-16 9.10776792e-38]
 ...
 [2.11464231e-01 8.54076567e-01 4.43576363e-01 ... 8.81793888e-14
  4.56487579e-07 2.54516163e-15]
 [2.44971094e-01 8.38688024e-01 4.46272903e-01 ... 5.98289394e-14
  2.75040748e-05 7.94965033e-16]
 [2.80368051e-01 8.13654131e-01 4.43576363e-01 ... 1.86871884e-14
  7.62875304e-04 1.14306026e-16]]
[ 7.56140016e+00  4.71008737e+01  4.57958217e+00 ... -1.17438706e-02
  8.10866157e-03 -8.22510342e-03]
[[0.0027832  0.0594061 ]
 [0.00600586 0.05894106]
 [0.01103516 0.05843025]
 [0.01870117 0.05796913]
 [0.02973633 0.05767489]
 [0.04375    0.05750634]
 [0.06186523 0.05727553]]
