12
0.007
rdot
MMA
sample
[[ 1.          0.97873908  0.76356524 ...  0.9782      0.59105727
   0.27531309]
 [ 1.          0.97873908  0.76356524 ...  0.9782      0.59105727
   0.37814505]
 [ 1.          0.97873908  0.76356524 ...  0.9782      0.59105727
   0.39295525]
 ...
 [ 0.10612479  0.9834187   0.93762584 ...  0.66369007  0.95890836
  -0.11330898]
 [ 0.17687465  0.9834187   0.93762584 ...  0.66369007  0.95890836
  -0.11745745]
 [ 0.24762451  0.9834187   0.93762584 ...  0.66369007  0.95890836
  -0.12113016]]
20480
0.00030255328962567327
[[0.68131319 0.26453087 0.34023926 ... 0.33646541 0.257507   0.25459533]
 [0.68131319 0.26453087 0.34023926 ... 0.33646541 0.257507   0.25459533]
 [0.68131319 0.26453087 0.34023926 ... 0.33646541 0.257507   0.25459533]
 ...
 [0.21146423 0.85407657 0.44357636 ... 0.76520213 0.41502584 0.42556211]
 [0.24497109 0.83868802 0.4462729  ... 0.7605785  0.40754801 0.41789444]
 [0.28036805 0.81365413 0.44357636 ... 0.74687458 0.39538316 0.40542076]]
[ 1.84735743 -5.62826269  7.2381688  -2.84994998 -6.05575352  0.02720683
 -1.73782069  2.42133765 -5.92102064  1.54649593  1.49609795 -2.23926259
 -3.47932193  2.73949292  8.57946311  8.83580759 -4.21357555 -2.61629555]
[[0.68131319 0.26453087 0.34023926 ... 0.46418766 0.63523062 0.14533281]
 [0.68131319 0.26453087 0.34023926 ... 0.46418766 0.63523062 0.14533281]
 [0.68131319 0.26453087 0.34023926 ... 0.46418766 0.63523062 0.14533281]
 ...
 [0.21146423 0.85407657 0.44357636 ... 0.04471712 0.12179752 0.62805891]
 [0.24497109 0.83868802 0.4462729  ... 0.06001084 0.14816598 0.66679986]
 [0.28036805 0.81365413 0.44357636 ... 0.07860624 0.17592601 0.69097468]]
[ 1.84735743 -5.62826269  7.2381688  -2.84994998 -6.05575352  0.02720683
 -1.73782069  2.42133765 -5.92102064  1.54649593  1.49609795 -2.23926259
 -3.47932193  2.73949292  8.57946311  8.83580759 -4.21357555 -2.61629555
 -0.84973161  0.0381191  -1.44440699 -1.66945864 -0.55913154  0.49329847
  0.91069741 -0.99288353  1.38405595 -0.51887174  0.54255432  0.07358964
  1.34518994  0.52879787 -0.49959572  0.88716824  0.35785322 -0.37982534
  0.40847252]
[[0.68131319 0.26453087 0.34023926 ... 0.01253095 0.01311062 0.0262025 ]
 [0.68131319 0.26453087 0.34023926 ... 0.01253095 0.01311062 0.0262025 ]
 [0.68131319 0.26453087 0.34023926 ... 0.01253095 0.01311062 0.0262025 ]
 ...
 [0.21146423 0.85407657 0.44357636 ... 0.08851779 0.44329897 0.08150206]
 [0.24497109 0.83868802 0.4462729  ... 0.08639768 0.47674064 0.08350204]
 [0.28036805 0.81365413 0.44357636 ... 0.08033719 0.48843937 0.08150206]]
[ 1.84735743 -5.62826269  7.2381688  -2.84994998 -6.05575352  0.02720683
 -1.73782069  2.42133765 -5.92102064  1.54649593  1.49609795 -2.23926259
 -3.47932193  2.73949292  8.57946311  8.83580759 -4.21357555 -2.61629555
 -0.84973161  0.0381191  -1.44440699 -1.66945864 -0.55913154  0.49329847
  0.91069741 -0.99288353  1.38405595 -0.51887174  0.54255432  0.07358964
  1.34518994  0.52879787 -0.49959572  0.88716824  0.35785322 -0.37982534
  0.40847252  0.29951188 -0.19662255 -0.20181838 -0.18107147  0.16479584
 -0.19659553  0.34564698  0.06093891  0.1862332  -0.08081638  0.05342102
 -0.09139327  0.29427732 -0.23932911  0.08282533  0.07101024 -0.17843436
 -0.14094012 -0.12545844]
[[6.81313186e-01 2.64530872e-01 3.40239258e-01 ... 1.44935010e-01
  2.07001118e-04 1.93335818e-05]
 [6.81313186e-01 2.64530872e-01 3.40239258e-01 ... 1.44935010e-01
  2.07001118e-04 1.93335818e-05]
 [6.81313186e-01 2.64530872e-01 3.40239258e-01 ... 1.44935010e-01
  2.07001118e-04 1.93335818e-05]
 ...
 [2.11464231e-01 8.54076567e-01 4.43576363e-01 ... 4.91505264e-07
  2.26867488e-02 8.80240047e-04]
 [2.44971094e-01 8.38688024e-01 4.46272903e-01 ... 1.59423217e-06
  2.38138293e-02 7.61079818e-04]
 [2.80368051e-01 8.13654131e-01 4.43576363e-01 ... 4.69311310e-06
  2.26867488e-02 5.97235126e-04]]
[ 1.84735743 -5.62826269  7.2381688  -2.84994998 -6.05575352  0.02720683
 -1.73782069  2.42133765 -5.92102064  1.54649593  1.49609795 -2.23926259
 -3.47932193  2.73949292  8.57946311  8.83580759 -4.21357555 -2.61629555
 -0.84973161  0.0381191  -1.44440699 -1.66945864 -0.55913154  0.49329847
  0.91069741 -0.99288353  1.38405595 -0.51887174  0.54255432  0.07358964
  1.34518994  0.52879787 -0.49959572  0.88716824  0.35785322 -0.37982534
  0.40847252  0.29951188 -0.19662255 -0.20181838 -0.18107147  0.16479584
 -0.19659553  0.34564698  0.06093891  0.1862332  -0.08081638  0.05342102
 -0.09139327  0.29427732 -0.23932911  0.08282533  0.07101024 -0.17843436
 -0.14094012 -0.12545844  0.14092049 -0.25552533 -0.2376372   0.01714938
 -0.04412809  0.23773883  0.16395502 -0.17587632  0.1817663   0.09169356
  0.1187521   0.07784901 -0.09565888  0.07000223]
[[6.81313186e-01 2.64530872e-01 3.40239258e-01 ... 1.44935010e-01
  2.07001118e-04 1.93335818e-05]
 [6.81313186e-01 2.64530872e-01 3.40239258e-01 ... 1.44935010e-01
  2.07001118e-04 1.93335818e-05]
 [6.81313186e-01 2.64530872e-01 3.40239258e-01 ... 1.44935010e-01
  2.07001118e-04 1.93335818e-05]
 ...
 [2.11464231e-01 8.54076567e-01 4.43576363e-01 ... 4.91505264e-07
  2.26867488e-02 8.80240047e-04]
 [2.44971094e-01 8.38688024e-01 4.46272903e-01 ... 1.59423217e-06
  2.38138293e-02 7.61079818e-04]
 [2.80368051e-01 8.13654131e-01 4.43576363e-01 ... 4.69311310e-06
  2.26867488e-02 5.97235126e-04]]
[ 1.84735743 -5.62826269  7.2381688  -2.84994998 -6.05575352  0.02720683
 -1.73782069  2.42133765 -5.92102064  1.54649593  1.49609795 -2.23926259
 -3.47932193  2.73949292  8.57946311  8.83580759 -4.21357555 -2.61629555
 -0.84973161  0.0381191  -1.44440699 -1.66945864 -0.55913154  0.49329847
  0.91069741 -0.99288353  1.38405595 -0.51887174  0.54255432  0.07358964
  1.34518994  0.52879787 -0.49959572  0.88716824  0.35785322 -0.37982534
  0.40847252  0.29951188 -0.19662255 -0.20181838 -0.18107147  0.16479584
 -0.19659553  0.34564698  0.06093891  0.1862332  -0.08081638  0.05342102
 -0.09139327  0.29427732 -0.23932911  0.08282533  0.07101024 -0.17843436
 -0.14094012 -0.12545844  0.14092049 -0.25552533 -0.2376372   0.01714938
 -0.04412809  0.23773883  0.16395502 -0.17587632  0.1817663   0.09169356
  0.1187521   0.07784901 -0.09565888  0.07000223]
[[6.81313186e-01 2.64530872e-01 3.40239258e-01 ... 1.93335818e-05
  2.58149598e-02 6.68117794e-04]
 [6.81313186e-01 2.64530872e-01 3.40239258e-01 ... 1.93335818e-05
  2.58149598e-02 6.68117794e-04]
 [6.81313186e-01 2.64530872e-01 3.40239258e-01 ... 1.93335818e-05
  2.58149598e-02 6.68117794e-04]
 ...
 [2.11464231e-01 8.54076567e-01 4.43576363e-01 ... 8.80240047e-04
  1.38711545e-11 8.77812900e-15]
 [2.44971094e-01 8.38688024e-01 4.46272903e-01 ... 7.61079818e-04
  6.52529150e-10 9.71617981e-13]
 [2.80368051e-01 8.13654131e-01 4.43576363e-01 ... 5.97235126e-04
  2.08272268e-08 7.29681520e-11]]
[ 1.84735743 -5.62826269  7.2381688  -2.84994998 -6.05575352  0.02720683
 -1.73782069  2.42133765 -5.92102064  1.54649593  1.49609795 -2.23926259
 -3.47932193  2.73949292  8.57946311  8.83580759 -4.21357555 -2.61629555
 -0.84973161  0.0381191  -1.44440699 -1.66945864 -0.55913154  0.49329847
  0.91069741 -0.99288353  1.38405595 -0.51887174  0.54255432  0.07358964
  1.34518994  0.52879787 -0.49959572  0.88716824  0.35785322 -0.37982534
  0.40847252  0.29951188 -0.19662255 -0.20181838 -0.18107147  0.16479584
 -0.19659553  0.34564698  0.06093891  0.1862332  -0.08081638  0.05342102
 -0.09139327  0.29427732 -0.23932911  0.08282533  0.07101024 -0.17843436
 -0.14094012 -0.12545844  0.14092049 -0.25552533 -0.2376372   0.01714938
 -0.04412809  0.23773883  0.16395502 -0.17587632  0.1817663   0.09169356
  0.1187521   0.07784901 -0.09565888  0.07000223 -0.20759758  0.07700051]
[[6.81313186e-01 2.64530872e-01 3.40239258e-01 ... 5.98478941e-12
  2.94875591e-08 3.23275672e-11]
 [6.81313186e-01 2.64530872e-01 3.40239258e-01 ... 5.98478941e-12
  2.94875591e-08 3.23275672e-11]
 [6.81313186e-01 2.64530872e-01 3.40239258e-01 ... 5.98478941e-12
  2.94875591e-08 3.23275672e-11]
 ...
 [2.11464231e-01 8.54076567e-01 4.43576363e-01 ... 4.79033276e-19
  1.26604979e-42 3.29310056e-22]
 [2.44971094e-01 8.38688024e-01 4.46272903e-01 ... 1.06008405e-15
  2.80172436e-39 7.28751752e-19]
 [2.80368051e-01 8.13654131e-01 4.43576363e-01 ... 1.07994928e-12
  2.85422670e-36 7.42408046e-16]]
[ 1.84735743 -5.62826269  7.2381688  -2.84994998 -6.05575352  0.02720683
 -1.73782069  2.42133765 -5.92102064  1.54649593  1.49609795 -2.23926259
 -3.47932193  2.73949292  8.57946311  8.83580759 -4.21357555 -2.61629555
 -0.84973161  0.0381191  -1.44440699 -1.66945864 -0.55913154  0.49329847
  0.91069741 -0.99288353  1.38405595 -0.51887174  0.54255432  0.07358964
  1.34518994  0.52879787 -0.49959572  0.88716824  0.35785322 -0.37982534
  0.40847252  0.29951188 -0.19662255 -0.20181838 -0.18107147  0.16479584
 -0.19659553  0.34564698  0.06093891  0.1862332  -0.08081638  0.05342102
 -0.09139327  0.29427732 -0.23932911  0.08282533  0.07101024 -0.17843436
 -0.14094012 -0.12545844  0.14092049 -0.25552533 -0.2376372   0.01714938
 -0.04412809  0.23773883  0.16395502 -0.17587632  0.1817663   0.09169356
  0.1187521   0.07784901 -0.09565888  0.07000223 -0.20759758  0.07700051
  0.07298832 -0.27893091 -0.23844255 -0.1950224 ]
[[6.81313186e-01 2.64530872e-01 3.40239258e-01 ... 5.98478941e-12
  2.94875591e-08 3.23275672e-11]
 [6.81313186e-01 2.64530872e-01 3.40239258e-01 ... 5.98478941e-12
  2.94875591e-08 3.23275672e-11]
 [6.81313186e-01 2.64530872e-01 3.40239258e-01 ... 5.98478941e-12
  2.94875591e-08 3.23275672e-11]
 ...
 [2.11464231e-01 8.54076567e-01 4.43576363e-01 ... 4.79033276e-19
  1.26604979e-42 3.29310056e-22]
 [2.44971094e-01 8.38688024e-01 4.46272903e-01 ... 1.06008405e-15
  2.80172436e-39 7.28751752e-19]
 [2.80368051e-01 8.13654131e-01 4.43576363e-01 ... 1.07994928e-12
  2.85422670e-36 7.42408046e-16]]
[ 1.84735743 -5.62826269  7.2381688  -2.84994998 -6.05575352  0.02720683
 -1.73782069  2.42133765 -5.92102064  1.54649593  1.49609795 -2.23926259
 -3.47932193  2.73949292  8.57946311  8.83580759 -4.21357555 -2.61629555
 -0.84973161  0.0381191  -1.44440699 -1.66945864 -0.55913154  0.49329847
  0.91069741 -0.99288353  1.38405595 -0.51887174  0.54255432  0.07358964
  1.34518994  0.52879787 -0.49959572  0.88716824  0.35785322 -0.37982534
  0.40847252  0.29951188 -0.19662255 -0.20181838 -0.18107147  0.16479584
 -0.19659553  0.34564698  0.06093891  0.1862332  -0.08081638  0.05342102
 -0.09139327  0.29427732 -0.23932911  0.08282533  0.07101024 -0.17843436
 -0.14094012 -0.12545844  0.14092049 -0.25552533 -0.2376372   0.01714938
 -0.04412809  0.23773883  0.16395502 -0.17587632  0.1817663   0.09169356
  0.1187521   0.07784901 -0.09565888  0.07000223 -0.20759758  0.07700051
  0.07298832 -0.27893091 -0.23844255 -0.1950224 ]
[[6.81313186e-01 2.64530872e-01 3.40239258e-01 ... 5.98478941e-12
  2.94875591e-08 3.23275672e-11]
 [6.81313186e-01 2.64530872e-01 3.40239258e-01 ... 5.98478941e-12
  2.94875591e-08 3.23275672e-11]
 [6.81313186e-01 2.64530872e-01 3.40239258e-01 ... 5.98478941e-12
  2.94875591e-08 3.23275672e-11]
 ...
 [2.11464231e-01 8.54076567e-01 4.43576363e-01 ... 4.79033276e-19
  1.26604979e-42 3.29310056e-22]
 [2.44971094e-01 8.38688024e-01 4.46272903e-01 ... 1.06008405e-15
  2.80172436e-39 7.28751752e-19]
 [2.80368051e-01 8.13654131e-01 4.43576363e-01 ... 1.07994928e-12
  2.85422670e-36 7.42408046e-16]]
[ 1.84735743 -5.62826269  7.2381688  -2.84994998 -6.05575352  0.02720683
 -1.73782069  2.42133765 -5.92102064  1.54649593  1.49609795 -2.23926259
 -3.47932193  2.73949292  8.57946311  8.83580759 -4.21357555 -2.61629555
 -0.84973161  0.0381191  -1.44440699 -1.66945864 -0.55913154  0.49329847
  0.91069741 -0.99288353  1.38405595 -0.51887174  0.54255432  0.07358964
  1.34518994  0.52879787 -0.49959572  0.88716824  0.35785322 -0.37982534
  0.40847252  0.29951188 -0.19662255 -0.20181838 -0.18107147  0.16479584
 -0.19659553  0.34564698  0.06093891  0.1862332  -0.08081638  0.05342102
 -0.09139327  0.29427732 -0.23932911  0.08282533  0.07101024 -0.17843436
 -0.14094012 -0.12545844  0.14092049 -0.25552533 -0.2376372   0.01714938
 -0.04412809  0.23773883  0.16395502 -0.17587632  0.1817663   0.09169356
  0.1187521   0.07784901 -0.09565888  0.07000223 -0.20759758  0.07700051
  0.07298832 -0.27893091 -0.23844255 -0.1950224 ]
[[6.81313186e-01 2.64530872e-01 3.40239258e-01 ... 5.98478941e-12
  2.94875591e-08 3.23275672e-11]
 [6.81313186e-01 2.64530872e-01 3.40239258e-01 ... 5.98478941e-12
  2.94875591e-08 3.23275672e-11]
 [6.81313186e-01 2.64530872e-01 3.40239258e-01 ... 5.98478941e-12
  2.94875591e-08 3.23275672e-11]
 ...
 [2.11464231e-01 8.54076567e-01 4.43576363e-01 ... 4.79033276e-19
  1.26604979e-42 3.29310056e-22]
 [2.44971094e-01 8.38688024e-01 4.46272903e-01 ... 1.06008405e-15
  2.80172436e-39 7.28751752e-19]
 [2.80368051e-01 8.13654131e-01 4.43576363e-01 ... 1.07994928e-12
  2.85422670e-36 7.42408046e-16]]
[ 1.84735743 -5.62826269  7.2381688  -2.84994998 -6.05575352  0.02720683
 -1.73782069  2.42133765 -5.92102064  1.54649593  1.49609795 -2.23926259
 -3.47932193  2.73949292  8.57946311  8.83580759 -4.21357555 -2.61629555
 -0.84973161  0.0381191  -1.44440699 -1.66945864 -0.55913154  0.49329847
  0.91069741 -0.99288353  1.38405595 -0.51887174  0.54255432  0.07358964
  1.34518994  0.52879787 -0.49959572  0.88716824  0.35785322 -0.37982534
  0.40847252  0.29951188 -0.19662255 -0.20181838 -0.18107147  0.16479584
 -0.19659553  0.34564698  0.06093891  0.1862332  -0.08081638  0.05342102
 -0.09139327  0.29427732 -0.23932911  0.08282533  0.07101024 -0.17843436
 -0.14094012 -0.12545844  0.14092049 -0.25552533 -0.2376372   0.01714938
 -0.04412809  0.23773883  0.16395502 -0.17587632  0.1817663   0.09169356
  0.1187521   0.07784901 -0.09565888  0.07000223 -0.20759758  0.07700051
  0.07298832 -0.27893091 -0.23844255 -0.1950224 ]
[[6.81313186e-01 2.64530872e-01 3.40239258e-01 ... 5.98478941e-12
  2.94875591e-08 3.23275672e-11]
 [6.81313186e-01 2.64530872e-01 3.40239258e-01 ... 5.98478941e-12
  2.94875591e-08 3.23275672e-11]
 [6.81313186e-01 2.64530872e-01 3.40239258e-01 ... 5.98478941e-12
  2.94875591e-08 3.23275672e-11]
 ...
 [2.11464231e-01 8.54076567e-01 4.43576363e-01 ... 4.79033276e-19
  1.26604979e-42 3.29310056e-22]
 [2.44971094e-01 8.38688024e-01 4.46272903e-01 ... 1.06008405e-15
  2.80172436e-39 7.28751752e-19]
 [2.80368051e-01 8.13654131e-01 4.43576363e-01 ... 1.07994928e-12
  2.85422670e-36 7.42408046e-16]]
[ 1.84735743 -5.62826269  7.2381688  -2.84994998 -6.05575352  0.02720683
 -1.73782069  2.42133765 -5.92102064  1.54649593  1.49609795 -2.23926259
 -3.47932193  2.73949292  8.57946311  8.83580759 -4.21357555 -2.61629555
 -0.84973161  0.0381191  -1.44440699 -1.66945864 -0.55913154  0.49329847
  0.91069741 -0.99288353  1.38405595 -0.51887174  0.54255432  0.07358964
  1.34518994  0.52879787 -0.49959572  0.88716824  0.35785322 -0.37982534
  0.40847252  0.29951188 -0.19662255 -0.20181838 -0.18107147  0.16479584
 -0.19659553  0.34564698  0.06093891  0.1862332  -0.08081638  0.05342102
 -0.09139327  0.29427732 -0.23932911  0.08282533  0.07101024 -0.17843436
 -0.14094012 -0.12545844  0.14092049 -0.25552533 -0.2376372   0.01714938
 -0.04412809  0.23773883  0.16395502 -0.17587632  0.1817663   0.09169356
  0.1187521   0.07784901 -0.09565888  0.07000223 -0.20759758  0.07700051
  0.07298832 -0.27893091 -0.23844255 -0.1950224 ]
[[6.81313186e-01 2.64530872e-01 3.40239258e-01 ... 5.98478941e-12
  2.94875591e-08 3.23275672e-11]
 [6.81313186e-01 2.64530872e-01 3.40239258e-01 ... 5.98478941e-12
  2.94875591e-08 3.23275672e-11]
 [6.81313186e-01 2.64530872e-01 3.40239258e-01 ... 5.98478941e-12
  2.94875591e-08 3.23275672e-11]
 ...
 [2.11464231e-01 8.54076567e-01 4.43576363e-01 ... 4.79033276e-19
  1.26604979e-42 3.29310056e-22]
 [2.44971094e-01 8.38688024e-01 4.46272903e-01 ... 1.06008405e-15
  2.80172436e-39 7.28751752e-19]
 [2.80368051e-01 8.13654131e-01 4.43576363e-01 ... 1.07994928e-12
  2.85422670e-36 7.42408046e-16]]
[ 1.84735743 -5.62826269  7.2381688  -2.84994998 -6.05575352  0.02720683
 -1.73782069  2.42133765 -5.92102064  1.54649593  1.49609795 -2.23926259
 -3.47932193  2.73949292  8.57946311  8.83580759 -4.21357555 -2.61629555
 -0.84973161  0.0381191  -1.44440699 -1.66945864 -0.55913154  0.49329847
  0.91069741 -0.99288353  1.38405595 -0.51887174  0.54255432  0.07358964
  1.34518994  0.52879787 -0.49959572  0.88716824  0.35785322 -0.37982534
  0.40847252  0.29951188 -0.19662255 -0.20181838 -0.18107147  0.16479584
 -0.19659553  0.34564698  0.06093891  0.1862332  -0.08081638  0.05342102
 -0.09139327  0.29427732 -0.23932911  0.08282533  0.07101024 -0.17843436
 -0.14094012 -0.12545844  0.14092049 -0.25552533 -0.2376372   0.01714938
 -0.04412809  0.23773883  0.16395502 -0.17587632  0.1817663   0.09169356
  0.1187521   0.07784901 -0.09565888  0.07000223 -0.20759758  0.07700051
  0.07298832 -0.27893091 -0.23844255 -0.1950224 ]
[[6.81313186e-01 2.64530872e-01 3.40239258e-01 ... 5.98478941e-12
  2.94875591e-08 3.23275672e-11]
 [6.81313186e-01 2.64530872e-01 3.40239258e-01 ... 5.98478941e-12
  2.94875591e-08 3.23275672e-11]
 [6.81313186e-01 2.64530872e-01 3.40239258e-01 ... 5.98478941e-12
  2.94875591e-08 3.23275672e-11]
 ...
 [2.11464231e-01 8.54076567e-01 4.43576363e-01 ... 4.79033276e-19
  1.26604979e-42 3.29310056e-22]
 [2.44971094e-01 8.38688024e-01 4.46272903e-01 ... 1.06008405e-15
  2.80172436e-39 7.28751752e-19]
 [2.80368051e-01 8.13654131e-01 4.43576363e-01 ... 1.07994928e-12
  2.85422670e-36 7.42408046e-16]]
[ 1.84735743 -5.62826269  7.2381688  -2.84994998 -6.05575352  0.02720683
 -1.73782069  2.42133765 -5.92102064  1.54649593  1.49609795 -2.23926259
 -3.47932193  2.73949292  8.57946311  8.83580759 -4.21357555 -2.61629555
 -0.84973161  0.0381191  -1.44440699 -1.66945864 -0.55913154  0.49329847
  0.91069741 -0.99288353  1.38405595 -0.51887174  0.54255432  0.07358964
  1.34518994  0.52879787 -0.49959572  0.88716824  0.35785322 -0.37982534
  0.40847252  0.29951188 -0.19662255 -0.20181838 -0.18107147  0.16479584
 -0.19659553  0.34564698  0.06093891  0.1862332  -0.08081638  0.05342102
 -0.09139327  0.29427732 -0.23932911  0.08282533  0.07101024 -0.17843436
 -0.14094012 -0.12545844  0.14092049 -0.25552533 -0.2376372   0.01714938
 -0.04412809  0.23773883  0.16395502 -0.17587632  0.1817663   0.09169356
  0.1187521   0.07784901 -0.09565888  0.07000223 -0.20759758  0.07700051
  0.07298832 -0.27893091 -0.23844255 -0.1950224 ]
[[0.00087891 0.06246529]
 [0.00180664 0.06120758]
 [0.00273437 0.06079619]
 [0.00341797 0.06042198]
 [0.00341797 0.06042198]
 [0.00351563 0.06024425]
 [0.00371094 0.06003072]
 [0.00371094 0.06003072]
 [0.00371094 0.06003072]
 [0.00371094 0.06003072]
 [0.00371094 0.06003072]
 [0.00371094 0.06003072]
 [0.00371094 0.06003072]]
