12
0.0009
rdot
MMA
sample
[[ 1.          0.97873908  0.76356524 ...  0.9782      0.59105727
   0.27531309]
 [ 1.          0.97873908  0.76356524 ...  0.9782      0.59105727
   0.37814505]
 [ 1.          0.97873908  0.76356524 ...  0.9782      0.59105727
   0.39295525]
 ...
 [ 0.10612479  0.9834187   0.93762584 ...  0.66369007  0.95890836
  -0.11330898]
 [ 0.17687465  0.9834187   0.93762584 ...  0.66369007  0.95890836
  -0.11745745]
 [ 0.24762451  0.9834187   0.93762584 ...  0.66369007  0.95890836
  -0.12113016]]
20480
3.889970866615799e-05
[[0.68131319 0.26453087 0.34023926 ... 0.74055822 0.79658395 0.25521969]
 [0.68131319 0.26453087 0.34023926 ... 0.74055822 0.79658395 0.25521969]
 [0.68131319 0.26453087 0.34023926 ... 0.74055822 0.79658395 0.25521969]
 ...
 [0.21146423 0.85407657 0.44357636 ... 0.24730021 0.30960886 0.83599305]
 [0.24497109 0.83868802 0.4462729  ... 0.27586022 0.35866691 0.83094168]
 [0.28036805 0.81365413 0.44357636 ... 0.3040111  0.41049228 0.81596998]]
[  2.00726263 -10.08383257  20.65450774  -4.39946807 -10.48157812
   0.29744052  -2.25820944   3.46527229  -4.42267457   0.71398047
   5.02245789  -9.76710721  -6.95185824  -5.03433705  14.67045931
   2.17595158  -7.20892706 -14.58813963   1.50345977  -6.23753138
   2.1964634   13.50773533   3.37256701   8.23470881  -0.58141562
   2.23605151   1.20180396]
[[0.68131319 0.26453087 0.34023926 ... 0.13148946 0.80200016 0.27334607]
 [0.68131319 0.26453087 0.34023926 ... 0.13148946 0.80200016 0.27334607]
 [0.68131319 0.26453087 0.34023926 ... 0.13148946 0.80200016 0.27334607]
 ...
 [0.21146423 0.85407657 0.44357636 ... 0.39087934 0.11313871 0.57210746]
 [0.24497109 0.83868802 0.4462729  ... 0.38616995 0.14707032 0.6213682 ]
 [0.28036805 0.81365413 0.44357636 ... 0.37237949 0.18659945 0.6587065 ]]
[ 2.00726263e+00 -1.00838326e+01  2.06545077e+01 -4.39946807e+00
 -1.04815781e+01  2.97440523e-01 -2.25820944e+00  3.46527229e+00
 -4.42267457e+00  7.13980471e-01  5.02245789e+00 -9.76710721e+00
 -6.95185824e+00 -5.03433705e+00  1.46704593e+01  2.17595158e+00
 -7.20892706e+00 -1.45881396e+01  1.50345977e+00 -6.23753138e+00
  2.19646340e+00  1.35077353e+01  3.37256701e+00  8.23470881e+00
 -5.81415624e-01  2.23605151e+00  1.20180396e+00 -7.94475850e-02
  3.83356629e+00 -2.37940420e+00  2.04974286e-01  5.20999968e-01
 -1.20339462e+00 -1.03495932e+00 -1.01487596e+00  1.31670501e+00
  7.07034305e-01  4.02232377e+00 -1.39291253e+00  1.61508545e-01
 -9.43146220e+00 -4.47901331e+00  2.66176901e+00 -3.84404003e+00
  1.51108420e+00  1.47109013e+00 -8.26223713e+00  8.82976892e-01
  3.70415373e-01  3.29924296e+00 -4.37764068e+00  1.76154713e-01
 -4.34960928e-01  5.91789048e-01  6.31538503e+00  5.92683379e+00
  9.46180917e-01  1.19424053e-02 -2.32105380e+00  7.73224418e+00
 -4.64858440e-01  4.20512153e+00 -6.73299359e+00  9.36048492e+00
  1.44491497e+00 -5.73975031e-01 -5.21835381e+00 -2.59528534e+00
 -1.77484478e+00  1.31860396e+00]
[[0.68131319 0.26453087 0.34023926 ... 0.20336346 0.06042199 0.06287025]
 [0.68131319 0.26453087 0.34023926 ... 0.20336346 0.06042199 0.06287025]
 [0.68131319 0.26453087 0.34023926 ... 0.20336346 0.06042199 0.06287025]
 ...
 [0.21146423 0.85407657 0.44357636 ... 0.01019048 0.10658455 0.02099465]
 [0.24497109 0.83868802 0.4462729  ... 0.01835296 0.12572947 0.02476575]
 [0.28036805 0.81365413 0.44357636 ... 0.03148914 0.14129374 0.02783155]]
[ 2.00726263e+00 -1.00838326e+01  2.06545077e+01 -4.39946807e+00
 -1.04815781e+01  2.97440523e-01 -2.25820944e+00  3.46527229e+00
 -4.42267457e+00  7.13980471e-01  5.02245789e+00 -9.76710721e+00
 -6.95185824e+00 -5.03433705e+00  1.46704593e+01  2.17595158e+00
 -7.20892706e+00 -1.45881396e+01  1.50345977e+00 -6.23753138e+00
  2.19646340e+00  1.35077353e+01  3.37256701e+00  8.23470881e+00
 -5.81415624e-01  2.23605151e+00  1.20180396e+00 -7.94475850e-02
  3.83356629e+00 -2.37940420e+00  2.04974286e-01  5.20999968e-01
 -1.20339462e+00 -1.03495932e+00 -1.01487596e+00  1.31670501e+00
  7.07034305e-01  4.02232377e+00 -1.39291253e+00  1.61508545e-01
 -9.43146220e+00 -4.47901331e+00  2.66176901e+00 -3.84404003e+00
  1.51108420e+00  1.47109013e+00 -8.26223713e+00  8.82976892e-01
  3.70415373e-01  3.29924296e+00 -4.37764068e+00  1.76154713e-01
 -4.34960928e-01  5.91789048e-01  6.31538503e+00  5.92683379e+00
  9.46180917e-01  1.19424053e-02 -2.32105380e+00  7.73224418e+00
 -4.64858440e-01  4.20512153e+00 -6.73299359e+00  9.36048492e+00
  1.44491497e+00 -5.73975031e-01 -5.21835381e+00 -2.59528534e+00
 -1.77484478e+00  1.31860396e+00  3.76801465e-01  7.30690931e-01
 -9.99969142e-01  3.13650180e-02 -5.08638183e-01  1.59103337e+00
  9.98165122e-01 -1.04347041e+00  1.67843141e-01  4.99053455e-01
  4.27223604e-01  4.87242665e-01 -2.13476893e-01 -1.25192498e-02
  5.18705958e-01 -5.11251542e-01 -3.03967232e-02  5.37131930e-01
 -1.79968264e-02  1.65627423e-01 -8.98228342e-02  8.19077023e-01
  3.01121921e-01 -1.11633918e-01 -7.15696332e-02  1.55296305e+00
 -1.01564595e+00  2.49460410e-01  5.62901262e-01  2.47525244e-01
 -5.59687605e-01 -1.46940325e-01 -6.01424211e-01 -1.57443112e-01
  4.01840535e-01 -1.91094333e+00  9.91692318e-02  5.24594983e-02
  1.25992304e+00 -1.50315358e-01 -7.24957627e-01 -8.58105165e-01
 -6.59598381e-01 -5.28132735e-01  7.86162037e-01 -3.62053042e-01
 -5.42212745e-01  9.94832596e-02  2.09692007e-01 -4.39089838e-01]
[[6.81313186e-01 2.64530872e-01 3.40239258e-01 ... 9.04635533e-02
  2.33113368e-02 1.81043872e-01]
 [6.81313186e-01 2.64530872e-01 3.40239258e-01 ... 9.04635533e-02
  2.33113368e-02 1.81043872e-01]
 [6.81313186e-01 2.64530872e-01 3.40239258e-01 ... 9.04635533e-02
  2.33113368e-02 1.81043872e-01]
 ...
 [2.11464231e-01 8.54076567e-01 4.43576363e-01 ... 1.39892954e-05
  1.76327630e-04 5.95580094e-04]
 [2.44971094e-01 8.38688024e-01 4.46272903e-01 ... 3.35361070e-05
  3.22260654e-04 1.70057353e-03]
 [2.80368051e-01 8.13654131e-01 4.43576363e-01 ... 7.29651547e-05
  5.34540053e-04 4.40693564e-03]]
[ 2.00726263e+00 -1.00838326e+01  2.06545077e+01 -4.39946807e+00
 -1.04815781e+01  2.97440523e-01 -2.25820944e+00  3.46527229e+00
 -4.42267457e+00  7.13980471e-01  5.02245789e+00 -9.76710721e+00
 -6.95185824e+00 -5.03433705e+00  1.46704593e+01  2.17595158e+00
 -7.20892706e+00 -1.45881396e+01  1.50345977e+00 -6.23753138e+00
  2.19646340e+00  1.35077353e+01  3.37256701e+00  8.23470881e+00
 -5.81415624e-01  2.23605151e+00  1.20180396e+00 -7.94475850e-02
  3.83356629e+00 -2.37940420e+00  2.04974286e-01  5.20999968e-01
 -1.20339462e+00 -1.03495932e+00 -1.01487596e+00  1.31670501e+00
  7.07034305e-01  4.02232377e+00 -1.39291253e+00  1.61508545e-01
 -9.43146220e+00 -4.47901331e+00  2.66176901e+00 -3.84404003e+00
  1.51108420e+00  1.47109013e+00 -8.26223713e+00  8.82976892e-01
  3.70415373e-01  3.29924296e+00 -4.37764068e+00  1.76154713e-01
 -4.34960928e-01  5.91789048e-01  6.31538503e+00  5.92683379e+00
  9.46180917e-01  1.19424053e-02 -2.32105380e+00  7.73224418e+00
 -4.64858440e-01  4.20512153e+00 -6.73299359e+00  9.36048492e+00
  1.44491497e+00 -5.73975031e-01 -5.21835381e+00 -2.59528534e+00
 -1.77484478e+00  1.31860396e+00  3.76801465e-01  7.30690931e-01
 -9.99969142e-01  3.13650180e-02 -5.08638183e-01  1.59103337e+00
  9.98165122e-01 -1.04347041e+00  1.67843141e-01  4.99053455e-01
  4.27223604e-01  4.87242665e-01 -2.13476893e-01 -1.25192498e-02
  5.18705958e-01 -5.11251542e-01 -3.03967232e-02  5.37131930e-01
 -1.79968264e-02  1.65627423e-01 -8.98228342e-02  8.19077023e-01
  3.01121921e-01 -1.11633918e-01 -7.15696332e-02  1.55296305e+00
 -1.01564595e+00  2.49460410e-01  5.62901262e-01  2.47525244e-01
 -5.59687605e-01 -1.46940325e-01 -6.01424211e-01 -1.57443112e-01
  4.01840535e-01 -1.91094333e+00  9.91692318e-02  5.24594983e-02
  1.25992304e+00 -1.50315358e-01 -7.24957627e-01 -8.58105165e-01
 -6.59598381e-01 -5.28132735e-01  7.86162037e-01 -3.62053042e-01
 -5.42212745e-01  9.94832596e-02  2.09692007e-01 -4.39089838e-01
 -8.09546825e-01  3.90858383e-01 -6.85396182e-01  2.06739805e-01
  4.07685667e-02 -1.12544639e-01  1.00406853e-02  1.86625593e-01
  7.41007043e-02  4.61313520e-02  8.50782843e-02  6.54776999e-02
  8.26140616e-01 -1.23737745e-01  1.15327644e-01 -2.06871321e-02
  1.42360233e-01 -5.28463424e-02 -4.63849474e-02  1.56620149e-02
  1.97444749e-01  9.73570251e-02 -1.07568353e-01 -3.98246546e-02
 -1.48257004e-01 -6.41233074e-01 -3.16517356e-01  1.22541993e-01
 -2.05030303e-01 -2.27965602e-01 -3.15578210e-01  3.92540201e-01
  2.97984262e-01  5.72965304e-02 -2.91328020e-01 -1.69017910e-01
  2.67840913e-01 -3.99201067e-02  1.40599183e-01  2.56868953e-01
 -1.44403985e-02  1.36715635e-01 -1.19761107e-01 -8.93479617e-02
  1.87439310e-01 -3.53845725e-01  3.06644386e-01  1.70207316e-01
  4.05463959e-01  2.40909701e-01 -2.83798260e-01 -3.48683365e-01
  4.99833533e-02  1.35533548e-01 -1.55360723e-01  1.95387760e-01
 -1.27088250e-01]
[[6.81313186e-01 2.64530872e-01 3.40239258e-01 ... 2.55335628e-03
  8.13870258e-03 8.99565163e-03]
 [6.81313186e-01 2.64530872e-01 3.40239258e-01 ... 2.55335628e-03
  8.13870258e-03 8.99565163e-03]
 [6.81313186e-01 2.64530872e-01 3.40239258e-01 ... 2.55335628e-03
  8.13870258e-03 8.99565163e-03]
 ...
 [2.11464231e-01 8.54076567e-01 4.43576363e-01 ... 4.63115499e-04
  1.81686296e-04 2.03472410e-04]
 [2.44971094e-01 8.38688024e-01 4.46272903e-01 ... 1.54690322e-03
  8.71369832e-04 6.79640666e-04]
 [2.80368051e-01 8.13654131e-01 4.43576363e-01 ... 4.25607310e-03
  3.44234964e-03 1.86992976e-03]]
[ 2.00726263e+00 -1.00838326e+01  2.06545077e+01 -4.39946807e+00
 -1.04815781e+01  2.97440523e-01 -2.25820944e+00  3.46527229e+00
 -4.42267457e+00  7.13980471e-01  5.02245789e+00 -9.76710721e+00
 -6.95185824e+00 -5.03433705e+00  1.46704593e+01  2.17595158e+00
 -7.20892706e+00 -1.45881396e+01  1.50345977e+00 -6.23753138e+00
  2.19646340e+00  1.35077353e+01  3.37256701e+00  8.23470881e+00
 -5.81415624e-01  2.23605151e+00  1.20180396e+00 -7.94475850e-02
  3.83356629e+00 -2.37940420e+00  2.04974286e-01  5.20999968e-01
 -1.20339462e+00 -1.03495932e+00 -1.01487596e+00  1.31670501e+00
  7.07034305e-01  4.02232377e+00 -1.39291253e+00  1.61508545e-01
 -9.43146220e+00 -4.47901331e+00  2.66176901e+00 -3.84404003e+00
  1.51108420e+00  1.47109013e+00 -8.26223713e+00  8.82976892e-01
  3.70415373e-01  3.29924296e+00 -4.37764068e+00  1.76154713e-01
 -4.34960928e-01  5.91789048e-01  6.31538503e+00  5.92683379e+00
  9.46180917e-01  1.19424053e-02 -2.32105380e+00  7.73224418e+00
 -4.64858440e-01  4.20512153e+00 -6.73299359e+00  9.36048492e+00
  1.44491497e+00 -5.73975031e-01 -5.21835381e+00 -2.59528534e+00
 -1.77484478e+00  1.31860396e+00  3.76801465e-01  7.30690931e-01
 -9.99969142e-01  3.13650180e-02 -5.08638183e-01  1.59103337e+00
  9.98165122e-01 -1.04347041e+00  1.67843141e-01  4.99053455e-01
  4.27223604e-01  4.87242665e-01 -2.13476893e-01 -1.25192498e-02
  5.18705958e-01 -5.11251542e-01 -3.03967232e-02  5.37131930e-01
 -1.79968264e-02  1.65627423e-01 -8.98228342e-02  8.19077023e-01
  3.01121921e-01 -1.11633918e-01 -7.15696332e-02  1.55296305e+00
 -1.01564595e+00  2.49460410e-01  5.62901262e-01  2.47525244e-01
 -5.59687605e-01 -1.46940325e-01 -6.01424211e-01 -1.57443112e-01
  4.01840535e-01 -1.91094333e+00  9.91692318e-02  5.24594983e-02
  1.25992304e+00 -1.50315358e-01 -7.24957627e-01 -8.58105165e-01
 -6.59598381e-01 -5.28132735e-01  7.86162037e-01 -3.62053042e-01
 -5.42212745e-01  9.94832596e-02  2.09692007e-01 -4.39089838e-01
 -8.09546825e-01  3.90858383e-01 -6.85396182e-01  2.06739805e-01
  4.07685667e-02 -1.12544639e-01  1.00406853e-02  1.86625593e-01
  7.41007043e-02  4.61313520e-02  8.50782843e-02  6.54776999e-02
  8.26140616e-01 -1.23737745e-01  1.15327644e-01 -2.06871321e-02
  1.42360233e-01 -5.28463424e-02 -4.63849474e-02  1.56620149e-02
  1.97444749e-01  9.73570251e-02 -1.07568353e-01 -3.98246546e-02
 -1.48257004e-01 -6.41233074e-01 -3.16517356e-01  1.22541993e-01
 -2.05030303e-01 -2.27965602e-01 -3.15578210e-01  3.92540201e-01
  2.97984262e-01  5.72965304e-02 -2.91328020e-01 -1.69017910e-01
  2.67840913e-01 -3.99201067e-02  1.40599183e-01  2.56868953e-01
 -1.44403985e-02  1.36715635e-01 -1.19761107e-01 -8.93479617e-02
  1.87439310e-01 -3.53845725e-01  3.06644386e-01  1.70207316e-01
  4.05463959e-01  2.40909701e-01 -2.83798260e-01 -3.48683365e-01
  4.99833533e-02  1.35533548e-01 -1.55360723e-01  1.95387760e-01
 -1.27088250e-01  8.46046235e-02 -2.27309036e-01 -7.85372101e-02
  1.78432004e-01 -8.84524708e-02 -1.25249790e-01  2.11675171e-01
  3.91156470e-02 -6.00512394e-02 -2.68784862e-02 -5.64904096e-03
  4.61498272e-02 -1.58556640e-01  2.19945799e-01  4.98085612e-02
 -2.40443941e-01  1.01173491e-01 -6.09888825e-02 -3.88721945e-02
 -5.23678045e-02  1.65931363e-01 -8.57401993e-02 -7.91358679e-02
  2.35902496e-01  3.39365829e-02  9.97656825e-02  5.26637047e-02
 -6.41615218e-02  4.82441057e-02 -7.39312422e-02 -3.38281424e-01
  1.87116410e-01 -6.28377083e-02 -1.28411055e-01  1.39292261e-01
  1.52229871e-01  6.86712504e-02  2.04571307e-01 -1.93720881e-01
 -7.37724438e-02 -8.62474430e-02 -1.94625175e-01 -1.61624599e-01
  3.47498938e-02  9.44469348e-02 -6.63556843e-02 -5.34912157e-02
  1.01312985e-01  3.51255233e-02  2.13175144e-02  1.60469918e-01
 -6.69033216e-02 -6.08422854e-02  7.45883162e-02  4.11387045e-02
 -1.68902925e-01  1.27794951e-01 -1.83962486e-02  6.67062098e-02
  1.80789399e-01  1.93226144e-01 -3.79357292e-02 -1.22401278e-01
  7.90137311e-02 -6.93504365e-02  4.75000473e-02 -1.14189259e-01
 -2.39404336e-01  2.20253918e-01 -1.26383010e-01]
[[6.81313186e-01 2.64530872e-01 3.40239258e-01 ... 7.56694816e-10
  2.61271039e-03 2.02779155e-02]
 [6.81313186e-01 2.64530872e-01 3.40239258e-01 ... 7.56694816e-10
  2.61271039e-03 2.02779155e-02]
 [6.81313186e-01 2.64530872e-01 3.40239258e-01 ... 7.56694816e-10
  2.61271039e-03 2.02779155e-02]
 ...
 [2.11464231e-01 8.54076567e-01 4.43576363e-01 ... 5.14743140e-10
  3.82242911e-14 6.85342238e-18]
 [2.44971094e-01 8.38688024e-01 4.46272903e-01 ... 1.92989282e-09
  2.54074102e-12 7.58579467e-16]
 [2.80368051e-01 8.13654131e-01 4.43576363e-01 ... 4.90930519e-09
  1.14584422e-10 5.69690382e-14]]
[ 2.00726263e+00 -1.00838326e+01  2.06545077e+01 -4.39946807e+00
 -1.04815781e+01  2.97440523e-01 -2.25820944e+00  3.46527229e+00
 -4.42267457e+00  7.13980471e-01  5.02245789e+00 -9.76710721e+00
 -6.95185824e+00 -5.03433705e+00  1.46704593e+01  2.17595158e+00
 -7.20892706e+00 -1.45881396e+01  1.50345977e+00 -6.23753138e+00
  2.19646340e+00  1.35077353e+01  3.37256701e+00  8.23470881e+00
 -5.81415624e-01  2.23605151e+00  1.20180396e+00 -7.94475850e-02
  3.83356629e+00 -2.37940420e+00  2.04974286e-01  5.20999968e-01
 -1.20339462e+00 -1.03495932e+00 -1.01487596e+00  1.31670501e+00
  7.07034305e-01  4.02232377e+00 -1.39291253e+00  1.61508545e-01
 -9.43146220e+00 -4.47901331e+00  2.66176901e+00 -3.84404003e+00
  1.51108420e+00  1.47109013e+00 -8.26223713e+00  8.82976892e-01
  3.70415373e-01  3.29924296e+00 -4.37764068e+00  1.76154713e-01
 -4.34960928e-01  5.91789048e-01  6.31538503e+00  5.92683379e+00
  9.46180917e-01  1.19424053e-02 -2.32105380e+00  7.73224418e+00
 -4.64858440e-01  4.20512153e+00 -6.73299359e+00  9.36048492e+00
  1.44491497e+00 -5.73975031e-01 -5.21835381e+00 -2.59528534e+00
 -1.77484478e+00  1.31860396e+00  3.76801465e-01  7.30690931e-01
 -9.99969142e-01  3.13650180e-02 -5.08638183e-01  1.59103337e+00
  9.98165122e-01 -1.04347041e+00  1.67843141e-01  4.99053455e-01
  4.27223604e-01  4.87242665e-01 -2.13476893e-01 -1.25192498e-02
  5.18705958e-01 -5.11251542e-01 -3.03967232e-02  5.37131930e-01
 -1.79968264e-02  1.65627423e-01 -8.98228342e-02  8.19077023e-01
  3.01121921e-01 -1.11633918e-01 -7.15696332e-02  1.55296305e+00
 -1.01564595e+00  2.49460410e-01  5.62901262e-01  2.47525244e-01
 -5.59687605e-01 -1.46940325e-01 -6.01424211e-01 -1.57443112e-01
  4.01840535e-01 -1.91094333e+00  9.91692318e-02  5.24594983e-02
  1.25992304e+00 -1.50315358e-01 -7.24957627e-01 -8.58105165e-01
 -6.59598381e-01 -5.28132735e-01  7.86162037e-01 -3.62053042e-01
 -5.42212745e-01  9.94832596e-02  2.09692007e-01 -4.39089838e-01
 -8.09546825e-01  3.90858383e-01 -6.85396182e-01  2.06739805e-01
  4.07685667e-02 -1.12544639e-01  1.00406853e-02  1.86625593e-01
  7.41007043e-02  4.61313520e-02  8.50782843e-02  6.54776999e-02
  8.26140616e-01 -1.23737745e-01  1.15327644e-01 -2.06871321e-02
  1.42360233e-01 -5.28463424e-02 -4.63849474e-02  1.56620149e-02
  1.97444749e-01  9.73570251e-02 -1.07568353e-01 -3.98246546e-02
 -1.48257004e-01 -6.41233074e-01 -3.16517356e-01  1.22541993e-01
 -2.05030303e-01 -2.27965602e-01 -3.15578210e-01  3.92540201e-01
  2.97984262e-01  5.72965304e-02 -2.91328020e-01 -1.69017910e-01
  2.67840913e-01 -3.99201067e-02  1.40599183e-01  2.56868953e-01
 -1.44403985e-02  1.36715635e-01 -1.19761107e-01 -8.93479617e-02
  1.87439310e-01 -3.53845725e-01  3.06644386e-01  1.70207316e-01
  4.05463959e-01  2.40909701e-01 -2.83798260e-01 -3.48683365e-01
  4.99833533e-02  1.35533548e-01 -1.55360723e-01  1.95387760e-01
 -1.27088250e-01  8.46046235e-02 -2.27309036e-01 -7.85372101e-02
  1.78432004e-01 -8.84524708e-02 -1.25249790e-01  2.11675171e-01
  3.91156470e-02 -6.00512394e-02 -2.68784862e-02 -5.64904096e-03
  4.61498272e-02 -1.58556640e-01  2.19945799e-01  4.98085612e-02
 -2.40443941e-01  1.01173491e-01 -6.09888825e-02 -3.88721945e-02
 -5.23678045e-02  1.65931363e-01 -8.57401993e-02 -7.91358679e-02
  2.35902496e-01  3.39365829e-02  9.97656825e-02  5.26637047e-02
 -6.41615218e-02  4.82441057e-02 -7.39312422e-02 -3.38281424e-01
  1.87116410e-01 -6.28377083e-02 -1.28411055e-01  1.39292261e-01
  1.52229871e-01  6.86712504e-02  2.04571307e-01 -1.93720881e-01
 -7.37724438e-02 -8.62474430e-02 -1.94625175e-01 -1.61624599e-01
  3.47498938e-02  9.44469348e-02 -6.63556843e-02 -5.34912157e-02
  1.01312985e-01  3.51255233e-02  2.13175144e-02  1.60469918e-01
 -6.69033216e-02 -6.08422854e-02  7.45883162e-02  4.11387045e-02
 -1.68902925e-01  1.27794951e-01 -1.83962486e-02  6.67062098e-02
  1.80789399e-01  1.93226144e-01 -3.79357292e-02 -1.22401278e-01
  7.90137311e-02 -6.93504365e-02  4.75000473e-02 -1.14189259e-01
 -2.39404336e-01  2.20253918e-01 -1.26383010e-01 -1.13534835e-01
  9.74570112e-02  5.29064172e-02  3.51184001e-02  3.45934716e-02
 -9.19239596e-02  3.72638988e-02 -1.29316885e-01 -3.57992871e-03
  2.99838544e-02 -3.12726866e-02  2.62738905e-01 -2.10269331e-01
  2.86235072e-02 -8.62037363e-02  6.69865871e-02 -3.62518233e-02
  4.76035988e-02 -1.20083192e-01  7.20300547e-02  1.33574964e-02
 -4.16850396e-02 -1.84821116e-02  1.83680653e-01 -8.91165705e-02
  1.57614931e-01 -1.75309231e-01  8.17965516e-02 -1.47386193e-01
  5.58011227e-02 -9.31931905e-02  4.56734799e-02 -1.76503322e-01
  5.93334623e-02  1.62015057e-01 -9.03515756e-02  6.85842553e-02
 -6.84347974e-02 -2.94567135e-02 -3.94537117e-02  6.19134601e-02
 -6.43619568e-02  3.88722604e-02  4.25898756e-02 -1.01649646e-01
 -4.73784490e-02  4.51733698e-02  4.79033064e-02  2.06584067e-01
 -1.90394030e-02  1.94016531e-02 -1.01807831e-01  4.46713644e-02
 -7.13484940e-02  2.61991716e-02 -1.86997781e-01  8.96819566e-02
  7.10968554e-02 -1.41244170e-02  5.49232177e-02 -4.01122255e-02
  1.19414653e-02  3.56405529e-02 -6.00775416e-02  5.59038070e-02
  8.05226173e-02  1.38812162e-01 -7.27918642e-02 -2.19926100e-02
 -4.58702094e-02  4.04183866e-02  2.30864575e-01 -1.76370104e-01
  7.54636428e-02 -3.51471030e-02  1.90454008e-02]
[[6.81313186e-01 2.64530872e-01 3.40239258e-01 ... 4.91877295e-09
  2.13527627e-07 1.40089840e-11]
 [6.81313186e-01 2.64530872e-01 3.40239258e-01 ... 4.91877295e-09
  2.13527627e-07 1.40089840e-11]
 [6.81313186e-01 2.64530872e-01 3.40239258e-01 ... 4.91877295e-09
  2.13527627e-07 1.40089840e-11]
 ...
 [2.11464231e-01 8.54076567e-01 4.43576363e-01 ... 5.74004778e-29
  1.33282818e-40 1.42295589e-23]
 [2.44971094e-01 8.38688024e-01 4.46272903e-01 ... 6.26109011e-26
  1.63290657e-36 3.65173952e-21]
 [2.80368051e-01 8.13654131e-01 4.43576363e-01 ... 3.14392980e-23
  9.20951891e-33 4.31416333e-19]]
[ 2.00726263e+00 -1.00838326e+01  2.06545077e+01 -4.39946807e+00
 -1.04815781e+01  2.97440523e-01 -2.25820944e+00  3.46527229e+00
 -4.42267457e+00  7.13980471e-01  5.02245789e+00 -9.76710721e+00
 -6.95185824e+00 -5.03433705e+00  1.46704593e+01  2.17595158e+00
 -7.20892706e+00 -1.45881396e+01  1.50345977e+00 -6.23753138e+00
  2.19646340e+00  1.35077353e+01  3.37256701e+00  8.23470881e+00
 -5.81415624e-01  2.23605151e+00  1.20180396e+00 -7.94475850e-02
  3.83356629e+00 -2.37940420e+00  2.04974286e-01  5.20999968e-01
 -1.20339462e+00 -1.03495932e+00 -1.01487596e+00  1.31670501e+00
  7.07034305e-01  4.02232377e+00 -1.39291253e+00  1.61508545e-01
 -9.43146220e+00 -4.47901331e+00  2.66176901e+00 -3.84404003e+00
  1.51108420e+00  1.47109013e+00 -8.26223713e+00  8.82976892e-01
  3.70415373e-01  3.29924296e+00 -4.37764068e+00  1.76154713e-01
 -4.34960928e-01  5.91789048e-01  6.31538503e+00  5.92683379e+00
  9.46180917e-01  1.19424053e-02 -2.32105380e+00  7.73224418e+00
 -4.64858440e-01  4.20512153e+00 -6.73299359e+00  9.36048492e+00
  1.44491497e+00 -5.73975031e-01 -5.21835381e+00 -2.59528534e+00
 -1.77484478e+00  1.31860396e+00  3.76801465e-01  7.30690931e-01
 -9.99969142e-01  3.13650180e-02 -5.08638183e-01  1.59103337e+00
  9.98165122e-01 -1.04347041e+00  1.67843141e-01  4.99053455e-01
  4.27223604e-01  4.87242665e-01 -2.13476893e-01 -1.25192498e-02
  5.18705958e-01 -5.11251542e-01 -3.03967232e-02  5.37131930e-01
 -1.79968264e-02  1.65627423e-01 -8.98228342e-02  8.19077023e-01
  3.01121921e-01 -1.11633918e-01 -7.15696332e-02  1.55296305e+00
 -1.01564595e+00  2.49460410e-01  5.62901262e-01  2.47525244e-01
 -5.59687605e-01 -1.46940325e-01 -6.01424211e-01 -1.57443112e-01
  4.01840535e-01 -1.91094333e+00  9.91692318e-02  5.24594983e-02
  1.25992304e+00 -1.50315358e-01 -7.24957627e-01 -8.58105165e-01
 -6.59598381e-01 -5.28132735e-01  7.86162037e-01 -3.62053042e-01
 -5.42212745e-01  9.94832596e-02  2.09692007e-01 -4.39089838e-01
 -8.09546825e-01  3.90858383e-01 -6.85396182e-01  2.06739805e-01
  4.07685667e-02 -1.12544639e-01  1.00406853e-02  1.86625593e-01
  7.41007043e-02  4.61313520e-02  8.50782843e-02  6.54776999e-02
  8.26140616e-01 -1.23737745e-01  1.15327644e-01 -2.06871321e-02
  1.42360233e-01 -5.28463424e-02 -4.63849474e-02  1.56620149e-02
  1.97444749e-01  9.73570251e-02 -1.07568353e-01 -3.98246546e-02
 -1.48257004e-01 -6.41233074e-01 -3.16517356e-01  1.22541993e-01
 -2.05030303e-01 -2.27965602e-01 -3.15578210e-01  3.92540201e-01
  2.97984262e-01  5.72965304e-02 -2.91328020e-01 -1.69017910e-01
  2.67840913e-01 -3.99201067e-02  1.40599183e-01  2.56868953e-01
 -1.44403985e-02  1.36715635e-01 -1.19761107e-01 -8.93479617e-02
  1.87439310e-01 -3.53845725e-01  3.06644386e-01  1.70207316e-01
  4.05463959e-01  2.40909701e-01 -2.83798260e-01 -3.48683365e-01
  4.99833533e-02  1.35533548e-01 -1.55360723e-01  1.95387760e-01
 -1.27088250e-01  8.46046235e-02 -2.27309036e-01 -7.85372101e-02
  1.78432004e-01 -8.84524708e-02 -1.25249790e-01  2.11675171e-01
  3.91156470e-02 -6.00512394e-02 -2.68784862e-02 -5.64904096e-03
  4.61498272e-02 -1.58556640e-01  2.19945799e-01  4.98085612e-02
 -2.40443941e-01  1.01173491e-01 -6.09888825e-02 -3.88721945e-02
 -5.23678045e-02  1.65931363e-01 -8.57401993e-02 -7.91358679e-02
  2.35902496e-01  3.39365829e-02  9.97656825e-02  5.26637047e-02
 -6.41615218e-02  4.82441057e-02 -7.39312422e-02 -3.38281424e-01
  1.87116410e-01 -6.28377083e-02 -1.28411055e-01  1.39292261e-01
  1.52229871e-01  6.86712504e-02  2.04571307e-01 -1.93720881e-01
 -7.37724438e-02 -8.62474430e-02 -1.94625175e-01 -1.61624599e-01
  3.47498938e-02  9.44469348e-02 -6.63556843e-02 -5.34912157e-02
  1.01312985e-01  3.51255233e-02  2.13175144e-02  1.60469918e-01
 -6.69033216e-02 -6.08422854e-02  7.45883162e-02  4.11387045e-02
 -1.68902925e-01  1.27794951e-01 -1.83962486e-02  6.67062098e-02
  1.80789399e-01  1.93226144e-01 -3.79357292e-02 -1.22401278e-01
  7.90137311e-02 -6.93504365e-02  4.75000473e-02 -1.14189259e-01
 -2.39404336e-01  2.20253918e-01 -1.26383010e-01 -1.13534835e-01
  9.74570112e-02  5.29064172e-02  3.51184001e-02  3.45934716e-02
 -9.19239596e-02  3.72638988e-02 -1.29316885e-01 -3.57992871e-03
  2.99838544e-02 -3.12726866e-02  2.62738905e-01 -2.10269331e-01
  2.86235072e-02 -8.62037363e-02  6.69865871e-02 -3.62518233e-02
  4.76035988e-02 -1.20083192e-01  7.20300547e-02  1.33574964e-02
 -4.16850396e-02 -1.84821116e-02  1.83680653e-01 -8.91165705e-02
  1.57614931e-01 -1.75309231e-01  8.17965516e-02 -1.47386193e-01
  5.58011227e-02 -9.31931905e-02  4.56734799e-02 -1.76503322e-01
  5.93334623e-02  1.62015057e-01 -9.03515756e-02  6.85842553e-02
 -6.84347974e-02 -2.94567135e-02 -3.94537117e-02  6.19134601e-02
 -6.43619568e-02  3.88722604e-02  4.25898756e-02 -1.01649646e-01
 -4.73784490e-02  4.51733698e-02  4.79033064e-02  2.06584067e-01
 -1.90394030e-02  1.94016531e-02 -1.01807831e-01  4.46713644e-02
 -7.13484940e-02  2.61991716e-02 -1.86997781e-01  8.96819566e-02
  7.10968554e-02 -1.41244170e-02  5.49232177e-02 -4.01122255e-02
  1.19414653e-02  3.56405529e-02 -6.00775416e-02  5.59038070e-02
  8.05226173e-02  1.38812162e-01 -7.27918642e-02 -2.19926100e-02
 -4.58702094e-02  4.04183866e-02  2.30864575e-01 -1.76370104e-01
  7.54636428e-02 -3.51471030e-02  1.90454008e-02  8.51295073e-02
 -1.48150726e-01  7.57436726e-02 -2.40153382e-02  1.00137336e-01
 -1.18117457e-01  2.06151539e-02 -2.79935603e-02 -3.01608181e-02
  6.75213316e-02 -4.49925685e-01  5.11789022e-02  1.46345533e-01
  5.93927205e-02  1.02162982e-01 -5.58135331e-02  1.11153771e-02
 -7.04847843e-02  5.58971051e-02  2.01757208e-02 -8.87156156e-02
  5.60209102e-02  1.23921314e-02 -2.12391131e-02 -4.03012493e-01
  3.87823810e-01 -9.29756025e-02  5.16260769e-02 -1.59772870e-01
  2.99895627e-02  1.04457298e-01 -6.98918228e-02 -3.64954765e-02
 -1.54137934e-02  4.34732853e-01  5.77725985e-02 -1.20881717e-01]
[[6.81313186e-01 2.64530872e-01 3.40239258e-01 ... 1.91594659e-23
  2.89477942e-13 1.42711815e-10]
 [6.81313186e-01 2.64530872e-01 3.40239258e-01 ... 1.91594659e-23
  2.89477942e-13 1.42711815e-10]
 [6.81313186e-01 2.64530872e-01 3.40239258e-01 ... 1.91594659e-23
  2.89477942e-13 1.42711815e-10]
 ...
 [2.11464231e-01 8.54076567e-01 4.43576363e-01 ... 7.45557682e-54
  1.15430017e-55 2.53685431e-68]
 [2.44971094e-01 8.38688024e-01 4.46272903e-01 ... 1.45534207e-46
  1.37337031e-49 4.95198548e-61]
 [2.80368051e-01 8.13654131e-01 4.43576363e-01 ... 6.02040625e-40
  3.46284797e-44 2.04851937e-54]]
[ 2.00726263e+00 -1.00838326e+01  2.06545077e+01 -4.39946807e+00
 -1.04815781e+01  2.97440523e-01 -2.25820944e+00  3.46527229e+00
 -4.42267457e+00  7.13980471e-01  5.02245789e+00 -9.76710721e+00
 -6.95185824e+00 -5.03433705e+00  1.46704593e+01  2.17595158e+00
 -7.20892706e+00 -1.45881396e+01  1.50345977e+00 -6.23753138e+00
  2.19646340e+00  1.35077353e+01  3.37256701e+00  8.23470881e+00
 -5.81415624e-01  2.23605151e+00  1.20180396e+00 -7.94475850e-02
  3.83356629e+00 -2.37940420e+00  2.04974286e-01  5.20999968e-01
 -1.20339462e+00 -1.03495932e+00 -1.01487596e+00  1.31670501e+00
  7.07034305e-01  4.02232377e+00 -1.39291253e+00  1.61508545e-01
 -9.43146220e+00 -4.47901331e+00  2.66176901e+00 -3.84404003e+00
  1.51108420e+00  1.47109013e+00 -8.26223713e+00  8.82976892e-01
  3.70415373e-01  3.29924296e+00 -4.37764068e+00  1.76154713e-01
 -4.34960928e-01  5.91789048e-01  6.31538503e+00  5.92683379e+00
  9.46180917e-01  1.19424053e-02 -2.32105380e+00  7.73224418e+00
 -4.64858440e-01  4.20512153e+00 -6.73299359e+00  9.36048492e+00
  1.44491497e+00 -5.73975031e-01 -5.21835381e+00 -2.59528534e+00
 -1.77484478e+00  1.31860396e+00  3.76801465e-01  7.30690931e-01
 -9.99969142e-01  3.13650180e-02 -5.08638183e-01  1.59103337e+00
  9.98165122e-01 -1.04347041e+00  1.67843141e-01  4.99053455e-01
  4.27223604e-01  4.87242665e-01 -2.13476893e-01 -1.25192498e-02
  5.18705958e-01 -5.11251542e-01 -3.03967232e-02  5.37131930e-01
 -1.79968264e-02  1.65627423e-01 -8.98228342e-02  8.19077023e-01
  3.01121921e-01 -1.11633918e-01 -7.15696332e-02  1.55296305e+00
 -1.01564595e+00  2.49460410e-01  5.62901262e-01  2.47525244e-01
 -5.59687605e-01 -1.46940325e-01 -6.01424211e-01 -1.57443112e-01
  4.01840535e-01 -1.91094333e+00  9.91692318e-02  5.24594983e-02
  1.25992304e+00 -1.50315358e-01 -7.24957627e-01 -8.58105165e-01
 -6.59598381e-01 -5.28132735e-01  7.86162037e-01 -3.62053042e-01
 -5.42212745e-01  9.94832596e-02  2.09692007e-01 -4.39089838e-01
 -8.09546825e-01  3.90858383e-01 -6.85396182e-01  2.06739805e-01
  4.07685667e-02 -1.12544639e-01  1.00406853e-02  1.86625593e-01
  7.41007043e-02  4.61313520e-02  8.50782843e-02  6.54776999e-02
  8.26140616e-01 -1.23737745e-01  1.15327644e-01 -2.06871321e-02
  1.42360233e-01 -5.28463424e-02 -4.63849474e-02  1.56620149e-02
  1.97444749e-01  9.73570251e-02 -1.07568353e-01 -3.98246546e-02
 -1.48257004e-01 -6.41233074e-01 -3.16517356e-01  1.22541993e-01
 -2.05030303e-01 -2.27965602e-01 -3.15578210e-01  3.92540201e-01
  2.97984262e-01  5.72965304e-02 -2.91328020e-01 -1.69017910e-01
  2.67840913e-01 -3.99201067e-02  1.40599183e-01  2.56868953e-01
 -1.44403985e-02  1.36715635e-01 -1.19761107e-01 -8.93479617e-02
  1.87439310e-01 -3.53845725e-01  3.06644386e-01  1.70207316e-01
  4.05463959e-01  2.40909701e-01 -2.83798260e-01 -3.48683365e-01
  4.99833533e-02  1.35533548e-01 -1.55360723e-01  1.95387760e-01
 -1.27088250e-01  8.46046235e-02 -2.27309036e-01 -7.85372101e-02
  1.78432004e-01 -8.84524708e-02 -1.25249790e-01  2.11675171e-01
  3.91156470e-02 -6.00512394e-02 -2.68784862e-02 -5.64904096e-03
  4.61498272e-02 -1.58556640e-01  2.19945799e-01  4.98085612e-02
 -2.40443941e-01  1.01173491e-01 -6.09888825e-02 -3.88721945e-02
 -5.23678045e-02  1.65931363e-01 -8.57401993e-02 -7.91358679e-02
  2.35902496e-01  3.39365829e-02  9.97656825e-02  5.26637047e-02
 -6.41615218e-02  4.82441057e-02 -7.39312422e-02 -3.38281424e-01
  1.87116410e-01 -6.28377083e-02 -1.28411055e-01  1.39292261e-01
  1.52229871e-01  6.86712504e-02  2.04571307e-01 -1.93720881e-01
 -7.37724438e-02 -8.62474430e-02 -1.94625175e-01 -1.61624599e-01
  3.47498938e-02  9.44469348e-02 -6.63556843e-02 -5.34912157e-02
  1.01312985e-01  3.51255233e-02  2.13175144e-02  1.60469918e-01
 -6.69033216e-02 -6.08422854e-02  7.45883162e-02  4.11387045e-02
 -1.68902925e-01  1.27794951e-01 -1.83962486e-02  6.67062098e-02
  1.80789399e-01  1.93226144e-01 -3.79357292e-02 -1.22401278e-01
  7.90137311e-02 -6.93504365e-02  4.75000473e-02 -1.14189259e-01
 -2.39404336e-01  2.20253918e-01 -1.26383010e-01 -1.13534835e-01
  9.74570112e-02  5.29064172e-02  3.51184001e-02  3.45934716e-02
 -9.19239596e-02  3.72638988e-02 -1.29316885e-01 -3.57992871e-03
  2.99838544e-02 -3.12726866e-02  2.62738905e-01 -2.10269331e-01
  2.86235072e-02 -8.62037363e-02  6.69865871e-02 -3.62518233e-02
  4.76035988e-02 -1.20083192e-01  7.20300547e-02  1.33574964e-02
 -4.16850396e-02 -1.84821116e-02  1.83680653e-01 -8.91165705e-02
  1.57614931e-01 -1.75309231e-01  8.17965516e-02 -1.47386193e-01
  5.58011227e-02 -9.31931905e-02  4.56734799e-02 -1.76503322e-01
  5.93334623e-02  1.62015057e-01 -9.03515756e-02  6.85842553e-02
 -6.84347974e-02 -2.94567135e-02 -3.94537117e-02  6.19134601e-02
 -6.43619568e-02  3.88722604e-02  4.25898756e-02 -1.01649646e-01
 -4.73784490e-02  4.51733698e-02  4.79033064e-02  2.06584067e-01
 -1.90394030e-02  1.94016531e-02 -1.01807831e-01  4.46713644e-02
 -7.13484940e-02  2.61991716e-02 -1.86997781e-01  8.96819566e-02
  7.10968554e-02 -1.41244170e-02  5.49232177e-02 -4.01122255e-02
  1.19414653e-02  3.56405529e-02 -6.00775416e-02  5.59038070e-02
  8.05226173e-02  1.38812162e-01 -7.27918642e-02 -2.19926100e-02
 -4.58702094e-02  4.04183866e-02  2.30864575e-01 -1.76370104e-01
  7.54636428e-02 -3.51471030e-02  1.90454008e-02  8.51295073e-02
 -1.48150726e-01  7.57436726e-02 -2.40153382e-02  1.00137336e-01
 -1.18117457e-01  2.06151539e-02 -2.79935603e-02 -3.01608181e-02
  6.75213316e-02 -4.49925685e-01  5.11789022e-02  1.46345533e-01
  5.93927205e-02  1.02162982e-01 -5.58135331e-02  1.11153771e-02
 -7.04847843e-02  5.58971051e-02  2.01757208e-02 -8.87156156e-02
  5.60209102e-02  1.23921314e-02 -2.12391131e-02 -4.03012493e-01
  3.87823810e-01 -9.29756025e-02  5.16260769e-02 -1.59772870e-01
  2.99895627e-02  1.04457298e-01 -6.98918228e-02 -3.64954765e-02
 -1.54137934e-02  4.34732853e-01  5.77725985e-02 -1.20881717e-01
 -4.55366131e-02 -4.37498296e-02 -4.20771295e-02 -3.85784262e-02
 -3.80713011e-02  8.57627005e-02 -4.16866360e-02]
[[6.81313186e-001 2.64530872e-001 3.40239258e-001 ... 3.35330688e-020
  1.09351778e-030 5.36780124e-031]
 [6.81313186e-001 2.64530872e-001 3.40239258e-001 ... 3.35330688e-020
  1.09351778e-030 5.36780124e-031]
 [6.81313186e-001 2.64530872e-001 3.40239258e-001 ... 3.35330688e-020
  1.09351778e-030 5.36780124e-031]
 ...
 [2.11464231e-001 8.54076567e-001 4.43576363e-001 ... 2.09389780e-144
  6.02557185e-126 3.05306900e-104]
 [2.44971094e-001 8.38688024e-001 4.46272903e-001 ... 4.71741582e-128
  1.44509616e-112 7.32209057e-091]
 [2.80368051e-001 8.13654131e-001 4.43576363e-001 ... 4.77316657e-113
  1.55649948e-100 7.88655487e-079]]
[ 2.00726263e+00 -1.00838326e+01  2.06545077e+01 -4.39946807e+00
 -1.04815781e+01  2.97440523e-01 -2.25820944e+00  3.46527229e+00
 -4.42267457e+00  7.13980471e-01  5.02245789e+00 -9.76710721e+00
 -6.95185824e+00 -5.03433705e+00  1.46704593e+01  2.17595158e+00
 -7.20892706e+00 -1.45881396e+01  1.50345977e+00 -6.23753138e+00
  2.19646340e+00  1.35077353e+01  3.37256701e+00  8.23470881e+00
 -5.81415624e-01  2.23605151e+00  1.20180396e+00 -7.94475850e-02
  3.83356629e+00 -2.37940420e+00  2.04974286e-01  5.20999968e-01
 -1.20339462e+00 -1.03495932e+00 -1.01487596e+00  1.31670501e+00
  7.07034305e-01  4.02232377e+00 -1.39291253e+00  1.61508545e-01
 -9.43146220e+00 -4.47901331e+00  2.66176901e+00 -3.84404003e+00
  1.51108420e+00  1.47109013e+00 -8.26223713e+00  8.82976892e-01
  3.70415373e-01  3.29924296e+00 -4.37764068e+00  1.76154713e-01
 -4.34960928e-01  5.91789048e-01  6.31538503e+00  5.92683379e+00
  9.46180917e-01  1.19424053e-02 -2.32105380e+00  7.73224418e+00
 -4.64858440e-01  4.20512153e+00 -6.73299359e+00  9.36048492e+00
  1.44491497e+00 -5.73975031e-01 -5.21835381e+00 -2.59528534e+00
 -1.77484478e+00  1.31860396e+00  3.76801465e-01  7.30690931e-01
 -9.99969142e-01  3.13650180e-02 -5.08638183e-01  1.59103337e+00
  9.98165122e-01 -1.04347041e+00  1.67843141e-01  4.99053455e-01
  4.27223604e-01  4.87242665e-01 -2.13476893e-01 -1.25192498e-02
  5.18705958e-01 -5.11251542e-01 -3.03967232e-02  5.37131930e-01
 -1.79968264e-02  1.65627423e-01 -8.98228342e-02  8.19077023e-01
  3.01121921e-01 -1.11633918e-01 -7.15696332e-02  1.55296305e+00
 -1.01564595e+00  2.49460410e-01  5.62901262e-01  2.47525244e-01
 -5.59687605e-01 -1.46940325e-01 -6.01424211e-01 -1.57443112e-01
  4.01840535e-01 -1.91094333e+00  9.91692318e-02  5.24594983e-02
  1.25992304e+00 -1.50315358e-01 -7.24957627e-01 -8.58105165e-01
 -6.59598381e-01 -5.28132735e-01  7.86162037e-01 -3.62053042e-01
 -5.42212745e-01  9.94832596e-02  2.09692007e-01 -4.39089838e-01
 -8.09546825e-01  3.90858383e-01 -6.85396182e-01  2.06739805e-01
  4.07685667e-02 -1.12544639e-01  1.00406853e-02  1.86625593e-01
  7.41007043e-02  4.61313520e-02  8.50782843e-02  6.54776999e-02
  8.26140616e-01 -1.23737745e-01  1.15327644e-01 -2.06871321e-02
  1.42360233e-01 -5.28463424e-02 -4.63849474e-02  1.56620149e-02
  1.97444749e-01  9.73570251e-02 -1.07568353e-01 -3.98246546e-02
 -1.48257004e-01 -6.41233074e-01 -3.16517356e-01  1.22541993e-01
 -2.05030303e-01 -2.27965602e-01 -3.15578210e-01  3.92540201e-01
  2.97984262e-01  5.72965304e-02 -2.91328020e-01 -1.69017910e-01
  2.67840913e-01 -3.99201067e-02  1.40599183e-01  2.56868953e-01
 -1.44403985e-02  1.36715635e-01 -1.19761107e-01 -8.93479617e-02
  1.87439310e-01 -3.53845725e-01  3.06644386e-01  1.70207316e-01
  4.05463959e-01  2.40909701e-01 -2.83798260e-01 -3.48683365e-01
  4.99833533e-02  1.35533548e-01 -1.55360723e-01  1.95387760e-01
 -1.27088250e-01  8.46046235e-02 -2.27309036e-01 -7.85372101e-02
  1.78432004e-01 -8.84524708e-02 -1.25249790e-01  2.11675171e-01
  3.91156470e-02 -6.00512394e-02 -2.68784862e-02 -5.64904096e-03
  4.61498272e-02 -1.58556640e-01  2.19945799e-01  4.98085612e-02
 -2.40443941e-01  1.01173491e-01 -6.09888825e-02 -3.88721945e-02
 -5.23678045e-02  1.65931363e-01 -8.57401993e-02 -7.91358679e-02
  2.35902496e-01  3.39365829e-02  9.97656825e-02  5.26637047e-02
 -6.41615218e-02  4.82441057e-02 -7.39312422e-02 -3.38281424e-01
  1.87116410e-01 -6.28377083e-02 -1.28411055e-01  1.39292261e-01
  1.52229871e-01  6.86712504e-02  2.04571307e-01 -1.93720881e-01
 -7.37724438e-02 -8.62474430e-02 -1.94625175e-01 -1.61624599e-01
  3.47498938e-02  9.44469348e-02 -6.63556843e-02 -5.34912157e-02
  1.01312985e-01  3.51255233e-02  2.13175144e-02  1.60469918e-01
 -6.69033216e-02 -6.08422854e-02  7.45883162e-02  4.11387045e-02
 -1.68902925e-01  1.27794951e-01 -1.83962486e-02  6.67062098e-02
  1.80789399e-01  1.93226144e-01 -3.79357292e-02 -1.22401278e-01
  7.90137311e-02 -6.93504365e-02  4.75000473e-02 -1.14189259e-01
 -2.39404336e-01  2.20253918e-01 -1.26383010e-01 -1.13534835e-01
  9.74570112e-02  5.29064172e-02  3.51184001e-02  3.45934716e-02
 -9.19239596e-02  3.72638988e-02 -1.29316885e-01 -3.57992871e-03
  2.99838544e-02 -3.12726866e-02  2.62738905e-01 -2.10269331e-01
  2.86235072e-02 -8.62037363e-02  6.69865871e-02 -3.62518233e-02
  4.76035988e-02 -1.20083192e-01  7.20300547e-02  1.33574964e-02
 -4.16850396e-02 -1.84821116e-02  1.83680653e-01 -8.91165705e-02
  1.57614931e-01 -1.75309231e-01  8.17965516e-02 -1.47386193e-01
  5.58011227e-02 -9.31931905e-02  4.56734799e-02 -1.76503322e-01
  5.93334623e-02  1.62015057e-01 -9.03515756e-02  6.85842553e-02
 -6.84347974e-02 -2.94567135e-02 -3.94537117e-02  6.19134601e-02
 -6.43619568e-02  3.88722604e-02  4.25898756e-02 -1.01649646e-01
 -4.73784490e-02  4.51733698e-02  4.79033064e-02  2.06584067e-01
 -1.90394030e-02  1.94016531e-02 -1.01807831e-01  4.46713644e-02
 -7.13484940e-02  2.61991716e-02 -1.86997781e-01  8.96819566e-02
  7.10968554e-02 -1.41244170e-02  5.49232177e-02 -4.01122255e-02
  1.19414653e-02  3.56405529e-02 -6.00775416e-02  5.59038070e-02
  8.05226173e-02  1.38812162e-01 -7.27918642e-02 -2.19926100e-02
 -4.58702094e-02  4.04183866e-02  2.30864575e-01 -1.76370104e-01
  7.54636428e-02 -3.51471030e-02  1.90454008e-02  8.51295073e-02
 -1.48150726e-01  7.57436726e-02 -2.40153382e-02  1.00137336e-01
 -1.18117457e-01  2.06151539e-02 -2.79935603e-02 -3.01608181e-02
  6.75213316e-02 -4.49925685e-01  5.11789022e-02  1.46345533e-01
  5.93927205e-02  1.02162982e-01 -5.58135331e-02  1.11153771e-02
 -7.04847843e-02  5.58971051e-02  2.01757208e-02 -8.87156156e-02
  5.60209102e-02  1.23921314e-02 -2.12391131e-02 -4.03012493e-01
  3.87823810e-01 -9.29756025e-02  5.16260769e-02 -1.59772870e-01
  2.99895627e-02  1.04457298e-01 -6.98918228e-02 -3.64954765e-02
 -1.54137934e-02  4.34732853e-01  5.77725985e-02 -1.20881717e-01
 -4.55366131e-02 -4.37498296e-02 -4.20771295e-02 -3.85784262e-02
 -3.80713011e-02  8.57627005e-02 -4.16866360e-02 -1.97166061e-01
 -1.93794631e-01 -2.03512469e-01 -2.13458407e-01 -2.74501251e-01
  2.45270796e-02 -1.24405182e-01 -1.91018885e-01 -1.85281762e-01
 -2.66170414e-01  2.84934362e-02 -1.18820649e-01 -2.56822720e-01
  2.02412723e-01 -1.77629374e-01 -1.10496259e-01 -1.10450835e-01
 -2.52470797e-01  2.05862568e-01  2.08167881e-02  2.07713349e-02
 -1.05531679e-01  2.05434221e-02 -1.04729767e-01  1.99742506e-02
 -9.95619867e-02  2.07170105e-02 -9.50904349e-02  1.44635489e-01
 -1.43812616e-01  2.42493496e-02  1.59466621e-01  1.95128284e-02
  1.76774900e-02  1.78169522e-02  9.89103523e-02  1.23045719e-01]
[[6.81313186e-001 2.64530872e-001 3.40239258e-001 ... 3.26780026e-054
  1.34751496e-091 1.30490169e-092]
 [6.81313186e-001 2.64530872e-001 3.40239258e-001 ... 3.26780026e-054
  1.34751496e-091 1.30490169e-092]
 [6.81313186e-001 2.64530872e-001 3.40239258e-001 ... 3.26780026e-054
  1.34751496e-091 1.30490169e-092]
 ...
 [2.11464231e-001 8.54076567e-001 4.43576363e-001 ... 0.00000000e+000
  3.08976179e-213 1.21089063e-277]
 [2.44971094e-001 8.38688024e-001 4.46272903e-001 ... 0.00000000e+000
  4.48601106e-184 6.96469129e-251]
 [2.80368051e-001 8.13654131e-001 4.43576363e-001 ... 5.66052047e-312
  1.31372115e-157 8.07990651e-227]]
[ 2.00726263e+00 -1.00838326e+01  2.06545077e+01 -4.39946807e+00
 -1.04815781e+01  2.97440523e-01 -2.25820944e+00  3.46527229e+00
 -4.42267457e+00  7.13980471e-01  5.02245789e+00 -9.76710721e+00
 -6.95185824e+00 -5.03433705e+00  1.46704593e+01  2.17595158e+00
 -7.20892706e+00 -1.45881396e+01  1.50345977e+00 -6.23753138e+00
  2.19646340e+00  1.35077353e+01  3.37256701e+00  8.23470881e+00
 -5.81415624e-01  2.23605151e+00  1.20180396e+00 -7.94475850e-02
  3.83356629e+00 -2.37940420e+00  2.04974286e-01  5.20999968e-01
 -1.20339462e+00 -1.03495932e+00 -1.01487596e+00  1.31670501e+00
  7.07034305e-01  4.02232377e+00 -1.39291253e+00  1.61508545e-01
 -9.43146220e+00 -4.47901331e+00  2.66176901e+00 -3.84404003e+00
  1.51108420e+00  1.47109013e+00 -8.26223713e+00  8.82976892e-01
  3.70415373e-01  3.29924296e+00 -4.37764068e+00  1.76154713e-01
 -4.34960928e-01  5.91789048e-01  6.31538503e+00  5.92683379e+00
  9.46180917e-01  1.19424053e-02 -2.32105380e+00  7.73224418e+00
 -4.64858440e-01  4.20512153e+00 -6.73299359e+00  9.36048492e+00
  1.44491497e+00 -5.73975031e-01 -5.21835381e+00 -2.59528534e+00
 -1.77484478e+00  1.31860396e+00  3.76801465e-01  7.30690931e-01
 -9.99969142e-01  3.13650180e-02 -5.08638183e-01  1.59103337e+00
  9.98165122e-01 -1.04347041e+00  1.67843141e-01  4.99053455e-01
  4.27223604e-01  4.87242665e-01 -2.13476893e-01 -1.25192498e-02
  5.18705958e-01 -5.11251542e-01 -3.03967232e-02  5.37131930e-01
 -1.79968264e-02  1.65627423e-01 -8.98228342e-02  8.19077023e-01
  3.01121921e-01 -1.11633918e-01 -7.15696332e-02  1.55296305e+00
 -1.01564595e+00  2.49460410e-01  5.62901262e-01  2.47525244e-01
 -5.59687605e-01 -1.46940325e-01 -6.01424211e-01 -1.57443112e-01
  4.01840535e-01 -1.91094333e+00  9.91692318e-02  5.24594983e-02
  1.25992304e+00 -1.50315358e-01 -7.24957627e-01 -8.58105165e-01
 -6.59598381e-01 -5.28132735e-01  7.86162037e-01 -3.62053042e-01
 -5.42212745e-01  9.94832596e-02  2.09692007e-01 -4.39089838e-01
 -8.09546825e-01  3.90858383e-01 -6.85396182e-01  2.06739805e-01
  4.07685667e-02 -1.12544639e-01  1.00406853e-02  1.86625593e-01
  7.41007043e-02  4.61313520e-02  8.50782843e-02  6.54776999e-02
  8.26140616e-01 -1.23737745e-01  1.15327644e-01 -2.06871321e-02
  1.42360233e-01 -5.28463424e-02 -4.63849474e-02  1.56620149e-02
  1.97444749e-01  9.73570251e-02 -1.07568353e-01 -3.98246546e-02
 -1.48257004e-01 -6.41233074e-01 -3.16517356e-01  1.22541993e-01
 -2.05030303e-01 -2.27965602e-01 -3.15578210e-01  3.92540201e-01
  2.97984262e-01  5.72965304e-02 -2.91328020e-01 -1.69017910e-01
  2.67840913e-01 -3.99201067e-02  1.40599183e-01  2.56868953e-01
 -1.44403985e-02  1.36715635e-01 -1.19761107e-01 -8.93479617e-02
  1.87439310e-01 -3.53845725e-01  3.06644386e-01  1.70207316e-01
  4.05463959e-01  2.40909701e-01 -2.83798260e-01 -3.48683365e-01
  4.99833533e-02  1.35533548e-01 -1.55360723e-01  1.95387760e-01
 -1.27088250e-01  8.46046235e-02 -2.27309036e-01 -7.85372101e-02
  1.78432004e-01 -8.84524708e-02 -1.25249790e-01  2.11675171e-01
  3.91156470e-02 -6.00512394e-02 -2.68784862e-02 -5.64904096e-03
  4.61498272e-02 -1.58556640e-01  2.19945799e-01  4.98085612e-02
 -2.40443941e-01  1.01173491e-01 -6.09888825e-02 -3.88721945e-02
 -5.23678045e-02  1.65931363e-01 -8.57401993e-02 -7.91358679e-02
  2.35902496e-01  3.39365829e-02  9.97656825e-02  5.26637047e-02
 -6.41615218e-02  4.82441057e-02 -7.39312422e-02 -3.38281424e-01
  1.87116410e-01 -6.28377083e-02 -1.28411055e-01  1.39292261e-01
  1.52229871e-01  6.86712504e-02  2.04571307e-01 -1.93720881e-01
 -7.37724438e-02 -8.62474430e-02 -1.94625175e-01 -1.61624599e-01
  3.47498938e-02  9.44469348e-02 -6.63556843e-02 -5.34912157e-02
  1.01312985e-01  3.51255233e-02  2.13175144e-02  1.60469918e-01
 -6.69033216e-02 -6.08422854e-02  7.45883162e-02  4.11387045e-02
 -1.68902925e-01  1.27794951e-01 -1.83962486e-02  6.67062098e-02
  1.80789399e-01  1.93226144e-01 -3.79357292e-02 -1.22401278e-01
  7.90137311e-02 -6.93504365e-02  4.75000473e-02 -1.14189259e-01
 -2.39404336e-01  2.20253918e-01 -1.26383010e-01 -1.13534835e-01
  9.74570112e-02  5.29064172e-02  3.51184001e-02  3.45934716e-02
 -9.19239596e-02  3.72638988e-02 -1.29316885e-01 -3.57992871e-03
  2.99838544e-02 -3.12726866e-02  2.62738905e-01 -2.10269331e-01
  2.86235072e-02 -8.62037363e-02  6.69865871e-02 -3.62518233e-02
  4.76035988e-02 -1.20083192e-01  7.20300547e-02  1.33574964e-02
 -4.16850396e-02 -1.84821116e-02  1.83680653e-01 -8.91165705e-02
  1.57614931e-01 -1.75309231e-01  8.17965516e-02 -1.47386193e-01
  5.58011227e-02 -9.31931905e-02  4.56734799e-02 -1.76503322e-01
  5.93334623e-02  1.62015057e-01 -9.03515756e-02  6.85842553e-02
 -6.84347974e-02 -2.94567135e-02 -3.94537117e-02  6.19134601e-02
 -6.43619568e-02  3.88722604e-02  4.25898756e-02 -1.01649646e-01
 -4.73784490e-02  4.51733698e-02  4.79033064e-02  2.06584067e-01
 -1.90394030e-02  1.94016531e-02 -1.01807831e-01  4.46713644e-02
 -7.13484940e-02  2.61991716e-02 -1.86997781e-01  8.96819566e-02
  7.10968554e-02 -1.41244170e-02  5.49232177e-02 -4.01122255e-02
  1.19414653e-02  3.56405529e-02 -6.00775416e-02  5.59038070e-02
  8.05226173e-02  1.38812162e-01 -7.27918642e-02 -2.19926100e-02
 -4.58702094e-02  4.04183866e-02  2.30864575e-01 -1.76370104e-01
  7.54636428e-02 -3.51471030e-02  1.90454008e-02  8.51295073e-02
 -1.48150726e-01  7.57436726e-02 -2.40153382e-02  1.00137336e-01
 -1.18117457e-01  2.06151539e-02 -2.79935603e-02 -3.01608181e-02
  6.75213316e-02 -4.49925685e-01  5.11789022e-02  1.46345533e-01
  5.93927205e-02  1.02162982e-01 -5.58135331e-02  1.11153771e-02
 -7.04847843e-02  5.58971051e-02  2.01757208e-02 -8.87156156e-02
  5.60209102e-02  1.23921314e-02 -2.12391131e-02 -4.03012493e-01
  3.87823810e-01 -9.29756025e-02  5.16260769e-02 -1.59772870e-01
  2.99895627e-02  1.04457298e-01 -6.98918228e-02 -3.64954765e-02
 -1.54137934e-02  4.34732853e-01  5.77725985e-02 -1.20881717e-01
 -4.55366131e-02 -4.37498296e-02 -4.20771295e-02 -3.85784262e-02
 -3.80713011e-02  8.57627005e-02 -4.16866360e-02 -1.97166061e-01
 -1.93794631e-01 -2.03512469e-01 -2.13458407e-01 -2.74501251e-01
  2.45270796e-02 -1.24405182e-01 -1.91018885e-01 -1.85281762e-01
 -2.66170414e-01  2.84934362e-02 -1.18820649e-01 -2.56822720e-01
  2.02412723e-01 -1.77629374e-01 -1.10496259e-01 -1.10450835e-01
 -2.52470797e-01  2.05862568e-01  2.08167881e-02  2.07713349e-02
 -1.05531679e-01  2.05434221e-02 -1.04729767e-01  1.99742506e-02
 -9.95619867e-02  2.07170105e-02 -9.50904349e-02  1.44635489e-01
 -1.43812616e-01  2.42493496e-02  1.59466621e-01  1.95128284e-02
  1.76774900e-02  1.78169522e-02  9.89103523e-02  1.23045719e-01
 -1.19155247e-01 -1.18575831e-01  1.14158332e-01]
[[6.81313186e-001 2.64530872e-001 3.40239258e-001 ... 3.92866806e-103
  1.41731608e-063 9.36228424e-113]
 [6.81313186e-001 2.64530872e-001 3.40239258e-001 ... 3.92866806e-103
  1.41731608e-063 9.36228424e-113]
 [6.81313186e-001 2.64530872e-001 3.40239258e-001 ... 3.92866806e-103
  1.41731608e-063 9.36228424e-113]
 ...
 [2.11464231e-001 8.54076567e-001 4.43576363e-001 ... 0.00000000e+000
  0.00000000e+000 0.00000000e+000]
 [2.44971094e-001 8.38688024e-001 4.46272903e-001 ... 0.00000000e+000
  0.00000000e+000 0.00000000e+000]
 [2.80368051e-001 8.13654131e-001 4.43576363e-001 ... 0.00000000e+000
  0.00000000e+000 0.00000000e+000]]
[ 2.00726263e+00 -1.00838326e+01  2.06545077e+01 -4.39946807e+00
 -1.04815781e+01  2.97440523e-01 -2.25820944e+00  3.46527229e+00
 -4.42267457e+00  7.13980471e-01  5.02245789e+00 -9.76710721e+00
 -6.95185824e+00 -5.03433705e+00  1.46704593e+01  2.17595158e+00
 -7.20892706e+00 -1.45881396e+01  1.50345977e+00 -6.23753138e+00
  2.19646340e+00  1.35077353e+01  3.37256701e+00  8.23470881e+00
 -5.81415624e-01  2.23605151e+00  1.20180396e+00 -7.94475850e-02
  3.83356629e+00 -2.37940420e+00  2.04974286e-01  5.20999968e-01
 -1.20339462e+00 -1.03495932e+00 -1.01487596e+00  1.31670501e+00
  7.07034305e-01  4.02232377e+00 -1.39291253e+00  1.61508545e-01
 -9.43146220e+00 -4.47901331e+00  2.66176901e+00 -3.84404003e+00
  1.51108420e+00  1.47109013e+00 -8.26223713e+00  8.82976892e-01
  3.70415373e-01  3.29924296e+00 -4.37764068e+00  1.76154713e-01
 -4.34960928e-01  5.91789048e-01  6.31538503e+00  5.92683379e+00
  9.46180917e-01  1.19424053e-02 -2.32105380e+00  7.73224418e+00
 -4.64858440e-01  4.20512153e+00 -6.73299359e+00  9.36048492e+00
  1.44491497e+00 -5.73975031e-01 -5.21835381e+00 -2.59528534e+00
 -1.77484478e+00  1.31860396e+00  3.76801465e-01  7.30690931e-01
 -9.99969142e-01  3.13650180e-02 -5.08638183e-01  1.59103337e+00
  9.98165122e-01 -1.04347041e+00  1.67843141e-01  4.99053455e-01
  4.27223604e-01  4.87242665e-01 -2.13476893e-01 -1.25192498e-02
  5.18705958e-01 -5.11251542e-01 -3.03967232e-02  5.37131930e-01
 -1.79968264e-02  1.65627423e-01 -8.98228342e-02  8.19077023e-01
  3.01121921e-01 -1.11633918e-01 -7.15696332e-02  1.55296305e+00
 -1.01564595e+00  2.49460410e-01  5.62901262e-01  2.47525244e-01
 -5.59687605e-01 -1.46940325e-01 -6.01424211e-01 -1.57443112e-01
  4.01840535e-01 -1.91094333e+00  9.91692318e-02  5.24594983e-02
  1.25992304e+00 -1.50315358e-01 -7.24957627e-01 -8.58105165e-01
 -6.59598381e-01 -5.28132735e-01  7.86162037e-01 -3.62053042e-01
 -5.42212745e-01  9.94832596e-02  2.09692007e-01 -4.39089838e-01
 -8.09546825e-01  3.90858383e-01 -6.85396182e-01  2.06739805e-01
  4.07685667e-02 -1.12544639e-01  1.00406853e-02  1.86625593e-01
  7.41007043e-02  4.61313520e-02  8.50782843e-02  6.54776999e-02
  8.26140616e-01 -1.23737745e-01  1.15327644e-01 -2.06871321e-02
  1.42360233e-01 -5.28463424e-02 -4.63849474e-02  1.56620149e-02
  1.97444749e-01  9.73570251e-02 -1.07568353e-01 -3.98246546e-02
 -1.48257004e-01 -6.41233074e-01 -3.16517356e-01  1.22541993e-01
 -2.05030303e-01 -2.27965602e-01 -3.15578210e-01  3.92540201e-01
  2.97984262e-01  5.72965304e-02 -2.91328020e-01 -1.69017910e-01
  2.67840913e-01 -3.99201067e-02  1.40599183e-01  2.56868953e-01
 -1.44403985e-02  1.36715635e-01 -1.19761107e-01 -8.93479617e-02
  1.87439310e-01 -3.53845725e-01  3.06644386e-01  1.70207316e-01
  4.05463959e-01  2.40909701e-01 -2.83798260e-01 -3.48683365e-01
  4.99833533e-02  1.35533548e-01 -1.55360723e-01  1.95387760e-01
 -1.27088250e-01  8.46046235e-02 -2.27309036e-01 -7.85372101e-02
  1.78432004e-01 -8.84524708e-02 -1.25249790e-01  2.11675171e-01
  3.91156470e-02 -6.00512394e-02 -2.68784862e-02 -5.64904096e-03
  4.61498272e-02 -1.58556640e-01  2.19945799e-01  4.98085612e-02
 -2.40443941e-01  1.01173491e-01 -6.09888825e-02 -3.88721945e-02
 -5.23678045e-02  1.65931363e-01 -8.57401993e-02 -7.91358679e-02
  2.35902496e-01  3.39365829e-02  9.97656825e-02  5.26637047e-02
 -6.41615218e-02  4.82441057e-02 -7.39312422e-02 -3.38281424e-01
  1.87116410e-01 -6.28377083e-02 -1.28411055e-01  1.39292261e-01
  1.52229871e-01  6.86712504e-02  2.04571307e-01 -1.93720881e-01
 -7.37724438e-02 -8.62474430e-02 -1.94625175e-01 -1.61624599e-01
  3.47498938e-02  9.44469348e-02 -6.63556843e-02 -5.34912157e-02
  1.01312985e-01  3.51255233e-02  2.13175144e-02  1.60469918e-01
 -6.69033216e-02 -6.08422854e-02  7.45883162e-02  4.11387045e-02
 -1.68902925e-01  1.27794951e-01 -1.83962486e-02  6.67062098e-02
  1.80789399e-01  1.93226144e-01 -3.79357292e-02 -1.22401278e-01
  7.90137311e-02 -6.93504365e-02  4.75000473e-02 -1.14189259e-01
 -2.39404336e-01  2.20253918e-01 -1.26383010e-01 -1.13534835e-01
  9.74570112e-02  5.29064172e-02  3.51184001e-02  3.45934716e-02
 -9.19239596e-02  3.72638988e-02 -1.29316885e-01 -3.57992871e-03
  2.99838544e-02 -3.12726866e-02  2.62738905e-01 -2.10269331e-01
  2.86235072e-02 -8.62037363e-02  6.69865871e-02 -3.62518233e-02
  4.76035988e-02 -1.20083192e-01  7.20300547e-02  1.33574964e-02
 -4.16850396e-02 -1.84821116e-02  1.83680653e-01 -8.91165705e-02
  1.57614931e-01 -1.75309231e-01  8.17965516e-02 -1.47386193e-01
  5.58011227e-02 -9.31931905e-02  4.56734799e-02 -1.76503322e-01
  5.93334623e-02  1.62015057e-01 -9.03515756e-02  6.85842553e-02
 -6.84347974e-02 -2.94567135e-02 -3.94537117e-02  6.19134601e-02
 -6.43619568e-02  3.88722604e-02  4.25898756e-02 -1.01649646e-01
 -4.73784490e-02  4.51733698e-02  4.79033064e-02  2.06584067e-01
 -1.90394030e-02  1.94016531e-02 -1.01807831e-01  4.46713644e-02
 -7.13484940e-02  2.61991716e-02 -1.86997781e-01  8.96819566e-02
  7.10968554e-02 -1.41244170e-02  5.49232177e-02 -4.01122255e-02
  1.19414653e-02  3.56405529e-02 -6.00775416e-02  5.59038070e-02
  8.05226173e-02  1.38812162e-01 -7.27918642e-02 -2.19926100e-02
 -4.58702094e-02  4.04183866e-02  2.30864575e-01 -1.76370104e-01
  7.54636428e-02 -3.51471030e-02  1.90454008e-02  8.51295073e-02
 -1.48150726e-01  7.57436726e-02 -2.40153382e-02  1.00137336e-01
 -1.18117457e-01  2.06151539e-02 -2.79935603e-02 -3.01608181e-02
  6.75213316e-02 -4.49925685e-01  5.11789022e-02  1.46345533e-01
  5.93927205e-02  1.02162982e-01 -5.58135331e-02  1.11153771e-02
 -7.04847843e-02  5.58971051e-02  2.01757208e-02 -8.87156156e-02
  5.60209102e-02  1.23921314e-02 -2.12391131e-02 -4.03012493e-01
  3.87823810e-01 -9.29756025e-02  5.16260769e-02 -1.59772870e-01
  2.99895627e-02  1.04457298e-01 -6.98918228e-02 -3.64954765e-02
 -1.54137934e-02  4.34732853e-01  5.77725985e-02 -1.20881717e-01
 -4.55366131e-02 -4.37498296e-02 -4.20771295e-02 -3.85784262e-02
 -3.80713011e-02  8.57627005e-02 -4.16866360e-02 -1.97166061e-01
 -1.93794631e-01 -2.03512469e-01 -2.13458407e-01 -2.74501251e-01
  2.45270796e-02 -1.24405182e-01 -1.91018885e-01 -1.85281762e-01
 -2.66170414e-01  2.84934362e-02 -1.18820649e-01 -2.56822720e-01
  2.02412723e-01 -1.77629374e-01 -1.10496259e-01 -1.10450835e-01
 -2.52470797e-01  2.05862568e-01  2.08167881e-02  2.07713349e-02
 -1.05531679e-01  2.05434221e-02 -1.04729767e-01  1.99742506e-02
 -9.95619867e-02  2.07170105e-02 -9.50904349e-02  1.44635489e-01
 -1.43812616e-01  2.42493496e-02  1.59466621e-01  1.95128284e-02
  1.76774900e-02  1.78169522e-02  9.89103523e-02  1.23045719e-01
 -1.19155247e-01 -1.18575831e-01  1.14158332e-01  1.39440314e-01
 -3.96173618e-01  1.21218160e-01  1.37815154e-01 -3.92201725e-01
 -4.61577123e-01  1.48273226e-01  1.43613854e-01 -4.12520707e-01
  1.39546963e-02 -4.04747920e-01  1.28630425e-01 -4.09628790e-01
  1.31006316e-01 -4.06759681e-01  1.30133160e-01 -4.01713325e-01
  1.28512593e-01 -4.02336316e-01  1.28657036e-01  1.03780076e-01
 -4.16880538e-01  1.33935641e-01 -4.01023603e-01  1.28253068e-01
  1.03244672e-01 -3.38619185e-01  1.02746633e-01]
[[6.81313186e-001 2.64530872e-001 3.40239258e-001 ... 2.21111992e-103
  4.91839126e-157 3.74765972e-077]
 [6.81313186e-001 2.64530872e-001 3.40239258e-001 ... 2.21111992e-103
  4.91839126e-157 3.74765972e-077]
 [6.81313186e-001 2.64530872e-001 3.40239258e-001 ... 2.21111992e-103
  4.91839126e-157 3.74765972e-077]
 ...
 [2.11464231e-001 8.54076567e-001 4.43576363e-001 ... 0.00000000e+000
  0.00000000e+000 0.00000000e+000]
 [2.44971094e-001 8.38688024e-001 4.46272903e-001 ... 0.00000000e+000
  0.00000000e+000 0.00000000e+000]
 [2.80368051e-001 8.13654131e-001 4.43576363e-001 ... 0.00000000e+000
  0.00000000e+000 0.00000000e+000]]
[ 2.00726263e+00 -1.00838326e+01  2.06545077e+01 -4.39946807e+00
 -1.04815781e+01  2.97440523e-01 -2.25820944e+00  3.46527229e+00
 -4.42267457e+00  7.13980471e-01  5.02245789e+00 -9.76710721e+00
 -6.95185824e+00 -5.03433705e+00  1.46704593e+01  2.17595158e+00
 -7.20892706e+00 -1.45881396e+01  1.50345977e+00 -6.23753138e+00
  2.19646340e+00  1.35077353e+01  3.37256701e+00  8.23470881e+00
 -5.81415624e-01  2.23605151e+00  1.20180396e+00 -7.94475850e-02
  3.83356629e+00 -2.37940420e+00  2.04974286e-01  5.20999968e-01
 -1.20339462e+00 -1.03495932e+00 -1.01487596e+00  1.31670501e+00
  7.07034305e-01  4.02232377e+00 -1.39291253e+00  1.61508545e-01
 -9.43146220e+00 -4.47901331e+00  2.66176901e+00 -3.84404003e+00
  1.51108420e+00  1.47109013e+00 -8.26223713e+00  8.82976892e-01
  3.70415373e-01  3.29924296e+00 -4.37764068e+00  1.76154713e-01
 -4.34960928e-01  5.91789048e-01  6.31538503e+00  5.92683379e+00
  9.46180917e-01  1.19424053e-02 -2.32105380e+00  7.73224418e+00
 -4.64858440e-01  4.20512153e+00 -6.73299359e+00  9.36048492e+00
  1.44491497e+00 -5.73975031e-01 -5.21835381e+00 -2.59528534e+00
 -1.77484478e+00  1.31860396e+00  3.76801465e-01  7.30690931e-01
 -9.99969142e-01  3.13650180e-02 -5.08638183e-01  1.59103337e+00
  9.98165122e-01 -1.04347041e+00  1.67843141e-01  4.99053455e-01
  4.27223604e-01  4.87242665e-01 -2.13476893e-01 -1.25192498e-02
  5.18705958e-01 -5.11251542e-01 -3.03967232e-02  5.37131930e-01
 -1.79968264e-02  1.65627423e-01 -8.98228342e-02  8.19077023e-01
  3.01121921e-01 -1.11633918e-01 -7.15696332e-02  1.55296305e+00
 -1.01564595e+00  2.49460410e-01  5.62901262e-01  2.47525244e-01
 -5.59687605e-01 -1.46940325e-01 -6.01424211e-01 -1.57443112e-01
  4.01840535e-01 -1.91094333e+00  9.91692318e-02  5.24594983e-02
  1.25992304e+00 -1.50315358e-01 -7.24957627e-01 -8.58105165e-01
 -6.59598381e-01 -5.28132735e-01  7.86162037e-01 -3.62053042e-01
 -5.42212745e-01  9.94832596e-02  2.09692007e-01 -4.39089838e-01
 -8.09546825e-01  3.90858383e-01 -6.85396182e-01  2.06739805e-01
  4.07685667e-02 -1.12544639e-01  1.00406853e-02  1.86625593e-01
  7.41007043e-02  4.61313520e-02  8.50782843e-02  6.54776999e-02
  8.26140616e-01 -1.23737745e-01  1.15327644e-01 -2.06871321e-02
  1.42360233e-01 -5.28463424e-02 -4.63849474e-02  1.56620149e-02
  1.97444749e-01  9.73570251e-02 -1.07568353e-01 -3.98246546e-02
 -1.48257004e-01 -6.41233074e-01 -3.16517356e-01  1.22541993e-01
 -2.05030303e-01 -2.27965602e-01 -3.15578210e-01  3.92540201e-01
  2.97984262e-01  5.72965304e-02 -2.91328020e-01 -1.69017910e-01
  2.67840913e-01 -3.99201067e-02  1.40599183e-01  2.56868953e-01
 -1.44403985e-02  1.36715635e-01 -1.19761107e-01 -8.93479617e-02
  1.87439310e-01 -3.53845725e-01  3.06644386e-01  1.70207316e-01
  4.05463959e-01  2.40909701e-01 -2.83798260e-01 -3.48683365e-01
  4.99833533e-02  1.35533548e-01 -1.55360723e-01  1.95387760e-01
 -1.27088250e-01  8.46046235e-02 -2.27309036e-01 -7.85372101e-02
  1.78432004e-01 -8.84524708e-02 -1.25249790e-01  2.11675171e-01
  3.91156470e-02 -6.00512394e-02 -2.68784862e-02 -5.64904096e-03
  4.61498272e-02 -1.58556640e-01  2.19945799e-01  4.98085612e-02
 -2.40443941e-01  1.01173491e-01 -6.09888825e-02 -3.88721945e-02
 -5.23678045e-02  1.65931363e-01 -8.57401993e-02 -7.91358679e-02
  2.35902496e-01  3.39365829e-02  9.97656825e-02  5.26637047e-02
 -6.41615218e-02  4.82441057e-02 -7.39312422e-02 -3.38281424e-01
  1.87116410e-01 -6.28377083e-02 -1.28411055e-01  1.39292261e-01
  1.52229871e-01  6.86712504e-02  2.04571307e-01 -1.93720881e-01
 -7.37724438e-02 -8.62474430e-02 -1.94625175e-01 -1.61624599e-01
  3.47498938e-02  9.44469348e-02 -6.63556843e-02 -5.34912157e-02
  1.01312985e-01  3.51255233e-02  2.13175144e-02  1.60469918e-01
 -6.69033216e-02 -6.08422854e-02  7.45883162e-02  4.11387045e-02
 -1.68902925e-01  1.27794951e-01 -1.83962486e-02  6.67062098e-02
  1.80789399e-01  1.93226144e-01 -3.79357292e-02 -1.22401278e-01
  7.90137311e-02 -6.93504365e-02  4.75000473e-02 -1.14189259e-01
 -2.39404336e-01  2.20253918e-01 -1.26383010e-01 -1.13534835e-01
  9.74570112e-02  5.29064172e-02  3.51184001e-02  3.45934716e-02
 -9.19239596e-02  3.72638988e-02 -1.29316885e-01 -3.57992871e-03
  2.99838544e-02 -3.12726866e-02  2.62738905e-01 -2.10269331e-01
  2.86235072e-02 -8.62037363e-02  6.69865871e-02 -3.62518233e-02
  4.76035988e-02 -1.20083192e-01  7.20300547e-02  1.33574964e-02
 -4.16850396e-02 -1.84821116e-02  1.83680653e-01 -8.91165705e-02
  1.57614931e-01 -1.75309231e-01  8.17965516e-02 -1.47386193e-01
  5.58011227e-02 -9.31931905e-02  4.56734799e-02 -1.76503322e-01
  5.93334623e-02  1.62015057e-01 -9.03515756e-02  6.85842553e-02
 -6.84347974e-02 -2.94567135e-02 -3.94537117e-02  6.19134601e-02
 -6.43619568e-02  3.88722604e-02  4.25898756e-02 -1.01649646e-01
 -4.73784490e-02  4.51733698e-02  4.79033064e-02  2.06584067e-01
 -1.90394030e-02  1.94016531e-02 -1.01807831e-01  4.46713644e-02
 -7.13484940e-02  2.61991716e-02 -1.86997781e-01  8.96819566e-02
  7.10968554e-02 -1.41244170e-02  5.49232177e-02 -4.01122255e-02
  1.19414653e-02  3.56405529e-02 -6.00775416e-02  5.59038070e-02
  8.05226173e-02  1.38812162e-01 -7.27918642e-02 -2.19926100e-02
 -4.58702094e-02  4.04183866e-02  2.30864575e-01 -1.76370104e-01
  7.54636428e-02 -3.51471030e-02  1.90454008e-02  8.51295073e-02
 -1.48150726e-01  7.57436726e-02 -2.40153382e-02  1.00137336e-01
 -1.18117457e-01  2.06151539e-02 -2.79935603e-02 -3.01608181e-02
  6.75213316e-02 -4.49925685e-01  5.11789022e-02  1.46345533e-01
  5.93927205e-02  1.02162982e-01 -5.58135331e-02  1.11153771e-02
 -7.04847843e-02  5.58971051e-02  2.01757208e-02 -8.87156156e-02
  5.60209102e-02  1.23921314e-02 -2.12391131e-02 -4.03012493e-01
  3.87823810e-01 -9.29756025e-02  5.16260769e-02 -1.59772870e-01
  2.99895627e-02  1.04457298e-01 -6.98918228e-02 -3.64954765e-02
 -1.54137934e-02  4.34732853e-01  5.77725985e-02 -1.20881717e-01
 -4.55366131e-02 -4.37498296e-02 -4.20771295e-02 -3.85784262e-02
 -3.80713011e-02  8.57627005e-02 -4.16866360e-02 -1.97166061e-01
 -1.93794631e-01 -2.03512469e-01 -2.13458407e-01 -2.74501251e-01
  2.45270796e-02 -1.24405182e-01 -1.91018885e-01 -1.85281762e-01
 -2.66170414e-01  2.84934362e-02 -1.18820649e-01 -2.56822720e-01
  2.02412723e-01 -1.77629374e-01 -1.10496259e-01 -1.10450835e-01
 -2.52470797e-01  2.05862568e-01  2.08167881e-02  2.07713349e-02
 -1.05531679e-01  2.05434221e-02 -1.04729767e-01  1.99742506e-02
 -9.95619867e-02  2.07170105e-02 -9.50904349e-02  1.44635489e-01
 -1.43812616e-01  2.42493496e-02  1.59466621e-01  1.95128284e-02
  1.76774900e-02  1.78169522e-02  9.89103523e-02  1.23045719e-01
 -1.19155247e-01 -1.18575831e-01  1.14158332e-01  1.39440314e-01
 -3.96173618e-01  1.21218160e-01  1.37815154e-01 -3.92201725e-01
 -4.61577123e-01  1.48273226e-01  1.43613854e-01 -4.12520707e-01
  1.39546963e-02 -4.04747920e-01  1.28630425e-01 -4.09628790e-01
  1.31006316e-01 -4.06759681e-01  1.30133160e-01 -4.01713325e-01
  1.28512593e-01 -4.02336316e-01  1.28657036e-01  1.03780076e-01
 -4.16880538e-01  1.33935641e-01 -4.01023603e-01  1.28253068e-01
  1.03244672e-01 -3.38619185e-01  1.02746633e-01 -3.89471739e-01
 -3.47413852e-01 -3.41149996e-01 -3.38514907e-01 -3.32763969e-01
  4.67846698e-02 -3.14458796e-01 -3.33669630e-01 -2.92142718e-01
 -2.94109100e-01 -2.82230468e-01 -3.15178714e-01 -3.17032037e-01
 -3.24388801e-01  4.11287752e-02 -3.03062802e-01 -2.71007180e-01
 -3.18741934e-01  4.06225391e-02  4.02255954e-02 -3.12552794e-01
  3.99645511e-02 -2.88149102e-01 -3.20438791e-01  4.26354982e-02
 -2.88021540e-01 -3.25997510e-01  4.43173989e-02 -3.27281988e-01
  4.46758218e-02  3.78006255e-02 -2.54125441e-01  3.72131687e-02
 -2.74520432e-01 -3.15265134e-01  4.28733497e-02  3.70163624e-02
 -2.90926281e-01  3.70565403e-02  3.65000611e-02  3.62602540e-02
 -3.14837766e-01  4.37329023e-02  3.60309234e-02 -2.77022744e-01
 -3.13752700e-01  4.37083916e-02  3.56197912e-02 -2.74618667e-01
 -2.77456056e-01  3.53090524e-02 -3.09115361e-01  4.33121742e-02
 -2.26393568e-01 -3.09859546e-01  4.38417072e-02  3.44911148e-02
  3.44311367e-02  3.41642196e-02  3.39782688e-02 -2.64763137e-01
  3.36807431e-02  3.34126398e-02 -2.52208725e-01 -2.20264605e-01
 -2.76399846e-01  3.75260091e-02  3.25570197e-02 -1.27085517e-01
 -2.73263580e-01  3.69669403e-02 -1.23283426e-01  3.07936821e-02
  3.07064062e-02  2.97570494e-02 -2.36370475e-01  3.02685332e-02
 -2.70542647e-01  3.93006927e-02  2.84131803e-02 -2.16854800e-01
  2.80314312e-02 -2.09807285e-01 -1.05943962e-01  2.69732546e-02
 -2.08188391e-01  2.68603915e-02  2.59185047e-02 -2.37732343e-01
  3.43942180e-02  2.57082542e-02 -9.80581002e-02 -9.67484531e-02
  2.31449809e-02  2.26282821e-02 -8.75379195e-02]
[[6.81313186e-001 2.64530872e-001 3.40239258e-001 ... 4.91839126e-157
  3.74765972e-077 0.00000000e+000]
 [6.81313186e-001 2.64530872e-001 3.40239258e-001 ... 4.91839126e-157
  3.74765972e-077 0.00000000e+000]
 [6.81313186e-001 2.64530872e-001 3.40239258e-001 ... 4.91839126e-157
  3.74765972e-077 0.00000000e+000]
 ...
 [2.11464231e-001 8.54076567e-001 4.43576363e-001 ... 0.00000000e+000
  0.00000000e+000 0.00000000e+000]
 [2.44971094e-001 8.38688024e-001 4.46272903e-001 ... 0.00000000e+000
  0.00000000e+000 0.00000000e+000]
 [2.80368051e-001 8.13654131e-001 4.43576363e-001 ... 0.00000000e+000
  0.00000000e+000 0.00000000e+000]]
[ 2.00726263e+00 -1.00838326e+01  2.06545077e+01 -4.39946807e+00
 -1.04815781e+01  2.97440523e-01 -2.25820944e+00  3.46527229e+00
 -4.42267457e+00  7.13980471e-01  5.02245789e+00 -9.76710721e+00
 -6.95185824e+00 -5.03433705e+00  1.46704593e+01  2.17595158e+00
 -7.20892706e+00 -1.45881396e+01  1.50345977e+00 -6.23753138e+00
  2.19646340e+00  1.35077353e+01  3.37256701e+00  8.23470881e+00
 -5.81415624e-01  2.23605151e+00  1.20180396e+00 -7.94475850e-02
  3.83356629e+00 -2.37940420e+00  2.04974286e-01  5.20999968e-01
 -1.20339462e+00 -1.03495932e+00 -1.01487596e+00  1.31670501e+00
  7.07034305e-01  4.02232377e+00 -1.39291253e+00  1.61508545e-01
 -9.43146220e+00 -4.47901331e+00  2.66176901e+00 -3.84404003e+00
  1.51108420e+00  1.47109013e+00 -8.26223713e+00  8.82976892e-01
  3.70415373e-01  3.29924296e+00 -4.37764068e+00  1.76154713e-01
 -4.34960928e-01  5.91789048e-01  6.31538503e+00  5.92683379e+00
  9.46180917e-01  1.19424053e-02 -2.32105380e+00  7.73224418e+00
 -4.64858440e-01  4.20512153e+00 -6.73299359e+00  9.36048492e+00
  1.44491497e+00 -5.73975031e-01 -5.21835381e+00 -2.59528534e+00
 -1.77484478e+00  1.31860396e+00  3.76801465e-01  7.30690931e-01
 -9.99969142e-01  3.13650180e-02 -5.08638183e-01  1.59103337e+00
  9.98165122e-01 -1.04347041e+00  1.67843141e-01  4.99053455e-01
  4.27223604e-01  4.87242665e-01 -2.13476893e-01 -1.25192498e-02
  5.18705958e-01 -5.11251542e-01 -3.03967232e-02  5.37131930e-01
 -1.79968264e-02  1.65627423e-01 -8.98228342e-02  8.19077023e-01
  3.01121921e-01 -1.11633918e-01 -7.15696332e-02  1.55296305e+00
 -1.01564595e+00  2.49460410e-01  5.62901262e-01  2.47525244e-01
 -5.59687605e-01 -1.46940325e-01 -6.01424211e-01 -1.57443112e-01
  4.01840535e-01 -1.91094333e+00  9.91692318e-02  5.24594983e-02
  1.25992304e+00 -1.50315358e-01 -7.24957627e-01 -8.58105165e-01
 -6.59598381e-01 -5.28132735e-01  7.86162037e-01 -3.62053042e-01
 -5.42212745e-01  9.94832596e-02  2.09692007e-01 -4.39089838e-01
 -8.09546825e-01  3.90858383e-01 -6.85396182e-01  2.06739805e-01
  4.07685667e-02 -1.12544639e-01  1.00406853e-02  1.86625593e-01
  7.41007043e-02  4.61313520e-02  8.50782843e-02  6.54776999e-02
  8.26140616e-01 -1.23737745e-01  1.15327644e-01 -2.06871321e-02
  1.42360233e-01 -5.28463424e-02 -4.63849474e-02  1.56620149e-02
  1.97444749e-01  9.73570251e-02 -1.07568353e-01 -3.98246546e-02
 -1.48257004e-01 -6.41233074e-01 -3.16517356e-01  1.22541993e-01
 -2.05030303e-01 -2.27965602e-01 -3.15578210e-01  3.92540201e-01
  2.97984262e-01  5.72965304e-02 -2.91328020e-01 -1.69017910e-01
  2.67840913e-01 -3.99201067e-02  1.40599183e-01  2.56868953e-01
 -1.44403985e-02  1.36715635e-01 -1.19761107e-01 -8.93479617e-02
  1.87439310e-01 -3.53845725e-01  3.06644386e-01  1.70207316e-01
  4.05463959e-01  2.40909701e-01 -2.83798260e-01 -3.48683365e-01
  4.99833533e-02  1.35533548e-01 -1.55360723e-01  1.95387760e-01
 -1.27088250e-01  8.46046235e-02 -2.27309036e-01 -7.85372101e-02
  1.78432004e-01 -8.84524708e-02 -1.25249790e-01  2.11675171e-01
  3.91156470e-02 -6.00512394e-02 -2.68784862e-02 -5.64904096e-03
  4.61498272e-02 -1.58556640e-01  2.19945799e-01  4.98085612e-02
 -2.40443941e-01  1.01173491e-01 -6.09888825e-02 -3.88721945e-02
 -5.23678045e-02  1.65931363e-01 -8.57401993e-02 -7.91358679e-02
  2.35902496e-01  3.39365829e-02  9.97656825e-02  5.26637047e-02
 -6.41615218e-02  4.82441057e-02 -7.39312422e-02 -3.38281424e-01
  1.87116410e-01 -6.28377083e-02 -1.28411055e-01  1.39292261e-01
  1.52229871e-01  6.86712504e-02  2.04571307e-01 -1.93720881e-01
 -7.37724438e-02 -8.62474430e-02 -1.94625175e-01 -1.61624599e-01
  3.47498938e-02  9.44469348e-02 -6.63556843e-02 -5.34912157e-02
  1.01312985e-01  3.51255233e-02  2.13175144e-02  1.60469918e-01
 -6.69033216e-02 -6.08422854e-02  7.45883162e-02  4.11387045e-02
 -1.68902925e-01  1.27794951e-01 -1.83962486e-02  6.67062098e-02
  1.80789399e-01  1.93226144e-01 -3.79357292e-02 -1.22401278e-01
  7.90137311e-02 -6.93504365e-02  4.75000473e-02 -1.14189259e-01
 -2.39404336e-01  2.20253918e-01 -1.26383010e-01 -1.13534835e-01
  9.74570112e-02  5.29064172e-02  3.51184001e-02  3.45934716e-02
 -9.19239596e-02  3.72638988e-02 -1.29316885e-01 -3.57992871e-03
  2.99838544e-02 -3.12726866e-02  2.62738905e-01 -2.10269331e-01
  2.86235072e-02 -8.62037363e-02  6.69865871e-02 -3.62518233e-02
  4.76035988e-02 -1.20083192e-01  7.20300547e-02  1.33574964e-02
 -4.16850396e-02 -1.84821116e-02  1.83680653e-01 -8.91165705e-02
  1.57614931e-01 -1.75309231e-01  8.17965516e-02 -1.47386193e-01
  5.58011227e-02 -9.31931905e-02  4.56734799e-02 -1.76503322e-01
  5.93334623e-02  1.62015057e-01 -9.03515756e-02  6.85842553e-02
 -6.84347974e-02 -2.94567135e-02 -3.94537117e-02  6.19134601e-02
 -6.43619568e-02  3.88722604e-02  4.25898756e-02 -1.01649646e-01
 -4.73784490e-02  4.51733698e-02  4.79033064e-02  2.06584067e-01
 -1.90394030e-02  1.94016531e-02 -1.01807831e-01  4.46713644e-02
 -7.13484940e-02  2.61991716e-02 -1.86997781e-01  8.96819566e-02
  7.10968554e-02 -1.41244170e-02  5.49232177e-02 -4.01122255e-02
  1.19414653e-02  3.56405529e-02 -6.00775416e-02  5.59038070e-02
  8.05226173e-02  1.38812162e-01 -7.27918642e-02 -2.19926100e-02
 -4.58702094e-02  4.04183866e-02  2.30864575e-01 -1.76370104e-01
  7.54636428e-02 -3.51471030e-02  1.90454008e-02  8.51295073e-02
 -1.48150726e-01  7.57436726e-02 -2.40153382e-02  1.00137336e-01
 -1.18117457e-01  2.06151539e-02 -2.79935603e-02 -3.01608181e-02
  6.75213316e-02 -4.49925685e-01  5.11789022e-02  1.46345533e-01
  5.93927205e-02  1.02162982e-01 -5.58135331e-02  1.11153771e-02
 -7.04847843e-02  5.58971051e-02  2.01757208e-02 -8.87156156e-02
  5.60209102e-02  1.23921314e-02 -2.12391131e-02 -4.03012493e-01
  3.87823810e-01 -9.29756025e-02  5.16260769e-02 -1.59772870e-01
  2.99895627e-02  1.04457298e-01 -6.98918228e-02 -3.64954765e-02
 -1.54137934e-02  4.34732853e-01  5.77725985e-02 -1.20881717e-01
 -4.55366131e-02 -4.37498296e-02 -4.20771295e-02 -3.85784262e-02
 -3.80713011e-02  8.57627005e-02 -4.16866360e-02 -1.97166061e-01
 -1.93794631e-01 -2.03512469e-01 -2.13458407e-01 -2.74501251e-01
  2.45270796e-02 -1.24405182e-01 -1.91018885e-01 -1.85281762e-01
 -2.66170414e-01  2.84934362e-02 -1.18820649e-01 -2.56822720e-01
  2.02412723e-01 -1.77629374e-01 -1.10496259e-01 -1.10450835e-01
 -2.52470797e-01  2.05862568e-01  2.08167881e-02  2.07713349e-02
 -1.05531679e-01  2.05434221e-02 -1.04729767e-01  1.99742506e-02
 -9.95619867e-02  2.07170105e-02 -9.50904349e-02  1.44635489e-01
 -1.43812616e-01  2.42493496e-02  1.59466621e-01  1.95128284e-02
  1.76774900e-02  1.78169522e-02  9.89103523e-02  1.23045719e-01
 -1.19155247e-01 -1.18575831e-01  1.14158332e-01  1.39440314e-01
 -3.96173618e-01  1.21218160e-01  1.37815154e-01 -3.92201725e-01
 -4.61577123e-01  1.48273226e-01  1.43613854e-01 -4.12520707e-01
  1.39546963e-02 -4.04747920e-01  1.28630425e-01 -4.09628790e-01
  1.31006316e-01 -4.06759681e-01  1.30133160e-01 -4.01713325e-01
  1.28512593e-01 -4.02336316e-01  1.28657036e-01  1.03780076e-01
 -4.16880538e-01  1.33935641e-01 -4.01023603e-01  1.28253068e-01
  1.03244672e-01 -3.38619185e-01  1.02746633e-01 -3.89471739e-01
 -3.47413852e-01 -3.41149996e-01 -3.38514907e-01 -3.32763969e-01
  4.67846698e-02 -3.14458796e-01 -3.33669630e-01 -2.92142718e-01
 -2.94109100e-01 -2.82230468e-01 -3.15178714e-01 -3.17032037e-01
 -3.24388801e-01  4.11287752e-02 -3.03062802e-01 -2.71007180e-01
 -3.18741934e-01  4.06225391e-02  4.02255954e-02 -3.12552794e-01
  3.99645511e-02 -2.88149102e-01 -3.20438791e-01  4.26354982e-02
 -2.88021540e-01 -3.25997510e-01  4.43173989e-02 -3.27281988e-01
  4.46758218e-02  3.78006255e-02 -2.54125441e-01  3.72131687e-02
 -2.74520432e-01 -3.15265134e-01  4.28733497e-02  3.70163624e-02
 -2.90926281e-01  3.70565403e-02  3.65000611e-02  3.62602540e-02
 -3.14837766e-01  4.37329023e-02  3.60309234e-02 -2.77022744e-01
 -3.13752700e-01  4.37083916e-02  3.56197912e-02 -2.74618667e-01
 -2.77456056e-01  3.53090524e-02 -3.09115361e-01  4.33121742e-02
 -2.26393568e-01 -3.09859546e-01  4.38417072e-02  3.44911148e-02
  3.44311367e-02  3.41642196e-02  3.39782688e-02 -2.64763137e-01
  3.36807431e-02  3.34126398e-02 -2.52208725e-01 -2.20264605e-01
 -2.76399846e-01  3.75260091e-02  3.25570197e-02 -1.27085517e-01
 -2.73263580e-01  3.69669403e-02 -1.23283426e-01  3.07936821e-02
  3.07064062e-02  2.97570494e-02 -2.36370475e-01  3.02685332e-02
 -2.70542647e-01  3.93006927e-02  2.84131803e-02 -2.16854800e-01
  2.80314312e-02 -2.09807285e-01 -1.05943962e-01  2.69732546e-02
 -2.08188391e-01  2.68603915e-02  2.59185047e-02 -2.37732343e-01
  3.43942180e-02  2.57082542e-02 -9.80581002e-02 -9.67484531e-02
  2.31449809e-02  2.26282821e-02 -8.75379195e-02 -1.35670376e-01]
[[0.00131836 0.06100617]
 [0.00341797 0.06008611]
 [0.00585938 0.05939365]
 [0.00864258 0.0589301 ]
 [0.01206055 0.05850852]
 [0.01577148 0.05818477]
 [0.01757812 0.05809894]
 [0.01791992 0.05808488]
 [0.01972656 0.05793725]
 [0.01987305 0.05792906]
 [0.02124023 0.05759654]
 [0.02592773 0.05679369]
 [0.02597656 0.05679008]]
