sparseRep_1.py:65: FutureWarning: arrays to stack must be passed as a "sequence" type such as list or tuple. Support for non-sequence iterables such as generators is deprecated as of NumPy 1.16 and will raise an error in the future.
  Data = np.vstack((boundary for boundary in boundaries))
[[ 5.85712217e-02  8.60000000e-03  1.55402297e+04 ...  6.32475349e+05
   6.39360520e+00 -2.47064615e+04]
 [ 6.28194029e-02  8.60000000e-03  1.55402297e+04 ...  6.32475349e+05
   6.39360520e+00 -2.48507622e+04]
 [ 6.37000290e-02  8.60000000e-03  1.55402297e+04 ...  6.32475349e+05
   6.39360520e+00 -2.48580482e+04]
 ...
 [ 1.84028445e-02  9.12673192e-04  1.55511258e+04 ...  7.20195736e+05
   6.89843433e+00 -3.05975621e+04]
 [ 1.90314074e-02  1.52112199e-03  1.55511258e+04 ...  7.20195736e+05
   6.89843433e+00 -3.19149395e+04]
 [ 1.96599704e-02  2.12957078e-03  1.55511258e+04 ...  7.20195736e+05
   6.89843433e+00 -3.33137478e+04]]
[[0.70590027 1.         0.98425392 ... 0.60404715 0.41521124 2.21303068]
 [0.75709935 1.         0.98425392 ... 0.60404715 0.41521124 2.22595611]
 [0.76771265 1.         0.98425392 ... 0.60404715 0.41521124 2.22660874]
 ...
 [0.22179105 0.10612479 0.98494404 ... 0.68782473 0.44799568 2.74071394]
 [0.22936649 0.17687465 0.98494404 ... 0.68782473 0.44799568 2.85871532]
 [0.23694193 0.24762451 0.98494404 ... 0.68782473 0.44799568 2.98401071]]
0.00017660906538703958
1
2
[[0.60552874 0.33960303 0.31203208 ... 0.30548882 0.34596887 0.38505698]
 [0.58146276 0.34802163 0.29765338 ... 0.31306174 0.33071107 0.39460235]
 [0.57625817 0.34958838 0.29458452 ... 0.31447111 0.32744203 0.39637881]
 ...
 [0.57083766 0.45368659 0.81395791 ... 0.41185475 0.7723214  0.54785141]
 [0.61400839 0.45293393 0.80302102 ... 0.41117148 0.78284017 0.54694253]
 [0.65451455 0.44812284 0.78511846 ... 0.40680399 0.78637817 0.54113287]]
[ -5.10281499   3.19964395  -5.28691241  21.22273043  18.85962275
   9.52739479   8.14582483  -4.22714595  -2.83929708 -22.0005829
   8.20695922 -19.39702831 -19.90533002  19.98460864   8.40150638
 -28.45573788  10.89547091  -5.88405945   2.55483999  16.85743404
  -5.58360627  -1.00085591   5.0484947   10.65077335  -1.40607877
  12.04473482 -36.13546196  -6.56974458 -11.63381758 -16.81981736
  31.05548805  20.60565582   6.34950302 -18.66589467  16.24123023]
[[0.60552874 0.33960303 0.31203208 ... 0.45119055 0.51035412 0.39401692]
 [0.58146276 0.34802163 0.29765338 ... 0.41821954 0.4730597  0.36191664]
 [0.57625817 0.34958838 0.29458452 ... 0.41121152 0.46513273 0.35518168]
 ...
 [0.57083766 0.45368659 0.81395791 ... 0.17222629 0.19243581 0.71045243]
 [0.61400839 0.45293393 0.80302102 ... 0.21269774 0.23765629 0.78148429]
 [0.65451455 0.44812284 0.78511846 ... 0.25798408 0.28825665 0.84425203]]
[ -5.10281499   3.19964395  -5.28691241  21.22273043  18.85962275
   9.52739479   8.14582483  -4.22714595  -2.83929708 -22.0005829
   8.20695922 -19.39702831 -19.90533002  19.98460864   8.40150638
 -28.45573788  10.89547091  -5.88405945   2.55483999  16.85743404
  -5.58360627  -1.00085591   5.0484947   10.65077335  -1.40607877
  12.04473482 -36.13546196  -6.56974458 -11.63381758 -16.81981736
  31.05548805  20.60565582   6.34950302 -18.66589467  16.24123023
   6.39366607  -3.10327008  -3.18284005   4.54735296   2.98647131
 -16.90167298  -1.0011787    0.73852475   4.15470956  -5.87944063
  -9.42805276  -2.783311    -0.22959799  -6.13173122  18.75537884
   1.4658044  -14.84277949  -5.73664428   2.78715317   1.60531862
   4.54667899  -9.39303478  -1.67959625  -4.21872018   7.78980832
   8.28753286   2.5596939   -3.99621886   5.78215294   6.80116371
  -0.48943971  23.51647369  -0.93310974  10.70078376  -7.77171326
  13.27892819  -7.74113378   6.58727636   1.68372523   1.30021446
  -6.17001087  -8.20678182  -1.64271474 -10.3172048  -14.08438917
  -4.51425097   8.75752114   5.59626289   2.64651897 -11.92891381
   4.86160063   7.86303945  -3.68408077]
[[0.60552874 0.33960303 0.31203208 ... 0.03494797 0.01182152 0.0180156 ]
 [0.58146276 0.34802163 0.29765338 ... 0.03854433 0.00978858 0.01495875]
 [0.57625817 0.34958838 0.29458452 ... 0.03924312 0.00939109 0.01435954]
 ...
 [0.57083766 0.45368659 0.81395791 ... 0.03788904 0.89407146 0.92269835]
 [0.61400839 0.45293393 0.80302102 ... 0.04317892 0.84697792 0.90620482]
 [0.65451455 0.44812284 0.78511846 ... 0.04746387 0.77393624 0.85847218]]
[-5.10281499e+00  3.19964395e+00 -5.28691241e+00  2.12227304e+01
  1.88596228e+01  9.52739479e+00  8.14582483e+00 -4.22714595e+00
 -2.83929708e+00 -2.20005829e+01  8.20695922e+00 -1.93970283e+01
 -1.99053300e+01  1.99846086e+01  8.40150638e+00 -2.84557379e+01
  1.08954709e+01 -5.88405945e+00  2.55483999e+00  1.68574340e+01
 -5.58360627e+00 -1.00085591e+00  5.04849470e+00  1.06507734e+01
 -1.40607877e+00  1.20447348e+01 -3.61354620e+01 -6.56974458e+00
 -1.16338176e+01 -1.68198174e+01  3.10554881e+01  2.06056558e+01
  6.34950302e+00 -1.86658947e+01  1.62412302e+01  6.39366607e+00
 -3.10327008e+00 -3.18284005e+00  4.54735296e+00  2.98647131e+00
 -1.69016730e+01 -1.00117870e+00  7.38524755e-01  4.15470956e+00
 -5.87944063e+00 -9.42805276e+00 -2.78331100e+00 -2.29597990e-01
 -6.13173122e+00  1.87553788e+01  1.46580440e+00 -1.48427795e+01
 -5.73664428e+00  2.78715317e+00  1.60531862e+00  4.54667899e+00
 -9.39303478e+00 -1.67959625e+00 -4.21872018e+00  7.78980832e+00
  8.28753286e+00  2.55969390e+00 -3.99621886e+00  5.78215294e+00
  6.80116371e+00 -4.89439711e-01  2.35164737e+01 -9.33109745e-01
  1.07007838e+01 -7.77171326e+00  1.32789282e+01 -7.74113378e+00
  6.58727636e+00  1.68372523e+00  1.30021446e+00 -6.17001087e+00
 -8.20678182e+00 -1.64271474e+00 -1.03172048e+01 -1.40843892e+01
 -4.51425097e+00  8.75752114e+00  5.59626289e+00  2.64651897e+00
 -1.19289138e+01  4.86160063e+00  7.86303945e+00 -3.68408077e+00
 -1.00463397e+01  1.21693349e+00 -4.62911464e-01 -2.12746765e+00
 -4.46384309e+00  1.60994022e+00 -1.78971593e-01  3.09033488e+00
  1.06762929e+00 -2.08153670e+00  2.61003198e-02  3.33618005e+00
 -3.11126668e+00  8.64923902e-01  1.65126261e-01  1.82669773e+01
 -3.44675397e-01  9.44692362e-01  1.42383166e+00  7.55240069e-01
  1.50404230e+00 -1.76128695e+00 -1.00570709e-01  3.22188600e+00
 -4.20448111e+00 -2.74283466e+00  1.31788637e+00  1.54135874e+00
 -1.09500748e+00 -9.17511606e-01  5.17931695e-01 -3.02357220e+00
  1.33477104e+00 -1.70040398e+00  1.23846093e+00 -1.70936993e+00
  6.27132326e+00  1.03676871e+00  1.19245381e+01 -2.49856427e+01
  6.19785470e-01  2.21550272e+00  3.03338232e+00 -2.47260454e+00
  3.33979489e-01 -5.86622431e+00 -2.09338579e+00 -2.20961101e-01
  3.81394645e-01  1.78901115e+00 -4.33465736e-01  2.22646128e+00
 -1.06272372e+00  8.26969641e-01 -8.60592016e-02  2.63400872e+01
 -9.96328294e-01  6.19259352e-01 -1.24653309e+01  8.95242804e-01
  1.20714493e+00 -4.24174203e+00  6.40329408e+00  3.30255077e+00
 -1.49788592e+00 -2.18405153e+00  4.04521413e+00  1.65317946e+00
  3.91692859e+00 -1.36635782e+01  1.22199952e+00 -2.91492424e-01
  1.35498459e+00 -2.33867176e+00 -7.44853935e+00  4.75511235e+00
 -3.03658795e+00 -2.27375525e+00  4.15054406e+00 -2.23217020e+00
  1.01289186e+00  2.20559927e+00  7.96037687e-01 -1.38178186e+00
 -2.40611183e+00 -1.00615686e+00 -8.23709516e+00  4.12745382e+00]
[[6.05528741e-01 3.39603034e-01 3.12032084e-01 ... 4.18355154e-04
  8.29307989e-02 1.04953113e-01]
 [5.81462763e-01 3.48021626e-01 2.97653384e-01 ... 5.08888317e-04
  5.99532898e-02 1.27180463e-01]
 [5.76258175e-01 3.49588381e-01 2.94584522e-01 ... 5.27507386e-04
  5.57923368e-02 1.31729777e-01]
 ...
 [5.70837657e-01 4.53686594e-01 8.13957913e-01 ... 1.10843445e-02
  7.00891891e-02 1.33054309e-05]
 [6.14008391e-01 4.52933932e-01 8.03021021e-01 ... 1.09380853e-02
  1.25586965e-01 3.39607893e-05]
 [6.54514553e-01 4.48122839e-01 7.85118460e-01 ... 1.00424360e-02
  2.09365236e-01 8.06479036e-05]]
[-5.10281499e+00  3.19964395e+00 -5.28691241e+00  2.12227304e+01
  1.88596228e+01  9.52739479e+00  8.14582483e+00 -4.22714595e+00
 -2.83929708e+00 -2.20005829e+01  8.20695922e+00 -1.93970283e+01
 -1.99053300e+01  1.99846086e+01  8.40150638e+00 -2.84557379e+01
  1.08954709e+01 -5.88405945e+00  2.55483999e+00  1.68574340e+01
 -5.58360627e+00 -1.00085591e+00  5.04849470e+00  1.06507734e+01
 -1.40607877e+00  1.20447348e+01 -3.61354620e+01 -6.56974458e+00
 -1.16338176e+01 -1.68198174e+01  3.10554881e+01  2.06056558e+01
  6.34950302e+00 -1.86658947e+01  1.62412302e+01  6.39366607e+00
 -3.10327008e+00 -3.18284005e+00  4.54735296e+00  2.98647131e+00
 -1.69016730e+01 -1.00117870e+00  7.38524755e-01  4.15470956e+00
 -5.87944063e+00 -9.42805276e+00 -2.78331100e+00 -2.29597990e-01
 -6.13173122e+00  1.87553788e+01  1.46580440e+00 -1.48427795e+01
 -5.73664428e+00  2.78715317e+00  1.60531862e+00  4.54667899e+00
 -9.39303478e+00 -1.67959625e+00 -4.21872018e+00  7.78980832e+00
  8.28753286e+00  2.55969390e+00 -3.99621886e+00  5.78215294e+00
  6.80116371e+00 -4.89439711e-01  2.35164737e+01 -9.33109745e-01
  1.07007838e+01 -7.77171326e+00  1.32789282e+01 -7.74113378e+00
  6.58727636e+00  1.68372523e+00  1.30021446e+00 -6.17001087e+00
 -8.20678182e+00 -1.64271474e+00 -1.03172048e+01 -1.40843892e+01
 -4.51425097e+00  8.75752114e+00  5.59626289e+00  2.64651897e+00
 -1.19289138e+01  4.86160063e+00  7.86303945e+00 -3.68408077e+00
 -1.00463397e+01  1.21693349e+00 -4.62911464e-01 -2.12746765e+00
 -4.46384309e+00  1.60994022e+00 -1.78971593e-01  3.09033488e+00
  1.06762929e+00 -2.08153670e+00  2.61003198e-02  3.33618005e+00
 -3.11126668e+00  8.64923902e-01  1.65126261e-01  1.82669773e+01
 -3.44675397e-01  9.44692362e-01  1.42383166e+00  7.55240069e-01
  1.50404230e+00 -1.76128695e+00 -1.00570709e-01  3.22188600e+00
 -4.20448111e+00 -2.74283466e+00  1.31788637e+00  1.54135874e+00
 -1.09500748e+00 -9.17511606e-01  5.17931695e-01 -3.02357220e+00
  1.33477104e+00 -1.70040398e+00  1.23846093e+00 -1.70936993e+00
  6.27132326e+00  1.03676871e+00  1.19245381e+01 -2.49856427e+01
  6.19785470e-01  2.21550272e+00  3.03338232e+00 -2.47260454e+00
  3.33979489e-01 -5.86622431e+00 -2.09338579e+00 -2.20961101e-01
  3.81394645e-01  1.78901115e+00 -4.33465736e-01  2.22646128e+00
 -1.06272372e+00  8.26969641e-01 -8.60592016e-02  2.63400872e+01
 -9.96328294e-01  6.19259352e-01 -1.24653309e+01  8.95242804e-01
  1.20714493e+00 -4.24174203e+00  6.40329408e+00  3.30255077e+00
 -1.49788592e+00 -2.18405153e+00  4.04521413e+00  1.65317946e+00
  3.91692859e+00 -1.36635782e+01  1.22199952e+00 -2.91492424e-01
  1.35498459e+00 -2.33867176e+00 -7.44853935e+00  4.75511235e+00
 -3.03658795e+00 -2.27375525e+00  4.15054406e+00 -2.23217020e+00
  1.01289186e+00  2.20559927e+00  7.96037687e-01 -1.38178186e+00
 -2.40611183e+00 -1.00615686e+00 -8.23709516e+00  4.12745382e+00
 -1.64469709e+00  1.61773589e+00 -1.48452983e+00 -1.19869201e+00
  9.17365768e-01 -2.53272508e-02 -7.87408409e+00  2.86165226e+00
  3.00527595e-01 -6.69990860e+00  1.51342667e-01  2.87238203e-01
  4.81902945e-01  9.55058845e-01 -1.00738866e+00  1.54824147e+00
 -7.19630894e-01  9.57079814e-03 -4.11911145e-01 -1.09507542e+00
  1.00227567e+00  1.07810609e+00 -3.28788407e-01 -4.10859766e-02
 -2.78557191e-01  1.49053414e+00  2.94675354e-01 -6.89617976e-01
  5.08821385e-01  2.99481208e-02 -8.64295024e-03  7.74329431e-01
  4.79629173e-02 -1.49688037e-02 -1.06762382e+00 -2.83520312e-01
  2.15043553e-01 -2.25258318e-01  1.74057574e-01 -8.13761128e-01
  7.16419548e-01 -6.91809053e-01 -2.25685344e-02  2.21682708e-01
 -1.06908004e+00  4.43951489e-02  4.46801532e-01  3.21620582e-01
  5.26784822e-01 -1.82522131e-01 -1.29619039e-01 -1.32580813e+00
  1.25494225e+00  6.18608336e-01 -1.58651673e+00  4.04903897e-01
 -1.47415596e-01 -7.76211773e-01 -5.27103439e-01 -3.56179038e-01
 -6.69469541e-01 -2.41188931e-01  3.90524315e-01  3.79718171e-02
  8.98401663e-01 -7.60246185e-01 -3.48765106e-01 -2.62289124e-01
  2.49818879e-01  8.25518859e-01  1.02319910e+01 -2.09207590e+00
  1.85171974e+00 -2.13741175e+00 -1.04385189e-01 -1.34002525e+00
  1.05454936e+00  1.04736729e+00  1.07378316e+00  1.33108760e-01
  5.60283696e-01  1.97824598e+00 -2.01572646e+00  8.80257239e-01
  1.68988946e+00  1.29648545e+00  2.55245155e+00 -2.51144294e-01
 -5.87883066e-01 -4.03381978e-01  2.12855770e-01 -2.89575501e-01
  5.37519973e-01 -1.95614182e+00  1.66628395e+00 -6.49959085e-02
  8.95167660e-01 -2.07112765e+00  9.42829730e-01 -3.17055128e-02
 -1.16663628e-01  1.04443128e+00 -5.43786159e-01 -6.19824053e-01
  2.05108141e-01 -1.32036980e+00 -2.45855517e+00  3.17623486e-02
 -4.98983124e-01  5.30724415e-02 -1.29315749e+00 -8.67498894e-01
 -1.59439195e+00  3.94786968e+00  4.43369709e-01  2.39382797e-01
  4.75712758e-01 -1.76414880e+00  8.64775928e-02 -1.86191397e-01
 -2.07221281e+00 -3.16928216e-01  1.22960246e+00  1.66544320e+00
  1.52887066e+00 -1.04429004e+00 -1.47505790e+00  2.76243704e-01
  1.77548202e+00  7.11132372e-01 -1.56300019e+00 -3.35744896e-01
  4.57832934e-01  1.43820880e+00  2.33396348e+00  1.26901543e+00
  1.22300326e+00 -2.24203436e+00 -1.84272031e+00  1.07664534e+00
 -1.09698549e+00 -1.12760718e+00 -9.64929292e-01  8.06626322e-01
  7.02276754e-01  2.03856939e+00  8.56900302e-01  4.53154419e-01
 -7.74375245e-01  5.24042744e-01 -6.12357152e-01  4.02068237e-01]
[[6.05528741e-01 3.39603034e-01 3.12032084e-01 ... 1.76857145e-01
  2.26223780e-05 6.87207420e-05]
 [5.81462763e-01 3.48021626e-01 2.97653384e-01 ... 1.36081439e-01
  3.34728500e-05 3.41059837e-05]
 [5.76258175e-01 3.49588381e-01 2.94584522e-01 ... 1.27686138e-01
  3.59670454e-05 2.92213008e-05]
 ...
 [5.70837657e-01 4.53686594e-01 8.13957913e-01 ... 3.96431149e-07
  2.85294302e-05 3.33843658e-02]
 [6.14008391e-01 4.52933932e-01 8.03021021e-01 ... 2.40196265e-06
  4.00684364e-05 5.45826826e-02]
 [6.54514553e-01 4.48122839e-01 7.85118460e-01 ... 1.25978863e-05
  4.87129744e-05 7.72501939e-02]]
[-5.10281499e+00  3.19964395e+00 -5.28691241e+00  2.12227304e+01
  1.88596228e+01  9.52739479e+00  8.14582483e+00 -4.22714595e+00
 -2.83929708e+00 -2.20005829e+01  8.20695922e+00 -1.93970283e+01
 -1.99053300e+01  1.99846086e+01  8.40150638e+00 -2.84557379e+01
  1.08954709e+01 -5.88405945e+00  2.55483999e+00  1.68574340e+01
 -5.58360627e+00 -1.00085591e+00  5.04849470e+00  1.06507734e+01
 -1.40607877e+00  1.20447348e+01 -3.61354620e+01 -6.56974458e+00
 -1.16338176e+01 -1.68198174e+01  3.10554881e+01  2.06056558e+01
  6.34950302e+00 -1.86658947e+01  1.62412302e+01  6.39366607e+00
 -3.10327008e+00 -3.18284005e+00  4.54735296e+00  2.98647131e+00
 -1.69016730e+01 -1.00117870e+00  7.38524755e-01  4.15470956e+00
 -5.87944063e+00 -9.42805276e+00 -2.78331100e+00 -2.29597990e-01
 -6.13173122e+00  1.87553788e+01  1.46580440e+00 -1.48427795e+01
 -5.73664428e+00  2.78715317e+00  1.60531862e+00  4.54667899e+00
 -9.39303478e+00 -1.67959625e+00 -4.21872018e+00  7.78980832e+00
  8.28753286e+00  2.55969390e+00 -3.99621886e+00  5.78215294e+00
  6.80116371e+00 -4.89439711e-01  2.35164737e+01 -9.33109745e-01
  1.07007838e+01 -7.77171326e+00  1.32789282e+01 -7.74113378e+00
  6.58727636e+00  1.68372523e+00  1.30021446e+00 -6.17001087e+00
 -8.20678182e+00 -1.64271474e+00 -1.03172048e+01 -1.40843892e+01
 -4.51425097e+00  8.75752114e+00  5.59626289e+00  2.64651897e+00
 -1.19289138e+01  4.86160063e+00  7.86303945e+00 -3.68408077e+00
 -1.00463397e+01  1.21693349e+00 -4.62911464e-01 -2.12746765e+00
 -4.46384309e+00  1.60994022e+00 -1.78971593e-01  3.09033488e+00
  1.06762929e+00 -2.08153670e+00  2.61003198e-02  3.33618005e+00
 -3.11126668e+00  8.64923902e-01  1.65126261e-01  1.82669773e+01
 -3.44675397e-01  9.44692362e-01  1.42383166e+00  7.55240069e-01
  1.50404230e+00 -1.76128695e+00 -1.00570709e-01  3.22188600e+00
 -4.20448111e+00 -2.74283466e+00  1.31788637e+00  1.54135874e+00
 -1.09500748e+00 -9.17511606e-01  5.17931695e-01 -3.02357220e+00
  1.33477104e+00 -1.70040398e+00  1.23846093e+00 -1.70936993e+00
  6.27132326e+00  1.03676871e+00  1.19245381e+01 -2.49856427e+01
  6.19785470e-01  2.21550272e+00  3.03338232e+00 -2.47260454e+00
  3.33979489e-01 -5.86622431e+00 -2.09338579e+00 -2.20961101e-01
  3.81394645e-01  1.78901115e+00 -4.33465736e-01  2.22646128e+00
 -1.06272372e+00  8.26969641e-01 -8.60592016e-02  2.63400872e+01
 -9.96328294e-01  6.19259352e-01 -1.24653309e+01  8.95242804e-01
  1.20714493e+00 -4.24174203e+00  6.40329408e+00  3.30255077e+00
 -1.49788592e+00 -2.18405153e+00  4.04521413e+00  1.65317946e+00
  3.91692859e+00 -1.36635782e+01  1.22199952e+00 -2.91492424e-01
  1.35498459e+00 -2.33867176e+00 -7.44853935e+00  4.75511235e+00
 -3.03658795e+00 -2.27375525e+00  4.15054406e+00 -2.23217020e+00
  1.01289186e+00  2.20559927e+00  7.96037687e-01 -1.38178186e+00
 -2.40611183e+00 -1.00615686e+00 -8.23709516e+00  4.12745382e+00
 -1.64469709e+00  1.61773589e+00 -1.48452983e+00 -1.19869201e+00
  9.17365768e-01 -2.53272508e-02 -7.87408409e+00  2.86165226e+00
  3.00527595e-01 -6.69990860e+00  1.51342667e-01  2.87238203e-01
  4.81902945e-01  9.55058845e-01 -1.00738866e+00  1.54824147e+00
 -7.19630894e-01  9.57079814e-03 -4.11911145e-01 -1.09507542e+00
  1.00227567e+00  1.07810609e+00 -3.28788407e-01 -4.10859766e-02
 -2.78557191e-01  1.49053414e+00  2.94675354e-01 -6.89617976e-01
  5.08821385e-01  2.99481208e-02 -8.64295024e-03  7.74329431e-01
  4.79629173e-02 -1.49688037e-02 -1.06762382e+00 -2.83520312e-01
  2.15043553e-01 -2.25258318e-01  1.74057574e-01 -8.13761128e-01
  7.16419548e-01 -6.91809053e-01 -2.25685344e-02  2.21682708e-01
 -1.06908004e+00  4.43951489e-02  4.46801532e-01  3.21620582e-01
  5.26784822e-01 -1.82522131e-01 -1.29619039e-01 -1.32580813e+00
  1.25494225e+00  6.18608336e-01 -1.58651673e+00  4.04903897e-01
 -1.47415596e-01 -7.76211773e-01 -5.27103439e-01 -3.56179038e-01
 -6.69469541e-01 -2.41188931e-01  3.90524315e-01  3.79718171e-02
  8.98401663e-01 -7.60246185e-01 -3.48765106e-01 -2.62289124e-01
  2.49818879e-01  8.25518859e-01  1.02319910e+01 -2.09207590e+00
  1.85171974e+00 -2.13741175e+00 -1.04385189e-01 -1.34002525e+00
  1.05454936e+00  1.04736729e+00  1.07378316e+00  1.33108760e-01
  5.60283696e-01  1.97824598e+00 -2.01572646e+00  8.80257239e-01
  1.68988946e+00  1.29648545e+00  2.55245155e+00 -2.51144294e-01
 -5.87883066e-01 -4.03381978e-01  2.12855770e-01 -2.89575501e-01
  5.37519973e-01 -1.95614182e+00  1.66628395e+00 -6.49959085e-02
  8.95167660e-01 -2.07112765e+00  9.42829730e-01 -3.17055128e-02
 -1.16663628e-01  1.04443128e+00 -5.43786159e-01 -6.19824053e-01
  2.05108141e-01 -1.32036980e+00 -2.45855517e+00  3.17623486e-02
 -4.98983124e-01  5.30724415e-02 -1.29315749e+00 -8.67498894e-01
 -1.59439195e+00  3.94786968e+00  4.43369709e-01  2.39382797e-01
  4.75712758e-01 -1.76414880e+00  8.64775928e-02 -1.86191397e-01
 -2.07221281e+00 -3.16928216e-01  1.22960246e+00  1.66544320e+00
  1.52887066e+00 -1.04429004e+00 -1.47505790e+00  2.76243704e-01
  1.77548202e+00  7.11132372e-01 -1.56300019e+00 -3.35744896e-01
  4.57832934e-01  1.43820880e+00  2.33396348e+00  1.26901543e+00
  1.22300326e+00 -2.24203436e+00 -1.84272031e+00  1.07664534e+00
 -1.09698549e+00 -1.12760718e+00 -9.64929292e-01  8.06626322e-01
  7.02276754e-01  2.03856939e+00  8.56900302e-01  4.53154419e-01
 -7.74375245e-01  5.24042744e-01 -6.12357152e-01  4.02068237e-01
 -4.71861010e-01  3.16427889e-01  3.95042527e-01 -1.59220097e-01
 -1.19228718e-02 -1.69845778e-01 -2.10827050e-01 -1.16403573e-01
  2.89553111e-01  2.90798296e-01 -9.59437087e-02 -2.00365407e-01
  2.96338943e-01  1.75752557e-02  1.55845359e-01 -2.63837029e-01
  9.51288261e-01 -1.22213704e-01 -1.51841145e-01  4.77731794e-02
 -5.89004338e-02  6.62466755e-01  5.03925215e-01  3.17724483e-01
 -4.16168386e-01  3.92563511e-02 -3.66946166e-01  2.13373607e-01
  5.25917120e-01 -3.26890883e-02  2.31462977e-01 -8.86154098e-02
  1.21193723e-01 -1.55254702e+00  1.10449742e-01  1.19277065e+00
  6.27436188e-02 -5.43515699e-01  4.87598108e-01 -3.27210610e-01
 -1.35697378e-01 -5.84139723e-01 -2.22845473e-01  2.73878698e-02
 -3.56397830e-01  3.37389076e-01 -3.00299271e-01  8.49285702e-01
 -2.67046229e-01 -3.82145902e-01 -4.68430605e-01 -2.77493500e-02
 -6.97073128e-02 -5.23632061e-01  8.19767172e-01  9.48102658e-01
  1.41487267e-01 -9.34524774e-02 -2.94165879e-01  7.97992615e-02
 -3.37558519e-01  7.55692830e-02  3.87483016e-01 -1.66287312e-01
 -3.10498122e-01  1.93017993e-01  9.14995930e-01 -1.40344471e-01
  1.36718918e+00  3.56366533e-02  3.93439604e-01 -2.82050493e-01
 -1.50931510e-01  1.03539503e-01  1.15058752e-02  1.07019824e-01
 -4.03918223e-01  4.80334444e-01 -9.40997353e-01  6.54897245e-01
  3.14177342e-01 -6.43590246e-01 -2.57551540e-01  1.37927941e-01
 -2.97681963e-01  1.54393481e-01 -6.31815860e-02 -1.48832753e-01
  6.00940102e-02 -1.13882889e+00  3.43804644e-01  2.48151929e-01
 -6.91278801e-01  5.83719388e-02 -3.14277835e-01 -8.21627683e-02
 -2.47502980e-01  7.51171216e-02  8.97442854e-02 -5.50699766e-01
 -9.47965039e-01  1.56968281e-01 -4.19087906e-01  2.11317422e-01
 -1.77830577e-01  1.29961911e-01  3.51968483e-01  6.01027167e-01
  4.67839073e-01 -5.16472187e-01  4.12233908e-01 -1.52870467e-01
  7.70204894e-01 -9.03518799e-01 -3.05298759e-01 -5.90795304e-03
  1.05650662e+00  1.30930517e-01 -1.51728505e-01 -3.70313230e-01
 -6.09870612e-02 -2.12870128e-01  2.58958213e-01 -1.65328596e-01
 -2.11136669e-01 -5.99163325e-01 -1.06461912e-01 -3.28404160e-01
  3.09620936e-01  1.86037544e-01 -9.63793659e-02 -7.25255318e-03
  5.09630208e-01 -4.59923330e-01  5.66098424e-01  1.37998321e-01
 -4.66556891e-01 -4.19415719e-01 -3.37603129e-02 -4.63486699e-01
  1.10645244e+00 -3.42437217e-01 -1.24635098e-02 -3.85051060e-01
  2.42101320e-01  8.69565679e-01  3.58133758e-02  3.22365740e-01
  2.60152354e-01  4.32291393e-02 -5.59943204e-01 -1.20825748e-01
 -1.83460504e-01  1.80064997e-01  7.62627716e-01 -1.33315500e-01
  6.71594319e-01  1.74868216e-01  1.94718757e-01  2.46099473e-01
  2.90677032e-01  1.03162763e-01 -5.91721936e-02 -1.37893709e-01
 -1.01351934e-01  6.73781884e-01 -2.55192856e-01  9.39543198e-01
  7.46523027e-01 -7.33779001e-01 -1.22829260e-01  3.07191741e-01
  4.71706644e-01 -2.25091465e-01 -6.97633789e-01  5.72222162e-01
  2.58115818e-01 -6.57882857e-01 -1.34513402e-01 -6.37504588e-01
 -2.35168919e-01 -1.07021295e-01 -5.73867310e-01 -2.71637326e-01
  3.82508623e-01 -3.35804054e-01  9.15725678e-01  1.87199843e-01
 -1.16209427e-01 -3.13838160e-01  3.31953809e-01  2.40956098e-01
 -4.06823846e-01  4.98516177e-01 -3.01568714e-02 -2.74365094e-01
 -1.33626678e-01 -1.34483409e+00 -1.10863894e+00  4.08786700e-01
  8.25185022e-01 -1.15411254e-01 -1.30013310e-01 -2.76657812e-01
  2.08839678e-01  2.66042707e-01 -7.46712585e-02  1.10642692e-01
  1.08741757e-01  4.85866035e-01 -2.70977312e-01 -9.16426823e-02
 -3.88988990e-01 -8.88273030e-02 -5.85114832e-01 -2.13875677e+00
  1.45322039e+00  5.21636269e-01 -3.33663697e-01  1.18463177e+00
 -5.38589602e-01 -2.66383545e-01  5.39496110e-01  1.27451014e-01
  1.69310091e-01 -2.05697648e-01 -2.27773205e-01]
[[6.05528741e-01 3.39603034e-01 3.12032084e-01 ... 7.40189016e-12
  1.88425104e-14 2.58899705e-13]
 [5.81462763e-01 3.48021626e-01 2.97653384e-01 ... 1.62051027e-11
  4.12523023e-14 5.66814180e-13]
 [5.76258175e-01 3.49588381e-01 2.94584522e-01 ... 1.87100948e-11
  4.76291083e-14 6.54432575e-13]
 ...
 [5.70837657e-01 4.53686594e-01 8.13957913e-01 ... 1.20308063e-09
  3.20220552e-10 1.69718146e-10]
 [6.14008391e-01 4.52933932e-01 8.03021021e-01 ... 1.64538151e-09
  3.03650752e-10 2.32113369e-10]
 [6.54514553e-01 4.48122839e-01 7.85118460e-01 ... 1.68618181e-09
  2.15757267e-10 2.37869053e-10]]
[-5.10281499  3.19964395 -5.28691241 ... -0.07925371  0.028485
 -0.02721385]
[[6.05528741e-01 3.39603034e-01 3.12032084e-01 ... 1.50678155e-09
  3.30777430e-10 6.76125195e-14]
 [5.81462763e-01 3.48021626e-01 2.97653384e-01 ... 7.22210509e-09
  1.58544374e-09 3.24073262e-13]
 [5.76258175e-01 3.49588381e-01 2.94584522e-01 ... 9.62744871e-09
  2.11348197e-09 4.32007357e-13]
 ...
 [5.70837657e-01 4.53686594e-01 8.13957913e-01 ... 1.00295073e-35
  1.15488942e-26 2.72862346e-22]
 [6.14008391e-01 4.52933932e-01 8.03021021e-01 ... 1.04783796e-32
  1.76411654e-24 9.58856469e-21]
 [6.54514553e-01 4.48122839e-01 7.85118460e-01 ... 6.14667823e-30
  1.51302451e-22 1.89188798e-19]]
[-5.10281499  3.19964395 -5.28691241 ...  0.02505032  0.09319046
 -0.03531254]
[[6.05528741e-01 3.39603034e-01 3.12032084e-01 ... 5.54460526e-43
  5.83784553e-34 1.72479997e-10]
 [5.81462763e-01 3.48021626e-01 2.97653384e-01 ... 1.27380781e-41
  1.34116944e-32 3.96246791e-09]
 [5.76258175e-01 3.49588381e-01 2.94584522e-01 ... 2.26360176e-41
  2.38330323e-32 7.04142533e-09]
 ...
 [5.70837657e-01 4.53686594e-01 8.13957913e-01 ... 3.40789360e-48
  2.68561725e-55 2.08319405e-66]
 [6.14008391e-01 4.52933932e-01 8.03021021e-01 ... 9.68119890e-46
  1.44158741e-51 2.27383415e-60]
 [6.54514553e-01 4.48122839e-01 7.85118460e-01 ... 8.67033550e-44
  2.43950373e-48 7.82440799e-55]]
[-5.10281499  3.19964395 -5.28691241 ... -0.02982666 -0.02670231
  0.04292025]
[[6.05528741e-001 3.39603034e-001 3.12032084e-001 ... 1.86201710e-079
  6.57521583e-033 3.61739098e-040]
 [5.81462763e-001 3.48021626e-001 2.97653384e-001 ... 9.82776259e-077
  2.40245988e-037 1.90919151e-037]
 [5.76258175e-001 3.49588381e-001 2.94584522e-001 ... 3.10347184e-076
  2.48814170e-038 6.02891463e-037]
 ...
 [5.70837657e-001 4.53686594e-001 8.13957913e-001 ... 9.14931466e-078
  6.39126833e-060 9.44458350e-152]
 [6.14008391e-001 4.52933932e-001 8.03021021e-001 ... 2.09670494e-075
  7.01617339e-051 1.12522903e-139]
 [6.54514553e-001 4.48122839e-001 7.85118460e-001 ... 4.77543965e-074
  7.65492364e-043 1.33237457e-128]]
[-5.10281499  3.19964395 -5.28691241 ...  0.01386203 -0.02353743
  0.01341472]
[[6.05528741e-001 3.39603034e-001 3.12032084e-001 ... 1.69136223e-243
  4.70459370e-060 5.36255486e-269]
 [5.81462763e-001 3.48021626e-001 2.97653384e-001 ... 1.11021906e-253
  8.67178125e-069 2.47127143e-279]
 [5.76258175e-001 3.49588381e-001 2.94584522e-001 ... 6.37732502e-256
  9.94459265e-071 1.31918283e-281]
 ...
 [5.70837657e-001 4.53686594e-001 8.13957913e-001 ... 1.22697186e-039
  5.15620836e-141 1.23454611e-038]
 [6.14008391e-001 4.52933932e-001 8.03021021e-001 ... 1.23454611e-038
  4.18884309e-121 1.22697186e-039]
 [6.54514553e-001 4.48122839e-001 7.85118460e-001 ... 1.22697187e-039
  3.36133889e-103 1.20452682e-042]]
[-5.10281499  3.19964395 -5.28691241 ... -0.01444296 -0.01310756
  0.01291397]
[[6.05528741e-001 3.39603034e-001 3.12032084e-001 ... 7.30860459e-123
  0.00000000e+000 1.91027364e-144]
 [5.81462763e-001 3.48021626e-001 2.97653384e-001 ... 6.07668426e-119
  0.00000000e+000 4.70370166e-163]
 [5.76258175e-001 3.49588381e-001 2.94584522e-001 ... 2.16961840e-118
  0.00000000e+000 3.59018317e-167]
 ...
 [5.70837657e-001 4.53686594e-001 8.13957913e-001 ... 0.00000000e+000
  4.94331962e-060 1.47799709e-127]
 [6.14008391e-001 4.52933932e-001 8.03021021e-001 ... 0.00000000e+000
  4.76411710e-066 1.28908857e-102]
 [6.54514553e-001 4.48122839e-001 7.85118460e-001 ... 0.00000000e+000
  4.47976596e-076 1.09698601e-081]]
[-5.10281499  3.19964395 -5.28691241 ... -0.01312036 -0.0102704
 -0.01025185]
[[6.05528741e-001 3.39603034e-001 3.12032084e-001 ... 0.00000000e+000
  3.02032720e-310 0.00000000e+000]
 [5.81462763e-001 3.48021626e-001 2.97653384e-001 ... 0.00000000e+000
  0.00000000e+000 0.00000000e+000]
 [5.76258175e-001 3.49588381e-001 2.94584522e-001 ... 0.00000000e+000
  0.00000000e+000 0.00000000e+000]
 ...
 [5.70837657e-001 4.53686594e-001 8.13957913e-001 ... 2.94666190e-263
  0.00000000e+000 0.00000000e+000]
 [6.14008391e-001 4.52933932e-001 8.03021021e-001 ... 2.87501070e-267
  6.50479009e-306 0.00000000e+000]
 [6.54514553e-001 4.48122839e-001 7.85118460e-001 ... 2.67034236e-279
  1.42571436e-256 0.00000000e+000]]
[-5.10281499  3.19964395 -5.28691241 ...  0.00879767  0.00879301
  0.008777  ]
[[6.05528741e-001 3.39603034e-001 3.12032084e-001 ... 0.00000000e+000
  0.00000000e+000 0.00000000e+000]
 [5.81462763e-001 3.48021626e-001 2.97653384e-001 ... 4.00217660e-301
  0.00000000e+000 0.00000000e+000]
 [5.76258175e-001 3.49588381e-001 2.94584522e-001 ... 3.91330190e-293
  0.00000000e+000 0.00000000e+000]
 ...
 [5.70837657e-001 4.53686594e-001 8.13957913e-001 ... 0.00000000e+000
  0.00000000e+000 1.06235521e-174]
 [6.14008391e-001 4.52933932e-001 8.03021021e-001 ... 0.00000000e+000
  0.00000000e+000 4.84481000e-120]
 [6.54514553e-001 4.48122839e-001 7.85118460e-001 ... 0.00000000e+000
  0.00000000e+000 2.00225955e-081]]
[-5.10281499  3.19964395 -5.28691241 ...  0.00723038  0.0066011
 -0.00722132]
[[6.13604488e-03 5.06129213e-02]
 [1.54277700e-02 3.95629893e-02]
 [3.08555400e-02 1.42419294e-02]
 [5.75035063e-02 9.30077932e-03]
 [9.73001403e-02 6.21352973e-03]
 [1.81977560e-01 3.66784984e-03]
 [3.19074334e-01 2.23705590e-03]
 [4.86500701e-01 1.54199886e-03]
 [6.61465638e-01 1.11236005e-03]
 [8.39410940e-01 7.48408101e-04]
 [1.02507013e+00 3.43098829e-04]
 [1.17794530e+00 1.35926587e-04]
 [1.35238429e+00 4.75358404e-05]]
