sparseRep_1.py:65: FutureWarning: arrays to stack must be passed as a "sequence" type such as list or tuple. Support for non-sequence iterables such as generators is deprecated as of NumPy 1.16 and will raise an error in the future.
  Data = np.vstack((boundary for boundary in boundaries))
[[5.85712217e-02 8.60000000e-03 1.55402297e+04 ... 6.32475349e+05
  6.39360520e+00 3.35613324e-04]
 [6.28194029e-02 8.60000000e-03 1.55402297e+04 ... 6.32475349e+05
  6.39360520e+00 3.42570187e-04]
 [6.37000290e-02 8.60000000e-03 1.55402297e+04 ... 6.32475349e+05
  6.39360520e+00 3.42978814e-04]
 ...
 [1.84028445e-02 9.12673192e-04 1.55511258e+04 ... 7.20195736e+05
  6.89843433e+00 0.00000000e+00]
 [1.90314074e-02 1.52112199e-03 1.55511258e+04 ... 7.20195736e+05
  6.89843433e+00 5.90606474e-05]
 [1.96599704e-02 2.12957078e-03 1.55511258e+04 ... 7.20195736e+05
  6.89843433e+00 1.69909423e-04]]
[[0.70590027 1.         0.98425392 ... 0.60404715 0.41521124 0.08590381]
 [0.75709935 1.         0.98425392 ... 0.60404715 0.41521124 0.08768449]
 [0.76771265 1.         0.98425392 ... 0.60404715 0.41521124 0.08778908]
 ...
 [0.22179105 0.10612479 0.98494404 ... 0.68782473 0.44799568 0.        ]
 [0.22936649 0.17687465 0.98494404 ... 0.68782473 0.44799568 0.0151172 ]
 [0.23694193 0.24762451 0.98494404 ... 0.68782473 0.44799568 0.04349013]]
0.00017385015307749344
1
2
[[0.38752155 0.73129126 0.83166792 ... 0.34473714 0.48343115 0.27837562]
 [0.39712801 0.70406467 0.85110209 ... 0.35328301 0.46242052 0.26554784]
 [0.39891584 0.69814081 0.85468764 ... 0.35487345 0.45791309 0.26280999]
 ...
 [0.52502887 0.40861504 0.24575023 ... 0.4647264  0.78577325 0.87484996]
 [0.52415785 0.45409431 0.27665003 ... 0.46395542 0.80346628 0.86309488]
 [0.51859021 0.50010486 0.30863901 ... 0.45902726 0.81418178 0.84385303]]
[-2.73642668  1.50761614 -0.76103689  1.71158556 -1.79230527  3.21477564
  4.89373311 -2.37520837 -6.09903522  0.20657316  1.3380526   2.57668489
  0.40521416 -3.14096798 -2.09496412  0.87196162  3.66688729  0.98698124
 -1.16894854 -1.76990897  1.15606596]
[[0.38752155 0.73129126 0.83166792 ... 0.26485453 0.10872682 0.08451677]
 [0.39712801 0.70406467 0.85110209 ... 0.27814848 0.09893725 0.07690703]
 [0.39891584 0.69814081 0.85468764 ... 0.28065849 0.09690764 0.07532936]
 ...
 [0.52502887 0.40861504 0.24575023 ... 0.27160004 0.94555352 0.60387573]
 [0.52415785 0.45409431 0.27665003 ... 0.28994052 0.92031403 0.58775658]
 [0.51859021 0.50010486 0.30863901 ... 0.30398672 0.87973646 0.5618418 ]]
[-2.73642668  1.50761614 -0.76103689  1.71158556 -1.79230527  3.21477564
  4.89373311 -2.37520837 -6.09903522  0.20657316  1.3380526   2.57668489
  0.40521416 -3.14096798 -2.09496412  0.87196162  3.66688729  0.98698124
 -1.16894854 -1.76990897  1.15606596  3.76124103  2.34375771 -0.4563919
 -0.52787161 -0.01738746  0.70075486  0.10024081  0.22399842  1.0029406
  0.8207318  -0.27412786  0.15507887 -1.51145925  2.2004719   0.35304628
  1.13548831  1.39910847 -1.42944424  3.09637943 -2.3678387   1.80121469
 -0.99327828 -0.22434859  0.69403703  1.25861902  0.86493841 -1.15801622
  0.66837068 -2.60775791  0.311596   -0.40134831 -1.78316823 -1.0164533
 -2.99252474 -1.75392384 -0.62360921 -0.97503047 -0.3591852  -1.08501146]
[[0.38752155 0.73129126 0.83166792 ... 0.39409348 0.01191398 0.09515365]
 [0.39712801 0.70406467 0.85110209 ... 0.434648   0.01314    0.10494554]
 [0.39891584 0.69814081 0.85468764 ... 0.44252791 0.01337822 0.10684815]
 ...
 [0.52502887 0.40861504 0.24575023 ... 0.02799873 0.04497675 0.04529822]
 [0.52415785 0.45409431 0.27665003 ... 0.03833871 0.04467902 0.05404447]
 [0.51859021 0.50010486 0.30863901 ... 0.05063723 0.04281072 0.06219487]]
[-2.73642668  1.50761614 -0.76103689  1.71158556 -1.79230527  3.21477564
  4.89373311 -2.37520837 -6.09903522  0.20657316  1.3380526   2.57668489
  0.40521416 -3.14096798 -2.09496412  0.87196162  3.66688729  0.98698124
 -1.16894854 -1.76990897  1.15606596  3.76124103  2.34375771 -0.4563919
 -0.52787161 -0.01738746  0.70075486  0.10024081  0.22399842  1.0029406
  0.8207318  -0.27412786  0.15507887 -1.51145925  2.2004719   0.35304628
  1.13548831  1.39910847 -1.42944424  3.09637943 -2.3678387   1.80121469
 -0.99327828 -0.22434859  0.69403703  1.25861902  0.86493841 -1.15801622
  0.66837068 -2.60775791  0.311596   -0.40134831 -1.78316823 -1.0164533
 -2.99252474 -1.75392384 -0.62360921 -0.97503047 -0.3591852  -1.08501146
 -0.34919951 -0.14786906  0.81706305 -0.75690745  0.10842762 -0.10202953
  0.19655419 -0.63132525  0.21902875 -0.26062562  0.35369807 -0.12512966
 -0.32159039  0.3373681   0.03226347 -0.18929523  0.05225586 -0.37597308
  0.0370865  -0.35060081  0.66373422  0.26610626 -0.5189971   0.20407387
 -0.08368425  0.09556216 -0.38155725  0.25215452 -0.2010456  -0.34594384
  0.50586728  0.07576876  0.26798388  0.54630985  1.64940598 -0.63973626
 -1.05761288  0.22644053 -0.11071489  0.13636742  0.17755466  0.56098647
  0.80041322  0.43100562 -0.26324659  0.5647101  -1.32990426  0.32515234
  0.09888881 -0.15006713 -0.93115402  0.35044971 -0.60395836 -0.3744209 ]
[[3.87521546e-01 7.31291265e-01 8.31667921e-01 ... 5.16453964e-02
  2.93466005e-03 6.11869437e-06]
 [3.97128013e-01 7.04064666e-01 8.51102086e-01 ... 3.69531522e-02
  2.08897151e-03 4.19518719e-06]
 [3.98915840e-01 6.98140808e-01 8.54687636e-01 ... 3.43150712e-02
  1.93776238e-03 3.86139424e-06]
 ...
 [5.25028867e-01 4.08615043e-01 2.45750225e-01 ... 5.87920664e-02
  4.42322111e-02 6.89705563e-02]
 [5.24157849e-01 4.54094310e-01 2.76650025e-01 ... 9.20804078e-02
  6.47559423e-02 6.18961228e-02]
 [5.18590211e-01 5.00104863e-01 3.08639007e-01 ... 1.34178280e-01
  8.82037568e-02 5.16808491e-02]]
[-2.73642668e+00  1.50761614e+00 -7.61036893e-01  1.71158556e+00
 -1.79230527e+00  3.21477564e+00  4.89373311e+00 -2.37520837e+00
 -6.09903522e+00  2.06573163e-01  1.33805260e+00  2.57668489e+00
  4.05214159e-01 -3.14096798e+00 -2.09496412e+00  8.71961623e-01
  3.66688729e+00  9.86981238e-01 -1.16894854e+00 -1.76990897e+00
  1.15606596e+00  3.76124103e+00  2.34375771e+00 -4.56391897e-01
 -5.27871606e-01 -1.73874600e-02  7.00754857e-01  1.00240809e-01
  2.23998418e-01  1.00294060e+00  8.20731805e-01 -2.74127860e-01
  1.55078871e-01 -1.51145925e+00  2.20047190e+00  3.53046276e-01
  1.13548831e+00  1.39910847e+00 -1.42944424e+00  3.09637943e+00
 -2.36783870e+00  1.80121469e+00 -9.93278281e-01 -2.24348591e-01
  6.94037034e-01  1.25861902e+00  8.64938414e-01 -1.15801622e+00
  6.68370678e-01 -2.60775791e+00  3.11595997e-01 -4.01348307e-01
 -1.78316823e+00 -1.01645330e+00 -2.99252474e+00 -1.75392384e+00
 -6.23609214e-01 -9.75030467e-01 -3.59185200e-01 -1.08501146e+00
 -3.49199505e-01 -1.47869062e-01  8.17063046e-01 -7.56907454e-01
  1.08427624e-01 -1.02029534e-01  1.96554195e-01 -6.31325248e-01
  2.19028750e-01 -2.60625619e-01  3.53698073e-01 -1.25129661e-01
 -3.21590387e-01  3.37368104e-01  3.22634748e-02 -1.89295227e-01
  5.22558600e-02 -3.75973082e-01  3.70865005e-02 -3.50600815e-01
  6.63734223e-01  2.66106259e-01 -5.18997101e-01  2.04073869e-01
 -8.36842457e-02  9.55621611e-02 -3.81557246e-01  2.52154519e-01
 -2.01045595e-01 -3.45943842e-01  5.05867280e-01  7.57687566e-02
  2.67983882e-01  5.46309846e-01  1.64940598e+00 -6.39736262e-01
 -1.05761288e+00  2.26440526e-01 -1.10714885e-01  1.36367416e-01
  1.77554657e-01  5.60986473e-01  8.00413222e-01  4.31005616e-01
 -2.63246594e-01  5.64710103e-01 -1.32990426e+00  3.25152343e-01
  9.88888116e-02 -1.50067131e-01 -9.31154025e-01  3.50449715e-01
 -6.03958363e-01 -3.74420898e-01 -2.45424371e-01  8.90877035e-01
  1.40064561e-01 -5.46759885e-01  4.00204613e-01 -1.32581450e-01
 -1.39508609e-01 -8.30444738e-01 -1.75258806e-02 -5.25292933e-01
 -2.46631120e-01  1.59252600e-01  1.04884255e-02 -9.92905395e-02
  3.15791995e-01 -2.05456149e-02  2.51987716e-01 -2.19522913e-01
  3.29854498e-02  1.27699296e-01  2.34137849e-01 -4.20368596e-01
  1.97068935e-01  4.34641711e-03  3.97693165e-02 -1.97094131e-02
 -9.64574991e-02 -5.19603408e-03  3.46224833e-02  1.25913616e+00
  4.34075072e-02  1.44074343e+00  7.75357722e-02 -4.12629676e-01
  1.61320707e-01 -1.35728836e+00 -2.11606674e-01  1.73842021e-01
 -4.17627359e-03  5.95787001e-02 -4.31372353e-02 -4.04348030e-02
  8.14056221e-02  2.57622477e-01 -1.14899298e-01 -1.04499398e-01
 -7.26935466e-02 -1.05601193e-02 -8.98069945e-02  1.61309446e-01
 -5.56650523e-03 -3.23623879e-01 -1.25188721e-01  2.52963598e-01
 -7.66092030e-02  5.55672457e-02  3.30382210e-02 -2.95403621e-01
  9.87452867e-02 -6.14226674e-02 -1.16854218e-01  1.36823789e-01
  2.30098328e-02 -4.47144021e-02 -1.47543365e-01 -1.26236925e-01
 -4.78826485e-02 -4.38160900e-02 -5.05456780e-02  2.69527371e-02]
[[3.87521546e-01 7.31291265e-01 8.31667921e-01 ... 1.94266685e-08
  3.13909768e-07 2.41034665e-02]
 [3.97128013e-01 7.04064666e-01 8.51102086e-01 ... 9.13236994e-09
  4.64472007e-07 3.39178097e-02]
 [3.98915840e-01 6.98140808e-01 8.54687636e-01 ... 7.73693764e-09
  4.99081733e-07 3.60677931e-02]
 ...
 [5.25028867e-01 4.08615043e-01 2.45750225e-01 ... 3.61484738e-01
  1.52115009e-05 4.49122039e-10]
 [5.24157849e-01 4.54094310e-01 2.76650025e-01 ... 2.91131635e-01
  1.48127143e-05 2.97545883e-09]
 [5.18590211e-01 5.00104863e-01 3.08639007e-01 ... 2.02965297e-01
  1.24861970e-05 1.70638286e-08]]
[-2.73642668e+00  1.50761614e+00 -7.61036893e-01  1.71158556e+00
 -1.79230527e+00  3.21477564e+00  4.89373311e+00 -2.37520837e+00
 -6.09903522e+00  2.06573163e-01  1.33805260e+00  2.57668489e+00
  4.05214159e-01 -3.14096798e+00 -2.09496412e+00  8.71961623e-01
  3.66688729e+00  9.86981238e-01 -1.16894854e+00 -1.76990897e+00
  1.15606596e+00  3.76124103e+00  2.34375771e+00 -4.56391897e-01
 -5.27871606e-01 -1.73874600e-02  7.00754857e-01  1.00240809e-01
  2.23998418e-01  1.00294060e+00  8.20731805e-01 -2.74127860e-01
  1.55078871e-01 -1.51145925e+00  2.20047190e+00  3.53046276e-01
  1.13548831e+00  1.39910847e+00 -1.42944424e+00  3.09637943e+00
 -2.36783870e+00  1.80121469e+00 -9.93278281e-01 -2.24348591e-01
  6.94037034e-01  1.25861902e+00  8.64938414e-01 -1.15801622e+00
  6.68370678e-01 -2.60775791e+00  3.11595997e-01 -4.01348307e-01
 -1.78316823e+00 -1.01645330e+00 -2.99252474e+00 -1.75392384e+00
 -6.23609214e-01 -9.75030467e-01 -3.59185200e-01 -1.08501146e+00
 -3.49199505e-01 -1.47869062e-01  8.17063046e-01 -7.56907454e-01
  1.08427624e-01 -1.02029534e-01  1.96554195e-01 -6.31325248e-01
  2.19028750e-01 -2.60625619e-01  3.53698073e-01 -1.25129661e-01
 -3.21590387e-01  3.37368104e-01  3.22634748e-02 -1.89295227e-01
  5.22558600e-02 -3.75973082e-01  3.70865005e-02 -3.50600815e-01
  6.63734223e-01  2.66106259e-01 -5.18997101e-01  2.04073869e-01
 -8.36842457e-02  9.55621611e-02 -3.81557246e-01  2.52154519e-01
 -2.01045595e-01 -3.45943842e-01  5.05867280e-01  7.57687566e-02
  2.67983882e-01  5.46309846e-01  1.64940598e+00 -6.39736262e-01
 -1.05761288e+00  2.26440526e-01 -1.10714885e-01  1.36367416e-01
  1.77554657e-01  5.60986473e-01  8.00413222e-01  4.31005616e-01
 -2.63246594e-01  5.64710103e-01 -1.32990426e+00  3.25152343e-01
  9.88888116e-02 -1.50067131e-01 -9.31154025e-01  3.50449715e-01
 -6.03958363e-01 -3.74420898e-01 -2.45424371e-01  8.90877035e-01
  1.40064561e-01 -5.46759885e-01  4.00204613e-01 -1.32581450e-01
 -1.39508609e-01 -8.30444738e-01 -1.75258806e-02 -5.25292933e-01
 -2.46631120e-01  1.59252600e-01  1.04884255e-02 -9.92905395e-02
  3.15791995e-01 -2.05456149e-02  2.51987716e-01 -2.19522913e-01
  3.29854498e-02  1.27699296e-01  2.34137849e-01 -4.20368596e-01
  1.97068935e-01  4.34641711e-03  3.97693165e-02 -1.97094131e-02
 -9.64574991e-02 -5.19603408e-03  3.46224833e-02  1.25913616e+00
  4.34075072e-02  1.44074343e+00  7.75357722e-02 -4.12629676e-01
  1.61320707e-01 -1.35728836e+00 -2.11606674e-01  1.73842021e-01
 -4.17627359e-03  5.95787001e-02 -4.31372353e-02 -4.04348030e-02
  8.14056221e-02  2.57622477e-01 -1.14899298e-01 -1.04499398e-01
 -7.26935466e-02 -1.05601193e-02 -8.98069945e-02  1.61309446e-01
 -5.56650523e-03 -3.23623879e-01 -1.25188721e-01  2.52963598e-01
 -7.66092030e-02  5.55672457e-02  3.30382210e-02 -2.95403621e-01
  9.87452867e-02 -6.14226674e-02 -1.16854218e-01  1.36823789e-01
  2.30098328e-02 -4.47144021e-02 -1.47543365e-01 -1.26236925e-01
 -4.78826485e-02 -4.38160900e-02 -5.05456780e-02  2.69527371e-02
 -2.25146199e-01  2.10076528e-01  8.73714384e-02 -1.25795877e-01
 -3.57396360e-01  7.59948724e-02  1.60839649e-01 -7.50460246e-02
  1.12115923e-01 -2.29484459e-01  7.45547500e-02 -4.78119374e-02
  8.22058292e-02 -4.46146137e-02  4.54052764e-02  5.07116596e-01
 -2.15344432e-01  1.92362568e-02 -5.11460391e-01 -2.03723146e-01
 -4.03668048e-02  2.38995932e-01  6.41399947e-03 -1.40044354e-01
  7.85973118e-02 -7.70314094e-02  5.73906046e-02 -3.52247758e-02
  2.30817988e-01  1.05120656e-01  3.63105192e-01  3.05233019e-02
 -2.55766558e-01 -1.27761413e-02 -3.42034957e-01  3.23983213e-01
  1.84298025e-01 -9.62369651e-02 -2.49645853e-01  1.64719827e-01
 -5.73636295e-02 -2.08387328e-01  6.71287585e-02  2.52283225e-01
 -3.89752142e-02 -2.31538883e-02 -1.03835412e-01 -6.20531915e-02
 -1.90839223e-01  2.25898604e-02 -2.88297448e-02 -3.08938829e-02
  2.80876251e-02  3.63109454e-02  8.25334065e-02  9.03673820e-02
 -3.79337060e-02 -2.05664096e-01  3.50559602e-02  2.78326389e-02
  3.15058285e-01  1.56714737e-01 -1.22903043e-01  1.26891465e-01
 -1.78703909e-02  1.45263299e-01 -1.57097331e-01]
[[3.87521546e-01 7.31291265e-01 8.31667921e-01 ... 1.07848927e-12
  9.27089611e-13 2.02599537e-19]
 [3.97128013e-01 7.04064666e-01 8.51102086e-01 ... 2.36115762e-12
  2.02969539e-12 4.43555407e-19]
 [3.98915840e-01 6.98140808e-01 8.54687636e-01 ... 2.72614644e-12
  2.34344663e-12 5.12120472e-19]
 ...
 [5.25028867e-01 4.08615043e-01 2.45750225e-01 ... 1.94179772e-10
  1.75026136e-10 7.51076292e-13]
 [5.24157849e-01 4.54094310e-01 2.76650025e-01 ... 2.65568074e-10
  2.39372790e-10 7.12211879e-13]
 [5.18590211e-01 5.00104863e-01 3.08639007e-01 ... 2.72153330e-10
  2.45308485e-10 5.06057987e-13]]
[-2.73642668e+00  1.50761614e+00 -7.61036893e-01  1.71158556e+00
 -1.79230527e+00  3.21477564e+00  4.89373311e+00 -2.37520837e+00
 -6.09903522e+00  2.06573163e-01  1.33805260e+00  2.57668489e+00
  4.05214159e-01 -3.14096798e+00 -2.09496412e+00  8.71961623e-01
  3.66688729e+00  9.86981238e-01 -1.16894854e+00 -1.76990897e+00
  1.15606596e+00  3.76124103e+00  2.34375771e+00 -4.56391897e-01
 -5.27871606e-01 -1.73874600e-02  7.00754857e-01  1.00240809e-01
  2.23998418e-01  1.00294060e+00  8.20731805e-01 -2.74127860e-01
  1.55078871e-01 -1.51145925e+00  2.20047190e+00  3.53046276e-01
  1.13548831e+00  1.39910847e+00 -1.42944424e+00  3.09637943e+00
 -2.36783870e+00  1.80121469e+00 -9.93278281e-01 -2.24348591e-01
  6.94037034e-01  1.25861902e+00  8.64938414e-01 -1.15801622e+00
  6.68370678e-01 -2.60775791e+00  3.11595997e-01 -4.01348307e-01
 -1.78316823e+00 -1.01645330e+00 -2.99252474e+00 -1.75392384e+00
 -6.23609214e-01 -9.75030467e-01 -3.59185200e-01 -1.08501146e+00
 -3.49199505e-01 -1.47869062e-01  8.17063046e-01 -7.56907454e-01
  1.08427624e-01 -1.02029534e-01  1.96554195e-01 -6.31325248e-01
  2.19028750e-01 -2.60625619e-01  3.53698073e-01 -1.25129661e-01
 -3.21590387e-01  3.37368104e-01  3.22634748e-02 -1.89295227e-01
  5.22558600e-02 -3.75973082e-01  3.70865005e-02 -3.50600815e-01
  6.63734223e-01  2.66106259e-01 -5.18997101e-01  2.04073869e-01
 -8.36842457e-02  9.55621611e-02 -3.81557246e-01  2.52154519e-01
 -2.01045595e-01 -3.45943842e-01  5.05867280e-01  7.57687566e-02
  2.67983882e-01  5.46309846e-01  1.64940598e+00 -6.39736262e-01
 -1.05761288e+00  2.26440526e-01 -1.10714885e-01  1.36367416e-01
  1.77554657e-01  5.60986473e-01  8.00413222e-01  4.31005616e-01
 -2.63246594e-01  5.64710103e-01 -1.32990426e+00  3.25152343e-01
  9.88888116e-02 -1.50067131e-01 -9.31154025e-01  3.50449715e-01
 -6.03958363e-01 -3.74420898e-01 -2.45424371e-01  8.90877035e-01
  1.40064561e-01 -5.46759885e-01  4.00204613e-01 -1.32581450e-01
 -1.39508609e-01 -8.30444738e-01 -1.75258806e-02 -5.25292933e-01
 -2.46631120e-01  1.59252600e-01  1.04884255e-02 -9.92905395e-02
  3.15791995e-01 -2.05456149e-02  2.51987716e-01 -2.19522913e-01
  3.29854498e-02  1.27699296e-01  2.34137849e-01 -4.20368596e-01
  1.97068935e-01  4.34641711e-03  3.97693165e-02 -1.97094131e-02
 -9.64574991e-02 -5.19603408e-03  3.46224833e-02  1.25913616e+00
  4.34075072e-02  1.44074343e+00  7.75357722e-02 -4.12629676e-01
  1.61320707e-01 -1.35728836e+00 -2.11606674e-01  1.73842021e-01
 -4.17627359e-03  5.95787001e-02 -4.31372353e-02 -4.04348030e-02
  8.14056221e-02  2.57622477e-01 -1.14899298e-01 -1.04499398e-01
 -7.26935466e-02 -1.05601193e-02 -8.98069945e-02  1.61309446e-01
 -5.56650523e-03 -3.23623879e-01 -1.25188721e-01  2.52963598e-01
 -7.66092030e-02  5.55672457e-02  3.30382210e-02 -2.95403621e-01
  9.87452867e-02 -6.14226674e-02 -1.16854218e-01  1.36823789e-01
  2.30098328e-02 -4.47144021e-02 -1.47543365e-01 -1.26236925e-01
 -4.78826485e-02 -4.38160900e-02 -5.05456780e-02  2.69527371e-02
 -2.25146199e-01  2.10076528e-01  8.73714384e-02 -1.25795877e-01
 -3.57396360e-01  7.59948724e-02  1.60839649e-01 -7.50460246e-02
  1.12115923e-01 -2.29484459e-01  7.45547500e-02 -4.78119374e-02
  8.22058292e-02 -4.46146137e-02  4.54052764e-02  5.07116596e-01
 -2.15344432e-01  1.92362568e-02 -5.11460391e-01 -2.03723146e-01
 -4.03668048e-02  2.38995932e-01  6.41399947e-03 -1.40044354e-01
  7.85973118e-02 -7.70314094e-02  5.73906046e-02 -3.52247758e-02
  2.30817988e-01  1.05120656e-01  3.63105192e-01  3.05233019e-02
 -2.55766558e-01 -1.27761413e-02 -3.42034957e-01  3.23983213e-01
  1.84298025e-01 -9.62369651e-02 -2.49645853e-01  1.64719827e-01
 -5.73636295e-02 -2.08387328e-01  6.71287585e-02  2.52283225e-01
 -3.89752142e-02 -2.31538883e-02 -1.03835412e-01 -6.20531915e-02
 -1.90839223e-01  2.25898604e-02 -2.88297448e-02 -3.08938829e-02
  2.80876251e-02  3.63109454e-02  8.25334065e-02  9.03673820e-02
 -3.79337060e-02 -2.05664096e-01  3.50559602e-02  2.78326389e-02
  3.15058285e-01  1.56714737e-01 -1.22903043e-01  1.26891465e-01
 -1.78703909e-02  1.45263299e-01 -1.57097331e-01 -1.70429682e-01
  1.59554261e-01  1.52101412e-01 -8.20058652e-02 -1.32898898e-01
  9.59993490e-02 -1.53069991e-01  1.73425054e-01 -1.61217754e-01
  2.30267410e-02 -1.08854259e-01  2.12645020e-01 -7.13358624e-02
  8.35562756e-02 -1.16180441e-01 -3.10726394e-01  7.20664185e-02
 -1.58035901e-01  5.32849587e-02  7.59202688e-02 -2.79142195e-02
 -1.80013626e-01  1.32673152e-01  4.81578124e-02 -3.42057001e-02
  2.37694433e-01 -9.94520877e-02 -1.18702418e-01  1.07956694e-01
 -8.35566722e-02 -4.74109204e-02  1.84352915e-01 -2.50116376e-02
  1.52054285e-02 -2.17481784e-02  1.09957204e-01 -7.48327735e-02
  2.26832998e-02 -2.61209805e-02  3.16574413e-02  3.13767919e-02
 -1.53492272e-01 -4.19588539e-02  2.91617762e-02 -2.56647060e-02
  1.04820925e-01  8.30750752e-02 -2.78160126e-02  1.75714571e-02
 -3.99211163e-02  1.07322924e-01  3.45878947e-02 -3.29767075e-02
  2.51368719e-02  1.70384900e-01 -2.64381549e-02  1.30035534e-01
 -5.21363302e-02  1.19784261e-01 -8.70293685e-02 -9.82593567e-02
 -4.26874540e-02  7.29736498e-02 -4.55700481e-02  1.18346595e-01
 -9.06808631e-02 -1.11284862e-01 -6.03590603e-02 -2.62279102e-02
 -9.18306901e-02  1.69552772e-02  1.82525575e-02  8.79703790e-02
 -5.09504426e-02  4.94744095e-02]
[[3.87521546e-01 7.31291265e-01 8.31667921e-01 ... 1.06371384e-07
  6.16027624e-07 5.89176561e-03]
 [3.97128013e-01 7.04064666e-01 8.51102086e-01 ... 5.09847547e-07
  2.95266552e-06 7.74363123e-03]
 [3.98915840e-01 6.98140808e-01 8.54687636e-01 ... 6.79654445e-07
  3.93606061e-06 7.89423631e-03]
 ...
 [5.25028867e-01 4.08615043e-01 2.45750225e-01 ... 5.58151001e-24
  2.81138644e-34 3.63245795e-32]
 [5.24157849e-01 4.54094310e-01 2.76650025e-01 ... 4.08931099e-22
  1.41336496e-31 5.95282283e-29]
 [5.18590211e-01 5.00104863e-01 3.08639007e-01 ... 1.68221071e-20
  3.98951330e-29 5.47743384e-26]]
[-2.73642668e+00  1.50761614e+00 -7.61036893e-01  1.71158556e+00
 -1.79230527e+00  3.21477564e+00  4.89373311e+00 -2.37520837e+00
 -6.09903522e+00  2.06573163e-01  1.33805260e+00  2.57668489e+00
  4.05214159e-01 -3.14096798e+00 -2.09496412e+00  8.71961623e-01
  3.66688729e+00  9.86981238e-01 -1.16894854e+00 -1.76990897e+00
  1.15606596e+00  3.76124103e+00  2.34375771e+00 -4.56391897e-01
 -5.27871606e-01 -1.73874600e-02  7.00754857e-01  1.00240809e-01
  2.23998418e-01  1.00294060e+00  8.20731805e-01 -2.74127860e-01
  1.55078871e-01 -1.51145925e+00  2.20047190e+00  3.53046276e-01
  1.13548831e+00  1.39910847e+00 -1.42944424e+00  3.09637943e+00
 -2.36783870e+00  1.80121469e+00 -9.93278281e-01 -2.24348591e-01
  6.94037034e-01  1.25861902e+00  8.64938414e-01 -1.15801622e+00
  6.68370678e-01 -2.60775791e+00  3.11595997e-01 -4.01348307e-01
 -1.78316823e+00 -1.01645330e+00 -2.99252474e+00 -1.75392384e+00
 -6.23609214e-01 -9.75030467e-01 -3.59185200e-01 -1.08501146e+00
 -3.49199505e-01 -1.47869062e-01  8.17063046e-01 -7.56907454e-01
  1.08427624e-01 -1.02029534e-01  1.96554195e-01 -6.31325248e-01
  2.19028750e-01 -2.60625619e-01  3.53698073e-01 -1.25129661e-01
 -3.21590387e-01  3.37368104e-01  3.22634748e-02 -1.89295227e-01
  5.22558600e-02 -3.75973082e-01  3.70865005e-02 -3.50600815e-01
  6.63734223e-01  2.66106259e-01 -5.18997101e-01  2.04073869e-01
 -8.36842457e-02  9.55621611e-02 -3.81557246e-01  2.52154519e-01
 -2.01045595e-01 -3.45943842e-01  5.05867280e-01  7.57687566e-02
  2.67983882e-01  5.46309846e-01  1.64940598e+00 -6.39736262e-01
 -1.05761288e+00  2.26440526e-01 -1.10714885e-01  1.36367416e-01
  1.77554657e-01  5.60986473e-01  8.00413222e-01  4.31005616e-01
 -2.63246594e-01  5.64710103e-01 -1.32990426e+00  3.25152343e-01
  9.88888116e-02 -1.50067131e-01 -9.31154025e-01  3.50449715e-01
 -6.03958363e-01 -3.74420898e-01 -2.45424371e-01  8.90877035e-01
  1.40064561e-01 -5.46759885e-01  4.00204613e-01 -1.32581450e-01
 -1.39508609e-01 -8.30444738e-01 -1.75258806e-02 -5.25292933e-01
 -2.46631120e-01  1.59252600e-01  1.04884255e-02 -9.92905395e-02
  3.15791995e-01 -2.05456149e-02  2.51987716e-01 -2.19522913e-01
  3.29854498e-02  1.27699296e-01  2.34137849e-01 -4.20368596e-01
  1.97068935e-01  4.34641711e-03  3.97693165e-02 -1.97094131e-02
 -9.64574991e-02 -5.19603408e-03  3.46224833e-02  1.25913616e+00
  4.34075072e-02  1.44074343e+00  7.75357722e-02 -4.12629676e-01
  1.61320707e-01 -1.35728836e+00 -2.11606674e-01  1.73842021e-01
 -4.17627359e-03  5.95787001e-02 -4.31372353e-02 -4.04348030e-02
  8.14056221e-02  2.57622477e-01 -1.14899298e-01 -1.04499398e-01
 -7.26935466e-02 -1.05601193e-02 -8.98069945e-02  1.61309446e-01
 -5.56650523e-03 -3.23623879e-01 -1.25188721e-01  2.52963598e-01
 -7.66092030e-02  5.55672457e-02  3.30382210e-02 -2.95403621e-01
  9.87452867e-02 -6.14226674e-02 -1.16854218e-01  1.36823789e-01
  2.30098328e-02 -4.47144021e-02 -1.47543365e-01 -1.26236925e-01
 -4.78826485e-02 -4.38160900e-02 -5.05456780e-02  2.69527371e-02
 -2.25146199e-01  2.10076528e-01  8.73714384e-02 -1.25795877e-01
 -3.57396360e-01  7.59948724e-02  1.60839649e-01 -7.50460246e-02
  1.12115923e-01 -2.29484459e-01  7.45547500e-02 -4.78119374e-02
  8.22058292e-02 -4.46146137e-02  4.54052764e-02  5.07116596e-01
 -2.15344432e-01  1.92362568e-02 -5.11460391e-01 -2.03723146e-01
 -4.03668048e-02  2.38995932e-01  6.41399947e-03 -1.40044354e-01
  7.85973118e-02 -7.70314094e-02  5.73906046e-02 -3.52247758e-02
  2.30817988e-01  1.05120656e-01  3.63105192e-01  3.05233019e-02
 -2.55766558e-01 -1.27761413e-02 -3.42034957e-01  3.23983213e-01
  1.84298025e-01 -9.62369651e-02 -2.49645853e-01  1.64719827e-01
 -5.73636295e-02 -2.08387328e-01  6.71287585e-02  2.52283225e-01
 -3.89752142e-02 -2.31538883e-02 -1.03835412e-01 -6.20531915e-02
 -1.90839223e-01  2.25898604e-02 -2.88297448e-02 -3.08938829e-02
  2.80876251e-02  3.63109454e-02  8.25334065e-02  9.03673820e-02
 -3.79337060e-02 -2.05664096e-01  3.50559602e-02  2.78326389e-02
  3.15058285e-01  1.56714737e-01 -1.22903043e-01  1.26891465e-01
 -1.78703909e-02  1.45263299e-01 -1.57097331e-01 -1.70429682e-01
  1.59554261e-01  1.52101412e-01 -8.20058652e-02 -1.32898898e-01
  9.59993490e-02 -1.53069991e-01  1.73425054e-01 -1.61217754e-01
  2.30267410e-02 -1.08854259e-01  2.12645020e-01 -7.13358624e-02
  8.35562756e-02 -1.16180441e-01 -3.10726394e-01  7.20664185e-02
 -1.58035901e-01  5.32849587e-02  7.59202688e-02 -2.79142195e-02
 -1.80013626e-01  1.32673152e-01  4.81578124e-02 -3.42057001e-02
  2.37694433e-01 -9.94520877e-02 -1.18702418e-01  1.07956694e-01
 -8.35566722e-02 -4.74109204e-02  1.84352915e-01 -2.50116376e-02
  1.52054285e-02 -2.17481784e-02  1.09957204e-01 -7.48327735e-02
  2.26832998e-02 -2.61209805e-02  3.16574413e-02  3.13767919e-02
 -1.53492272e-01 -4.19588539e-02  2.91617762e-02 -2.56647060e-02
  1.04820925e-01  8.30750752e-02 -2.78160126e-02  1.75714571e-02
 -3.99211163e-02  1.07322924e-01  3.45878947e-02 -3.29767075e-02
  2.51368719e-02  1.70384900e-01 -2.64381549e-02  1.30035534e-01
 -5.21363302e-02  1.19784261e-01 -8.70293685e-02 -9.82593567e-02
 -4.26874540e-02  7.29736498e-02 -4.55700481e-02  1.18346595e-01
 -9.06808631e-02 -1.11284862e-01 -6.03590603e-02 -2.62279102e-02
 -9.18306901e-02  1.69552772e-02  1.82525575e-02  8.79703790e-02
 -5.09504426e-02  4.94744095e-02 -1.19461680e-01 -2.93221069e-01
 -8.76429835e-02  1.25429117e-01  1.25918167e-01  2.61236712e-01
 -6.63559316e-02 -7.28453185e-02 -1.21978221e-01  1.89641285e-01
  3.38987316e-02 -3.57112981e-02  7.87124612e-02 -4.81407455e-02
  4.13389600e-01 -5.49033446e-02  1.25167370e-01 -2.36652588e-01
  4.83485886e-02 -1.27751750e-01  4.00461428e-01 -3.61896717e-02
  8.09784459e-02 -7.36219768e-02  8.83180610e-02  6.10621582e-02
  2.80903768e-02 -2.11447549e-02  4.69194517e-01  1.31124061e-01
 -6.81667265e-02  3.45188471e-01 -7.70040797e-02 -2.73094125e-01
  6.24389493e-02  1.36196497e-01 -2.40353149e-02 -1.01178966e-01
  7.62478067e-02 -3.08118768e-02  1.00814919e-01  1.99947542e-02
 -2.12566812e-02 -3.33612674e-01  1.67174220e-02  9.03597422e-02
 -3.55312926e-01 -7.82092593e-02  6.73697579e-02  2.75464269e-01
 -4.92441239e-02 -6.01281266e-02  7.18466167e-02  1.36778619e-01
 -5.33734300e-02  4.69436735e-01  3.32538633e-02 -2.33148440e-02
  5.34507685e-02 -4.93771343e-02  2.99563402e-01  7.70529752e-02
 -1.01614117e-01  7.11018285e-02 -3.27744043e-01 -5.91575881e-02
  1.46890011e-01 -6.36078601e-02 -2.98372873e-02  4.15965609e-01
 -7.14598511e-02  9.07920564e-02  4.79737876e-02 -6.20771384e-02
 -1.54294983e-01  5.09465620e-02 -7.08190377e-02 -4.89890858e-02
 -3.36578431e-02  1.76125629e-02  5.17350068e-02  6.98569729e-02
  2.05200100e-02 -3.34880050e-01 -1.88740434e-01  3.79541585e-02
 -5.13048182e-02 -6.44520801e-02  6.06501919e-02 -1.21313071e-02
 -7.81739684e-02  1.05011689e-01 -3.06860764e-02  4.87851132e-02
 -2.96778907e-02  5.15796477e-02  4.78262574e-02 -5.61602499e-02
 -5.50060479e-02  4.55664774e-02 -1.55954634e-02  2.74735631e-02
  2.03185122e-02 -2.68789606e-01  6.41044930e-02 -2.96404982e-01
  8.70036515e-02 -4.59278090e-02 -6.51663867e-02  5.60083609e-02
 -1.20063395e-01 -2.24817107e-02 -2.82532395e-01 -2.04477383e-01
  7.79100551e-02  1.06703875e-01 -3.00312581e-02  5.55527932e-02
 -5.10986235e-02 -4.06426449e-02  4.21967751e-02  1.71021250e-02
 -5.40666871e-02  9.65856579e-02 -8.89177303e-02  3.98829661e-02
 -7.50076705e-02  2.07085562e-02  4.27494433e-02 -4.78027554e-02
 -3.24247818e-02  3.73326194e-02  5.38039108e-02  5.00993937e-02
  1.65065508e-02]
[[3.87521546e-01 7.31291265e-01 8.31667921e-01 ... 1.37310089e-24
  2.68042846e-07 6.75988567e-23]
 [3.97128013e-01 7.04064666e-01 8.51102086e-01 ... 8.29995075e-27
  1.54433300e-08 1.55299622e-21]
 [3.98915840e-01 6.98140808e-01 8.54687636e-01 ... 2.67106833e-27
  7.93096498e-09 2.75972656e-21]
 ...
 [5.25028867e-01 4.08615043e-01 2.45750225e-01 ... 1.30953096e-30
  9.38589829e-52 3.52170927e-50]
 [5.24157849e-01 4.54094310e-01 2.76650025e-01 ... 4.33882768e-26
  1.52406463e-45 1.89038543e-46]
 [5.18590211e-01 5.00104863e-01 3.08639007e-01 ... 4.53202897e-22
  7.80179565e-40 3.19897517e-43]]
[-2.73642668e+00  1.50761614e+00 -7.61036893e-01  1.71158556e+00
 -1.79230527e+00  3.21477564e+00  4.89373311e+00 -2.37520837e+00
 -6.09903522e+00  2.06573163e-01  1.33805260e+00  2.57668489e+00
  4.05214159e-01 -3.14096798e+00 -2.09496412e+00  8.71961623e-01
  3.66688729e+00  9.86981238e-01 -1.16894854e+00 -1.76990897e+00
  1.15606596e+00  3.76124103e+00  2.34375771e+00 -4.56391897e-01
 -5.27871606e-01 -1.73874600e-02  7.00754857e-01  1.00240809e-01
  2.23998418e-01  1.00294060e+00  8.20731805e-01 -2.74127860e-01
  1.55078871e-01 -1.51145925e+00  2.20047190e+00  3.53046276e-01
  1.13548831e+00  1.39910847e+00 -1.42944424e+00  3.09637943e+00
 -2.36783870e+00  1.80121469e+00 -9.93278281e-01 -2.24348591e-01
  6.94037034e-01  1.25861902e+00  8.64938414e-01 -1.15801622e+00
  6.68370678e-01 -2.60775791e+00  3.11595997e-01 -4.01348307e-01
 -1.78316823e+00 -1.01645330e+00 -2.99252474e+00 -1.75392384e+00
 -6.23609214e-01 -9.75030467e-01 -3.59185200e-01 -1.08501146e+00
 -3.49199505e-01 -1.47869062e-01  8.17063046e-01 -7.56907454e-01
  1.08427624e-01 -1.02029534e-01  1.96554195e-01 -6.31325248e-01
  2.19028750e-01 -2.60625619e-01  3.53698073e-01 -1.25129661e-01
 -3.21590387e-01  3.37368104e-01  3.22634748e-02 -1.89295227e-01
  5.22558600e-02 -3.75973082e-01  3.70865005e-02 -3.50600815e-01
  6.63734223e-01  2.66106259e-01 -5.18997101e-01  2.04073869e-01
 -8.36842457e-02  9.55621611e-02 -3.81557246e-01  2.52154519e-01
 -2.01045595e-01 -3.45943842e-01  5.05867280e-01  7.57687566e-02
  2.67983882e-01  5.46309846e-01  1.64940598e+00 -6.39736262e-01
 -1.05761288e+00  2.26440526e-01 -1.10714885e-01  1.36367416e-01
  1.77554657e-01  5.60986473e-01  8.00413222e-01  4.31005616e-01
 -2.63246594e-01  5.64710103e-01 -1.32990426e+00  3.25152343e-01
  9.88888116e-02 -1.50067131e-01 -9.31154025e-01  3.50449715e-01
 -6.03958363e-01 -3.74420898e-01 -2.45424371e-01  8.90877035e-01
  1.40064561e-01 -5.46759885e-01  4.00204613e-01 -1.32581450e-01
 -1.39508609e-01 -8.30444738e-01 -1.75258806e-02 -5.25292933e-01
 -2.46631120e-01  1.59252600e-01  1.04884255e-02 -9.92905395e-02
  3.15791995e-01 -2.05456149e-02  2.51987716e-01 -2.19522913e-01
  3.29854498e-02  1.27699296e-01  2.34137849e-01 -4.20368596e-01
  1.97068935e-01  4.34641711e-03  3.97693165e-02 -1.97094131e-02
 -9.64574991e-02 -5.19603408e-03  3.46224833e-02  1.25913616e+00
  4.34075072e-02  1.44074343e+00  7.75357722e-02 -4.12629676e-01
  1.61320707e-01 -1.35728836e+00 -2.11606674e-01  1.73842021e-01
 -4.17627359e-03  5.95787001e-02 -4.31372353e-02 -4.04348030e-02
  8.14056221e-02  2.57622477e-01 -1.14899298e-01 -1.04499398e-01
 -7.26935466e-02 -1.05601193e-02 -8.98069945e-02  1.61309446e-01
 -5.56650523e-03 -3.23623879e-01 -1.25188721e-01  2.52963598e-01
 -7.66092030e-02  5.55672457e-02  3.30382210e-02 -2.95403621e-01
  9.87452867e-02 -6.14226674e-02 -1.16854218e-01  1.36823789e-01
  2.30098328e-02 -4.47144021e-02 -1.47543365e-01 -1.26236925e-01
 -4.78826485e-02 -4.38160900e-02 -5.05456780e-02  2.69527371e-02
 -2.25146199e-01  2.10076528e-01  8.73714384e-02 -1.25795877e-01
 -3.57396360e-01  7.59948724e-02  1.60839649e-01 -7.50460246e-02
  1.12115923e-01 -2.29484459e-01  7.45547500e-02 -4.78119374e-02
  8.22058292e-02 -4.46146137e-02  4.54052764e-02  5.07116596e-01
 -2.15344432e-01  1.92362568e-02 -5.11460391e-01 -2.03723146e-01
 -4.03668048e-02  2.38995932e-01  6.41399947e-03 -1.40044354e-01
  7.85973118e-02 -7.70314094e-02  5.73906046e-02 -3.52247758e-02
  2.30817988e-01  1.05120656e-01  3.63105192e-01  3.05233019e-02
 -2.55766558e-01 -1.27761413e-02 -3.42034957e-01  3.23983213e-01
  1.84298025e-01 -9.62369651e-02 -2.49645853e-01  1.64719827e-01
 -5.73636295e-02 -2.08387328e-01  6.71287585e-02  2.52283225e-01
 -3.89752142e-02 -2.31538883e-02 -1.03835412e-01 -6.20531915e-02
 -1.90839223e-01  2.25898604e-02 -2.88297448e-02 -3.08938829e-02
  2.80876251e-02  3.63109454e-02  8.25334065e-02  9.03673820e-02
 -3.79337060e-02 -2.05664096e-01  3.50559602e-02  2.78326389e-02
  3.15058285e-01  1.56714737e-01 -1.22903043e-01  1.26891465e-01
 -1.78703909e-02  1.45263299e-01 -1.57097331e-01 -1.70429682e-01
  1.59554261e-01  1.52101412e-01 -8.20058652e-02 -1.32898898e-01
  9.59993490e-02 -1.53069991e-01  1.73425054e-01 -1.61217754e-01
  2.30267410e-02 -1.08854259e-01  2.12645020e-01 -7.13358624e-02
  8.35562756e-02 -1.16180441e-01 -3.10726394e-01  7.20664185e-02
 -1.58035901e-01  5.32849587e-02  7.59202688e-02 -2.79142195e-02
 -1.80013626e-01  1.32673152e-01  4.81578124e-02 -3.42057001e-02
  2.37694433e-01 -9.94520877e-02 -1.18702418e-01  1.07956694e-01
 -8.35566722e-02 -4.74109204e-02  1.84352915e-01 -2.50116376e-02
  1.52054285e-02 -2.17481784e-02  1.09957204e-01 -7.48327735e-02
  2.26832998e-02 -2.61209805e-02  3.16574413e-02  3.13767919e-02
 -1.53492272e-01 -4.19588539e-02  2.91617762e-02 -2.56647060e-02
  1.04820925e-01  8.30750752e-02 -2.78160126e-02  1.75714571e-02
 -3.99211163e-02  1.07322924e-01  3.45878947e-02 -3.29767075e-02
  2.51368719e-02  1.70384900e-01 -2.64381549e-02  1.30035534e-01
 -5.21363302e-02  1.19784261e-01 -8.70293685e-02 -9.82593567e-02
 -4.26874540e-02  7.29736498e-02 -4.55700481e-02  1.18346595e-01
 -9.06808631e-02 -1.11284862e-01 -6.03590603e-02 -2.62279102e-02
 -9.18306901e-02  1.69552772e-02  1.82525575e-02  8.79703790e-02
 -5.09504426e-02  4.94744095e-02 -1.19461680e-01 -2.93221069e-01
 -8.76429835e-02  1.25429117e-01  1.25918167e-01  2.61236712e-01
 -6.63559316e-02 -7.28453185e-02 -1.21978221e-01  1.89641285e-01
  3.38987316e-02 -3.57112981e-02  7.87124612e-02 -4.81407455e-02
  4.13389600e-01 -5.49033446e-02  1.25167370e-01 -2.36652588e-01
  4.83485886e-02 -1.27751750e-01  4.00461428e-01 -3.61896717e-02
  8.09784459e-02 -7.36219768e-02  8.83180610e-02  6.10621582e-02
  2.80903768e-02 -2.11447549e-02  4.69194517e-01  1.31124061e-01
 -6.81667265e-02  3.45188471e-01 -7.70040797e-02 -2.73094125e-01
  6.24389493e-02  1.36196497e-01 -2.40353149e-02 -1.01178966e-01
  7.62478067e-02 -3.08118768e-02  1.00814919e-01  1.99947542e-02
 -2.12566812e-02 -3.33612674e-01  1.67174220e-02  9.03597422e-02
 -3.55312926e-01 -7.82092593e-02  6.73697579e-02  2.75464269e-01
 -4.92441239e-02 -6.01281266e-02  7.18466167e-02  1.36778619e-01
 -5.33734300e-02  4.69436735e-01  3.32538633e-02 -2.33148440e-02
  5.34507685e-02 -4.93771343e-02  2.99563402e-01  7.70529752e-02
 -1.01614117e-01  7.11018285e-02 -3.27744043e-01 -5.91575881e-02
  1.46890011e-01 -6.36078601e-02 -2.98372873e-02  4.15965609e-01
 -7.14598511e-02  9.07920564e-02  4.79737876e-02 -6.20771384e-02
 -1.54294983e-01  5.09465620e-02 -7.08190377e-02 -4.89890858e-02
 -3.36578431e-02  1.76125629e-02  5.17350068e-02  6.98569729e-02
  2.05200100e-02 -3.34880050e-01 -1.88740434e-01  3.79541585e-02
 -5.13048182e-02 -6.44520801e-02  6.06501919e-02 -1.21313071e-02
 -7.81739684e-02  1.05011689e-01 -3.06860764e-02  4.87851132e-02
 -2.96778907e-02  5.15796477e-02  4.78262574e-02 -5.61602499e-02
 -5.50060479e-02  4.55664774e-02 -1.55954634e-02  2.74735631e-02
  2.03185122e-02 -2.68789606e-01  6.41044930e-02 -2.96404982e-01
  8.70036515e-02 -4.59278090e-02 -6.51663867e-02  5.60083609e-02
 -1.20063395e-01 -2.24817107e-02 -2.82532395e-01 -2.04477383e-01
  7.79100551e-02  1.06703875e-01 -3.00312581e-02  5.55527932e-02
 -5.10986235e-02 -4.06426449e-02  4.21967751e-02  1.71021250e-02
 -5.40666871e-02  9.65856579e-02 -8.89177303e-02  3.98829661e-02
 -7.50076705e-02  2.07085562e-02  4.27494433e-02 -4.78027554e-02
 -3.24247818e-02  3.73326194e-02  5.38039108e-02  5.00993937e-02
  1.65065508e-02 -1.32862757e-01  1.93770648e-01 -1.41740719e-01
  2.57534977e-01 -1.65417760e-01  2.78873702e-01 -1.42179890e-01
  6.60703380e-02 -1.43274903e-01 -1.06971465e-01 -1.81929396e-01
  2.35752722e-01 -1.37095438e-01  3.21445669e-02 -1.11105526e-01
  1.81274880e-01 -1.05675117e-01  1.90448146e-01 -1.40224421e-01
 -8.77343985e-02  1.67703379e-01 -1.34251774e-01 -1.72256373e-01
 -7.14664688e-02  4.35884808e-01 -2.38737121e-01 -2.14720780e-01
  3.04718829e-02 -8.58066390e-02 -3.03781080e-02  1.54845742e-01
  3.51176891e-01 -1.85617674e-01 -1.83676237e-01  7.02998212e-02
  2.82348143e-02  5.25735595e-02  3.22022455e-02 -2.14197552e-02
  2.75823394e-01 -1.54907522e-01 -1.12764424e-01  2.63551117e-02
 -6.94408749e-02  2.19896077e-01 -9.80570690e-02  1.96764626e-02
 -9.06855538e-02  1.60913282e-01  1.77671623e-01 -8.52494768e-02
 -9.30087375e-02 -2.82596189e-02 -9.64126306e-02  1.54476801e-01
  2.28446376e-02 -7.64532594e-02 -2.00495170e-02  1.94398052e-01
 -1.09534905e-01 -9.46254217e-02  1.78934037e-01 -9.91260514e-02
 -1.20317540e-01  4.03957265e-02 -8.49917040e-02 -7.12397821e-02
  2.03100227e-02  4.72532670e-02  5.46786033e-02 -1.01343755e-01
 -6.66362729e-02  4.89965384e-02 -7.17003438e-02  1.06554718e-01
  1.96020810e-02 -4.87356280e-02 -5.40976270e-02  1.06185119e-01
  2.41661302e-01 -1.59892356e-01 -1.11506577e-01  5.99148099e-02
  3.59759141e-01 -1.91781592e-01 -1.98924765e-01  3.09233247e-02
  5.59853650e-02  4.93012455e-02 -3.43874854e-02 -4.62164398e-02
  1.64718451e-01  6.95837431e-02 -4.24405578e-02  5.67766834e-02
  3.05801230e-01 -1.48830461e-01  4.96999168e-02 -1.43989140e-02
 -4.87645207e-02  4.17769473e-02  2.21915690e-02  1.44905150e-01
 -7.67860633e-02 -7.30872616e-02  4.97805217e-02 -1.11206646e-01
 -9.94646002e-02  2.33252250e-02  4.70946055e-02 -4.69416869e-02
  5.08917689e-02  3.35543394e-02  4.10700296e-02 -1.56995995e-02
 -1.03556120e-01  1.87329490e-01 -4.90331410e-02  2.39025748e-02
 -4.19542346e-02  1.89239009e-02  5.87885516e-02 -1.51177185e-02
  2.51011149e-02 -1.48836995e-02 -7.94950920e-02 -4.80546880e-02
 -4.04016181e-02  4.34183232e-02  2.21925529e-01 -1.24183593e-01
 -1.06158052e-01  7.66121827e-02 -2.27311691e-01 -5.16816928e-02
  3.08308120e-01 -1.48776898e-01  6.28182433e-02  2.23655716e-02
  1.96501258e-01  2.33443765e-02  2.17137861e-02 -5.93578269e-02
  1.05778548e-01 -4.91634807e-02  3.66370700e-02 -1.14829844e-01
  2.07368176e-01 -1.11421058e-01  1.94722021e-02  4.36576637e-02
  1.24519043e-01  1.74799130e-02 -3.30503541e-02  4.46743109e-02
 -6.98331518e-02  1.22891998e-01  2.33818678e-02 -1.77088164e-02
  1.54727909e-01 -7.89478482e-02 -3.98529745e-02 -2.88930678e-02
  3.84672605e-02  4.82524621e-02 -3.62238871e-02  2.05494891e-02
 -4.10979915e-02 -5.74052880e-02  1.00948320e-01 -5.47121000e-02
 -7.50144406e-02  2.71794836e-02  1.29426499e-02 -3.96164359e-02
  4.09691772e-02 -2.65548414e-02  1.85098098e-02  1.99966361e-02
  2.43244221e-02 -3.97466647e-02 -4.53207303e-02  5.13448003e-02
  4.08260063e-02 -4.11042417e-02  1.84722139e-02  1.65564674e-01
  1.62811236e-01 -1.16535433e-01 -1.00361188e-01  2.65964192e-02
 -8.38720103e-02  7.88289157e-02 -4.06130483e-02 -1.06647155e-01
  2.48570773e-02 -8.55673034e-02 -1.29911280e-02  3.68726000e-02
  3.72857251e-02  4.10651500e-02 -3.88503279e-02  2.32345687e-01
 -1.33937824e-01 -8.15680819e-02  2.18244150e-02 -3.78010382e-02
  3.97906074e-02 -3.68900722e-02  1.91580662e-02  4.24610765e-02
  2.33077137e-01  5.79668941e-02  4.56752319e-02  2.69823905e-02
 -1.71272403e-02 -3.67717141e-02 -3.83166167e-02  1.75649590e-02
 -3.05747151e-02 -8.21410268e-02  1.54118275e-01  7.36109262e-02
  2.05814752e-02  4.03101383e-02 -5.63281542e-02  1.19831791e-02
  3.72009335e-02 -2.06330448e-01  2.66516234e-02  3.93189182e-02
 -6.93993557e-02  5.68975228e-02 -1.16332358e-02  4.45909243e-02
 -3.31111656e-02  6.54468583e-02 -3.63991935e-02 -4.41577516e-02
  1.84770523e-02  3.63625187e-02 -2.79973192e-02 -1.15204995e-02
  3.42001260e-02]
[[3.87521546e-001 7.31291265e-001 8.31667921e-001 ... 3.30985614e-028
  1.54811281e-035 7.64967735e-059]
 [3.97128013e-001 7.04064666e-001 8.51102086e-001 ... 1.74689597e-025
  8.17065077e-033 4.03745263e-056]
 [3.98915840e-001 6.98140808e-001 8.54687636e-001 ... 5.51642206e-025
  2.58015792e-032 1.27496778e-055]
 ...
 [5.25028867e-001 4.08615043e-001 2.45750225e-001 ... 6.97150531e-121
  2.57001127e-146 6.09481157e-098]
 [5.24157849e-001 4.54094310e-001 2.76650025e-001 ... 4.94904226e-111
  3.06191511e-134 9.29394846e-092]
 [5.18590211e-001 5.00104863e-001 3.08639007e-001 ... 3.49174926e-102
  3.62558885e-123 1.40853462e-086]]
[-2.73642668  1.50761614 -0.76103689 ...  0.04132824  0.03049596
 -0.02150091]
[[3.87521546e-001 7.31291265e-001 8.31667921e-001 ... 9.60293772e-031
  4.30369087e-272 6.84614694e-128]
 [3.97128013e-001 7.04064666e-001 8.51102086e-001 ... 1.31412534e-025
  1.39240771e-282 1.90710612e-122]
 [3.98915840e-001 6.98140808e-001 8.54687636e-001 ... 1.13091311e-024
  6.90725721e-285 1.90177179e-121]
 ...
 [5.25028867e-001 4.08615043e-001 2.45750225e-001 ... 2.15737371e-287
  1.85598615e-051 3.73398165e-202]
 [5.24157849e-001 4.54094310e-001 2.76650025e-001 ... 4.67263067e-261
  1.82203451e-054 8.68264676e-190]
 [5.18590211e-001 5.00104863e-001 3.08639007e-001 ... 9.99659510e-237
  1.76682302e-059 1.99428243e-179]]
[-2.73642668  1.50761614 -0.76103689 ... -0.00596666  0.01215543
 -0.01219517]
[[3.87521546e-001 7.31291265e-001 8.31667921e-001 ... 1.76206018e-235
  3.82761333e-190 0.00000000e+000]
 [3.97128013e-001 7.04064666e-001 8.51102086e-001 ... 8.39289327e-254
  6.82201357e-208 0.00000000e+000]
 [3.98915840e-001 6.98140808e-001 8.54687636e-001 ... 7.34493935e-258
  7.84853217e-212 0.00000000e+000]
 ...
 [5.25028867e-001 4.08615043e-001 2.45750225e-001 ... 4.13608015e-217
  8.53561817e-265 3.51016664e-058]
 [5.24157849e-001 4.54094310e-001 2.76650025e-001 ... 1.98462936e-188
  1.23961844e-228 3.46722731e-060]
 [5.18590211e-001 5.00104863e-001 3.08639007e-001 ... 9.29135451e-164
  1.75650838e-196 3.34153530e-066]]
[-2.73642668  1.50761614 -0.76103689 ...  0.0104029  -0.01038203
  0.01038211]
[[3.87521546e-001 7.31291265e-001 8.31667921e-001 ... 5.71447195e-164
  0.00000000e+000 3.24607646e-260]
 [3.97128013e-001 7.04064666e-001 8.51102086e-001 ... 1.75790234e-193
  0.00000000e+000 1.15923966e-246]
 [3.98915840e-001 6.98140808e-001 8.54687636e-001 ... 4.05157429e-200
  0.00000000e+000 2.25898456e-244]
 ...
 [5.25028867e-001 4.08615043e-001 2.45750225e-001 ... 0.00000000e+000
  0.00000000e+000 0.00000000e+000]
 [5.24157849e-001 4.54094310e-001 2.76650025e-001 ... 0.00000000e+000
  1.63082531e-269 0.00000000e+000]
 [5.18590211e-001 5.00104863e-001 3.08639007e-001 ... 0.00000000e+000
  3.57442905e-220 0.00000000e+000]]
[-2.73642668  1.50761614 -0.76103689 ... -0.00529515  0.00875177
 -0.00512977]
[[0.38752155 0.73129126 0.83166792 ... 0.         0.         0.        ]
 [0.39712801 0.70406467 0.85110209 ... 0.         0.         0.        ]
 [0.39891584 0.69814081 0.85468764 ... 0.         0.         0.        ]
 ...
 [0.52502887 0.40861504 0.24575023 ... 0.         0.         0.        ]
 [0.52415785 0.45409431 0.27665003 ... 0.         0.         0.        ]
 [0.51859021 0.50010486 0.30863901 ... 0.         0.         0.        ]]
[-2.73642668  1.50761614 -0.76103689 ... -0.00501529  0.00596698
 -0.00723696]
[[3.56657609e-03 4.03507247e-03]
 [1.01902174e-02 2.66322676e-03]
 [1.93614130e-02 1.64632876e-03]
 [3.12500000e-02 1.15333601e-03]
 [4.26290761e-02 9.05264419e-04]
 [5.53668478e-02 6.64490320e-04]
 [7.82948370e-02 4.09613020e-04]
 [1.19735054e-01 1.57479360e-04]
 [1.83084239e-01 4.91124258e-05]
 [2.68172554e-01 2.02230791e-05]
 [2.96705163e-01 1.56942081e-05]
 [3.29823370e-01 1.22951168e-05]
 [3.73131793e-01 8.79817521e-06]]
