sparseRep_1.py:65: FutureWarning: arrays to stack must be passed as a "sequence" type such as list or tuple. Support for non-sequence iterables such as generators is deprecated as of NumPy 1.16 and will raise an error in the future.
  Data = np.vstack((boundary for boundary in boundaries))
[[5.85712217e-02 8.60000000e-03 1.55402297e+04 ... 6.32475349e+05
  6.39360520e+00 2.52597914e+05]
 [6.28194029e-02 8.60000000e-03 1.55402297e+04 ... 6.32475349e+05
  6.39360520e+00 2.57833967e+05]
 [6.37000290e-02 8.60000000e-03 1.55402297e+04 ... 6.32475349e+05
  6.39360520e+00 2.58141518e+05]
 ...
 [1.84028445e-02 9.12673192e-04 1.55511258e+04 ... 7.20195736e+05
  6.89843433e+00 0.00000000e+00]
 [1.90314074e-02 1.52112199e-03 1.55511258e+04 ... 7.20195736e+05
  6.89843433e+00 5.06169195e+04]
 [1.96599704e-02 2.12957078e-03 1.55511258e+04 ... 7.20195736e+05
  6.89843433e+00 1.45617970e+05]]
[[0.70590027 1.         0.98425392 ... 0.60404715 0.41521124 0.08399836]
 [0.75709935 1.         0.98425392 ... 0.60404715 0.41521124 0.08573955]
 [0.76771265 1.         0.98425392 ... 0.60404715 0.41521124 0.08584182]
 ...
 [0.22179105 0.10612479 0.98494404 ... 0.68782473 0.44799568 0.        ]
 [0.22936649 0.17687465 0.98494404 ... 0.68782473 0.44799568 0.01683204]
 [0.23694193 0.24762451 0.98494404 ... 0.68782473 0.44799568 0.04842348]]
0.0017385015307749344
1
2
[[0.36596292 0.31376389 0.24881716 ... 0.55735102 0.78380207 0.293874  ]
 [0.37503496 0.29930539 0.23735145 ... 0.57116741 0.79796491 0.28071966]
 [0.37672332 0.29621949 0.23490432 ... 0.57373874 0.80046483 0.27790497]
 ...
 [0.52446076 0.83708435 0.78389234 ... 0.37808656 0.2702776  0.68091022]
 [0.52359068 0.82583672 0.77335943 ... 0.39970954 0.3040278  0.68398755]
 [0.51802907 0.8074255  0.75611814 ... 0.41877535 0.33892206 0.68091022]]
[-1.73788985 -1.21506751  0.58668753 -2.0064515   0.77300988  0.98500836
  2.84004699  1.61524302 -0.85844414 -0.83015766]
[[0.36596292 0.31376389 0.24881716 ... 0.21947183 0.22035219 0.12178071]
 [0.37503496 0.29930539 0.23735145 ... 0.2010697  0.2314124  0.12789332]
 [0.37672332 0.29621949 0.23490432 ... 0.19722195 0.23350067 0.12904743]
 ...
 [0.52446076 0.83708435 0.78389234 ... 0.67296804 0.13339597 0.24389672]
 [0.52359068 0.82583672 0.77335943 ... 0.71562154 0.14909026 0.24308815]
 [0.51802907 0.8074255  0.75611814 ... 0.74737574 0.16365242 0.23795138]]
[-1.73788985 -1.21506751  0.58668753 -2.0064515   0.77300988  0.98500836
  2.84004699  1.61524302 -0.85844414 -0.83015766 -0.67687286  0.93436353
 -0.47883267  0.4605547  -0.45388303  0.71382834 -0.21471407  0.67797661
 -0.927432    0.2913131  -0.31730212]
[[0.36596292 0.31376389 0.24881716 ... 0.06513081 0.01425515 0.02255433]
 [0.37503496 0.29930539 0.23735145 ... 0.07183317 0.0157221  0.02487531]
 [0.37672332 0.29621949 0.23490432 ... 0.07313547 0.01600713 0.02532629]
 ...
 [0.52446076 0.83708435 0.78389234 ... 0.03659174 0.07698774 0.02635238]
 [0.52359068 0.82583672 0.77335943 ... 0.0417005  0.07647812 0.03003157]
 [0.51802907 0.8074255  0.75611814 ... 0.04583874 0.07328011 0.03301181]]
[-1.73788985 -1.21506751  0.58668753 -2.0064515   0.77300988  0.98500836
  2.84004699  1.61524302 -0.85844414 -0.83015766 -0.67687286  0.93436353
 -0.47883267  0.4605547  -0.45388303  0.71382834 -0.21471407  0.67797661
 -0.927432    0.2913131  -0.31730212 -0.78957065  0.36973467  0.21672592
 -0.25859007  0.20475357 -0.16947954  0.23727578  0.4992331   0.10787243
 -0.13675001  0.50219219 -0.26958723  0.19951406 -0.43304932  0.5016454
 -0.23729087]
[[3.65962916e-01 3.13763892e-01 2.48817156e-01 ... 2.98990072e-01
  1.34444674e-01 2.28943333e-02]
 [3.75034956e-01 2.99305389e-01 2.37351453e-01 ... 3.59675126e-01
  1.63538674e-01 2.78487099e-02]
 [3.76723322e-01 2.96219494e-01 2.34904316e-01 ... 3.71977384e-01
  1.69522144e-01 2.88676272e-02]
 ...
 [5.24460758e-01 8.37084354e-01 7.83892338e-01 ... 5.32268592e-05
  1.07074091e-03 5.92467847e-03]
 [5.23590682e-01 8.25836720e-01 7.73359428e-01 ... 1.37285653e-04
  2.00762574e-03 8.43344430e-03]
 [5.18029069e-01 8.07425504e-01 7.56118142e-01 ... 3.29447294e-04
  3.50225361e-03 1.11689322e-02]]
[-1.73788985 -1.21506751  0.58668753 -2.0064515   0.77300988  0.98500836
  2.84004699  1.61524302 -0.85844414 -0.83015766 -0.67687286  0.93436353
 -0.47883267  0.4605547  -0.45388303  0.71382834 -0.21471407  0.67797661
 -0.927432    0.2913131  -0.31730212 -0.78957065  0.36973467  0.21672592
 -0.25859007  0.20475357 -0.16947954  0.23727578  0.4992331   0.10787243
 -0.13675001  0.50219219 -0.26958723  0.19951406 -0.43304932  0.5016454
 -0.23729087  0.08988374 -0.09414895  0.15713714 -0.31100031  0.39908982
 -0.09693402 -0.09042475  0.34803258  0.34013553 -0.13742794 -0.31961134
 -0.25170756  0.46913398 -0.31120117]
[[3.65962916e-01 3.13763892e-01 2.48817156e-01 ... 2.98990072e-01
  1.34444674e-01 2.28943333e-02]
 [3.75034956e-01 2.99305389e-01 2.37351453e-01 ... 3.59675126e-01
  1.63538674e-01 2.78487099e-02]
 [3.76723322e-01 2.96219494e-01 2.34904316e-01 ... 3.71977384e-01
  1.69522144e-01 2.88676272e-02]
 ...
 [5.24460758e-01 8.37084354e-01 7.83892338e-01 ... 5.32268592e-05
  1.07074091e-03 5.92467847e-03]
 [5.23590682e-01 8.25836720e-01 7.73359428e-01 ... 1.37285653e-04
  2.00762574e-03 8.43344430e-03]
 [5.18029069e-01 8.07425504e-01 7.56118142e-01 ... 3.29447294e-04
  3.50225361e-03 1.11689322e-02]]
[-1.73788985 -1.21506751  0.58668753 -2.0064515   0.77300988  0.98500836
  2.84004699  1.61524302 -0.85844414 -0.83015766 -0.67687286  0.93436353
 -0.47883267  0.4605547  -0.45388303  0.71382834 -0.21471407  0.67797661
 -0.927432    0.2913131  -0.31730212 -0.78957065  0.36973467  0.21672592
 -0.25859007  0.20475357 -0.16947954  0.23727578  0.4992331   0.10787243
 -0.13675001  0.50219219 -0.26958723  0.19951406 -0.43304932  0.5016454
 -0.23729087  0.08988374 -0.09414895  0.15713714 -0.31100031  0.39908982
 -0.09693402 -0.09042475  0.34803258  0.34013553 -0.13742794 -0.31961134
 -0.25170756  0.46913398 -0.31120117]
[[3.65962916e-01 3.13763892e-01 2.48817156e-01 ... 2.98990072e-01
  1.34444674e-01 2.28943333e-02]
 [3.75034956e-01 2.99305389e-01 2.37351453e-01 ... 3.59675126e-01
  1.63538674e-01 2.78487099e-02]
 [3.76723322e-01 2.96219494e-01 2.34904316e-01 ... 3.71977384e-01
  1.69522144e-01 2.88676272e-02]
 ...
 [5.24460758e-01 8.37084354e-01 7.83892338e-01 ... 5.32268592e-05
  1.07074091e-03 5.92467847e-03]
 [5.23590682e-01 8.25836720e-01 7.73359428e-01 ... 1.37285653e-04
  2.00762574e-03 8.43344430e-03]
 [5.18029069e-01 8.07425504e-01 7.56118142e-01 ... 3.29447294e-04
  3.50225361e-03 1.11689322e-02]]
[-1.73788985 -1.21506751  0.58668753 -2.0064515   0.77300988  0.98500836
  2.84004699  1.61524302 -0.85844414 -0.83015766 -0.67687286  0.93436353
 -0.47883267  0.4605547  -0.45388303  0.71382834 -0.21471407  0.67797661
 -0.927432    0.2913131  -0.31730212 -0.78957065  0.36973467  0.21672592
 -0.25859007  0.20475357 -0.16947954  0.23727578  0.4992331   0.10787243
 -0.13675001  0.50219219 -0.26958723  0.19951406 -0.43304932  0.5016454
 -0.23729087  0.08988374 -0.09414895  0.15713714 -0.31100031  0.39908982
 -0.09693402 -0.09042475  0.34803258  0.34013553 -0.13742794 -0.31961134
 -0.25170756  0.46913398 -0.31120117]
[[3.65962916e-01 3.13763892e-01 2.48817156e-01 ... 2.28943333e-02
  1.10115741e-10 2.10679440e-05]
 [3.75034956e-01 2.99305389e-01 2.37351453e-01 ... 2.78487099e-02
  5.27792810e-10 1.00980199e-04]
 [3.76723322e-01 2.96219494e-01 2.34904316e-01 ... 2.88676272e-02
  7.03575964e-10 1.34611990e-04]
 ...
 [5.24460758e-01 8.37084354e-01 7.83892338e-01 ... 5.92467847e-03
  7.21417372e-35 2.46803571e-29]
 [5.23590682e-01 8.25836720e-01 7.73359428e-01 ... 8.43344430e-03
  3.62677297e-32 1.24075266e-26]
 [5.18029069e-01 8.07425504e-01 7.56118142e-01 ... 1.11689322e-02
  1.02373127e-29 3.50227957e-24]]
[-1.73788985 -1.21506751  0.58668753 -2.0064515   0.77300988  0.98500836
  2.84004699  1.61524302 -0.85844414 -0.83015766 -0.67687286  0.93436353
 -0.47883267  0.4605547  -0.45388303  0.71382834 -0.21471407  0.67797661
 -0.927432    0.2913131  -0.31730212 -0.78957065  0.36973467  0.21672592
 -0.25859007  0.20475357 -0.16947954  0.23727578  0.4992331   0.10787243
 -0.13675001  0.50219219 -0.26958723  0.19951406 -0.43304932  0.5016454
 -0.23729087  0.08988374 -0.09414895  0.15713714 -0.31100031  0.39908982
 -0.09693402 -0.09042475  0.34803258  0.34013553 -0.13742794 -0.31961134
 -0.25170756  0.46913398 -0.31120117  0.38143022  0.3521539 ]
[[3.65962916e-01 3.13763892e-01 2.48817156e-01 ... 1.43742776e-21
  9.87137218e-26 9.59678226e-16]
 [3.75034956e-01 2.99305389e-01 2.37351453e-01 ... 3.30228200e-20
  2.26780473e-24 2.20472167e-14]
 [3.76723322e-01 2.96219494e-01 2.34904316e-01 ... 5.86825809e-20
  4.02995973e-24 3.91785917e-14]
 ...
 [5.24460758e-01 8.37084354e-01 7.83892338e-01 ... 2.47355471e-69
  6.39165395e-70 1.72924993e-61]
 [5.23590682e-01 8.25836720e-01 7.73359428e-01 ... 6.25156959e-64
  1.61540270e-64 4.37044156e-56]
 [5.18029069e-01 8.07425504e-01 7.56118142e-01 ... 4.98104269e-59
  1.28709913e-59 3.48222245e-51]]
[-1.73788985 -1.21506751  0.58668753 -2.0064515   0.77300988  0.98500836
  2.84004699  1.61524302 -0.85844414 -0.83015766 -0.67687286  0.93436353
 -0.47883267  0.4605547  -0.45388303  0.71382834 -0.21471407  0.67797661
 -0.927432    0.2913131  -0.31730212 -0.78957065  0.36973467  0.21672592
 -0.25859007  0.20475357 -0.16947954  0.23727578  0.4992331   0.10787243
 -0.13675001  0.50219219 -0.26958723  0.19951406 -0.43304932  0.5016454
 -0.23729087  0.08988374 -0.09414895  0.15713714 -0.31100031  0.39908982
 -0.09693402 -0.09042475  0.34803258  0.34013553 -0.13742794 -0.31961134
 -0.25170756  0.46913398 -0.31120117  0.38143022  0.3521539   0.40119861
  0.41664373  0.41359476  0.39217669]
[[3.65962916e-001 3.13763892e-001 2.48817156e-001 ... 9.87137218e-026
  9.59678226e-016 5.15467360e-036]
 [3.75034956e-001 2.99305389e-001 2.37351453e-001 ... 2.26780473e-024
  2.20472167e-014 2.72054062e-033]
 [3.76723322e-001 2.96219494e-001 2.34904316e-001 ... 4.02995973e-024
  3.91785917e-014 8.59102245e-033]
 ...
 [5.24460758e-001 8.37084354e-001 7.83892338e-001 ... 6.39165395e-070
  1.72924993e-061 1.01185525e-140]
 [5.23590682e-001 8.25836720e-001 7.73359428e-001 ... 1.61540270e-064
  4.37044156e-056 1.20552580e-128]
 [5.18029069e-001 8.07425504e-001 7.56118142e-001 ... 1.28709913e-059
  3.48222245e-051 1.42745332e-117]]
[-1.73788985 -1.21506751  0.58668753 -2.0064515   0.77300988  0.98500836
  2.84004699  1.61524302 -0.85844414 -0.83015766 -0.67687286  0.93436353
 -0.47883267  0.4605547  -0.45388303  0.71382834 -0.21471407  0.67797661
 -0.927432    0.2913131  -0.31730212 -0.78957065  0.36973467  0.21672592
 -0.25859007  0.20475357 -0.16947954  0.23727578  0.4992331   0.10787243
 -0.13675001  0.50219219 -0.26958723  0.19951406 -0.43304932  0.5016454
 -0.23729087  0.08988374 -0.09414895  0.15713714 -0.31100031  0.39908982
 -0.09693402 -0.09042475  0.34803258  0.34013553 -0.13742794 -0.31961134
 -0.25170756  0.46913398 -0.31120117  0.38143022  0.3521539   0.40119861
  0.41664373  0.41359476  0.39217669  0.36767556]
[[3.65962916e-001 3.13763892e-001 2.48817156e-001 ... 3.11768399e-035
  1.56980387e-057 1.00456560e-033]
 [3.75034956e-001 2.99305389e-001 2.37351453e-001 ... 8.68440722e-030
  4.37273824e-052 2.79824920e-028]
 [3.76723322e-001 2.96219494e-001 2.34904316e-001 ... 8.66003125e-029
  4.36046455e-051 2.79039489e-027]
 ...
 [5.24460758e-001 8.37084354e-001 7.83892338e-001 ... 6.27247463e-264
  4.32340540e-268 3.97305460e-265]
 [5.23590682e-001 8.25836720e-001 7.73359428e-001 ... 8.90338495e-240
  6.13680323e-244 5.63950221e-241]
 [5.18029069e-001 8.07425504e-001 7.56118142e-001 ... 1.24832010e-217
  8.60424979e-222 7.90699715e-219]]
[-1.73788985 -1.21506751  0.58668753 -2.0064515   0.77300988  0.98500836
  2.84004699  1.61524302 -0.85844414 -0.83015766 -0.67687286  0.93436353
 -0.47883267  0.4605547  -0.45388303  0.71382834 -0.21471407  0.67797661
 -0.927432    0.2913131  -0.31730212 -0.78957065  0.36973467  0.21672592
 -0.25859007  0.20475357 -0.16947954  0.23727578  0.4992331   0.10787243
 -0.13675001  0.50219219 -0.26958723  0.19951406 -0.43304932  0.5016454
 -0.23729087  0.08988374 -0.09414895  0.15713714 -0.31100031  0.39908982
 -0.09693402 -0.09042475  0.34803258  0.34013553 -0.13742794 -0.31961134
 -0.25170756  0.46913398 -0.31120117  0.38143022  0.3521539   0.40119861
  0.41664373  0.41359476  0.39217669  0.36767556  0.51058589  0.46899887
  0.46855428  0.46253459  0.45528419  0.44942702  0.44401779  0.44320171
  0.43612274  0.43551437  0.43433344  0.43211361  0.42369858  0.40959441
  0.40571294  0.40142196  0.39481897  0.39269376  0.38902064  0.38920228
  0.38674322  0.38114841  0.38077841  0.37514627  0.36793182  0.36688221
  0.3625084   0.36147216  0.3599583   0.35910941  0.3554296   0.35374564]
[[3.65962916e-001 3.13763892e-001 2.48817156e-001 ... 3.96804829e-164
  7.88647236e-135 6.09661022e-133]
 [3.75034956e-001 2.99305389e-001 2.37351453e-001 ... 3.07888255e-153
  6.11926075e-124 4.73047339e-122]
 [3.76723322e-001 2.96219494e-001 2.34904316e-001 ... 3.06162278e-151
  6.08495706e-122 4.70395504e-120]
 ...
 [5.24460758e-001 8.37084354e-001 7.83892338e-001 ... 0.00000000e+000
  0.00000000e+000 0.00000000e+000]
 [5.23590682e-001 8.25836720e-001 7.73359428e-001 ... 0.00000000e+000
  0.00000000e+000 0.00000000e+000]
 [5.18029069e-001 8.07425504e-001 7.56118142e-001 ... 0.00000000e+000
  0.00000000e+000 0.00000000e+000]]
[-1.73788985 -1.21506751  0.58668753 -2.0064515   0.77300988  0.98500836
  2.84004699  1.61524302 -0.85844414 -0.83015766 -0.67687286  0.93436353
 -0.47883267  0.4605547  -0.45388303  0.71382834 -0.21471407  0.67797661
 -0.927432    0.2913131  -0.31730212 -0.78957065  0.36973467  0.21672592
 -0.25859007  0.20475357 -0.16947954  0.23727578  0.4992331   0.10787243
 -0.13675001  0.50219219 -0.26958723  0.19951406 -0.43304932  0.5016454
 -0.23729087  0.08988374 -0.09414895  0.15713714 -0.31100031  0.39908982
 -0.09693402 -0.09042475  0.34803258  0.34013553 -0.13742794 -0.31961134
 -0.25170756  0.46913398 -0.31120117  0.38143022  0.3521539   0.40119861
  0.41664373  0.41359476  0.39217669  0.36767556  0.51058589  0.46899887
  0.46855428  0.46253459  0.45528419  0.44942702  0.44401779  0.44320171
  0.43612274  0.43551437  0.43433344  0.43211361  0.42369858  0.40959441
  0.40571294  0.40142196  0.39481897  0.39269376  0.38902064  0.38920228
  0.38674322  0.38114841  0.38077841  0.37514627  0.36793182  0.36688221
  0.3625084   0.36147216  0.3599583   0.35910941  0.3554296   0.35374564
  0.36873107  0.36424418  0.35376199  0.35361077  0.34777767  0.34002561
  0.33855596  0.3350928   0.33124552]
[[3.65962916e-001 3.13763892e-001 2.48817156e-001 ... 5.76026615e-159
  8.71922987e-185 2.83743139e-146]
 [3.75034956e-001 2.99305389e-001 2.37351453e-001 ... 3.46796653e-137
  5.24940977e-163 1.70827473e-124]
 [3.76723322e-001 2.96219494e-001 2.34904316e-001 ... 3.42919368e-133
  5.19071987e-159 1.68917573e-120]
 ...
 [5.24460758e-001 8.37084354e-001 7.83892338e-001 ... 0.00000000e+000
  0.00000000e+000 0.00000000e+000]
 [5.23590682e-001 8.25836720e-001 7.73359428e-001 ... 0.00000000e+000
  0.00000000e+000 0.00000000e+000]
 [5.18029069e-001 8.07425504e-001 7.56118142e-001 ... 0.00000000e+000
  0.00000000e+000 0.00000000e+000]]
[-1.73788985 -1.21506751  0.58668753 -2.0064515   0.77300988  0.98500836
  2.84004699  1.61524302 -0.85844414 -0.83015766 -0.67687286  0.93436353
 -0.47883267  0.4605547  -0.45388303  0.71382834 -0.21471407  0.67797661
 -0.927432    0.2913131  -0.31730212 -0.78957065  0.36973467  0.21672592
 -0.25859007  0.20475357 -0.16947954  0.23727578  0.4992331   0.10787243
 -0.13675001  0.50219219 -0.26958723  0.19951406 -0.43304932  0.5016454
 -0.23729087  0.08988374 -0.09414895  0.15713714 -0.31100031  0.39908982
 -0.09693402 -0.09042475  0.34803258  0.34013553 -0.13742794 -0.31961134
 -0.25170756  0.46913398 -0.31120117  0.38143022  0.3521539   0.40119861
  0.41664373  0.41359476  0.39217669  0.36767556  0.51058589  0.46899887
  0.46855428  0.46253459  0.45528419  0.44942702  0.44401779  0.44320171
  0.43612274  0.43551437  0.43433344  0.43211361  0.42369858  0.40959441
  0.40571294  0.40142196  0.39481897  0.39269376  0.38902064  0.38920228
  0.38674322  0.38114841  0.38077841  0.37514627  0.36793182  0.36688221
  0.3625084   0.36147216  0.3599583   0.35910941  0.3554296   0.35374564
  0.36873107  0.36424418  0.35376199  0.35361077  0.34777767  0.34002561
  0.33855596  0.3350928   0.33124552  0.32795756  0.3268359   0.32565996
  0.3200553   0.31993398  0.31430519  0.31078202  0.30717503  0.30097405
  0.29767875  0.29718396  0.29268622  0.28765588]
[[3.65962916e-001 3.13763892e-001 2.48817156e-001 ... 0.00000000e+000
  1.18932495e-316 0.00000000e+000]
 [3.75034956e-001 2.99305389e-001 2.37351453e-001 ... 1.67076816e-297
  4.31087301e-273 0.00000000e+000]
 [3.76723322e-001 2.96219494e-001 2.34904316e-001 ... 1.63361767e-289
  4.21501828e-265 0.00000000e+000]
 ...
 [5.24460758e-001 8.37084354e-001 7.83892338e-001 ... 0.00000000e+000
  0.00000000e+000 0.00000000e+000]
 [5.23590682e-001 8.25836720e-001 7.73359428e-001 ... 0.00000000e+000
  0.00000000e+000 0.00000000e+000]
 [5.18029069e-001 8.07425504e-001 7.56118142e-001 ... 0.00000000e+000
  0.00000000e+000 0.00000000e+000]]
[-1.73788985 -1.21506751  0.58668753 -2.0064515   0.77300988  0.98500836
  2.84004699  1.61524302 -0.85844414 -0.83015766 -0.67687286  0.93436353
 -0.47883267  0.4605547  -0.45388303  0.71382834 -0.21471407  0.67797661
 -0.927432    0.2913131  -0.31730212 -0.78957065  0.36973467  0.21672592
 -0.25859007  0.20475357 -0.16947954  0.23727578  0.4992331   0.10787243
 -0.13675001  0.50219219 -0.26958723  0.19951406 -0.43304932  0.5016454
 -0.23729087  0.08988374 -0.09414895  0.15713714 -0.31100031  0.39908982
 -0.09693402 -0.09042475  0.34803258  0.34013553 -0.13742794 -0.31961134
 -0.25170756  0.46913398 -0.31120117  0.38143022  0.3521539   0.40119861
  0.41664373  0.41359476  0.39217669  0.36767556  0.51058589  0.46899887
  0.46855428  0.46253459  0.45528419  0.44942702  0.44401779  0.44320171
  0.43612274  0.43551437  0.43433344  0.43211361  0.42369858  0.40959441
  0.40571294  0.40142196  0.39481897  0.39269376  0.38902064  0.38920228
  0.38674322  0.38114841  0.38077841  0.37514627  0.36793182  0.36688221
  0.3625084   0.36147216  0.3599583   0.35910941  0.3554296   0.35374564
  0.36873107  0.36424418  0.35376199  0.35361077  0.34777767  0.34002561
  0.33855596  0.3350928   0.33124552  0.32795756  0.3268359   0.32565996
  0.3200553   0.31993398  0.31430519  0.31078202  0.30717503  0.30097405
  0.29767875  0.29718396  0.29268622  0.28765588  0.28352273  0.28348913
  0.28338653  0.28327159  0.28280488  0.27770073  0.27512258  0.25589239
  0.25052557]
[[0.00169837 0.0093989 ]
 [0.00356658 0.00694566]
 [0.00628397 0.00507176]
 [0.00866168 0.0036482 ]
 [0.00866168 0.0036482 ]
 [0.00866168 0.0036482 ]
 [0.00900136 0.00350899]
 [0.00968071 0.00332363]
 [0.00985054 0.00329318]
 [0.01528533 0.00236006]
 [0.01681386 0.00217456]
 [0.01902174 0.00196211]
 [0.02055027 0.00184623]]
