12
0.001
rdot
MMA
sample
[[ 1.          0.97873908  0.76356524 ...  0.9782      0.59105727
   0.27531309]
 [ 1.          0.97873908  0.76356524 ...  0.9782      0.59105727
   0.37814505]
 [ 1.          0.97873908  0.76356524 ...  0.9782      0.59105727
   0.39295525]
 ...
 [ 0.10612479  0.9834187   0.93762584 ...  0.66369007  0.95890836
  -0.11330898]
 [ 0.17687465  0.9834187   0.93762584 ...  0.66369007  0.95890836
  -0.11745745]
 [ 0.24762451  0.9834187   0.93762584 ...  0.66369007  0.95890836
  -0.12113016]]
20480
4.3221898517953324e-05
[[0.68131319 0.26453087 0.34023926 ... 0.74055822 0.79658395 0.25521969]
 [0.68131319 0.26453087 0.34023926 ... 0.74055822 0.79658395 0.25521969]
 [0.68131319 0.26453087 0.34023926 ... 0.74055822 0.79658395 0.25521969]
 ...
 [0.21146423 0.85407657 0.44357636 ... 0.24730021 0.30960886 0.83599305]
 [0.24497109 0.83868802 0.4462729  ... 0.27586022 0.35866691 0.83094168]
 [0.28036805 0.81365413 0.44357636 ... 0.3040111  0.41049228 0.81596998]]
[  2.00726263 -10.08383257  20.65450774  -4.39946807 -10.48157812
   0.29744052  -2.25820944   3.46527229  -4.42267457   0.71398047
   5.02245789  -9.76710721  -6.95185824  -5.03433705  14.67045931
   2.17595158  -7.20892706 -14.58813963   1.50345977  -6.23753138
   2.1964634   13.50773533   3.37256701   8.23470881  -0.58141562
   2.23605151   1.20180396]
[[0.68131319 0.26453087 0.34023926 ... 0.62138945 0.12478994 0.13148946]
 [0.68131319 0.26453087 0.34023926 ... 0.62138945 0.12478994 0.13148946]
 [0.68131319 0.26453087 0.34023926 ... 0.62138945 0.12478994 0.13148946]
 ...
 [0.21146423 0.85407657 0.44357636 ... 0.14041454 0.56513522 0.39087934]
 [0.24497109 0.83868802 0.4462729  ... 0.18252648 0.55832636 0.38616995]
 [0.28036805 0.81365413 0.44357636 ... 0.23158542 0.53838804 0.37237949]]
[  2.00726263 -10.08383257  20.65450774  -4.39946807 -10.48157812
   0.29744052  -2.25820944   3.46527229  -4.42267457   0.71398047
   5.02245789  -9.76710721  -6.95185824  -5.03433705  14.67045931
   2.17595158  -7.20892706 -14.58813963   1.50345977  -6.23753138
   2.1964634   13.50773533   3.37256701   8.23470881  -0.58141562
   2.23605151   1.20180396  -0.38301585   3.97879066  -2.38307423
   0.0875019    0.49941186  -0.21236461  -0.72809186  -0.99369541
   0.6875947    1.16266412   3.60987568  -0.89070985   0.08906645
  -8.50720215  -3.38749313   1.87809558  -2.33197388   1.59237494
   0.9708654   -7.90497261   0.94782683   0.05083815   2.9816831
  -1.67362239  -0.6699891   -0.23914703   0.32036356   4.26855276
   4.7542952    0.32335943   0.25043129  -2.23508396   7.34908334
  -0.80118518   2.08404188  -5.32956828   7.17357664   0.94754609
  -0.96557404  -4.02636941  -1.46305519]
[[0.68131319 0.26453087 0.34023926 ... 1.         0.01884943 0.07776697]
 [0.68131319 0.26453087 0.34023926 ... 1.         0.01884943 0.07776697]
 [0.68131319 0.26453087 0.34023926 ... 1.         0.01884943 0.07776697]
 ...
 [0.21146423 0.85407657 0.44357636 ... 0.00466857 0.49652425 0.37111383]
 [0.24497109 0.83868802 0.4462729  ... 0.00840805 0.50870845 0.45814458]
 [0.28036805 0.81365413 0.44357636 ... 0.01442613 0.49652425 0.53881663]]
[  2.00726263 -10.08383257  20.65450774  -4.39946807 -10.48157812
   0.29744052  -2.25820944   3.46527229  -4.42267457   0.71398047
   5.02245789  -9.76710721  -6.95185824  -5.03433705  14.67045931
   2.17595158  -7.20892706 -14.58813963   1.50345977  -6.23753138
   2.1964634   13.50773533   3.37256701   8.23470881  -0.58141562
   2.23605151   1.20180396  -0.38301585   3.97879066  -2.38307423
   0.0875019    0.49941186  -0.21236461  -0.72809186  -0.99369541
   0.6875947    1.16266412   3.60987568  -0.89070985   0.08906645
  -8.50720215  -3.38749313   1.87809558  -2.33197388   1.59237494
   0.9708654   -7.90497261   0.94782683   0.05083815   2.9816831
  -1.67362239  -0.6699891   -0.23914703   0.32036356   4.26855276
   4.7542952    0.32335943   0.25043129  -2.23508396   7.34908334
  -0.80118518   2.08404188  -5.32956828   7.17357664   0.94754609
  -0.96557404  -4.02636941  -1.46305519  -0.13891994   0.2226422
  -0.22700733  -0.78129833  -0.15530519   0.18790128   2.56577816
  -1.18323754   0.23609405   0.10298573  -0.04553018   0.2067468
   0.25070344  -0.08329099   0.26049956   0.15729995   0.73730523
   0.11808434   0.57896873   0.0589226    0.27138159  -0.32409349
  -0.94961486   0.56425967  -0.79999026  -0.11623017  -0.83392964
  -0.17149136   0.84526439  -1.42608413   0.40708616   2.82048838
  -0.06292037  -0.22565655  -1.73255093   0.51338846  -0.35281401
   0.39840474  -2.05195961  -0.83058208   0.73681471   1.27757664
   0.30594425  -0.10576846   0.3174364    0.22002433  -0.55210028
   0.22621253  -0.62101651   0.3243722 ]
[[0.68131319 0.26453087 0.34023926 ... 0.03624482 0.00117137 0.09643477]
 [0.68131319 0.26453087 0.34023926 ... 0.03624482 0.00117137 0.09643477]
 [0.68131319 0.26453087 0.34023926 ... 0.03624482 0.00117137 0.09643477]
 ...
 [0.21146423 0.85407657 0.44357636 ... 0.00747913 0.35608753 0.00231812]
 [0.24497109 0.83868802 0.4462729  ... 0.01139835 0.4118392  0.00555716]
 [0.28036805 0.81365413 0.44357636 ... 0.0157659  0.43229942 0.01209083]]
[ 2.00726263e+00 -1.00838326e+01  2.06545077e+01 -4.39946807e+00
 -1.04815781e+01  2.97440523e-01 -2.25820944e+00  3.46527229e+00
 -4.42267457e+00  7.13980471e-01  5.02245789e+00 -9.76710721e+00
 -6.95185824e+00 -5.03433705e+00  1.46704593e+01  2.17595158e+00
 -7.20892706e+00 -1.45881396e+01  1.50345977e+00 -6.23753138e+00
  2.19646340e+00  1.35077353e+01  3.37256701e+00  8.23470881e+00
 -5.81415624e-01  2.23605151e+00  1.20180396e+00 -3.83015848e-01
  3.97879066e+00 -2.38307423e+00  8.75019048e-02  4.99411857e-01
 -2.12364607e-01 -7.28091857e-01 -9.93695415e-01  6.87594698e-01
  1.16266412e+00  3.60987568e+00 -8.90709846e-01  8.90664497e-02
 -8.50720215e+00 -3.38749313e+00  1.87809558e+00 -2.33197388e+00
  1.59237494e+00  9.70865404e-01 -7.90497261e+00  9.47826833e-01
  5.08381486e-02  2.98168310e+00 -1.67362239e+00 -6.69989096e-01
 -2.39147030e-01  3.20363557e-01  4.26855276e+00  4.75429520e+00
  3.23359432e-01  2.50431285e-01 -2.23508396e+00  7.34908334e+00
 -8.01185181e-01  2.08404188e+00 -5.32956828e+00  7.17357664e+00
  9.47546085e-01 -9.65574036e-01 -4.02636941e+00 -1.46305519e+00
 -1.38919935e-01  2.22642204e-01 -2.27007325e-01 -7.81298333e-01
 -1.55305188e-01  1.87901282e-01  2.56577816e+00 -1.18323754e+00
  2.36094054e-01  1.02985730e-01 -4.55301799e-02  2.06746804e-01
  2.50703442e-01 -8.32909854e-02  2.60499561e-01  1.57299951e-01
  7.37305226e-01  1.18084338e-01  5.78968734e-01  5.89226032e-02
  2.71381590e-01 -3.24093493e-01 -9.49614857e-01  5.64259671e-01
 -7.99990257e-01 -1.16230168e-01 -8.33929637e-01 -1.71491364e-01
  8.45264392e-01 -1.42608413e+00  4.07086162e-01  2.82048838e+00
 -6.29203715e-02 -2.25656553e-01 -1.73255093e+00  5.13388460e-01
 -3.52814011e-01  3.98404741e-01 -2.05195961e+00 -8.30582079e-01
  7.36814711e-01  1.27757664e+00  3.05944250e-01 -1.05768459e-01
  3.17436396e-01  2.20024330e-01 -5.52100278e-01  2.26212533e-01
 -6.21016513e-01  3.24372203e-01 -9.08937277e-01  2.00998724e-01
 -6.27275985e-01  7.41962043e-02  1.02024187e-02 -4.01387495e-01
  1.47235159e-02  1.27357898e-01  2.56783613e-03  1.49801963e-01
  2.32600688e-01  3.07793665e-02  5.12802747e-01  5.64988073e-02
  2.52664347e-01 -3.98701557e-01 -5.41971109e-01  2.41595235e-01
 -1.13116916e-01 -2.61420480e-01  2.91394450e-01 -4.99771006e-01
  2.18324509e-01 -1.35135367e-01 -2.53865896e-01  4.82825813e-01
  1.54591147e-01 -2.33224048e-01  3.74532126e-01  3.52406446e-01
 -5.29860159e-02 -5.19168716e-02 -4.68657487e-02 -2.19081054e-01
  1.95352779e-02  6.79207935e-02 -5.13327231e-01 -3.31327053e-01
 -5.05469222e-02  1.85954065e-01 -4.98711606e-01  3.82363224e-01
  5.30109319e-01  2.44085749e-01 -3.14970630e-02  4.48029965e-02
 -4.12471917e-01 -4.73695272e-01  3.13735195e-01  2.28464156e-01
  8.75100182e-02  1.23976198e-01  7.24599130e-01 -1.61673294e-01
  3.96290824e-01  7.29038078e-02  2.89191687e-01  3.71729338e-01
  5.43509364e-01 -9.02271238e-02 -1.25972831e-01 -2.03227711e-01
  6.04385611e-01 -2.04382386e-01 -2.52463110e-01 -1.31163717e-01
  1.65159478e-01 -1.67023307e-01 -3.37481533e-01 -4.97428974e-01
 -1.57302824e-01  2.45517141e-01 -2.18584081e-01]
[[6.81313186e-01 2.64530872e-01 3.40239258e-01 ... 7.89607582e-03
  2.24803093e-06 8.02070051e-04]
 [6.81313186e-01 2.64530872e-01 3.40239258e-01 ... 7.89607582e-03
  2.24803093e-06 8.02070051e-04]
 [6.81313186e-01 2.64530872e-01 3.40239258e-01 ... 7.89607582e-03
  2.24803093e-06 8.02070051e-04]
 ...
 [2.11464231e-01 8.54076567e-01 4.43576363e-01 ... 6.96703860e-05
  4.16549395e-05 1.43927399e-03]
 [2.44971094e-01 8.38688024e-01 4.46272903e-01 ... 3.34140076e-04
  5.57196453e-05 4.00991804e-03]
 [2.80368051e-01 8.13654131e-01 4.43576363e-01 ... 1.32002157e-03
  6.13934852e-05 9.20236860e-03]]
[ 2.00726263e+00 -1.00838326e+01  2.06545077e+01 -4.39946807e+00
 -1.04815781e+01  2.97440523e-01 -2.25820944e+00  3.46527229e+00
 -4.42267457e+00  7.13980471e-01  5.02245789e+00 -9.76710721e+00
 -6.95185824e+00 -5.03433705e+00  1.46704593e+01  2.17595158e+00
 -7.20892706e+00 -1.45881396e+01  1.50345977e+00 -6.23753138e+00
  2.19646340e+00  1.35077353e+01  3.37256701e+00  8.23470881e+00
 -5.81415624e-01  2.23605151e+00  1.20180396e+00 -3.83015848e-01
  3.97879066e+00 -2.38307423e+00  8.75019048e-02  4.99411857e-01
 -2.12364607e-01 -7.28091857e-01 -9.93695415e-01  6.87594698e-01
  1.16266412e+00  3.60987568e+00 -8.90709846e-01  8.90664497e-02
 -8.50720215e+00 -3.38749313e+00  1.87809558e+00 -2.33197388e+00
  1.59237494e+00  9.70865404e-01 -7.90497261e+00  9.47826833e-01
  5.08381486e-02  2.98168310e+00 -1.67362239e+00 -6.69989096e-01
 -2.39147030e-01  3.20363557e-01  4.26855276e+00  4.75429520e+00
  3.23359432e-01  2.50431285e-01 -2.23508396e+00  7.34908334e+00
 -8.01185181e-01  2.08404188e+00 -5.32956828e+00  7.17357664e+00
  9.47546085e-01 -9.65574036e-01 -4.02636941e+00 -1.46305519e+00
 -1.38919935e-01  2.22642204e-01 -2.27007325e-01 -7.81298333e-01
 -1.55305188e-01  1.87901282e-01  2.56577816e+00 -1.18323754e+00
  2.36094054e-01  1.02985730e-01 -4.55301799e-02  2.06746804e-01
  2.50703442e-01 -8.32909854e-02  2.60499561e-01  1.57299951e-01
  7.37305226e-01  1.18084338e-01  5.78968734e-01  5.89226032e-02
  2.71381590e-01 -3.24093493e-01 -9.49614857e-01  5.64259671e-01
 -7.99990257e-01 -1.16230168e-01 -8.33929637e-01 -1.71491364e-01
  8.45264392e-01 -1.42608413e+00  4.07086162e-01  2.82048838e+00
 -6.29203715e-02 -2.25656553e-01 -1.73255093e+00  5.13388460e-01
 -3.52814011e-01  3.98404741e-01 -2.05195961e+00 -8.30582079e-01
  7.36814711e-01  1.27757664e+00  3.05944250e-01 -1.05768459e-01
  3.17436396e-01  2.20024330e-01 -5.52100278e-01  2.26212533e-01
 -6.21016513e-01  3.24372203e-01 -9.08937277e-01  2.00998724e-01
 -6.27275985e-01  7.41962043e-02  1.02024187e-02 -4.01387495e-01
  1.47235159e-02  1.27357898e-01  2.56783613e-03  1.49801963e-01
  2.32600688e-01  3.07793665e-02  5.12802747e-01  5.64988073e-02
  2.52664347e-01 -3.98701557e-01 -5.41971109e-01  2.41595235e-01
 -1.13116916e-01 -2.61420480e-01  2.91394450e-01 -4.99771006e-01
  2.18324509e-01 -1.35135367e-01 -2.53865896e-01  4.82825813e-01
  1.54591147e-01 -2.33224048e-01  3.74532126e-01  3.52406446e-01
 -5.29860159e-02 -5.19168716e-02 -4.68657487e-02 -2.19081054e-01
  1.95352779e-02  6.79207935e-02 -5.13327231e-01 -3.31327053e-01
 -5.05469222e-02  1.85954065e-01 -4.98711606e-01  3.82363224e-01
  5.30109319e-01  2.44085749e-01 -3.14970630e-02  4.48029965e-02
 -4.12471917e-01 -4.73695272e-01  3.13735195e-01  2.28464156e-01
  8.75100182e-02  1.23976198e-01  7.24599130e-01 -1.61673294e-01
  3.96290824e-01  7.29038078e-02  2.89191687e-01  3.71729338e-01
  5.43509364e-01 -9.02271238e-02 -1.25972831e-01 -2.03227711e-01
  6.04385611e-01 -2.04382386e-01 -2.52463110e-01 -1.31163717e-01
  1.65159478e-01 -1.67023307e-01 -3.37481533e-01 -4.97428974e-01
 -1.57302824e-01  2.45517141e-01 -2.18584081e-01  1.25057067e-01
 -1.00883767e-01  9.84373314e-02 -6.50253066e-02  8.32603169e-02
 -5.61979344e-02 -6.68620633e-02 -5.00356836e-02  4.18439199e-02
 -1.37552260e-01  1.69199947e-01  2.05818041e-01 -2.32356882e-01
 -1.29559451e-01 -1.07423843e-01  2.30091247e-01 -2.80246450e-02
 -2.90406358e-02  7.45555706e-02 -2.77710831e-01  2.02324472e-01
 -6.58630221e-02  2.68601583e-02  1.58296475e-01  5.61266454e-03
 -1.78789676e-01  1.40246852e-01 -1.30527965e-01  5.48770842e-02
 -3.85288360e-02 -8.61670222e-02  9.30116811e-02  9.06540785e-02
 -1.20679354e-01 -7.38510745e-02  1.16202529e-01  9.70041723e-02
  9.84743992e-02 -2.49134414e-02  3.94986092e-02 -5.45650492e-02
 -1.21134561e-01 -1.34696096e-01  1.03399614e-01 -8.82025135e-02
  8.93922448e-02  4.01563720e-02  5.98852743e-02  6.28670263e-02
 -6.27590133e-02]
[[6.81313186e-01 2.64530872e-01 3.40239258e-01 ... 1.57853829e-17
  1.29073291e-03 1.75468079e-05]
 [6.81313186e-01 2.64530872e-01 3.40239258e-01 ... 1.57853829e-17
  1.29073291e-03 1.75468079e-05]
 [6.81313186e-01 2.64530872e-01 3.40239258e-01 ... 1.57853829e-17
  1.29073291e-03 1.75468079e-05]
 ...
 [2.11464231e-01 8.54076567e-01 4.43576363e-01 ... 2.16131591e-04
  3.30437226e-12 1.03366539e-10]
 [2.44971094e-01 8.38688024e-01 4.46272903e-01 ... 1.20791001e-04
  7.60063132e-11 2.37761032e-09]
 [2.80368051e-01 8.13654131e-01 4.43576363e-01 ... 4.58031271e-05
  1.18619090e-09 3.71061244e-08]]
[ 2.00726263e+00 -1.00838326e+01  2.06545077e+01 -4.39946807e+00
 -1.04815781e+01  2.97440523e-01 -2.25820944e+00  3.46527229e+00
 -4.42267457e+00  7.13980471e-01  5.02245789e+00 -9.76710721e+00
 -6.95185824e+00 -5.03433705e+00  1.46704593e+01  2.17595158e+00
 -7.20892706e+00 -1.45881396e+01  1.50345977e+00 -6.23753138e+00
  2.19646340e+00  1.35077353e+01  3.37256701e+00  8.23470881e+00
 -5.81415624e-01  2.23605151e+00  1.20180396e+00 -3.83015848e-01
  3.97879066e+00 -2.38307423e+00  8.75019048e-02  4.99411857e-01
 -2.12364607e-01 -7.28091857e-01 -9.93695415e-01  6.87594698e-01
  1.16266412e+00  3.60987568e+00 -8.90709846e-01  8.90664497e-02
 -8.50720215e+00 -3.38749313e+00  1.87809558e+00 -2.33197388e+00
  1.59237494e+00  9.70865404e-01 -7.90497261e+00  9.47826833e-01
  5.08381486e-02  2.98168310e+00 -1.67362239e+00 -6.69989096e-01
 -2.39147030e-01  3.20363557e-01  4.26855276e+00  4.75429520e+00
  3.23359432e-01  2.50431285e-01 -2.23508396e+00  7.34908334e+00
 -8.01185181e-01  2.08404188e+00 -5.32956828e+00  7.17357664e+00
  9.47546085e-01 -9.65574036e-01 -4.02636941e+00 -1.46305519e+00
 -1.38919935e-01  2.22642204e-01 -2.27007325e-01 -7.81298333e-01
 -1.55305188e-01  1.87901282e-01  2.56577816e+00 -1.18323754e+00
  2.36094054e-01  1.02985730e-01 -4.55301799e-02  2.06746804e-01
  2.50703442e-01 -8.32909854e-02  2.60499561e-01  1.57299951e-01
  7.37305226e-01  1.18084338e-01  5.78968734e-01  5.89226032e-02
  2.71381590e-01 -3.24093493e-01 -9.49614857e-01  5.64259671e-01
 -7.99990257e-01 -1.16230168e-01 -8.33929637e-01 -1.71491364e-01
  8.45264392e-01 -1.42608413e+00  4.07086162e-01  2.82048838e+00
 -6.29203715e-02 -2.25656553e-01 -1.73255093e+00  5.13388460e-01
 -3.52814011e-01  3.98404741e-01 -2.05195961e+00 -8.30582079e-01
  7.36814711e-01  1.27757664e+00  3.05944250e-01 -1.05768459e-01
  3.17436396e-01  2.20024330e-01 -5.52100278e-01  2.26212533e-01
 -6.21016513e-01  3.24372203e-01 -9.08937277e-01  2.00998724e-01
 -6.27275985e-01  7.41962043e-02  1.02024187e-02 -4.01387495e-01
  1.47235159e-02  1.27357898e-01  2.56783613e-03  1.49801963e-01
  2.32600688e-01  3.07793665e-02  5.12802747e-01  5.64988073e-02
  2.52664347e-01 -3.98701557e-01 -5.41971109e-01  2.41595235e-01
 -1.13116916e-01 -2.61420480e-01  2.91394450e-01 -4.99771006e-01
  2.18324509e-01 -1.35135367e-01 -2.53865896e-01  4.82825813e-01
  1.54591147e-01 -2.33224048e-01  3.74532126e-01  3.52406446e-01
 -5.29860159e-02 -5.19168716e-02 -4.68657487e-02 -2.19081054e-01
  1.95352779e-02  6.79207935e-02 -5.13327231e-01 -3.31327053e-01
 -5.05469222e-02  1.85954065e-01 -4.98711606e-01  3.82363224e-01
  5.30109319e-01  2.44085749e-01 -3.14970630e-02  4.48029965e-02
 -4.12471917e-01 -4.73695272e-01  3.13735195e-01  2.28464156e-01
  8.75100182e-02  1.23976198e-01  7.24599130e-01 -1.61673294e-01
  3.96290824e-01  7.29038078e-02  2.89191687e-01  3.71729338e-01
  5.43509364e-01 -9.02271238e-02 -1.25972831e-01 -2.03227711e-01
  6.04385611e-01 -2.04382386e-01 -2.52463110e-01 -1.31163717e-01
  1.65159478e-01 -1.67023307e-01 -3.37481533e-01 -4.97428974e-01
 -1.57302824e-01  2.45517141e-01 -2.18584081e-01  1.25057067e-01
 -1.00883767e-01  9.84373314e-02 -6.50253066e-02  8.32603169e-02
 -5.61979344e-02 -6.68620633e-02 -5.00356836e-02  4.18439199e-02
 -1.37552260e-01  1.69199947e-01  2.05818041e-01 -2.32356882e-01
 -1.29559451e-01 -1.07423843e-01  2.30091247e-01 -2.80246450e-02
 -2.90406358e-02  7.45555706e-02 -2.77710831e-01  2.02324472e-01
 -6.58630221e-02  2.68601583e-02  1.58296475e-01  5.61266454e-03
 -1.78789676e-01  1.40246852e-01 -1.30527965e-01  5.48770842e-02
 -3.85288360e-02 -8.61670222e-02  9.30116811e-02  9.06540785e-02
 -1.20679354e-01 -7.38510745e-02  1.16202529e-01  9.70041723e-02
  9.84743992e-02 -2.49134414e-02  3.94986092e-02 -5.45650492e-02
 -1.21134561e-01 -1.34696096e-01  1.03399614e-01 -8.82025135e-02
  8.93922448e-02  4.01563720e-02  5.98852743e-02  6.28670263e-02
 -6.27590133e-02 -7.29443503e-02  1.08111255e-01  9.03348924e-02
  1.33965655e-01 -7.28294999e-02 -1.43313318e-01  1.38250675e-01
 -9.54699799e-02 -6.23018838e-02 -9.81952538e-02 -1.22340034e-01
 -7.96790034e-02  4.70441070e-02  7.68370105e-02  3.93255224e-02
 -8.58223629e-02  1.38524587e-01 -1.35100748e-01  9.81455052e-02
  9.02480944e-02 -1.50284861e-01 -5.65368195e-02  1.78378338e-02
 -7.49137082e-02 -3.62353756e-02  7.61882288e-02  5.79452780e-02
 -1.11096551e-01 -2.09907617e-02  1.86377535e-02  7.40505487e-02
  1.61178540e-02  3.94180071e-02 -7.55024922e-02 -7.52564953e-02
  7.50070143e-02  7.13525152e-02 -8.03515838e-02  1.02636473e-01
 -1.17896593e-01  2.45627844e-02  3.23031018e-02  5.79232243e-02
  3.04250118e-02 -5.61207149e-02 -1.07814131e-01  3.29656618e-02
 -7.77087968e-02  2.95118704e-02 -3.00821439e-02 -1.14253372e-01
  4.89669975e-02  6.63505421e-02  1.04043169e-01  2.12278994e-02
 -5.41937882e-02  5.85937194e-02  8.27160419e-02  7.38579095e-02
  6.37408863e-02 -6.22785664e-02  6.33238448e-02 -7.54707918e-02
  8.17622990e-02 -2.76301590e-02 -4.17778988e-02  5.81546178e-02
 -6.18099735e-02  5.65271774e-02  7.74684830e-02  6.37311812e-02]
[[6.81313186e-01 2.64530872e-01 3.40239258e-01 ... 3.93197324e-13
  2.51821400e-11 3.67722462e-13]
 [6.81313186e-01 2.64530872e-01 3.40239258e-01 ... 3.93197324e-13
  2.51821400e-11 3.67722462e-13]
 [6.81313186e-01 2.64530872e-01 3.40239258e-01 ... 3.93197324e-13
  2.51821400e-11 3.67722462e-13]
 ...
 [2.11464231e-01 8.54076567e-01 4.43576363e-01 ... 4.56393317e-14
  1.56986701e-15 2.66183292e-16]
 [2.44971094e-01 8.38688024e-01 4.46272903e-01 ... 1.32820753e-12
  1.95415122e-13 1.40832274e-13]
 [2.80368051e-01 8.13654131e-01 4.43576363e-01 ... 1.77943052e-11
  1.11980374e-11 3.43014145e-11]]
[ 2.00726263e+00 -1.00838326e+01  2.06545077e+01 -4.39946807e+00
 -1.04815781e+01  2.97440523e-01 -2.25820944e+00  3.46527229e+00
 -4.42267457e+00  7.13980471e-01  5.02245789e+00 -9.76710721e+00
 -6.95185824e+00 -5.03433705e+00  1.46704593e+01  2.17595158e+00
 -7.20892706e+00 -1.45881396e+01  1.50345977e+00 -6.23753138e+00
  2.19646340e+00  1.35077353e+01  3.37256701e+00  8.23470881e+00
 -5.81415624e-01  2.23605151e+00  1.20180396e+00 -3.83015848e-01
  3.97879066e+00 -2.38307423e+00  8.75019048e-02  4.99411857e-01
 -2.12364607e-01 -7.28091857e-01 -9.93695415e-01  6.87594698e-01
  1.16266412e+00  3.60987568e+00 -8.90709846e-01  8.90664497e-02
 -8.50720215e+00 -3.38749313e+00  1.87809558e+00 -2.33197388e+00
  1.59237494e+00  9.70865404e-01 -7.90497261e+00  9.47826833e-01
  5.08381486e-02  2.98168310e+00 -1.67362239e+00 -6.69989096e-01
 -2.39147030e-01  3.20363557e-01  4.26855276e+00  4.75429520e+00
  3.23359432e-01  2.50431285e-01 -2.23508396e+00  7.34908334e+00
 -8.01185181e-01  2.08404188e+00 -5.32956828e+00  7.17357664e+00
  9.47546085e-01 -9.65574036e-01 -4.02636941e+00 -1.46305519e+00
 -1.38919935e-01  2.22642204e-01 -2.27007325e-01 -7.81298333e-01
 -1.55305188e-01  1.87901282e-01  2.56577816e+00 -1.18323754e+00
  2.36094054e-01  1.02985730e-01 -4.55301799e-02  2.06746804e-01
  2.50703442e-01 -8.32909854e-02  2.60499561e-01  1.57299951e-01
  7.37305226e-01  1.18084338e-01  5.78968734e-01  5.89226032e-02
  2.71381590e-01 -3.24093493e-01 -9.49614857e-01  5.64259671e-01
 -7.99990257e-01 -1.16230168e-01 -8.33929637e-01 -1.71491364e-01
  8.45264392e-01 -1.42608413e+00  4.07086162e-01  2.82048838e+00
 -6.29203715e-02 -2.25656553e-01 -1.73255093e+00  5.13388460e-01
 -3.52814011e-01  3.98404741e-01 -2.05195961e+00 -8.30582079e-01
  7.36814711e-01  1.27757664e+00  3.05944250e-01 -1.05768459e-01
  3.17436396e-01  2.20024330e-01 -5.52100278e-01  2.26212533e-01
 -6.21016513e-01  3.24372203e-01 -9.08937277e-01  2.00998724e-01
 -6.27275985e-01  7.41962043e-02  1.02024187e-02 -4.01387495e-01
  1.47235159e-02  1.27357898e-01  2.56783613e-03  1.49801963e-01
  2.32600688e-01  3.07793665e-02  5.12802747e-01  5.64988073e-02
  2.52664347e-01 -3.98701557e-01 -5.41971109e-01  2.41595235e-01
 -1.13116916e-01 -2.61420480e-01  2.91394450e-01 -4.99771006e-01
  2.18324509e-01 -1.35135367e-01 -2.53865896e-01  4.82825813e-01
  1.54591147e-01 -2.33224048e-01  3.74532126e-01  3.52406446e-01
 -5.29860159e-02 -5.19168716e-02 -4.68657487e-02 -2.19081054e-01
  1.95352779e-02  6.79207935e-02 -5.13327231e-01 -3.31327053e-01
 -5.05469222e-02  1.85954065e-01 -4.98711606e-01  3.82363224e-01
  5.30109319e-01  2.44085749e-01 -3.14970630e-02  4.48029965e-02
 -4.12471917e-01 -4.73695272e-01  3.13735195e-01  2.28464156e-01
  8.75100182e-02  1.23976198e-01  7.24599130e-01 -1.61673294e-01
  3.96290824e-01  7.29038078e-02  2.89191687e-01  3.71729338e-01
  5.43509364e-01 -9.02271238e-02 -1.25972831e-01 -2.03227711e-01
  6.04385611e-01 -2.04382386e-01 -2.52463110e-01 -1.31163717e-01
  1.65159478e-01 -1.67023307e-01 -3.37481533e-01 -4.97428974e-01
 -1.57302824e-01  2.45517141e-01 -2.18584081e-01  1.25057067e-01
 -1.00883767e-01  9.84373314e-02 -6.50253066e-02  8.32603169e-02
 -5.61979344e-02 -6.68620633e-02 -5.00356836e-02  4.18439199e-02
 -1.37552260e-01  1.69199947e-01  2.05818041e-01 -2.32356882e-01
 -1.29559451e-01 -1.07423843e-01  2.30091247e-01 -2.80246450e-02
 -2.90406358e-02  7.45555706e-02 -2.77710831e-01  2.02324472e-01
 -6.58630221e-02  2.68601583e-02  1.58296475e-01  5.61266454e-03
 -1.78789676e-01  1.40246852e-01 -1.30527965e-01  5.48770842e-02
 -3.85288360e-02 -8.61670222e-02  9.30116811e-02  9.06540785e-02
 -1.20679354e-01 -7.38510745e-02  1.16202529e-01  9.70041723e-02
  9.84743992e-02 -2.49134414e-02  3.94986092e-02 -5.45650492e-02
 -1.21134561e-01 -1.34696096e-01  1.03399614e-01 -8.82025135e-02
  8.93922448e-02  4.01563720e-02  5.98852743e-02  6.28670263e-02
 -6.27590133e-02 -7.29443503e-02  1.08111255e-01  9.03348924e-02
  1.33965655e-01 -7.28294999e-02 -1.43313318e-01  1.38250675e-01
 -9.54699799e-02 -6.23018838e-02 -9.81952538e-02 -1.22340034e-01
 -7.96790034e-02  4.70441070e-02  7.68370105e-02  3.93255224e-02
 -8.58223629e-02  1.38524587e-01 -1.35100748e-01  9.81455052e-02
  9.02480944e-02 -1.50284861e-01 -5.65368195e-02  1.78378338e-02
 -7.49137082e-02 -3.62353756e-02  7.61882288e-02  5.79452780e-02
 -1.11096551e-01 -2.09907617e-02  1.86377535e-02  7.40505487e-02
  1.61178540e-02  3.94180071e-02 -7.55024922e-02 -7.52564953e-02
  7.50070143e-02  7.13525152e-02 -8.03515838e-02  1.02636473e-01
 -1.17896593e-01  2.45627844e-02  3.23031018e-02  5.79232243e-02
  3.04250118e-02 -5.61207149e-02 -1.07814131e-01  3.29656618e-02
 -7.77087968e-02  2.95118704e-02 -3.00821439e-02 -1.14253372e-01
  4.89669975e-02  6.63505421e-02  1.04043169e-01  2.12278994e-02
 -5.41937882e-02  5.85937194e-02  8.27160419e-02  7.38579095e-02
  6.37408863e-02 -6.22785664e-02  6.33238448e-02 -7.54707918e-02
  8.17622990e-02 -2.76301590e-02 -4.17778988e-02  5.81546178e-02
 -6.18099735e-02  5.65271774e-02  7.74684830e-02  6.37311812e-02
 -2.04527230e-01  1.06215072e-01  8.20129707e-02 -2.81799318e-02
  1.77961374e-02  1.07238076e-01 -6.81204017e-02 -5.70098528e-02
 -2.30602256e-02  3.30022650e-02  1.06773881e-01  7.82492930e-02
  6.69191083e-02 -5.89958334e-02  1.46718096e-02  1.64514069e-01
  2.06581311e-02 -2.20117848e-02 -5.48863958e-02  6.20695178e-02
  1.11565765e-02 -2.09392039e-02 -5.39017500e-02 -1.82405506e-01
  3.73263833e-02  1.77584317e-02 -3.14942068e-02 -7.32190215e-02
  8.04580247e-02 -5.14301684e-02 -4.51114767e-02 -5.81280939e-02
 -5.99341182e-02 -4.93780694e-02  5.46771484e-02 -5.67067123e-02
  5.51636119e-02 -5.59002688e-02  5.52502813e-02]
[[6.81313186e-01 2.64530872e-01 3.40239258e-01 ... 2.31153052e-16
  1.19277356e-14 2.41943273e-17]
 [6.81313186e-01 2.64530872e-01 3.40239258e-01 ... 2.31153052e-16
  1.19277356e-14 2.41943273e-17]
 [6.81313186e-01 2.64530872e-01 3.40239258e-01 ... 2.31153052e-16
  1.19277356e-14 2.41943273e-17]
 ...
 [2.11464231e-01 8.54076567e-01 4.43576363e-01 ... 9.20203271e-50
  7.24115395e-70 3.29481485e-57]
 [2.44971094e-01 8.38688024e-01 4.46272903e-01 ... 1.79625342e-42
  1.41348634e-62 3.92012494e-51]
 [2.80368051e-01 8.13654131e-01 4.43576363e-01 ... 7.43067594e-36
  5.84725898e-56 9.88429456e-46]]
[ 2.00726263e+00 -1.00838326e+01  2.06545077e+01 -4.39946807e+00
 -1.04815781e+01  2.97440523e-01 -2.25820944e+00  3.46527229e+00
 -4.42267457e+00  7.13980471e-01  5.02245789e+00 -9.76710721e+00
 -6.95185824e+00 -5.03433705e+00  1.46704593e+01  2.17595158e+00
 -7.20892706e+00 -1.45881396e+01  1.50345977e+00 -6.23753138e+00
  2.19646340e+00  1.35077353e+01  3.37256701e+00  8.23470881e+00
 -5.81415624e-01  2.23605151e+00  1.20180396e+00 -3.83015848e-01
  3.97879066e+00 -2.38307423e+00  8.75019048e-02  4.99411857e-01
 -2.12364607e-01 -7.28091857e-01 -9.93695415e-01  6.87594698e-01
  1.16266412e+00  3.60987568e+00 -8.90709846e-01  8.90664497e-02
 -8.50720215e+00 -3.38749313e+00  1.87809558e+00 -2.33197388e+00
  1.59237494e+00  9.70865404e-01 -7.90497261e+00  9.47826833e-01
  5.08381486e-02  2.98168310e+00 -1.67362239e+00 -6.69989096e-01
 -2.39147030e-01  3.20363557e-01  4.26855276e+00  4.75429520e+00
  3.23359432e-01  2.50431285e-01 -2.23508396e+00  7.34908334e+00
 -8.01185181e-01  2.08404188e+00 -5.32956828e+00  7.17357664e+00
  9.47546085e-01 -9.65574036e-01 -4.02636941e+00 -1.46305519e+00
 -1.38919935e-01  2.22642204e-01 -2.27007325e-01 -7.81298333e-01
 -1.55305188e-01  1.87901282e-01  2.56577816e+00 -1.18323754e+00
  2.36094054e-01  1.02985730e-01 -4.55301799e-02  2.06746804e-01
  2.50703442e-01 -8.32909854e-02  2.60499561e-01  1.57299951e-01
  7.37305226e-01  1.18084338e-01  5.78968734e-01  5.89226032e-02
  2.71381590e-01 -3.24093493e-01 -9.49614857e-01  5.64259671e-01
 -7.99990257e-01 -1.16230168e-01 -8.33929637e-01 -1.71491364e-01
  8.45264392e-01 -1.42608413e+00  4.07086162e-01  2.82048838e+00
 -6.29203715e-02 -2.25656553e-01 -1.73255093e+00  5.13388460e-01
 -3.52814011e-01  3.98404741e-01 -2.05195961e+00 -8.30582079e-01
  7.36814711e-01  1.27757664e+00  3.05944250e-01 -1.05768459e-01
  3.17436396e-01  2.20024330e-01 -5.52100278e-01  2.26212533e-01
 -6.21016513e-01  3.24372203e-01 -9.08937277e-01  2.00998724e-01
 -6.27275985e-01  7.41962043e-02  1.02024187e-02 -4.01387495e-01
  1.47235159e-02  1.27357898e-01  2.56783613e-03  1.49801963e-01
  2.32600688e-01  3.07793665e-02  5.12802747e-01  5.64988073e-02
  2.52664347e-01 -3.98701557e-01 -5.41971109e-01  2.41595235e-01
 -1.13116916e-01 -2.61420480e-01  2.91394450e-01 -4.99771006e-01
  2.18324509e-01 -1.35135367e-01 -2.53865896e-01  4.82825813e-01
  1.54591147e-01 -2.33224048e-01  3.74532126e-01  3.52406446e-01
 -5.29860159e-02 -5.19168716e-02 -4.68657487e-02 -2.19081054e-01
  1.95352779e-02  6.79207935e-02 -5.13327231e-01 -3.31327053e-01
 -5.05469222e-02  1.85954065e-01 -4.98711606e-01  3.82363224e-01
  5.30109319e-01  2.44085749e-01 -3.14970630e-02  4.48029965e-02
 -4.12471917e-01 -4.73695272e-01  3.13735195e-01  2.28464156e-01
  8.75100182e-02  1.23976198e-01  7.24599130e-01 -1.61673294e-01
  3.96290824e-01  7.29038078e-02  2.89191687e-01  3.71729338e-01
  5.43509364e-01 -9.02271238e-02 -1.25972831e-01 -2.03227711e-01
  6.04385611e-01 -2.04382386e-01 -2.52463110e-01 -1.31163717e-01
  1.65159478e-01 -1.67023307e-01 -3.37481533e-01 -4.97428974e-01
 -1.57302824e-01  2.45517141e-01 -2.18584081e-01  1.25057067e-01
 -1.00883767e-01  9.84373314e-02 -6.50253066e-02  8.32603169e-02
 -5.61979344e-02 -6.68620633e-02 -5.00356836e-02  4.18439199e-02
 -1.37552260e-01  1.69199947e-01  2.05818041e-01 -2.32356882e-01
 -1.29559451e-01 -1.07423843e-01  2.30091247e-01 -2.80246450e-02
 -2.90406358e-02  7.45555706e-02 -2.77710831e-01  2.02324472e-01
 -6.58630221e-02  2.68601583e-02  1.58296475e-01  5.61266454e-03
 -1.78789676e-01  1.40246852e-01 -1.30527965e-01  5.48770842e-02
 -3.85288360e-02 -8.61670222e-02  9.30116811e-02  9.06540785e-02
 -1.20679354e-01 -7.38510745e-02  1.16202529e-01  9.70041723e-02
  9.84743992e-02 -2.49134414e-02  3.94986092e-02 -5.45650492e-02
 -1.21134561e-01 -1.34696096e-01  1.03399614e-01 -8.82025135e-02
  8.93922448e-02  4.01563720e-02  5.98852743e-02  6.28670263e-02
 -6.27590133e-02 -7.29443503e-02  1.08111255e-01  9.03348924e-02
  1.33965655e-01 -7.28294999e-02 -1.43313318e-01  1.38250675e-01
 -9.54699799e-02 -6.23018838e-02 -9.81952538e-02 -1.22340034e-01
 -7.96790034e-02  4.70441070e-02  7.68370105e-02  3.93255224e-02
 -8.58223629e-02  1.38524587e-01 -1.35100748e-01  9.81455052e-02
  9.02480944e-02 -1.50284861e-01 -5.65368195e-02  1.78378338e-02
 -7.49137082e-02 -3.62353756e-02  7.61882288e-02  5.79452780e-02
 -1.11096551e-01 -2.09907617e-02  1.86377535e-02  7.40505487e-02
  1.61178540e-02  3.94180071e-02 -7.55024922e-02 -7.52564953e-02
  7.50070143e-02  7.13525152e-02 -8.03515838e-02  1.02636473e-01
 -1.17896593e-01  2.45627844e-02  3.23031018e-02  5.79232243e-02
  3.04250118e-02 -5.61207149e-02 -1.07814131e-01  3.29656618e-02
 -7.77087968e-02  2.95118704e-02 -3.00821439e-02 -1.14253372e-01
  4.89669975e-02  6.63505421e-02  1.04043169e-01  2.12278994e-02
 -5.41937882e-02  5.85937194e-02  8.27160419e-02  7.38579095e-02
  6.37408863e-02 -6.22785664e-02  6.33238448e-02 -7.54707918e-02
  8.17622990e-02 -2.76301590e-02 -4.17778988e-02  5.81546178e-02
 -6.18099735e-02  5.65271774e-02  7.74684830e-02  6.37311812e-02
 -2.04527230e-01  1.06215072e-01  8.20129707e-02 -2.81799318e-02
  1.77961374e-02  1.07238076e-01 -6.81204017e-02 -5.70098528e-02
 -2.30602256e-02  3.30022650e-02  1.06773881e-01  7.82492930e-02
  6.69191083e-02 -5.89958334e-02  1.46718096e-02  1.64514069e-01
  2.06581311e-02 -2.20117848e-02 -5.48863958e-02  6.20695178e-02
  1.11565765e-02 -2.09392039e-02 -5.39017500e-02 -1.82405506e-01
  3.73263833e-02  1.77584317e-02 -3.14942068e-02 -7.32190215e-02
  8.04580247e-02 -5.14301684e-02 -4.51114767e-02 -5.81280939e-02
 -5.99341182e-02 -4.93780694e-02  5.46771484e-02 -5.67067123e-02
  5.51636119e-02 -5.59002688e-02  5.52502813e-02 -5.08351032e-02
 -4.69211217e-02 -4.50322159e-02 -4.34509642e-02  8.36499150e-02
 -4.15769967e-02 -4.68811438e-02  8.47373227e-02]
[[6.81313186e-001 2.64530872e-001 3.40239258e-001 ... 3.35330688e-020
  1.76393611e-023 1.24551857e-010]
 [6.81313186e-001 2.64530872e-001 3.40239258e-001 ... 3.35330688e-020
  1.76393611e-023 1.24551857e-010]
 [6.81313186e-001 2.64530872e-001 3.40239258e-001 ... 3.35330688e-020
  1.76393611e-023 1.24551857e-010]
 ...
 [2.11464231e-001 8.54076567e-001 4.43576363e-001 ... 2.09389780e-144
  3.99813160e-110 1.30818162e-124]
 [2.44971094e-001 8.38688024e-001 4.46272903e-001 ... 4.71741582e-128
  9.58860794e-097 4.98466200e-110]
 [2.80368051e-001 8.13654131e-001 4.43576363e-001 ... 4.77316657e-113
  1.03277994e-084 8.53015929e-097]]
[ 2.00726263e+00 -1.00838326e+01  2.06545077e+01 -4.39946807e+00
 -1.04815781e+01  2.97440523e-01 -2.25820944e+00  3.46527229e+00
 -4.42267457e+00  7.13980471e-01  5.02245789e+00 -9.76710721e+00
 -6.95185824e+00 -5.03433705e+00  1.46704593e+01  2.17595158e+00
 -7.20892706e+00 -1.45881396e+01  1.50345977e+00 -6.23753138e+00
  2.19646340e+00  1.35077353e+01  3.37256701e+00  8.23470881e+00
 -5.81415624e-01  2.23605151e+00  1.20180396e+00 -3.83015848e-01
  3.97879066e+00 -2.38307423e+00  8.75019048e-02  4.99411857e-01
 -2.12364607e-01 -7.28091857e-01 -9.93695415e-01  6.87594698e-01
  1.16266412e+00  3.60987568e+00 -8.90709846e-01  8.90664497e-02
 -8.50720215e+00 -3.38749313e+00  1.87809558e+00 -2.33197388e+00
  1.59237494e+00  9.70865404e-01 -7.90497261e+00  9.47826833e-01
  5.08381486e-02  2.98168310e+00 -1.67362239e+00 -6.69989096e-01
 -2.39147030e-01  3.20363557e-01  4.26855276e+00  4.75429520e+00
  3.23359432e-01  2.50431285e-01 -2.23508396e+00  7.34908334e+00
 -8.01185181e-01  2.08404188e+00 -5.32956828e+00  7.17357664e+00
  9.47546085e-01 -9.65574036e-01 -4.02636941e+00 -1.46305519e+00
 -1.38919935e-01  2.22642204e-01 -2.27007325e-01 -7.81298333e-01
 -1.55305188e-01  1.87901282e-01  2.56577816e+00 -1.18323754e+00
  2.36094054e-01  1.02985730e-01 -4.55301799e-02  2.06746804e-01
  2.50703442e-01 -8.32909854e-02  2.60499561e-01  1.57299951e-01
  7.37305226e-01  1.18084338e-01  5.78968734e-01  5.89226032e-02
  2.71381590e-01 -3.24093493e-01 -9.49614857e-01  5.64259671e-01
 -7.99990257e-01 -1.16230168e-01 -8.33929637e-01 -1.71491364e-01
  8.45264392e-01 -1.42608413e+00  4.07086162e-01  2.82048838e+00
 -6.29203715e-02 -2.25656553e-01 -1.73255093e+00  5.13388460e-01
 -3.52814011e-01  3.98404741e-01 -2.05195961e+00 -8.30582079e-01
  7.36814711e-01  1.27757664e+00  3.05944250e-01 -1.05768459e-01
  3.17436396e-01  2.20024330e-01 -5.52100278e-01  2.26212533e-01
 -6.21016513e-01  3.24372203e-01 -9.08937277e-01  2.00998724e-01
 -6.27275985e-01  7.41962043e-02  1.02024187e-02 -4.01387495e-01
  1.47235159e-02  1.27357898e-01  2.56783613e-03  1.49801963e-01
  2.32600688e-01  3.07793665e-02  5.12802747e-01  5.64988073e-02
  2.52664347e-01 -3.98701557e-01 -5.41971109e-01  2.41595235e-01
 -1.13116916e-01 -2.61420480e-01  2.91394450e-01 -4.99771006e-01
  2.18324509e-01 -1.35135367e-01 -2.53865896e-01  4.82825813e-01
  1.54591147e-01 -2.33224048e-01  3.74532126e-01  3.52406446e-01
 -5.29860159e-02 -5.19168716e-02 -4.68657487e-02 -2.19081054e-01
  1.95352779e-02  6.79207935e-02 -5.13327231e-01 -3.31327053e-01
 -5.05469222e-02  1.85954065e-01 -4.98711606e-01  3.82363224e-01
  5.30109319e-01  2.44085749e-01 -3.14970630e-02  4.48029965e-02
 -4.12471917e-01 -4.73695272e-01  3.13735195e-01  2.28464156e-01
  8.75100182e-02  1.23976198e-01  7.24599130e-01 -1.61673294e-01
  3.96290824e-01  7.29038078e-02  2.89191687e-01  3.71729338e-01
  5.43509364e-01 -9.02271238e-02 -1.25972831e-01 -2.03227711e-01
  6.04385611e-01 -2.04382386e-01 -2.52463110e-01 -1.31163717e-01
  1.65159478e-01 -1.67023307e-01 -3.37481533e-01 -4.97428974e-01
 -1.57302824e-01  2.45517141e-01 -2.18584081e-01  1.25057067e-01
 -1.00883767e-01  9.84373314e-02 -6.50253066e-02  8.32603169e-02
 -5.61979344e-02 -6.68620633e-02 -5.00356836e-02  4.18439199e-02
 -1.37552260e-01  1.69199947e-01  2.05818041e-01 -2.32356882e-01
 -1.29559451e-01 -1.07423843e-01  2.30091247e-01 -2.80246450e-02
 -2.90406358e-02  7.45555706e-02 -2.77710831e-01  2.02324472e-01
 -6.58630221e-02  2.68601583e-02  1.58296475e-01  5.61266454e-03
 -1.78789676e-01  1.40246852e-01 -1.30527965e-01  5.48770842e-02
 -3.85288360e-02 -8.61670222e-02  9.30116811e-02  9.06540785e-02
 -1.20679354e-01 -7.38510745e-02  1.16202529e-01  9.70041723e-02
  9.84743992e-02 -2.49134414e-02  3.94986092e-02 -5.45650492e-02
 -1.21134561e-01 -1.34696096e-01  1.03399614e-01 -8.82025135e-02
  8.93922448e-02  4.01563720e-02  5.98852743e-02  6.28670263e-02
 -6.27590133e-02 -7.29443503e-02  1.08111255e-01  9.03348924e-02
  1.33965655e-01 -7.28294999e-02 -1.43313318e-01  1.38250675e-01
 -9.54699799e-02 -6.23018838e-02 -9.81952538e-02 -1.22340034e-01
 -7.96790034e-02  4.70441070e-02  7.68370105e-02  3.93255224e-02
 -8.58223629e-02  1.38524587e-01 -1.35100748e-01  9.81455052e-02
  9.02480944e-02 -1.50284861e-01 -5.65368195e-02  1.78378338e-02
 -7.49137082e-02 -3.62353756e-02  7.61882288e-02  5.79452780e-02
 -1.11096551e-01 -2.09907617e-02  1.86377535e-02  7.40505487e-02
  1.61178540e-02  3.94180071e-02 -7.55024922e-02 -7.52564953e-02
  7.50070143e-02  7.13525152e-02 -8.03515838e-02  1.02636473e-01
 -1.17896593e-01  2.45627844e-02  3.23031018e-02  5.79232243e-02
  3.04250118e-02 -5.61207149e-02 -1.07814131e-01  3.29656618e-02
 -7.77087968e-02  2.95118704e-02 -3.00821439e-02 -1.14253372e-01
  4.89669975e-02  6.63505421e-02  1.04043169e-01  2.12278994e-02
 -5.41937882e-02  5.85937194e-02  8.27160419e-02  7.38579095e-02
  6.37408863e-02 -6.22785664e-02  6.33238448e-02 -7.54707918e-02
  8.17622990e-02 -2.76301590e-02 -4.17778988e-02  5.81546178e-02
 -6.18099735e-02  5.65271774e-02  7.74684830e-02  6.37311812e-02
 -2.04527230e-01  1.06215072e-01  8.20129707e-02 -2.81799318e-02
  1.77961374e-02  1.07238076e-01 -6.81204017e-02 -5.70098528e-02
 -2.30602256e-02  3.30022650e-02  1.06773881e-01  7.82492930e-02
  6.69191083e-02 -5.89958334e-02  1.46718096e-02  1.64514069e-01
  2.06581311e-02 -2.20117848e-02 -5.48863958e-02  6.20695178e-02
  1.11565765e-02 -2.09392039e-02 -5.39017500e-02 -1.82405506e-01
  3.73263833e-02  1.77584317e-02 -3.14942068e-02 -7.32190215e-02
  8.04580247e-02 -5.14301684e-02 -4.51114767e-02 -5.81280939e-02
 -5.99341182e-02 -4.93780694e-02  5.46771484e-02 -5.67067123e-02
  5.51636119e-02 -5.59002688e-02  5.52502813e-02 -5.08351032e-02
 -4.69211217e-02 -4.50322159e-02 -4.34509642e-02  8.36499150e-02
 -4.15769967e-02 -4.68811438e-02  8.47373227e-02 -2.60867329e-01
 -2.52303604e-01 -1.53116602e-01 -1.40012888e-01  2.54491723e-02
  2.38595845e-02 -1.81592865e-01 -1.14777647e-01 -2.62783058e-01
 -2.73220264e-01  2.24137732e-01 -2.61375805e-01 -1.13089004e-01
 -1.11871051e-01 -1.79546992e-01 -1.11160196e-01 -1.80228892e-01
  1.73678054e-01  2.13061745e-02 -1.08725736e-01 -1.05231783e-01
 -1.06279432e-01  2.18778657e-02 -1.76686980e-01  2.32591310e-02
  1.99020978e-02  2.58036844e-02  1.65789382e-01 -1.00791711e-01
  2.55789215e-02  1.64853198e-01 -9.98836441e-02]
[[6.81313186e-001 2.64530872e-001 3.40239258e-001 ... 1.46457851e-031
  1.00000000e+000 8.85605473e-038]
 [6.81313186e-001 2.64530872e-001 3.40239258e-001 ... 1.46457851e-031
  1.00000000e+000 8.85605473e-038]
 [6.81313186e-001 2.64530872e-001 3.40239258e-001 ... 1.46457851e-031
  1.00000000e+000 8.85605473e-038]
 ...
 [2.11464231e-001 8.54076567e-001 4.43576363e-001 ... 0.00000000e+000
  4.52370356e-299 1.50018326e-313]
 [2.44971094e-001 8.38688024e-001 4.46272903e-001 ... 2.94948409e-310
  2.29610367e-266 7.61450491e-281]
 [2.80368051e-001 8.13654131e-001 4.43576363e-001 ... 8.63751690e-284
  2.35069539e-236 7.79554592e-251]]
[ 2.00726263e+00 -1.00838326e+01  2.06545077e+01 -4.39946807e+00
 -1.04815781e+01  2.97440523e-01 -2.25820944e+00  3.46527229e+00
 -4.42267457e+00  7.13980471e-01  5.02245789e+00 -9.76710721e+00
 -6.95185824e+00 -5.03433705e+00  1.46704593e+01  2.17595158e+00
 -7.20892706e+00 -1.45881396e+01  1.50345977e+00 -6.23753138e+00
  2.19646340e+00  1.35077353e+01  3.37256701e+00  8.23470881e+00
 -5.81415624e-01  2.23605151e+00  1.20180396e+00 -3.83015848e-01
  3.97879066e+00 -2.38307423e+00  8.75019048e-02  4.99411857e-01
 -2.12364607e-01 -7.28091857e-01 -9.93695415e-01  6.87594698e-01
  1.16266412e+00  3.60987568e+00 -8.90709846e-01  8.90664497e-02
 -8.50720215e+00 -3.38749313e+00  1.87809558e+00 -2.33197388e+00
  1.59237494e+00  9.70865404e-01 -7.90497261e+00  9.47826833e-01
  5.08381486e-02  2.98168310e+00 -1.67362239e+00 -6.69989096e-01
 -2.39147030e-01  3.20363557e-01  4.26855276e+00  4.75429520e+00
  3.23359432e-01  2.50431285e-01 -2.23508396e+00  7.34908334e+00
 -8.01185181e-01  2.08404188e+00 -5.32956828e+00  7.17357664e+00
  9.47546085e-01 -9.65574036e-01 -4.02636941e+00 -1.46305519e+00
 -1.38919935e-01  2.22642204e-01 -2.27007325e-01 -7.81298333e-01
 -1.55305188e-01  1.87901282e-01  2.56577816e+00 -1.18323754e+00
  2.36094054e-01  1.02985730e-01 -4.55301799e-02  2.06746804e-01
  2.50703442e-01 -8.32909854e-02  2.60499561e-01  1.57299951e-01
  7.37305226e-01  1.18084338e-01  5.78968734e-01  5.89226032e-02
  2.71381590e-01 -3.24093493e-01 -9.49614857e-01  5.64259671e-01
 -7.99990257e-01 -1.16230168e-01 -8.33929637e-01 -1.71491364e-01
  8.45264392e-01 -1.42608413e+00  4.07086162e-01  2.82048838e+00
 -6.29203715e-02 -2.25656553e-01 -1.73255093e+00  5.13388460e-01
 -3.52814011e-01  3.98404741e-01 -2.05195961e+00 -8.30582079e-01
  7.36814711e-01  1.27757664e+00  3.05944250e-01 -1.05768459e-01
  3.17436396e-01  2.20024330e-01 -5.52100278e-01  2.26212533e-01
 -6.21016513e-01  3.24372203e-01 -9.08937277e-01  2.00998724e-01
 -6.27275985e-01  7.41962043e-02  1.02024187e-02 -4.01387495e-01
  1.47235159e-02  1.27357898e-01  2.56783613e-03  1.49801963e-01
  2.32600688e-01  3.07793665e-02  5.12802747e-01  5.64988073e-02
  2.52664347e-01 -3.98701557e-01 -5.41971109e-01  2.41595235e-01
 -1.13116916e-01 -2.61420480e-01  2.91394450e-01 -4.99771006e-01
  2.18324509e-01 -1.35135367e-01 -2.53865896e-01  4.82825813e-01
  1.54591147e-01 -2.33224048e-01  3.74532126e-01  3.52406446e-01
 -5.29860159e-02 -5.19168716e-02 -4.68657487e-02 -2.19081054e-01
  1.95352779e-02  6.79207935e-02 -5.13327231e-01 -3.31327053e-01
 -5.05469222e-02  1.85954065e-01 -4.98711606e-01  3.82363224e-01
  5.30109319e-01  2.44085749e-01 -3.14970630e-02  4.48029965e-02
 -4.12471917e-01 -4.73695272e-01  3.13735195e-01  2.28464156e-01
  8.75100182e-02  1.23976198e-01  7.24599130e-01 -1.61673294e-01
  3.96290824e-01  7.29038078e-02  2.89191687e-01  3.71729338e-01
  5.43509364e-01 -9.02271238e-02 -1.25972831e-01 -2.03227711e-01
  6.04385611e-01 -2.04382386e-01 -2.52463110e-01 -1.31163717e-01
  1.65159478e-01 -1.67023307e-01 -3.37481533e-01 -4.97428974e-01
 -1.57302824e-01  2.45517141e-01 -2.18584081e-01  1.25057067e-01
 -1.00883767e-01  9.84373314e-02 -6.50253066e-02  8.32603169e-02
 -5.61979344e-02 -6.68620633e-02 -5.00356836e-02  4.18439199e-02
 -1.37552260e-01  1.69199947e-01  2.05818041e-01 -2.32356882e-01
 -1.29559451e-01 -1.07423843e-01  2.30091247e-01 -2.80246450e-02
 -2.90406358e-02  7.45555706e-02 -2.77710831e-01  2.02324472e-01
 -6.58630221e-02  2.68601583e-02  1.58296475e-01  5.61266454e-03
 -1.78789676e-01  1.40246852e-01 -1.30527965e-01  5.48770842e-02
 -3.85288360e-02 -8.61670222e-02  9.30116811e-02  9.06540785e-02
 -1.20679354e-01 -7.38510745e-02  1.16202529e-01  9.70041723e-02
  9.84743992e-02 -2.49134414e-02  3.94986092e-02 -5.45650492e-02
 -1.21134561e-01 -1.34696096e-01  1.03399614e-01 -8.82025135e-02
  8.93922448e-02  4.01563720e-02  5.98852743e-02  6.28670263e-02
 -6.27590133e-02 -7.29443503e-02  1.08111255e-01  9.03348924e-02
  1.33965655e-01 -7.28294999e-02 -1.43313318e-01  1.38250675e-01
 -9.54699799e-02 -6.23018838e-02 -9.81952538e-02 -1.22340034e-01
 -7.96790034e-02  4.70441070e-02  7.68370105e-02  3.93255224e-02
 -8.58223629e-02  1.38524587e-01 -1.35100748e-01  9.81455052e-02
  9.02480944e-02 -1.50284861e-01 -5.65368195e-02  1.78378338e-02
 -7.49137082e-02 -3.62353756e-02  7.61882288e-02  5.79452780e-02
 -1.11096551e-01 -2.09907617e-02  1.86377535e-02  7.40505487e-02
  1.61178540e-02  3.94180071e-02 -7.55024922e-02 -7.52564953e-02
  7.50070143e-02  7.13525152e-02 -8.03515838e-02  1.02636473e-01
 -1.17896593e-01  2.45627844e-02  3.23031018e-02  5.79232243e-02
  3.04250118e-02 -5.61207149e-02 -1.07814131e-01  3.29656618e-02
 -7.77087968e-02  2.95118704e-02 -3.00821439e-02 -1.14253372e-01
  4.89669975e-02  6.63505421e-02  1.04043169e-01  2.12278994e-02
 -5.41937882e-02  5.85937194e-02  8.27160419e-02  7.38579095e-02
  6.37408863e-02 -6.22785664e-02  6.33238448e-02 -7.54707918e-02
  8.17622990e-02 -2.76301590e-02 -4.17778988e-02  5.81546178e-02
 -6.18099735e-02  5.65271774e-02  7.74684830e-02  6.37311812e-02
 -2.04527230e-01  1.06215072e-01  8.20129707e-02 -2.81799318e-02
  1.77961374e-02  1.07238076e-01 -6.81204017e-02 -5.70098528e-02
 -2.30602256e-02  3.30022650e-02  1.06773881e-01  7.82492930e-02
  6.69191083e-02 -5.89958334e-02  1.46718096e-02  1.64514069e-01
  2.06581311e-02 -2.20117848e-02 -5.48863958e-02  6.20695178e-02
  1.11565765e-02 -2.09392039e-02 -5.39017500e-02 -1.82405506e-01
  3.73263833e-02  1.77584317e-02 -3.14942068e-02 -7.32190215e-02
  8.04580247e-02 -5.14301684e-02 -4.51114767e-02 -5.81280939e-02
 -5.99341182e-02 -4.93780694e-02  5.46771484e-02 -5.67067123e-02
  5.51636119e-02 -5.59002688e-02  5.52502813e-02 -5.08351032e-02
 -4.69211217e-02 -4.50322159e-02 -4.34509642e-02  8.36499150e-02
 -4.15769967e-02 -4.68811438e-02  8.47373227e-02 -2.60867329e-01
 -2.52303604e-01 -1.53116602e-01 -1.40012888e-01  2.54491723e-02
  2.38595845e-02 -1.81592865e-01 -1.14777647e-01 -2.62783058e-01
 -2.73220264e-01  2.24137732e-01 -2.61375805e-01 -1.13089004e-01
 -1.11871051e-01 -1.79546992e-01 -1.11160196e-01 -1.80228892e-01
  1.73678054e-01  2.13061745e-02 -1.08725736e-01 -1.05231783e-01
 -1.06279432e-01  2.18778657e-02 -1.76686980e-01  2.32591310e-02
  1.99020978e-02  2.58036844e-02  1.65789382e-01 -1.00791711e-01
  2.55789215e-02  1.64853198e-01 -9.98836441e-02 -1.34201058e-01
 -1.27901522e-01  1.55439918e-02  1.54023843e-02]
[[6.81313186e-001 2.64530872e-001 3.40239258e-001 ... 5.78491519e-108
  4.87276549e-057 1.32194924e-108]
 [6.81313186e-001 2.64530872e-001 3.40239258e-001 ... 5.78491519e-108
  4.87276549e-057 1.32194924e-108]
 [6.81313186e-001 2.64530872e-001 3.40239258e-001 ... 5.78491519e-108
  4.87276549e-057 1.32194924e-108]
 ...
 [2.11464231e-001 8.54076567e-001 4.43576363e-001 ... 0.00000000e+000
  0.00000000e+000 0.00000000e+000]
 [2.44971094e-001 8.38688024e-001 4.46272903e-001 ... 0.00000000e+000
  0.00000000e+000 0.00000000e+000]
 [2.80368051e-001 8.13654131e-001 4.43576363e-001 ... 0.00000000e+000
  0.00000000e+000 0.00000000e+000]]
[ 2.00726263e+00 -1.00838326e+01  2.06545077e+01 -4.39946807e+00
 -1.04815781e+01  2.97440523e-01 -2.25820944e+00  3.46527229e+00
 -4.42267457e+00  7.13980471e-01  5.02245789e+00 -9.76710721e+00
 -6.95185824e+00 -5.03433705e+00  1.46704593e+01  2.17595158e+00
 -7.20892706e+00 -1.45881396e+01  1.50345977e+00 -6.23753138e+00
  2.19646340e+00  1.35077353e+01  3.37256701e+00  8.23470881e+00
 -5.81415624e-01  2.23605151e+00  1.20180396e+00 -3.83015848e-01
  3.97879066e+00 -2.38307423e+00  8.75019048e-02  4.99411857e-01
 -2.12364607e-01 -7.28091857e-01 -9.93695415e-01  6.87594698e-01
  1.16266412e+00  3.60987568e+00 -8.90709846e-01  8.90664497e-02
 -8.50720215e+00 -3.38749313e+00  1.87809558e+00 -2.33197388e+00
  1.59237494e+00  9.70865404e-01 -7.90497261e+00  9.47826833e-01
  5.08381486e-02  2.98168310e+00 -1.67362239e+00 -6.69989096e-01
 -2.39147030e-01  3.20363557e-01  4.26855276e+00  4.75429520e+00
  3.23359432e-01  2.50431285e-01 -2.23508396e+00  7.34908334e+00
 -8.01185181e-01  2.08404188e+00 -5.32956828e+00  7.17357664e+00
  9.47546085e-01 -9.65574036e-01 -4.02636941e+00 -1.46305519e+00
 -1.38919935e-01  2.22642204e-01 -2.27007325e-01 -7.81298333e-01
 -1.55305188e-01  1.87901282e-01  2.56577816e+00 -1.18323754e+00
  2.36094054e-01  1.02985730e-01 -4.55301799e-02  2.06746804e-01
  2.50703442e-01 -8.32909854e-02  2.60499561e-01  1.57299951e-01
  7.37305226e-01  1.18084338e-01  5.78968734e-01  5.89226032e-02
  2.71381590e-01 -3.24093493e-01 -9.49614857e-01  5.64259671e-01
 -7.99990257e-01 -1.16230168e-01 -8.33929637e-01 -1.71491364e-01
  8.45264392e-01 -1.42608413e+00  4.07086162e-01  2.82048838e+00
 -6.29203715e-02 -2.25656553e-01 -1.73255093e+00  5.13388460e-01
 -3.52814011e-01  3.98404741e-01 -2.05195961e+00 -8.30582079e-01
  7.36814711e-01  1.27757664e+00  3.05944250e-01 -1.05768459e-01
  3.17436396e-01  2.20024330e-01 -5.52100278e-01  2.26212533e-01
 -6.21016513e-01  3.24372203e-01 -9.08937277e-01  2.00998724e-01
 -6.27275985e-01  7.41962043e-02  1.02024187e-02 -4.01387495e-01
  1.47235159e-02  1.27357898e-01  2.56783613e-03  1.49801963e-01
  2.32600688e-01  3.07793665e-02  5.12802747e-01  5.64988073e-02
  2.52664347e-01 -3.98701557e-01 -5.41971109e-01  2.41595235e-01
 -1.13116916e-01 -2.61420480e-01  2.91394450e-01 -4.99771006e-01
  2.18324509e-01 -1.35135367e-01 -2.53865896e-01  4.82825813e-01
  1.54591147e-01 -2.33224048e-01  3.74532126e-01  3.52406446e-01
 -5.29860159e-02 -5.19168716e-02 -4.68657487e-02 -2.19081054e-01
  1.95352779e-02  6.79207935e-02 -5.13327231e-01 -3.31327053e-01
 -5.05469222e-02  1.85954065e-01 -4.98711606e-01  3.82363224e-01
  5.30109319e-01  2.44085749e-01 -3.14970630e-02  4.48029965e-02
 -4.12471917e-01 -4.73695272e-01  3.13735195e-01  2.28464156e-01
  8.75100182e-02  1.23976198e-01  7.24599130e-01 -1.61673294e-01
  3.96290824e-01  7.29038078e-02  2.89191687e-01  3.71729338e-01
  5.43509364e-01 -9.02271238e-02 -1.25972831e-01 -2.03227711e-01
  6.04385611e-01 -2.04382386e-01 -2.52463110e-01 -1.31163717e-01
  1.65159478e-01 -1.67023307e-01 -3.37481533e-01 -4.97428974e-01
 -1.57302824e-01  2.45517141e-01 -2.18584081e-01  1.25057067e-01
 -1.00883767e-01  9.84373314e-02 -6.50253066e-02  8.32603169e-02
 -5.61979344e-02 -6.68620633e-02 -5.00356836e-02  4.18439199e-02
 -1.37552260e-01  1.69199947e-01  2.05818041e-01 -2.32356882e-01
 -1.29559451e-01 -1.07423843e-01  2.30091247e-01 -2.80246450e-02
 -2.90406358e-02  7.45555706e-02 -2.77710831e-01  2.02324472e-01
 -6.58630221e-02  2.68601583e-02  1.58296475e-01  5.61266454e-03
 -1.78789676e-01  1.40246852e-01 -1.30527965e-01  5.48770842e-02
 -3.85288360e-02 -8.61670222e-02  9.30116811e-02  9.06540785e-02
 -1.20679354e-01 -7.38510745e-02  1.16202529e-01  9.70041723e-02
  9.84743992e-02 -2.49134414e-02  3.94986092e-02 -5.45650492e-02
 -1.21134561e-01 -1.34696096e-01  1.03399614e-01 -8.82025135e-02
  8.93922448e-02  4.01563720e-02  5.98852743e-02  6.28670263e-02
 -6.27590133e-02 -7.29443503e-02  1.08111255e-01  9.03348924e-02
  1.33965655e-01 -7.28294999e-02 -1.43313318e-01  1.38250675e-01
 -9.54699799e-02 -6.23018838e-02 -9.81952538e-02 -1.22340034e-01
 -7.96790034e-02  4.70441070e-02  7.68370105e-02  3.93255224e-02
 -8.58223629e-02  1.38524587e-01 -1.35100748e-01  9.81455052e-02
  9.02480944e-02 -1.50284861e-01 -5.65368195e-02  1.78378338e-02
 -7.49137082e-02 -3.62353756e-02  7.61882288e-02  5.79452780e-02
 -1.11096551e-01 -2.09907617e-02  1.86377535e-02  7.40505487e-02
  1.61178540e-02  3.94180071e-02 -7.55024922e-02 -7.52564953e-02
  7.50070143e-02  7.13525152e-02 -8.03515838e-02  1.02636473e-01
 -1.17896593e-01  2.45627844e-02  3.23031018e-02  5.79232243e-02
  3.04250118e-02 -5.61207149e-02 -1.07814131e-01  3.29656618e-02
 -7.77087968e-02  2.95118704e-02 -3.00821439e-02 -1.14253372e-01
  4.89669975e-02  6.63505421e-02  1.04043169e-01  2.12278994e-02
 -5.41937882e-02  5.85937194e-02  8.27160419e-02  7.38579095e-02
  6.37408863e-02 -6.22785664e-02  6.33238448e-02 -7.54707918e-02
  8.17622990e-02 -2.76301590e-02 -4.17778988e-02  5.81546178e-02
 -6.18099735e-02  5.65271774e-02  7.74684830e-02  6.37311812e-02
 -2.04527230e-01  1.06215072e-01  8.20129707e-02 -2.81799318e-02
  1.77961374e-02  1.07238076e-01 -6.81204017e-02 -5.70098528e-02
 -2.30602256e-02  3.30022650e-02  1.06773881e-01  7.82492930e-02
  6.69191083e-02 -5.89958334e-02  1.46718096e-02  1.64514069e-01
  2.06581311e-02 -2.20117848e-02 -5.48863958e-02  6.20695178e-02
  1.11565765e-02 -2.09392039e-02 -5.39017500e-02 -1.82405506e-01
  3.73263833e-02  1.77584317e-02 -3.14942068e-02 -7.32190215e-02
  8.04580247e-02 -5.14301684e-02 -4.51114767e-02 -5.81280939e-02
 -5.99341182e-02 -4.93780694e-02  5.46771484e-02 -5.67067123e-02
  5.51636119e-02 -5.59002688e-02  5.52502813e-02 -5.08351032e-02
 -4.69211217e-02 -4.50322159e-02 -4.34509642e-02  8.36499150e-02
 -4.15769967e-02 -4.68811438e-02  8.47373227e-02 -2.60867329e-01
 -2.52303604e-01 -1.53116602e-01 -1.40012888e-01  2.54491723e-02
  2.38595845e-02 -1.81592865e-01 -1.14777647e-01 -2.62783058e-01
 -2.73220264e-01  2.24137732e-01 -2.61375805e-01 -1.13089004e-01
 -1.11871051e-01 -1.79546992e-01 -1.11160196e-01 -1.80228892e-01
  1.73678054e-01  2.13061745e-02 -1.08725736e-01 -1.05231783e-01
 -1.06279432e-01  2.18778657e-02 -1.76686980e-01  2.32591310e-02
  1.99020978e-02  2.58036844e-02  1.65789382e-01 -1.00791711e-01
  2.55789215e-02  1.64853198e-01 -9.98836441e-02 -1.34201058e-01
 -1.27901522e-01  1.55439918e-02  1.54023843e-02  1.46488008e-01
  1.64733425e-02  1.62227628e-02  1.50918496e-01 -4.29387043e-01
  1.53628741e-01 -4.38983697e-01  1.55673355e-02 -4.13901507e-01]
[[6.81313186e-001 2.64530872e-001 3.40239258e-001 ... 7.25207611e-166
  2.23226342e-045 2.23350545e-209]
 [6.81313186e-001 2.64530872e-001 3.40239258e-001 ... 7.25207611e-166
  2.23226342e-045 2.23350545e-209]
 [6.81313186e-001 2.64530872e-001 3.40239258e-001 ... 7.25207611e-166
  2.23226342e-045 2.23350545e-209]
 ...
 [2.11464231e-001 8.54076567e-001 4.43576363e-001 ... 0.00000000e+000
  0.00000000e+000 0.00000000e+000]
 [2.44971094e-001 8.38688024e-001 4.46272903e-001 ... 0.00000000e+000
  0.00000000e+000 0.00000000e+000]
 [2.80368051e-001 8.13654131e-001 4.43576363e-001 ... 0.00000000e+000
  0.00000000e+000 0.00000000e+000]]
[ 2.00726263e+00 -1.00838326e+01  2.06545077e+01 -4.39946807e+00
 -1.04815781e+01  2.97440523e-01 -2.25820944e+00  3.46527229e+00
 -4.42267457e+00  7.13980471e-01  5.02245789e+00 -9.76710721e+00
 -6.95185824e+00 -5.03433705e+00  1.46704593e+01  2.17595158e+00
 -7.20892706e+00 -1.45881396e+01  1.50345977e+00 -6.23753138e+00
  2.19646340e+00  1.35077353e+01  3.37256701e+00  8.23470881e+00
 -5.81415624e-01  2.23605151e+00  1.20180396e+00 -3.83015848e-01
  3.97879066e+00 -2.38307423e+00  8.75019048e-02  4.99411857e-01
 -2.12364607e-01 -7.28091857e-01 -9.93695415e-01  6.87594698e-01
  1.16266412e+00  3.60987568e+00 -8.90709846e-01  8.90664497e-02
 -8.50720215e+00 -3.38749313e+00  1.87809558e+00 -2.33197388e+00
  1.59237494e+00  9.70865404e-01 -7.90497261e+00  9.47826833e-01
  5.08381486e-02  2.98168310e+00 -1.67362239e+00 -6.69989096e-01
 -2.39147030e-01  3.20363557e-01  4.26855276e+00  4.75429520e+00
  3.23359432e-01  2.50431285e-01 -2.23508396e+00  7.34908334e+00
 -8.01185181e-01  2.08404188e+00 -5.32956828e+00  7.17357664e+00
  9.47546085e-01 -9.65574036e-01 -4.02636941e+00 -1.46305519e+00
 -1.38919935e-01  2.22642204e-01 -2.27007325e-01 -7.81298333e-01
 -1.55305188e-01  1.87901282e-01  2.56577816e+00 -1.18323754e+00
  2.36094054e-01  1.02985730e-01 -4.55301799e-02  2.06746804e-01
  2.50703442e-01 -8.32909854e-02  2.60499561e-01  1.57299951e-01
  7.37305226e-01  1.18084338e-01  5.78968734e-01  5.89226032e-02
  2.71381590e-01 -3.24093493e-01 -9.49614857e-01  5.64259671e-01
 -7.99990257e-01 -1.16230168e-01 -8.33929637e-01 -1.71491364e-01
  8.45264392e-01 -1.42608413e+00  4.07086162e-01  2.82048838e+00
 -6.29203715e-02 -2.25656553e-01 -1.73255093e+00  5.13388460e-01
 -3.52814011e-01  3.98404741e-01 -2.05195961e+00 -8.30582079e-01
  7.36814711e-01  1.27757664e+00  3.05944250e-01 -1.05768459e-01
  3.17436396e-01  2.20024330e-01 -5.52100278e-01  2.26212533e-01
 -6.21016513e-01  3.24372203e-01 -9.08937277e-01  2.00998724e-01
 -6.27275985e-01  7.41962043e-02  1.02024187e-02 -4.01387495e-01
  1.47235159e-02  1.27357898e-01  2.56783613e-03  1.49801963e-01
  2.32600688e-01  3.07793665e-02  5.12802747e-01  5.64988073e-02
  2.52664347e-01 -3.98701557e-01 -5.41971109e-01  2.41595235e-01
 -1.13116916e-01 -2.61420480e-01  2.91394450e-01 -4.99771006e-01
  2.18324509e-01 -1.35135367e-01 -2.53865896e-01  4.82825813e-01
  1.54591147e-01 -2.33224048e-01  3.74532126e-01  3.52406446e-01
 -5.29860159e-02 -5.19168716e-02 -4.68657487e-02 -2.19081054e-01
  1.95352779e-02  6.79207935e-02 -5.13327231e-01 -3.31327053e-01
 -5.05469222e-02  1.85954065e-01 -4.98711606e-01  3.82363224e-01
  5.30109319e-01  2.44085749e-01 -3.14970630e-02  4.48029965e-02
 -4.12471917e-01 -4.73695272e-01  3.13735195e-01  2.28464156e-01
  8.75100182e-02  1.23976198e-01  7.24599130e-01 -1.61673294e-01
  3.96290824e-01  7.29038078e-02  2.89191687e-01  3.71729338e-01
  5.43509364e-01 -9.02271238e-02 -1.25972831e-01 -2.03227711e-01
  6.04385611e-01 -2.04382386e-01 -2.52463110e-01 -1.31163717e-01
  1.65159478e-01 -1.67023307e-01 -3.37481533e-01 -4.97428974e-01
 -1.57302824e-01  2.45517141e-01 -2.18584081e-01  1.25057067e-01
 -1.00883767e-01  9.84373314e-02 -6.50253066e-02  8.32603169e-02
 -5.61979344e-02 -6.68620633e-02 -5.00356836e-02  4.18439199e-02
 -1.37552260e-01  1.69199947e-01  2.05818041e-01 -2.32356882e-01
 -1.29559451e-01 -1.07423843e-01  2.30091247e-01 -2.80246450e-02
 -2.90406358e-02  7.45555706e-02 -2.77710831e-01  2.02324472e-01
 -6.58630221e-02  2.68601583e-02  1.58296475e-01  5.61266454e-03
 -1.78789676e-01  1.40246852e-01 -1.30527965e-01  5.48770842e-02
 -3.85288360e-02 -8.61670222e-02  9.30116811e-02  9.06540785e-02
 -1.20679354e-01 -7.38510745e-02  1.16202529e-01  9.70041723e-02
  9.84743992e-02 -2.49134414e-02  3.94986092e-02 -5.45650492e-02
 -1.21134561e-01 -1.34696096e-01  1.03399614e-01 -8.82025135e-02
  8.93922448e-02  4.01563720e-02  5.98852743e-02  6.28670263e-02
 -6.27590133e-02 -7.29443503e-02  1.08111255e-01  9.03348924e-02
  1.33965655e-01 -7.28294999e-02 -1.43313318e-01  1.38250675e-01
 -9.54699799e-02 -6.23018838e-02 -9.81952538e-02 -1.22340034e-01
 -7.96790034e-02  4.70441070e-02  7.68370105e-02  3.93255224e-02
 -8.58223629e-02  1.38524587e-01 -1.35100748e-01  9.81455052e-02
  9.02480944e-02 -1.50284861e-01 -5.65368195e-02  1.78378338e-02
 -7.49137082e-02 -3.62353756e-02  7.61882288e-02  5.79452780e-02
 -1.11096551e-01 -2.09907617e-02  1.86377535e-02  7.40505487e-02
  1.61178540e-02  3.94180071e-02 -7.55024922e-02 -7.52564953e-02
  7.50070143e-02  7.13525152e-02 -8.03515838e-02  1.02636473e-01
 -1.17896593e-01  2.45627844e-02  3.23031018e-02  5.79232243e-02
  3.04250118e-02 -5.61207149e-02 -1.07814131e-01  3.29656618e-02
 -7.77087968e-02  2.95118704e-02 -3.00821439e-02 -1.14253372e-01
  4.89669975e-02  6.63505421e-02  1.04043169e-01  2.12278994e-02
 -5.41937882e-02  5.85937194e-02  8.27160419e-02  7.38579095e-02
  6.37408863e-02 -6.22785664e-02  6.33238448e-02 -7.54707918e-02
  8.17622990e-02 -2.76301590e-02 -4.17778988e-02  5.81546178e-02
 -6.18099735e-02  5.65271774e-02  7.74684830e-02  6.37311812e-02
 -2.04527230e-01  1.06215072e-01  8.20129707e-02 -2.81799318e-02
  1.77961374e-02  1.07238076e-01 -6.81204017e-02 -5.70098528e-02
 -2.30602256e-02  3.30022650e-02  1.06773881e-01  7.82492930e-02
  6.69191083e-02 -5.89958334e-02  1.46718096e-02  1.64514069e-01
  2.06581311e-02 -2.20117848e-02 -5.48863958e-02  6.20695178e-02
  1.11565765e-02 -2.09392039e-02 -5.39017500e-02 -1.82405506e-01
  3.73263833e-02  1.77584317e-02 -3.14942068e-02 -7.32190215e-02
  8.04580247e-02 -5.14301684e-02 -4.51114767e-02 -5.81280939e-02
 -5.99341182e-02 -4.93780694e-02  5.46771484e-02 -5.67067123e-02
  5.51636119e-02 -5.59002688e-02  5.52502813e-02 -5.08351032e-02
 -4.69211217e-02 -4.50322159e-02 -4.34509642e-02  8.36499150e-02
 -4.15769967e-02 -4.68811438e-02  8.47373227e-02 -2.60867329e-01
 -2.52303604e-01 -1.53116602e-01 -1.40012888e-01  2.54491723e-02
  2.38595845e-02 -1.81592865e-01 -1.14777647e-01 -2.62783058e-01
 -2.73220264e-01  2.24137732e-01 -2.61375805e-01 -1.13089004e-01
 -1.11871051e-01 -1.79546992e-01 -1.11160196e-01 -1.80228892e-01
  1.73678054e-01  2.13061745e-02 -1.08725736e-01 -1.05231783e-01
 -1.06279432e-01  2.18778657e-02 -1.76686980e-01  2.32591310e-02
  1.99020978e-02  2.58036844e-02  1.65789382e-01 -1.00791711e-01
  2.55789215e-02  1.64853198e-01 -9.98836441e-02 -1.34201058e-01
 -1.27901522e-01  1.55439918e-02  1.54023843e-02  1.46488008e-01
  1.64733425e-02  1.62227628e-02  1.50918496e-01 -4.29387043e-01
  1.53628741e-01 -4.38983697e-01  1.55673355e-02 -4.13901507e-01
 -3.92883769e-01 -3.83708189e-01 -3.62283142e-01 -3.60904975e-01
 -3.63500302e-01 -3.60065670e-01 -3.41374572e-01 -3.52865954e-01
 -3.51831388e-01 -3.46188789e-01 -3.22530029e-01 -3.73469292e-01
  4.69689990e-02 -3.58176431e-01 -2.95976783e-01  4.53631499e-02
 -3.37829115e-01 -3.93714799e-01  5.46777141e-02 -3.54336610e-01
  4.50522858e-02 -2.97924853e-01 -2.98581040e-01 -2.86114316e-01
 -2.74900743e-01 -2.99224606e-01 -3.36259110e-01  4.30271530e-02
  4.20784856e-02 -3.36362807e-01  4.34802676e-02  4.10601398e-02
 -3.19186263e-01  4.04978129e-02  4.04679172e-02 -3.25772371e-01
  4.23739973e-02 -3.08798021e-01 -3.20983340e-01  4.15011071e-02
 -1.55942585e-01 -3.21068373e-01  4.23264261e-02  3.88841096e-02
 -3.05289138e-01 -2.63517763e-01  3.87339981e-02 -3.42435819e-01
  4.81678549e-02  3.85531292e-02 -2.91078396e-01  3.83150252e-02
 -3.19623510e-01  4.28804258e-02 -3.44461947e-01  4.94994028e-02
 -2.84617020e-01  3.77483179e-02  3.76912728e-02  3.76883462e-02
  3.70813550e-02  3.64723805e-02  3.55975887e-02 -2.55223107e-01
 -2.58630087e-01 -3.11642275e-01  4.41780864e-02 -1.35802732e-01
 -2.74221308e-01  3.49833858e-02  3.44546096e-02  3.43674365e-02
 -2.74422361e-01  3.58821911e-02 -3.03584755e-01  4.34715352e-02
 -1.30404869e-01  3.24702885e-02 -1.26866062e-01  3.21169540e-02
  3.17468147e-02  3.11132834e-02 -2.35064683e-01 -1.20673840e-01
  3.07680944e-02 -3.00701876e-01  4.55675023e-02 -2.94856674e-01
  4.41400754e-02 -2.25080001e-01 -2.89164932e-01  4.33301131e-02
  2.97939054e-02  2.97208037e-02  2.87662735e-02  2.87216923e-02
  2.82252504e-02 -2.68859674e-01  4.01715633e-02 -2.54179889e-01
  3.66106774e-02 -2.30659258e-01  3.13447163e-02 -2.36150014e-01
  3.29876861e-02  2.65676929e-02 -1.03676790e-01 -2.45698791e-01
  3.60539973e-02  2.58940259e-02 -9.69345704e-02]
[[6.81313186e-001 2.64530872e-001 3.40239258e-001 ... 2.23350545e-209
  0.00000000e+000 0.00000000e+000]
 [6.81313186e-001 2.64530872e-001 3.40239258e-001 ... 2.23350545e-209
  0.00000000e+000 0.00000000e+000]
 [6.81313186e-001 2.64530872e-001 3.40239258e-001 ... 2.23350545e-209
  0.00000000e+000 0.00000000e+000]
 ...
 [2.11464231e-001 8.54076567e-001 4.43576363e-001 ... 0.00000000e+000
  0.00000000e+000 0.00000000e+000]
 [2.44971094e-001 8.38688024e-001 4.46272903e-001 ... 0.00000000e+000
  0.00000000e+000 0.00000000e+000]
 [2.80368051e-001 8.13654131e-001 4.43576363e-001 ... 0.00000000e+000
  0.00000000e+000 0.00000000e+000]]
[ 2.00726263e+00 -1.00838326e+01  2.06545077e+01 -4.39946807e+00
 -1.04815781e+01  2.97440523e-01 -2.25820944e+00  3.46527229e+00
 -4.42267457e+00  7.13980471e-01  5.02245789e+00 -9.76710721e+00
 -6.95185824e+00 -5.03433705e+00  1.46704593e+01  2.17595158e+00
 -7.20892706e+00 -1.45881396e+01  1.50345977e+00 -6.23753138e+00
  2.19646340e+00  1.35077353e+01  3.37256701e+00  8.23470881e+00
 -5.81415624e-01  2.23605151e+00  1.20180396e+00 -3.83015848e-01
  3.97879066e+00 -2.38307423e+00  8.75019048e-02  4.99411857e-01
 -2.12364607e-01 -7.28091857e-01 -9.93695415e-01  6.87594698e-01
  1.16266412e+00  3.60987568e+00 -8.90709846e-01  8.90664497e-02
 -8.50720215e+00 -3.38749313e+00  1.87809558e+00 -2.33197388e+00
  1.59237494e+00  9.70865404e-01 -7.90497261e+00  9.47826833e-01
  5.08381486e-02  2.98168310e+00 -1.67362239e+00 -6.69989096e-01
 -2.39147030e-01  3.20363557e-01  4.26855276e+00  4.75429520e+00
  3.23359432e-01  2.50431285e-01 -2.23508396e+00  7.34908334e+00
 -8.01185181e-01  2.08404188e+00 -5.32956828e+00  7.17357664e+00
  9.47546085e-01 -9.65574036e-01 -4.02636941e+00 -1.46305519e+00
 -1.38919935e-01  2.22642204e-01 -2.27007325e-01 -7.81298333e-01
 -1.55305188e-01  1.87901282e-01  2.56577816e+00 -1.18323754e+00
  2.36094054e-01  1.02985730e-01 -4.55301799e-02  2.06746804e-01
  2.50703442e-01 -8.32909854e-02  2.60499561e-01  1.57299951e-01
  7.37305226e-01  1.18084338e-01  5.78968734e-01  5.89226032e-02
  2.71381590e-01 -3.24093493e-01 -9.49614857e-01  5.64259671e-01
 -7.99990257e-01 -1.16230168e-01 -8.33929637e-01 -1.71491364e-01
  8.45264392e-01 -1.42608413e+00  4.07086162e-01  2.82048838e+00
 -6.29203715e-02 -2.25656553e-01 -1.73255093e+00  5.13388460e-01
 -3.52814011e-01  3.98404741e-01 -2.05195961e+00 -8.30582079e-01
  7.36814711e-01  1.27757664e+00  3.05944250e-01 -1.05768459e-01
  3.17436396e-01  2.20024330e-01 -5.52100278e-01  2.26212533e-01
 -6.21016513e-01  3.24372203e-01 -9.08937277e-01  2.00998724e-01
 -6.27275985e-01  7.41962043e-02  1.02024187e-02 -4.01387495e-01
  1.47235159e-02  1.27357898e-01  2.56783613e-03  1.49801963e-01
  2.32600688e-01  3.07793665e-02  5.12802747e-01  5.64988073e-02
  2.52664347e-01 -3.98701557e-01 -5.41971109e-01  2.41595235e-01
 -1.13116916e-01 -2.61420480e-01  2.91394450e-01 -4.99771006e-01
  2.18324509e-01 -1.35135367e-01 -2.53865896e-01  4.82825813e-01
  1.54591147e-01 -2.33224048e-01  3.74532126e-01  3.52406446e-01
 -5.29860159e-02 -5.19168716e-02 -4.68657487e-02 -2.19081054e-01
  1.95352779e-02  6.79207935e-02 -5.13327231e-01 -3.31327053e-01
 -5.05469222e-02  1.85954065e-01 -4.98711606e-01  3.82363224e-01
  5.30109319e-01  2.44085749e-01 -3.14970630e-02  4.48029965e-02
 -4.12471917e-01 -4.73695272e-01  3.13735195e-01  2.28464156e-01
  8.75100182e-02  1.23976198e-01  7.24599130e-01 -1.61673294e-01
  3.96290824e-01  7.29038078e-02  2.89191687e-01  3.71729338e-01
  5.43509364e-01 -9.02271238e-02 -1.25972831e-01 -2.03227711e-01
  6.04385611e-01 -2.04382386e-01 -2.52463110e-01 -1.31163717e-01
  1.65159478e-01 -1.67023307e-01 -3.37481533e-01 -4.97428974e-01
 -1.57302824e-01  2.45517141e-01 -2.18584081e-01  1.25057067e-01
 -1.00883767e-01  9.84373314e-02 -6.50253066e-02  8.32603169e-02
 -5.61979344e-02 -6.68620633e-02 -5.00356836e-02  4.18439199e-02
 -1.37552260e-01  1.69199947e-01  2.05818041e-01 -2.32356882e-01
 -1.29559451e-01 -1.07423843e-01  2.30091247e-01 -2.80246450e-02
 -2.90406358e-02  7.45555706e-02 -2.77710831e-01  2.02324472e-01
 -6.58630221e-02  2.68601583e-02  1.58296475e-01  5.61266454e-03
 -1.78789676e-01  1.40246852e-01 -1.30527965e-01  5.48770842e-02
 -3.85288360e-02 -8.61670222e-02  9.30116811e-02  9.06540785e-02
 -1.20679354e-01 -7.38510745e-02  1.16202529e-01  9.70041723e-02
  9.84743992e-02 -2.49134414e-02  3.94986092e-02 -5.45650492e-02
 -1.21134561e-01 -1.34696096e-01  1.03399614e-01 -8.82025135e-02
  8.93922448e-02  4.01563720e-02  5.98852743e-02  6.28670263e-02
 -6.27590133e-02 -7.29443503e-02  1.08111255e-01  9.03348924e-02
  1.33965655e-01 -7.28294999e-02 -1.43313318e-01  1.38250675e-01
 -9.54699799e-02 -6.23018838e-02 -9.81952538e-02 -1.22340034e-01
 -7.96790034e-02  4.70441070e-02  7.68370105e-02  3.93255224e-02
 -8.58223629e-02  1.38524587e-01 -1.35100748e-01  9.81455052e-02
  9.02480944e-02 -1.50284861e-01 -5.65368195e-02  1.78378338e-02
 -7.49137082e-02 -3.62353756e-02  7.61882288e-02  5.79452780e-02
 -1.11096551e-01 -2.09907617e-02  1.86377535e-02  7.40505487e-02
  1.61178540e-02  3.94180071e-02 -7.55024922e-02 -7.52564953e-02
  7.50070143e-02  7.13525152e-02 -8.03515838e-02  1.02636473e-01
 -1.17896593e-01  2.45627844e-02  3.23031018e-02  5.79232243e-02
  3.04250118e-02 -5.61207149e-02 -1.07814131e-01  3.29656618e-02
 -7.77087968e-02  2.95118704e-02 -3.00821439e-02 -1.14253372e-01
  4.89669975e-02  6.63505421e-02  1.04043169e-01  2.12278994e-02
 -5.41937882e-02  5.85937194e-02  8.27160419e-02  7.38579095e-02
  6.37408863e-02 -6.22785664e-02  6.33238448e-02 -7.54707918e-02
  8.17622990e-02 -2.76301590e-02 -4.17778988e-02  5.81546178e-02
 -6.18099735e-02  5.65271774e-02  7.74684830e-02  6.37311812e-02
 -2.04527230e-01  1.06215072e-01  8.20129707e-02 -2.81799318e-02
  1.77961374e-02  1.07238076e-01 -6.81204017e-02 -5.70098528e-02
 -2.30602256e-02  3.30022650e-02  1.06773881e-01  7.82492930e-02
  6.69191083e-02 -5.89958334e-02  1.46718096e-02  1.64514069e-01
  2.06581311e-02 -2.20117848e-02 -5.48863958e-02  6.20695178e-02
  1.11565765e-02 -2.09392039e-02 -5.39017500e-02 -1.82405506e-01
  3.73263833e-02  1.77584317e-02 -3.14942068e-02 -7.32190215e-02
  8.04580247e-02 -5.14301684e-02 -4.51114767e-02 -5.81280939e-02
 -5.99341182e-02 -4.93780694e-02  5.46771484e-02 -5.67067123e-02
  5.51636119e-02 -5.59002688e-02  5.52502813e-02 -5.08351032e-02
 -4.69211217e-02 -4.50322159e-02 -4.34509642e-02  8.36499150e-02
 -4.15769967e-02 -4.68811438e-02  8.47373227e-02 -2.60867329e-01
 -2.52303604e-01 -1.53116602e-01 -1.40012888e-01  2.54491723e-02
  2.38595845e-02 -1.81592865e-01 -1.14777647e-01 -2.62783058e-01
 -2.73220264e-01  2.24137732e-01 -2.61375805e-01 -1.13089004e-01
 -1.11871051e-01 -1.79546992e-01 -1.11160196e-01 -1.80228892e-01
  1.73678054e-01  2.13061745e-02 -1.08725736e-01 -1.05231783e-01
 -1.06279432e-01  2.18778657e-02 -1.76686980e-01  2.32591310e-02
  1.99020978e-02  2.58036844e-02  1.65789382e-01 -1.00791711e-01
  2.55789215e-02  1.64853198e-01 -9.98836441e-02 -1.34201058e-01
 -1.27901522e-01  1.55439918e-02  1.54023843e-02  1.46488008e-01
  1.64733425e-02  1.62227628e-02  1.50918496e-01 -4.29387043e-01
  1.53628741e-01 -4.38983697e-01  1.55673355e-02 -4.13901507e-01
 -3.92883769e-01 -3.83708189e-01 -3.62283142e-01 -3.60904975e-01
 -3.63500302e-01 -3.60065670e-01 -3.41374572e-01 -3.52865954e-01
 -3.51831388e-01 -3.46188789e-01 -3.22530029e-01 -3.73469292e-01
  4.69689990e-02 -3.58176431e-01 -2.95976783e-01  4.53631499e-02
 -3.37829115e-01 -3.93714799e-01  5.46777141e-02 -3.54336610e-01
  4.50522858e-02 -2.97924853e-01 -2.98581040e-01 -2.86114316e-01
 -2.74900743e-01 -2.99224606e-01 -3.36259110e-01  4.30271530e-02
  4.20784856e-02 -3.36362807e-01  4.34802676e-02  4.10601398e-02
 -3.19186263e-01  4.04978129e-02  4.04679172e-02 -3.25772371e-01
  4.23739973e-02 -3.08798021e-01 -3.20983340e-01  4.15011071e-02
 -1.55942585e-01 -3.21068373e-01  4.23264261e-02  3.88841096e-02
 -3.05289138e-01 -2.63517763e-01  3.87339981e-02 -3.42435819e-01
  4.81678549e-02  3.85531292e-02 -2.91078396e-01  3.83150252e-02
 -3.19623510e-01  4.28804258e-02 -3.44461947e-01  4.94994028e-02
 -2.84617020e-01  3.77483179e-02  3.76912728e-02  3.76883462e-02
  3.70813550e-02  3.64723805e-02  3.55975887e-02 -2.55223107e-01
 -2.58630087e-01 -3.11642275e-01  4.41780864e-02 -1.35802732e-01
 -2.74221308e-01  3.49833858e-02  3.44546096e-02  3.43674365e-02
 -2.74422361e-01  3.58821911e-02 -3.03584755e-01  4.34715352e-02
 -1.30404869e-01  3.24702885e-02 -1.26866062e-01  3.21169540e-02
  3.17468147e-02  3.11132834e-02 -2.35064683e-01 -1.20673840e-01
  3.07680944e-02 -3.00701876e-01  4.55675023e-02 -2.94856674e-01
  4.41400754e-02 -2.25080001e-01 -2.89164932e-01  4.33301131e-02
  2.97939054e-02  2.97208037e-02  2.87662735e-02  2.87216923e-02
  2.82252504e-02 -2.68859674e-01  4.01715633e-02 -2.54179889e-01
  3.66106774e-02 -2.30659258e-01  3.13447163e-02 -2.36150014e-01
  3.29876861e-02  2.65676929e-02 -1.03676790e-01 -2.45698791e-01
  3.60539973e-02  2.58940259e-02 -9.69345704e-02 -1.71153928e-01
 -1.34102771e-01]
[[0.00131836 0.06100617]
 [0.00332031 0.06019356]
 [0.00576172 0.05944769]
 [0.00932617 0.05890255]
 [0.01176758 0.05862265]
 [0.01523437 0.05827303]
 [0.01713867 0.05818397]
 [0.0175293  0.05816537]
 [0.0190918  0.05802049]
 [0.01928711 0.05800755]
 [0.01972656 0.05790036]
 [0.02514648 0.05682636]
 [0.02524414 0.05681707]]
