12
0.0003
rdot
MMA
sample
[[ 1.          0.97873908  0.76356524 ...  0.9782      0.59105727
   0.27531309]
 [ 1.          0.97873908  0.76356524 ...  0.9782      0.59105727
   0.37814505]
 [ 1.          0.97873908  0.76356524 ...  0.9782      0.59105727
   0.39295525]
 ...
 [ 0.10612479  0.9834187   0.93762584 ...  0.66369007  0.95890836
  -0.11330898]
 [ 0.17687465  0.9834187   0.93762584 ...  0.66369007  0.95890836
  -0.11745745]
 [ 0.24762451  0.9834187   0.93762584 ...  0.66369007  0.95890836
  -0.12113016]]
20480
1.2966569555385996e-05
[[0.68131319 0.26453087 0.34023926 ... 0.29331928 0.81449913 0.76028395]
 [0.68131319 0.26453087 0.34023926 ... 0.29331928 0.81449913 0.76028395]
 [0.68131319 0.26453087 0.34023926 ... 0.29331928 0.81449913 0.76028395]
 ...
 [0.21146423 0.85407657 0.44357636 ... 0.72683343 0.2586163  0.24459108]
 [0.24497109 0.83868802 0.4462729  ... 0.71373752 0.29485792 0.28334695]
 [0.28036805 0.81365413 0.44357636 ... 0.69243326 0.33212798 0.324289  ]]
[  4.61690416  -0.55844651   4.93428919  -0.58441034  -1.71216412
  -2.29115828  -6.0844381    2.47914058  -3.00414938  -1.32176927
  -5.59747902  12.74741106  -3.74570797   0.77446197   0.90781638
   9.06832629 -13.7200628    5.84099515   7.31174206  -2.54670822
   2.66934969   0.93127527  -0.34580812   1.43299569 -26.47326091
   0.08025199   0.06980273   2.75530606  -5.70378129  22.05903672
   1.47126143  21.53996972   3.4407084  -16.48175044 -17.31483449
   3.85365411]
[[0.68131319 0.26453087 0.34023926 ... 0.63321809 0.09517143 0.06789596]
 [0.68131319 0.26453087 0.34023926 ... 0.63321809 0.09517143 0.06789596]
 [0.68131319 0.26453087 0.34023926 ... 0.63321809 0.09517143 0.06789596]
 ...
 [0.21146423 0.85407657 0.44357636 ... 0.13227039 0.59522239 0.65055338]
 [0.24497109 0.83868802 0.4462729  ... 0.17750822 0.57396648 0.62732155]
 [0.28036805 0.81365413 0.44357636 ... 0.23251225 0.54021335 0.59043078]]
[  4.61690416  -0.55844651   4.93428919  -0.58441034  -1.71216412
  -2.29115828  -6.0844381    2.47914058  -3.00414938  -1.32176927
  -5.59747902  12.74741106  -3.74570797   0.77446197   0.90781638
   9.06832629 -13.7200628    5.84099515   7.31174206  -2.54670822
   2.66934969   0.93127527  -0.34580812   1.43299569 -26.47326091
   0.08025199   0.06980273   2.75530606  -5.70378129  22.05903672
   1.47126143  21.53996972   3.4407084  -16.48175044 -17.31483449
   3.85365411  13.5680278   -0.9908261   -2.25254416  -1.04290315
  -3.6929038    7.05707916   1.63991022   3.39251515   4.8403715
 -10.99401882  -2.15076899  -4.15041032  -1.00336176   0.15055075
   3.95678603   8.0294984    4.12639732   3.41793001  -2.06823556
  -3.69141382  -0.62655521  -4.6279681   15.34469044  -1.06834238
  -3.19219558   0.55834265   3.75264498   3.54103332  -1.8105863
  -7.16722327  -4.28145067   5.17917398   6.24095759   0.64052729
  -5.88705819  -7.33824419   2.05363158   3.4426192  -10.75288745
   2.75089448  -7.94998734  10.43663796   1.7594124   -2.70864239
   5.42852233  10.55988422 -10.07076535   4.02706276  -1.65668695
 -11.11856018  -5.76990991 -15.50641132   1.96668245   5.84997415
  -5.29171111   3.41653108   6.35442122  -1.93813953]
[[6.81313186e-01 2.64530872e-01 3.40239258e-01 ... 6.29942879e-03
  4.54070289e-01 3.56649998e-01]
 [6.81313186e-01 2.64530872e-01 3.40239258e-01 ... 6.29942879e-03
  4.54070289e-01 3.56649998e-01]
 [6.81313186e-01 2.64530872e-01 3.40239258e-01 ... 6.29942879e-03
  4.54070289e-01 3.56649998e-01]
 ...
 [2.11464231e-01 8.54076567e-01 4.43576363e-01 ... 3.09869010e-01
  2.12143617e-02 8.27533984e-04]
 [2.44971094e-01 8.38688024e-01 4.46272903e-01 ... 2.88132791e-01
  3.58473940e-02 1.49038179e-03]
 [2.80368051e-01 8.13654131e-01 4.43576363e-01 ... 2.55240893e-01
  5.77069654e-02 2.55712679e-03]]
[ 4.61690416e+00 -5.58446514e-01  4.93428919e+00 -5.84410336e-01
 -1.71216412e+00 -2.29115828e+00 -6.08443810e+00  2.47914058e+00
 -3.00414938e+00 -1.32176927e+00 -5.59747902e+00  1.27474111e+01
 -3.74570797e+00  7.74461970e-01  9.07816376e-01  9.06832629e+00
 -1.37200628e+01  5.84099515e+00  7.31174206e+00 -2.54670822e+00
  2.66934969e+00  9.31275272e-01 -3.45808121e-01  1.43299569e+00
 -2.64732609e+01  8.02519909e-02  6.98027298e-02  2.75530606e+00
 -5.70378129e+00  2.20590367e+01  1.47126143e+00  2.15399697e+01
  3.44070840e+00 -1.64817504e+01 -1.73148345e+01  3.85365411e+00
  1.35680278e+01 -9.90826103e-01 -2.25254416e+00 -1.04290315e+00
 -3.69290380e+00  7.05707916e+00  1.63991022e+00  3.39251515e+00
  4.84037150e+00 -1.09940188e+01 -2.15076899e+00 -4.15041032e+00
 -1.00336176e+00  1.50550751e-01  3.95678603e+00  8.02949840e+00
  4.12639732e+00  3.41793001e+00 -2.06823556e+00 -3.69141382e+00
 -6.26555206e-01 -4.62796810e+00  1.53446904e+01 -1.06834238e+00
 -3.19219558e+00  5.58342654e-01  3.75264498e+00  3.54103332e+00
 -1.81058630e+00 -7.16722327e+00 -4.28145067e+00  5.17917398e+00
  6.24095759e+00  6.40527290e-01 -5.88705819e+00 -7.33824419e+00
  2.05363158e+00  3.44261920e+00 -1.07528874e+01  2.75089448e+00
 -7.94998734e+00  1.04366380e+01  1.75941240e+00 -2.70864239e+00
  5.42852233e+00  1.05598842e+01 -1.00707653e+01  4.02706276e+00
 -1.65668695e+00 -1.11185602e+01 -5.76990991e+00 -1.55064113e+01
  1.96668245e+00  5.84997415e+00 -5.29171111e+00  3.41653108e+00
  6.35442122e+00 -1.93813953e+00 -4.02283557e-01  1.30866142e+00
 -6.58010715e-01  3.10143966e-01  2.22369757e+00  3.08471793e-01
 -4.05707321e-01 -3.43073228e-01  5.43794014e-01  1.20384124e+00
 -1.31630082e+00 -1.37324147e+00 -5.86587101e-01 -2.57951302e-01
  8.56801535e-01 -3.45455547e-01 -1.01479977e+00  1.08384674e-01
  1.43493887e-02  4.52882379e-02 -9.88208457e-02  1.25500775e+00
 -2.47281624e+00 -1.68290209e+00  9.80393045e-01  2.90116480e-01
  9.78121616e-01 -1.39452685e+00 -6.32435338e-01  2.93841678e+00
  4.50855967e-01  8.21845515e-01 -8.78058484e-01  5.10467995e-03
  1.98297406e-01  7.25409882e-01 -3.18852953e-01 -8.75405755e-01
 -9.11104787e-01  8.33139364e-02  4.48076676e-01  8.75662444e-01
 -1.10103691e+00  2.92581217e-01  4.69022455e-01 -6.15020199e-01
  7.63830663e-01  1.40181560e-01  2.81734484e+00 -2.69541714e-01
 -4.46778086e+00 -9.64187630e-01  3.00659477e-01  2.84784398e+00
 -4.96805769e-01 -1.66073540e+00  2.79893482e+00 -2.27042764e+00
 -9.81510755e-01  3.67354692e-01 -3.91683453e-01  1.72050400e-01
  3.89708719e+00 -1.16317753e+00 -1.71289577e+00  1.29629416e+00
 -1.13054748e+00 -3.01590625e-01  5.06067318e-01]
[[6.81313186e-01 2.64530872e-01 3.40239258e-01 ... 7.51860325e-02
  2.28980682e-01 4.62091397e-02]
 [6.81313186e-01 2.64530872e-01 3.40239258e-01 ... 7.51860325e-02
  2.28980682e-01 4.62091397e-02]
 [6.81313186e-01 2.64530872e-01 3.40239258e-01 ... 7.51860325e-02
  2.28980682e-01 4.62091397e-02]
 ...
 [2.11464231e-01 8.54076567e-01 4.43576363e-01 ... 2.72737622e-04
  3.92049818e-04 1.61539762e-02]
 [2.44971094e-01 8.38688024e-01 4.46272903e-01 ... 5.45643007e-04
  1.02674615e-03 2.69634492e-02]
 [2.80368051e-01 8.13654131e-01 4.43576363e-01 ... 9.90736567e-04
  2.44045591e-03 4.08467504e-02]]
[ 4.61690416e+00 -5.58446514e-01  4.93428919e+00 -5.84410336e-01
 -1.71216412e+00 -2.29115828e+00 -6.08443810e+00  2.47914058e+00
 -3.00414938e+00 -1.32176927e+00 -5.59747902e+00  1.27474111e+01
 -3.74570797e+00  7.74461970e-01  9.07816376e-01  9.06832629e+00
 -1.37200628e+01  5.84099515e+00  7.31174206e+00 -2.54670822e+00
  2.66934969e+00  9.31275272e-01 -3.45808121e-01  1.43299569e+00
 -2.64732609e+01  8.02519909e-02  6.98027298e-02  2.75530606e+00
 -5.70378129e+00  2.20590367e+01  1.47126143e+00  2.15399697e+01
  3.44070840e+00 -1.64817504e+01 -1.73148345e+01  3.85365411e+00
  1.35680278e+01 -9.90826103e-01 -2.25254416e+00 -1.04290315e+00
 -3.69290380e+00  7.05707916e+00  1.63991022e+00  3.39251515e+00
  4.84037150e+00 -1.09940188e+01 -2.15076899e+00 -4.15041032e+00
 -1.00336176e+00  1.50550751e-01  3.95678603e+00  8.02949840e+00
  4.12639732e+00  3.41793001e+00 -2.06823556e+00 -3.69141382e+00
 -6.26555206e-01 -4.62796810e+00  1.53446904e+01 -1.06834238e+00
 -3.19219558e+00  5.58342654e-01  3.75264498e+00  3.54103332e+00
 -1.81058630e+00 -7.16722327e+00 -4.28145067e+00  5.17917398e+00
  6.24095759e+00  6.40527290e-01 -5.88705819e+00 -7.33824419e+00
  2.05363158e+00  3.44261920e+00 -1.07528874e+01  2.75089448e+00
 -7.94998734e+00  1.04366380e+01  1.75941240e+00 -2.70864239e+00
  5.42852233e+00  1.05598842e+01 -1.00707653e+01  4.02706276e+00
 -1.65668695e+00 -1.11185602e+01 -5.76990991e+00 -1.55064113e+01
  1.96668245e+00  5.84997415e+00 -5.29171111e+00  3.41653108e+00
  6.35442122e+00 -1.93813953e+00 -4.02283557e-01  1.30866142e+00
 -6.58010715e-01  3.10143966e-01  2.22369757e+00  3.08471793e-01
 -4.05707321e-01 -3.43073228e-01  5.43794014e-01  1.20384124e+00
 -1.31630082e+00 -1.37324147e+00 -5.86587101e-01 -2.57951302e-01
  8.56801535e-01 -3.45455547e-01 -1.01479977e+00  1.08384674e-01
  1.43493887e-02  4.52882379e-02 -9.88208457e-02  1.25500775e+00
 -2.47281624e+00 -1.68290209e+00  9.80393045e-01  2.90116480e-01
  9.78121616e-01 -1.39452685e+00 -6.32435338e-01  2.93841678e+00
  4.50855967e-01  8.21845515e-01 -8.78058484e-01  5.10467995e-03
  1.98297406e-01  7.25409882e-01 -3.18852953e-01 -8.75405755e-01
 -9.11104787e-01  8.33139364e-02  4.48076676e-01  8.75662444e-01
 -1.10103691e+00  2.92581217e-01  4.69022455e-01 -6.15020199e-01
  7.63830663e-01  1.40181560e-01  2.81734484e+00 -2.69541714e-01
 -4.46778086e+00 -9.64187630e-01  3.00659477e-01  2.84784398e+00
 -4.96805769e-01 -1.66073540e+00  2.79893482e+00 -2.27042764e+00
 -9.81510755e-01  3.67354692e-01 -3.91683453e-01  1.72050400e-01
  3.89708719e+00 -1.16317753e+00 -1.71289577e+00  1.29629416e+00
 -1.13054748e+00 -3.01590625e-01  5.06067318e-01  1.12472835e+00
 -1.29467230e+00 -7.11269587e-01  3.54322888e-01 -1.40818347e-03
 -8.89061484e-02 -5.43788333e-02 -2.25243651e-01  4.43452052e-01
  4.64264513e-01  2.51083735e-01 -7.64996076e-02 -4.99493792e-01
 -1.97522533e-02  3.38705117e-02  3.61801057e-01 -1.76235841e-01
 -7.44532677e-02 -4.13495551e-01  6.44891552e-01 -2.45059955e-01
  3.91116328e-02 -2.15452137e-02  8.34492422e-02 -4.89197234e-01
  1.24068454e+00 -2.80541741e-01  2.51286547e-01 -5.01311262e-01
 -2.26572887e-02  3.01750308e-02 -6.64876897e-01  4.70803312e-01
 -4.55949842e-01  6.59694630e-02  1.66127619e-01 -4.23648878e-01
 -1.03128378e-01 -2.05149481e-01  2.27806009e-02  1.94646304e-01
  1.84628923e-01 -4.13822056e-01 -7.08838787e-02  2.77814648e-02
 -2.50461795e-02 -1.94494048e-01 -2.24011197e-02  7.75122880e-02
  6.34445490e-02  1.71578048e-01 -2.29204397e-01 -1.87600344e-01
  1.67817851e-02 -4.48105403e-01  4.79332709e-01 -3.99204600e-02
  2.49992299e-02 -2.46624773e-02 -1.92905856e-01  6.17352139e-02
 -2.32662194e-01  5.79769648e-01 -9.73216078e-02  1.40192936e-01
  2.57641375e-01 -3.52529053e-02  5.37066720e-01 -9.40759891e-02
 -5.20035896e-01  1.10258462e-02 -2.85566537e-01 -5.06576837e-01
 -5.67270979e-01  2.78982920e-03 -1.10147053e+00 -1.91632144e-01
 -4.67775046e-02 -3.20728798e-01  6.96785934e-03 -2.38379931e-01
 -1.49000353e-01  3.41023119e-01 -5.54603457e-01  4.81268462e-01
  5.19375287e-01  3.89693392e-01  2.79040505e-01  1.40203365e-01
  2.43521296e-01  2.83827416e-01  6.05584195e-01  5.59637448e-01
  4.87581076e-01 -1.92390626e-01  2.13905057e-01  5.67344486e-01
  4.38640368e-01 -1.02655487e-01  1.93331666e-01 -1.66295658e-01
  8.07456305e-01 -1.21482653e+00 -1.93021162e-01  1.70031722e-01
  2.75671780e-01 -1.26569310e-01 -2.98740491e-01]
[[6.81313186e-01 2.64530872e-01 3.40239258e-01 ... 3.50791993e-09
  2.04257615e-03 2.46567929e-08]
 [6.81313186e-01 2.64530872e-01 3.40239258e-01 ... 3.50791993e-09
  2.04257615e-03 2.46567929e-08]
 [6.81313186e-01 2.64530872e-01 3.40239258e-01 ... 3.50791993e-09
  2.04257615e-03 2.46567929e-08]
 ...
 [2.11464231e-01 8.54076567e-01 4.43576363e-01 ... 4.41239522e-05
  6.03799996e-04 6.13934852e-05]
 [2.44971094e-01 8.38688024e-01 4.46272903e-01 ... 3.29862215e-05
  1.40240926e-03 5.57196453e-05]
 [2.80368051e-01 8.13654131e-01 4.43576363e-01 ... 2.03124751e-05
  2.68304864e-03 4.16549395e-05]]
[ 4.61690416e+00 -5.58446514e-01  4.93428919e+00 -5.84410336e-01
 -1.71216412e+00 -2.29115828e+00 -6.08443810e+00  2.47914058e+00
 -3.00414938e+00 -1.32176927e+00 -5.59747902e+00  1.27474111e+01
 -3.74570797e+00  7.74461970e-01  9.07816376e-01  9.06832629e+00
 -1.37200628e+01  5.84099515e+00  7.31174206e+00 -2.54670822e+00
  2.66934969e+00  9.31275272e-01 -3.45808121e-01  1.43299569e+00
 -2.64732609e+01  8.02519909e-02  6.98027298e-02  2.75530606e+00
 -5.70378129e+00  2.20590367e+01  1.47126143e+00  2.15399697e+01
  3.44070840e+00 -1.64817504e+01 -1.73148345e+01  3.85365411e+00
  1.35680278e+01 -9.90826103e-01 -2.25254416e+00 -1.04290315e+00
 -3.69290380e+00  7.05707916e+00  1.63991022e+00  3.39251515e+00
  4.84037150e+00 -1.09940188e+01 -2.15076899e+00 -4.15041032e+00
 -1.00336176e+00  1.50550751e-01  3.95678603e+00  8.02949840e+00
  4.12639732e+00  3.41793001e+00 -2.06823556e+00 -3.69141382e+00
 -6.26555206e-01 -4.62796810e+00  1.53446904e+01 -1.06834238e+00
 -3.19219558e+00  5.58342654e-01  3.75264498e+00  3.54103332e+00
 -1.81058630e+00 -7.16722327e+00 -4.28145067e+00  5.17917398e+00
  6.24095759e+00  6.40527290e-01 -5.88705819e+00 -7.33824419e+00
  2.05363158e+00  3.44261920e+00 -1.07528874e+01  2.75089448e+00
 -7.94998734e+00  1.04366380e+01  1.75941240e+00 -2.70864239e+00
  5.42852233e+00  1.05598842e+01 -1.00707653e+01  4.02706276e+00
 -1.65668695e+00 -1.11185602e+01 -5.76990991e+00 -1.55064113e+01
  1.96668245e+00  5.84997415e+00 -5.29171111e+00  3.41653108e+00
  6.35442122e+00 -1.93813953e+00 -4.02283557e-01  1.30866142e+00
 -6.58010715e-01  3.10143966e-01  2.22369757e+00  3.08471793e-01
 -4.05707321e-01 -3.43073228e-01  5.43794014e-01  1.20384124e+00
 -1.31630082e+00 -1.37324147e+00 -5.86587101e-01 -2.57951302e-01
  8.56801535e-01 -3.45455547e-01 -1.01479977e+00  1.08384674e-01
  1.43493887e-02  4.52882379e-02 -9.88208457e-02  1.25500775e+00
 -2.47281624e+00 -1.68290209e+00  9.80393045e-01  2.90116480e-01
  9.78121616e-01 -1.39452685e+00 -6.32435338e-01  2.93841678e+00
  4.50855967e-01  8.21845515e-01 -8.78058484e-01  5.10467995e-03
  1.98297406e-01  7.25409882e-01 -3.18852953e-01 -8.75405755e-01
 -9.11104787e-01  8.33139364e-02  4.48076676e-01  8.75662444e-01
 -1.10103691e+00  2.92581217e-01  4.69022455e-01 -6.15020199e-01
  7.63830663e-01  1.40181560e-01  2.81734484e+00 -2.69541714e-01
 -4.46778086e+00 -9.64187630e-01  3.00659477e-01  2.84784398e+00
 -4.96805769e-01 -1.66073540e+00  2.79893482e+00 -2.27042764e+00
 -9.81510755e-01  3.67354692e-01 -3.91683453e-01  1.72050400e-01
  3.89708719e+00 -1.16317753e+00 -1.71289577e+00  1.29629416e+00
 -1.13054748e+00 -3.01590625e-01  5.06067318e-01  1.12472835e+00
 -1.29467230e+00 -7.11269587e-01  3.54322888e-01 -1.40818347e-03
 -8.89061484e-02 -5.43788333e-02 -2.25243651e-01  4.43452052e-01
  4.64264513e-01  2.51083735e-01 -7.64996076e-02 -4.99493792e-01
 -1.97522533e-02  3.38705117e-02  3.61801057e-01 -1.76235841e-01
 -7.44532677e-02 -4.13495551e-01  6.44891552e-01 -2.45059955e-01
  3.91116328e-02 -2.15452137e-02  8.34492422e-02 -4.89197234e-01
  1.24068454e+00 -2.80541741e-01  2.51286547e-01 -5.01311262e-01
 -2.26572887e-02  3.01750308e-02 -6.64876897e-01  4.70803312e-01
 -4.55949842e-01  6.59694630e-02  1.66127619e-01 -4.23648878e-01
 -1.03128378e-01 -2.05149481e-01  2.27806009e-02  1.94646304e-01
  1.84628923e-01 -4.13822056e-01 -7.08838787e-02  2.77814648e-02
 -2.50461795e-02 -1.94494048e-01 -2.24011197e-02  7.75122880e-02
  6.34445490e-02  1.71578048e-01 -2.29204397e-01 -1.87600344e-01
  1.67817851e-02 -4.48105403e-01  4.79332709e-01 -3.99204600e-02
  2.49992299e-02 -2.46624773e-02 -1.92905856e-01  6.17352139e-02
 -2.32662194e-01  5.79769648e-01 -9.73216078e-02  1.40192936e-01
  2.57641375e-01 -3.52529053e-02  5.37066720e-01 -9.40759891e-02
 -5.20035896e-01  1.10258462e-02 -2.85566537e-01 -5.06576837e-01
 -5.67270979e-01  2.78982920e-03 -1.10147053e+00 -1.91632144e-01
 -4.67775046e-02 -3.20728798e-01  6.96785934e-03 -2.38379931e-01
 -1.49000353e-01  3.41023119e-01 -5.54603457e-01  4.81268462e-01
  5.19375287e-01  3.89693392e-01  2.79040505e-01  1.40203365e-01
  2.43521296e-01  2.83827416e-01  6.05584195e-01  5.59637448e-01
  4.87581076e-01 -1.92390626e-01  2.13905057e-01  5.67344486e-01
  4.38640368e-01 -1.02655487e-01  1.93331666e-01 -1.66295658e-01
  8.07456305e-01 -1.21482653e+00 -1.93021162e-01  1.70031722e-01
  2.75671780e-01 -1.26569310e-01 -2.98740491e-01 -2.84245944e-01
  2.20468755e-02  1.23399333e-01 -2.21665068e-01  1.59683900e-01
 -1.60683325e-01 -1.43294022e-01  1.31659347e-01  1.20545141e-01
 -2.36173444e-01  3.12738213e-02 -4.49531013e-01 -1.31998471e-01
 -8.89459202e-03 -1.31418465e-01  9.00976408e-02  1.39129504e-01
  1.74948976e-01  2.39839522e-02  3.79627422e-02 -1.34058827e-01
 -1.19939821e-02 -5.14455890e-01  3.37427732e-02 -5.02623519e-02
 -1.89663853e-01  2.92411037e-03  3.73726804e-02  2.49095742e+00
 -7.68427579e-02 -7.81972068e-03 -1.81845804e-01  1.03297492e-02
 -6.69531195e-01  3.59308894e-02  5.09052331e-02  2.46083745e-01
  8.33312220e-02 -4.89163569e-02 -1.00487748e-01 -2.00167138e-01
  1.81961966e-01  1.67869626e-02  2.78046832e-02  2.47209536e-02
  4.49930167e-02  3.33461542e-02  8.44602185e-02  8.36122489e-02
  1.47857090e-01 -2.32881907e-01 -5.02233990e-02 -9.54506204e-02
  6.06024435e-02 -8.35684465e-02  1.05681892e-01  1.65361119e-01
 -1.59437122e-02 -4.24388485e-01  6.88878341e-02  7.38053106e-03
  2.67770763e-01 -2.03040032e-01 -6.39209337e-02  4.87284831e-03
  1.73338109e-01  5.51976373e-02 -1.04443254e-01  7.30905465e-02
 -7.96724024e-02  6.23681903e-03  1.53735301e-01 -3.88588464e-02
  5.09994560e-02  9.93967623e-02 -3.71919977e-02  7.67357446e-02
 -2.55106908e-02 -2.19900902e-01  2.33115799e-01  2.43475985e-01
 -1.53312343e-01 -1.97159927e-01  4.81219098e-02 -9.44489033e-02
 -7.71234799e-02  3.52705450e-01 -1.72648014e-01 -1.55105409e-01
 -3.19620913e-01 -1.78232690e-01  2.23866100e-01 -1.73649846e-01
  2.62533844e-01  6.72885701e-02 -2.89458761e-01  2.94743431e-01
 -4.72527407e-02  1.26101169e-01  1.00688057e-01  2.55339823e-01
  5.66377076e-02 -5.89771279e-02  4.31791318e-01  8.31503461e-02
  1.95410980e-01  1.51952224e-01 -9.74733729e-02  1.29142522e-01
  1.34778073e-01  6.31783878e-02  4.30973558e-01  2.44138288e-02
 -4.07916954e-01 -2.82894474e-01  3.51423924e-01 -3.46699233e-02
  1.25053197e-02 -2.64614147e-01 -1.35219025e-01 -1.00819374e-01
 -3.12689425e-01  8.83026681e-02 -8.26731089e-02  2.31252775e-02
  2.35483493e-01 -8.33976710e-02  3.62028115e-01 -2.78657047e-01
  1.36836116e-01 -8.08291259e-02  2.31502892e-01  7.51192658e-02
  1.26771144e-01 -9.10742652e-02 -1.98212315e+00 -2.41797480e-02
 -7.37060950e-02  7.86948140e-01 -1.64432925e+00  7.98119062e-01
  4.04841604e-01 -3.10941082e-01  2.61258563e-01 -1.08953074e-01
  8.57011715e-02  3.73539638e-01  6.04937108e-02 -9.80059270e-02
 -1.32282402e-01 -5.42695413e-02  1.25969092e-02  1.89488677e-01
 -2.94593110e-02]
[[6.81313186e-01 2.64530872e-01 3.40239258e-01 ... 1.94881119e-13
  1.72462015e-12 4.48254220e-13]
 [6.81313186e-01 2.64530872e-01 3.40239258e-01 ... 1.94881119e-13
  1.72462015e-12 4.48254220e-13]
 [6.81313186e-01 2.64530872e-01 3.40239258e-01 ... 1.94881119e-13
  1.72462015e-12 4.48254220e-13]
 ...
 [2.11464231e-01 8.54076567e-01 4.43576363e-01 ... 4.73219008e-05
  6.25751863e-04 3.59098947e-03]
 [2.44971094e-01 8.38688024e-01 4.46272903e-01 ... 5.74500050e-05
  1.11965912e-03 6.42536499e-03]
 [2.80368051e-01 8.13654131e-01 4.43576363e-01 ... 4.73219008e-05
  1.35929498e-03 7.80055840e-03]]
[ 4.61690416e+00 -5.58446514e-01  4.93428919e+00 -5.84410336e-01
 -1.71216412e+00 -2.29115828e+00 -6.08443810e+00  2.47914058e+00
 -3.00414938e+00 -1.32176927e+00 -5.59747902e+00  1.27474111e+01
 -3.74570797e+00  7.74461970e-01  9.07816376e-01  9.06832629e+00
 -1.37200628e+01  5.84099515e+00  7.31174206e+00 -2.54670822e+00
  2.66934969e+00  9.31275272e-01 -3.45808121e-01  1.43299569e+00
 -2.64732609e+01  8.02519909e-02  6.98027298e-02  2.75530606e+00
 -5.70378129e+00  2.20590367e+01  1.47126143e+00  2.15399697e+01
  3.44070840e+00 -1.64817504e+01 -1.73148345e+01  3.85365411e+00
  1.35680278e+01 -9.90826103e-01 -2.25254416e+00 -1.04290315e+00
 -3.69290380e+00  7.05707916e+00  1.63991022e+00  3.39251515e+00
  4.84037150e+00 -1.09940188e+01 -2.15076899e+00 -4.15041032e+00
 -1.00336176e+00  1.50550751e-01  3.95678603e+00  8.02949840e+00
  4.12639732e+00  3.41793001e+00 -2.06823556e+00 -3.69141382e+00
 -6.26555206e-01 -4.62796810e+00  1.53446904e+01 -1.06834238e+00
 -3.19219558e+00  5.58342654e-01  3.75264498e+00  3.54103332e+00
 -1.81058630e+00 -7.16722327e+00 -4.28145067e+00  5.17917398e+00
  6.24095759e+00  6.40527290e-01 -5.88705819e+00 -7.33824419e+00
  2.05363158e+00  3.44261920e+00 -1.07528874e+01  2.75089448e+00
 -7.94998734e+00  1.04366380e+01  1.75941240e+00 -2.70864239e+00
  5.42852233e+00  1.05598842e+01 -1.00707653e+01  4.02706276e+00
 -1.65668695e+00 -1.11185602e+01 -5.76990991e+00 -1.55064113e+01
  1.96668245e+00  5.84997415e+00 -5.29171111e+00  3.41653108e+00
  6.35442122e+00 -1.93813953e+00 -4.02283557e-01  1.30866142e+00
 -6.58010715e-01  3.10143966e-01  2.22369757e+00  3.08471793e-01
 -4.05707321e-01 -3.43073228e-01  5.43794014e-01  1.20384124e+00
 -1.31630082e+00 -1.37324147e+00 -5.86587101e-01 -2.57951302e-01
  8.56801535e-01 -3.45455547e-01 -1.01479977e+00  1.08384674e-01
  1.43493887e-02  4.52882379e-02 -9.88208457e-02  1.25500775e+00
 -2.47281624e+00 -1.68290209e+00  9.80393045e-01  2.90116480e-01
  9.78121616e-01 -1.39452685e+00 -6.32435338e-01  2.93841678e+00
  4.50855967e-01  8.21845515e-01 -8.78058484e-01  5.10467995e-03
  1.98297406e-01  7.25409882e-01 -3.18852953e-01 -8.75405755e-01
 -9.11104787e-01  8.33139364e-02  4.48076676e-01  8.75662444e-01
 -1.10103691e+00  2.92581217e-01  4.69022455e-01 -6.15020199e-01
  7.63830663e-01  1.40181560e-01  2.81734484e+00 -2.69541714e-01
 -4.46778086e+00 -9.64187630e-01  3.00659477e-01  2.84784398e+00
 -4.96805769e-01 -1.66073540e+00  2.79893482e+00 -2.27042764e+00
 -9.81510755e-01  3.67354692e-01 -3.91683453e-01  1.72050400e-01
  3.89708719e+00 -1.16317753e+00 -1.71289577e+00  1.29629416e+00
 -1.13054748e+00 -3.01590625e-01  5.06067318e-01  1.12472835e+00
 -1.29467230e+00 -7.11269587e-01  3.54322888e-01 -1.40818347e-03
 -8.89061484e-02 -5.43788333e-02 -2.25243651e-01  4.43452052e-01
  4.64264513e-01  2.51083735e-01 -7.64996076e-02 -4.99493792e-01
 -1.97522533e-02  3.38705117e-02  3.61801057e-01 -1.76235841e-01
 -7.44532677e-02 -4.13495551e-01  6.44891552e-01 -2.45059955e-01
  3.91116328e-02 -2.15452137e-02  8.34492422e-02 -4.89197234e-01
  1.24068454e+00 -2.80541741e-01  2.51286547e-01 -5.01311262e-01
 -2.26572887e-02  3.01750308e-02 -6.64876897e-01  4.70803312e-01
 -4.55949842e-01  6.59694630e-02  1.66127619e-01 -4.23648878e-01
 -1.03128378e-01 -2.05149481e-01  2.27806009e-02  1.94646304e-01
  1.84628923e-01 -4.13822056e-01 -7.08838787e-02  2.77814648e-02
 -2.50461795e-02 -1.94494048e-01 -2.24011197e-02  7.75122880e-02
  6.34445490e-02  1.71578048e-01 -2.29204397e-01 -1.87600344e-01
  1.67817851e-02 -4.48105403e-01  4.79332709e-01 -3.99204600e-02
  2.49992299e-02 -2.46624773e-02 -1.92905856e-01  6.17352139e-02
 -2.32662194e-01  5.79769648e-01 -9.73216078e-02  1.40192936e-01
  2.57641375e-01 -3.52529053e-02  5.37066720e-01 -9.40759891e-02
 -5.20035896e-01  1.10258462e-02 -2.85566537e-01 -5.06576837e-01
 -5.67270979e-01  2.78982920e-03 -1.10147053e+00 -1.91632144e-01
 -4.67775046e-02 -3.20728798e-01  6.96785934e-03 -2.38379931e-01
 -1.49000353e-01  3.41023119e-01 -5.54603457e-01  4.81268462e-01
  5.19375287e-01  3.89693392e-01  2.79040505e-01  1.40203365e-01
  2.43521296e-01  2.83827416e-01  6.05584195e-01  5.59637448e-01
  4.87581076e-01 -1.92390626e-01  2.13905057e-01  5.67344486e-01
  4.38640368e-01 -1.02655487e-01  1.93331666e-01 -1.66295658e-01
  8.07456305e-01 -1.21482653e+00 -1.93021162e-01  1.70031722e-01
  2.75671780e-01 -1.26569310e-01 -2.98740491e-01 -2.84245944e-01
  2.20468755e-02  1.23399333e-01 -2.21665068e-01  1.59683900e-01
 -1.60683325e-01 -1.43294022e-01  1.31659347e-01  1.20545141e-01
 -2.36173444e-01  3.12738213e-02 -4.49531013e-01 -1.31998471e-01
 -8.89459202e-03 -1.31418465e-01  9.00976408e-02  1.39129504e-01
  1.74948976e-01  2.39839522e-02  3.79627422e-02 -1.34058827e-01
 -1.19939821e-02 -5.14455890e-01  3.37427732e-02 -5.02623519e-02
 -1.89663853e-01  2.92411037e-03  3.73726804e-02  2.49095742e+00
 -7.68427579e-02 -7.81972068e-03 -1.81845804e-01  1.03297492e-02
 -6.69531195e-01  3.59308894e-02  5.09052331e-02  2.46083745e-01
  8.33312220e-02 -4.89163569e-02 -1.00487748e-01 -2.00167138e-01
  1.81961966e-01  1.67869626e-02  2.78046832e-02  2.47209536e-02
  4.49930167e-02  3.33461542e-02  8.44602185e-02  8.36122489e-02
  1.47857090e-01 -2.32881907e-01 -5.02233990e-02 -9.54506204e-02
  6.06024435e-02 -8.35684465e-02  1.05681892e-01  1.65361119e-01
 -1.59437122e-02 -4.24388485e-01  6.88878341e-02  7.38053106e-03
  2.67770763e-01 -2.03040032e-01 -6.39209337e-02  4.87284831e-03
  1.73338109e-01  5.51976373e-02 -1.04443254e-01  7.30905465e-02
 -7.96724024e-02  6.23681903e-03  1.53735301e-01 -3.88588464e-02
  5.09994560e-02  9.93967623e-02 -3.71919977e-02  7.67357446e-02
 -2.55106908e-02 -2.19900902e-01  2.33115799e-01  2.43475985e-01
 -1.53312343e-01 -1.97159927e-01  4.81219098e-02 -9.44489033e-02
 -7.71234799e-02  3.52705450e-01 -1.72648014e-01 -1.55105409e-01
 -3.19620913e-01 -1.78232690e-01  2.23866100e-01 -1.73649846e-01
  2.62533844e-01  6.72885701e-02 -2.89458761e-01  2.94743431e-01
 -4.72527407e-02  1.26101169e-01  1.00688057e-01  2.55339823e-01
  5.66377076e-02 -5.89771279e-02  4.31791318e-01  8.31503461e-02
  1.95410980e-01  1.51952224e-01 -9.74733729e-02  1.29142522e-01
  1.34778073e-01  6.31783878e-02  4.30973558e-01  2.44138288e-02
 -4.07916954e-01 -2.82894474e-01  3.51423924e-01 -3.46699233e-02
  1.25053197e-02 -2.64614147e-01 -1.35219025e-01 -1.00819374e-01
 -3.12689425e-01  8.83026681e-02 -8.26731089e-02  2.31252775e-02
  2.35483493e-01 -8.33976710e-02  3.62028115e-01 -2.78657047e-01
  1.36836116e-01 -8.08291259e-02  2.31502892e-01  7.51192658e-02
  1.26771144e-01 -9.10742652e-02 -1.98212315e+00 -2.41797480e-02
 -7.37060950e-02  7.86948140e-01 -1.64432925e+00  7.98119062e-01
  4.04841604e-01 -3.10941082e-01  2.61258563e-01 -1.08953074e-01
  8.57011715e-02  3.73539638e-01  6.04937108e-02 -9.80059270e-02
 -1.32282402e-01 -5.42695413e-02  1.25969092e-02  1.89488677e-01
 -2.94593110e-02  1.82699410e-01  2.26416194e-01 -5.27813696e-01
  4.52859981e-01 -7.02318817e-02 -9.24397850e-02  5.49605894e-02
  2.73311469e-02  5.83010811e-02 -2.83515333e-02 -4.61131457e-02
  4.46962695e-03 -1.34950638e-01  7.20678990e-02  3.91377845e-02
  1.96349357e-02 -1.67484857e-01 -1.74372825e-01  6.71927472e-02
 -8.24708476e-02 -5.38193433e-02  3.92322667e-02  1.83033571e-01
 -1.33981513e-01  6.03133866e-02 -8.54510861e-02  5.35123230e-02
 -4.06625566e-01  8.27364962e-02 -4.11665594e-02 -1.98956279e-02
 -8.52867969e-02  4.83093262e-02 -1.25170151e-01  1.65689266e-01
 -1.98830661e-02 -3.82686240e-02  3.18257100e-02 -3.15809484e-02
 -3.65564287e-02 -6.78594011e-02 -1.77198471e-02 -4.93896822e-02
 -1.28243531e-02  4.60004177e-02  2.55194384e-02 -1.37867648e-01
 -1.71291340e-01  8.76079620e-03 -4.06392425e-02 -4.06730603e-01
  1.21048399e-02 -1.67522957e-01  3.25787751e-02  8.00246093e-02
  9.15719813e-02  7.15575530e-02 -5.54068571e-02  2.62521948e-02
  4.45142727e-02 -1.21462775e-01  7.30715337e-02  1.46501962e-02
  6.97528014e-02 -7.12241302e-02 -2.24472685e-02  4.86512500e-02
  1.30118373e-02  1.77441418e-02 -4.88072217e-02 -1.80873055e-02
 -2.70858501e-01 -3.05387788e-02 -3.88353872e-02 -9.24560166e-02
  1.34882020e-01  4.40325473e-01 -3.35653545e-02 -3.26540031e-01
  2.37753081e-01  2.70748161e-02 -6.09205556e-02  7.15437971e-02
  1.05764525e-01  3.85531901e-02  3.02516281e-02  1.18804165e-01
 -1.25658955e-02 -9.56215913e-02  8.40377002e-02  2.09280796e-02
 -3.48460294e-02 -5.19198327e-02  2.57199197e-02 -1.12407199e-01
  3.62367429e-02  2.64173287e-01 -2.80578133e-01 -2.41519300e-01
  2.54399267e-01  1.52815250e-01 -2.47122778e-02 -1.65368489e-01
 -6.22715940e-03  5.94380098e-02 -8.87353704e-02  3.59556428e-01
 -1.99303685e-02 -1.34880108e-01  6.76449795e-03  3.90328519e-02
  3.70771360e-02 -1.34181041e-02  5.30766884e-02  5.69736893e-02
 -3.74863226e-02  5.37857375e-02 -2.53424239e-01 -2.58610607e-01
 -1.89256240e-01  6.88292444e-02 -3.88033198e-02  6.94725022e-02
 -4.77198779e-02  1.30041564e-02  2.66838477e-02 -4.95581060e-02
  2.12494028e-02 -4.68508369e-02  1.16944731e-01  3.77655058e-02
 -1.68073549e-02  2.37888275e-02 -2.48632838e-02  1.80998590e-02
  5.29551558e-02  3.18205470e-01 -3.82158648e-02  8.51796534e-02
  3.11073720e-01 -2.93444240e-01  2.26262322e-01 -1.48988414e-01
  7.76487785e-02 -4.27160225e-02 -2.22855639e-01  2.41966792e-01
 -3.68774924e-02  5.52105816e-02 -1.73203449e-01 -2.71209879e-02
  2.58795172e-02  9.90087827e-02  4.06448573e-02 -2.38958925e-02
  2.78062060e-02  8.87046470e-03 -6.23494484e-02  3.07293064e-02
  6.43292018e-02  2.05558040e-01 -1.30441218e-01  7.41386187e-02
  4.21615116e-02 -2.28500725e-02  7.34146764e-02  4.71765983e-02
  4.01056335e-02 -3.94713965e-02  3.30940693e-01  1.29454795e-01
  3.39229540e-01 -2.29805903e-01 -4.86993600e-02  2.13713635e-02
 -5.51059198e-02  8.98309195e-02 -2.39830440e-01  1.15841367e-01
 -3.36766763e-02 -2.37253001e-02  3.39413814e-02 -3.59295205e-02
  9.80972924e-02 -3.22934476e-02  3.64698533e-02  2.40498875e-02
 -2.66372147e-02  1.66775549e-02]
[[6.81313186e-01 2.64530872e-01 3.40239258e-01 ... 1.12515447e-05
  8.31140497e-09 1.98352890e-08]
 [6.81313186e-01 2.64530872e-01 3.40239258e-01 ... 1.12515447e-05
  8.31140497e-09 1.98352890e-08]
 [6.81313186e-01 2.64530872e-01 3.40239258e-01 ... 1.12515447e-05
  8.31140497e-09 1.98352890e-08]
 ...
 [2.11464231e-01 8.54076567e-01 4.43576363e-01 ... 1.59161670e-22
  1.02335625e-17 2.89705577e-24]
 [2.44971094e-01 8.38688024e-01 4.46272903e-01 ... 8.42092669e-20
  1.27386132e-15 7.43473014e-22]
 [2.80368051e-01 8.13654131e-01 4.43576363e-01 ... 2.05101920e-17
  7.29971488e-14 8.78338666e-20]]
[ 4.61690416e+00 -5.58446514e-01  4.93428919e+00 -5.84410336e-01
 -1.71216412e+00 -2.29115828e+00 -6.08443810e+00  2.47914058e+00
 -3.00414938e+00 -1.32176927e+00 -5.59747902e+00  1.27474111e+01
 -3.74570797e+00  7.74461970e-01  9.07816376e-01  9.06832629e+00
 -1.37200628e+01  5.84099515e+00  7.31174206e+00 -2.54670822e+00
  2.66934969e+00  9.31275272e-01 -3.45808121e-01  1.43299569e+00
 -2.64732609e+01  8.02519909e-02  6.98027298e-02  2.75530606e+00
 -5.70378129e+00  2.20590367e+01  1.47126143e+00  2.15399697e+01
  3.44070840e+00 -1.64817504e+01 -1.73148345e+01  3.85365411e+00
  1.35680278e+01 -9.90826103e-01 -2.25254416e+00 -1.04290315e+00
 -3.69290380e+00  7.05707916e+00  1.63991022e+00  3.39251515e+00
  4.84037150e+00 -1.09940188e+01 -2.15076899e+00 -4.15041032e+00
 -1.00336176e+00  1.50550751e-01  3.95678603e+00  8.02949840e+00
  4.12639732e+00  3.41793001e+00 -2.06823556e+00 -3.69141382e+00
 -6.26555206e-01 -4.62796810e+00  1.53446904e+01 -1.06834238e+00
 -3.19219558e+00  5.58342654e-01  3.75264498e+00  3.54103332e+00
 -1.81058630e+00 -7.16722327e+00 -4.28145067e+00  5.17917398e+00
  6.24095759e+00  6.40527290e-01 -5.88705819e+00 -7.33824419e+00
  2.05363158e+00  3.44261920e+00 -1.07528874e+01  2.75089448e+00
 -7.94998734e+00  1.04366380e+01  1.75941240e+00 -2.70864239e+00
  5.42852233e+00  1.05598842e+01 -1.00707653e+01  4.02706276e+00
 -1.65668695e+00 -1.11185602e+01 -5.76990991e+00 -1.55064113e+01
  1.96668245e+00  5.84997415e+00 -5.29171111e+00  3.41653108e+00
  6.35442122e+00 -1.93813953e+00 -4.02283557e-01  1.30866142e+00
 -6.58010715e-01  3.10143966e-01  2.22369757e+00  3.08471793e-01
 -4.05707321e-01 -3.43073228e-01  5.43794014e-01  1.20384124e+00
 -1.31630082e+00 -1.37324147e+00 -5.86587101e-01 -2.57951302e-01
  8.56801535e-01 -3.45455547e-01 -1.01479977e+00  1.08384674e-01
  1.43493887e-02  4.52882379e-02 -9.88208457e-02  1.25500775e+00
 -2.47281624e+00 -1.68290209e+00  9.80393045e-01  2.90116480e-01
  9.78121616e-01 -1.39452685e+00 -6.32435338e-01  2.93841678e+00
  4.50855967e-01  8.21845515e-01 -8.78058484e-01  5.10467995e-03
  1.98297406e-01  7.25409882e-01 -3.18852953e-01 -8.75405755e-01
 -9.11104787e-01  8.33139364e-02  4.48076676e-01  8.75662444e-01
 -1.10103691e+00  2.92581217e-01  4.69022455e-01 -6.15020199e-01
  7.63830663e-01  1.40181560e-01  2.81734484e+00 -2.69541714e-01
 -4.46778086e+00 -9.64187630e-01  3.00659477e-01  2.84784398e+00
 -4.96805769e-01 -1.66073540e+00  2.79893482e+00 -2.27042764e+00
 -9.81510755e-01  3.67354692e-01 -3.91683453e-01  1.72050400e-01
  3.89708719e+00 -1.16317753e+00 -1.71289577e+00  1.29629416e+00
 -1.13054748e+00 -3.01590625e-01  5.06067318e-01  1.12472835e+00
 -1.29467230e+00 -7.11269587e-01  3.54322888e-01 -1.40818347e-03
 -8.89061484e-02 -5.43788333e-02 -2.25243651e-01  4.43452052e-01
  4.64264513e-01  2.51083735e-01 -7.64996076e-02 -4.99493792e-01
 -1.97522533e-02  3.38705117e-02  3.61801057e-01 -1.76235841e-01
 -7.44532677e-02 -4.13495551e-01  6.44891552e-01 -2.45059955e-01
  3.91116328e-02 -2.15452137e-02  8.34492422e-02 -4.89197234e-01
  1.24068454e+00 -2.80541741e-01  2.51286547e-01 -5.01311262e-01
 -2.26572887e-02  3.01750308e-02 -6.64876897e-01  4.70803312e-01
 -4.55949842e-01  6.59694630e-02  1.66127619e-01 -4.23648878e-01
 -1.03128378e-01 -2.05149481e-01  2.27806009e-02  1.94646304e-01
  1.84628923e-01 -4.13822056e-01 -7.08838787e-02  2.77814648e-02
 -2.50461795e-02 -1.94494048e-01 -2.24011197e-02  7.75122880e-02
  6.34445490e-02  1.71578048e-01 -2.29204397e-01 -1.87600344e-01
  1.67817851e-02 -4.48105403e-01  4.79332709e-01 -3.99204600e-02
  2.49992299e-02 -2.46624773e-02 -1.92905856e-01  6.17352139e-02
 -2.32662194e-01  5.79769648e-01 -9.73216078e-02  1.40192936e-01
  2.57641375e-01 -3.52529053e-02  5.37066720e-01 -9.40759891e-02
 -5.20035896e-01  1.10258462e-02 -2.85566537e-01 -5.06576837e-01
 -5.67270979e-01  2.78982920e-03 -1.10147053e+00 -1.91632144e-01
 -4.67775046e-02 -3.20728798e-01  6.96785934e-03 -2.38379931e-01
 -1.49000353e-01  3.41023119e-01 -5.54603457e-01  4.81268462e-01
  5.19375287e-01  3.89693392e-01  2.79040505e-01  1.40203365e-01
  2.43521296e-01  2.83827416e-01  6.05584195e-01  5.59637448e-01
  4.87581076e-01 -1.92390626e-01  2.13905057e-01  5.67344486e-01
  4.38640368e-01 -1.02655487e-01  1.93331666e-01 -1.66295658e-01
  8.07456305e-01 -1.21482653e+00 -1.93021162e-01  1.70031722e-01
  2.75671780e-01 -1.26569310e-01 -2.98740491e-01 -2.84245944e-01
  2.20468755e-02  1.23399333e-01 -2.21665068e-01  1.59683900e-01
 -1.60683325e-01 -1.43294022e-01  1.31659347e-01  1.20545141e-01
 -2.36173444e-01  3.12738213e-02 -4.49531013e-01 -1.31998471e-01
 -8.89459202e-03 -1.31418465e-01  9.00976408e-02  1.39129504e-01
  1.74948976e-01  2.39839522e-02  3.79627422e-02 -1.34058827e-01
 -1.19939821e-02 -5.14455890e-01  3.37427732e-02 -5.02623519e-02
 -1.89663853e-01  2.92411037e-03  3.73726804e-02  2.49095742e+00
 -7.68427579e-02 -7.81972068e-03 -1.81845804e-01  1.03297492e-02
 -6.69531195e-01  3.59308894e-02  5.09052331e-02  2.46083745e-01
  8.33312220e-02 -4.89163569e-02 -1.00487748e-01 -2.00167138e-01
  1.81961966e-01  1.67869626e-02  2.78046832e-02  2.47209536e-02
  4.49930167e-02  3.33461542e-02  8.44602185e-02  8.36122489e-02
  1.47857090e-01 -2.32881907e-01 -5.02233990e-02 -9.54506204e-02
  6.06024435e-02 -8.35684465e-02  1.05681892e-01  1.65361119e-01
 -1.59437122e-02 -4.24388485e-01  6.88878341e-02  7.38053106e-03
  2.67770763e-01 -2.03040032e-01 -6.39209337e-02  4.87284831e-03
  1.73338109e-01  5.51976373e-02 -1.04443254e-01  7.30905465e-02
 -7.96724024e-02  6.23681903e-03  1.53735301e-01 -3.88588464e-02
  5.09994560e-02  9.93967623e-02 -3.71919977e-02  7.67357446e-02
 -2.55106908e-02 -2.19900902e-01  2.33115799e-01  2.43475985e-01
 -1.53312343e-01 -1.97159927e-01  4.81219098e-02 -9.44489033e-02
 -7.71234799e-02  3.52705450e-01 -1.72648014e-01 -1.55105409e-01
 -3.19620913e-01 -1.78232690e-01  2.23866100e-01 -1.73649846e-01
  2.62533844e-01  6.72885701e-02 -2.89458761e-01  2.94743431e-01
 -4.72527407e-02  1.26101169e-01  1.00688057e-01  2.55339823e-01
  5.66377076e-02 -5.89771279e-02  4.31791318e-01  8.31503461e-02
  1.95410980e-01  1.51952224e-01 -9.74733729e-02  1.29142522e-01
  1.34778073e-01  6.31783878e-02  4.30973558e-01  2.44138288e-02
 -4.07916954e-01 -2.82894474e-01  3.51423924e-01 -3.46699233e-02
  1.25053197e-02 -2.64614147e-01 -1.35219025e-01 -1.00819374e-01
 -3.12689425e-01  8.83026681e-02 -8.26731089e-02  2.31252775e-02
  2.35483493e-01 -8.33976710e-02  3.62028115e-01 -2.78657047e-01
  1.36836116e-01 -8.08291259e-02  2.31502892e-01  7.51192658e-02
  1.26771144e-01 -9.10742652e-02 -1.98212315e+00 -2.41797480e-02
 -7.37060950e-02  7.86948140e-01 -1.64432925e+00  7.98119062e-01
  4.04841604e-01 -3.10941082e-01  2.61258563e-01 -1.08953074e-01
  8.57011715e-02  3.73539638e-01  6.04937108e-02 -9.80059270e-02
 -1.32282402e-01 -5.42695413e-02  1.25969092e-02  1.89488677e-01
 -2.94593110e-02  1.82699410e-01  2.26416194e-01 -5.27813696e-01
  4.52859981e-01 -7.02318817e-02 -9.24397850e-02  5.49605894e-02
  2.73311469e-02  5.83010811e-02 -2.83515333e-02 -4.61131457e-02
  4.46962695e-03 -1.34950638e-01  7.20678990e-02  3.91377845e-02
  1.96349357e-02 -1.67484857e-01 -1.74372825e-01  6.71927472e-02
 -8.24708476e-02 -5.38193433e-02  3.92322667e-02  1.83033571e-01
 -1.33981513e-01  6.03133866e-02 -8.54510861e-02  5.35123230e-02
 -4.06625566e-01  8.27364962e-02 -4.11665594e-02 -1.98956279e-02
 -8.52867969e-02  4.83093262e-02 -1.25170151e-01  1.65689266e-01
 -1.98830661e-02 -3.82686240e-02  3.18257100e-02 -3.15809484e-02
 -3.65564287e-02 -6.78594011e-02 -1.77198471e-02 -4.93896822e-02
 -1.28243531e-02  4.60004177e-02  2.55194384e-02 -1.37867648e-01
 -1.71291340e-01  8.76079620e-03 -4.06392425e-02 -4.06730603e-01
  1.21048399e-02 -1.67522957e-01  3.25787751e-02  8.00246093e-02
  9.15719813e-02  7.15575530e-02 -5.54068571e-02  2.62521948e-02
  4.45142727e-02 -1.21462775e-01  7.30715337e-02  1.46501962e-02
  6.97528014e-02 -7.12241302e-02 -2.24472685e-02  4.86512500e-02
  1.30118373e-02  1.77441418e-02 -4.88072217e-02 -1.80873055e-02
 -2.70858501e-01 -3.05387788e-02 -3.88353872e-02 -9.24560166e-02
  1.34882020e-01  4.40325473e-01 -3.35653545e-02 -3.26540031e-01
  2.37753081e-01  2.70748161e-02 -6.09205556e-02  7.15437971e-02
  1.05764525e-01  3.85531901e-02  3.02516281e-02  1.18804165e-01
 -1.25658955e-02 -9.56215913e-02  8.40377002e-02  2.09280796e-02
 -3.48460294e-02 -5.19198327e-02  2.57199197e-02 -1.12407199e-01
  3.62367429e-02  2.64173287e-01 -2.80578133e-01 -2.41519300e-01
  2.54399267e-01  1.52815250e-01 -2.47122778e-02 -1.65368489e-01
 -6.22715940e-03  5.94380098e-02 -8.87353704e-02  3.59556428e-01
 -1.99303685e-02 -1.34880108e-01  6.76449795e-03  3.90328519e-02
  3.70771360e-02 -1.34181041e-02  5.30766884e-02  5.69736893e-02
 -3.74863226e-02  5.37857375e-02 -2.53424239e-01 -2.58610607e-01
 -1.89256240e-01  6.88292444e-02 -3.88033198e-02  6.94725022e-02
 -4.77198779e-02  1.30041564e-02  2.66838477e-02 -4.95581060e-02
  2.12494028e-02 -4.68508369e-02  1.16944731e-01  3.77655058e-02
 -1.68073549e-02  2.37888275e-02 -2.48632838e-02  1.80998590e-02
  5.29551558e-02  3.18205470e-01 -3.82158648e-02  8.51796534e-02
  3.11073720e-01 -2.93444240e-01  2.26262322e-01 -1.48988414e-01
  7.76487785e-02 -4.27160225e-02 -2.22855639e-01  2.41966792e-01
 -3.68774924e-02  5.52105816e-02 -1.73203449e-01 -2.71209879e-02
  2.58795172e-02  9.90087827e-02  4.06448573e-02 -2.38958925e-02
  2.78062060e-02  8.87046470e-03 -6.23494484e-02  3.07293064e-02
  6.43292018e-02  2.05558040e-01 -1.30441218e-01  7.41386187e-02
  4.21615116e-02 -2.28500725e-02  7.34146764e-02  4.71765983e-02
  4.01056335e-02 -3.94713965e-02  3.30940693e-01  1.29454795e-01
  3.39229540e-01 -2.29805903e-01 -4.86993600e-02  2.13713635e-02
 -5.51059198e-02  8.98309195e-02 -2.39830440e-01  1.15841367e-01
 -3.36766763e-02 -2.37253001e-02  3.39413814e-02 -3.59295205e-02
  9.80972924e-02 -3.22934476e-02  3.64698533e-02  2.40498875e-02
 -2.66372147e-02  1.66775549e-02  2.66719787e-01  8.30657935e-02
 -8.47490559e-02  2.77373790e-01  4.72695969e-02 -6.23102364e-02
 -2.34575583e-02  1.74569696e-02 -5.28256273e-02 -1.34248429e-02
  9.35906262e-02 -4.13602038e-02  1.47322460e-01  3.13578790e-02
 -1.37766813e-02  5.43172995e-02  3.20231845e-02  5.79292022e-02
 -8.35391007e-03  3.85986384e-02  6.01617960e-01 -5.37074175e-01
  1.91980236e-01 -3.53159650e-01 -7.90691465e-02  4.18375216e-02
  3.31748484e-02 -1.30369727e-02 -3.24947914e-02  3.55607389e-02
 -3.42667231e-02  8.80914546e-02 -7.97900361e-02 -5.68281651e-02
  4.59411491e-02  2.98552845e-02  5.16271472e-01 -4.54215042e-01
 -3.00028581e-01  1.50960941e-01 -1.11639266e-01  7.94775762e-02
 -7.93128904e-02  8.39543121e-02 -4.03953290e-02 -3.18653595e-02
  2.58473551e-02 -9.93446681e-03  1.61093635e-01 -3.51985264e-01
 -1.38876629e-02  1.05000407e-01 -5.14627931e-02  5.18191088e-02
 -1.87322784e-02  9.56011491e-03 -1.05489804e-02  5.11069535e-02
 -2.99739118e-02  3.67079400e-02 -2.44139916e-01 -1.03557558e-01
  4.53135868e-02  3.94499636e-02 -3.47409046e-02  6.56182298e-02
  1.69446446e-01  2.70880042e-02 -3.09598690e-01 -2.82296817e-01
  2.32446880e-01 -8.16460506e-02  1.60051020e-01 -1.68571585e-01
 -1.39691394e-02  6.07824791e-02 -2.44943983e-02  4.75390540e-01
 -4.18775745e-01  1.28170266e-01 -2.80029655e-01 -4.80314810e-02
  4.73814909e-01 -7.41741601e-03 -2.03866806e-02  9.80558587e-03
 -2.83345049e-01  2.20988650e-01 -2.31852597e-01  1.81554327e-01
 -5.97262350e-02 -2.88945578e-02  2.52534591e-02 -1.19703266e-02
  1.65849543e-01 -3.43368266e-01  1.97326960e-01 -3.20917239e-02
  2.80002955e-02 -3.11276927e-02  1.12821362e-01  7.60530067e-03
  3.60627262e-02 -3.29045703e-02 -4.22630966e-02  5.13024954e-02
 -3.51732054e-02 -1.21592928e-02 -6.52682390e-03  1.43008464e-01
 -4.35890781e-02  1.63964289e-01 -1.19568377e-01 -1.95641933e-01
  7.02287161e-02 -2.61637741e-02  3.65011790e-02 -2.68580682e-02
 -1.99292815e-02  2.51469614e-02 -4.98329459e-02 -3.45950082e-02
  8.39797520e-03  1.34186708e-01  2.51534186e-02  1.70324384e-01
 -3.82633058e-01  1.21512926e-01 -3.56532490e-02  9.77781280e-02
 -3.20873228e-02 -4.31848496e-02  6.30431025e-02 -6.77999757e-02
  4.65208399e-02 -4.69615246e-02 -3.19104498e-02 -8.99884559e-03
  4.35609070e-03 -1.06201606e-01  8.51818059e-02 -1.05359496e-01
  3.34116750e-02  4.96585114e-02 -4.35446171e-02  4.68880875e-02
 -3.46576900e-02]
[[6.81313186e-01 2.64530872e-01 3.40239258e-01 ... 8.62421199e-17
  6.60104267e-23 1.20972860e-16]
 [6.81313186e-01 2.64530872e-01 3.40239258e-01 ... 8.62421199e-17
  6.60104267e-23 1.20972860e-16]
 [6.81313186e-01 2.64530872e-01 3.40239258e-01 ... 8.62421199e-17
  6.60104267e-23 1.20972860e-16]
 ...
 [2.11464231e-01 8.54076567e-01 4.43576363e-01 ... 8.69146082e-80
  2.59345486e-26 6.27338552e-36]
 [2.44971094e-01 8.38688024e-01 4.46272903e-01 ... 1.03409793e-73
  4.01854936e-22 1.75608194e-30]
 [2.80368051e-01 8.13654131e-01 4.43576363e-01 ... 2.60739868e-68
  1.31958326e-18 1.04175227e-25]]
[ 4.61690416e+00 -5.58446514e-01  4.93428919e+00 -5.84410336e-01
 -1.71216412e+00 -2.29115828e+00 -6.08443810e+00  2.47914058e+00
 -3.00414938e+00 -1.32176927e+00 -5.59747902e+00  1.27474111e+01
 -3.74570797e+00  7.74461970e-01  9.07816376e-01  9.06832629e+00
 -1.37200628e+01  5.84099515e+00  7.31174206e+00 -2.54670822e+00
  2.66934969e+00  9.31275272e-01 -3.45808121e-01  1.43299569e+00
 -2.64732609e+01  8.02519909e-02  6.98027298e-02  2.75530606e+00
 -5.70378129e+00  2.20590367e+01  1.47126143e+00  2.15399697e+01
  3.44070840e+00 -1.64817504e+01 -1.73148345e+01  3.85365411e+00
  1.35680278e+01 -9.90826103e-01 -2.25254416e+00 -1.04290315e+00
 -3.69290380e+00  7.05707916e+00  1.63991022e+00  3.39251515e+00
  4.84037150e+00 -1.09940188e+01 -2.15076899e+00 -4.15041032e+00
 -1.00336176e+00  1.50550751e-01  3.95678603e+00  8.02949840e+00
  4.12639732e+00  3.41793001e+00 -2.06823556e+00 -3.69141382e+00
 -6.26555206e-01 -4.62796810e+00  1.53446904e+01 -1.06834238e+00
 -3.19219558e+00  5.58342654e-01  3.75264498e+00  3.54103332e+00
 -1.81058630e+00 -7.16722327e+00 -4.28145067e+00  5.17917398e+00
  6.24095759e+00  6.40527290e-01 -5.88705819e+00 -7.33824419e+00
  2.05363158e+00  3.44261920e+00 -1.07528874e+01  2.75089448e+00
 -7.94998734e+00  1.04366380e+01  1.75941240e+00 -2.70864239e+00
  5.42852233e+00  1.05598842e+01 -1.00707653e+01  4.02706276e+00
 -1.65668695e+00 -1.11185602e+01 -5.76990991e+00 -1.55064113e+01
  1.96668245e+00  5.84997415e+00 -5.29171111e+00  3.41653108e+00
  6.35442122e+00 -1.93813953e+00 -4.02283557e-01  1.30866142e+00
 -6.58010715e-01  3.10143966e-01  2.22369757e+00  3.08471793e-01
 -4.05707321e-01 -3.43073228e-01  5.43794014e-01  1.20384124e+00
 -1.31630082e+00 -1.37324147e+00 -5.86587101e-01 -2.57951302e-01
  8.56801535e-01 -3.45455547e-01 -1.01479977e+00  1.08384674e-01
  1.43493887e-02  4.52882379e-02 -9.88208457e-02  1.25500775e+00
 -2.47281624e+00 -1.68290209e+00  9.80393045e-01  2.90116480e-01
  9.78121616e-01 -1.39452685e+00 -6.32435338e-01  2.93841678e+00
  4.50855967e-01  8.21845515e-01 -8.78058484e-01  5.10467995e-03
  1.98297406e-01  7.25409882e-01 -3.18852953e-01 -8.75405755e-01
 -9.11104787e-01  8.33139364e-02  4.48076676e-01  8.75662444e-01
 -1.10103691e+00  2.92581217e-01  4.69022455e-01 -6.15020199e-01
  7.63830663e-01  1.40181560e-01  2.81734484e+00 -2.69541714e-01
 -4.46778086e+00 -9.64187630e-01  3.00659477e-01  2.84784398e+00
 -4.96805769e-01 -1.66073540e+00  2.79893482e+00 -2.27042764e+00
 -9.81510755e-01  3.67354692e-01 -3.91683453e-01  1.72050400e-01
  3.89708719e+00 -1.16317753e+00 -1.71289577e+00  1.29629416e+00
 -1.13054748e+00 -3.01590625e-01  5.06067318e-01  1.12472835e+00
 -1.29467230e+00 -7.11269587e-01  3.54322888e-01 -1.40818347e-03
 -8.89061484e-02 -5.43788333e-02 -2.25243651e-01  4.43452052e-01
  4.64264513e-01  2.51083735e-01 -7.64996076e-02 -4.99493792e-01
 -1.97522533e-02  3.38705117e-02  3.61801057e-01 -1.76235841e-01
 -7.44532677e-02 -4.13495551e-01  6.44891552e-01 -2.45059955e-01
  3.91116328e-02 -2.15452137e-02  8.34492422e-02 -4.89197234e-01
  1.24068454e+00 -2.80541741e-01  2.51286547e-01 -5.01311262e-01
 -2.26572887e-02  3.01750308e-02 -6.64876897e-01  4.70803312e-01
 -4.55949842e-01  6.59694630e-02  1.66127619e-01 -4.23648878e-01
 -1.03128378e-01 -2.05149481e-01  2.27806009e-02  1.94646304e-01
  1.84628923e-01 -4.13822056e-01 -7.08838787e-02  2.77814648e-02
 -2.50461795e-02 -1.94494048e-01 -2.24011197e-02  7.75122880e-02
  6.34445490e-02  1.71578048e-01 -2.29204397e-01 -1.87600344e-01
  1.67817851e-02 -4.48105403e-01  4.79332709e-01 -3.99204600e-02
  2.49992299e-02 -2.46624773e-02 -1.92905856e-01  6.17352139e-02
 -2.32662194e-01  5.79769648e-01 -9.73216078e-02  1.40192936e-01
  2.57641375e-01 -3.52529053e-02  5.37066720e-01 -9.40759891e-02
 -5.20035896e-01  1.10258462e-02 -2.85566537e-01 -5.06576837e-01
 -5.67270979e-01  2.78982920e-03 -1.10147053e+00 -1.91632144e-01
 -4.67775046e-02 -3.20728798e-01  6.96785934e-03 -2.38379931e-01
 -1.49000353e-01  3.41023119e-01 -5.54603457e-01  4.81268462e-01
  5.19375287e-01  3.89693392e-01  2.79040505e-01  1.40203365e-01
  2.43521296e-01  2.83827416e-01  6.05584195e-01  5.59637448e-01
  4.87581076e-01 -1.92390626e-01  2.13905057e-01  5.67344486e-01
  4.38640368e-01 -1.02655487e-01  1.93331666e-01 -1.66295658e-01
  8.07456305e-01 -1.21482653e+00 -1.93021162e-01  1.70031722e-01
  2.75671780e-01 -1.26569310e-01 -2.98740491e-01 -2.84245944e-01
  2.20468755e-02  1.23399333e-01 -2.21665068e-01  1.59683900e-01
 -1.60683325e-01 -1.43294022e-01  1.31659347e-01  1.20545141e-01
 -2.36173444e-01  3.12738213e-02 -4.49531013e-01 -1.31998471e-01
 -8.89459202e-03 -1.31418465e-01  9.00976408e-02  1.39129504e-01
  1.74948976e-01  2.39839522e-02  3.79627422e-02 -1.34058827e-01
 -1.19939821e-02 -5.14455890e-01  3.37427732e-02 -5.02623519e-02
 -1.89663853e-01  2.92411037e-03  3.73726804e-02  2.49095742e+00
 -7.68427579e-02 -7.81972068e-03 -1.81845804e-01  1.03297492e-02
 -6.69531195e-01  3.59308894e-02  5.09052331e-02  2.46083745e-01
  8.33312220e-02 -4.89163569e-02 -1.00487748e-01 -2.00167138e-01
  1.81961966e-01  1.67869626e-02  2.78046832e-02  2.47209536e-02
  4.49930167e-02  3.33461542e-02  8.44602185e-02  8.36122489e-02
  1.47857090e-01 -2.32881907e-01 -5.02233990e-02 -9.54506204e-02
  6.06024435e-02 -8.35684465e-02  1.05681892e-01  1.65361119e-01
 -1.59437122e-02 -4.24388485e-01  6.88878341e-02  7.38053106e-03
  2.67770763e-01 -2.03040032e-01 -6.39209337e-02  4.87284831e-03
  1.73338109e-01  5.51976373e-02 -1.04443254e-01  7.30905465e-02
 -7.96724024e-02  6.23681903e-03  1.53735301e-01 -3.88588464e-02
  5.09994560e-02  9.93967623e-02 -3.71919977e-02  7.67357446e-02
 -2.55106908e-02 -2.19900902e-01  2.33115799e-01  2.43475985e-01
 -1.53312343e-01 -1.97159927e-01  4.81219098e-02 -9.44489033e-02
 -7.71234799e-02  3.52705450e-01 -1.72648014e-01 -1.55105409e-01
 -3.19620913e-01 -1.78232690e-01  2.23866100e-01 -1.73649846e-01
  2.62533844e-01  6.72885701e-02 -2.89458761e-01  2.94743431e-01
 -4.72527407e-02  1.26101169e-01  1.00688057e-01  2.55339823e-01
  5.66377076e-02 -5.89771279e-02  4.31791318e-01  8.31503461e-02
  1.95410980e-01  1.51952224e-01 -9.74733729e-02  1.29142522e-01
  1.34778073e-01  6.31783878e-02  4.30973558e-01  2.44138288e-02
 -4.07916954e-01 -2.82894474e-01  3.51423924e-01 -3.46699233e-02
  1.25053197e-02 -2.64614147e-01 -1.35219025e-01 -1.00819374e-01
 -3.12689425e-01  8.83026681e-02 -8.26731089e-02  2.31252775e-02
  2.35483493e-01 -8.33976710e-02  3.62028115e-01 -2.78657047e-01
  1.36836116e-01 -8.08291259e-02  2.31502892e-01  7.51192658e-02
  1.26771144e-01 -9.10742652e-02 -1.98212315e+00 -2.41797480e-02
 -7.37060950e-02  7.86948140e-01 -1.64432925e+00  7.98119062e-01
  4.04841604e-01 -3.10941082e-01  2.61258563e-01 -1.08953074e-01
  8.57011715e-02  3.73539638e-01  6.04937108e-02 -9.80059270e-02
 -1.32282402e-01 -5.42695413e-02  1.25969092e-02  1.89488677e-01
 -2.94593110e-02  1.82699410e-01  2.26416194e-01 -5.27813696e-01
  4.52859981e-01 -7.02318817e-02 -9.24397850e-02  5.49605894e-02
  2.73311469e-02  5.83010811e-02 -2.83515333e-02 -4.61131457e-02
  4.46962695e-03 -1.34950638e-01  7.20678990e-02  3.91377845e-02
  1.96349357e-02 -1.67484857e-01 -1.74372825e-01  6.71927472e-02
 -8.24708476e-02 -5.38193433e-02  3.92322667e-02  1.83033571e-01
 -1.33981513e-01  6.03133866e-02 -8.54510861e-02  5.35123230e-02
 -4.06625566e-01  8.27364962e-02 -4.11665594e-02 -1.98956279e-02
 -8.52867969e-02  4.83093262e-02 -1.25170151e-01  1.65689266e-01
 -1.98830661e-02 -3.82686240e-02  3.18257100e-02 -3.15809484e-02
 -3.65564287e-02 -6.78594011e-02 -1.77198471e-02 -4.93896822e-02
 -1.28243531e-02  4.60004177e-02  2.55194384e-02 -1.37867648e-01
 -1.71291340e-01  8.76079620e-03 -4.06392425e-02 -4.06730603e-01
  1.21048399e-02 -1.67522957e-01  3.25787751e-02  8.00246093e-02
  9.15719813e-02  7.15575530e-02 -5.54068571e-02  2.62521948e-02
  4.45142727e-02 -1.21462775e-01  7.30715337e-02  1.46501962e-02
  6.97528014e-02 -7.12241302e-02 -2.24472685e-02  4.86512500e-02
  1.30118373e-02  1.77441418e-02 -4.88072217e-02 -1.80873055e-02
 -2.70858501e-01 -3.05387788e-02 -3.88353872e-02 -9.24560166e-02
  1.34882020e-01  4.40325473e-01 -3.35653545e-02 -3.26540031e-01
  2.37753081e-01  2.70748161e-02 -6.09205556e-02  7.15437971e-02
  1.05764525e-01  3.85531901e-02  3.02516281e-02  1.18804165e-01
 -1.25658955e-02 -9.56215913e-02  8.40377002e-02  2.09280796e-02
 -3.48460294e-02 -5.19198327e-02  2.57199197e-02 -1.12407199e-01
  3.62367429e-02  2.64173287e-01 -2.80578133e-01 -2.41519300e-01
  2.54399267e-01  1.52815250e-01 -2.47122778e-02 -1.65368489e-01
 -6.22715940e-03  5.94380098e-02 -8.87353704e-02  3.59556428e-01
 -1.99303685e-02 -1.34880108e-01  6.76449795e-03  3.90328519e-02
  3.70771360e-02 -1.34181041e-02  5.30766884e-02  5.69736893e-02
 -3.74863226e-02  5.37857375e-02 -2.53424239e-01 -2.58610607e-01
 -1.89256240e-01  6.88292444e-02 -3.88033198e-02  6.94725022e-02
 -4.77198779e-02  1.30041564e-02  2.66838477e-02 -4.95581060e-02
  2.12494028e-02 -4.68508369e-02  1.16944731e-01  3.77655058e-02
 -1.68073549e-02  2.37888275e-02 -2.48632838e-02  1.80998590e-02
  5.29551558e-02  3.18205470e-01 -3.82158648e-02  8.51796534e-02
  3.11073720e-01 -2.93444240e-01  2.26262322e-01 -1.48988414e-01
  7.76487785e-02 -4.27160225e-02 -2.22855639e-01  2.41966792e-01
 -3.68774924e-02  5.52105816e-02 -1.73203449e-01 -2.71209879e-02
  2.58795172e-02  9.90087827e-02  4.06448573e-02 -2.38958925e-02
  2.78062060e-02  8.87046470e-03 -6.23494484e-02  3.07293064e-02
  6.43292018e-02  2.05558040e-01 -1.30441218e-01  7.41386187e-02
  4.21615116e-02 -2.28500725e-02  7.34146764e-02  4.71765983e-02
  4.01056335e-02 -3.94713965e-02  3.30940693e-01  1.29454795e-01
  3.39229540e-01 -2.29805903e-01 -4.86993600e-02  2.13713635e-02
 -5.51059198e-02  8.98309195e-02 -2.39830440e-01  1.15841367e-01
 -3.36766763e-02 -2.37253001e-02  3.39413814e-02 -3.59295205e-02
  9.80972924e-02 -3.22934476e-02  3.64698533e-02  2.40498875e-02
 -2.66372147e-02  1.66775549e-02  2.66719787e-01  8.30657935e-02
 -8.47490559e-02  2.77373790e-01  4.72695969e-02 -6.23102364e-02
 -2.34575583e-02  1.74569696e-02 -5.28256273e-02 -1.34248429e-02
  9.35906262e-02 -4.13602038e-02  1.47322460e-01  3.13578790e-02
 -1.37766813e-02  5.43172995e-02  3.20231845e-02  5.79292022e-02
 -8.35391007e-03  3.85986384e-02  6.01617960e-01 -5.37074175e-01
  1.91980236e-01 -3.53159650e-01 -7.90691465e-02  4.18375216e-02
  3.31748484e-02 -1.30369727e-02 -3.24947914e-02  3.55607389e-02
 -3.42667231e-02  8.80914546e-02 -7.97900361e-02 -5.68281651e-02
  4.59411491e-02  2.98552845e-02  5.16271472e-01 -4.54215042e-01
 -3.00028581e-01  1.50960941e-01 -1.11639266e-01  7.94775762e-02
 -7.93128904e-02  8.39543121e-02 -4.03953290e-02 -3.18653595e-02
  2.58473551e-02 -9.93446681e-03  1.61093635e-01 -3.51985264e-01
 -1.38876629e-02  1.05000407e-01 -5.14627931e-02  5.18191088e-02
 -1.87322784e-02  9.56011491e-03 -1.05489804e-02  5.11069535e-02
 -2.99739118e-02  3.67079400e-02 -2.44139916e-01 -1.03557558e-01
  4.53135868e-02  3.94499636e-02 -3.47409046e-02  6.56182298e-02
  1.69446446e-01  2.70880042e-02 -3.09598690e-01 -2.82296817e-01
  2.32446880e-01 -8.16460506e-02  1.60051020e-01 -1.68571585e-01
 -1.39691394e-02  6.07824791e-02 -2.44943983e-02  4.75390540e-01
 -4.18775745e-01  1.28170266e-01 -2.80029655e-01 -4.80314810e-02
  4.73814909e-01 -7.41741601e-03 -2.03866806e-02  9.80558587e-03
 -2.83345049e-01  2.20988650e-01 -2.31852597e-01  1.81554327e-01
 -5.97262350e-02 -2.88945578e-02  2.52534591e-02 -1.19703266e-02
  1.65849543e-01 -3.43368266e-01  1.97326960e-01 -3.20917239e-02
  2.80002955e-02 -3.11276927e-02  1.12821362e-01  7.60530067e-03
  3.60627262e-02 -3.29045703e-02 -4.22630966e-02  5.13024954e-02
 -3.51732054e-02 -1.21592928e-02 -6.52682390e-03  1.43008464e-01
 -4.35890781e-02  1.63964289e-01 -1.19568377e-01 -1.95641933e-01
  7.02287161e-02 -2.61637741e-02  3.65011790e-02 -2.68580682e-02
 -1.99292815e-02  2.51469614e-02 -4.98329459e-02 -3.45950082e-02
  8.39797520e-03  1.34186708e-01  2.51534186e-02  1.70324384e-01
 -3.82633058e-01  1.21512926e-01 -3.56532490e-02  9.77781280e-02
 -3.20873228e-02 -4.31848496e-02  6.30431025e-02 -6.77999757e-02
  4.65208399e-02 -4.69615246e-02 -3.19104498e-02 -8.99884559e-03
  4.35609070e-03 -1.06201606e-01  8.51818059e-02 -1.05359496e-01
  3.34116750e-02  4.96585114e-02 -4.35446171e-02  4.68880875e-02
 -3.46576900e-02  4.21932733e-01 -2.88384890e-01  1.90057097e-01
 -1.92619978e-01 -2.25203984e-01  4.11968106e-01 -2.74099433e-01
 -2.39199800e-01  4.55088618e-01 -2.48739141e-01 -4.41448158e-01
  1.08430511e-01  4.70701583e-01 -2.68383939e-01  1.26303407e-01
  4.48444310e-02 -3.54626683e-01 -3.60182254e-01  1.48543114e-01
 -1.18643523e-01 -3.57972690e-01  4.07740272e-02  8.50253155e-02
  1.11824420e-01 -3.71957102e-01  4.02364294e-01  8.90784751e-02
 -1.63853422e-01  4.41822994e-01 -3.63739845e-01  8.52739775e-02
  5.03308681e-02 -2.88845819e-02  1.74675698e-01 -1.78481099e-01
  8.76391978e-02  3.62124909e-01 -1.46247914e-01  1.74858239e-01
 -1.71070180e-01  1.21410559e-01 -8.28889973e-02 -2.85369461e-02
  5.71807298e-01 -4.29768236e-01  1.06281434e-01  1.00936510e-01
 -1.20061120e-01 -3.31688251e-01  8.10833549e-02  3.36558313e-01
 -2.96860025e-01  3.77105146e-01  6.84020474e-02 -2.35390405e-01
 -1.55907564e-01  1.33770972e-01  1.28044463e-01 -9.13744083e-02
  1.62149684e-01 -1.57395854e-01  1.12416969e-01 -2.76820940e-02
 -7.76509179e-02  1.45443509e-01 -1.35190384e-01  6.02951516e-02
 -3.51005512e-02 -2.39182288e-02  1.21457466e-02  3.41219543e-03
  3.82744561e-01  8.36860769e-02 -1.80358628e-01  3.54354977e-02
 -8.15779734e-02  2.71837948e-02  5.58910872e-02 -7.01908158e-02
 -3.07200413e-01  3.30616018e-01  7.40048461e-02 -1.30978749e-01
 -3.28436643e-01  8.00499877e-02  3.53064237e-01 -1.60911670e-01
  5.03614396e-02  1.48646953e-01  3.01639217e-01 -2.59081493e-01
  6.14750103e-02 -1.27786943e-01 -2.53901628e-01  3.14412948e-02
  8.34488164e-02 -3.70916358e-01  5.25236299e-02  3.84397481e-01
  3.17641627e-01 -2.87810284e-01  7.11320077e-02 -1.27881627e-01
 -4.98358684e-03  4.07747014e-01 -3.50343781e-01  8.56133518e-02
 -1.95195279e-01  3.01593207e-02  8.97212456e-02 -4.91719722e-02
  4.15568190e-02 -3.19615076e-01  7.78690063e-02 -1.92982524e-01
  5.01840961e-02  2.85340102e-01  5.99113533e-02 -1.32723534e-01
  8.21077299e-02 -3.22563161e-01  3.43394008e-01 -1.68892448e-01
  2.92745623e-02 -2.27600272e-01  2.89586424e-02 -2.38110895e-01
  3.25371337e-02 -3.14395150e-02]
[[6.81313186e-001 2.64530872e-001 3.40239258e-001 ... 5.26028835e-004
  7.46032850e-001 1.05577865e-016]
 [6.81313186e-001 2.64530872e-001 3.40239258e-001 ... 5.26028835e-004
  7.46032850e-001 1.05577865e-016]
 [6.81313186e-001 2.64530872e-001 3.40239258e-001 ... 5.26028835e-004
  7.46032850e-001 1.05577865e-016]
 ...
 [2.11464231e-001 8.54076567e-001 4.43576363e-001 ... 1.28424733e-115
  1.25732165e-142 2.46924750e-075]
 [2.44971094e-001 8.38688024e-001 4.46272903e-001 ... 3.07997470e-102
  7.35481694e-127 3.49544449e-063]
 [2.80368051e-001 8.13654131e-001 4.43576363e-001 ... 3.31741177e-090
  1.93219563e-112 2.22225530e-052]]
[ 4.61690416e+00 -5.58446514e-01  4.93428919e+00 -5.84410336e-01
 -1.71216412e+00 -2.29115828e+00 -6.08443810e+00  2.47914058e+00
 -3.00414938e+00 -1.32176927e+00 -5.59747902e+00  1.27474111e+01
 -3.74570797e+00  7.74461970e-01  9.07816376e-01  9.06832629e+00
 -1.37200628e+01  5.84099515e+00  7.31174206e+00 -2.54670822e+00
  2.66934969e+00  9.31275272e-01 -3.45808121e-01  1.43299569e+00
 -2.64732609e+01  8.02519909e-02  6.98027298e-02  2.75530606e+00
 -5.70378129e+00  2.20590367e+01  1.47126143e+00  2.15399697e+01
  3.44070840e+00 -1.64817504e+01 -1.73148345e+01  3.85365411e+00
  1.35680278e+01 -9.90826103e-01 -2.25254416e+00 -1.04290315e+00
 -3.69290380e+00  7.05707916e+00  1.63991022e+00  3.39251515e+00
  4.84037150e+00 -1.09940188e+01 -2.15076899e+00 -4.15041032e+00
 -1.00336176e+00  1.50550751e-01  3.95678603e+00  8.02949840e+00
  4.12639732e+00  3.41793001e+00 -2.06823556e+00 -3.69141382e+00
 -6.26555206e-01 -4.62796810e+00  1.53446904e+01 -1.06834238e+00
 -3.19219558e+00  5.58342654e-01  3.75264498e+00  3.54103332e+00
 -1.81058630e+00 -7.16722327e+00 -4.28145067e+00  5.17917398e+00
  6.24095759e+00  6.40527290e-01 -5.88705819e+00 -7.33824419e+00
  2.05363158e+00  3.44261920e+00 -1.07528874e+01  2.75089448e+00
 -7.94998734e+00  1.04366380e+01  1.75941240e+00 -2.70864239e+00
  5.42852233e+00  1.05598842e+01 -1.00707653e+01  4.02706276e+00
 -1.65668695e+00 -1.11185602e+01 -5.76990991e+00 -1.55064113e+01
  1.96668245e+00  5.84997415e+00 -5.29171111e+00  3.41653108e+00
  6.35442122e+00 -1.93813953e+00 -4.02283557e-01  1.30866142e+00
 -6.58010715e-01  3.10143966e-01  2.22369757e+00  3.08471793e-01
 -4.05707321e-01 -3.43073228e-01  5.43794014e-01  1.20384124e+00
 -1.31630082e+00 -1.37324147e+00 -5.86587101e-01 -2.57951302e-01
  8.56801535e-01 -3.45455547e-01 -1.01479977e+00  1.08384674e-01
  1.43493887e-02  4.52882379e-02 -9.88208457e-02  1.25500775e+00
 -2.47281624e+00 -1.68290209e+00  9.80393045e-01  2.90116480e-01
  9.78121616e-01 -1.39452685e+00 -6.32435338e-01  2.93841678e+00
  4.50855967e-01  8.21845515e-01 -8.78058484e-01  5.10467995e-03
  1.98297406e-01  7.25409882e-01 -3.18852953e-01 -8.75405755e-01
 -9.11104787e-01  8.33139364e-02  4.48076676e-01  8.75662444e-01
 -1.10103691e+00  2.92581217e-01  4.69022455e-01 -6.15020199e-01
  7.63830663e-01  1.40181560e-01  2.81734484e+00 -2.69541714e-01
 -4.46778086e+00 -9.64187630e-01  3.00659477e-01  2.84784398e+00
 -4.96805769e-01 -1.66073540e+00  2.79893482e+00 -2.27042764e+00
 -9.81510755e-01  3.67354692e-01 -3.91683453e-01  1.72050400e-01
  3.89708719e+00 -1.16317753e+00 -1.71289577e+00  1.29629416e+00
 -1.13054748e+00 -3.01590625e-01  5.06067318e-01  1.12472835e+00
 -1.29467230e+00 -7.11269587e-01  3.54322888e-01 -1.40818347e-03
 -8.89061484e-02 -5.43788333e-02 -2.25243651e-01  4.43452052e-01
  4.64264513e-01  2.51083735e-01 -7.64996076e-02 -4.99493792e-01
 -1.97522533e-02  3.38705117e-02  3.61801057e-01 -1.76235841e-01
 -7.44532677e-02 -4.13495551e-01  6.44891552e-01 -2.45059955e-01
  3.91116328e-02 -2.15452137e-02  8.34492422e-02 -4.89197234e-01
  1.24068454e+00 -2.80541741e-01  2.51286547e-01 -5.01311262e-01
 -2.26572887e-02  3.01750308e-02 -6.64876897e-01  4.70803312e-01
 -4.55949842e-01  6.59694630e-02  1.66127619e-01 -4.23648878e-01
 -1.03128378e-01 -2.05149481e-01  2.27806009e-02  1.94646304e-01
  1.84628923e-01 -4.13822056e-01 -7.08838787e-02  2.77814648e-02
 -2.50461795e-02 -1.94494048e-01 -2.24011197e-02  7.75122880e-02
  6.34445490e-02  1.71578048e-01 -2.29204397e-01 -1.87600344e-01
  1.67817851e-02 -4.48105403e-01  4.79332709e-01 -3.99204600e-02
  2.49992299e-02 -2.46624773e-02 -1.92905856e-01  6.17352139e-02
 -2.32662194e-01  5.79769648e-01 -9.73216078e-02  1.40192936e-01
  2.57641375e-01 -3.52529053e-02  5.37066720e-01 -9.40759891e-02
 -5.20035896e-01  1.10258462e-02 -2.85566537e-01 -5.06576837e-01
 -5.67270979e-01  2.78982920e-03 -1.10147053e+00 -1.91632144e-01
 -4.67775046e-02 -3.20728798e-01  6.96785934e-03 -2.38379931e-01
 -1.49000353e-01  3.41023119e-01 -5.54603457e-01  4.81268462e-01
  5.19375287e-01  3.89693392e-01  2.79040505e-01  1.40203365e-01
  2.43521296e-01  2.83827416e-01  6.05584195e-01  5.59637448e-01
  4.87581076e-01 -1.92390626e-01  2.13905057e-01  5.67344486e-01
  4.38640368e-01 -1.02655487e-01  1.93331666e-01 -1.66295658e-01
  8.07456305e-01 -1.21482653e+00 -1.93021162e-01  1.70031722e-01
  2.75671780e-01 -1.26569310e-01 -2.98740491e-01 -2.84245944e-01
  2.20468755e-02  1.23399333e-01 -2.21665068e-01  1.59683900e-01
 -1.60683325e-01 -1.43294022e-01  1.31659347e-01  1.20545141e-01
 -2.36173444e-01  3.12738213e-02 -4.49531013e-01 -1.31998471e-01
 -8.89459202e-03 -1.31418465e-01  9.00976408e-02  1.39129504e-01
  1.74948976e-01  2.39839522e-02  3.79627422e-02 -1.34058827e-01
 -1.19939821e-02 -5.14455890e-01  3.37427732e-02 -5.02623519e-02
 -1.89663853e-01  2.92411037e-03  3.73726804e-02  2.49095742e+00
 -7.68427579e-02 -7.81972068e-03 -1.81845804e-01  1.03297492e-02
 -6.69531195e-01  3.59308894e-02  5.09052331e-02  2.46083745e-01
  8.33312220e-02 -4.89163569e-02 -1.00487748e-01 -2.00167138e-01
  1.81961966e-01  1.67869626e-02  2.78046832e-02  2.47209536e-02
  4.49930167e-02  3.33461542e-02  8.44602185e-02  8.36122489e-02
  1.47857090e-01 -2.32881907e-01 -5.02233990e-02 -9.54506204e-02
  6.06024435e-02 -8.35684465e-02  1.05681892e-01  1.65361119e-01
 -1.59437122e-02 -4.24388485e-01  6.88878341e-02  7.38053106e-03
  2.67770763e-01 -2.03040032e-01 -6.39209337e-02  4.87284831e-03
  1.73338109e-01  5.51976373e-02 -1.04443254e-01  7.30905465e-02
 -7.96724024e-02  6.23681903e-03  1.53735301e-01 -3.88588464e-02
  5.09994560e-02  9.93967623e-02 -3.71919977e-02  7.67357446e-02
 -2.55106908e-02 -2.19900902e-01  2.33115799e-01  2.43475985e-01
 -1.53312343e-01 -1.97159927e-01  4.81219098e-02 -9.44489033e-02
 -7.71234799e-02  3.52705450e-01 -1.72648014e-01 -1.55105409e-01
 -3.19620913e-01 -1.78232690e-01  2.23866100e-01 -1.73649846e-01
  2.62533844e-01  6.72885701e-02 -2.89458761e-01  2.94743431e-01
 -4.72527407e-02  1.26101169e-01  1.00688057e-01  2.55339823e-01
  5.66377076e-02 -5.89771279e-02  4.31791318e-01  8.31503461e-02
  1.95410980e-01  1.51952224e-01 -9.74733729e-02  1.29142522e-01
  1.34778073e-01  6.31783878e-02  4.30973558e-01  2.44138288e-02
 -4.07916954e-01 -2.82894474e-01  3.51423924e-01 -3.46699233e-02
  1.25053197e-02 -2.64614147e-01 -1.35219025e-01 -1.00819374e-01
 -3.12689425e-01  8.83026681e-02 -8.26731089e-02  2.31252775e-02
  2.35483493e-01 -8.33976710e-02  3.62028115e-01 -2.78657047e-01
  1.36836116e-01 -8.08291259e-02  2.31502892e-01  7.51192658e-02
  1.26771144e-01 -9.10742652e-02 -1.98212315e+00 -2.41797480e-02
 -7.37060950e-02  7.86948140e-01 -1.64432925e+00  7.98119062e-01
  4.04841604e-01 -3.10941082e-01  2.61258563e-01 -1.08953074e-01
  8.57011715e-02  3.73539638e-01  6.04937108e-02 -9.80059270e-02
 -1.32282402e-01 -5.42695413e-02  1.25969092e-02  1.89488677e-01
 -2.94593110e-02  1.82699410e-01  2.26416194e-01 -5.27813696e-01
  4.52859981e-01 -7.02318817e-02 -9.24397850e-02  5.49605894e-02
  2.73311469e-02  5.83010811e-02 -2.83515333e-02 -4.61131457e-02
  4.46962695e-03 -1.34950638e-01  7.20678990e-02  3.91377845e-02
  1.96349357e-02 -1.67484857e-01 -1.74372825e-01  6.71927472e-02
 -8.24708476e-02 -5.38193433e-02  3.92322667e-02  1.83033571e-01
 -1.33981513e-01  6.03133866e-02 -8.54510861e-02  5.35123230e-02
 -4.06625566e-01  8.27364962e-02 -4.11665594e-02 -1.98956279e-02
 -8.52867969e-02  4.83093262e-02 -1.25170151e-01  1.65689266e-01
 -1.98830661e-02 -3.82686240e-02  3.18257100e-02 -3.15809484e-02
 -3.65564287e-02 -6.78594011e-02 -1.77198471e-02 -4.93896822e-02
 -1.28243531e-02  4.60004177e-02  2.55194384e-02 -1.37867648e-01
 -1.71291340e-01  8.76079620e-03 -4.06392425e-02 -4.06730603e-01
  1.21048399e-02 -1.67522957e-01  3.25787751e-02  8.00246093e-02
  9.15719813e-02  7.15575530e-02 -5.54068571e-02  2.62521948e-02
  4.45142727e-02 -1.21462775e-01  7.30715337e-02  1.46501962e-02
  6.97528014e-02 -7.12241302e-02 -2.24472685e-02  4.86512500e-02
  1.30118373e-02  1.77441418e-02 -4.88072217e-02 -1.80873055e-02
 -2.70858501e-01 -3.05387788e-02 -3.88353872e-02 -9.24560166e-02
  1.34882020e-01  4.40325473e-01 -3.35653545e-02 -3.26540031e-01
  2.37753081e-01  2.70748161e-02 -6.09205556e-02  7.15437971e-02
  1.05764525e-01  3.85531901e-02  3.02516281e-02  1.18804165e-01
 -1.25658955e-02 -9.56215913e-02  8.40377002e-02  2.09280796e-02
 -3.48460294e-02 -5.19198327e-02  2.57199197e-02 -1.12407199e-01
  3.62367429e-02  2.64173287e-01 -2.80578133e-01 -2.41519300e-01
  2.54399267e-01  1.52815250e-01 -2.47122778e-02 -1.65368489e-01
 -6.22715940e-03  5.94380098e-02 -8.87353704e-02  3.59556428e-01
 -1.99303685e-02 -1.34880108e-01  6.76449795e-03  3.90328519e-02
  3.70771360e-02 -1.34181041e-02  5.30766884e-02  5.69736893e-02
 -3.74863226e-02  5.37857375e-02 -2.53424239e-01 -2.58610607e-01
 -1.89256240e-01  6.88292444e-02 -3.88033198e-02  6.94725022e-02
 -4.77198779e-02  1.30041564e-02  2.66838477e-02 -4.95581060e-02
  2.12494028e-02 -4.68508369e-02  1.16944731e-01  3.77655058e-02
 -1.68073549e-02  2.37888275e-02 -2.48632838e-02  1.80998590e-02
  5.29551558e-02  3.18205470e-01 -3.82158648e-02  8.51796534e-02
  3.11073720e-01 -2.93444240e-01  2.26262322e-01 -1.48988414e-01
  7.76487785e-02 -4.27160225e-02 -2.22855639e-01  2.41966792e-01
 -3.68774924e-02  5.52105816e-02 -1.73203449e-01 -2.71209879e-02
  2.58795172e-02  9.90087827e-02  4.06448573e-02 -2.38958925e-02
  2.78062060e-02  8.87046470e-03 -6.23494484e-02  3.07293064e-02
  6.43292018e-02  2.05558040e-01 -1.30441218e-01  7.41386187e-02
  4.21615116e-02 -2.28500725e-02  7.34146764e-02  4.71765983e-02
  4.01056335e-02 -3.94713965e-02  3.30940693e-01  1.29454795e-01
  3.39229540e-01 -2.29805903e-01 -4.86993600e-02  2.13713635e-02
 -5.51059198e-02  8.98309195e-02 -2.39830440e-01  1.15841367e-01
 -3.36766763e-02 -2.37253001e-02  3.39413814e-02 -3.59295205e-02
  9.80972924e-02 -3.22934476e-02  3.64698533e-02  2.40498875e-02
 -2.66372147e-02  1.66775549e-02  2.66719787e-01  8.30657935e-02
 -8.47490559e-02  2.77373790e-01  4.72695969e-02 -6.23102364e-02
 -2.34575583e-02  1.74569696e-02 -5.28256273e-02 -1.34248429e-02
  9.35906262e-02 -4.13602038e-02  1.47322460e-01  3.13578790e-02
 -1.37766813e-02  5.43172995e-02  3.20231845e-02  5.79292022e-02
 -8.35391007e-03  3.85986384e-02  6.01617960e-01 -5.37074175e-01
  1.91980236e-01 -3.53159650e-01 -7.90691465e-02  4.18375216e-02
  3.31748484e-02 -1.30369727e-02 -3.24947914e-02  3.55607389e-02
 -3.42667231e-02  8.80914546e-02 -7.97900361e-02 -5.68281651e-02
  4.59411491e-02  2.98552845e-02  5.16271472e-01 -4.54215042e-01
 -3.00028581e-01  1.50960941e-01 -1.11639266e-01  7.94775762e-02
 -7.93128904e-02  8.39543121e-02 -4.03953290e-02 -3.18653595e-02
  2.58473551e-02 -9.93446681e-03  1.61093635e-01 -3.51985264e-01
 -1.38876629e-02  1.05000407e-01 -5.14627931e-02  5.18191088e-02
 -1.87322784e-02  9.56011491e-03 -1.05489804e-02  5.11069535e-02
 -2.99739118e-02  3.67079400e-02 -2.44139916e-01 -1.03557558e-01
  4.53135868e-02  3.94499636e-02 -3.47409046e-02  6.56182298e-02
  1.69446446e-01  2.70880042e-02 -3.09598690e-01 -2.82296817e-01
  2.32446880e-01 -8.16460506e-02  1.60051020e-01 -1.68571585e-01
 -1.39691394e-02  6.07824791e-02 -2.44943983e-02  4.75390540e-01
 -4.18775745e-01  1.28170266e-01 -2.80029655e-01 -4.80314810e-02
  4.73814909e-01 -7.41741601e-03 -2.03866806e-02  9.80558587e-03
 -2.83345049e-01  2.20988650e-01 -2.31852597e-01  1.81554327e-01
 -5.97262350e-02 -2.88945578e-02  2.52534591e-02 -1.19703266e-02
  1.65849543e-01 -3.43368266e-01  1.97326960e-01 -3.20917239e-02
  2.80002955e-02 -3.11276927e-02  1.12821362e-01  7.60530067e-03
  3.60627262e-02 -3.29045703e-02 -4.22630966e-02  5.13024954e-02
 -3.51732054e-02 -1.21592928e-02 -6.52682390e-03  1.43008464e-01
 -4.35890781e-02  1.63964289e-01 -1.19568377e-01 -1.95641933e-01
  7.02287161e-02 -2.61637741e-02  3.65011790e-02 -2.68580682e-02
 -1.99292815e-02  2.51469614e-02 -4.98329459e-02 -3.45950082e-02
  8.39797520e-03  1.34186708e-01  2.51534186e-02  1.70324384e-01
 -3.82633058e-01  1.21512926e-01 -3.56532490e-02  9.77781280e-02
 -3.20873228e-02 -4.31848496e-02  6.30431025e-02 -6.77999757e-02
  4.65208399e-02 -4.69615246e-02 -3.19104498e-02 -8.99884559e-03
  4.35609070e-03 -1.06201606e-01  8.51818059e-02 -1.05359496e-01
  3.34116750e-02  4.96585114e-02 -4.35446171e-02  4.68880875e-02
 -3.46576900e-02  4.21932733e-01 -2.88384890e-01  1.90057097e-01
 -1.92619978e-01 -2.25203984e-01  4.11968106e-01 -2.74099433e-01
 -2.39199800e-01  4.55088618e-01 -2.48739141e-01 -4.41448158e-01
  1.08430511e-01  4.70701583e-01 -2.68383939e-01  1.26303407e-01
  4.48444310e-02 -3.54626683e-01 -3.60182254e-01  1.48543114e-01
 -1.18643523e-01 -3.57972690e-01  4.07740272e-02  8.50253155e-02
  1.11824420e-01 -3.71957102e-01  4.02364294e-01  8.90784751e-02
 -1.63853422e-01  4.41822994e-01 -3.63739845e-01  8.52739775e-02
  5.03308681e-02 -2.88845819e-02  1.74675698e-01 -1.78481099e-01
  8.76391978e-02  3.62124909e-01 -1.46247914e-01  1.74858239e-01
 -1.71070180e-01  1.21410559e-01 -8.28889973e-02 -2.85369461e-02
  5.71807298e-01 -4.29768236e-01  1.06281434e-01  1.00936510e-01
 -1.20061120e-01 -3.31688251e-01  8.10833549e-02  3.36558313e-01
 -2.96860025e-01  3.77105146e-01  6.84020474e-02 -2.35390405e-01
 -1.55907564e-01  1.33770972e-01  1.28044463e-01 -9.13744083e-02
  1.62149684e-01 -1.57395854e-01  1.12416969e-01 -2.76820940e-02
 -7.76509179e-02  1.45443509e-01 -1.35190384e-01  6.02951516e-02
 -3.51005512e-02 -2.39182288e-02  1.21457466e-02  3.41219543e-03
  3.82744561e-01  8.36860769e-02 -1.80358628e-01  3.54354977e-02
 -8.15779734e-02  2.71837948e-02  5.58910872e-02 -7.01908158e-02
 -3.07200413e-01  3.30616018e-01  7.40048461e-02 -1.30978749e-01
 -3.28436643e-01  8.00499877e-02  3.53064237e-01 -1.60911670e-01
  5.03614396e-02  1.48646953e-01  3.01639217e-01 -2.59081493e-01
  6.14750103e-02 -1.27786943e-01 -2.53901628e-01  3.14412948e-02
  8.34488164e-02 -3.70916358e-01  5.25236299e-02  3.84397481e-01
  3.17641627e-01 -2.87810284e-01  7.11320077e-02 -1.27881627e-01
 -4.98358684e-03  4.07747014e-01 -3.50343781e-01  8.56133518e-02
 -1.95195279e-01  3.01593207e-02  8.97212456e-02 -4.91719722e-02
  4.15568190e-02 -3.19615076e-01  7.78690063e-02 -1.92982524e-01
  5.01840961e-02  2.85340102e-01  5.99113533e-02 -1.32723534e-01
  8.21077299e-02 -3.22563161e-01  3.43394008e-01 -1.68892448e-01
  2.92745623e-02 -2.27600272e-01  2.89586424e-02 -2.38110895e-01
  3.25371337e-02 -3.14395150e-02 -1.61880401e-01 -1.38187031e-01
  1.55080185e-02  1.13845086e-01 -1.30573375e-01  1.37975100e-02
  8.38843544e-02 -1.35091331e-01  1.36326393e-02  9.68353480e-02
  1.27842018e-02  7.95406857e-02 -1.31865130e-01  1.04664667e-01
  1.25178788e-02 -1.38502940e-01  1.25787457e-01  1.34822273e-02
 -1.19622764e-01  1.00926615e-01  1.00771856e-02 -1.11301082e-01
 -1.26120675e-01  1.04426951e-01  1.20800142e-02  8.24681419e-02
  9.94839770e-03 -1.30692488e-01  1.32819844e-01  1.19230228e-02
  1.24754350e-01 -1.16506854e-01  1.20935234e-02  9.82004917e-02
 -1.06555659e-01  1.08679922e-02  6.94356504e-02 -4.83236872e-02
 -5.77364925e-02 -9.55337626e-02  7.69528093e-02  8.72055222e-03
  7.56799667e-02 -6.33195145e-02 -1.07019906e-01  1.05609381e-02
  1.00326604e-01  6.39891970e-02 -4.77062972e-02  7.25393450e-02
 -9.97031133e-02  1.05112648e-02  8.40991141e-02 -9.00538407e-02
  7.27086853e-02  8.49946989e-03  4.03667667e-02  9.23719165e-02
 -5.70343573e-02 -5.35355713e-02  7.89109291e-02 -8.23779626e-02
 -3.74668356e-02 -8.60889491e-02  6.62729720e-02  8.63152668e-03
 -4.96340751e-02  5.49369071e-02 -4.95957855e-02 -8.78449197e-02
  9.84347644e-03  6.32346943e-02  6.54114687e-03 -3.50755840e-02
  5.72722488e-02 -4.41900828e-02  8.32004119e-02  7.35334038e-02
 -7.73140244e-02  7.65911841e-03 -3.86855079e-02  5.28168244e-02
 -6.46851087e-02  6.81045730e-03  2.93334897e-02  3.41315682e-02
 -3.32043979e-02  7.88352651e-02 -5.77317450e-02 -1.02245787e-02
  3.25886261e-02 -4.42350370e-02 -7.78288551e-03  5.52368138e-02
 -4.60738667e-02 -5.94352324e-02 -1.08521337e-02 -3.17997787e-02
 -3.17257392e-02  3.14651800e-02  2.73666982e-02  7.48369205e-02
 -5.41867987e-02 -9.81771713e-03 -4.22093920e-02  7.69042522e-02
 -5.96751400e-02 -9.80706844e-03 -3.99468339e-02]
[[6.81313186e-001 2.64530872e-001 3.40239258e-001 ... 3.58886284e-011
  2.47933292e-042 8.71925017e-047]
 [6.81313186e-001 2.64530872e-001 3.40239258e-001 ... 3.58886284e-011
  2.47933292e-042 8.71925017e-047]
 [6.81313186e-001 2.64530872e-001 3.40239258e-001 ... 3.58886284e-011
  2.47933292e-042 8.71925017e-047]
 ...
 [2.11464231e-001 8.54076567e-001 4.43576363e-001 ... 2.78010739e-320
  8.70770390e-289 1.04205367e-316]
 [2.44971094e-001 8.38688024e-001 4.46272903e-001 ... 1.41109511e-287
  1.74493489e-264 3.56566907e-285]
 [2.80368051e-001 8.13654131e-001 4.43576363e-001 ... 1.44464504e-257
  7.05281203e-243 2.46093129e-256]]
[ 4.61690416 -0.55844651  4.93428919 ...  0.22257153  0.03584166
 -0.00784644]
[[6.81313186e-01 2.64530872e-01 3.40239258e-01 ... 1.25716787e-42
  6.05884125e-51 1.95595009e-50]
 [6.81313186e-01 2.64530872e-01 3.40239258e-01 ... 1.25716787e-42
  6.05884125e-51 1.95595009e-50]
 [6.81313186e-01 2.64530872e-01 3.40239258e-01 ... 1.25716787e-42
  6.05884125e-51 1.95595009e-50]
 ...
 [2.11464231e-01 8.54076567e-01 4.43576363e-01 ... 0.00000000e+00
  0.00000000e+00 0.00000000e+00]
 [2.44971094e-01 8.38688024e-01 4.46272903e-01 ... 0.00000000e+00
  0.00000000e+00 0.00000000e+00]
 [2.80368051e-01 8.13654131e-01 4.43576363e-01 ... 0.00000000e+00
  0.00000000e+00 0.00000000e+00]]
[ 4.61690416 -0.55844651  4.93428919 ...  0.0577693  -0.193889
  0.06391894]
[[6.81313186e-001 2.64530872e-001 3.40239258e-001 ... 0.00000000e+000
  0.00000000e+000 1.95485700e-288]
 [6.81313186e-001 2.64530872e-001 3.40239258e-001 ... 0.00000000e+000
  0.00000000e+000 1.95485700e-288]
 [6.81313186e-001 2.64530872e-001 3.40239258e-001 ... 0.00000000e+000
  0.00000000e+000 1.95485700e-288]
 ...
 [2.11464231e-001 8.54076567e-001 4.43576363e-001 ... 0.00000000e+000
  5.76985865e-131 0.00000000e+000]
 [2.44971094e-001 8.38688024e-001 4.46272903e-001 ... 2.46103766e-308
  8.56880140e-115 0.00000000e+000]
 [2.80368051e-001 8.13654131e-001 4.43576363e-001 ... 1.69414602e-292
  2.10622636e-109 0.00000000e+000]]
[ 4.61690416e+00 -5.58446514e-01  4.93428919e+00 ... -4.58114246e-03
 -4.57038366e-03 -4.56969294e-03]
[[6.81313186e-001 2.64530872e-001 3.40239258e-001 ... 0.00000000e+000
  1.95485700e-288 0.00000000e+000]
 [6.81313186e-001 2.64530872e-001 3.40239258e-001 ... 0.00000000e+000
  1.95485700e-288 0.00000000e+000]
 [6.81313186e-001 2.64530872e-001 3.40239258e-001 ... 0.00000000e+000
  1.95485700e-288 0.00000000e+000]
 ...
 [2.11464231e-001 8.54076567e-001 4.43576363e-001 ... 5.76985865e-131
  0.00000000e+000 0.00000000e+000]
 [2.44971094e-001 8.38688024e-001 4.46272903e-001 ... 8.56880140e-115
  0.00000000e+000 0.00000000e+000]
 [2.80368051e-001 8.13654131e-001 4.43576363e-001 ... 2.10622636e-109
  0.00000000e+000 0.00000000e+000]]
[ 4.61690416e+00 -5.58446514e-01  4.93428919e+00 ... -4.57038366e-03
 -4.56969294e-03 -4.54068750e-03]
[[0.00175781 0.06041889]
 [0.00458984 0.05913153]
 [0.00795898 0.05888966]
 [0.01323242 0.05832416]
 [0.02075195 0.05795391]
 [0.02998047 0.05776671]
 [0.0371582  0.05764593]
 [0.04345703 0.05747326]
 [0.0487793  0.0574071 ]
 [0.05317383 0.05713643]
 [0.05795898 0.05670017]
 [0.08642578 0.05664995]
 [0.08647461 0.05664995]]
