sparseRep_1.py:65: FutureWarning: arrays to stack must be passed as a "sequence" type such as list or tuple. Support for non-sequence iterables such as generators is deprecated as of NumPy 1.16 and will raise an error in the future.
  Data = np.vstack((boundary for boundary in boundaries))
[[ 5.85712217e-02  8.60000000e-03  1.55402297e+04 ...  6.32475349e+05
   6.39360520e+00 -2.47064615e+04]
 [ 6.28194029e-02  8.60000000e-03  1.55402297e+04 ...  6.32475349e+05
   6.39360520e+00 -2.48507622e+04]
 [ 6.37000290e-02  8.60000000e-03  1.55402297e+04 ...  6.32475349e+05
   6.39360520e+00 -2.48580482e+04]
 ...
 [ 1.84028445e-02  9.12673192e-04  1.55511258e+04 ...  7.20195736e+05
   6.89843433e+00 -3.05975621e+04]
 [ 1.90314074e-02  1.52112199e-03  1.55511258e+04 ...  7.20195736e+05
   6.89843433e+00 -3.19149395e+04]
 [ 1.96599704e-02  2.12957078e-03  1.55511258e+04 ...  7.20195736e+05
   6.89843433e+00 -3.33137478e+04]]
[[0.70590027 1.         0.98425392 ... 0.60404715 0.41521124 2.21303068]
 [0.75709935 1.         0.98425392 ... 0.60404715 0.41521124 2.22595611]
 [0.76771265 1.         0.98425392 ... 0.60404715 0.41521124 2.22660874]
 ...
 [0.22179105 0.10612479 0.98494404 ... 0.68782473 0.44799568 2.74071394]
 [0.22936649 0.17687465 0.98494404 ... 0.68782473 0.44799568 2.85871532]
 [0.23694193 0.24762451 0.98494404 ... 0.68782473 0.44799568 2.98401071]]
0.0017660906538703959
1
2
[[0.60552874 0.33960303 0.31203208 ... 0.40238466 0.57821216 0.26479053]
 [0.58146276 0.34802163 0.29765338 ... 0.41235958 0.55719241 0.25258876]
 [0.57625817 0.34958838 0.29458452 ... 0.41421598 0.5526087  0.24998453]
 ...
 [0.57083766 0.45368659 0.81395791 ... 0.53380826 0.33253076 0.74105911]
 [0.61400839 0.45293393 0.80302102 ... 0.53292268 0.3710264  0.73110174]
 [0.65451455 0.44812284 0.78511846 ... 0.52726194 0.41026183 0.71480255]]
[ 15.25419013  11.83029958   4.57747857  -3.90892195  22.36954023
  34.25322621   2.19039804 -36.61211786  10.94856012 -25.76177252
  -8.17438604 -37.96476839  -4.26180823  23.92450174  23.82318685
 -32.87492129  14.3856149   -4.27221629 -14.85865716  13.49466841
   6.13801585]
[[0.60552874 0.33960303 0.31203208 ... 0.62776865 0.09567647 0.14085786]
 [0.58146276 0.34802163 0.29765338 ... 0.65927839 0.1004788  0.1290473 ]
 [0.57625817 0.34958838 0.29458452 ... 0.66522771 0.10138553 0.1265778 ]
 ...
 [0.57083766 0.45368659 0.81395791 ... 0.16732821 0.18718456 0.45060211]
 [0.61400839 0.45293393 0.80302102 ... 0.19580273 0.186564   0.4791618 ]
 [0.65451455 0.44812284 0.78511846 ... 0.22502717 0.18262166 0.50042359]]
[ 15.25419013  11.83029958   4.57747857  -3.90892195  22.36954023
  34.25322621   2.19039804 -36.61211786  10.94856012 -25.76177252
  -8.17438604 -37.96476839  -4.26180823  23.92450174  23.82318685
 -32.87492129  14.3856149   -4.27221629 -14.85865716  13.49466841
   6.13801585  -0.98354207   3.26769446   2.4765725    0.0569041
   1.77584152   2.73577715  -0.87714938   0.13910042   3.84707265
   6.70307759   3.30769648  -2.63226834  -1.88844385  -3.19539285
  -2.42098444  -3.31813171  -1.4879698    0.90951616  -1.0078179
  -5.34908043  -0.89731642]
[[0.60552874 0.33960303 0.31203208 ... 0.22281506 0.02367016 0.08323049]
 [0.58146276 0.34802163 0.29765338 ... 0.24574407 0.02610597 0.07003965]
 [0.57625817 0.34958838 0.29458452 ... 0.25019927 0.02657926 0.06742091]
 ...
 [0.57083766 0.45368659 0.81395791 ... 0.03746146 0.06245152 0.37273883]
 [0.61400839 0.45293393 0.80302102 ... 0.04679483 0.06203812 0.43599233]
 [0.65451455 0.44812284 0.78511846 ... 0.05638249 0.05944393 0.49191074]]
[ 15.25419013  11.83029958   4.57747857  -3.90892195  22.36954023
  34.25322621   2.19039804 -36.61211786  10.94856012 -25.76177252
  -8.17438604 -37.96476839  -4.26180823  23.92450174  23.82318685
 -32.87492129  14.3856149   -4.27221629 -14.85865716  13.49466841
   6.13801585  -0.98354207   3.26769446   2.4765725    0.0569041
   1.77584152   2.73577715  -0.87714938   0.13910042   3.84707265
   6.70307759   3.30769648  -2.63226834  -1.88844385  -3.19539285
  -2.42098444  -3.31813171  -1.4879698    0.90951616  -1.0078179
  -5.34908043  -0.89731642  -0.90068862   2.01754262   0.9391036
   0.10061911  -0.19628674   0.67070113   0.05030364  -0.37284727
   1.34414844  -2.00735978  -0.73102073  -3.50485776   1.12015817
  -0.57828487   2.79763991  -1.20908397   2.75874314   1.00961442
   1.46842983  -0.83690952  -1.25853025   1.83081233  -0.32361941
   0.25437727  -0.50180057  -2.41483438   0.31087808   0.66305408
  -1.7564252    1.4393412   -0.62018711  -0.78826884]
[[6.05528741e-01 3.39603034e-01 3.12032084e-01 ... 5.91954882e-05
  8.17648905e-04 8.41604265e-02]
 [5.81462763e-01 3.48021626e-01 2.97653384e-01 ... 4.05864616e-05
  9.94590294e-04 6.21276945e-02]
 [5.76258175e-01 3.49588381e-01 2.94584522e-01 ... 3.73571719e-05
  1.03098010e-03 5.80669528e-02]
 ...
 [5.70837657e-01 4.53686594e-01 8.13957913e-01 ... 3.12554070e-01
  6.77493892e-03 1.50701817e-03]
 [6.14008391e-01 4.52933932e-01 8.03021021e-01 ... 2.80494839e-01
  6.68554281e-03 3.50567906e-03]
 [6.54514553e-01 4.48122839e-01 7.85118460e-01 ... 2.34202253e-01
  6.13810681e-03 7.58738811e-03]]
[ 15.25419013  11.83029958   4.57747857  -3.90892195  22.36954023
  34.25322621   2.19039804 -36.61211786  10.94856012 -25.76177252
  -8.17438604 -37.96476839  -4.26180823  23.92450174  23.82318685
 -32.87492129  14.3856149   -4.27221629 -14.85865716  13.49466841
   6.13801585  -0.98354207   3.26769446   2.4765725    0.0569041
   1.77584152   2.73577715  -0.87714938   0.13910042   3.84707265
   6.70307759   3.30769648  -2.63226834  -1.88844385  -3.19539285
  -2.42098444  -3.31813171  -1.4879698    0.90951616  -1.0078179
  -5.34908043  -0.89731642  -0.90068862   2.01754262   0.9391036
   0.10061911  -0.19628674   0.67070113   0.05030364  -0.37284727
   1.34414844  -2.00735978  -0.73102073  -3.50485776   1.12015817
  -0.57828487   2.79763991  -1.20908397   2.75874314   1.00961442
   1.46842983  -0.83690952  -1.25853025   1.83081233  -0.32361941
   0.25437727  -0.50180057  -2.41483438   0.31087808   0.66305408
  -1.7564252    1.4393412   -0.62018711  -0.78826884  -1.65132989
   0.54318529   1.25234137  -1.75652217   1.02206097  -0.11260183
   4.98707202   0.91632057  -0.58710154  -1.32128115   0.6610749
  -0.86720274  -0.56862148   0.34053871  -0.49708513   0.38814763
  -0.90226869   0.50139546   2.05685602   0.45934525  -2.12865569
   2.18094942  -0.33892535   0.87730734   0.06176528  -4.61794855
  -0.88449599   0.40170984  -0.71927124   0.27811836  -0.50406884
   0.83135219   0.55929948   0.36169273   2.04034284  -3.94704935
  -1.47803849   0.35533969  -1.70159131   0.30749422  -1.75813371
   3.12809212   1.03708149   0.26103411  -0.4884178   -0.34787195
   0.44117107  -0.31005312  -0.48430529   1.79587629  -1.21527025
   0.99760276   0.28852569]
[[6.05528741e-01 3.39603034e-01 3.12032084e-01 ... 1.56875553e-03
  3.53561451e-06 1.79361205e-09]
 [5.81462763e-01 3.48021626e-01 2.97653384e-01 ... 8.19878711e-04
  1.71811514e-06 8.43167155e-10]
 [5.76258175e-01 3.49588381e-01 2.94584522e-01 ... 7.10023422e-04
  1.46562669e-06 7.14330644e-10]
 ...
 [5.70837657e-01 4.53686594e-01 8.13957913e-01 ... 1.01813968e-03
  2.59340503e-01 1.18397912e-01]
 [6.14008391e-01 4.52933932e-01 8.03021021e-01 ... 3.26884571e-03
  3.22011155e-01 9.53550011e-02]
 [6.54514553e-01 4.48122839e-01 7.85118460e-01 ... 9.08478046e-03
  3.46102262e-01 6.64776815e-02]]
[ 1.52541901e+01  1.18302996e+01  4.57747857e+00 -3.90892195e+00
  2.23695402e+01  3.42532262e+01  2.19039804e+00 -3.66121179e+01
  1.09485601e+01 -2.57617725e+01 -8.17438604e+00 -3.79647684e+01
 -4.26180823e+00  2.39245017e+01  2.38231869e+01 -3.28749213e+01
  1.43856149e+01 -4.27221629e+00 -1.48586572e+01  1.34946684e+01
  6.13801585e+00 -9.83542068e-01  3.26769446e+00  2.47657250e+00
  5.69040986e-02  1.77584152e+00  2.73577715e+00 -8.77149378e-01
  1.39100423e-01  3.84707265e+00  6.70307759e+00  3.30769648e+00
 -2.63226834e+00 -1.88844385e+00 -3.19539285e+00 -2.42098444e+00
 -3.31813171e+00 -1.48796980e+00  9.09516161e-01 -1.00781790e+00
 -5.34908043e+00 -8.97316424e-01 -9.00688616e-01  2.01754262e+00
  9.39103596e-01  1.00619107e-01 -1.96286743e-01  6.70701135e-01
  5.03036359e-02 -3.72847272e-01  1.34414844e+00 -2.00735978e+00
 -7.31020733e-01 -3.50485776e+00  1.12015817e+00 -5.78284867e-01
  2.79763991e+00 -1.20908397e+00  2.75874314e+00  1.00961442e+00
  1.46842983e+00 -8.36909521e-01 -1.25853025e+00  1.83081233e+00
 -3.23619406e-01  2.54377266e-01 -5.01800569e-01 -2.41483438e+00
  3.10878076e-01  6.63054081e-01 -1.75642520e+00  1.43934120e+00
 -6.20187112e-01 -7.88268841e-01 -1.65132989e+00  5.43185291e-01
  1.25234137e+00 -1.75652217e+00  1.02206097e+00 -1.12601832e-01
  4.98707202e+00  9.16320574e-01 -5.87101538e-01 -1.32128115e+00
  6.61074904e-01 -8.67202743e-01 -5.68621480e-01  3.40538710e-01
 -4.97085133e-01  3.88147627e-01 -9.02268692e-01  5.01395464e-01
  2.05685602e+00  4.59345253e-01 -2.12865569e+00  2.18094942e+00
 -3.38925348e-01  8.77307336e-01  6.17652847e-02 -4.61794855e+00
 -8.84495987e-01  4.01709844e-01 -7.19271243e-01  2.78118356e-01
 -5.04068835e-01  8.31352192e-01  5.59299477e-01  3.61692727e-01
  2.04034284e+00 -3.94704935e+00 -1.47803849e+00  3.55339686e-01
 -1.70159131e+00  3.07494219e-01 -1.75813371e+00  3.12809212e+00
  1.03708149e+00  2.61034107e-01 -4.88417799e-01 -3.47871952e-01
  4.41171067e-01 -3.10053119e-01 -4.84305288e-01  1.79587629e+00
 -1.21527025e+00  9.97602757e-01  2.88525690e-01 -8.77547051e-01
  7.22459527e-01  5.24631916e-01 -4.72555504e-01  4.39179632e-01
 -2.40421535e-01  3.15563692e-01 -3.45371825e-01  8.37919551e-01
  2.70613965e-01 -6.69180406e-01 -2.57367608e-01  8.18588134e-01
 -1.03894218e-01  7.12414548e-01  3.00829032e-01 -3.65312883e-01
  1.44722584e-02  2.10755404e-01 -2.36944726e-01 -3.68397190e-01
 -4.66363325e-01 -3.03175966e-01  1.34497431e-01  1.17346268e-01
 -1.93676304e-01  1.26999475e-01  1.75768765e-01 -2.40765663e-01
 -2.22988679e-01  3.36777736e-01 -4.32070600e-01 -2.49297694e-01
 -5.20674922e-01  3.22816649e-01 -2.59816145e-01  1.52407346e-01
 -2.21095711e-01  2.83221987e-01 -4.51706373e-01  3.95525833e-01
 -1.41250968e-01  4.82229297e-01 -2.96556939e-01  2.16854058e-01
  1.58465363e-01  2.59440952e-01  5.28154904e-01  3.09091372e-01
  4.08839622e-01 -4.32538868e-01  2.05718489e-01 -1.42180851e-01
 -2.40406082e-01  1.70073931e-01  2.74647833e-01 -2.48386748e-01
  1.46827078e-01 -3.89402287e-01 -4.04141305e-01  2.85611933e-01]
[[6.05528741e-01 3.39603034e-01 3.12032084e-01 ... 1.06736355e-07
  1.49103076e-11 1.74451998e-08]
 [5.81462763e-01 3.48021626e-01 2.97653384e-01 ... 2.91541946e-08
  3.59720667e-12 4.47893555e-09]
 [5.76258175e-01 3.49588381e-01 2.94584522e-01 ... 2.18648841e-08
  2.62927661e-12 3.31624665e-09]
 ...
 [5.70837657e-01 4.53686594e-01 8.13957913e-01 ... 1.61585983e-08
  3.08993952e-03 6.25223202e-06]
 [6.14008391e-01 4.52933932e-01 8.03021021e-01 ... 1.66562719e-07
  6.30090979e-03 2.87209630e-05]
 [6.54514553e-01 4.48122839e-01 7.85118460e-01 ... 1.28652382e-06
  9.62769793e-03 9.88618700e-05]]
[ 1.52541901e+01  1.18302996e+01  4.57747857e+00 -3.90892195e+00
  2.23695402e+01  3.42532262e+01  2.19039804e+00 -3.66121179e+01
  1.09485601e+01 -2.57617725e+01 -8.17438604e+00 -3.79647684e+01
 -4.26180823e+00  2.39245017e+01  2.38231869e+01 -3.28749213e+01
  1.43856149e+01 -4.27221629e+00 -1.48586572e+01  1.34946684e+01
  6.13801585e+00 -9.83542068e-01  3.26769446e+00  2.47657250e+00
  5.69040986e-02  1.77584152e+00  2.73577715e+00 -8.77149378e-01
  1.39100423e-01  3.84707265e+00  6.70307759e+00  3.30769648e+00
 -2.63226834e+00 -1.88844385e+00 -3.19539285e+00 -2.42098444e+00
 -3.31813171e+00 -1.48796980e+00  9.09516161e-01 -1.00781790e+00
 -5.34908043e+00 -8.97316424e-01 -9.00688616e-01  2.01754262e+00
  9.39103596e-01  1.00619107e-01 -1.96286743e-01  6.70701135e-01
  5.03036359e-02 -3.72847272e-01  1.34414844e+00 -2.00735978e+00
 -7.31020733e-01 -3.50485776e+00  1.12015817e+00 -5.78284867e-01
  2.79763991e+00 -1.20908397e+00  2.75874314e+00  1.00961442e+00
  1.46842983e+00 -8.36909521e-01 -1.25853025e+00  1.83081233e+00
 -3.23619406e-01  2.54377266e-01 -5.01800569e-01 -2.41483438e+00
  3.10878076e-01  6.63054081e-01 -1.75642520e+00  1.43934120e+00
 -6.20187112e-01 -7.88268841e-01 -1.65132989e+00  5.43185291e-01
  1.25234137e+00 -1.75652217e+00  1.02206097e+00 -1.12601832e-01
  4.98707202e+00  9.16320574e-01 -5.87101538e-01 -1.32128115e+00
  6.61074904e-01 -8.67202743e-01 -5.68621480e-01  3.40538710e-01
 -4.97085133e-01  3.88147627e-01 -9.02268692e-01  5.01395464e-01
  2.05685602e+00  4.59345253e-01 -2.12865569e+00  2.18094942e+00
 -3.38925348e-01  8.77307336e-01  6.17652847e-02 -4.61794855e+00
 -8.84495987e-01  4.01709844e-01 -7.19271243e-01  2.78118356e-01
 -5.04068835e-01  8.31352192e-01  5.59299477e-01  3.61692727e-01
  2.04034284e+00 -3.94704935e+00 -1.47803849e+00  3.55339686e-01
 -1.70159131e+00  3.07494219e-01 -1.75813371e+00  3.12809212e+00
  1.03708149e+00  2.61034107e-01 -4.88417799e-01 -3.47871952e-01
  4.41171067e-01 -3.10053119e-01 -4.84305288e-01  1.79587629e+00
 -1.21527025e+00  9.97602757e-01  2.88525690e-01 -8.77547051e-01
  7.22459527e-01  5.24631916e-01 -4.72555504e-01  4.39179632e-01
 -2.40421535e-01  3.15563692e-01 -3.45371825e-01  8.37919551e-01
  2.70613965e-01 -6.69180406e-01 -2.57367608e-01  8.18588134e-01
 -1.03894218e-01  7.12414548e-01  3.00829032e-01 -3.65312883e-01
  1.44722584e-02  2.10755404e-01 -2.36944726e-01 -3.68397190e-01
 -4.66363325e-01 -3.03175966e-01  1.34497431e-01  1.17346268e-01
 -1.93676304e-01  1.26999475e-01  1.75768765e-01 -2.40765663e-01
 -2.22988679e-01  3.36777736e-01 -4.32070600e-01 -2.49297694e-01
 -5.20674922e-01  3.22816649e-01 -2.59816145e-01  1.52407346e-01
 -2.21095711e-01  2.83221987e-01 -4.51706373e-01  3.95525833e-01
 -1.41250968e-01  4.82229297e-01 -2.96556939e-01  2.16854058e-01
  1.58465363e-01  2.59440952e-01  5.28154904e-01  3.09091372e-01
  4.08839622e-01 -4.32538868e-01  2.05718489e-01 -1.42180851e-01
 -2.40406082e-01  1.70073931e-01  2.74647833e-01 -2.48386748e-01
  1.46827078e-01 -3.89402287e-01 -4.04141305e-01  2.85611933e-01
  2.89473782e-01 -2.07313191e-01 -2.08934904e-01  6.08598186e-01
 -4.04633494e-01  2.17959889e-01 -2.76620582e-01  2.40540258e-01
  1.72172485e-01 -2.17264949e-01  7.84462607e-01 -3.89936411e-01
 -5.20687111e-01  2.30276485e-01 -2.38881239e-01 -1.09298758e-01
  8.88688495e-02 -6.41085580e-01  2.81365094e-01  6.71339873e-01
  1.31105444e-01  3.14033816e-01  8.03829394e-01  5.06427629e-01
 -4.65435105e-01 -1.99824500e-01 -5.20035500e-01 -3.07734993e-01
 -1.27771236e-01  1.18230833e-01 -1.45814580e-01  2.06379323e-01
 -4.28603028e-01  3.55078608e-01 -1.54439297e-01  2.81986833e-01
  1.73179278e-01  7.21829126e-02 -1.73364247e-01  2.64001876e-01
 -4.32943092e-01 -2.45218826e-01  2.30246659e-01 -2.56276082e-01
  3.02376694e-01  2.13512552e-01  1.98599798e-01 -1.58938259e-01
 -3.78300482e-01  3.50245138e-01 -1.42640904e-01  2.57799343e-01
  2.51272363e-01  2.71085028e-01 -2.21414784e-01  9.07483950e-02
  1.54852387e-01 -1.86496708e-01  2.16950642e-01  1.59939124e-01
 -1.30823847e-01  2.23597154e-01  8.93462711e-02  2.55014082e-01
 -1.85028637e-01 -2.54803761e-01  1.44421798e-01  1.44563024e-01
 -9.11846060e-02 -1.02330143e-01 -3.24746618e-01  1.80836994e-01
  2.28054055e-01 -5.72231684e-01 -4.67725490e-01 -1.32882681e-01
  2.34790946e-01 -1.18648372e-01  3.43206615e-01 -1.84711174e-01
  1.54554820e-01  9.98460952e-02  1.77493835e-01 -1.66532120e-01
 -1.63076793e-01  6.81775827e-01 -3.49739235e-01  3.14360931e-01
 -1.58002792e-01  1.28831771e-01 -1.64001093e-01  1.82634978e-01
  1.46025465e-01 -1.60339856e-01  1.93714054e-01 -1.64854437e-01
 -1.36526970e-01  1.59240226e-01]
[[6.05528741e-01 3.39603034e-01 3.12032084e-01 ... 1.75208036e-15
  3.26608291e-06 1.39397767e-04]
 [5.81462763e-01 3.48021626e-01 2.97653384e-01 ... 8.14619186e-15
  5.06808410e-07 5.22013140e-05]
 [5.76258175e-01 3.49588381e-01 2.94584522e-01 ... 1.07910344e-14
  3.31790523e-07 4.10217782e-05]
 ...
 [5.70837657e-01 4.53686594e-01 8.13957913e-01 ... 5.84426391e-44
  5.31876396e-27 5.47402567e-29]
 [6.14008391e-01 4.52933932e-01 8.03021021e-01 ... 1.05273839e-40
  6.35394005e-24 7.44989657e-26]
 [6.54514553e-01 4.48122839e-01 7.85118460e-01 ... 1.06473841e-37
  4.26193999e-21 5.69279413e-23]]
[ 1.52541901e+01  1.18302996e+01  4.57747857e+00 -3.90892195e+00
  2.23695402e+01  3.42532262e+01  2.19039804e+00 -3.66121179e+01
  1.09485601e+01 -2.57617725e+01 -8.17438604e+00 -3.79647684e+01
 -4.26180823e+00  2.39245017e+01  2.38231869e+01 -3.28749213e+01
  1.43856149e+01 -4.27221629e+00 -1.48586572e+01  1.34946684e+01
  6.13801585e+00 -9.83542068e-01  3.26769446e+00  2.47657250e+00
  5.69040986e-02  1.77584152e+00  2.73577715e+00 -8.77149378e-01
  1.39100423e-01  3.84707265e+00  6.70307759e+00  3.30769648e+00
 -2.63226834e+00 -1.88844385e+00 -3.19539285e+00 -2.42098444e+00
 -3.31813171e+00 -1.48796980e+00  9.09516161e-01 -1.00781790e+00
 -5.34908043e+00 -8.97316424e-01 -9.00688616e-01  2.01754262e+00
  9.39103596e-01  1.00619107e-01 -1.96286743e-01  6.70701135e-01
  5.03036359e-02 -3.72847272e-01  1.34414844e+00 -2.00735978e+00
 -7.31020733e-01 -3.50485776e+00  1.12015817e+00 -5.78284867e-01
  2.79763991e+00 -1.20908397e+00  2.75874314e+00  1.00961442e+00
  1.46842983e+00 -8.36909521e-01 -1.25853025e+00  1.83081233e+00
 -3.23619406e-01  2.54377266e-01 -5.01800569e-01 -2.41483438e+00
  3.10878076e-01  6.63054081e-01 -1.75642520e+00  1.43934120e+00
 -6.20187112e-01 -7.88268841e-01 -1.65132989e+00  5.43185291e-01
  1.25234137e+00 -1.75652217e+00  1.02206097e+00 -1.12601832e-01
  4.98707202e+00  9.16320574e-01 -5.87101538e-01 -1.32128115e+00
  6.61074904e-01 -8.67202743e-01 -5.68621480e-01  3.40538710e-01
 -4.97085133e-01  3.88147627e-01 -9.02268692e-01  5.01395464e-01
  2.05685602e+00  4.59345253e-01 -2.12865569e+00  2.18094942e+00
 -3.38925348e-01  8.77307336e-01  6.17652847e-02 -4.61794855e+00
 -8.84495987e-01  4.01709844e-01 -7.19271243e-01  2.78118356e-01
 -5.04068835e-01  8.31352192e-01  5.59299477e-01  3.61692727e-01
  2.04034284e+00 -3.94704935e+00 -1.47803849e+00  3.55339686e-01
 -1.70159131e+00  3.07494219e-01 -1.75813371e+00  3.12809212e+00
  1.03708149e+00  2.61034107e-01 -4.88417799e-01 -3.47871952e-01
  4.41171067e-01 -3.10053119e-01 -4.84305288e-01  1.79587629e+00
 -1.21527025e+00  9.97602757e-01  2.88525690e-01 -8.77547051e-01
  7.22459527e-01  5.24631916e-01 -4.72555504e-01  4.39179632e-01
 -2.40421535e-01  3.15563692e-01 -3.45371825e-01  8.37919551e-01
  2.70613965e-01 -6.69180406e-01 -2.57367608e-01  8.18588134e-01
 -1.03894218e-01  7.12414548e-01  3.00829032e-01 -3.65312883e-01
  1.44722584e-02  2.10755404e-01 -2.36944726e-01 -3.68397190e-01
 -4.66363325e-01 -3.03175966e-01  1.34497431e-01  1.17346268e-01
 -1.93676304e-01  1.26999475e-01  1.75768765e-01 -2.40765663e-01
 -2.22988679e-01  3.36777736e-01 -4.32070600e-01 -2.49297694e-01
 -5.20674922e-01  3.22816649e-01 -2.59816145e-01  1.52407346e-01
 -2.21095711e-01  2.83221987e-01 -4.51706373e-01  3.95525833e-01
 -1.41250968e-01  4.82229297e-01 -2.96556939e-01  2.16854058e-01
  1.58465363e-01  2.59440952e-01  5.28154904e-01  3.09091372e-01
  4.08839622e-01 -4.32538868e-01  2.05718489e-01 -1.42180851e-01
 -2.40406082e-01  1.70073931e-01  2.74647833e-01 -2.48386748e-01
  1.46827078e-01 -3.89402287e-01 -4.04141305e-01  2.85611933e-01
  2.89473782e-01 -2.07313191e-01 -2.08934904e-01  6.08598186e-01
 -4.04633494e-01  2.17959889e-01 -2.76620582e-01  2.40540258e-01
  1.72172485e-01 -2.17264949e-01  7.84462607e-01 -3.89936411e-01
 -5.20687111e-01  2.30276485e-01 -2.38881239e-01 -1.09298758e-01
  8.88688495e-02 -6.41085580e-01  2.81365094e-01  6.71339873e-01
  1.31105444e-01  3.14033816e-01  8.03829394e-01  5.06427629e-01
 -4.65435105e-01 -1.99824500e-01 -5.20035500e-01 -3.07734993e-01
 -1.27771236e-01  1.18230833e-01 -1.45814580e-01  2.06379323e-01
 -4.28603028e-01  3.55078608e-01 -1.54439297e-01  2.81986833e-01
  1.73179278e-01  7.21829126e-02 -1.73364247e-01  2.64001876e-01
 -4.32943092e-01 -2.45218826e-01  2.30246659e-01 -2.56276082e-01
  3.02376694e-01  2.13512552e-01  1.98599798e-01 -1.58938259e-01
 -3.78300482e-01  3.50245138e-01 -1.42640904e-01  2.57799343e-01
  2.51272363e-01  2.71085028e-01 -2.21414784e-01  9.07483950e-02
  1.54852387e-01 -1.86496708e-01  2.16950642e-01  1.59939124e-01
 -1.30823847e-01  2.23597154e-01  8.93462711e-02  2.55014082e-01
 -1.85028637e-01 -2.54803761e-01  1.44421798e-01  1.44563024e-01
 -9.11846060e-02 -1.02330143e-01 -3.24746618e-01  1.80836994e-01
  2.28054055e-01 -5.72231684e-01 -4.67725490e-01 -1.32882681e-01
  2.34790946e-01 -1.18648372e-01  3.43206615e-01 -1.84711174e-01
  1.54554820e-01  9.98460952e-02  1.77493835e-01 -1.66532120e-01
 -1.63076793e-01  6.81775827e-01 -3.49739235e-01  3.14360931e-01
 -1.58002792e-01  1.28831771e-01 -1.64001093e-01  1.82634978e-01
  1.46025465e-01 -1.60339856e-01  1.93714054e-01 -1.64854437e-01
 -1.36526970e-01  1.59240226e-01 -2.94270307e-01  5.46110123e-01
 -1.38171362e-01  4.53616327e-01  7.36014567e-01  2.03214325e-01
 -1.40650823e-01 -4.47325203e-01  1.79518881e-01  3.44628646e-01
  4.04019838e-02 -4.69925452e-01 -1.40439182e-01  1.51150283e-01
 -5.03267030e-01  3.83747836e-01 -3.45109301e-01  2.23503044e-01
 -3.76005522e-01  5.35715800e-01  1.35503046e-01  5.66015726e-01
 -3.33210031e-01 -3.78761811e-01  1.06484177e-01 -1.07007159e-01
  1.67291958e-01  1.68559259e-01 -2.49990981e-01 -1.27552682e-01
  1.48542851e-01 -3.93720682e-01  2.25267542e-01  2.41100175e-01
 -3.37433354e-01  1.76019580e-01 -2.51786712e-01  2.35460179e-01
 -4.88222708e-01  1.80255352e-01 -2.25826351e-01  1.05411053e-01
  2.99011356e-01 -2.24894543e-01  7.16575189e-02  9.79005115e-02
 -1.04088305e-01  7.50262227e-02 -1.03118105e-01 -1.70021809e-01
  4.47159190e-01  1.98058595e-01 -2.25457986e-01  2.29547997e-01
  6.81232573e-01 -5.26735664e-01  5.97443669e-02 -2.07885823e-01
  1.74260407e-01 -1.96634504e-01  1.29096377e-01  5.93033106e-01
 -2.41358501e-01  3.13915161e-01 -1.68815834e-01  1.03041093e-01
 -3.13940987e-01  2.81761342e-01 -1.75504782e-01  6.64831266e-02
 -2.14830529e-01  2.97497994e-01 -2.29731486e-01 -6.12231530e-02
 -7.91054827e-02 -7.43314815e-02  1.06796403e-01 -1.29770987e-01
  4.88062510e-01  1.46229495e-01 -1.02236431e-01  1.63506814e-01
 -1.92141529e-01 -1.36236674e-01 -1.36592381e-01 -2.33903744e-01
 -2.13703767e-01  1.37226082e-01  4.22115539e-01 -3.42004525e-01
 -1.12877719e-01  1.45958393e-01  1.10764456e-01 -1.44273984e-01
  8.27756918e-02  1.65420032e-01 -1.79185404e-01  1.00446756e-01
 -4.37174382e-02 -1.23719666e-01  1.03039212e-01  1.36455033e-01
  2.20528033e-01 -3.71610313e-01  4.03826624e-01 -2.77860753e-01
  1.95954019e-01 -1.46897537e-01  1.18717351e-01 -1.04368627e-01
  2.10714786e-01 -2.10182356e-01 -1.35640796e-01 -7.23641648e-02
  1.40271500e-01 -1.74087233e-01  1.72732125e-01  1.14019213e-01
  8.40392637e-02 -1.36092456e-01 -1.38972539e-01  1.73519349e-01
 -1.31495205e-01  1.66239878e-01  1.33585193e-01 -9.78632436e-02
  3.88264747e-01 -1.49326918e-01 -3.47074610e-01 -6.78424072e-02
  1.44544272e-01  1.50168578e-01 -1.41076314e-01  3.27108052e-02
 -1.12601908e-01  6.96938746e-01  3.33950195e-01 -2.56034417e-01
 -5.44208152e-01  2.34453132e-01  1.57704641e-01 -1.96666352e-01
 -1.75963408e-01  1.72785037e-01  5.47165923e-02 -6.62127868e-02
  9.79906762e-02  1.17119573e-01  9.80331214e-02 -7.49963240e-02
  6.38268706e-02  7.28570421e-02  7.37963951e-02 -1.04602861e-01
 -6.90457337e-02 -1.54696089e-01  1.29203717e-01 -1.50041351e-01
  1.54210719e-01 -9.97977894e-02  9.64311534e-02 -4.56372541e-01
 -9.37103805e-02  7.76273782e-02  5.65145221e-01 -4.15963535e-01
  1.84124963e-01  3.79643587e-01 -2.51820974e-01  1.19436779e-01
  1.54871546e-01 -1.23546800e-01  1.18697948e-01 -9.13014591e-02
  7.79571518e-02  1.16129844e-01 -5.91104789e-02 -3.22166213e-01
  1.30828958e-01]
[[6.05528741e-01 3.39603034e-01 3.12032084e-01 ... 9.47619134e-23
  3.71745810e-36 1.18951787e-61]
 [5.81462763e-01 3.48021626e-01 2.97653384e-01 ... 6.99219841e-24
  1.61525668e-38 2.73280526e-60]
 [5.76258175e-01 3.49588381e-01 2.94584522e-01 ... 3.77982111e-24
  4.85433328e-39 4.85630239e-60]
 ...
 [5.70837657e-01 4.53686594e-01 8.13957913e-01 ... 1.04617801e-57
  1.74814854e-21 8.98958608e-41]
 [6.14008391e-01 4.52933932e-01 8.03021021e-01 ... 1.76209971e-51
  7.78455838e-19 7.26842533e-41]
 [6.54514553e-01 4.48122839e-01 7.85118460e-01 ... 9.35662043e-46
  1.09283167e-16 1.85269793e-41]]
[ 1.52541901e+01  1.18302996e+01  4.57747857e+00 -3.90892195e+00
  2.23695402e+01  3.42532262e+01  2.19039804e+00 -3.66121179e+01
  1.09485601e+01 -2.57617725e+01 -8.17438604e+00 -3.79647684e+01
 -4.26180823e+00  2.39245017e+01  2.38231869e+01 -3.28749213e+01
  1.43856149e+01 -4.27221629e+00 -1.48586572e+01  1.34946684e+01
  6.13801585e+00 -9.83542068e-01  3.26769446e+00  2.47657250e+00
  5.69040986e-02  1.77584152e+00  2.73577715e+00 -8.77149378e-01
  1.39100423e-01  3.84707265e+00  6.70307759e+00  3.30769648e+00
 -2.63226834e+00 -1.88844385e+00 -3.19539285e+00 -2.42098444e+00
 -3.31813171e+00 -1.48796980e+00  9.09516161e-01 -1.00781790e+00
 -5.34908043e+00 -8.97316424e-01 -9.00688616e-01  2.01754262e+00
  9.39103596e-01  1.00619107e-01 -1.96286743e-01  6.70701135e-01
  5.03036359e-02 -3.72847272e-01  1.34414844e+00 -2.00735978e+00
 -7.31020733e-01 -3.50485776e+00  1.12015817e+00 -5.78284867e-01
  2.79763991e+00 -1.20908397e+00  2.75874314e+00  1.00961442e+00
  1.46842983e+00 -8.36909521e-01 -1.25853025e+00  1.83081233e+00
 -3.23619406e-01  2.54377266e-01 -5.01800569e-01 -2.41483438e+00
  3.10878076e-01  6.63054081e-01 -1.75642520e+00  1.43934120e+00
 -6.20187112e-01 -7.88268841e-01 -1.65132989e+00  5.43185291e-01
  1.25234137e+00 -1.75652217e+00  1.02206097e+00 -1.12601832e-01
  4.98707202e+00  9.16320574e-01 -5.87101538e-01 -1.32128115e+00
  6.61074904e-01 -8.67202743e-01 -5.68621480e-01  3.40538710e-01
 -4.97085133e-01  3.88147627e-01 -9.02268692e-01  5.01395464e-01
  2.05685602e+00  4.59345253e-01 -2.12865569e+00  2.18094942e+00
 -3.38925348e-01  8.77307336e-01  6.17652847e-02 -4.61794855e+00
 -8.84495987e-01  4.01709844e-01 -7.19271243e-01  2.78118356e-01
 -5.04068835e-01  8.31352192e-01  5.59299477e-01  3.61692727e-01
  2.04034284e+00 -3.94704935e+00 -1.47803849e+00  3.55339686e-01
 -1.70159131e+00  3.07494219e-01 -1.75813371e+00  3.12809212e+00
  1.03708149e+00  2.61034107e-01 -4.88417799e-01 -3.47871952e-01
  4.41171067e-01 -3.10053119e-01 -4.84305288e-01  1.79587629e+00
 -1.21527025e+00  9.97602757e-01  2.88525690e-01 -8.77547051e-01
  7.22459527e-01  5.24631916e-01 -4.72555504e-01  4.39179632e-01
 -2.40421535e-01  3.15563692e-01 -3.45371825e-01  8.37919551e-01
  2.70613965e-01 -6.69180406e-01 -2.57367608e-01  8.18588134e-01
 -1.03894218e-01  7.12414548e-01  3.00829032e-01 -3.65312883e-01
  1.44722584e-02  2.10755404e-01 -2.36944726e-01 -3.68397190e-01
 -4.66363325e-01 -3.03175966e-01  1.34497431e-01  1.17346268e-01
 -1.93676304e-01  1.26999475e-01  1.75768765e-01 -2.40765663e-01
 -2.22988679e-01  3.36777736e-01 -4.32070600e-01 -2.49297694e-01
 -5.20674922e-01  3.22816649e-01 -2.59816145e-01  1.52407346e-01
 -2.21095711e-01  2.83221987e-01 -4.51706373e-01  3.95525833e-01
 -1.41250968e-01  4.82229297e-01 -2.96556939e-01  2.16854058e-01
  1.58465363e-01  2.59440952e-01  5.28154904e-01  3.09091372e-01
  4.08839622e-01 -4.32538868e-01  2.05718489e-01 -1.42180851e-01
 -2.40406082e-01  1.70073931e-01  2.74647833e-01 -2.48386748e-01
  1.46827078e-01 -3.89402287e-01 -4.04141305e-01  2.85611933e-01
  2.89473782e-01 -2.07313191e-01 -2.08934904e-01  6.08598186e-01
 -4.04633494e-01  2.17959889e-01 -2.76620582e-01  2.40540258e-01
  1.72172485e-01 -2.17264949e-01  7.84462607e-01 -3.89936411e-01
 -5.20687111e-01  2.30276485e-01 -2.38881239e-01 -1.09298758e-01
  8.88688495e-02 -6.41085580e-01  2.81365094e-01  6.71339873e-01
  1.31105444e-01  3.14033816e-01  8.03829394e-01  5.06427629e-01
 -4.65435105e-01 -1.99824500e-01 -5.20035500e-01 -3.07734993e-01
 -1.27771236e-01  1.18230833e-01 -1.45814580e-01  2.06379323e-01
 -4.28603028e-01  3.55078608e-01 -1.54439297e-01  2.81986833e-01
  1.73179278e-01  7.21829126e-02 -1.73364247e-01  2.64001876e-01
 -4.32943092e-01 -2.45218826e-01  2.30246659e-01 -2.56276082e-01
  3.02376694e-01  2.13512552e-01  1.98599798e-01 -1.58938259e-01
 -3.78300482e-01  3.50245138e-01 -1.42640904e-01  2.57799343e-01
  2.51272363e-01  2.71085028e-01 -2.21414784e-01  9.07483950e-02
  1.54852387e-01 -1.86496708e-01  2.16950642e-01  1.59939124e-01
 -1.30823847e-01  2.23597154e-01  8.93462711e-02  2.55014082e-01
 -1.85028637e-01 -2.54803761e-01  1.44421798e-01  1.44563024e-01
 -9.11846060e-02 -1.02330143e-01 -3.24746618e-01  1.80836994e-01
  2.28054055e-01 -5.72231684e-01 -4.67725490e-01 -1.32882681e-01
  2.34790946e-01 -1.18648372e-01  3.43206615e-01 -1.84711174e-01
  1.54554820e-01  9.98460952e-02  1.77493835e-01 -1.66532120e-01
 -1.63076793e-01  6.81775827e-01 -3.49739235e-01  3.14360931e-01
 -1.58002792e-01  1.28831771e-01 -1.64001093e-01  1.82634978e-01
  1.46025465e-01 -1.60339856e-01  1.93714054e-01 -1.64854437e-01
 -1.36526970e-01  1.59240226e-01 -2.94270307e-01  5.46110123e-01
 -1.38171362e-01  4.53616327e-01  7.36014567e-01  2.03214325e-01
 -1.40650823e-01 -4.47325203e-01  1.79518881e-01  3.44628646e-01
  4.04019838e-02 -4.69925452e-01 -1.40439182e-01  1.51150283e-01
 -5.03267030e-01  3.83747836e-01 -3.45109301e-01  2.23503044e-01
 -3.76005522e-01  5.35715800e-01  1.35503046e-01  5.66015726e-01
 -3.33210031e-01 -3.78761811e-01  1.06484177e-01 -1.07007159e-01
  1.67291958e-01  1.68559259e-01 -2.49990981e-01 -1.27552682e-01
  1.48542851e-01 -3.93720682e-01  2.25267542e-01  2.41100175e-01
 -3.37433354e-01  1.76019580e-01 -2.51786712e-01  2.35460179e-01
 -4.88222708e-01  1.80255352e-01 -2.25826351e-01  1.05411053e-01
  2.99011356e-01 -2.24894543e-01  7.16575189e-02  9.79005115e-02
 -1.04088305e-01  7.50262227e-02 -1.03118105e-01 -1.70021809e-01
  4.47159190e-01  1.98058595e-01 -2.25457986e-01  2.29547997e-01
  6.81232573e-01 -5.26735664e-01  5.97443669e-02 -2.07885823e-01
  1.74260407e-01 -1.96634504e-01  1.29096377e-01  5.93033106e-01
 -2.41358501e-01  3.13915161e-01 -1.68815834e-01  1.03041093e-01
 -3.13940987e-01  2.81761342e-01 -1.75504782e-01  6.64831266e-02
 -2.14830529e-01  2.97497994e-01 -2.29731486e-01 -6.12231530e-02
 -7.91054827e-02 -7.43314815e-02  1.06796403e-01 -1.29770987e-01
  4.88062510e-01  1.46229495e-01 -1.02236431e-01  1.63506814e-01
 -1.92141529e-01 -1.36236674e-01 -1.36592381e-01 -2.33903744e-01
 -2.13703767e-01  1.37226082e-01  4.22115539e-01 -3.42004525e-01
 -1.12877719e-01  1.45958393e-01  1.10764456e-01 -1.44273984e-01
  8.27756918e-02  1.65420032e-01 -1.79185404e-01  1.00446756e-01
 -4.37174382e-02 -1.23719666e-01  1.03039212e-01  1.36455033e-01
  2.20528033e-01 -3.71610313e-01  4.03826624e-01 -2.77860753e-01
  1.95954019e-01 -1.46897537e-01  1.18717351e-01 -1.04368627e-01
  2.10714786e-01 -2.10182356e-01 -1.35640796e-01 -7.23641648e-02
  1.40271500e-01 -1.74087233e-01  1.72732125e-01  1.14019213e-01
  8.40392637e-02 -1.36092456e-01 -1.38972539e-01  1.73519349e-01
 -1.31495205e-01  1.66239878e-01  1.33585193e-01 -9.78632436e-02
  3.88264747e-01 -1.49326918e-01 -3.47074610e-01 -6.78424072e-02
  1.44544272e-01  1.50168578e-01 -1.41076314e-01  3.27108052e-02
 -1.12601908e-01  6.96938746e-01  3.33950195e-01 -2.56034417e-01
 -5.44208152e-01  2.34453132e-01  1.57704641e-01 -1.96666352e-01
 -1.75963408e-01  1.72785037e-01  5.47165923e-02 -6.62127868e-02
  9.79906762e-02  1.17119573e-01  9.80331214e-02 -7.49963240e-02
  6.38268706e-02  7.28570421e-02  7.37963951e-02 -1.04602861e-01
 -6.90457337e-02 -1.54696089e-01  1.29203717e-01 -1.50041351e-01
  1.54210719e-01 -9.97977894e-02  9.64311534e-02 -4.56372541e-01
 -9.37103805e-02  7.76273782e-02  5.65145221e-01 -4.15963535e-01
  1.84124963e-01  3.79643587e-01 -2.51820974e-01  1.19436779e-01
  1.54871546e-01 -1.23546800e-01  1.18697948e-01 -9.13014591e-02
  7.79571518e-02  1.16129844e-01 -5.91104789e-02 -3.22166213e-01
  1.30828958e-01 -3.06190481e-01  3.85778071e-01 -1.73376234e-01
 -2.64583750e-01  5.74028360e-01 -3.64774188e-01  1.40196615e-01
 -2.95144547e-01 -7.50848444e-02  3.16944772e-01  1.59990723e-01
  1.15615321e-01  2.73259998e-01 -1.05833575e-01  7.86760557e-02
 -2.50278270e-01  2.41118799e-01 -1.78566589e-01  2.96686467e-01
  1.61198384e-01  1.61165753e-01 -2.03259667e-01 -2.88086890e-01
  1.73413546e-01  5.53900367e-01  8.86418147e-02 -8.72882241e-02
  2.63604207e-01  6.29528806e-02 -7.16883142e-02  1.83242593e-01
 -7.49989591e-02  6.14140734e-02  1.43163352e-01  1.02114573e-01
 -2.44899249e-01 -1.79225705e-01 -3.80281836e-01 -6.71232570e-02
 -1.01022609e-01 -9.80979761e-02  3.78169832e-01  2.18090059e-01
  8.96761718e-02 -7.08320470e-02 -2.85286825e-01  6.27359715e-02
 -8.02638848e-02  4.10838495e-01  6.24719855e-01 -2.11793808e-01
 -4.57645772e-01  1.01401289e-01 -1.28276105e-01  9.55060328e-02
 -4.10273964e-01  3.14133959e-01  1.38381981e-01 -7.44482269e-02
 -1.72247863e-01 -7.09041758e-02 -1.77676219e-01  8.46236911e-02
  8.84352321e-02 -4.01163538e-01  1.09576896e-01 -7.82961415e-02
 -1.48105649e-01  2.25201173e-01 -2.48687243e-01 -2.93489521e-01
  1.29760169e-01 -6.73242597e-02  5.59134412e-02  7.46781597e-02
  8.42962103e-02  1.05722013e-01 -1.60887779e-01  1.77256797e-01
 -1.65169860e-01  1.36250051e-01 -2.49454582e-01 -7.14242753e-02
  7.29111075e-02  1.52389481e-01 -1.80827899e-01 -4.08558258e-01
  9.54547414e-02 -1.53449766e-01 -8.05250782e-02 -1.58946580e-01
 -9.40302993e-02  6.92119562e-02 -5.99289635e-02 -2.39728663e-01
  2.79691191e-01  2.23148590e-01  1.22140061e-01 -2.15829437e-01
  2.39345318e-01  2.72812062e-01  1.00968650e-01 -1.70524796e-01
 -5.85102224e-02  2.09548631e-01 -2.62513911e-01  2.86276618e-01
 -1.52103883e-01 -9.66162394e-02 -5.51757381e-02 -1.32124250e-01
  2.02523613e-01 -2.08847229e-01  4.12881356e-01  2.04336757e-01
 -1.64939811e-01  8.14967857e-02 -6.58762400e-02  1.46812426e-01
 -4.08654809e-01  4.03236579e-01 -2.49580820e-01  2.36521652e-01
 -1.08528223e-01 -1.33574251e-01  1.48593305e-01 -6.44076900e-02
 -7.81427222e-02  6.59328632e-02  1.17492088e-01  1.78322593e-01
 -8.59817311e-02  2.43688606e-01 -3.61860418e-01 -1.65354153e-01
  3.55228967e-01  3.33889439e-01  1.75189677e-01 -9.35668230e-02
 -9.01949944e-02  6.28617668e-02  1.27740854e-01  4.67134195e-01
 -1.35995632e-01 -3.60583090e-01  1.48233649e-01  1.38598665e-01
  1.26612403e-01 -5.36603168e-02 -1.44645297e-01  1.18013579e-01
 -6.81765260e-02 -1.26907141e-01  7.14405259e-02 -1.20025072e-01
 -1.38554530e-01 -5.68487920e-02 -1.37556893e-01 -6.28394011e-02
  1.17028988e-01  4.84804989e-02 -3.89569277e-01  3.92144674e-01
  2.52928652e-01 -1.13168782e-01 -1.89720985e-01  1.25155693e-01
 -2.15868230e-01  2.48139824e-01 -1.61506676e-01  1.33145263e-01
  9.09901064e-02 -1.16814266e-01  1.45017804e-01]
[[6.05528741e-001 3.39603034e-001 3.12032084e-001 ... 6.76566795e-022
  9.84606455e-119 6.14048517e-102]
 [5.81462763e-001 3.48021626e-001 2.97653384e-001 ... 1.07325521e-024
  5.19682519e-116 3.24099318e-099]
 [5.76258175e-001 3.49588381e-001 2.94584522e-001 ... 2.42883278e-025
  1.64108918e-115 1.02346310e-098]
 ...
 [5.70837657e-001 4.53686594e-001 8.13957913e-001 ... 3.39870506e-103
  1.01353364e-076 1.62418210e-070]
 [6.14008391e-001 4.52933932e-001 8.03021021e-001 ... 8.03378905e-091
  6.62581708e-077 1.06178356e-070]
 [6.54514553e-001 4.48122839e-001 7.85118460e-001 ... 1.88735960e-079
  4.30494897e-078 6.89865713e-072]]
[ 1.52541901e+01  1.18302996e+01  4.57747857e+00 -3.90892195e+00
  2.23695402e+01  3.42532262e+01  2.19039804e+00 -3.66121179e+01
  1.09485601e+01 -2.57617725e+01 -8.17438604e+00 -3.79647684e+01
 -4.26180823e+00  2.39245017e+01  2.38231869e+01 -3.28749213e+01
  1.43856149e+01 -4.27221629e+00 -1.48586572e+01  1.34946684e+01
  6.13801585e+00 -9.83542068e-01  3.26769446e+00  2.47657250e+00
  5.69040986e-02  1.77584152e+00  2.73577715e+00 -8.77149378e-01
  1.39100423e-01  3.84707265e+00  6.70307759e+00  3.30769648e+00
 -2.63226834e+00 -1.88844385e+00 -3.19539285e+00 -2.42098444e+00
 -3.31813171e+00 -1.48796980e+00  9.09516161e-01 -1.00781790e+00
 -5.34908043e+00 -8.97316424e-01 -9.00688616e-01  2.01754262e+00
  9.39103596e-01  1.00619107e-01 -1.96286743e-01  6.70701135e-01
  5.03036359e-02 -3.72847272e-01  1.34414844e+00 -2.00735978e+00
 -7.31020733e-01 -3.50485776e+00  1.12015817e+00 -5.78284867e-01
  2.79763991e+00 -1.20908397e+00  2.75874314e+00  1.00961442e+00
  1.46842983e+00 -8.36909521e-01 -1.25853025e+00  1.83081233e+00
 -3.23619406e-01  2.54377266e-01 -5.01800569e-01 -2.41483438e+00
  3.10878076e-01  6.63054081e-01 -1.75642520e+00  1.43934120e+00
 -6.20187112e-01 -7.88268841e-01 -1.65132989e+00  5.43185291e-01
  1.25234137e+00 -1.75652217e+00  1.02206097e+00 -1.12601832e-01
  4.98707202e+00  9.16320574e-01 -5.87101538e-01 -1.32128115e+00
  6.61074904e-01 -8.67202743e-01 -5.68621480e-01  3.40538710e-01
 -4.97085133e-01  3.88147627e-01 -9.02268692e-01  5.01395464e-01
  2.05685602e+00  4.59345253e-01 -2.12865569e+00  2.18094942e+00
 -3.38925348e-01  8.77307336e-01  6.17652847e-02 -4.61794855e+00
 -8.84495987e-01  4.01709844e-01 -7.19271243e-01  2.78118356e-01
 -5.04068835e-01  8.31352192e-01  5.59299477e-01  3.61692727e-01
  2.04034284e+00 -3.94704935e+00 -1.47803849e+00  3.55339686e-01
 -1.70159131e+00  3.07494219e-01 -1.75813371e+00  3.12809212e+00
  1.03708149e+00  2.61034107e-01 -4.88417799e-01 -3.47871952e-01
  4.41171067e-01 -3.10053119e-01 -4.84305288e-01  1.79587629e+00
 -1.21527025e+00  9.97602757e-01  2.88525690e-01 -8.77547051e-01
  7.22459527e-01  5.24631916e-01 -4.72555504e-01  4.39179632e-01
 -2.40421535e-01  3.15563692e-01 -3.45371825e-01  8.37919551e-01
  2.70613965e-01 -6.69180406e-01 -2.57367608e-01  8.18588134e-01
 -1.03894218e-01  7.12414548e-01  3.00829032e-01 -3.65312883e-01
  1.44722584e-02  2.10755404e-01 -2.36944726e-01 -3.68397190e-01
 -4.66363325e-01 -3.03175966e-01  1.34497431e-01  1.17346268e-01
 -1.93676304e-01  1.26999475e-01  1.75768765e-01 -2.40765663e-01
 -2.22988679e-01  3.36777736e-01 -4.32070600e-01 -2.49297694e-01
 -5.20674922e-01  3.22816649e-01 -2.59816145e-01  1.52407346e-01
 -2.21095711e-01  2.83221987e-01 -4.51706373e-01  3.95525833e-01
 -1.41250968e-01  4.82229297e-01 -2.96556939e-01  2.16854058e-01
  1.58465363e-01  2.59440952e-01  5.28154904e-01  3.09091372e-01
  4.08839622e-01 -4.32538868e-01  2.05718489e-01 -1.42180851e-01
 -2.40406082e-01  1.70073931e-01  2.74647833e-01 -2.48386748e-01
  1.46827078e-01 -3.89402287e-01 -4.04141305e-01  2.85611933e-01
  2.89473782e-01 -2.07313191e-01 -2.08934904e-01  6.08598186e-01
 -4.04633494e-01  2.17959889e-01 -2.76620582e-01  2.40540258e-01
  1.72172485e-01 -2.17264949e-01  7.84462607e-01 -3.89936411e-01
 -5.20687111e-01  2.30276485e-01 -2.38881239e-01 -1.09298758e-01
  8.88688495e-02 -6.41085580e-01  2.81365094e-01  6.71339873e-01
  1.31105444e-01  3.14033816e-01  8.03829394e-01  5.06427629e-01
 -4.65435105e-01 -1.99824500e-01 -5.20035500e-01 -3.07734993e-01
 -1.27771236e-01  1.18230833e-01 -1.45814580e-01  2.06379323e-01
 -4.28603028e-01  3.55078608e-01 -1.54439297e-01  2.81986833e-01
  1.73179278e-01  7.21829126e-02 -1.73364247e-01  2.64001876e-01
 -4.32943092e-01 -2.45218826e-01  2.30246659e-01 -2.56276082e-01
  3.02376694e-01  2.13512552e-01  1.98599798e-01 -1.58938259e-01
 -3.78300482e-01  3.50245138e-01 -1.42640904e-01  2.57799343e-01
  2.51272363e-01  2.71085028e-01 -2.21414784e-01  9.07483950e-02
  1.54852387e-01 -1.86496708e-01  2.16950642e-01  1.59939124e-01
 -1.30823847e-01  2.23597154e-01  8.93462711e-02  2.55014082e-01
 -1.85028637e-01 -2.54803761e-01  1.44421798e-01  1.44563024e-01
 -9.11846060e-02 -1.02330143e-01 -3.24746618e-01  1.80836994e-01
  2.28054055e-01 -5.72231684e-01 -4.67725490e-01 -1.32882681e-01
  2.34790946e-01 -1.18648372e-01  3.43206615e-01 -1.84711174e-01
  1.54554820e-01  9.98460952e-02  1.77493835e-01 -1.66532120e-01
 -1.63076793e-01  6.81775827e-01 -3.49739235e-01  3.14360931e-01
 -1.58002792e-01  1.28831771e-01 -1.64001093e-01  1.82634978e-01
  1.46025465e-01 -1.60339856e-01  1.93714054e-01 -1.64854437e-01
 -1.36526970e-01  1.59240226e-01 -2.94270307e-01  5.46110123e-01
 -1.38171362e-01  4.53616327e-01  7.36014567e-01  2.03214325e-01
 -1.40650823e-01 -4.47325203e-01  1.79518881e-01  3.44628646e-01
  4.04019838e-02 -4.69925452e-01 -1.40439182e-01  1.51150283e-01
 -5.03267030e-01  3.83747836e-01 -3.45109301e-01  2.23503044e-01
 -3.76005522e-01  5.35715800e-01  1.35503046e-01  5.66015726e-01
 -3.33210031e-01 -3.78761811e-01  1.06484177e-01 -1.07007159e-01
  1.67291958e-01  1.68559259e-01 -2.49990981e-01 -1.27552682e-01
  1.48542851e-01 -3.93720682e-01  2.25267542e-01  2.41100175e-01
 -3.37433354e-01  1.76019580e-01 -2.51786712e-01  2.35460179e-01
 -4.88222708e-01  1.80255352e-01 -2.25826351e-01  1.05411053e-01
  2.99011356e-01 -2.24894543e-01  7.16575189e-02  9.79005115e-02
 -1.04088305e-01  7.50262227e-02 -1.03118105e-01 -1.70021809e-01
  4.47159190e-01  1.98058595e-01 -2.25457986e-01  2.29547997e-01
  6.81232573e-01 -5.26735664e-01  5.97443669e-02 -2.07885823e-01
  1.74260407e-01 -1.96634504e-01  1.29096377e-01  5.93033106e-01
 -2.41358501e-01  3.13915161e-01 -1.68815834e-01  1.03041093e-01
 -3.13940987e-01  2.81761342e-01 -1.75504782e-01  6.64831266e-02
 -2.14830529e-01  2.97497994e-01 -2.29731486e-01 -6.12231530e-02
 -7.91054827e-02 -7.43314815e-02  1.06796403e-01 -1.29770987e-01
  4.88062510e-01  1.46229495e-01 -1.02236431e-01  1.63506814e-01
 -1.92141529e-01 -1.36236674e-01 -1.36592381e-01 -2.33903744e-01
 -2.13703767e-01  1.37226082e-01  4.22115539e-01 -3.42004525e-01
 -1.12877719e-01  1.45958393e-01  1.10764456e-01 -1.44273984e-01
  8.27756918e-02  1.65420032e-01 -1.79185404e-01  1.00446756e-01
 -4.37174382e-02 -1.23719666e-01  1.03039212e-01  1.36455033e-01
  2.20528033e-01 -3.71610313e-01  4.03826624e-01 -2.77860753e-01
  1.95954019e-01 -1.46897537e-01  1.18717351e-01 -1.04368627e-01
  2.10714786e-01 -2.10182356e-01 -1.35640796e-01 -7.23641648e-02
  1.40271500e-01 -1.74087233e-01  1.72732125e-01  1.14019213e-01
  8.40392637e-02 -1.36092456e-01 -1.38972539e-01  1.73519349e-01
 -1.31495205e-01  1.66239878e-01  1.33585193e-01 -9.78632436e-02
  3.88264747e-01 -1.49326918e-01 -3.47074610e-01 -6.78424072e-02
  1.44544272e-01  1.50168578e-01 -1.41076314e-01  3.27108052e-02
 -1.12601908e-01  6.96938746e-01  3.33950195e-01 -2.56034417e-01
 -5.44208152e-01  2.34453132e-01  1.57704641e-01 -1.96666352e-01
 -1.75963408e-01  1.72785037e-01  5.47165923e-02 -6.62127868e-02
  9.79906762e-02  1.17119573e-01  9.80331214e-02 -7.49963240e-02
  6.38268706e-02  7.28570421e-02  7.37963951e-02 -1.04602861e-01
 -6.90457337e-02 -1.54696089e-01  1.29203717e-01 -1.50041351e-01
  1.54210719e-01 -9.97977894e-02  9.64311534e-02 -4.56372541e-01
 -9.37103805e-02  7.76273782e-02  5.65145221e-01 -4.15963535e-01
  1.84124963e-01  3.79643587e-01 -2.51820974e-01  1.19436779e-01
  1.54871546e-01 -1.23546800e-01  1.18697948e-01 -9.13014591e-02
  7.79571518e-02  1.16129844e-01 -5.91104789e-02 -3.22166213e-01
  1.30828958e-01 -3.06190481e-01  3.85778071e-01 -1.73376234e-01
 -2.64583750e-01  5.74028360e-01 -3.64774188e-01  1.40196615e-01
 -2.95144547e-01 -7.50848444e-02  3.16944772e-01  1.59990723e-01
  1.15615321e-01  2.73259998e-01 -1.05833575e-01  7.86760557e-02
 -2.50278270e-01  2.41118799e-01 -1.78566589e-01  2.96686467e-01
  1.61198384e-01  1.61165753e-01 -2.03259667e-01 -2.88086890e-01
  1.73413546e-01  5.53900367e-01  8.86418147e-02 -8.72882241e-02
  2.63604207e-01  6.29528806e-02 -7.16883142e-02  1.83242593e-01
 -7.49989591e-02  6.14140734e-02  1.43163352e-01  1.02114573e-01
 -2.44899249e-01 -1.79225705e-01 -3.80281836e-01 -6.71232570e-02
 -1.01022609e-01 -9.80979761e-02  3.78169832e-01  2.18090059e-01
  8.96761718e-02 -7.08320470e-02 -2.85286825e-01  6.27359715e-02
 -8.02638848e-02  4.10838495e-01  6.24719855e-01 -2.11793808e-01
 -4.57645772e-01  1.01401289e-01 -1.28276105e-01  9.55060328e-02
 -4.10273964e-01  3.14133959e-01  1.38381981e-01 -7.44482269e-02
 -1.72247863e-01 -7.09041758e-02 -1.77676219e-01  8.46236911e-02
  8.84352321e-02 -4.01163538e-01  1.09576896e-01 -7.82961415e-02
 -1.48105649e-01  2.25201173e-01 -2.48687243e-01 -2.93489521e-01
  1.29760169e-01 -6.73242597e-02  5.59134412e-02  7.46781597e-02
  8.42962103e-02  1.05722013e-01 -1.60887779e-01  1.77256797e-01
 -1.65169860e-01  1.36250051e-01 -2.49454582e-01 -7.14242753e-02
  7.29111075e-02  1.52389481e-01 -1.80827899e-01 -4.08558258e-01
  9.54547414e-02 -1.53449766e-01 -8.05250782e-02 -1.58946580e-01
 -9.40302993e-02  6.92119562e-02 -5.99289635e-02 -2.39728663e-01
  2.79691191e-01  2.23148590e-01  1.22140061e-01 -2.15829437e-01
  2.39345318e-01  2.72812062e-01  1.00968650e-01 -1.70524796e-01
 -5.85102224e-02  2.09548631e-01 -2.62513911e-01  2.86276618e-01
 -1.52103883e-01 -9.66162394e-02 -5.51757381e-02 -1.32124250e-01
  2.02523613e-01 -2.08847229e-01  4.12881356e-01  2.04336757e-01
 -1.64939811e-01  8.14967857e-02 -6.58762400e-02  1.46812426e-01
 -4.08654809e-01  4.03236579e-01 -2.49580820e-01  2.36521652e-01
 -1.08528223e-01 -1.33574251e-01  1.48593305e-01 -6.44076900e-02
 -7.81427222e-02  6.59328632e-02  1.17492088e-01  1.78322593e-01
 -8.59817311e-02  2.43688606e-01 -3.61860418e-01 -1.65354153e-01
  3.55228967e-01  3.33889439e-01  1.75189677e-01 -9.35668230e-02
 -9.01949944e-02  6.28617668e-02  1.27740854e-01  4.67134195e-01
 -1.35995632e-01 -3.60583090e-01  1.48233649e-01  1.38598665e-01
  1.26612403e-01 -5.36603168e-02 -1.44645297e-01  1.18013579e-01
 -6.81765260e-02 -1.26907141e-01  7.14405259e-02 -1.20025072e-01
 -1.38554530e-01 -5.68487920e-02 -1.37556893e-01 -6.28394011e-02
  1.17028988e-01  4.84804989e-02 -3.89569277e-01  3.92144674e-01
  2.52928652e-01 -1.13168782e-01 -1.89720985e-01  1.25155693e-01
 -2.15868230e-01  2.48139824e-01 -1.61506676e-01  1.33145263e-01
  9.09901064e-02 -1.16814266e-01  1.45017804e-01  3.11129893e-01
  3.22834832e-01 -2.24922294e-01 -2.35488609e-01  2.65207813e-01
  3.56775327e-01 -2.64580930e-01  1.28724516e-01  1.99561504e-01
 -2.44897748e-01  2.61058684e-01 -1.08729068e-01 -2.44624351e-01
 -1.91546378e-01  3.23897890e-01  2.74484624e-01 -1.54750129e-01
  4.92318135e-01 -2.10697483e-01  3.22789222e-01  3.30117974e-01
 -2.23996140e-01  8.85726730e-02 -2.36630034e-01  2.69139899e-01
  9.91695585e-02 -2.02982832e-01  2.40219862e-01  9.10529968e-02
  8.75782091e-02  1.78088600e-01  2.14175601e-01 -1.24583133e-01
  1.51715886e-01  1.74184636e-01  1.77686166e-01 -1.01424308e-01
 -2.29265543e-01  2.32652512e-01 -1.76834620e-01  3.11291041e-01
 -2.49241428e-01  2.85772365e-01  1.50454038e-01 -2.27519137e-01
 -1.32169908e-01  1.86185024e-01  2.94027588e-01 -2.22362424e-01
  2.81569758e-01  7.03374886e-02 -1.64610736e-01 -1.33943217e-01
 -2.77824333e-01 -3.38461721e-01  1.16089748e-01 -1.39248038e-01
  2.36719977e-01 -2.04515214e-01  2.25907530e-01 -2.20351457e-01
  2.46881683e-01  8.75785007e-02  1.00781363e-01  3.63463710e-01
 -2.74222418e-01  1.46237870e-01 -8.07882260e-02 -2.10554684e-01
  1.03457462e-01 -1.69476691e-01 -1.62974815e-01 -6.49687223e-02
 -1.61765450e-01  1.52523852e-01 -1.04506353e-01  1.63439452e-01
 -1.37016811e-01  1.55984846e-01  8.68521105e-02  2.14942453e-01
  6.84742199e-02 -1.44584878e-01  2.66227697e-01 -1.96390743e-01
 -2.00459679e-01  3.16917321e-01 -2.26473229e-01  1.20549319e-01
  1.52776273e-01  1.52581206e-01 -1.62385235e-01  1.50131858e-01
 -1.55393334e-01 -2.16953634e-01  2.58543887e-01  9.81509602e-02
  2.73200764e-01  9.07878598e-02 -5.98967477e-02  1.47305317e-01
  6.03249725e-02 -1.48951721e-01  5.95751660e-02 -6.95556726e-02
  4.13495017e-01  5.66581545e-02  1.42822449e-01 -1.54281697e-01
  9.14992885e-02  5.65047041e-02 -2.26737756e-01  2.48569043e-01
  1.28924862e-01 -1.87251802e-01  1.06393275e-01  8.72467279e-02
 -2.44874549e-01 -2.81388955e-01  1.12955517e-01 -1.37547603e-01
  1.56424706e-01  8.14960101e-02 -1.41562637e-01  1.36081327e-01
  1.38900982e-01  2.39421176e-01 -1.52706526e-01  2.59194950e-01
 -1.10942184e-01 -1.93514085e-01  1.01432999e-01  5.36480237e-02
 -5.43879537e-02  7.76262245e-02 -1.47107882e-01  8.39274041e-02
  1.66097653e-01 -5.60233197e-02  8.32979605e-02  5.86404754e-02
 -1.33661269e-01 -1.67877346e-01  2.07872311e-01  5.29194831e-02
 -5.37630889e-02  1.38435964e-01 -1.49304163e-01 -1.06893303e-01
 -1.51538629e-01  1.45776448e-01 -1.21636554e-01  2.29817247e-01
 -5.20487173e-02  1.48183562e-01  9.62044280e-02 -1.28170782e-01
 -1.28857172e-01 -1.35569985e-01  5.54198670e-02  5.20546883e-02
  1.29472006e-01  1.54771164e-01 -1.26369462e-01 -1.15080283e-01
  2.15153880e-01  9.58018991e-02  1.41432101e-01  1.41144198e-01]
[[6.05528741e-001 3.39603034e-001 3.12032084e-001 ... 1.53317982e-047
  2.91851007e-055 2.63423358e-032]
 [5.81462763e-001 3.48021626e-001 2.97653384e-001 ... 6.42092734e-055
  1.06784693e-063 7.33774082e-027]
 [5.76258175e-001 3.49588381e-001 2.94584522e-001 ... 1.40687341e-056
  1.41160159e-065 7.31714476e-026]
 ...
 [5.70837657e-001 4.53686594e-001 8.13957913e-001 ... 9.55529811e-185
  1.42876217e-171 1.37267800e-274]
 [6.14008391e-001 4.52933932e-001 8.03021021e-001 ... 2.91252034e-160
  4.17632835e-148 1.94843046e-250]
 [6.54514553e-001 4.48122839e-001 7.85118460e-001 ... 8.76896357e-138
  1.20582394e-126 2.73184290e-228]]
[ 1.52541901e+01  1.18302996e+01  4.57747857e+00 -3.90892195e+00
  2.23695402e+01  3.42532262e+01  2.19039804e+00 -3.66121179e+01
  1.09485601e+01 -2.57617725e+01 -8.17438604e+00 -3.79647684e+01
 -4.26180823e+00  2.39245017e+01  2.38231869e+01 -3.28749213e+01
  1.43856149e+01 -4.27221629e+00 -1.48586572e+01  1.34946684e+01
  6.13801585e+00 -9.83542068e-01  3.26769446e+00  2.47657250e+00
  5.69040986e-02  1.77584152e+00  2.73577715e+00 -8.77149378e-01
  1.39100423e-01  3.84707265e+00  6.70307759e+00  3.30769648e+00
 -2.63226834e+00 -1.88844385e+00 -3.19539285e+00 -2.42098444e+00
 -3.31813171e+00 -1.48796980e+00  9.09516161e-01 -1.00781790e+00
 -5.34908043e+00 -8.97316424e-01 -9.00688616e-01  2.01754262e+00
  9.39103596e-01  1.00619107e-01 -1.96286743e-01  6.70701135e-01
  5.03036359e-02 -3.72847272e-01  1.34414844e+00 -2.00735978e+00
 -7.31020733e-01 -3.50485776e+00  1.12015817e+00 -5.78284867e-01
  2.79763991e+00 -1.20908397e+00  2.75874314e+00  1.00961442e+00
  1.46842983e+00 -8.36909521e-01 -1.25853025e+00  1.83081233e+00
 -3.23619406e-01  2.54377266e-01 -5.01800569e-01 -2.41483438e+00
  3.10878076e-01  6.63054081e-01 -1.75642520e+00  1.43934120e+00
 -6.20187112e-01 -7.88268841e-01 -1.65132989e+00  5.43185291e-01
  1.25234137e+00 -1.75652217e+00  1.02206097e+00 -1.12601832e-01
  4.98707202e+00  9.16320574e-01 -5.87101538e-01 -1.32128115e+00
  6.61074904e-01 -8.67202743e-01 -5.68621480e-01  3.40538710e-01
 -4.97085133e-01  3.88147627e-01 -9.02268692e-01  5.01395464e-01
  2.05685602e+00  4.59345253e-01 -2.12865569e+00  2.18094942e+00
 -3.38925348e-01  8.77307336e-01  6.17652847e-02 -4.61794855e+00
 -8.84495987e-01  4.01709844e-01 -7.19271243e-01  2.78118356e-01
 -5.04068835e-01  8.31352192e-01  5.59299477e-01  3.61692727e-01
  2.04034284e+00 -3.94704935e+00 -1.47803849e+00  3.55339686e-01
 -1.70159131e+00  3.07494219e-01 -1.75813371e+00  3.12809212e+00
  1.03708149e+00  2.61034107e-01 -4.88417799e-01 -3.47871952e-01
  4.41171067e-01 -3.10053119e-01 -4.84305288e-01  1.79587629e+00
 -1.21527025e+00  9.97602757e-01  2.88525690e-01 -8.77547051e-01
  7.22459527e-01  5.24631916e-01 -4.72555504e-01  4.39179632e-01
 -2.40421535e-01  3.15563692e-01 -3.45371825e-01  8.37919551e-01
  2.70613965e-01 -6.69180406e-01 -2.57367608e-01  8.18588134e-01
 -1.03894218e-01  7.12414548e-01  3.00829032e-01 -3.65312883e-01
  1.44722584e-02  2.10755404e-01 -2.36944726e-01 -3.68397190e-01
 -4.66363325e-01 -3.03175966e-01  1.34497431e-01  1.17346268e-01
 -1.93676304e-01  1.26999475e-01  1.75768765e-01 -2.40765663e-01
 -2.22988679e-01  3.36777736e-01 -4.32070600e-01 -2.49297694e-01
 -5.20674922e-01  3.22816649e-01 -2.59816145e-01  1.52407346e-01
 -2.21095711e-01  2.83221987e-01 -4.51706373e-01  3.95525833e-01
 -1.41250968e-01  4.82229297e-01 -2.96556939e-01  2.16854058e-01
  1.58465363e-01  2.59440952e-01  5.28154904e-01  3.09091372e-01
  4.08839622e-01 -4.32538868e-01  2.05718489e-01 -1.42180851e-01
 -2.40406082e-01  1.70073931e-01  2.74647833e-01 -2.48386748e-01
  1.46827078e-01 -3.89402287e-01 -4.04141305e-01  2.85611933e-01
  2.89473782e-01 -2.07313191e-01 -2.08934904e-01  6.08598186e-01
 -4.04633494e-01  2.17959889e-01 -2.76620582e-01  2.40540258e-01
  1.72172485e-01 -2.17264949e-01  7.84462607e-01 -3.89936411e-01
 -5.20687111e-01  2.30276485e-01 -2.38881239e-01 -1.09298758e-01
  8.88688495e-02 -6.41085580e-01  2.81365094e-01  6.71339873e-01
  1.31105444e-01  3.14033816e-01  8.03829394e-01  5.06427629e-01
 -4.65435105e-01 -1.99824500e-01 -5.20035500e-01 -3.07734993e-01
 -1.27771236e-01  1.18230833e-01 -1.45814580e-01  2.06379323e-01
 -4.28603028e-01  3.55078608e-01 -1.54439297e-01  2.81986833e-01
  1.73179278e-01  7.21829126e-02 -1.73364247e-01  2.64001876e-01
 -4.32943092e-01 -2.45218826e-01  2.30246659e-01 -2.56276082e-01
  3.02376694e-01  2.13512552e-01  1.98599798e-01 -1.58938259e-01
 -3.78300482e-01  3.50245138e-01 -1.42640904e-01  2.57799343e-01
  2.51272363e-01  2.71085028e-01 -2.21414784e-01  9.07483950e-02
  1.54852387e-01 -1.86496708e-01  2.16950642e-01  1.59939124e-01
 -1.30823847e-01  2.23597154e-01  8.93462711e-02  2.55014082e-01
 -1.85028637e-01 -2.54803761e-01  1.44421798e-01  1.44563024e-01
 -9.11846060e-02 -1.02330143e-01 -3.24746618e-01  1.80836994e-01
  2.28054055e-01 -5.72231684e-01 -4.67725490e-01 -1.32882681e-01
  2.34790946e-01 -1.18648372e-01  3.43206615e-01 -1.84711174e-01
  1.54554820e-01  9.98460952e-02  1.77493835e-01 -1.66532120e-01
 -1.63076793e-01  6.81775827e-01 -3.49739235e-01  3.14360931e-01
 -1.58002792e-01  1.28831771e-01 -1.64001093e-01  1.82634978e-01
  1.46025465e-01 -1.60339856e-01  1.93714054e-01 -1.64854437e-01
 -1.36526970e-01  1.59240226e-01 -2.94270307e-01  5.46110123e-01
 -1.38171362e-01  4.53616327e-01  7.36014567e-01  2.03214325e-01
 -1.40650823e-01 -4.47325203e-01  1.79518881e-01  3.44628646e-01
  4.04019838e-02 -4.69925452e-01 -1.40439182e-01  1.51150283e-01
 -5.03267030e-01  3.83747836e-01 -3.45109301e-01  2.23503044e-01
 -3.76005522e-01  5.35715800e-01  1.35503046e-01  5.66015726e-01
 -3.33210031e-01 -3.78761811e-01  1.06484177e-01 -1.07007159e-01
  1.67291958e-01  1.68559259e-01 -2.49990981e-01 -1.27552682e-01
  1.48542851e-01 -3.93720682e-01  2.25267542e-01  2.41100175e-01
 -3.37433354e-01  1.76019580e-01 -2.51786712e-01  2.35460179e-01
 -4.88222708e-01  1.80255352e-01 -2.25826351e-01  1.05411053e-01
  2.99011356e-01 -2.24894543e-01  7.16575189e-02  9.79005115e-02
 -1.04088305e-01  7.50262227e-02 -1.03118105e-01 -1.70021809e-01
  4.47159190e-01  1.98058595e-01 -2.25457986e-01  2.29547997e-01
  6.81232573e-01 -5.26735664e-01  5.97443669e-02 -2.07885823e-01
  1.74260407e-01 -1.96634504e-01  1.29096377e-01  5.93033106e-01
 -2.41358501e-01  3.13915161e-01 -1.68815834e-01  1.03041093e-01
 -3.13940987e-01  2.81761342e-01 -1.75504782e-01  6.64831266e-02
 -2.14830529e-01  2.97497994e-01 -2.29731486e-01 -6.12231530e-02
 -7.91054827e-02 -7.43314815e-02  1.06796403e-01 -1.29770987e-01
  4.88062510e-01  1.46229495e-01 -1.02236431e-01  1.63506814e-01
 -1.92141529e-01 -1.36236674e-01 -1.36592381e-01 -2.33903744e-01
 -2.13703767e-01  1.37226082e-01  4.22115539e-01 -3.42004525e-01
 -1.12877719e-01  1.45958393e-01  1.10764456e-01 -1.44273984e-01
  8.27756918e-02  1.65420032e-01 -1.79185404e-01  1.00446756e-01
 -4.37174382e-02 -1.23719666e-01  1.03039212e-01  1.36455033e-01
  2.20528033e-01 -3.71610313e-01  4.03826624e-01 -2.77860753e-01
  1.95954019e-01 -1.46897537e-01  1.18717351e-01 -1.04368627e-01
  2.10714786e-01 -2.10182356e-01 -1.35640796e-01 -7.23641648e-02
  1.40271500e-01 -1.74087233e-01  1.72732125e-01  1.14019213e-01
  8.40392637e-02 -1.36092456e-01 -1.38972539e-01  1.73519349e-01
 -1.31495205e-01  1.66239878e-01  1.33585193e-01 -9.78632436e-02
  3.88264747e-01 -1.49326918e-01 -3.47074610e-01 -6.78424072e-02
  1.44544272e-01  1.50168578e-01 -1.41076314e-01  3.27108052e-02
 -1.12601908e-01  6.96938746e-01  3.33950195e-01 -2.56034417e-01
 -5.44208152e-01  2.34453132e-01  1.57704641e-01 -1.96666352e-01
 -1.75963408e-01  1.72785037e-01  5.47165923e-02 -6.62127868e-02
  9.79906762e-02  1.17119573e-01  9.80331214e-02 -7.49963240e-02
  6.38268706e-02  7.28570421e-02  7.37963951e-02 -1.04602861e-01
 -6.90457337e-02 -1.54696089e-01  1.29203717e-01 -1.50041351e-01
  1.54210719e-01 -9.97977894e-02  9.64311534e-02 -4.56372541e-01
 -9.37103805e-02  7.76273782e-02  5.65145221e-01 -4.15963535e-01
  1.84124963e-01  3.79643587e-01 -2.51820974e-01  1.19436779e-01
  1.54871546e-01 -1.23546800e-01  1.18697948e-01 -9.13014591e-02
  7.79571518e-02  1.16129844e-01 -5.91104789e-02 -3.22166213e-01
  1.30828958e-01 -3.06190481e-01  3.85778071e-01 -1.73376234e-01
 -2.64583750e-01  5.74028360e-01 -3.64774188e-01  1.40196615e-01
 -2.95144547e-01 -7.50848444e-02  3.16944772e-01  1.59990723e-01
  1.15615321e-01  2.73259998e-01 -1.05833575e-01  7.86760557e-02
 -2.50278270e-01  2.41118799e-01 -1.78566589e-01  2.96686467e-01
  1.61198384e-01  1.61165753e-01 -2.03259667e-01 -2.88086890e-01
  1.73413546e-01  5.53900367e-01  8.86418147e-02 -8.72882241e-02
  2.63604207e-01  6.29528806e-02 -7.16883142e-02  1.83242593e-01
 -7.49989591e-02  6.14140734e-02  1.43163352e-01  1.02114573e-01
 -2.44899249e-01 -1.79225705e-01 -3.80281836e-01 -6.71232570e-02
 -1.01022609e-01 -9.80979761e-02  3.78169832e-01  2.18090059e-01
  8.96761718e-02 -7.08320470e-02 -2.85286825e-01  6.27359715e-02
 -8.02638848e-02  4.10838495e-01  6.24719855e-01 -2.11793808e-01
 -4.57645772e-01  1.01401289e-01 -1.28276105e-01  9.55060328e-02
 -4.10273964e-01  3.14133959e-01  1.38381981e-01 -7.44482269e-02
 -1.72247863e-01 -7.09041758e-02 -1.77676219e-01  8.46236911e-02
  8.84352321e-02 -4.01163538e-01  1.09576896e-01 -7.82961415e-02
 -1.48105649e-01  2.25201173e-01 -2.48687243e-01 -2.93489521e-01
  1.29760169e-01 -6.73242597e-02  5.59134412e-02  7.46781597e-02
  8.42962103e-02  1.05722013e-01 -1.60887779e-01  1.77256797e-01
 -1.65169860e-01  1.36250051e-01 -2.49454582e-01 -7.14242753e-02
  7.29111075e-02  1.52389481e-01 -1.80827899e-01 -4.08558258e-01
  9.54547414e-02 -1.53449766e-01 -8.05250782e-02 -1.58946580e-01
 -9.40302993e-02  6.92119562e-02 -5.99289635e-02 -2.39728663e-01
  2.79691191e-01  2.23148590e-01  1.22140061e-01 -2.15829437e-01
  2.39345318e-01  2.72812062e-01  1.00968650e-01 -1.70524796e-01
 -5.85102224e-02  2.09548631e-01 -2.62513911e-01  2.86276618e-01
 -1.52103883e-01 -9.66162394e-02 -5.51757381e-02 -1.32124250e-01
  2.02523613e-01 -2.08847229e-01  4.12881356e-01  2.04336757e-01
 -1.64939811e-01  8.14967857e-02 -6.58762400e-02  1.46812426e-01
 -4.08654809e-01  4.03236579e-01 -2.49580820e-01  2.36521652e-01
 -1.08528223e-01 -1.33574251e-01  1.48593305e-01 -6.44076900e-02
 -7.81427222e-02  6.59328632e-02  1.17492088e-01  1.78322593e-01
 -8.59817311e-02  2.43688606e-01 -3.61860418e-01 -1.65354153e-01
  3.55228967e-01  3.33889439e-01  1.75189677e-01 -9.35668230e-02
 -9.01949944e-02  6.28617668e-02  1.27740854e-01  4.67134195e-01
 -1.35995632e-01 -3.60583090e-01  1.48233649e-01  1.38598665e-01
  1.26612403e-01 -5.36603168e-02 -1.44645297e-01  1.18013579e-01
 -6.81765260e-02 -1.26907141e-01  7.14405259e-02 -1.20025072e-01
 -1.38554530e-01 -5.68487920e-02 -1.37556893e-01 -6.28394011e-02
  1.17028988e-01  4.84804989e-02 -3.89569277e-01  3.92144674e-01
  2.52928652e-01 -1.13168782e-01 -1.89720985e-01  1.25155693e-01
 -2.15868230e-01  2.48139824e-01 -1.61506676e-01  1.33145263e-01
  9.09901064e-02 -1.16814266e-01  1.45017804e-01  3.11129893e-01
  3.22834832e-01 -2.24922294e-01 -2.35488609e-01  2.65207813e-01
  3.56775327e-01 -2.64580930e-01  1.28724516e-01  1.99561504e-01
 -2.44897748e-01  2.61058684e-01 -1.08729068e-01 -2.44624351e-01
 -1.91546378e-01  3.23897890e-01  2.74484624e-01 -1.54750129e-01
  4.92318135e-01 -2.10697483e-01  3.22789222e-01  3.30117974e-01
 -2.23996140e-01  8.85726730e-02 -2.36630034e-01  2.69139899e-01
  9.91695585e-02 -2.02982832e-01  2.40219862e-01  9.10529968e-02
  8.75782091e-02  1.78088600e-01  2.14175601e-01 -1.24583133e-01
  1.51715886e-01  1.74184636e-01  1.77686166e-01 -1.01424308e-01
 -2.29265543e-01  2.32652512e-01 -1.76834620e-01  3.11291041e-01
 -2.49241428e-01  2.85772365e-01  1.50454038e-01 -2.27519137e-01
 -1.32169908e-01  1.86185024e-01  2.94027588e-01 -2.22362424e-01
  2.81569758e-01  7.03374886e-02 -1.64610736e-01 -1.33943217e-01
 -2.77824333e-01 -3.38461721e-01  1.16089748e-01 -1.39248038e-01
  2.36719977e-01 -2.04515214e-01  2.25907530e-01 -2.20351457e-01
  2.46881683e-01  8.75785007e-02  1.00781363e-01  3.63463710e-01
 -2.74222418e-01  1.46237870e-01 -8.07882260e-02 -2.10554684e-01
  1.03457462e-01 -1.69476691e-01 -1.62974815e-01 -6.49687223e-02
 -1.61765450e-01  1.52523852e-01 -1.04506353e-01  1.63439452e-01
 -1.37016811e-01  1.55984846e-01  8.68521105e-02  2.14942453e-01
  6.84742199e-02 -1.44584878e-01  2.66227697e-01 -1.96390743e-01
 -2.00459679e-01  3.16917321e-01 -2.26473229e-01  1.20549319e-01
  1.52776273e-01  1.52581206e-01 -1.62385235e-01  1.50131858e-01
 -1.55393334e-01 -2.16953634e-01  2.58543887e-01  9.81509602e-02
  2.73200764e-01  9.07878598e-02 -5.98967477e-02  1.47305317e-01
  6.03249725e-02 -1.48951721e-01  5.95751660e-02 -6.95556726e-02
  4.13495017e-01  5.66581545e-02  1.42822449e-01 -1.54281697e-01
  9.14992885e-02  5.65047041e-02 -2.26737756e-01  2.48569043e-01
  1.28924862e-01 -1.87251802e-01  1.06393275e-01  8.72467279e-02
 -2.44874549e-01 -2.81388955e-01  1.12955517e-01 -1.37547603e-01
  1.56424706e-01  8.14960101e-02 -1.41562637e-01  1.36081327e-01
  1.38900982e-01  2.39421176e-01 -1.52706526e-01  2.59194950e-01
 -1.10942184e-01 -1.93514085e-01  1.01432999e-01  5.36480237e-02
 -5.43879537e-02  7.76262245e-02 -1.47107882e-01  8.39274041e-02
  1.66097653e-01 -5.60233197e-02  8.32979605e-02  5.86404754e-02
 -1.33661269e-01 -1.67877346e-01  2.07872311e-01  5.29194831e-02
 -5.37630889e-02  1.38435964e-01 -1.49304163e-01 -1.06893303e-01
 -1.51538629e-01  1.45776448e-01 -1.21636554e-01  2.29817247e-01
 -5.20487173e-02  1.48183562e-01  9.62044280e-02 -1.28170782e-01
 -1.28857172e-01 -1.35569985e-01  5.54198670e-02  5.20546883e-02
  1.29472006e-01  1.54771164e-01 -1.26369462e-01 -1.15080283e-01
  2.15153880e-01  9.58018991e-02  1.41432101e-01  1.41144198e-01
  3.04766603e-01 -1.51361422e-01  2.76774478e-01 -1.73272833e-01
  2.98203298e-01 -1.69156419e-01 -1.97022060e-01  2.81853465e-01
  2.27513839e-01  3.36912140e-01 -1.81392066e-01 -2.21120978e-01
  2.32005902e-01  2.20528351e-01 -1.09274653e-01  2.17702676e-01
  1.84161700e-01 -1.66305331e-01 -1.87041929e-01  2.44907806e-01
  1.08938020e-01  8.00889980e-02 -1.94798047e-01  2.34131529e-01
  1.14185763e-01  8.44366292e-02 -1.85001133e-01  2.87356483e-01
 -2.34901733e-01  1.70538788e-01 -1.90159693e-01  2.26889375e-01
  1.12372190e-01  1.07224236e-01 -1.47398322e-01  1.94364242e-01
  8.66957436e-02 -1.95989123e-01  2.54814337e-01  1.06972661e-01
  1.09839322e-01 -1.49625319e-01  2.33265119e-01 -1.30747110e-01
  1.65374989e-01  2.81148484e-01 -1.52984405e-01 -1.94868580e-01
  1.68701862e-01 -9.41699678e-02 -9.37717637e-02  1.60643905e-01
 -9.01066367e-02 -1.57288956e-01  8.93269538e-02 -1.29683317e-01
 -1.62527598e-01  1.05811032e-01  2.00053049e-01 -6.93182854e-02
  1.86378633e-01 -9.08896076e-02  8.60689206e-02 -1.23371133e-01
 -1.74522635e-01  1.16078225e-01  1.95865940e-01 -1.80382534e-01
  2.23644755e-01  1.07752685e-01 -1.68583198e-01  1.62239232e-01
  9.40743806e-02  1.55010111e-01 -1.60988924e-01 -6.19643779e-02
  2.78988469e-01 -1.64133287e-01 -1.86958657e-01  8.50269781e-02
 -6.45956903e-02 -6.58290667e-02  1.16890050e-01 -1.48582150e-01
  1.73521599e-01 -6.55107219e-02  1.77339117e-01 -6.20688866e-02
  7.67303669e-02  1.50170777e-01  2.71169494e-01 -1.59198421e-01
 -1.76531561e-01  8.17177834e-02 -6.28873658e-02  1.46478559e-01
  6.33038759e-02  7.58407266e-02 -1.44014572e-01 -1.40253737e-01
  1.69604702e-01  1.42271838e-01 -1.40366511e-01 -8.38679374e-02
 -1.51255553e-01  9.16594198e-02  2.05100987e-01 -1.50739144e-01
  1.42541801e-01 -6.16444194e-02 -5.87678838e-02  1.72750051e-01
 -9.20752720e-02  8.29609162e-02  5.85325239e-02 -8.08962211e-02
  5.86879495e-02 -6.27072771e-02 -7.70726415e-02 -5.64103816e-02
 -5.87601071e-02 -1.61564653e-01  1.06344269e-01  1.91169814e-01
 -6.36249843e-02 -7.63594818e-02  1.66373364e-01 -8.93123424e-02
  5.49805170e-02  1.34714323e-01 -7.74756932e-02 -5.69955071e-02
  5.52302941e-02  1.00216310e-01 -1.29366133e-01  1.30426976e-01
  1.32527287e-01  5.68752895e-02 -7.63180195e-02  8.18323811e-02
 -1.73755409e-01  2.36806633e-01  1.11144761e-01 -1.48401773e-01
  9.70232866e-02  1.71737802e-01  5.24199606e-02 -1.26174066e-01
 -6.08826312e-02  1.27352069e-01  7.60774471e-02 -1.28709358e-01
  1.27186226e-01  1.28339214e-01  1.28336625e-01  5.37070933e-02
 -5.77449362e-02 -1.34133179e-01 -1.24192973e-01 -1.24094209e-01
  2.00062296e-01 -1.54952568e-01  8.33396594e-02 -5.18429715e-02
  1.23606994e-01  5.04509547e-02 -1.21555914e-01 -1.38948757e-01
  9.81795097e-02  1.50204682e-01 -5.45385705e-02 -6.85963261e-02
  1.27711353e-01 -6.12576016e-02  5.04766064e-02  5.04668878e-02
  5.00848511e-02 -6.00712310e-02  9.12670913e-02 -1.10615091e-01
  1.44272873e-01  5.25541526e-02 -1.09053878e-01  1.50239185e-01
  1.20677365e-01]
[[6.05528741e-001 3.39603034e-001 3.12032084e-001 ... 0.00000000e+000
  9.66656219e-170 2.57389513e-095]
 [5.81462763e-001 3.48021626e-001 2.97653384e-001 ... 0.00000000e+000
  3.28431219e-187 8.33851066e-105]
 [5.76258175e-001 3.49588381e-001 2.94584522e-001 ... 0.00000000e+000
  4.31918494e-191 4.94446145e-107]
 ...
 [5.70837657e-001 4.53686594e-001 8.13957913e-001 ... 6.01579396e-313
  8.97301496e-287 0.00000000e+000]
 [6.14008391e-001 4.52933932e-001 8.03021021e-001 ... 1.35018419e-308
  5.92196258e-247 0.00000000e+000]
 [6.54514553e-001 4.48122839e-001 7.85118460e-001 ... 2.95666581e-308
  3.81330968e-211 1.41080224e-295]]
[15.25419013 11.83029958  4.57747857 ... -0.09987264 -0.09972403
 -0.05046749]
[[6.05528741e-001 3.39603034e-001 3.12032084e-001 ... 0.00000000e+000
  1.45508610e-162 1.33642711e-152]
 [5.81462763e-001 3.48021626e-001 2.97653384e-001 ... 0.00000000e+000
  2.78634014e-190 5.44437375e-187]
 [5.76258175e-001 3.49588381e-001 2.94584522e-001 ... 0.00000000e+000
  1.51208589e-196 1.22289547e-194]
 ...
 [5.70837657e-001 4.53686594e-001 8.13957913e-001 ... 6.43290979e-220
  0.00000000e+000 0.00000000e+000]
 [6.14008391e-001 4.52933932e-001 8.03021021e-001 ... 6.92596009e-208
  0.00000000e+000 0.00000000e+000]
 [6.54514553e-001 4.48122839e-001 7.85118460e-001 ... 7.09856926e-204
  0.00000000e+000 0.00000000e+000]]
[15.25419013 11.83029958  4.57747857 ... -0.08771543  0.06540235
 -0.08762334]
[[6.05528741e-001 3.39603034e-001 3.12032084e-001 ... 0.00000000e+000
  0.00000000e+000 1.40794983e-178]
 [5.81462763e-001 3.48021626e-001 2.97653384e-001 ... 0.00000000e+000
  0.00000000e+000 3.34232674e-202]
 [5.76258175e-001 3.49588381e-001 2.94584522e-001 ... 0.00000000e+000
  0.00000000e+000 3.86746044e-208]
 ...
 [5.70837657e-001 4.53686594e-001 8.13957913e-001 ... 0.00000000e+000
  0.00000000e+000 0.00000000e+000]
 [6.14008391e-001 4.52933932e-001 8.03021021e-001 ... 2.68311041e-294
  0.00000000e+000 0.00000000e+000]
 [6.54514553e-001 4.48122839e-001 7.85118460e-001 ... 1.24127789e-240
  0.00000000e+000 0.00000000e+000]]
[15.25419013 11.83029958  4.57747857 ... -0.07164846  0.07157375
 -0.05225011]
[[0.00368163 0.07416133]
 [0.00736325 0.05872566]
 [0.01297335 0.04491484]
 [0.02226508 0.02249945]
 [0.03295933 0.01445753]
 [0.05014025 0.00972674]
 [0.08152174 0.00637719]
 [0.11202665 0.0046206 ]
 [0.14165498 0.00320975]
 [0.17408836 0.00224458]
 [0.20213885 0.00171773]
 [0.23246844 0.00126395]
 [0.28348527 0.00081097]]
