12
0.0005
rdot
MMA
sample
[[ 1.          0.97873908  0.76356524 ...  0.9782      0.59105727
   0.27531309]
 [ 1.          0.97873908  0.76356524 ...  0.9782      0.59105727
   0.37814505]
 [ 1.          0.97873908  0.76356524 ...  0.9782      0.59105727
   0.39295525]
 ...
 [ 0.10612479  0.9834187   0.93762584 ...  0.66369007  0.95890836
  -0.11330898]
 [ 0.17687465  0.9834187   0.93762584 ...  0.66369007  0.95890836
  -0.11745745]
 [ 0.24762451  0.9834187   0.93762584 ...  0.66369007  0.95890836
  -0.12113016]]
20480
2.1610949258976662e-05
[[0.68131319 0.26453087 0.34023926 ... 0.57037815 0.2229224  0.29331928]
 [0.68131319 0.26453087 0.34023926 ... 0.57037815 0.2229224  0.29331928]
 [0.68131319 0.26453087 0.34023926 ... 0.57037815 0.2229224  0.29331928]
 ...
 [0.21146423 0.85407657 0.44357636 ... 0.66663317 0.99395765 0.72683343]
 [0.24497109 0.83868802 0.4462729  ... 0.69474052 0.97604876 0.71373752]
 [0.28036805 0.81365413 0.44357636 ... 0.71530966 0.9469148  0.69243326]]
[  0.59168091  -0.78744131  13.12788088   1.1144324   -4.46628148
   0.46546505  -3.43264453   1.08598299  -3.49318308  -1.63401668
  -1.46982619   2.80876667  -1.00968801  -2.20101339  -1.32573718
   1.59942318 -10.12760433  -3.58140007   5.47833844  -4.87945933
   3.15745552   8.43485856  -0.46028927   7.63380893 -22.22458018
   0.23644505   1.37940475  -5.27493831  -7.78138455  18.09269372
  -1.09042012  17.78059304   4.04755635 -11.2440611 ]
[[0.68131319 0.26453087 0.34023926 ... 0.06072384 0.0860362  0.30254011]
 [0.68131319 0.26453087 0.34023926 ... 0.06072384 0.0860362  0.30254011]
 [0.68131319 0.26453087 0.34023926 ... 0.06072384 0.0860362  0.30254011]
 ...
 [0.21146423 0.85407657 0.44357636 ... 0.40919009 0.52828684 0.13117002]
 [0.24497109 0.83868802 0.4462729  ... 0.39457756 0.50942125 0.14574119]
 [0.28036805 0.81365413 0.44357636 ... 0.37137372 0.47946382 0.15805256]]
[  0.59168091  -0.78744131  13.12788088   1.1144324   -4.46628148
   0.46546505  -3.43264453   1.08598299  -3.49318308  -1.63401668
  -1.46982619   2.80876667  -1.00968801  -2.20101339  -1.32573718
   1.59942318 -10.12760433  -3.58140007   5.47833844  -4.87945933
   3.15745552   8.43485856  -0.46028927   7.63380893 -22.22458018
   0.23644505   1.37940475  -5.27493831  -7.78138455  18.09269372
  -1.09042012  17.78059304   4.04755635 -11.2440611    3.58659615
   2.24421069   7.48479678   1.78301138   2.14690814   0.41428724
   3.83837056   0.30606059  -2.6256178    0.21416227  -1.77170325
  -3.04272611   3.0838577   -5.20416726   3.58852994   5.43247451
   1.36218823  -1.01082508  -8.3435861   -0.47504156  -5.35621648
   0.17443371  -8.00863823  -3.83539534   0.35589877   7.03910093
  -0.53924853  -1.32409217   5.93739266  -3.99703935   1.60133438
   2.02231531 -20.20460615   7.28261654  -0.99928353   8.33981944
  -5.4249773   -3.44250686   2.98474572   8.55977497  -3.8943154
   4.00019698  -0.37446437  -3.73112663  -8.24080658   0.99309894
  -1.96518743   4.00917909   2.06531845   5.79395929]
[[0.68131319 0.26453087 0.34023926 ... 0.07242721 0.00224434 0.25618055]
 [0.68131319 0.26453087 0.34023926 ... 0.07242721 0.00224434 0.25618055]
 [0.68131319 0.26453087 0.34023926 ... 0.07242721 0.00224434 0.25618055]
 ...
 [0.21146423 0.85407657 0.44357636 ... 0.06743528 0.47674064 0.1723108 ]
 [0.24497109 0.83868802 0.4462729  ... 0.07601117 0.44329897 0.24372174]
 [0.28036805 0.81365413 0.44357636 ... 0.08162265 0.39269402 0.32841203]]
[ 5.91680908e-01 -7.87441308e-01  1.31278809e+01  1.11443240e+00
 -4.46628148e+00  4.65465051e-01 -3.43264453e+00  1.08598299e+00
 -3.49318308e+00 -1.63401668e+00 -1.46982619e+00  2.80876667e+00
 -1.00968801e+00 -2.20101339e+00 -1.32573718e+00  1.59942318e+00
 -1.01276043e+01 -3.58140007e+00  5.47833844e+00 -4.87945933e+00
  3.15745552e+00  8.43485856e+00 -4.60289267e-01  7.63380893e+00
 -2.22245802e+01  2.36445045e-01  1.37940475e+00 -5.27493831e+00
 -7.78138455e+00  1.80926937e+01 -1.09042012e+00  1.77805930e+01
  4.04755635e+00 -1.12440611e+01  3.58659615e+00  2.24421069e+00
  7.48479678e+00  1.78301138e+00  2.14690814e+00  4.14287244e-01
  3.83837056e+00  3.06060586e-01 -2.62561780e+00  2.14162271e-01
 -1.77170325e+00 -3.04272611e+00  3.08385770e+00 -5.20416726e+00
  3.58852994e+00  5.43247451e+00  1.36218823e+00 -1.01082508e+00
 -8.34358610e+00 -4.75041562e-01 -5.35621648e+00  1.74433708e-01
 -8.00863823e+00 -3.83539534e+00  3.55898765e-01  7.03910093e+00
 -5.39248535e-01 -1.32409217e+00  5.93739266e+00 -3.99703935e+00
  1.60133438e+00  2.02231531e+00 -2.02046061e+01  7.28261654e+00
 -9.99283525e-01  8.33981944e+00 -5.42497730e+00 -3.44250686e+00
  2.98474572e+00  8.55977497e+00 -3.89431540e+00  4.00019698e+00
 -3.74464375e-01 -3.73112663e+00 -8.24080658e+00  9.93098942e-01
 -1.96518743e+00  4.00917909e+00  2.06531845e+00  5.79395929e+00
  1.27062933e+00 -3.62940515e-01 -2.28436527e+00  3.62839618e-01
  1.15779365e-01 -1.71915728e-01  8.18703968e-01 -1.67097382e+00
 -1.60601646e-01  2.25540340e-01  3.55860548e-01 -6.16314735e-01
  1.28734681e-01  3.93560077e-01 -8.21206300e-01  3.14014398e-01
  4.33190875e-01  1.37597101e-01 -6.97439551e-01 -2.00241904e-01
 -3.75309913e-01  3.94408793e-01  5.10460906e-01  4.62279760e-01
 -7.68629085e-02 -3.16734726e-01  8.22784876e-02 -6.17236148e-01
  7.18919811e-01  1.21531335e-02 -3.39540409e-01  8.91066926e-01
 -1.17440286e-01  2.03437937e-01  1.85175192e+00 -4.95342466e-01
  5.46406431e-02  3.92661760e-01  2.87599294e-01 -2.45143291e-01
  7.46837916e-02 -8.63463041e-02  6.94597219e-01 -6.82353388e-01
 -2.50817691e-01 -4.94678841e-01 -2.87578455e-01  7.50273149e-01
  7.55714876e-01 -4.23519924e-01 -1.70380737e+00  8.07882588e-01
  9.07626702e-01 -5.47534251e-01 -2.07241941e-01 -1.56511170e-01
  2.45614746e-01]
[[0.68131319 0.26453087 0.34023926 ... 0.20602279 0.12267902 0.00166664]
 [0.68131319 0.26453087 0.34023926 ... 0.20602279 0.12267902 0.00166664]
 [0.68131319 0.26453087 0.34023926 ... 0.20602279 0.12267902 0.00166664]
 ...
 [0.21146423 0.85407657 0.44357636 ... 0.00136613 0.01779047 0.12203416]
 [0.24497109 0.83868802 0.4462729  ... 0.00273309 0.03559189 0.15504648]
 [0.28036805 0.81365413 0.44357636 ... 0.00496254 0.06462501 0.17878391]]
[ 5.91680908e-01 -7.87441308e-01  1.31278809e+01  1.11443240e+00
 -4.46628148e+00  4.65465051e-01 -3.43264453e+00  1.08598299e+00
 -3.49318308e+00 -1.63401668e+00 -1.46982619e+00  2.80876667e+00
 -1.00968801e+00 -2.20101339e+00 -1.32573718e+00  1.59942318e+00
 -1.01276043e+01 -3.58140007e+00  5.47833844e+00 -4.87945933e+00
  3.15745552e+00  8.43485856e+00 -4.60289267e-01  7.63380893e+00
 -2.22245802e+01  2.36445045e-01  1.37940475e+00 -5.27493831e+00
 -7.78138455e+00  1.80926937e+01 -1.09042012e+00  1.77805930e+01
  4.04755635e+00 -1.12440611e+01  3.58659615e+00  2.24421069e+00
  7.48479678e+00  1.78301138e+00  2.14690814e+00  4.14287244e-01
  3.83837056e+00  3.06060586e-01 -2.62561780e+00  2.14162271e-01
 -1.77170325e+00 -3.04272611e+00  3.08385770e+00 -5.20416726e+00
  3.58852994e+00  5.43247451e+00  1.36218823e+00 -1.01082508e+00
 -8.34358610e+00 -4.75041562e-01 -5.35621648e+00  1.74433708e-01
 -8.00863823e+00 -3.83539534e+00  3.55898765e-01  7.03910093e+00
 -5.39248535e-01 -1.32409217e+00  5.93739266e+00 -3.99703935e+00
  1.60133438e+00  2.02231531e+00 -2.02046061e+01  7.28261654e+00
 -9.99283525e-01  8.33981944e+00 -5.42497730e+00 -3.44250686e+00
  2.98474572e+00  8.55977497e+00 -3.89431540e+00  4.00019698e+00
 -3.74464375e-01 -3.73112663e+00 -8.24080658e+00  9.93098942e-01
 -1.96518743e+00  4.00917909e+00  2.06531845e+00  5.79395929e+00
  1.27062933e+00 -3.62940515e-01 -2.28436527e+00  3.62839618e-01
  1.15779365e-01 -1.71915728e-01  8.18703968e-01 -1.67097382e+00
 -1.60601646e-01  2.25540340e-01  3.55860548e-01 -6.16314735e-01
  1.28734681e-01  3.93560077e-01 -8.21206300e-01  3.14014398e-01
  4.33190875e-01  1.37597101e-01 -6.97439551e-01 -2.00241904e-01
 -3.75309913e-01  3.94408793e-01  5.10460906e-01  4.62279760e-01
 -7.68629085e-02 -3.16734726e-01  8.22784876e-02 -6.17236148e-01
  7.18919811e-01  1.21531335e-02 -3.39540409e-01  8.91066926e-01
 -1.17440286e-01  2.03437937e-01  1.85175192e+00 -4.95342466e-01
  5.46406431e-02  3.92661760e-01  2.87599294e-01 -2.45143291e-01
  7.46837916e-02 -8.63463041e-02  6.94597219e-01 -6.82353388e-01
 -2.50817691e-01 -4.94678841e-01 -2.87578455e-01  7.50273149e-01
  7.55714876e-01 -4.23519924e-01 -1.70380737e+00  8.07882588e-01
  9.07626702e-01 -5.47534251e-01 -2.07241941e-01 -1.56511170e-01
  2.45614746e-01  5.60365274e-01 -7.16084116e-01  6.45845754e-01
 -6.66073045e-02  6.55823252e-01 -2.51491863e-01  1.38984382e-01
  3.59169984e-01 -5.31873048e-01 -3.40631885e-01 -8.95837898e-02
  2.75600493e-01  1.49880268e-02 -2.28196972e-01  2.67956736e-01
 -2.56027648e-01 -6.52353175e-01  3.40216976e-02 -3.24047985e-01
 -2.14020347e-02  1.19383999e-01 -1.24097888e-01 -2.04781943e-02
 -2.12573176e-02 -4.33008560e-01  3.51714261e-02  1.83199345e-01
  4.91488443e-01 -3.84551527e-01  2.16136124e-01 -3.86823395e-02
 -6.49290315e-01 -2.92135981e-01  4.18247465e-01  1.08558814e+00
  1.72826499e-01  8.90437851e-02 -7.58560860e-01 -1.17457527e-02
  8.09832685e-02  3.68085116e-01 -1.21193670e-01 -3.43245947e-01
 -6.73668671e-01  2.41557800e-01 -1.01533728e-01  2.76548065e-01
 -4.02459241e-01  2.90602620e-01  6.97480097e-02 -3.93054270e-02
  2.54475932e-01  2.58355916e-01 -2.93457528e-01 -6.72393337e-01
  7.84742795e-01 -3.16256140e-01 -1.33680139e-01 -6.98749824e-02
 -4.89401236e-01  5.39570265e-01  3.50966463e-01 -1.13453379e-01
 -9.73041856e-01 -6.22789837e-01  2.71780547e-01  6.29102481e-02
  1.58548651e-01 -4.25251709e-01  3.49636503e-01 -7.13128925e-01
 -6.58544389e-02 -1.12464946e-01 -2.53355913e-01  1.82534182e-01
  6.56066118e-01  2.96505295e-01  4.97868276e-01 -2.05837053e-01
 -1.65823180e-01 -7.65628172e-02  6.22062888e-01  4.69576074e-01
  3.27924014e-01]
[[6.81313186e-01 2.64530872e-01 3.40239258e-01 ... 3.47146398e-05
  6.18704728e-07 2.13045459e-05]
 [6.81313186e-01 2.64530872e-01 3.40239258e-01 ... 3.47146398e-05
  6.18704728e-07 2.13045459e-05]
 [6.81313186e-01 2.64530872e-01 3.40239258e-01 ... 3.47146398e-05
  6.18704728e-07 2.13045459e-05]
 ...
 [2.11464231e-01 8.54076567e-01 4.43576363e-01 ... 8.88945986e-05
  9.44289318e-03 1.00156329e-05]
 [2.44971094e-01 8.38688024e-01 4.46272903e-01 ... 2.06470038e-04
  1.04044475e-02 1.61673691e-05]
 [2.80368051e-01 8.13654131e-01 4.43576363e-01 ... 3.95012477e-04
  9.44289318e-03 2.14967310e-05]]
[ 5.91680908e-01 -7.87441308e-01  1.31278809e+01  1.11443240e+00
 -4.46628148e+00  4.65465051e-01 -3.43264453e+00  1.08598299e+00
 -3.49318308e+00 -1.63401668e+00 -1.46982619e+00  2.80876667e+00
 -1.00968801e+00 -2.20101339e+00 -1.32573718e+00  1.59942318e+00
 -1.01276043e+01 -3.58140007e+00  5.47833844e+00 -4.87945933e+00
  3.15745552e+00  8.43485856e+00 -4.60289267e-01  7.63380893e+00
 -2.22245802e+01  2.36445045e-01  1.37940475e+00 -5.27493831e+00
 -7.78138455e+00  1.80926937e+01 -1.09042012e+00  1.77805930e+01
  4.04755635e+00 -1.12440611e+01  3.58659615e+00  2.24421069e+00
  7.48479678e+00  1.78301138e+00  2.14690814e+00  4.14287244e-01
  3.83837056e+00  3.06060586e-01 -2.62561780e+00  2.14162271e-01
 -1.77170325e+00 -3.04272611e+00  3.08385770e+00 -5.20416726e+00
  3.58852994e+00  5.43247451e+00  1.36218823e+00 -1.01082508e+00
 -8.34358610e+00 -4.75041562e-01 -5.35621648e+00  1.74433708e-01
 -8.00863823e+00 -3.83539534e+00  3.55898765e-01  7.03910093e+00
 -5.39248535e-01 -1.32409217e+00  5.93739266e+00 -3.99703935e+00
  1.60133438e+00  2.02231531e+00 -2.02046061e+01  7.28261654e+00
 -9.99283525e-01  8.33981944e+00 -5.42497730e+00 -3.44250686e+00
  2.98474572e+00  8.55977497e+00 -3.89431540e+00  4.00019698e+00
 -3.74464375e-01 -3.73112663e+00 -8.24080658e+00  9.93098942e-01
 -1.96518743e+00  4.00917909e+00  2.06531845e+00  5.79395929e+00
  1.27062933e+00 -3.62940515e-01 -2.28436527e+00  3.62839618e-01
  1.15779365e-01 -1.71915728e-01  8.18703968e-01 -1.67097382e+00
 -1.60601646e-01  2.25540340e-01  3.55860548e-01 -6.16314735e-01
  1.28734681e-01  3.93560077e-01 -8.21206300e-01  3.14014398e-01
  4.33190875e-01  1.37597101e-01 -6.97439551e-01 -2.00241904e-01
 -3.75309913e-01  3.94408793e-01  5.10460906e-01  4.62279760e-01
 -7.68629085e-02 -3.16734726e-01  8.22784876e-02 -6.17236148e-01
  7.18919811e-01  1.21531335e-02 -3.39540409e-01  8.91066926e-01
 -1.17440286e-01  2.03437937e-01  1.85175192e+00 -4.95342466e-01
  5.46406431e-02  3.92661760e-01  2.87599294e-01 -2.45143291e-01
  7.46837916e-02 -8.63463041e-02  6.94597219e-01 -6.82353388e-01
 -2.50817691e-01 -4.94678841e-01 -2.87578455e-01  7.50273149e-01
  7.55714876e-01 -4.23519924e-01 -1.70380737e+00  8.07882588e-01
  9.07626702e-01 -5.47534251e-01 -2.07241941e-01 -1.56511170e-01
  2.45614746e-01  5.60365274e-01 -7.16084116e-01  6.45845754e-01
 -6.66073045e-02  6.55823252e-01 -2.51491863e-01  1.38984382e-01
  3.59169984e-01 -5.31873048e-01 -3.40631885e-01 -8.95837898e-02
  2.75600493e-01  1.49880268e-02 -2.28196972e-01  2.67956736e-01
 -2.56027648e-01 -6.52353175e-01  3.40216976e-02 -3.24047985e-01
 -2.14020347e-02  1.19383999e-01 -1.24097888e-01 -2.04781943e-02
 -2.12573176e-02 -4.33008560e-01  3.51714261e-02  1.83199345e-01
  4.91488443e-01 -3.84551527e-01  2.16136124e-01 -3.86823395e-02
 -6.49290315e-01 -2.92135981e-01  4.18247465e-01  1.08558814e+00
  1.72826499e-01  8.90437851e-02 -7.58560860e-01 -1.17457527e-02
  8.09832685e-02  3.68085116e-01 -1.21193670e-01 -3.43245947e-01
 -6.73668671e-01  2.41557800e-01 -1.01533728e-01  2.76548065e-01
 -4.02459241e-01  2.90602620e-01  6.97480097e-02 -3.93054270e-02
  2.54475932e-01  2.58355916e-01 -2.93457528e-01 -6.72393337e-01
  7.84742795e-01 -3.16256140e-01 -1.33680139e-01 -6.98749824e-02
 -4.89401236e-01  5.39570265e-01  3.50966463e-01 -1.13453379e-01
 -9.73041856e-01 -6.22789837e-01  2.71780547e-01  6.29102481e-02
  1.58548651e-01 -4.25251709e-01  3.49636503e-01 -7.13128925e-01
 -6.58544389e-02 -1.12464946e-01 -2.53355913e-01  1.82534182e-01
  6.56066118e-01  2.96505295e-01  4.97868276e-01 -2.05837053e-01
 -1.65823180e-01 -7.65628172e-02  6.22062888e-01  4.69576074e-01
  3.27924014e-01 -3.39430219e-01  2.52620066e-01  1.59931908e-01
 -1.37970506e-01  1.62136084e-01  1.70377141e-01 -3.79482344e-01
  2.03048461e-01 -7.20652532e-02  2.25183602e-02 -2.19342501e-01
  2.26203772e-01  3.08524900e-01 -1.41008926e-01  7.02175733e-02
 -1.72361458e-01 -1.39996668e-01  1.79506846e-01 -9.19759566e-03
 -2.45860157e-01  1.45010761e-01 -3.57772209e-01 -2.39715744e-02
  1.21929373e-01 -1.18835748e-01 -6.86222587e-02  2.43898631e-01
 -1.75489674e-01 -8.05271084e-02 -2.55299414e-01  8.74967348e-02
 -3.56033555e-02  1.84567398e-01  6.52227345e-02 -9.66958229e-02
 -6.55647891e-02 -1.67042908e-01  5.49076338e-02  9.41030315e-02
 -2.09726025e-02 -1.88765404e-01  2.95055061e-02 -1.39485826e-01
  1.01432855e-01 -2.71915988e-02  1.25605546e-01  1.19044632e-01
 -1.16622729e-01  3.53005579e-02 -3.35153350e-02  1.37835641e-01
  1.06311187e-01  1.54921245e-01 -5.12194752e-02  2.31208176e-01
 -6.24616256e-02 -2.19431400e-01  4.92057230e-02 -8.23134173e-02
 -7.75684506e-03 -1.36530820e-01  3.13652904e-02 -1.28080899e-01
 -4.45465431e-02  5.28062662e-02  2.05146716e-01  1.38988160e-01
 -1.47251390e-01  8.60448718e-02  9.43609122e-02  1.55013989e-01
  2.37390639e-02  1.17210307e-01  5.78211760e-02  9.43917661e-02
  1.07903300e-01 -1.29830372e-01  3.30635426e-02 -9.93698898e-02
 -6.00856810e-02  4.27371904e-02]
[[6.81313186e-01 2.64530872e-01 3.40239258e-01 ... 1.01682874e-19
  1.75209347e-07 1.69454758e-06]
 [6.81313186e-01 2.64530872e-01 3.40239258e-01 ... 1.01682874e-19
  1.75209347e-07 1.69454758e-06]
 [6.81313186e-01 2.64530872e-01 3.40239258e-01 ... 1.01682874e-19
  1.75209347e-07 1.69454758e-06]
 ...
 [2.11464231e-01 8.54076567e-01 4.43576363e-01 ... 2.64904327e-07
  1.18329909e-10 1.23080886e-06]
 [2.44971094e-01 8.38688024e-01 4.46272903e-01 ... 1.48048967e-07
  1.32020746e-09 1.37321414e-05]
 [2.80368051e-01 8.13654131e-01 4.43576363e-01 ... 5.61391627e-08
  9.99387831e-09 1.03951351e-04]]
[ 5.91680908e-01 -7.87441308e-01  1.31278809e+01  1.11443240e+00
 -4.46628148e+00  4.65465051e-01 -3.43264453e+00  1.08598299e+00
 -3.49318308e+00 -1.63401668e+00 -1.46982619e+00  2.80876667e+00
 -1.00968801e+00 -2.20101339e+00 -1.32573718e+00  1.59942318e+00
 -1.01276043e+01 -3.58140007e+00  5.47833844e+00 -4.87945933e+00
  3.15745552e+00  8.43485856e+00 -4.60289267e-01  7.63380893e+00
 -2.22245802e+01  2.36445045e-01  1.37940475e+00 -5.27493831e+00
 -7.78138455e+00  1.80926937e+01 -1.09042012e+00  1.77805930e+01
  4.04755635e+00 -1.12440611e+01  3.58659615e+00  2.24421069e+00
  7.48479678e+00  1.78301138e+00  2.14690814e+00  4.14287244e-01
  3.83837056e+00  3.06060586e-01 -2.62561780e+00  2.14162271e-01
 -1.77170325e+00 -3.04272611e+00  3.08385770e+00 -5.20416726e+00
  3.58852994e+00  5.43247451e+00  1.36218823e+00 -1.01082508e+00
 -8.34358610e+00 -4.75041562e-01 -5.35621648e+00  1.74433708e-01
 -8.00863823e+00 -3.83539534e+00  3.55898765e-01  7.03910093e+00
 -5.39248535e-01 -1.32409217e+00  5.93739266e+00 -3.99703935e+00
  1.60133438e+00  2.02231531e+00 -2.02046061e+01  7.28261654e+00
 -9.99283525e-01  8.33981944e+00 -5.42497730e+00 -3.44250686e+00
  2.98474572e+00  8.55977497e+00 -3.89431540e+00  4.00019698e+00
 -3.74464375e-01 -3.73112663e+00 -8.24080658e+00  9.93098942e-01
 -1.96518743e+00  4.00917909e+00  2.06531845e+00  5.79395929e+00
  1.27062933e+00 -3.62940515e-01 -2.28436527e+00  3.62839618e-01
  1.15779365e-01 -1.71915728e-01  8.18703968e-01 -1.67097382e+00
 -1.60601646e-01  2.25540340e-01  3.55860548e-01 -6.16314735e-01
  1.28734681e-01  3.93560077e-01 -8.21206300e-01  3.14014398e-01
  4.33190875e-01  1.37597101e-01 -6.97439551e-01 -2.00241904e-01
 -3.75309913e-01  3.94408793e-01  5.10460906e-01  4.62279760e-01
 -7.68629085e-02 -3.16734726e-01  8.22784876e-02 -6.17236148e-01
  7.18919811e-01  1.21531335e-02 -3.39540409e-01  8.91066926e-01
 -1.17440286e-01  2.03437937e-01  1.85175192e+00 -4.95342466e-01
  5.46406431e-02  3.92661760e-01  2.87599294e-01 -2.45143291e-01
  7.46837916e-02 -8.63463041e-02  6.94597219e-01 -6.82353388e-01
 -2.50817691e-01 -4.94678841e-01 -2.87578455e-01  7.50273149e-01
  7.55714876e-01 -4.23519924e-01 -1.70380737e+00  8.07882588e-01
  9.07626702e-01 -5.47534251e-01 -2.07241941e-01 -1.56511170e-01
  2.45614746e-01  5.60365274e-01 -7.16084116e-01  6.45845754e-01
 -6.66073045e-02  6.55823252e-01 -2.51491863e-01  1.38984382e-01
  3.59169984e-01 -5.31873048e-01 -3.40631885e-01 -8.95837898e-02
  2.75600493e-01  1.49880268e-02 -2.28196972e-01  2.67956736e-01
 -2.56027648e-01 -6.52353175e-01  3.40216976e-02 -3.24047985e-01
 -2.14020347e-02  1.19383999e-01 -1.24097888e-01 -2.04781943e-02
 -2.12573176e-02 -4.33008560e-01  3.51714261e-02  1.83199345e-01
  4.91488443e-01 -3.84551527e-01  2.16136124e-01 -3.86823395e-02
 -6.49290315e-01 -2.92135981e-01  4.18247465e-01  1.08558814e+00
  1.72826499e-01  8.90437851e-02 -7.58560860e-01 -1.17457527e-02
  8.09832685e-02  3.68085116e-01 -1.21193670e-01 -3.43245947e-01
 -6.73668671e-01  2.41557800e-01 -1.01533728e-01  2.76548065e-01
 -4.02459241e-01  2.90602620e-01  6.97480097e-02 -3.93054270e-02
  2.54475932e-01  2.58355916e-01 -2.93457528e-01 -6.72393337e-01
  7.84742795e-01 -3.16256140e-01 -1.33680139e-01 -6.98749824e-02
 -4.89401236e-01  5.39570265e-01  3.50966463e-01 -1.13453379e-01
 -9.73041856e-01 -6.22789837e-01  2.71780547e-01  6.29102481e-02
  1.58548651e-01 -4.25251709e-01  3.49636503e-01 -7.13128925e-01
 -6.58544389e-02 -1.12464946e-01 -2.53355913e-01  1.82534182e-01
  6.56066118e-01  2.96505295e-01  4.97868276e-01 -2.05837053e-01
 -1.65823180e-01 -7.65628172e-02  6.22062888e-01  4.69576074e-01
  3.27924014e-01 -3.39430219e-01  2.52620066e-01  1.59931908e-01
 -1.37970506e-01  1.62136084e-01  1.70377141e-01 -3.79482344e-01
  2.03048461e-01 -7.20652532e-02  2.25183602e-02 -2.19342501e-01
  2.26203772e-01  3.08524900e-01 -1.41008926e-01  7.02175733e-02
 -1.72361458e-01 -1.39996668e-01  1.79506846e-01 -9.19759566e-03
 -2.45860157e-01  1.45010761e-01 -3.57772209e-01 -2.39715744e-02
  1.21929373e-01 -1.18835748e-01 -6.86222587e-02  2.43898631e-01
 -1.75489674e-01 -8.05271084e-02 -2.55299414e-01  8.74967348e-02
 -3.56033555e-02  1.84567398e-01  6.52227345e-02 -9.66958229e-02
 -6.55647891e-02 -1.67042908e-01  5.49076338e-02  9.41030315e-02
 -2.09726025e-02 -1.88765404e-01  2.95055061e-02 -1.39485826e-01
  1.01432855e-01 -2.71915988e-02  1.25605546e-01  1.19044632e-01
 -1.16622729e-01  3.53005579e-02 -3.35153350e-02  1.37835641e-01
  1.06311187e-01  1.54921245e-01 -5.12194752e-02  2.31208176e-01
 -6.24616256e-02 -2.19431400e-01  4.92057230e-02 -8.23134173e-02
 -7.75684506e-03 -1.36530820e-01  3.13652904e-02 -1.28080899e-01
 -4.45465431e-02  5.28062662e-02  2.05146716e-01  1.38988160e-01
 -1.47251390e-01  8.60448718e-02  9.43609122e-02  1.55013989e-01
  2.37390639e-02  1.17210307e-01  5.78211760e-02  9.43917661e-02
  1.07903300e-01 -1.29830372e-01  3.30635426e-02 -9.93698898e-02
 -6.00856810e-02  4.27371904e-02 -1.07588074e-01  8.22011420e-02
 -7.42016411e-02  5.60297813e-03 -1.14897253e-01  1.05317415e-01
  5.14202108e-02  4.18410758e-02  5.80490254e-02 -4.16896265e-02
 -6.04999796e-02 -7.25286754e-02 -1.39761244e-01  1.02963568e-02
  2.91401206e-02  6.26122571e-02  8.94992688e-02 -5.12928234e-02
 -6.11364333e-02  1.84871914e-02 -5.35131254e-02 -1.22069325e-01
  2.91491990e-02 -9.54546167e-03  3.19913056e-01  1.84391277e-02
 -8.72518722e-02  1.90842561e-01  4.87527051e-02 -5.29897083e-02
  5.01549233e-02  7.21862352e-02 -3.11832122e-02  5.82836230e-02
  2.19809167e-02 -5.12140204e-02  7.76187249e-02 -1.42208368e-01
  3.98528110e-02  1.74402124e-01  6.64530824e-02  3.83582000e-02
  1.98853434e-02 -2.00733494e-02  6.88744160e-02 -4.17062633e-01
 -1.23485852e-01 -2.96348717e-02  1.55667835e-02 -5.46379014e-02
  1.15218474e-01  3.29435088e-02 -6.54598976e-02  5.30376047e-02
  9.53217375e-02  1.13417288e-01 -4.14824245e-02 -1.15681646e-01
  2.41429348e-01 -1.74951790e-01  8.68633774e-02 -3.69952155e-02
  1.45077179e-02 -2.81251222e-02  9.72937308e-02  3.48477342e-02
 -4.29372575e-01  5.45179486e-02 -4.62338456e-02  3.61123699e-02
 -5.02840714e-02 -4.31072968e-02 -7.65638796e-02  5.56725360e-02
 -9.69547469e-02  1.93034025e-02  6.76258162e-02  3.02520441e-02
 -9.72050349e-02  7.53973593e-02 -8.83587883e-02  1.08872500e-02
 -1.60162779e-02 -1.84435900e-01  7.83244706e-02 -1.40993053e-02
  5.37865833e-03  4.38085920e-02 -3.65397547e-02 -4.36713518e-02
  5.77384565e-02  3.61957973e-02  1.51071012e-01  4.67165164e-01
 -3.60423383e-01  1.94057669e-01 -6.27692027e-02 -5.82511611e-02
  9.02710003e-02  1.96667476e-02 -4.40140475e-02  8.51455767e-02
 -1.73071329e-02 -1.85170590e-02 -1.88015292e-02  1.43431228e-01
  4.59070950e-01 -3.38864603e-01  1.36330291e-01 -2.88569612e-02
  1.25657095e-02 -1.03772431e-01 -4.67846849e-02  1.56751173e-01
  3.02113084e-02  8.21650993e-02 -8.59095069e-02 -1.36025952e-01
  3.40141491e-02 -5.81471839e-02 -7.87014412e-02 -2.35625640e-02
 -6.90954445e-02  4.12475873e-02  3.79545585e-02 -1.35852061e-01
  7.10754013e-02  3.83205838e-02 -3.21566730e-02 -2.15242679e-02]
[[6.81313186e-01 2.64530872e-01 3.40239258e-01 ... 6.66066815e-03
  2.05813199e-02 4.65621362e-03]
 [6.81313186e-01 2.64530872e-01 3.40239258e-01 ... 6.66066815e-03
  2.05813199e-02 4.65621362e-03]
 [6.81313186e-01 2.64530872e-01 3.40239258e-01 ... 6.66066815e-03
  2.05813199e-02 4.65621362e-03]
 ...
 [2.11464231e-01 8.54076567e-01 4.43576363e-01 ... 6.64372692e-25
  2.85500602e-31 2.34681935e-39]
 [2.44971094e-01 8.38688024e-01 4.46272903e-01 ... 7.24679907e-22
  1.26138873e-27 2.87519185e-35]
 [2.80368051e-01 8.13654131e-01 4.43576363e-01 ... 3.63889149e-19
  2.56554303e-24 1.62159515e-31]]
[ 5.91680908e-01 -7.87441308e-01  1.31278809e+01  1.11443240e+00
 -4.46628148e+00  4.65465051e-01 -3.43264453e+00  1.08598299e+00
 -3.49318308e+00 -1.63401668e+00 -1.46982619e+00  2.80876667e+00
 -1.00968801e+00 -2.20101339e+00 -1.32573718e+00  1.59942318e+00
 -1.01276043e+01 -3.58140007e+00  5.47833844e+00 -4.87945933e+00
  3.15745552e+00  8.43485856e+00 -4.60289267e-01  7.63380893e+00
 -2.22245802e+01  2.36445045e-01  1.37940475e+00 -5.27493831e+00
 -7.78138455e+00  1.80926937e+01 -1.09042012e+00  1.77805930e+01
  4.04755635e+00 -1.12440611e+01  3.58659615e+00  2.24421069e+00
  7.48479678e+00  1.78301138e+00  2.14690814e+00  4.14287244e-01
  3.83837056e+00  3.06060586e-01 -2.62561780e+00  2.14162271e-01
 -1.77170325e+00 -3.04272611e+00  3.08385770e+00 -5.20416726e+00
  3.58852994e+00  5.43247451e+00  1.36218823e+00 -1.01082508e+00
 -8.34358610e+00 -4.75041562e-01 -5.35621648e+00  1.74433708e-01
 -8.00863823e+00 -3.83539534e+00  3.55898765e-01  7.03910093e+00
 -5.39248535e-01 -1.32409217e+00  5.93739266e+00 -3.99703935e+00
  1.60133438e+00  2.02231531e+00 -2.02046061e+01  7.28261654e+00
 -9.99283525e-01  8.33981944e+00 -5.42497730e+00 -3.44250686e+00
  2.98474572e+00  8.55977497e+00 -3.89431540e+00  4.00019698e+00
 -3.74464375e-01 -3.73112663e+00 -8.24080658e+00  9.93098942e-01
 -1.96518743e+00  4.00917909e+00  2.06531845e+00  5.79395929e+00
  1.27062933e+00 -3.62940515e-01 -2.28436527e+00  3.62839618e-01
  1.15779365e-01 -1.71915728e-01  8.18703968e-01 -1.67097382e+00
 -1.60601646e-01  2.25540340e-01  3.55860548e-01 -6.16314735e-01
  1.28734681e-01  3.93560077e-01 -8.21206300e-01  3.14014398e-01
  4.33190875e-01  1.37597101e-01 -6.97439551e-01 -2.00241904e-01
 -3.75309913e-01  3.94408793e-01  5.10460906e-01  4.62279760e-01
 -7.68629085e-02 -3.16734726e-01  8.22784876e-02 -6.17236148e-01
  7.18919811e-01  1.21531335e-02 -3.39540409e-01  8.91066926e-01
 -1.17440286e-01  2.03437937e-01  1.85175192e+00 -4.95342466e-01
  5.46406431e-02  3.92661760e-01  2.87599294e-01 -2.45143291e-01
  7.46837916e-02 -8.63463041e-02  6.94597219e-01 -6.82353388e-01
 -2.50817691e-01 -4.94678841e-01 -2.87578455e-01  7.50273149e-01
  7.55714876e-01 -4.23519924e-01 -1.70380737e+00  8.07882588e-01
  9.07626702e-01 -5.47534251e-01 -2.07241941e-01 -1.56511170e-01
  2.45614746e-01  5.60365274e-01 -7.16084116e-01  6.45845754e-01
 -6.66073045e-02  6.55823252e-01 -2.51491863e-01  1.38984382e-01
  3.59169984e-01 -5.31873048e-01 -3.40631885e-01 -8.95837898e-02
  2.75600493e-01  1.49880268e-02 -2.28196972e-01  2.67956736e-01
 -2.56027648e-01 -6.52353175e-01  3.40216976e-02 -3.24047985e-01
 -2.14020347e-02  1.19383999e-01 -1.24097888e-01 -2.04781943e-02
 -2.12573176e-02 -4.33008560e-01  3.51714261e-02  1.83199345e-01
  4.91488443e-01 -3.84551527e-01  2.16136124e-01 -3.86823395e-02
 -6.49290315e-01 -2.92135981e-01  4.18247465e-01  1.08558814e+00
  1.72826499e-01  8.90437851e-02 -7.58560860e-01 -1.17457527e-02
  8.09832685e-02  3.68085116e-01 -1.21193670e-01 -3.43245947e-01
 -6.73668671e-01  2.41557800e-01 -1.01533728e-01  2.76548065e-01
 -4.02459241e-01  2.90602620e-01  6.97480097e-02 -3.93054270e-02
  2.54475932e-01  2.58355916e-01 -2.93457528e-01 -6.72393337e-01
  7.84742795e-01 -3.16256140e-01 -1.33680139e-01 -6.98749824e-02
 -4.89401236e-01  5.39570265e-01  3.50966463e-01 -1.13453379e-01
 -9.73041856e-01 -6.22789837e-01  2.71780547e-01  6.29102481e-02
  1.58548651e-01 -4.25251709e-01  3.49636503e-01 -7.13128925e-01
 -6.58544389e-02 -1.12464946e-01 -2.53355913e-01  1.82534182e-01
  6.56066118e-01  2.96505295e-01  4.97868276e-01 -2.05837053e-01
 -1.65823180e-01 -7.65628172e-02  6.22062888e-01  4.69576074e-01
  3.27924014e-01 -3.39430219e-01  2.52620066e-01  1.59931908e-01
 -1.37970506e-01  1.62136084e-01  1.70377141e-01 -3.79482344e-01
  2.03048461e-01 -7.20652532e-02  2.25183602e-02 -2.19342501e-01
  2.26203772e-01  3.08524900e-01 -1.41008926e-01  7.02175733e-02
 -1.72361458e-01 -1.39996668e-01  1.79506846e-01 -9.19759566e-03
 -2.45860157e-01  1.45010761e-01 -3.57772209e-01 -2.39715744e-02
  1.21929373e-01 -1.18835748e-01 -6.86222587e-02  2.43898631e-01
 -1.75489674e-01 -8.05271084e-02 -2.55299414e-01  8.74967348e-02
 -3.56033555e-02  1.84567398e-01  6.52227345e-02 -9.66958229e-02
 -6.55647891e-02 -1.67042908e-01  5.49076338e-02  9.41030315e-02
 -2.09726025e-02 -1.88765404e-01  2.95055061e-02 -1.39485826e-01
  1.01432855e-01 -2.71915988e-02  1.25605546e-01  1.19044632e-01
 -1.16622729e-01  3.53005579e-02 -3.35153350e-02  1.37835641e-01
  1.06311187e-01  1.54921245e-01 -5.12194752e-02  2.31208176e-01
 -6.24616256e-02 -2.19431400e-01  4.92057230e-02 -8.23134173e-02
 -7.75684506e-03 -1.36530820e-01  3.13652904e-02 -1.28080899e-01
 -4.45465431e-02  5.28062662e-02  2.05146716e-01  1.38988160e-01
 -1.47251390e-01  8.60448718e-02  9.43609122e-02  1.55013989e-01
  2.37390639e-02  1.17210307e-01  5.78211760e-02  9.43917661e-02
  1.07903300e-01 -1.29830372e-01  3.30635426e-02 -9.93698898e-02
 -6.00856810e-02  4.27371904e-02 -1.07588074e-01  8.22011420e-02
 -7.42016411e-02  5.60297813e-03 -1.14897253e-01  1.05317415e-01
  5.14202108e-02  4.18410758e-02  5.80490254e-02 -4.16896265e-02
 -6.04999796e-02 -7.25286754e-02 -1.39761244e-01  1.02963568e-02
  2.91401206e-02  6.26122571e-02  8.94992688e-02 -5.12928234e-02
 -6.11364333e-02  1.84871914e-02 -5.35131254e-02 -1.22069325e-01
  2.91491990e-02 -9.54546167e-03  3.19913056e-01  1.84391277e-02
 -8.72518722e-02  1.90842561e-01  4.87527051e-02 -5.29897083e-02
  5.01549233e-02  7.21862352e-02 -3.11832122e-02  5.82836230e-02
  2.19809167e-02 -5.12140204e-02  7.76187249e-02 -1.42208368e-01
  3.98528110e-02  1.74402124e-01  6.64530824e-02  3.83582000e-02
  1.98853434e-02 -2.00733494e-02  6.88744160e-02 -4.17062633e-01
 -1.23485852e-01 -2.96348717e-02  1.55667835e-02 -5.46379014e-02
  1.15218474e-01  3.29435088e-02 -6.54598976e-02  5.30376047e-02
  9.53217375e-02  1.13417288e-01 -4.14824245e-02 -1.15681646e-01
  2.41429348e-01 -1.74951790e-01  8.68633774e-02 -3.69952155e-02
  1.45077179e-02 -2.81251222e-02  9.72937308e-02  3.48477342e-02
 -4.29372575e-01  5.45179486e-02 -4.62338456e-02  3.61123699e-02
 -5.02840714e-02 -4.31072968e-02 -7.65638796e-02  5.56725360e-02
 -9.69547469e-02  1.93034025e-02  6.76258162e-02  3.02520441e-02
 -9.72050349e-02  7.53973593e-02 -8.83587883e-02  1.08872500e-02
 -1.60162779e-02 -1.84435900e-01  7.83244706e-02 -1.40993053e-02
  5.37865833e-03  4.38085920e-02 -3.65397547e-02 -4.36713518e-02
  5.77384565e-02  3.61957973e-02  1.51071012e-01  4.67165164e-01
 -3.60423383e-01  1.94057669e-01 -6.27692027e-02 -5.82511611e-02
  9.02710003e-02  1.96667476e-02 -4.40140475e-02  8.51455767e-02
 -1.73071329e-02 -1.85170590e-02 -1.88015292e-02  1.43431228e-01
  4.59070950e-01 -3.38864603e-01  1.36330291e-01 -2.88569612e-02
  1.25657095e-02 -1.03772431e-01 -4.67846849e-02  1.56751173e-01
  3.02113084e-02  8.21650993e-02 -8.59095069e-02 -1.36025952e-01
  3.40141491e-02 -5.81471839e-02 -7.87014412e-02 -2.35625640e-02
 -6.90954445e-02  4.12475873e-02  3.79545585e-02 -1.35852061e-01
  7.10754013e-02  3.83205838e-02 -3.21566730e-02 -2.15242679e-02
  8.52736056e-02 -9.26415469e-02  6.09828694e-02 -2.12602180e-02
 -4.32776292e-02 -2.04350506e-02  7.01172291e-02  6.86280894e-02
 -3.53717253e-01 -5.53116545e-02  4.42630711e-02  1.19908154e-02
 -2.19537365e-02 -8.81747549e-02  9.34721443e-02 -4.46334268e-02
 -3.95051326e-02  4.15164587e-02 -9.22105095e-02 -4.12597459e-02
  1.35249127e-01 -1.35472680e-01  8.45414444e-02 -6.82793376e-02
 -7.94320893e-02  7.40117483e-02 -4.51206753e-02  5.86814542e-02
 -2.88602531e-02  3.65363900e-02  6.87001962e-02  3.75804517e-02
  6.80725288e-03  4.66994547e-02 -2.97640379e-01  2.84956367e-01
 -8.11312859e-02  3.98547299e-02  1.40029503e-02  6.77347486e-03
  3.60565033e-01  4.23305010e-02 -1.43540582e-01  5.59257355e-02
 -1.49451054e-02  2.97514225e-02  3.50151091e-02 -1.15852869e-02
 -2.53629138e-02 -4.84365901e-02  6.49535690e-02 -4.04770302e-02
  7.05312914e-03  3.46387605e-02 -1.27524467e-02  6.30402968e-03]
[[6.81313186e-01 2.64530872e-01 3.40239258e-01 ... 6.33781293e-11
  2.42264378e-10 5.55641066e-12]
 [6.81313186e-01 2.64530872e-01 3.40239258e-01 ... 6.33781293e-11
  2.42264378e-10 5.55641066e-12]
 [6.81313186e-01 2.64530872e-01 3.40239258e-01 ... 6.33781293e-11
  2.42264378e-10 5.55641066e-12]
 ...
 [2.11464231e-01 8.54076567e-01 4.43576363e-01 ... 3.35232174e-81
  8.22405955e-92 1.13641524e-74]
 [2.44971094e-01 8.38688024e-01 4.46272903e-01 ... 6.54379265e-74
  1.23441328e-83 5.56527061e-68]
 [2.80368051e-01 8.13654131e-01 4.43576363e-01 ... 2.70701238e-67
  3.92655605e-76 5.77580341e-62]]
[ 5.91680908e-01 -7.87441308e-01  1.31278809e+01  1.11443240e+00
 -4.46628148e+00  4.65465051e-01 -3.43264453e+00  1.08598299e+00
 -3.49318308e+00 -1.63401668e+00 -1.46982619e+00  2.80876667e+00
 -1.00968801e+00 -2.20101339e+00 -1.32573718e+00  1.59942318e+00
 -1.01276043e+01 -3.58140007e+00  5.47833844e+00 -4.87945933e+00
  3.15745552e+00  8.43485856e+00 -4.60289267e-01  7.63380893e+00
 -2.22245802e+01  2.36445045e-01  1.37940475e+00 -5.27493831e+00
 -7.78138455e+00  1.80926937e+01 -1.09042012e+00  1.77805930e+01
  4.04755635e+00 -1.12440611e+01  3.58659615e+00  2.24421069e+00
  7.48479678e+00  1.78301138e+00  2.14690814e+00  4.14287244e-01
  3.83837056e+00  3.06060586e-01 -2.62561780e+00  2.14162271e-01
 -1.77170325e+00 -3.04272611e+00  3.08385770e+00 -5.20416726e+00
  3.58852994e+00  5.43247451e+00  1.36218823e+00 -1.01082508e+00
 -8.34358610e+00 -4.75041562e-01 -5.35621648e+00  1.74433708e-01
 -8.00863823e+00 -3.83539534e+00  3.55898765e-01  7.03910093e+00
 -5.39248535e-01 -1.32409217e+00  5.93739266e+00 -3.99703935e+00
  1.60133438e+00  2.02231531e+00 -2.02046061e+01  7.28261654e+00
 -9.99283525e-01  8.33981944e+00 -5.42497730e+00 -3.44250686e+00
  2.98474572e+00  8.55977497e+00 -3.89431540e+00  4.00019698e+00
 -3.74464375e-01 -3.73112663e+00 -8.24080658e+00  9.93098942e-01
 -1.96518743e+00  4.00917909e+00  2.06531845e+00  5.79395929e+00
  1.27062933e+00 -3.62940515e-01 -2.28436527e+00  3.62839618e-01
  1.15779365e-01 -1.71915728e-01  8.18703968e-01 -1.67097382e+00
 -1.60601646e-01  2.25540340e-01  3.55860548e-01 -6.16314735e-01
  1.28734681e-01  3.93560077e-01 -8.21206300e-01  3.14014398e-01
  4.33190875e-01  1.37597101e-01 -6.97439551e-01 -2.00241904e-01
 -3.75309913e-01  3.94408793e-01  5.10460906e-01  4.62279760e-01
 -7.68629085e-02 -3.16734726e-01  8.22784876e-02 -6.17236148e-01
  7.18919811e-01  1.21531335e-02 -3.39540409e-01  8.91066926e-01
 -1.17440286e-01  2.03437937e-01  1.85175192e+00 -4.95342466e-01
  5.46406431e-02  3.92661760e-01  2.87599294e-01 -2.45143291e-01
  7.46837916e-02 -8.63463041e-02  6.94597219e-01 -6.82353388e-01
 -2.50817691e-01 -4.94678841e-01 -2.87578455e-01  7.50273149e-01
  7.55714876e-01 -4.23519924e-01 -1.70380737e+00  8.07882588e-01
  9.07626702e-01 -5.47534251e-01 -2.07241941e-01 -1.56511170e-01
  2.45614746e-01  5.60365274e-01 -7.16084116e-01  6.45845754e-01
 -6.66073045e-02  6.55823252e-01 -2.51491863e-01  1.38984382e-01
  3.59169984e-01 -5.31873048e-01 -3.40631885e-01 -8.95837898e-02
  2.75600493e-01  1.49880268e-02 -2.28196972e-01  2.67956736e-01
 -2.56027648e-01 -6.52353175e-01  3.40216976e-02 -3.24047985e-01
 -2.14020347e-02  1.19383999e-01 -1.24097888e-01 -2.04781943e-02
 -2.12573176e-02 -4.33008560e-01  3.51714261e-02  1.83199345e-01
  4.91488443e-01 -3.84551527e-01  2.16136124e-01 -3.86823395e-02
 -6.49290315e-01 -2.92135981e-01  4.18247465e-01  1.08558814e+00
  1.72826499e-01  8.90437851e-02 -7.58560860e-01 -1.17457527e-02
  8.09832685e-02  3.68085116e-01 -1.21193670e-01 -3.43245947e-01
 -6.73668671e-01  2.41557800e-01 -1.01533728e-01  2.76548065e-01
 -4.02459241e-01  2.90602620e-01  6.97480097e-02 -3.93054270e-02
  2.54475932e-01  2.58355916e-01 -2.93457528e-01 -6.72393337e-01
  7.84742795e-01 -3.16256140e-01 -1.33680139e-01 -6.98749824e-02
 -4.89401236e-01  5.39570265e-01  3.50966463e-01 -1.13453379e-01
 -9.73041856e-01 -6.22789837e-01  2.71780547e-01  6.29102481e-02
  1.58548651e-01 -4.25251709e-01  3.49636503e-01 -7.13128925e-01
 -6.58544389e-02 -1.12464946e-01 -2.53355913e-01  1.82534182e-01
  6.56066118e-01  2.96505295e-01  4.97868276e-01 -2.05837053e-01
 -1.65823180e-01 -7.65628172e-02  6.22062888e-01  4.69576074e-01
  3.27924014e-01 -3.39430219e-01  2.52620066e-01  1.59931908e-01
 -1.37970506e-01  1.62136084e-01  1.70377141e-01 -3.79482344e-01
  2.03048461e-01 -7.20652532e-02  2.25183602e-02 -2.19342501e-01
  2.26203772e-01  3.08524900e-01 -1.41008926e-01  7.02175733e-02
 -1.72361458e-01 -1.39996668e-01  1.79506846e-01 -9.19759566e-03
 -2.45860157e-01  1.45010761e-01 -3.57772209e-01 -2.39715744e-02
  1.21929373e-01 -1.18835748e-01 -6.86222587e-02  2.43898631e-01
 -1.75489674e-01 -8.05271084e-02 -2.55299414e-01  8.74967348e-02
 -3.56033555e-02  1.84567398e-01  6.52227345e-02 -9.66958229e-02
 -6.55647891e-02 -1.67042908e-01  5.49076338e-02  9.41030315e-02
 -2.09726025e-02 -1.88765404e-01  2.95055061e-02 -1.39485826e-01
  1.01432855e-01 -2.71915988e-02  1.25605546e-01  1.19044632e-01
 -1.16622729e-01  3.53005579e-02 -3.35153350e-02  1.37835641e-01
  1.06311187e-01  1.54921245e-01 -5.12194752e-02  2.31208176e-01
 -6.24616256e-02 -2.19431400e-01  4.92057230e-02 -8.23134173e-02
 -7.75684506e-03 -1.36530820e-01  3.13652904e-02 -1.28080899e-01
 -4.45465431e-02  5.28062662e-02  2.05146716e-01  1.38988160e-01
 -1.47251390e-01  8.60448718e-02  9.43609122e-02  1.55013989e-01
  2.37390639e-02  1.17210307e-01  5.78211760e-02  9.43917661e-02
  1.07903300e-01 -1.29830372e-01  3.30635426e-02 -9.93698898e-02
 -6.00856810e-02  4.27371904e-02 -1.07588074e-01  8.22011420e-02
 -7.42016411e-02  5.60297813e-03 -1.14897253e-01  1.05317415e-01
  5.14202108e-02  4.18410758e-02  5.80490254e-02 -4.16896265e-02
 -6.04999796e-02 -7.25286754e-02 -1.39761244e-01  1.02963568e-02
  2.91401206e-02  6.26122571e-02  8.94992688e-02 -5.12928234e-02
 -6.11364333e-02  1.84871914e-02 -5.35131254e-02 -1.22069325e-01
  2.91491990e-02 -9.54546167e-03  3.19913056e-01  1.84391277e-02
 -8.72518722e-02  1.90842561e-01  4.87527051e-02 -5.29897083e-02
  5.01549233e-02  7.21862352e-02 -3.11832122e-02  5.82836230e-02
  2.19809167e-02 -5.12140204e-02  7.76187249e-02 -1.42208368e-01
  3.98528110e-02  1.74402124e-01  6.64530824e-02  3.83582000e-02
  1.98853434e-02 -2.00733494e-02  6.88744160e-02 -4.17062633e-01
 -1.23485852e-01 -2.96348717e-02  1.55667835e-02 -5.46379014e-02
  1.15218474e-01  3.29435088e-02 -6.54598976e-02  5.30376047e-02
  9.53217375e-02  1.13417288e-01 -4.14824245e-02 -1.15681646e-01
  2.41429348e-01 -1.74951790e-01  8.68633774e-02 -3.69952155e-02
  1.45077179e-02 -2.81251222e-02  9.72937308e-02  3.48477342e-02
 -4.29372575e-01  5.45179486e-02 -4.62338456e-02  3.61123699e-02
 -5.02840714e-02 -4.31072968e-02 -7.65638796e-02  5.56725360e-02
 -9.69547469e-02  1.93034025e-02  6.76258162e-02  3.02520441e-02
 -9.72050349e-02  7.53973593e-02 -8.83587883e-02  1.08872500e-02
 -1.60162779e-02 -1.84435900e-01  7.83244706e-02 -1.40993053e-02
  5.37865833e-03  4.38085920e-02 -3.65397547e-02 -4.36713518e-02
  5.77384565e-02  3.61957973e-02  1.51071012e-01  4.67165164e-01
 -3.60423383e-01  1.94057669e-01 -6.27692027e-02 -5.82511611e-02
  9.02710003e-02  1.96667476e-02 -4.40140475e-02  8.51455767e-02
 -1.73071329e-02 -1.85170590e-02 -1.88015292e-02  1.43431228e-01
  4.59070950e-01 -3.38864603e-01  1.36330291e-01 -2.88569612e-02
  1.25657095e-02 -1.03772431e-01 -4.67846849e-02  1.56751173e-01
  3.02113084e-02  8.21650993e-02 -8.59095069e-02 -1.36025952e-01
  3.40141491e-02 -5.81471839e-02 -7.87014412e-02 -2.35625640e-02
 -6.90954445e-02  4.12475873e-02  3.79545585e-02 -1.35852061e-01
  7.10754013e-02  3.83205838e-02 -3.21566730e-02 -2.15242679e-02
  8.52736056e-02 -9.26415469e-02  6.09828694e-02 -2.12602180e-02
 -4.32776292e-02 -2.04350506e-02  7.01172291e-02  6.86280894e-02
 -3.53717253e-01 -5.53116545e-02  4.42630711e-02  1.19908154e-02
 -2.19537365e-02 -8.81747549e-02  9.34721443e-02 -4.46334268e-02
 -3.95051326e-02  4.15164587e-02 -9.22105095e-02 -4.12597459e-02
  1.35249127e-01 -1.35472680e-01  8.45414444e-02 -6.82793376e-02
 -7.94320893e-02  7.40117483e-02 -4.51206753e-02  5.86814542e-02
 -2.88602531e-02  3.65363900e-02  6.87001962e-02  3.75804517e-02
  6.80725288e-03  4.66994547e-02 -2.97640379e-01  2.84956367e-01
 -8.11312859e-02  3.98547299e-02  1.40029503e-02  6.77347486e-03
  3.60565033e-01  4.23305010e-02 -1.43540582e-01  5.59257355e-02
 -1.49451054e-02  2.97514225e-02  3.50151091e-02 -1.15852869e-02
 -2.53629138e-02 -4.84365901e-02  6.49535690e-02 -4.04770302e-02
  7.05312914e-03  3.46387605e-02 -1.27524467e-02  6.30402968e-03
 -3.81683412e-01  3.52359686e-01  3.41687157e-01 -4.05713556e-01
 -3.49960569e-01 -3.64007938e-01 -3.31961070e-02 -2.93132745e-01
 -3.27993836e-01 -1.22453780e-01  8.90367964e-02 -3.05331866e-01
 -3.49785176e-01 -1.22664759e-01  8.54383198e-02  8.85420656e-02
  2.24048747e-01  9.57233994e-02  2.63008096e-01 -6.17487300e-02
  1.01422060e-01  2.98793471e-01 -4.31808990e-01  6.16890036e-02
  8.31593367e-02  2.06896879e-01 -6.23198161e-02 -3.66674951e-01
 -1.28565445e-01 -2.63639444e-02  1.05370042e-01  4.05287476e-01
 -3.29868219e-01 -1.16149026e-01 -4.41728465e-01 -1.18387801e-01
 -2.62919116e-02 -4.08164496e-01 -4.60712188e-01  1.18087210e-01
  4.01187820e-01  7.34468093e-02  1.82165732e-01  8.29585522e-02
  2.32541070e-01  1.00242134e-01  3.96510445e-01  1.05831562e-01
 -2.33676682e-02 -1.39789560e-01  1.12422462e-01  5.00890247e-02
 -3.11997399e-02  1.00775312e-01 -4.56421767e-02 -6.06373530e-02
  9.09122598e-02  2.85969366e-01 -8.96149534e-02 -1.30879918e-01
  5.99516406e-02 -6.21151106e-02  4.71033279e-02  6.65780865e-03
 -1.76431279e-02  4.57048702e-01  1.06249136e-01 -1.79683859e-01
 -4.35934861e-02  7.56202190e-02  2.12198053e-01 -4.17034370e-02
 -3.33804139e-01  8.46886666e-02  2.54354162e-01 -7.43570066e-02
 -1.30606908e-01  1.16758553e-01  8.87257122e-03 -1.06525186e-01
 -4.41225453e-01  1.14454260e-01  3.71566104e-01 -4.47694612e-01
  1.13781525e-01  4.13644644e-01]
[[6.81313186e-001 2.64530872e-001 3.40239258e-001 ... 1.79429105e-007
  1.37912214e-009 2.62176149e-006]
 [6.81313186e-001 2.64530872e-001 3.40239258e-001 ... 1.79429105e-007
  1.37912214e-009 2.62176149e-006]
 [6.81313186e-001 2.64530872e-001 3.40239258e-001 ... 1.79429105e-007
  1.37912214e-009 2.62176149e-006]
 ...
 [2.11464231e-001 8.54076567e-001 4.43576363e-001 ... 6.64397692e-123
  7.63503131e-110 3.99861158e-144]
 [2.44971094e-001 8.38688024e-001 4.46272903e-001 ... 2.53160408e-108
  1.83108835e-096 9.00861230e-128]
 [2.80368051e-001 8.13654131e-001 4.43576363e-001 ... 4.33228693e-095
  1.97224803e-084 9.11507672e-113]]
[ 5.91680908e-01 -7.87441308e-01  1.31278809e+01  1.11443240e+00
 -4.46628148e+00  4.65465051e-01 -3.43264453e+00  1.08598299e+00
 -3.49318308e+00 -1.63401668e+00 -1.46982619e+00  2.80876667e+00
 -1.00968801e+00 -2.20101339e+00 -1.32573718e+00  1.59942318e+00
 -1.01276043e+01 -3.58140007e+00  5.47833844e+00 -4.87945933e+00
  3.15745552e+00  8.43485856e+00 -4.60289267e-01  7.63380893e+00
 -2.22245802e+01  2.36445045e-01  1.37940475e+00 -5.27493831e+00
 -7.78138455e+00  1.80926937e+01 -1.09042012e+00  1.77805930e+01
  4.04755635e+00 -1.12440611e+01  3.58659615e+00  2.24421069e+00
  7.48479678e+00  1.78301138e+00  2.14690814e+00  4.14287244e-01
  3.83837056e+00  3.06060586e-01 -2.62561780e+00  2.14162271e-01
 -1.77170325e+00 -3.04272611e+00  3.08385770e+00 -5.20416726e+00
  3.58852994e+00  5.43247451e+00  1.36218823e+00 -1.01082508e+00
 -8.34358610e+00 -4.75041562e-01 -5.35621648e+00  1.74433708e-01
 -8.00863823e+00 -3.83539534e+00  3.55898765e-01  7.03910093e+00
 -5.39248535e-01 -1.32409217e+00  5.93739266e+00 -3.99703935e+00
  1.60133438e+00  2.02231531e+00 -2.02046061e+01  7.28261654e+00
 -9.99283525e-01  8.33981944e+00 -5.42497730e+00 -3.44250686e+00
  2.98474572e+00  8.55977497e+00 -3.89431540e+00  4.00019698e+00
 -3.74464375e-01 -3.73112663e+00 -8.24080658e+00  9.93098942e-01
 -1.96518743e+00  4.00917909e+00  2.06531845e+00  5.79395929e+00
  1.27062933e+00 -3.62940515e-01 -2.28436527e+00  3.62839618e-01
  1.15779365e-01 -1.71915728e-01  8.18703968e-01 -1.67097382e+00
 -1.60601646e-01  2.25540340e-01  3.55860548e-01 -6.16314735e-01
  1.28734681e-01  3.93560077e-01 -8.21206300e-01  3.14014398e-01
  4.33190875e-01  1.37597101e-01 -6.97439551e-01 -2.00241904e-01
 -3.75309913e-01  3.94408793e-01  5.10460906e-01  4.62279760e-01
 -7.68629085e-02 -3.16734726e-01  8.22784876e-02 -6.17236148e-01
  7.18919811e-01  1.21531335e-02 -3.39540409e-01  8.91066926e-01
 -1.17440286e-01  2.03437937e-01  1.85175192e+00 -4.95342466e-01
  5.46406431e-02  3.92661760e-01  2.87599294e-01 -2.45143291e-01
  7.46837916e-02 -8.63463041e-02  6.94597219e-01 -6.82353388e-01
 -2.50817691e-01 -4.94678841e-01 -2.87578455e-01  7.50273149e-01
  7.55714876e-01 -4.23519924e-01 -1.70380737e+00  8.07882588e-01
  9.07626702e-01 -5.47534251e-01 -2.07241941e-01 -1.56511170e-01
  2.45614746e-01  5.60365274e-01 -7.16084116e-01  6.45845754e-01
 -6.66073045e-02  6.55823252e-01 -2.51491863e-01  1.38984382e-01
  3.59169984e-01 -5.31873048e-01 -3.40631885e-01 -8.95837898e-02
  2.75600493e-01  1.49880268e-02 -2.28196972e-01  2.67956736e-01
 -2.56027648e-01 -6.52353175e-01  3.40216976e-02 -3.24047985e-01
 -2.14020347e-02  1.19383999e-01 -1.24097888e-01 -2.04781943e-02
 -2.12573176e-02 -4.33008560e-01  3.51714261e-02  1.83199345e-01
  4.91488443e-01 -3.84551527e-01  2.16136124e-01 -3.86823395e-02
 -6.49290315e-01 -2.92135981e-01  4.18247465e-01  1.08558814e+00
  1.72826499e-01  8.90437851e-02 -7.58560860e-01 -1.17457527e-02
  8.09832685e-02  3.68085116e-01 -1.21193670e-01 -3.43245947e-01
 -6.73668671e-01  2.41557800e-01 -1.01533728e-01  2.76548065e-01
 -4.02459241e-01  2.90602620e-01  6.97480097e-02 -3.93054270e-02
  2.54475932e-01  2.58355916e-01 -2.93457528e-01 -6.72393337e-01
  7.84742795e-01 -3.16256140e-01 -1.33680139e-01 -6.98749824e-02
 -4.89401236e-01  5.39570265e-01  3.50966463e-01 -1.13453379e-01
 -9.73041856e-01 -6.22789837e-01  2.71780547e-01  6.29102481e-02
  1.58548651e-01 -4.25251709e-01  3.49636503e-01 -7.13128925e-01
 -6.58544389e-02 -1.12464946e-01 -2.53355913e-01  1.82534182e-01
  6.56066118e-01  2.96505295e-01  4.97868276e-01 -2.05837053e-01
 -1.65823180e-01 -7.65628172e-02  6.22062888e-01  4.69576074e-01
  3.27924014e-01 -3.39430219e-01  2.52620066e-01  1.59931908e-01
 -1.37970506e-01  1.62136084e-01  1.70377141e-01 -3.79482344e-01
  2.03048461e-01 -7.20652532e-02  2.25183602e-02 -2.19342501e-01
  2.26203772e-01  3.08524900e-01 -1.41008926e-01  7.02175733e-02
 -1.72361458e-01 -1.39996668e-01  1.79506846e-01 -9.19759566e-03
 -2.45860157e-01  1.45010761e-01 -3.57772209e-01 -2.39715744e-02
  1.21929373e-01 -1.18835748e-01 -6.86222587e-02  2.43898631e-01
 -1.75489674e-01 -8.05271084e-02 -2.55299414e-01  8.74967348e-02
 -3.56033555e-02  1.84567398e-01  6.52227345e-02 -9.66958229e-02
 -6.55647891e-02 -1.67042908e-01  5.49076338e-02  9.41030315e-02
 -2.09726025e-02 -1.88765404e-01  2.95055061e-02 -1.39485826e-01
  1.01432855e-01 -2.71915988e-02  1.25605546e-01  1.19044632e-01
 -1.16622729e-01  3.53005579e-02 -3.35153350e-02  1.37835641e-01
  1.06311187e-01  1.54921245e-01 -5.12194752e-02  2.31208176e-01
 -6.24616256e-02 -2.19431400e-01  4.92057230e-02 -8.23134173e-02
 -7.75684506e-03 -1.36530820e-01  3.13652904e-02 -1.28080899e-01
 -4.45465431e-02  5.28062662e-02  2.05146716e-01  1.38988160e-01
 -1.47251390e-01  8.60448718e-02  9.43609122e-02  1.55013989e-01
  2.37390639e-02  1.17210307e-01  5.78211760e-02  9.43917661e-02
  1.07903300e-01 -1.29830372e-01  3.30635426e-02 -9.93698898e-02
 -6.00856810e-02  4.27371904e-02 -1.07588074e-01  8.22011420e-02
 -7.42016411e-02  5.60297813e-03 -1.14897253e-01  1.05317415e-01
  5.14202108e-02  4.18410758e-02  5.80490254e-02 -4.16896265e-02
 -6.04999796e-02 -7.25286754e-02 -1.39761244e-01  1.02963568e-02
  2.91401206e-02  6.26122571e-02  8.94992688e-02 -5.12928234e-02
 -6.11364333e-02  1.84871914e-02 -5.35131254e-02 -1.22069325e-01
  2.91491990e-02 -9.54546167e-03  3.19913056e-01  1.84391277e-02
 -8.72518722e-02  1.90842561e-01  4.87527051e-02 -5.29897083e-02
  5.01549233e-02  7.21862352e-02 -3.11832122e-02  5.82836230e-02
  2.19809167e-02 -5.12140204e-02  7.76187249e-02 -1.42208368e-01
  3.98528110e-02  1.74402124e-01  6.64530824e-02  3.83582000e-02
  1.98853434e-02 -2.00733494e-02  6.88744160e-02 -4.17062633e-01
 -1.23485852e-01 -2.96348717e-02  1.55667835e-02 -5.46379014e-02
  1.15218474e-01  3.29435088e-02 -6.54598976e-02  5.30376047e-02
  9.53217375e-02  1.13417288e-01 -4.14824245e-02 -1.15681646e-01
  2.41429348e-01 -1.74951790e-01  8.68633774e-02 -3.69952155e-02
  1.45077179e-02 -2.81251222e-02  9.72937308e-02  3.48477342e-02
 -4.29372575e-01  5.45179486e-02 -4.62338456e-02  3.61123699e-02
 -5.02840714e-02 -4.31072968e-02 -7.65638796e-02  5.56725360e-02
 -9.69547469e-02  1.93034025e-02  6.76258162e-02  3.02520441e-02
 -9.72050349e-02  7.53973593e-02 -8.83587883e-02  1.08872500e-02
 -1.60162779e-02 -1.84435900e-01  7.83244706e-02 -1.40993053e-02
  5.37865833e-03  4.38085920e-02 -3.65397547e-02 -4.36713518e-02
  5.77384565e-02  3.61957973e-02  1.51071012e-01  4.67165164e-01
 -3.60423383e-01  1.94057669e-01 -6.27692027e-02 -5.82511611e-02
  9.02710003e-02  1.96667476e-02 -4.40140475e-02  8.51455767e-02
 -1.73071329e-02 -1.85170590e-02 -1.88015292e-02  1.43431228e-01
  4.59070950e-01 -3.38864603e-01  1.36330291e-01 -2.88569612e-02
  1.25657095e-02 -1.03772431e-01 -4.67846849e-02  1.56751173e-01
  3.02113084e-02  8.21650993e-02 -8.59095069e-02 -1.36025952e-01
  3.40141491e-02 -5.81471839e-02 -7.87014412e-02 -2.35625640e-02
 -6.90954445e-02  4.12475873e-02  3.79545585e-02 -1.35852061e-01
  7.10754013e-02  3.83205838e-02 -3.21566730e-02 -2.15242679e-02
  8.52736056e-02 -9.26415469e-02  6.09828694e-02 -2.12602180e-02
 -4.32776292e-02 -2.04350506e-02  7.01172291e-02  6.86280894e-02
 -3.53717253e-01 -5.53116545e-02  4.42630711e-02  1.19908154e-02
 -2.19537365e-02 -8.81747549e-02  9.34721443e-02 -4.46334268e-02
 -3.95051326e-02  4.15164587e-02 -9.22105095e-02 -4.12597459e-02
  1.35249127e-01 -1.35472680e-01  8.45414444e-02 -6.82793376e-02
 -7.94320893e-02  7.40117483e-02 -4.51206753e-02  5.86814542e-02
 -2.88602531e-02  3.65363900e-02  6.87001962e-02  3.75804517e-02
  6.80725288e-03  4.66994547e-02 -2.97640379e-01  2.84956367e-01
 -8.11312859e-02  3.98547299e-02  1.40029503e-02  6.77347486e-03
  3.60565033e-01  4.23305010e-02 -1.43540582e-01  5.59257355e-02
 -1.49451054e-02  2.97514225e-02  3.50151091e-02 -1.15852869e-02
 -2.53629138e-02 -4.84365901e-02  6.49535690e-02 -4.04770302e-02
  7.05312914e-03  3.46387605e-02 -1.27524467e-02  6.30402968e-03
 -3.81683412e-01  3.52359686e-01  3.41687157e-01 -4.05713556e-01
 -3.49960569e-01 -3.64007938e-01 -3.31961070e-02 -2.93132745e-01
 -3.27993836e-01 -1.22453780e-01  8.90367964e-02 -3.05331866e-01
 -3.49785176e-01 -1.22664759e-01  8.54383198e-02  8.85420656e-02
  2.24048747e-01  9.57233994e-02  2.63008096e-01 -6.17487300e-02
  1.01422060e-01  2.98793471e-01 -4.31808990e-01  6.16890036e-02
  8.31593367e-02  2.06896879e-01 -6.23198161e-02 -3.66674951e-01
 -1.28565445e-01 -2.63639444e-02  1.05370042e-01  4.05287476e-01
 -3.29868219e-01 -1.16149026e-01 -4.41728465e-01 -1.18387801e-01
 -2.62919116e-02 -4.08164496e-01 -4.60712188e-01  1.18087210e-01
  4.01187820e-01  7.34468093e-02  1.82165732e-01  8.29585522e-02
  2.32541070e-01  1.00242134e-01  3.96510445e-01  1.05831562e-01
 -2.33676682e-02 -1.39789560e-01  1.12422462e-01  5.00890247e-02
 -3.11997399e-02  1.00775312e-01 -4.56421767e-02 -6.06373530e-02
  9.09122598e-02  2.85969366e-01 -8.96149534e-02 -1.30879918e-01
  5.99516406e-02 -6.21151106e-02  4.71033279e-02  6.65780865e-03
 -1.76431279e-02  4.57048702e-01  1.06249136e-01 -1.79683859e-01
 -4.35934861e-02  7.56202190e-02  2.12198053e-01 -4.17034370e-02
 -3.33804139e-01  8.46886666e-02  2.54354162e-01 -7.43570066e-02
 -1.30606908e-01  1.16758553e-01  8.87257122e-03 -1.06525186e-01
 -4.41225453e-01  1.14454260e-01  3.71566104e-01 -4.47694612e-01
  1.13781525e-01  4.13644644e-01 -2.31701520e-01  2.34721387e-02
 -2.19754782e-01  1.38067442e-01 -1.75335570e-01 -1.85373720e-01
  1.94216572e-02 -1.79614667e-01  2.08147756e-02  1.51710811e-01
 -1.60090376e-01 -1.61050023e-01 -1.59403431e-01 -1.54705829e-01
 -1.55698826e-01  1.10355655e-01 -1.64236915e-01  1.78038382e-02
  1.72486605e-02  1.15172662e-01 -1.51793355e-01  1.12540500e-01
  1.55582218e-02  9.91627689e-02 -1.34987605e-01 -9.33264196e-02
  1.50134281e-02 -5.99615568e-02 -1.32429202e-01  1.09059206e-01
  1.22784307e-02  8.81876612e-02  1.43603127e-02  8.76654178e-02
  1.21029726e-02  8.07348520e-02  1.49199412e-02  1.03180175e-01
 -5.64628770e-02  1.45133321e-02  9.60815660e-02  8.52895584e-02
 -5.47459331e-02 -8.23630675e-02 -1.38007764e-01  1.41260382e-02
  9.74603585e-02  9.55449498e-02  1.09524225e-02  5.77512418e-02
  9.86442627e-02 -8.16609804e-02  1.26453191e-01 -1.38904881e-01
  1.25578401e-02 -5.64598122e-02  7.00809292e-02  9.17436749e-02
  1.12065017e-02 -8.56432294e-02  1.17927336e-02 -1.22699463e-01
  1.00125792e-01  1.09470635e-02]
[[6.81313186e-001 2.64530872e-001 3.40239258e-001 ... 3.64549581e-072
  5.37305414e-064 1.93155402e-035]
 [6.81313186e-001 2.64530872e-001 3.40239258e-001 ... 3.64549581e-072
  5.37305414e-064 1.93155402e-035]
 [6.81313186e-001 2.64530872e-001 3.40239258e-001 ... 3.64549581e-072
  5.37305414e-064 1.93155402e-035]
 ...
 [2.11464231e-001 8.54076567e-001 4.43576363e-001 ... 3.59402407e-252
  2.10200536e-271 1.07181513e-256]
 [2.44971094e-001 8.38688024e-001 4.46272903e-001 ... 2.06717829e-225
  3.05189201e-242 6.16476943e-230]
 [2.80368051e-001 8.13654131e-001 4.43576363e-001 ... 2.39818344e-201
  8.93741685e-216 7.15189785e-206]]
[ 5.91680908e-01 -7.87441308e-01  1.31278809e+01  1.11443240e+00
 -4.46628148e+00  4.65465051e-01 -3.43264453e+00  1.08598299e+00
 -3.49318308e+00 -1.63401668e+00 -1.46982619e+00  2.80876667e+00
 -1.00968801e+00 -2.20101339e+00 -1.32573718e+00  1.59942318e+00
 -1.01276043e+01 -3.58140007e+00  5.47833844e+00 -4.87945933e+00
  3.15745552e+00  8.43485856e+00 -4.60289267e-01  7.63380893e+00
 -2.22245802e+01  2.36445045e-01  1.37940475e+00 -5.27493831e+00
 -7.78138455e+00  1.80926937e+01 -1.09042012e+00  1.77805930e+01
  4.04755635e+00 -1.12440611e+01  3.58659615e+00  2.24421069e+00
  7.48479678e+00  1.78301138e+00  2.14690814e+00  4.14287244e-01
  3.83837056e+00  3.06060586e-01 -2.62561780e+00  2.14162271e-01
 -1.77170325e+00 -3.04272611e+00  3.08385770e+00 -5.20416726e+00
  3.58852994e+00  5.43247451e+00  1.36218823e+00 -1.01082508e+00
 -8.34358610e+00 -4.75041562e-01 -5.35621648e+00  1.74433708e-01
 -8.00863823e+00 -3.83539534e+00  3.55898765e-01  7.03910093e+00
 -5.39248535e-01 -1.32409217e+00  5.93739266e+00 -3.99703935e+00
  1.60133438e+00  2.02231531e+00 -2.02046061e+01  7.28261654e+00
 -9.99283525e-01  8.33981944e+00 -5.42497730e+00 -3.44250686e+00
  2.98474572e+00  8.55977497e+00 -3.89431540e+00  4.00019698e+00
 -3.74464375e-01 -3.73112663e+00 -8.24080658e+00  9.93098942e-01
 -1.96518743e+00  4.00917909e+00  2.06531845e+00  5.79395929e+00
  1.27062933e+00 -3.62940515e-01 -2.28436527e+00  3.62839618e-01
  1.15779365e-01 -1.71915728e-01  8.18703968e-01 -1.67097382e+00
 -1.60601646e-01  2.25540340e-01  3.55860548e-01 -6.16314735e-01
  1.28734681e-01  3.93560077e-01 -8.21206300e-01  3.14014398e-01
  4.33190875e-01  1.37597101e-01 -6.97439551e-01 -2.00241904e-01
 -3.75309913e-01  3.94408793e-01  5.10460906e-01  4.62279760e-01
 -7.68629085e-02 -3.16734726e-01  8.22784876e-02 -6.17236148e-01
  7.18919811e-01  1.21531335e-02 -3.39540409e-01  8.91066926e-01
 -1.17440286e-01  2.03437937e-01  1.85175192e+00 -4.95342466e-01
  5.46406431e-02  3.92661760e-01  2.87599294e-01 -2.45143291e-01
  7.46837916e-02 -8.63463041e-02  6.94597219e-01 -6.82353388e-01
 -2.50817691e-01 -4.94678841e-01 -2.87578455e-01  7.50273149e-01
  7.55714876e-01 -4.23519924e-01 -1.70380737e+00  8.07882588e-01
  9.07626702e-01 -5.47534251e-01 -2.07241941e-01 -1.56511170e-01
  2.45614746e-01  5.60365274e-01 -7.16084116e-01  6.45845754e-01
 -6.66073045e-02  6.55823252e-01 -2.51491863e-01  1.38984382e-01
  3.59169984e-01 -5.31873048e-01 -3.40631885e-01 -8.95837898e-02
  2.75600493e-01  1.49880268e-02 -2.28196972e-01  2.67956736e-01
 -2.56027648e-01 -6.52353175e-01  3.40216976e-02 -3.24047985e-01
 -2.14020347e-02  1.19383999e-01 -1.24097888e-01 -2.04781943e-02
 -2.12573176e-02 -4.33008560e-01  3.51714261e-02  1.83199345e-01
  4.91488443e-01 -3.84551527e-01  2.16136124e-01 -3.86823395e-02
 -6.49290315e-01 -2.92135981e-01  4.18247465e-01  1.08558814e+00
  1.72826499e-01  8.90437851e-02 -7.58560860e-01 -1.17457527e-02
  8.09832685e-02  3.68085116e-01 -1.21193670e-01 -3.43245947e-01
 -6.73668671e-01  2.41557800e-01 -1.01533728e-01  2.76548065e-01
 -4.02459241e-01  2.90602620e-01  6.97480097e-02 -3.93054270e-02
  2.54475932e-01  2.58355916e-01 -2.93457528e-01 -6.72393337e-01
  7.84742795e-01 -3.16256140e-01 -1.33680139e-01 -6.98749824e-02
 -4.89401236e-01  5.39570265e-01  3.50966463e-01 -1.13453379e-01
 -9.73041856e-01 -6.22789837e-01  2.71780547e-01  6.29102481e-02
  1.58548651e-01 -4.25251709e-01  3.49636503e-01 -7.13128925e-01
 -6.58544389e-02 -1.12464946e-01 -2.53355913e-01  1.82534182e-01
  6.56066118e-01  2.96505295e-01  4.97868276e-01 -2.05837053e-01
 -1.65823180e-01 -7.65628172e-02  6.22062888e-01  4.69576074e-01
  3.27924014e-01 -3.39430219e-01  2.52620066e-01  1.59931908e-01
 -1.37970506e-01  1.62136084e-01  1.70377141e-01 -3.79482344e-01
  2.03048461e-01 -7.20652532e-02  2.25183602e-02 -2.19342501e-01
  2.26203772e-01  3.08524900e-01 -1.41008926e-01  7.02175733e-02
 -1.72361458e-01 -1.39996668e-01  1.79506846e-01 -9.19759566e-03
 -2.45860157e-01  1.45010761e-01 -3.57772209e-01 -2.39715744e-02
  1.21929373e-01 -1.18835748e-01 -6.86222587e-02  2.43898631e-01
 -1.75489674e-01 -8.05271084e-02 -2.55299414e-01  8.74967348e-02
 -3.56033555e-02  1.84567398e-01  6.52227345e-02 -9.66958229e-02
 -6.55647891e-02 -1.67042908e-01  5.49076338e-02  9.41030315e-02
 -2.09726025e-02 -1.88765404e-01  2.95055061e-02 -1.39485826e-01
  1.01432855e-01 -2.71915988e-02  1.25605546e-01  1.19044632e-01
 -1.16622729e-01  3.53005579e-02 -3.35153350e-02  1.37835641e-01
  1.06311187e-01  1.54921245e-01 -5.12194752e-02  2.31208176e-01
 -6.24616256e-02 -2.19431400e-01  4.92057230e-02 -8.23134173e-02
 -7.75684506e-03 -1.36530820e-01  3.13652904e-02 -1.28080899e-01
 -4.45465431e-02  5.28062662e-02  2.05146716e-01  1.38988160e-01
 -1.47251390e-01  8.60448718e-02  9.43609122e-02  1.55013989e-01
  2.37390639e-02  1.17210307e-01  5.78211760e-02  9.43917661e-02
  1.07903300e-01 -1.29830372e-01  3.30635426e-02 -9.93698898e-02
 -6.00856810e-02  4.27371904e-02 -1.07588074e-01  8.22011420e-02
 -7.42016411e-02  5.60297813e-03 -1.14897253e-01  1.05317415e-01
  5.14202108e-02  4.18410758e-02  5.80490254e-02 -4.16896265e-02
 -6.04999796e-02 -7.25286754e-02 -1.39761244e-01  1.02963568e-02
  2.91401206e-02  6.26122571e-02  8.94992688e-02 -5.12928234e-02
 -6.11364333e-02  1.84871914e-02 -5.35131254e-02 -1.22069325e-01
  2.91491990e-02 -9.54546167e-03  3.19913056e-01  1.84391277e-02
 -8.72518722e-02  1.90842561e-01  4.87527051e-02 -5.29897083e-02
  5.01549233e-02  7.21862352e-02 -3.11832122e-02  5.82836230e-02
  2.19809167e-02 -5.12140204e-02  7.76187249e-02 -1.42208368e-01
  3.98528110e-02  1.74402124e-01  6.64530824e-02  3.83582000e-02
  1.98853434e-02 -2.00733494e-02  6.88744160e-02 -4.17062633e-01
 -1.23485852e-01 -2.96348717e-02  1.55667835e-02 -5.46379014e-02
  1.15218474e-01  3.29435088e-02 -6.54598976e-02  5.30376047e-02
  9.53217375e-02  1.13417288e-01 -4.14824245e-02 -1.15681646e-01
  2.41429348e-01 -1.74951790e-01  8.68633774e-02 -3.69952155e-02
  1.45077179e-02 -2.81251222e-02  9.72937308e-02  3.48477342e-02
 -4.29372575e-01  5.45179486e-02 -4.62338456e-02  3.61123699e-02
 -5.02840714e-02 -4.31072968e-02 -7.65638796e-02  5.56725360e-02
 -9.69547469e-02  1.93034025e-02  6.76258162e-02  3.02520441e-02
 -9.72050349e-02  7.53973593e-02 -8.83587883e-02  1.08872500e-02
 -1.60162779e-02 -1.84435900e-01  7.83244706e-02 -1.40993053e-02
  5.37865833e-03  4.38085920e-02 -3.65397547e-02 -4.36713518e-02
  5.77384565e-02  3.61957973e-02  1.51071012e-01  4.67165164e-01
 -3.60423383e-01  1.94057669e-01 -6.27692027e-02 -5.82511611e-02
  9.02710003e-02  1.96667476e-02 -4.40140475e-02  8.51455767e-02
 -1.73071329e-02 -1.85170590e-02 -1.88015292e-02  1.43431228e-01
  4.59070950e-01 -3.38864603e-01  1.36330291e-01 -2.88569612e-02
  1.25657095e-02 -1.03772431e-01 -4.67846849e-02  1.56751173e-01
  3.02113084e-02  8.21650993e-02 -8.59095069e-02 -1.36025952e-01
  3.40141491e-02 -5.81471839e-02 -7.87014412e-02 -2.35625640e-02
 -6.90954445e-02  4.12475873e-02  3.79545585e-02 -1.35852061e-01
  7.10754013e-02  3.83205838e-02 -3.21566730e-02 -2.15242679e-02
  8.52736056e-02 -9.26415469e-02  6.09828694e-02 -2.12602180e-02
 -4.32776292e-02 -2.04350506e-02  7.01172291e-02  6.86280894e-02
 -3.53717253e-01 -5.53116545e-02  4.42630711e-02  1.19908154e-02
 -2.19537365e-02 -8.81747549e-02  9.34721443e-02 -4.46334268e-02
 -3.95051326e-02  4.15164587e-02 -9.22105095e-02 -4.12597459e-02
  1.35249127e-01 -1.35472680e-01  8.45414444e-02 -6.82793376e-02
 -7.94320893e-02  7.40117483e-02 -4.51206753e-02  5.86814542e-02
 -2.88602531e-02  3.65363900e-02  6.87001962e-02  3.75804517e-02
  6.80725288e-03  4.66994547e-02 -2.97640379e-01  2.84956367e-01
 -8.11312859e-02  3.98547299e-02  1.40029503e-02  6.77347486e-03
  3.60565033e-01  4.23305010e-02 -1.43540582e-01  5.59257355e-02
 -1.49451054e-02  2.97514225e-02  3.50151091e-02 -1.15852869e-02
 -2.53629138e-02 -4.84365901e-02  6.49535690e-02 -4.04770302e-02
  7.05312914e-03  3.46387605e-02 -1.27524467e-02  6.30402968e-03
 -3.81683412e-01  3.52359686e-01  3.41687157e-01 -4.05713556e-01
 -3.49960569e-01 -3.64007938e-01 -3.31961070e-02 -2.93132745e-01
 -3.27993836e-01 -1.22453780e-01  8.90367964e-02 -3.05331866e-01
 -3.49785176e-01 -1.22664759e-01  8.54383198e-02  8.85420656e-02
  2.24048747e-01  9.57233994e-02  2.63008096e-01 -6.17487300e-02
  1.01422060e-01  2.98793471e-01 -4.31808990e-01  6.16890036e-02
  8.31593367e-02  2.06896879e-01 -6.23198161e-02 -3.66674951e-01
 -1.28565445e-01 -2.63639444e-02  1.05370042e-01  4.05287476e-01
 -3.29868219e-01 -1.16149026e-01 -4.41728465e-01 -1.18387801e-01
 -2.62919116e-02 -4.08164496e-01 -4.60712188e-01  1.18087210e-01
  4.01187820e-01  7.34468093e-02  1.82165732e-01  8.29585522e-02
  2.32541070e-01  1.00242134e-01  3.96510445e-01  1.05831562e-01
 -2.33676682e-02 -1.39789560e-01  1.12422462e-01  5.00890247e-02
 -3.11997399e-02  1.00775312e-01 -4.56421767e-02 -6.06373530e-02
  9.09122598e-02  2.85969366e-01 -8.96149534e-02 -1.30879918e-01
  5.99516406e-02 -6.21151106e-02  4.71033279e-02  6.65780865e-03
 -1.76431279e-02  4.57048702e-01  1.06249136e-01 -1.79683859e-01
 -4.35934861e-02  7.56202190e-02  2.12198053e-01 -4.17034370e-02
 -3.33804139e-01  8.46886666e-02  2.54354162e-01 -7.43570066e-02
 -1.30606908e-01  1.16758553e-01  8.87257122e-03 -1.06525186e-01
 -4.41225453e-01  1.14454260e-01  3.71566104e-01 -4.47694612e-01
  1.13781525e-01  4.13644644e-01 -2.31701520e-01  2.34721387e-02
 -2.19754782e-01  1.38067442e-01 -1.75335570e-01 -1.85373720e-01
  1.94216572e-02 -1.79614667e-01  2.08147756e-02  1.51710811e-01
 -1.60090376e-01 -1.61050023e-01 -1.59403431e-01 -1.54705829e-01
 -1.55698826e-01  1.10355655e-01 -1.64236915e-01  1.78038382e-02
  1.72486605e-02  1.15172662e-01 -1.51793355e-01  1.12540500e-01
  1.55582218e-02  9.91627689e-02 -1.34987605e-01 -9.33264196e-02
  1.50134281e-02 -5.99615568e-02 -1.32429202e-01  1.09059206e-01
  1.22784307e-02  8.81876612e-02  1.43603127e-02  8.76654178e-02
  1.21029726e-02  8.07348520e-02  1.49199412e-02  1.03180175e-01
 -5.64628770e-02  1.45133321e-02  9.60815660e-02  8.52895584e-02
 -5.47459331e-02 -8.23630675e-02 -1.38007764e-01  1.41260382e-02
  9.74603585e-02  9.55449498e-02  1.09524225e-02  5.77512418e-02
  9.86442627e-02 -8.16609804e-02  1.26453191e-01 -1.38904881e-01
  1.25578401e-02 -5.64598122e-02  7.00809292e-02  9.17436749e-02
  1.12065017e-02 -8.56432294e-02  1.17927336e-02 -1.22699463e-01
  1.00125792e-01  1.09470635e-02  1.21373759e-01  1.06551977e-01
  9.49653272e-02  1.04163418e-01  9.36197869e-02  1.02800151e-01
  9.17371184e-02  9.13132987e-02  9.06389630e-02  8.87227969e-02
  8.30350207e-02  8.13445624e-02  8.03186516e-02  7.90031176e-02
  7.63420203e-02  7.39610141e-02  6.77466951e-02  7.96203115e-03
  7.80207262e-03  7.79878670e-03  7.78113150e-03  6.19372401e-02
  6.17694729e-02  6.10627214e-02  6.09244356e-02 -6.23055879e-02
  6.03223220e-02  6.00117570e-02 -6.01708018e-02  5.81984682e-02
 -5.92435548e-02]
[[6.81313186e-01 2.64530872e-01 3.40239258e-01 ... 2.59146878e-41
  2.36234330e-84 7.62625294e-84]
 [6.81313186e-01 2.64530872e-01 3.40239258e-01 ... 2.59146878e-41
  2.36234330e-84 7.62625294e-84]
 [6.81313186e-01 2.64530872e-01 3.40239258e-01 ... 2.59146878e-41
  2.36234330e-84 7.62625294e-84]
 ...
 [2.11464231e-01 8.54076567e-01 4.43576363e-01 ... 0.00000000e+00
  0.00000000e+00 0.00000000e+00]
 [2.44971094e-01 8.38688024e-01 4.46272903e-01 ... 0.00000000e+00
  0.00000000e+00 0.00000000e+00]
 [2.80368051e-01 8.13654131e-01 4.43576363e-01 ... 0.00000000e+00
  0.00000000e+00 0.00000000e+00]]
[ 5.91680908e-01 -7.87441308e-01  1.31278809e+01  1.11443240e+00
 -4.46628148e+00  4.65465051e-01 -3.43264453e+00  1.08598299e+00
 -3.49318308e+00 -1.63401668e+00 -1.46982619e+00  2.80876667e+00
 -1.00968801e+00 -2.20101339e+00 -1.32573718e+00  1.59942318e+00
 -1.01276043e+01 -3.58140007e+00  5.47833844e+00 -4.87945933e+00
  3.15745552e+00  8.43485856e+00 -4.60289267e-01  7.63380893e+00
 -2.22245802e+01  2.36445045e-01  1.37940475e+00 -5.27493831e+00
 -7.78138455e+00  1.80926937e+01 -1.09042012e+00  1.77805930e+01
  4.04755635e+00 -1.12440611e+01  3.58659615e+00  2.24421069e+00
  7.48479678e+00  1.78301138e+00  2.14690814e+00  4.14287244e-01
  3.83837056e+00  3.06060586e-01 -2.62561780e+00  2.14162271e-01
 -1.77170325e+00 -3.04272611e+00  3.08385770e+00 -5.20416726e+00
  3.58852994e+00  5.43247451e+00  1.36218823e+00 -1.01082508e+00
 -8.34358610e+00 -4.75041562e-01 -5.35621648e+00  1.74433708e-01
 -8.00863823e+00 -3.83539534e+00  3.55898765e-01  7.03910093e+00
 -5.39248535e-01 -1.32409217e+00  5.93739266e+00 -3.99703935e+00
  1.60133438e+00  2.02231531e+00 -2.02046061e+01  7.28261654e+00
 -9.99283525e-01  8.33981944e+00 -5.42497730e+00 -3.44250686e+00
  2.98474572e+00  8.55977497e+00 -3.89431540e+00  4.00019698e+00
 -3.74464375e-01 -3.73112663e+00 -8.24080658e+00  9.93098942e-01
 -1.96518743e+00  4.00917909e+00  2.06531845e+00  5.79395929e+00
  1.27062933e+00 -3.62940515e-01 -2.28436527e+00  3.62839618e-01
  1.15779365e-01 -1.71915728e-01  8.18703968e-01 -1.67097382e+00
 -1.60601646e-01  2.25540340e-01  3.55860548e-01 -6.16314735e-01
  1.28734681e-01  3.93560077e-01 -8.21206300e-01  3.14014398e-01
  4.33190875e-01  1.37597101e-01 -6.97439551e-01 -2.00241904e-01
 -3.75309913e-01  3.94408793e-01  5.10460906e-01  4.62279760e-01
 -7.68629085e-02 -3.16734726e-01  8.22784876e-02 -6.17236148e-01
  7.18919811e-01  1.21531335e-02 -3.39540409e-01  8.91066926e-01
 -1.17440286e-01  2.03437937e-01  1.85175192e+00 -4.95342466e-01
  5.46406431e-02  3.92661760e-01  2.87599294e-01 -2.45143291e-01
  7.46837916e-02 -8.63463041e-02  6.94597219e-01 -6.82353388e-01
 -2.50817691e-01 -4.94678841e-01 -2.87578455e-01  7.50273149e-01
  7.55714876e-01 -4.23519924e-01 -1.70380737e+00  8.07882588e-01
  9.07626702e-01 -5.47534251e-01 -2.07241941e-01 -1.56511170e-01
  2.45614746e-01  5.60365274e-01 -7.16084116e-01  6.45845754e-01
 -6.66073045e-02  6.55823252e-01 -2.51491863e-01  1.38984382e-01
  3.59169984e-01 -5.31873048e-01 -3.40631885e-01 -8.95837898e-02
  2.75600493e-01  1.49880268e-02 -2.28196972e-01  2.67956736e-01
 -2.56027648e-01 -6.52353175e-01  3.40216976e-02 -3.24047985e-01
 -2.14020347e-02  1.19383999e-01 -1.24097888e-01 -2.04781943e-02
 -2.12573176e-02 -4.33008560e-01  3.51714261e-02  1.83199345e-01
  4.91488443e-01 -3.84551527e-01  2.16136124e-01 -3.86823395e-02
 -6.49290315e-01 -2.92135981e-01  4.18247465e-01  1.08558814e+00
  1.72826499e-01  8.90437851e-02 -7.58560860e-01 -1.17457527e-02
  8.09832685e-02  3.68085116e-01 -1.21193670e-01 -3.43245947e-01
 -6.73668671e-01  2.41557800e-01 -1.01533728e-01  2.76548065e-01
 -4.02459241e-01  2.90602620e-01  6.97480097e-02 -3.93054270e-02
  2.54475932e-01  2.58355916e-01 -2.93457528e-01 -6.72393337e-01
  7.84742795e-01 -3.16256140e-01 -1.33680139e-01 -6.98749824e-02
 -4.89401236e-01  5.39570265e-01  3.50966463e-01 -1.13453379e-01
 -9.73041856e-01 -6.22789837e-01  2.71780547e-01  6.29102481e-02
  1.58548651e-01 -4.25251709e-01  3.49636503e-01 -7.13128925e-01
 -6.58544389e-02 -1.12464946e-01 -2.53355913e-01  1.82534182e-01
  6.56066118e-01  2.96505295e-01  4.97868276e-01 -2.05837053e-01
 -1.65823180e-01 -7.65628172e-02  6.22062888e-01  4.69576074e-01
  3.27924014e-01 -3.39430219e-01  2.52620066e-01  1.59931908e-01
 -1.37970506e-01  1.62136084e-01  1.70377141e-01 -3.79482344e-01
  2.03048461e-01 -7.20652532e-02  2.25183602e-02 -2.19342501e-01
  2.26203772e-01  3.08524900e-01 -1.41008926e-01  7.02175733e-02
 -1.72361458e-01 -1.39996668e-01  1.79506846e-01 -9.19759566e-03
 -2.45860157e-01  1.45010761e-01 -3.57772209e-01 -2.39715744e-02
  1.21929373e-01 -1.18835748e-01 -6.86222587e-02  2.43898631e-01
 -1.75489674e-01 -8.05271084e-02 -2.55299414e-01  8.74967348e-02
 -3.56033555e-02  1.84567398e-01  6.52227345e-02 -9.66958229e-02
 -6.55647891e-02 -1.67042908e-01  5.49076338e-02  9.41030315e-02
 -2.09726025e-02 -1.88765404e-01  2.95055061e-02 -1.39485826e-01
  1.01432855e-01 -2.71915988e-02  1.25605546e-01  1.19044632e-01
 -1.16622729e-01  3.53005579e-02 -3.35153350e-02  1.37835641e-01
  1.06311187e-01  1.54921245e-01 -5.12194752e-02  2.31208176e-01
 -6.24616256e-02 -2.19431400e-01  4.92057230e-02 -8.23134173e-02
 -7.75684506e-03 -1.36530820e-01  3.13652904e-02 -1.28080899e-01
 -4.45465431e-02  5.28062662e-02  2.05146716e-01  1.38988160e-01
 -1.47251390e-01  8.60448718e-02  9.43609122e-02  1.55013989e-01
  2.37390639e-02  1.17210307e-01  5.78211760e-02  9.43917661e-02
  1.07903300e-01 -1.29830372e-01  3.30635426e-02 -9.93698898e-02
 -6.00856810e-02  4.27371904e-02 -1.07588074e-01  8.22011420e-02
 -7.42016411e-02  5.60297813e-03 -1.14897253e-01  1.05317415e-01
  5.14202108e-02  4.18410758e-02  5.80490254e-02 -4.16896265e-02
 -6.04999796e-02 -7.25286754e-02 -1.39761244e-01  1.02963568e-02
  2.91401206e-02  6.26122571e-02  8.94992688e-02 -5.12928234e-02
 -6.11364333e-02  1.84871914e-02 -5.35131254e-02 -1.22069325e-01
  2.91491990e-02 -9.54546167e-03  3.19913056e-01  1.84391277e-02
 -8.72518722e-02  1.90842561e-01  4.87527051e-02 -5.29897083e-02
  5.01549233e-02  7.21862352e-02 -3.11832122e-02  5.82836230e-02
  2.19809167e-02 -5.12140204e-02  7.76187249e-02 -1.42208368e-01
  3.98528110e-02  1.74402124e-01  6.64530824e-02  3.83582000e-02
  1.98853434e-02 -2.00733494e-02  6.88744160e-02 -4.17062633e-01
 -1.23485852e-01 -2.96348717e-02  1.55667835e-02 -5.46379014e-02
  1.15218474e-01  3.29435088e-02 -6.54598976e-02  5.30376047e-02
  9.53217375e-02  1.13417288e-01 -4.14824245e-02 -1.15681646e-01
  2.41429348e-01 -1.74951790e-01  8.68633774e-02 -3.69952155e-02
  1.45077179e-02 -2.81251222e-02  9.72937308e-02  3.48477342e-02
 -4.29372575e-01  5.45179486e-02 -4.62338456e-02  3.61123699e-02
 -5.02840714e-02 -4.31072968e-02 -7.65638796e-02  5.56725360e-02
 -9.69547469e-02  1.93034025e-02  6.76258162e-02  3.02520441e-02
 -9.72050349e-02  7.53973593e-02 -8.83587883e-02  1.08872500e-02
 -1.60162779e-02 -1.84435900e-01  7.83244706e-02 -1.40993053e-02
  5.37865833e-03  4.38085920e-02 -3.65397547e-02 -4.36713518e-02
  5.77384565e-02  3.61957973e-02  1.51071012e-01  4.67165164e-01
 -3.60423383e-01  1.94057669e-01 -6.27692027e-02 -5.82511611e-02
  9.02710003e-02  1.96667476e-02 -4.40140475e-02  8.51455767e-02
 -1.73071329e-02 -1.85170590e-02 -1.88015292e-02  1.43431228e-01
  4.59070950e-01 -3.38864603e-01  1.36330291e-01 -2.88569612e-02
  1.25657095e-02 -1.03772431e-01 -4.67846849e-02  1.56751173e-01
  3.02113084e-02  8.21650993e-02 -8.59095069e-02 -1.36025952e-01
  3.40141491e-02 -5.81471839e-02 -7.87014412e-02 -2.35625640e-02
 -6.90954445e-02  4.12475873e-02  3.79545585e-02 -1.35852061e-01
  7.10754013e-02  3.83205838e-02 -3.21566730e-02 -2.15242679e-02
  8.52736056e-02 -9.26415469e-02  6.09828694e-02 -2.12602180e-02
 -4.32776292e-02 -2.04350506e-02  7.01172291e-02  6.86280894e-02
 -3.53717253e-01 -5.53116545e-02  4.42630711e-02  1.19908154e-02
 -2.19537365e-02 -8.81747549e-02  9.34721443e-02 -4.46334268e-02
 -3.95051326e-02  4.15164587e-02 -9.22105095e-02 -4.12597459e-02
  1.35249127e-01 -1.35472680e-01  8.45414444e-02 -6.82793376e-02
 -7.94320893e-02  7.40117483e-02 -4.51206753e-02  5.86814542e-02
 -2.88602531e-02  3.65363900e-02  6.87001962e-02  3.75804517e-02
  6.80725288e-03  4.66994547e-02 -2.97640379e-01  2.84956367e-01
 -8.11312859e-02  3.98547299e-02  1.40029503e-02  6.77347486e-03
  3.60565033e-01  4.23305010e-02 -1.43540582e-01  5.59257355e-02
 -1.49451054e-02  2.97514225e-02  3.50151091e-02 -1.15852869e-02
 -2.53629138e-02 -4.84365901e-02  6.49535690e-02 -4.04770302e-02
  7.05312914e-03  3.46387605e-02 -1.27524467e-02  6.30402968e-03
 -3.81683412e-01  3.52359686e-01  3.41687157e-01 -4.05713556e-01
 -3.49960569e-01 -3.64007938e-01 -3.31961070e-02 -2.93132745e-01
 -3.27993836e-01 -1.22453780e-01  8.90367964e-02 -3.05331866e-01
 -3.49785176e-01 -1.22664759e-01  8.54383198e-02  8.85420656e-02
  2.24048747e-01  9.57233994e-02  2.63008096e-01 -6.17487300e-02
  1.01422060e-01  2.98793471e-01 -4.31808990e-01  6.16890036e-02
  8.31593367e-02  2.06896879e-01 -6.23198161e-02 -3.66674951e-01
 -1.28565445e-01 -2.63639444e-02  1.05370042e-01  4.05287476e-01
 -3.29868219e-01 -1.16149026e-01 -4.41728465e-01 -1.18387801e-01
 -2.62919116e-02 -4.08164496e-01 -4.60712188e-01  1.18087210e-01
  4.01187820e-01  7.34468093e-02  1.82165732e-01  8.29585522e-02
  2.32541070e-01  1.00242134e-01  3.96510445e-01  1.05831562e-01
 -2.33676682e-02 -1.39789560e-01  1.12422462e-01  5.00890247e-02
 -3.11997399e-02  1.00775312e-01 -4.56421767e-02 -6.06373530e-02
  9.09122598e-02  2.85969366e-01 -8.96149534e-02 -1.30879918e-01
  5.99516406e-02 -6.21151106e-02  4.71033279e-02  6.65780865e-03
 -1.76431279e-02  4.57048702e-01  1.06249136e-01 -1.79683859e-01
 -4.35934861e-02  7.56202190e-02  2.12198053e-01 -4.17034370e-02
 -3.33804139e-01  8.46886666e-02  2.54354162e-01 -7.43570066e-02
 -1.30606908e-01  1.16758553e-01  8.87257122e-03 -1.06525186e-01
 -4.41225453e-01  1.14454260e-01  3.71566104e-01 -4.47694612e-01
  1.13781525e-01  4.13644644e-01 -2.31701520e-01  2.34721387e-02
 -2.19754782e-01  1.38067442e-01 -1.75335570e-01 -1.85373720e-01
  1.94216572e-02 -1.79614667e-01  2.08147756e-02  1.51710811e-01
 -1.60090376e-01 -1.61050023e-01 -1.59403431e-01 -1.54705829e-01
 -1.55698826e-01  1.10355655e-01 -1.64236915e-01  1.78038382e-02
  1.72486605e-02  1.15172662e-01 -1.51793355e-01  1.12540500e-01
  1.55582218e-02  9.91627689e-02 -1.34987605e-01 -9.33264196e-02
  1.50134281e-02 -5.99615568e-02 -1.32429202e-01  1.09059206e-01
  1.22784307e-02  8.81876612e-02  1.43603127e-02  8.76654178e-02
  1.21029726e-02  8.07348520e-02  1.49199412e-02  1.03180175e-01
 -5.64628770e-02  1.45133321e-02  9.60815660e-02  8.52895584e-02
 -5.47459331e-02 -8.23630675e-02 -1.38007764e-01  1.41260382e-02
  9.74603585e-02  9.55449498e-02  1.09524225e-02  5.77512418e-02
  9.86442627e-02 -8.16609804e-02  1.26453191e-01 -1.38904881e-01
  1.25578401e-02 -5.64598122e-02  7.00809292e-02  9.17436749e-02
  1.12065017e-02 -8.56432294e-02  1.17927336e-02 -1.22699463e-01
  1.00125792e-01  1.09470635e-02  1.21373759e-01  1.06551977e-01
  9.49653272e-02  1.04163418e-01  9.36197869e-02  1.02800151e-01
  9.17371184e-02  9.13132987e-02  9.06389630e-02  8.87227969e-02
  8.30350207e-02  8.13445624e-02  8.03186516e-02  7.90031176e-02
  7.63420203e-02  7.39610141e-02  6.77466951e-02  7.96203115e-03
  7.80207262e-03  7.79878670e-03  7.78113150e-03  6.19372401e-02
  6.17694729e-02  6.10627214e-02  6.09244356e-02 -6.23055879e-02
  6.03223220e-02  6.00117570e-02 -6.01708018e-02  5.81984682e-02
 -5.92435548e-02 -3.94305345e-01  1.25186339e-01 -3.94779314e-01
  1.25919914e-01 -3.69991536e-01  1.18011906e-01 -3.72418731e-01
  1.19093315e-01 -3.49350354e-01  1.11362496e-01 -3.45672751e-01
  1.10198259e-01  9.03923931e-02 -3.29297112e-01  1.04759798e-01
 -3.20187378e-01  1.01653259e-01 -3.09805608e-01  9.79844369e-02
 -3.42847372e-01  1.09653215e-01 -3.30313836e-01  1.05291927e-01
 -3.10939550e-01  9.87173551e-02 -3.25558856e-01  1.04125854e-01
 -3.11547024e-01  9.92941946e-02 -2.98733914e-01  9.48421489e-02
  8.28764206e-02 -3.02766861e-01  9.62760937e-02 -3.08310738e-01
  9.82732690e-02 -2.96675323e-01  9.43111540e-02 -2.38745156e-01
  8.03639311e-02 -3.10956978e-01  9.94493761e-02 -3.10069245e-01
  9.91658262e-02 -2.93598850e-01  9.34106028e-02 -3.32388117e-01
  1.07205108e-01 -2.92242189e-01  9.30191078e-02 -3.05719391e-01
  9.77475241e-02  7.84774337e-02  7.83230238e-02 -2.79022471e-01
  8.86813922e-02 -2.80190780e-01  8.92092040e-02  7.57537431e-02
 -2.81256504e-01  8.96078419e-02 -2.90716586e-01  9.29426025e-02
  7.56135638e-02 -2.80280985e-01  8.96432698e-02 -2.67343506e-01
  8.51332830e-02 -2.78546074e-01  8.90785890e-02 -2.28834084e-01
 -2.75552442e-01  8.80957981e-02  6.91610370e-02 -2.67494541e-01
  8.55493874e-02  6.89415352e-02 -2.98495608e-01  9.66450177e-02
 -2.65011512e-01  8.47555814e-02 -2.64831818e-01  8.47646427e-02
  6.77846298e-02  7.38492872e-02  6.71481006e-02  6.69338342e-02
 -2.57776271e-01  8.24407398e-02  1.05606061e-01 -3.10013251e-01
 -2.43742753e-01  7.75798849e-02  6.53513028e-02  7.16141554e-02
  9.57500421e-02 -2.79244539e-01 -2.47859914e-01  7.92701779e-02
 -2.45059777e-01  7.84040273e-02  1.02436893e-01 -3.01311988e-01
  6.24796102e-02  1.02511774e-01 -3.02044158e-01 -2.98555740e-01
  9.78030361e-02]
[[6.81313186e-001 2.64530872e-001 3.40239258e-001 ... 0.00000000e+000
  0.00000000e+000 0.00000000e+000]
 [6.81313186e-001 2.64530872e-001 3.40239258e-001 ... 0.00000000e+000
  0.00000000e+000 0.00000000e+000]
 [6.81313186e-001 2.64530872e-001 3.40239258e-001 ... 0.00000000e+000
  0.00000000e+000 0.00000000e+000]
 ...
 [2.11464231e-001 8.54076567e-001 4.43576363e-001 ... 0.00000000e+000
  0.00000000e+000 4.74411127e-244]
 [2.44971094e-001 8.38688024e-001 4.46272903e-001 ... 0.00000000e+000
  6.53505145e-312 5.23847270e-177]
 [2.80368051e-001 8.13654131e-001 4.43576363e-001 ... 0.00000000e+000
  1.19434248e-255 9.57380445e-121]]
[ 5.91680908e-01 -7.87441308e-01  1.31278809e+01 ...  7.70979003e-03
 -7.67492216e-03 -7.62471273e-03]
[[6.81313186e-001 2.64530872e-001 3.40239258e-001 ... 0.00000000e+000
  0.00000000e+000 0.00000000e+000]
 [6.81313186e-001 2.64530872e-001 3.40239258e-001 ... 0.00000000e+000
  0.00000000e+000 0.00000000e+000]
 [6.81313186e-001 2.64530872e-001 3.40239258e-001 ... 0.00000000e+000
  0.00000000e+000 0.00000000e+000]
 ...
 [2.11464231e-001 8.54076567e-001 4.43576363e-001 ... 4.74411127e-244
  0.00000000e+000 0.00000000e+000]
 [2.44971094e-001 8.38688024e-001 4.46272903e-001 ... 5.23847270e-177
  0.00000000e+000 0.00000000e+000]
 [2.80368051e-001 8.13654131e-001 4.43576363e-001 ... 9.57380445e-121
  0.00000000e+000 0.00000000e+000]]
[ 5.91680908e-01 -7.87441308e-01  1.31278809e+01 ... -7.62471273e-03
 -7.57388685e-03 -7.57154179e-03]
[[0.00166016 0.06056127]
 [0.00410156 0.0595752 ]
 [0.00688477 0.05916128]
 [0.01098633 0.05861247]
 [0.01494141 0.05826473]
 [0.02128906 0.05798702]
 [0.02402344 0.05792997]
 [0.02822266 0.05769474]
 [0.03134766 0.0575995 ]
 [0.03286133 0.05756257]
 [0.03813477 0.05685603]
 [0.06533203 0.0566507 ]
 [0.06542969 0.05665068]]
