12
0.005
qtot
MMA
location
[[0.70590027 1.         0.98425392 ... 0.60404715 0.41521124 0.08462419]
 [0.75709935 1.         0.98425392 ... 0.60404715 0.41521124 0.08637835]
 [0.76771265 1.         0.98425392 ... 0.60404715 0.41521124 0.08648138]
 ...
 [0.25849509 0.44891751 0.98494404 ... 0.68782473 0.44799568 0.08371885]
 [0.21421561 0.03537493 0.98494404 ... 0.68782473 0.44799568 0.        ]
 [0.22179105 0.10612479 0.98494404 ... 0.68782473 0.44799568 0.        ]]
3146
0.00023881472424012158
1
2
[[0.33577652 0.60081126 0.32930818 ... 0.71070835 0.31443769 0.31497864]
 [0.34443042 0.57813089 0.3135535  ... 0.68387941 0.32254162 0.30012491]
 [0.34604188 0.57318945 0.31019477 ... 0.67803412 0.32405067 0.29695421]
 ...
 [0.47061566 0.58569564 0.77771874 ... 0.64155476 0.43109417 0.69254148]
 [0.51391292 0.32550212 0.9127485  ... 0.35654599 0.43914297 0.7694566 ]
 [0.51785753 0.36817994 0.90848149 ... 0.40329409 0.44780771 0.77307063]]
[-2.58070921  2.03100979 -1.35300003 -1.9097009   4.36637227 -1.05083321
  3.19191778  6.21809536 -1.27610404 -3.60068702  3.96214263 -2.73348348
 -0.82148297  1.78388988 -0.81067329 -7.45475804  2.51766894  0.89729092
  1.66756499 -2.41457988  1.86579983 -2.15690595  0.64344659]
[[0.33577652 0.60081126 0.32930818 ... 0.19687064 0.59374932 0.18942428]
 [0.34443042 0.57813089 0.3135535  ... 0.20714921 0.62474871 0.19931408]
 [0.34604188 0.57318945 0.31019477 ... 0.20909208 0.63060827 0.20118347]
 ...
 [0.47061566 0.58569564 0.77771874 ... 0.28382477 0.31343012 0.19717394]
 [0.51391292 0.32550212 0.9127485  ... 0.2562944  0.14101807 0.1780485 ]
 [0.51785753 0.36817994 0.90848149 ... 0.27292299 0.16917554 0.18960044]]
[-2.58070921  2.03100979 -1.35300003 -1.9097009   4.36637227 -1.05083321
  3.19191778  6.21809536 -1.27610404 -3.60068702  3.96214263 -2.73348348
 -0.82148297  1.78388988 -0.81067329 -7.45475804  2.51766894  0.89729092
  1.66756499 -2.41457988  1.86579983 -2.15690595  0.64344659 -0.19931706
  2.50993756 -0.10290603 -0.26635567 -0.59382147 -0.14257824 -0.50876461
  0.93460495  0.09871976  0.22234719  2.37939205 -0.48660175  1.71650616
  1.58873301 -4.15206245  0.94396603  0.28084798 -0.57109753 -0.74095087
  2.40115714 -1.74389877 -1.06513495 -1.57685582  0.51021744  0.41389248
 -0.19975378 -1.98906182  1.29901127 -0.68707444]
[[0.33577652 0.60081126 0.32930818 ... 0.00928645 0.22542415 0.00568473]
 [0.34443042 0.57813089 0.3135535  ... 0.00763284 0.2495772  0.00467247]
 [0.34604188 0.57318945 0.31019477 ... 0.00731101 0.25428076 0.00447546]
 ...
 [0.47061566 0.58569564 0.77771874 ... 0.52709116 0.03814757 0.2794524 ]
 [0.51391292 0.32550212 0.9127485  ... 1.         0.00772209 0.5301785 ]
 [0.51785753 0.36817994 0.90848149 ... 0.98143111 0.01111375 0.52033368]]
[-2.58070921  2.03100979 -1.35300003 -1.9097009   4.36637227 -1.05083321
  3.19191778  6.21809536 -1.27610404 -3.60068702  3.96214263 -2.73348348
 -0.82148297  1.78388988 -0.81067329 -7.45475804  2.51766894  0.89729092
  1.66756499 -2.41457988  1.86579983 -2.15690595  0.64344659 -0.19931706
  2.50993756 -0.10290603 -0.26635567 -0.59382147 -0.14257824 -0.50876461
  0.93460495  0.09871976  0.22234719  2.37939205 -0.48660175  1.71650616
  1.58873301 -4.15206245  0.94396603  0.28084798 -0.57109753 -0.74095087
  2.40115714 -1.74389877 -1.06513495 -1.57685582  0.51021744  0.41389248
 -0.19975378 -1.98906182  1.29901127 -0.68707444  0.10461365  0.30454185
  0.01333794  0.10010059  1.15553032 -0.22737158 -0.40061852  0.20212784
 -0.47818116 -0.30695117  0.47130229  0.76704514  0.81432086 -0.61440736
 -0.35689323 -0.53623458 -0.12229507 -0.30086569 -0.10156459  0.50562736
  0.17369035 -0.65369647 -0.28575276  0.49455606  0.10981915  0.41636556
  0.14271468 -0.08218436 -0.31099303  0.20351042 -0.25100195 -0.29913084
 -0.65312337  0.31865019  0.29676332  0.08464001  0.10274731  0.21589178
 -0.12734785 -0.4591672  -0.20645528 -0.0282362   0.1119046  -0.23731275]
[[3.35776519e-01 6.00811258e-01 3.29308181e-01 ... 8.14248404e-02
  1.17459608e-04 2.39398500e-04]
 [3.44430423e-01 5.78130885e-01 3.13553499e-01 ... 5.98496738e-02
  1.43978597e-04 2.93447769e-04]
 [3.46041882e-01 5.73189451e-01 3.10194770e-01 ... 5.58776242e-02
  1.49456637e-04 3.04612754e-04]
 ...
 [4.70615664e-01 5.85695643e-01 7.77718740e-01 ... 5.59219294e-02
  1.13432388e-03 1.46584119e-03]
 [5.13912925e-01 3.25502118e-01 9.12748504e-01 ... 5.08905045e-04
  1.31524715e-03 1.69964106e-03]
 [5.17857535e-01 3.68179938e-01 9.08481494e-01 ... 1.36360055e-03
  1.53777363e-03 1.98720310e-03]]
[-2.58070921  2.03100979 -1.35300003 -1.9097009   4.36637227 -1.05083321
  3.19191778  6.21809536 -1.27610404 -3.60068702  3.96214263 -2.73348348
 -0.82148297  1.78388988 -0.81067329 -7.45475804  2.51766894  0.89729092
  1.66756499 -2.41457988  1.86579983 -2.15690595  0.64344659 -0.19931706
  2.50993756 -0.10290603 -0.26635567 -0.59382147 -0.14257824 -0.50876461
  0.93460495  0.09871976  0.22234719  2.37939205 -0.48660175  1.71650616
  1.58873301 -4.15206245  0.94396603  0.28084798 -0.57109753 -0.74095087
  2.40115714 -1.74389877 -1.06513495 -1.57685582  0.51021744  0.41389248
 -0.19975378 -1.98906182  1.29901127 -0.68707444  0.10461365  0.30454185
  0.01333794  0.10010059  1.15553032 -0.22737158 -0.40061852  0.20212784
 -0.47818116 -0.30695117  0.47130229  0.76704514  0.81432086 -0.61440736
 -0.35689323 -0.53623458 -0.12229507 -0.30086569 -0.10156459  0.50562736
  0.17369035 -0.65369647 -0.28575276  0.49455606  0.10981915  0.41636556
  0.14271468 -0.08218436 -0.31099303  0.20351042 -0.25100195 -0.29913084
 -0.65312337  0.31865019  0.29676332  0.08464001  0.10274731  0.21589178
 -0.12734785 -0.4591672  -0.20645528 -0.0282362   0.1119046  -0.23731275
 -0.32614519  0.36143479  0.46301352 -0.21017552  0.07797967 -0.11970947
 -0.47929538 -0.09035622  0.30268105 -0.11463017  0.32275165 -0.01907111
  0.02944257  0.04856209  0.69841478 -0.44096976 -0.23751118  0.15971007
  0.04705246  0.01613996 -0.03858887 -0.40951548 -0.04631494  0.55652908
  0.39026236  0.08519731 -0.26876789 -0.02533515 -0.3196379  -0.02806321
  0.21581715  0.01740344 -0.04760934  0.04517614 -0.47783974  0.04693665
  0.06520797 -0.02696877  0.09929421 -0.07855882 -0.03271659  0.24803861
 -0.34058428  0.13678145  0.06975854 -0.11599176 -0.0163461  -0.24366357
 -0.22312885]
[[3.35776519e-01 6.00811258e-01 3.29308181e-01 ... 2.11472316e-03
  5.45335877e-06 1.30118392e-06]
 [3.44430423e-01 5.78130885e-01 3.13553499e-01 ... 1.05464302e-03
  2.74896165e-06 6.14682795e-07]
 [3.46041882e-01 5.73189451e-01 3.10194770e-01 ... 9.04175352e-04
  2.36200238e-06 5.21097034e-07]
 ...
 [4.70615664e-01 5.85695643e-01 7.77718740e-01 ... 6.27637459e-02
  2.30432578e-03 3.05421209e-02]
 [5.13912925e-01 3.25502118e-01 9.12748504e-01 ... 9.37898012e-04
  1.52051889e-05 2.85381130e-02]
 [5.17857535e-01 3.68179938e-01 9.08481494e-01 ... 2.76845058e-03
  5.16186964e-05 4.15172750e-02]]
[-2.58070921  2.03100979 -1.35300003 -1.9097009   4.36637227 -1.05083321
  3.19191778  6.21809536 -1.27610404 -3.60068702  3.96214263 -2.73348348
 -0.82148297  1.78388988 -0.81067329 -7.45475804  2.51766894  0.89729092
  1.66756499 -2.41457988  1.86579983 -2.15690595  0.64344659 -0.19931706
  2.50993756 -0.10290603 -0.26635567 -0.59382147 -0.14257824 -0.50876461
  0.93460495  0.09871976  0.22234719  2.37939205 -0.48660175  1.71650616
  1.58873301 -4.15206245  0.94396603  0.28084798 -0.57109753 -0.74095087
  2.40115714 -1.74389877 -1.06513495 -1.57685582  0.51021744  0.41389248
 -0.19975378 -1.98906182  1.29901127 -0.68707444  0.10461365  0.30454185
  0.01333794  0.10010059  1.15553032 -0.22737158 -0.40061852  0.20212784
 -0.47818116 -0.30695117  0.47130229  0.76704514  0.81432086 -0.61440736
 -0.35689323 -0.53623458 -0.12229507 -0.30086569 -0.10156459  0.50562736
  0.17369035 -0.65369647 -0.28575276  0.49455606  0.10981915  0.41636556
  0.14271468 -0.08218436 -0.31099303  0.20351042 -0.25100195 -0.29913084
 -0.65312337  0.31865019  0.29676332  0.08464001  0.10274731  0.21589178
 -0.12734785 -0.4591672  -0.20645528 -0.0282362   0.1119046  -0.23731275
 -0.32614519  0.36143479  0.46301352 -0.21017552  0.07797967 -0.11970947
 -0.47929538 -0.09035622  0.30268105 -0.11463017  0.32275165 -0.01907111
  0.02944257  0.04856209  0.69841478 -0.44096976 -0.23751118  0.15971007
  0.04705246  0.01613996 -0.03858887 -0.40951548 -0.04631494  0.55652908
  0.39026236  0.08519731 -0.26876789 -0.02533515 -0.3196379  -0.02806321
  0.21581715  0.01740344 -0.04760934  0.04517614 -0.47783974  0.04693665
  0.06520797 -0.02696877  0.09929421 -0.07855882 -0.03271659  0.24803861
 -0.34058428  0.13678145  0.06975854 -0.11599176 -0.0163461  -0.24366357
 -0.22312885 -0.26600806  0.2576927  -0.07009845  0.11088289  0.1996526
 -0.12812236  0.13244784 -0.30266866 -0.0459621  -0.05790362 -0.23351753
  0.15643056  0.05276612 -0.09980757  0.0646988   0.04706638 -0.09307216
  0.16617251 -0.02814764 -0.31723579  0.17336431  0.27453002  0.45976495
 -0.04255841 -0.08016946  0.04074974 -0.03548969 -0.078353   -0.09431209
 -0.30284414  0.02564966 -0.02629261  0.03198722 -0.0275059  -0.29985014
 -0.1907054  -0.06490953 -0.0715058  -0.02555579 -0.05383386 -0.03140489
  0.02271229  0.02755273  0.17852557 -0.1294761   0.12227755  0.1980663
  0.13735611 -0.02393635 -0.02209253  0.01793025]
[[3.35776519e-01 6.00811258e-01 3.29308181e-01 ... 1.81192606e-03
  1.00000000e+00 6.10971186e-08]
 [3.44430423e-01 5.78130885e-01 3.13553499e-01 ... 3.90595946e-03
  9.25301378e-01 1.37929489e-07]
 [3.46041882e-01 5.73189451e-01 3.10194770e-01 ... 4.49200768e-03
  8.93008770e-01 1.60149641e-07]
 ...
 [4.70615664e-01 5.85695643e-01 7.77718740e-01 ... 2.52007606e-14
  2.18738255e-08 4.89626892e-10]
 [5.13912925e-01 3.25502118e-01 9.12748504e-01 ... 3.06637217e-23
  5.53093551e-17 1.19721908e-13]
 [5.17857535e-01 3.68179938e-01 9.08481494e-01 ... 2.12476367e-21
  3.38172176e-15 1.02705278e-12]]
[-2.58070921  2.03100979 -1.35300003 -1.9097009   4.36637227 -1.05083321
  3.19191778  6.21809536 -1.27610404 -3.60068702  3.96214263 -2.73348348
 -0.82148297  1.78388988 -0.81067329 -7.45475804  2.51766894  0.89729092
  1.66756499 -2.41457988  1.86579983 -2.15690595  0.64344659 -0.19931706
  2.50993756 -0.10290603 -0.26635567 -0.59382147 -0.14257824 -0.50876461
  0.93460495  0.09871976  0.22234719  2.37939205 -0.48660175  1.71650616
  1.58873301 -4.15206245  0.94396603  0.28084798 -0.57109753 -0.74095087
  2.40115714 -1.74389877 -1.06513495 -1.57685582  0.51021744  0.41389248
 -0.19975378 -1.98906182  1.29901127 -0.68707444  0.10461365  0.30454185
  0.01333794  0.10010059  1.15553032 -0.22737158 -0.40061852  0.20212784
 -0.47818116 -0.30695117  0.47130229  0.76704514  0.81432086 -0.61440736
 -0.35689323 -0.53623458 -0.12229507 -0.30086569 -0.10156459  0.50562736
  0.17369035 -0.65369647 -0.28575276  0.49455606  0.10981915  0.41636556
  0.14271468 -0.08218436 -0.31099303  0.20351042 -0.25100195 -0.29913084
 -0.65312337  0.31865019  0.29676332  0.08464001  0.10274731  0.21589178
 -0.12734785 -0.4591672  -0.20645528 -0.0282362   0.1119046  -0.23731275
 -0.32614519  0.36143479  0.46301352 -0.21017552  0.07797967 -0.11970947
 -0.47929538 -0.09035622  0.30268105 -0.11463017  0.32275165 -0.01907111
  0.02944257  0.04856209  0.69841478 -0.44096976 -0.23751118  0.15971007
  0.04705246  0.01613996 -0.03858887 -0.40951548 -0.04631494  0.55652908
  0.39026236  0.08519731 -0.26876789 -0.02533515 -0.3196379  -0.02806321
  0.21581715  0.01740344 -0.04760934  0.04517614 -0.47783974  0.04693665
  0.06520797 -0.02696877  0.09929421 -0.07855882 -0.03271659  0.24803861
 -0.34058428  0.13678145  0.06975854 -0.11599176 -0.0163461  -0.24366357
 -0.22312885 -0.26600806  0.2576927  -0.07009845  0.11088289  0.1996526
 -0.12812236  0.13244784 -0.30266866 -0.0459621  -0.05790362 -0.23351753
  0.15643056  0.05276612 -0.09980757  0.0646988   0.04706638 -0.09307216
  0.16617251 -0.02814764 -0.31723579  0.17336431  0.27453002  0.45976495
 -0.04255841 -0.08016946  0.04074974 -0.03548969 -0.078353   -0.09431209
 -0.30284414  0.02564966 -0.02629261  0.03198722 -0.0275059  -0.29985014
 -0.1907054  -0.06490953 -0.0715058  -0.02555579 -0.05383386 -0.03140489
  0.02271229  0.02755273  0.17852557 -0.1294761   0.12227755  0.1980663
  0.13735611 -0.02393635 -0.02209253  0.01793025  0.18420518 -0.24835483
 -0.08532866  0.26564104 -0.0763208   0.03109852 -0.26218061  0.1601668
  0.09453557 -0.12259313  0.11450635 -0.09309927  0.10215608 -0.07793037
 -0.19398168  0.1209534  -0.19913801  0.07038419 -0.07898591 -0.01067127
  0.26182106 -0.15198537  0.07914065 -0.04202077  0.1199068   0.01076195
 -0.09962461 -0.10424498 -0.12148049  0.0167319   0.01641788  0.05098893
  0.08012703  0.14181716  0.06971948 -0.1395355  -0.16857794 -0.08157833
  0.0909576  -0.03878597  0.05491705  0.04243929  0.06784282 -0.18858566
  0.0823252  -0.02492669 -0.09465773  0.08268805  0.07222404 -0.08013776
  0.08286848  0.0333659   0.02404262  0.17305099  0.11309749 -0.04680249
  0.07203868 -0.04644355  0.06608895  0.0937736  -0.10000414  0.11719778
 -0.05337677 -0.04049059  0.02038145 -0.03601199 -0.09263925  0.01898734
 -0.04455903  0.03791379  0.13896743 -0.13148207 -0.06393399 -0.13859494
  0.05603269  0.01436925  0.01913922 -0.10223728 -0.02383354 -0.01620714
  0.06052181  0.01796992  0.07856249  0.05535045  0.23270199 -0.03637885
  0.01640159  0.04779512]
[[3.35776519e-01 6.00811258e-01 3.29308181e-01 ... 3.68662372e-21
  1.84661802e-21 1.31487854e-17]
 [3.44430423e-01 5.78130885e-01 3.13553499e-01 ... 2.09244006e-22
  9.41134299e-21 6.70130819e-17]
 [3.46041882e-01 5.73189451e-01 3.10194770e-01 ... 1.11043287e-22
  1.26878970e-20 9.03436255e-17]
 ...
 [4.70615664e-01 5.85695643e-01 7.77718740e-01 ... 5.89307985e-09
  6.13380992e-19 8.40991996e-17]
 [5.13912925e-01 3.25502118e-01 9.12748504e-01 ... 2.09177078e-13
  2.34300196e-20 3.75590143e-20]
 [5.17857535e-01 3.68179938e-01 9.08481494e-01 ... 5.16233145e-12
  1.75147815e-19 6.01032566e-19]]
[-2.58070921  2.03100979 -1.35300003 -1.9097009   4.36637227 -1.05083321
  3.19191778  6.21809536 -1.27610404 -3.60068702  3.96214263 -2.73348348
 -0.82148297  1.78388988 -0.81067329 -7.45475804  2.51766894  0.89729092
  1.66756499 -2.41457988  1.86579983 -2.15690595  0.64344659 -0.19931706
  2.50993756 -0.10290603 -0.26635567 -0.59382147 -0.14257824 -0.50876461
  0.93460495  0.09871976  0.22234719  2.37939205 -0.48660175  1.71650616
  1.58873301 -4.15206245  0.94396603  0.28084798 -0.57109753 -0.74095087
  2.40115714 -1.74389877 -1.06513495 -1.57685582  0.51021744  0.41389248
 -0.19975378 -1.98906182  1.29901127 -0.68707444  0.10461365  0.30454185
  0.01333794  0.10010059  1.15553032 -0.22737158 -0.40061852  0.20212784
 -0.47818116 -0.30695117  0.47130229  0.76704514  0.81432086 -0.61440736
 -0.35689323 -0.53623458 -0.12229507 -0.30086569 -0.10156459  0.50562736
  0.17369035 -0.65369647 -0.28575276  0.49455606  0.10981915  0.41636556
  0.14271468 -0.08218436 -0.31099303  0.20351042 -0.25100195 -0.29913084
 -0.65312337  0.31865019  0.29676332  0.08464001  0.10274731  0.21589178
 -0.12734785 -0.4591672  -0.20645528 -0.0282362   0.1119046  -0.23731275
 -0.32614519  0.36143479  0.46301352 -0.21017552  0.07797967 -0.11970947
 -0.47929538 -0.09035622  0.30268105 -0.11463017  0.32275165 -0.01907111
  0.02944257  0.04856209  0.69841478 -0.44096976 -0.23751118  0.15971007
  0.04705246  0.01613996 -0.03858887 -0.40951548 -0.04631494  0.55652908
  0.39026236  0.08519731 -0.26876789 -0.02533515 -0.3196379  -0.02806321
  0.21581715  0.01740344 -0.04760934  0.04517614 -0.47783974  0.04693665
  0.06520797 -0.02696877  0.09929421 -0.07855882 -0.03271659  0.24803861
 -0.34058428  0.13678145  0.06975854 -0.11599176 -0.0163461  -0.24366357
 -0.22312885 -0.26600806  0.2576927  -0.07009845  0.11088289  0.1996526
 -0.12812236  0.13244784 -0.30266866 -0.0459621  -0.05790362 -0.23351753
  0.15643056  0.05276612 -0.09980757  0.0646988   0.04706638 -0.09307216
  0.16617251 -0.02814764 -0.31723579  0.17336431  0.27453002  0.45976495
 -0.04255841 -0.08016946  0.04074974 -0.03548969 -0.078353   -0.09431209
 -0.30284414  0.02564966 -0.02629261  0.03198722 -0.0275059  -0.29985014
 -0.1907054  -0.06490953 -0.0715058  -0.02555579 -0.05383386 -0.03140489
  0.02271229  0.02755273  0.17852557 -0.1294761   0.12227755  0.1980663
  0.13735611 -0.02393635 -0.02209253  0.01793025  0.18420518 -0.24835483
 -0.08532866  0.26564104 -0.0763208   0.03109852 -0.26218061  0.1601668
  0.09453557 -0.12259313  0.11450635 -0.09309927  0.10215608 -0.07793037
 -0.19398168  0.1209534  -0.19913801  0.07038419 -0.07898591 -0.01067127
  0.26182106 -0.15198537  0.07914065 -0.04202077  0.1199068   0.01076195
 -0.09962461 -0.10424498 -0.12148049  0.0167319   0.01641788  0.05098893
  0.08012703  0.14181716  0.06971948 -0.1395355  -0.16857794 -0.08157833
  0.0909576  -0.03878597  0.05491705  0.04243929  0.06784282 -0.18858566
  0.0823252  -0.02492669 -0.09465773  0.08268805  0.07222404 -0.08013776
  0.08286848  0.0333659   0.02404262  0.17305099  0.11309749 -0.04680249
  0.07203868 -0.04644355  0.06608895  0.0937736  -0.10000414  0.11719778
 -0.05337677 -0.04049059  0.02038145 -0.03601199 -0.09263925  0.01898734
 -0.04455903  0.03791379  0.13896743 -0.13148207 -0.06393399 -0.13859494
  0.05603269  0.01436925  0.01913922 -0.10223728 -0.02383354 -0.01620714
  0.06052181  0.01796992  0.07856249  0.05535045  0.23270199 -0.03637885
  0.01640159  0.04779512  0.34311757 -0.09589728 -0.13280237 -0.12890917
  0.35986654 -0.2432669  -0.11813106  0.02925877 -0.10451095  0.11627955
 -0.09585876  0.10267369  0.10572793  0.18123057 -0.12459032 -0.09942469
  0.11938475  0.44482631 -0.03018563 -0.0169612   0.63929481 -0.46758537
  0.08182024 -0.02795973 -0.00929828 -0.31702292  0.03987729 -0.21120768
  0.32861028  0.07353715 -0.05986541 -0.02848813 -0.11390569 -0.32776418
  0.35055527  0.04954317 -0.05483155  0.17905318 -0.08149958  0.05443549
 -0.09020566 -0.1230659   0.05385347 -0.60537148  0.65682666 -0.32307278
  0.0284686   0.02574753 -0.19149109 -0.01698543  0.07771962 -0.10254527
 -0.03586816 -0.0266243  -0.05879249  0.04918885  0.0221362  -0.11152276
  0.1001848   0.02335276 -0.01130635  0.07751557 -0.02861875  0.0387687
  0.04576319 -0.01256877  0.0666864  -0.01608551  0.0660303  -0.04057362
  0.04606801  0.3817701   0.01333649  0.0341483  -0.07575762 -0.09692189
  0.04399979 -0.04338131 -0.08543329  0.06810175 -0.03622004 -0.0555455
  0.04115616  0.01467041 -0.02116613 -0.04616497  0.10989612 -0.1083632
  0.01679684 -0.0418376  -0.02922496  0.06825368  0.0555676  -0.0509847
  0.0420881  -0.01512995 -0.11183753 -0.0228511   0.02568139 -0.05159092
  0.03780377  0.0496815  -0.03011418  0.03058903 -0.02999362 -0.01155366
 -0.27900277  0.05413806 -0.06816174  0.07019046 -0.02338861 -0.06988575
 -0.02592274 -0.02048973  0.03010318 -0.01249315  0.09299865 -0.05899492
 -0.05857288 -0.03762284 -0.05026892  0.18037325  0.01522694 -0.02924566
  0.01486121  0.15708828  0.01309062  0.01460003 -0.03681169 -0.07404492
  0.04296402 -0.01526086  0.0156101   0.04614672  0.01653241 -0.08661243
 -0.08153642  0.05570575  0.03025305 -0.01288349  0.04737114 -0.05288491
  0.05898843  0.04411839 -0.02409234 -0.0463066  -0.01349617  0.0450911
 -0.0360946   0.02880779  0.01591053 -0.01375548  0.11856425 -0.07834368
  0.04822056 -0.03672766  0.01740771 -0.02951269  0.01433882  0.02363859
  0.03590838 -0.05168735  0.03560046 -0.01165332 -0.03074329 -0.01119976
  0.0273993  -0.07052293 -0.07338839  0.01149598 -0.01429021 -0.03356128
 -0.03501322 -0.02157939  0.01985975 -0.02394336  0.03317452  0.02896524
  0.01071113  0.02906363  0.01547058 -0.04687342  0.03740593  0.24514833
  0.02685926  0.02736596 -0.02662506  0.0296709  -0.02955898  0.0218996
  0.01803326 -0.04337088  0.03261463]
[[3.35776519e-01 6.00811258e-01 3.29308181e-01 ... 5.12351160e-22
  8.48361227e-39 1.13115036e-63]
 [3.44430423e-01 5.78130885e-01 3.13553499e-01 ... 2.53540297e-24
  2.30013687e-41 2.55922977e-66]
 [3.46041882e-01 5.73189451e-01 3.10194770e-01 ... 7.80497868e-25
  6.25044489e-42 6.69848341e-67]
 ...
 [4.70615664e-01 5.85695643e-01 7.77718740e-01 ... 4.30395620e-12
  1.50263427e-06 1.73350498e-15]
 [5.13912925e-01 3.25502118e-01 9.12748504e-01 ... 3.23199203e-35
  9.77752783e-10 1.11759104e-12]
 [5.17857535e-01 3.68179938e-01 9.08481494e-01 ... 5.34240531e-30
  6.27326064e-08 6.75678550e-12]]
[-2.58070921e+00  2.03100979e+00 -1.35300003e+00 -1.90970090e+00
  4.36637227e+00 -1.05083321e+00  3.19191778e+00  6.21809536e+00
 -1.27610404e+00 -3.60068702e+00  3.96214263e+00 -2.73348348e+00
 -8.21482969e-01  1.78388988e+00 -8.10673287e-01 -7.45475804e+00
  2.51766894e+00  8.97290916e-01  1.66756499e+00 -2.41457988e+00
  1.86579983e+00 -2.15690595e+00  6.43446588e-01 -1.99317059e-01
  2.50993756e+00 -1.02906028e-01 -2.66355665e-01 -5.93821469e-01
 -1.42578242e-01 -5.08764608e-01  9.34604948e-01  9.87197625e-02
  2.22347190e-01  2.37939205e+00 -4.86601749e-01  1.71650616e+00
  1.58873301e+00 -4.15206245e+00  9.43966025e-01  2.80847984e-01
 -5.71097527e-01 -7.40950869e-01  2.40115714e+00 -1.74389877e+00
 -1.06513495e+00 -1.57685582e+00  5.10217441e-01  4.13892483e-01
 -1.99753779e-01 -1.98906182e+00  1.29901127e+00 -6.87074443e-01
  1.04613653e-01  3.04541847e-01  1.33379438e-02  1.00100592e-01
  1.15553032e+00 -2.27371581e-01 -4.00618522e-01  2.02127836e-01
 -4.78181156e-01 -3.06951165e-01  4.71302288e-01  7.67045141e-01
  8.14320863e-01 -6.14407363e-01 -3.56893233e-01 -5.36234585e-01
 -1.22295072e-01 -3.00865686e-01 -1.01564585e-01  5.05627363e-01
  1.73690347e-01 -6.53696469e-01 -2.85752759e-01  4.94556059e-01
  1.09819151e-01  4.16365561e-01  1.42714678e-01 -8.21843599e-02
 -3.10993027e-01  2.03510420e-01 -2.51001955e-01 -2.99130836e-01
 -6.53123371e-01  3.18650192e-01  2.96763317e-01  8.46400114e-02
  1.02747313e-01  2.15891783e-01 -1.27347851e-01 -4.59167199e-01
 -2.06455276e-01 -2.82362005e-02  1.11904595e-01 -2.37312750e-01
 -3.26145191e-01  3.61434793e-01  4.63013517e-01 -2.10175523e-01
  7.79796694e-02 -1.19709468e-01 -4.79295382e-01 -9.03562168e-02
  3.02681053e-01 -1.14630168e-01  3.22751650e-01 -1.90711119e-02
  2.94425653e-02  4.85620874e-02  6.98414775e-01 -4.40969763e-01
 -2.37511182e-01  1.59710067e-01  4.70524649e-02  1.61399602e-02
 -3.85888745e-02 -4.09515480e-01 -4.63149419e-02  5.56529076e-01
  3.90262356e-01  8.51973132e-02 -2.68767889e-01 -2.53351535e-02
 -3.19637897e-01 -2.80632133e-02  2.15817150e-01  1.74034382e-02
 -4.76093447e-02  4.51761406e-02 -4.77839736e-01  4.69366543e-02
  6.52079664e-02 -2.69687750e-02  9.92942109e-02 -7.85588168e-02
 -3.27165927e-02  2.48038610e-01 -3.40584279e-01  1.36781454e-01
  6.97585434e-02 -1.15991758e-01 -1.63460999e-02 -2.43663574e-01
 -2.23128847e-01 -2.66008062e-01  2.57692700e-01 -7.00984530e-02
  1.10882890e-01  1.99652599e-01 -1.28122356e-01  1.32447836e-01
 -3.02668659e-01 -4.59620973e-02 -5.79036183e-02 -2.33517535e-01
  1.56430565e-01  5.27661173e-02 -9.98075666e-02  6.46988046e-02
  4.70663770e-02 -9.30721623e-02  1.66172513e-01 -2.81476448e-02
 -3.17235785e-01  1.73364309e-01  2.74530019e-01  4.59764949e-01
 -4.25584080e-02 -8.01694629e-02  4.07497440e-02 -3.54896876e-02
 -7.83529986e-02 -9.43120889e-02 -3.02844138e-01  2.56496560e-02
 -2.62926097e-02  3.19872247e-02 -2.75059002e-02 -2.99850138e-01
 -1.90705401e-01 -6.49095252e-02 -7.15057983e-02 -2.55557935e-02
 -5.38338564e-02 -3.14048877e-02  2.27122941e-02  2.75527255e-02
  1.78525568e-01 -1.29476104e-01  1.22277548e-01  1.98066297e-01
  1.37356112e-01 -2.39363522e-02 -2.20925282e-02  1.79302504e-02
  1.84205182e-01 -2.48354830e-01 -8.53286608e-02  2.65641039e-01
 -7.63207997e-02  3.10985167e-02 -2.62180608e-01  1.60166801e-01
  9.45355715e-02 -1.22593126e-01  1.14506351e-01 -9.30992696e-02
  1.02156078e-01 -7.79303657e-02 -1.93981684e-01  1.20953402e-01
 -1.99138006e-01  7.03841863e-02 -7.89859149e-02 -1.06712716e-02
  2.61821064e-01 -1.51985370e-01  7.91406507e-02 -4.20207651e-02
  1.19906799e-01  1.07619526e-02 -9.96246104e-02 -1.04244980e-01
 -1.21480491e-01  1.67319038e-02  1.64178782e-02  5.09889265e-02
  8.01270313e-02  1.41817158e-01  6.97194830e-02 -1.39535499e-01
 -1.68577941e-01 -8.15783335e-02  9.09576016e-02 -3.87859671e-02
  5.49170535e-02  4.24392940e-02  6.78428186e-02 -1.88585661e-01
  8.23252028e-02 -2.49266891e-02 -9.46577263e-02  8.26880492e-02
  7.22240435e-02 -8.01377568e-02  8.28684809e-02  3.33659037e-02
  2.40426197e-02  1.73050987e-01  1.13097486e-01 -4.68024890e-02
  7.20386812e-02 -4.64435540e-02  6.60889450e-02  9.37736034e-02
 -1.00004142e-01  1.17197783e-01 -5.33767741e-02 -4.04905927e-02
  2.03814546e-02 -3.60119908e-02 -9.26392532e-02  1.89873445e-02
 -4.45590265e-02  3.79137873e-02  1.38967433e-01 -1.31482074e-01
 -6.39339933e-02 -1.38594937e-01  5.60326853e-02  1.43692540e-02
  1.91392238e-02 -1.02237277e-01 -2.38335392e-02 -1.62071414e-02
  6.05218071e-02  1.79699230e-02  7.85624934e-02  5.53504495e-02
  2.32701994e-01 -3.63788468e-02  1.64015885e-02  4.77951246e-02
  3.43117570e-01 -9.58972785e-02 -1.32802374e-01 -1.28909167e-01
  3.59866539e-01 -2.43266901e-01 -1.18131058e-01  2.92587656e-02
 -1.04510953e-01  1.16279548e-01 -9.58587628e-02  1.02673693e-01
  1.05727935e-01  1.81230566e-01 -1.24590317e-01 -9.94246939e-02
  1.19384751e-01  4.44826306e-01 -3.01856290e-02 -1.69611957e-02
  6.39294809e-01 -4.67585370e-01  8.18202449e-02 -2.79597271e-02
 -9.29828324e-03 -3.17022917e-01  3.98772914e-02 -2.11207684e-01
  3.28610281e-01  7.35371487e-02 -5.98654097e-02 -2.84881294e-02
 -1.13905693e-01 -3.27764181e-01  3.50555268e-01  4.95431669e-02
 -5.48315544e-02  1.79053184e-01 -8.14995840e-02  5.44354870e-02
 -9.02056647e-02 -1.23065900e-01  5.38534676e-02 -6.05371475e-01
  6.56826657e-01 -3.23072776e-01  2.84685987e-02  2.57475341e-02
 -1.91491089e-01 -1.69854272e-02  7.77196182e-02 -1.02545273e-01
 -3.58681632e-02 -2.66243036e-02 -5.87924860e-02  4.91888473e-02
  2.21361990e-02 -1.11522756e-01  1.00184798e-01  2.33527604e-02
 -1.13063527e-02  7.75155673e-02 -2.86187516e-02  3.87687006e-02
  4.57631934e-02 -1.25687739e-02  6.66863991e-02 -1.60855088e-02
  6.60302980e-02 -4.05736158e-02  4.60680133e-02  3.81770105e-01
  1.33364889e-02  3.41482986e-02 -7.57576210e-02 -9.69218946e-02
  4.39997926e-02 -4.33813064e-02 -8.54332895e-02  6.81017492e-02
 -3.62200391e-02 -5.55454965e-02  4.11561599e-02  1.46704116e-02
 -2.11661318e-02 -4.61649749e-02  1.09896123e-01 -1.08363202e-01
  1.67968374e-02 -4.18375981e-02 -2.92249569e-02  6.82536751e-02
  5.55676024e-02 -5.09847039e-02  4.20880951e-02 -1.51299522e-02
 -1.11837527e-01 -2.28511024e-02  2.56813882e-02 -5.15909237e-02
  3.78037733e-02  4.96814994e-02 -3.01141799e-02  3.05890332e-02
 -2.99936181e-02 -1.15536565e-02 -2.79002765e-01  5.41380577e-02
 -6.81617404e-02  7.01904587e-02 -2.33886122e-02 -6.98857481e-02
 -2.59227431e-02 -2.04897277e-02  3.01031815e-02 -1.24931456e-02
  9.29986475e-02 -5.89949195e-02 -5.85728778e-02 -3.76228435e-02
 -5.02689155e-02  1.80373248e-01  1.52269377e-02 -2.92456578e-02
  1.48612138e-02  1.57088275e-01  1.30906160e-02  1.46000292e-02
 -3.68116880e-02 -7.40449218e-02  4.29640247e-02 -1.52608635e-02
  1.56101012e-02  4.61467212e-02  1.65324145e-02 -8.66124337e-02
 -8.15364229e-02  5.57057459e-02  3.02530499e-02 -1.28834877e-02
  4.73711417e-02 -5.28849097e-02  5.89884255e-02  4.41183857e-02
 -2.40923410e-02 -4.63065971e-02 -1.34961748e-02  4.50910958e-02
 -3.60946044e-02  2.88077875e-02  1.59105250e-02 -1.37554790e-02
  1.18564253e-01 -7.83436775e-02  4.82205614e-02 -3.67276612e-02
  1.74077064e-02 -2.95126922e-02  1.43388210e-02  2.36385868e-02
  3.59083768e-02 -5.16873539e-02  3.56004567e-02 -1.16533245e-02
 -3.07432865e-02 -1.11997608e-02  2.73993016e-02 -7.05229343e-02
 -7.33883935e-02  1.14959752e-02 -1.42902079e-02 -3.35612774e-02
 -3.50132220e-02 -2.15793913e-02  1.98597472e-02 -2.39433563e-02
  3.31745225e-02  2.89652428e-02  1.07111322e-02  2.90636290e-02
  1.54705787e-02 -4.68734238e-02  3.74059303e-02  2.45148327e-01
  2.68592593e-02  2.73659599e-02 -2.66250606e-02  2.96709017e-02
 -2.95589787e-02  2.18995983e-02  1.80332574e-02 -4.33708789e-02
  3.26146299e-02  2.04475195e-01 -1.29783416e-01 -1.17799955e-01
  7.19078727e-02  9.62174265e-02 -3.68787666e-02 -1.14905625e-01
  1.46795907e-01  3.15441619e-02 -1.28191349e-01  5.25333646e-02
  1.39049784e-01 -2.35416763e-02 -7.21032820e-02  5.35659915e-02
 -1.92859112e-01  2.16386862e-01  4.69056883e-02  1.73868310e-01
 -1.51121967e-01  1.41337769e-02  1.18400925e-01 -9.76196532e-02
 -1.68089833e-01  1.70471194e-01  5.82467233e-02 -4.38484241e-02
  3.51413930e-02 -2.02738837e-02  4.97994746e-02 -6.51045247e-02
 -2.67760105e-02 -3.43798776e-02  1.10367194e-01 -5.05617718e-02
 -1.58679463e-01  7.61720340e-02 -5.35986636e-02  1.53133699e-01
  2.59550956e-02  3.50503512e-02 -2.44294375e-02  2.67908502e-02
  4.14290297e-02 -8.66620558e-02 -1.86854323e-02  8.10176807e-02
  4.41033284e-02 -3.34497681e-02 -1.89261529e-01  1.61926448e-01
 -1.94619933e-02  1.63432261e-02 -2.69408573e-02  4.71105027e-02
 -2.77043999e-02  1.55092159e-02 -1.76169238e-02 -4.50760886e-02
 -8.37221092e-02  3.91634847e-02  5.01553806e-02  1.35108264e-02
 -2.99770302e-02 -3.29362213e-02 -5.18524387e-02  3.56410384e-02
  1.33935353e-02 -1.61637516e-02  1.86554363e-02 -1.25033774e-02
  3.34676382e-02  9.09947150e-02 -8.00374582e-02  3.55412824e-02
  2.89114717e-02  1.34176596e-02 -2.91772861e-02 -1.31787786e-02
 -2.95410289e-02  1.90599235e-02 -1.64119396e-02 -8.42161101e-02
  7.23321943e-02 -1.76195469e-02 -2.85724194e-02  6.71953498e-02
  2.75847485e-02  1.30874286e-02 -3.03344600e-02  2.98955653e-02
 -2.64918308e-02  2.43816566e-02 -2.01195627e-02  2.40593248e-02
  1.24595916e-02 -1.22475478e-01  1.13422262e-01  7.62749474e-02
 -6.51888917e-02 -1.27028478e-02 -2.84563001e-02  2.88614071e-02
 -6.51194286e-02  3.33852417e-02 -4.27997191e-02  2.54562100e-02
 -2.21339152e-02  2.34946238e-02 -2.51128961e-02 -1.05235872e-02
  1.21980683e-02  2.40208917e-02 -1.95604596e-02 -1.24939858e-02
 -1.61792380e-02  1.57068566e-02  1.88252068e-02  2.08533732e-02
  2.25770828e-02 -2.72888590e-02  2.75312443e-02  2.88997177e-02
 -1.67231106e-02 -2.57244183e-02  4.42641563e-02 -3.81575684e-02
 -1.87063039e-02 -2.29489323e-02  1.32727338e-02  8.80737980e-03
 -1.59019565e-02 -1.78188522e-02 -2.32485852e-02 -7.50524708e-03
  1.74520812e-02  5.33957263e-02 -1.90894199e-02 -2.26462624e-02
 -1.19593388e-02  9.96523309e-03  1.44472104e-02 -2.29270132e-02
 -2.29159201e-02  2.17927045e-02 -1.95474998e-02  1.53141820e-02
 -2.37595443e-02 -2.05136750e-02  1.70694994e-02 -2.08582704e-02
  2.14803657e-02  1.68263184e-02 -1.93760997e-02 -8.33435445e-03
 -3.87720480e-02 -1.77156639e-02  3.17109523e-02  6.20411615e-03
 -1.74129721e-02  1.89297830e-02  1.25148474e-02 -5.29869712e-02
 -6.86154917e-02 -1.53685814e-02  9.39680560e-03  4.90696325e-02
 -2.07595570e-02  2.19921134e-02 -1.19439512e-02 -1.24417564e-02
  2.01269722e-02  1.72260536e-02 -1.93402326e-02  1.65274338e-02
  4.31749958e-02  4.60295725e-02  3.96376036e-02  1.91082849e-02
 -3.37709961e-02 -1.51938347e-02  7.43264031e-03 -7.21141981e-03
 -1.93850948e-02  3.08989845e-02  7.79093494e-02 -4.26493613e-02
  1.37561320e-02 -1.69916420e-02  1.68748947e-02  9.75372277e-03
 -8.16983714e-03 -3.79193959e-02  5.66545510e-02  1.00451452e-02
  1.08588635e-02 -1.44818822e-02 -7.48653183e-03  1.84750562e-02
  2.28587791e-02 -2.35466071e-02 -1.94859960e-02 -2.30802685e-02
  1.39353249e-02 -2.99538357e-02  1.47166659e-02  3.23642787e-02
 -6.69605997e-02  6.15397240e-02  1.87642902e-02 -1.55170900e-02
 -1.16732890e-02  2.32418373e-02 -3.29233630e-02  2.98862791e-02
  1.71490078e-02 -8.90150012e-03 -7.60491259e-03  1.67591639e-02
 -8.97762644e-03  1.67680531e-02  7.20806984e-03 -8.57904704e-03
  8.73465535e-03  4.86539938e-02 -3.59368030e-02  2.08341770e-02
 -1.88962516e-02  1.85249609e-02  9.71812358e-03 -8.60313314e-03
  7.84201802e-03 -6.58857611e-03 -1.37333733e-02 -8.88868552e-03
 -8.00510145e-03  1.63129866e-02  1.51631140e-02 -1.68763673e-02
  1.55065212e-02 -1.50381731e-02 -1.68953042e-02  1.52071459e-02
  1.22590334e-02 -3.08744725e-02 -7.87178323e-03 -1.03840441e-02
 -6.48717995e-03 -7.49804526e-03  1.06353941e-02 -8.61837442e-03
  9.22804712e-03 -2.71646148e-02  1.42288236e-02  3.77290926e-02
 -1.53339216e-02  1.91360930e-02 -9.35734053e-03 -1.42562777e-02
  6.15618894e-03  1.65029406e-02 -1.35281120e-02 -1.24035990e-02
  1.51447425e-02  1.07652763e-02  1.60535503e-02  1.34863687e-02
 -8.70148290e-03 -1.58878352e-02  1.32824823e-02 -8.29435008e-03
 -2.24988347e-02 -1.20076294e-02 -1.33588186e-02  1.56004802e-02
  1.41954263e-02  1.55584118e-02  1.46820918e-02 -1.52981884e-02
 -1.36929331e-02 -1.35347112e-02 -1.52262448e-02 -1.63550284e-02
  1.07682307e-02  8.18257624e-03 -1.20866217e-02 -1.21050748e-02
 -1.56522590e-02 -1.20434625e-02  1.52242957e-02 -1.28688030e-02
  1.43611616e-02  1.10599171e-02 -1.62788643e-02  1.14809703e-02
  1.47966802e-02  5.93665616e-02 -1.49906712e-02 -1.20934271e-02
 -1.16350776e-02  4.53746722e-02 -1.18954033e-02 -6.59211077e-03
  7.68070122e-03 -1.46399965e-02  3.11490974e-02  1.33409572e-02
 -1.38351182e-02 -4.58737503e-02  4.43393584e-02 -1.46095567e-02
  2.38760131e-02  1.41234055e-02  4.31545824e-02 -7.11193433e-02
  7.12011860e-02 -3.34224448e-02  1.11869754e-02 -1.22625622e-02
 -5.78870904e-03 -1.44512184e-02  6.99143211e-03  1.33972856e-02
 -1.33705094e-02 -1.16554415e-02  7.44432077e-03 -6.16810178e-03
 -1.41510645e-02  8.94432682e-03  5.96304038e-03 -1.09192911e-02
  7.29904788e-03  1.26940357e-02  7.37115023e-03  1.28144991e-02
 -3.48285146e-02  3.22644082e-02  1.45554335e-02  1.04970242e-02
 -4.69437940e-02 -6.23931508e-03  6.02170332e-03 -1.36228056e-02
  1.15594967e-02 -1.51016542e-02 -1.37328754e-02  1.30642764e-02
  1.13567054e-02 -6.51614621e-03 -1.17073405e-02 -1.35530390e-02
 -3.05442202e-02 -1.13743306e-02  1.16868652e-02 -1.17202020e-02]
[[3.35776519e-001 6.00811258e-001 3.29308181e-001 ... 4.65612946e-030
  7.09564269e-023 3.60127626e-010]
 [3.44430423e-001 5.78130885e-001 3.13553499e-001 ... 1.14020670e-034
  5.33512758e-025 2.46032863e-010]
 [3.46041882e-001 5.73189451e-001 3.10194770e-001 ... 1.08052058e-035
  1.65720759e-025 1.94620277e-010]
 ...
 [4.70615664e-001 5.85695643e-001 7.77718740e-001 ... 7.75156156e-024
  2.26606804e-058 1.70455510e-053]
 [5.13912925e-001 3.25502118e-001 9.12748504e-001 ... 4.37113357e-070
  1.51981823e-125 2.31431860e-122]
 [5.17857535e-001 3.68179938e-001 9.08481494e-001 ... 1.19433781e-059
  1.57823060e-111 4.68344432e-108]]
[-2.58070921  2.03100979 -1.35300003 ... -0.01019784  0.00584494
 -0.00539832]
[[3.35776519e-001 6.00811258e-001 3.29308181e-001 ... 7.25738973e-098
  6.34143900e-156 2.51944947e-163]
 [3.44430423e-001 5.78130885e-001 3.13553499e-001 ... 3.30341273e-092
  3.42672528e-166 1.14682537e-157]
 [3.46041882e-001 5.73189451e-001 3.10194770e-001 ... 3.60466001e-091
  1.86856536e-168 1.25141305e-156]
 ...
 [4.70615664e-001 5.85695643e-001 7.77718740e-001 ... 6.15567614e-161
  8.06106755e-010 9.92019001e-153]
 [5.13912925e-001 3.25502118e-001 9.12748504e-001 ... 1.00510077e-218
  1.44509248e-022 1.56999610e-179]
 [5.17857535e-001 3.68179938e-001 9.08481494e-001 ... 8.64800146e-204
  2.44879667e-015 6.75101580e-170]]
[-2.58070921  2.03100979 -1.35300003 ...  0.00968538  0.00956188
  0.00968367]
[[3.35776519e-001 6.00811258e-001 3.29308181e-001 ... 1.22703087e-079
  1.00294562e-082 0.00000000e+000]
 [3.44430423e-001 5.78130885e-001 3.13553499e-001 ... 1.66113469e-097
  4.64900360e-098 0.00000000e+000]
 [3.46041882e-001 5.73189451e-001 3.10194770e-001 ... 1.76337818e-101
  1.65461210e-101 0.00000000e+000]
 ...
 [4.70615664e-001 5.85695643e-001 7.77718740e-001 ... 2.18916319e-127
  5.14968960e-197 2.26593007e-081]
 [5.13912925e-001 3.25502118e-001 9.12748504e-001 ... 0.00000000e+000
  0.00000000e+000 7.28203340e-107]
 [5.17857535e-001 3.68179938e-001 9.08481494e-001 ... 4.77679615e-307
  0.00000000e+000 2.09106163e-092]]
[-2.58070921  2.03100979 -1.35300003 ...  0.00885542 -0.00708546
 -0.0087873 ]
[[3.35776519e-001 6.00811258e-001 3.29308181e-001 ... 0.00000000e+000
  7.23456490e-192 2.20716877e-220]
 [3.44430423e-001 5.78130885e-001 3.13553499e-001 ... 0.00000000e+000
  1.78357542e-212 2.24874471e-227]
 [3.46041882e-001 5.73189451e-001 3.10194770e-001 ... 0.00000000e+000
  2.74973703e-217 2.30416434e-229]
 ...
 [4.70615664e-001 5.85695643e-001 7.77718740e-001 ... 3.42043242e-118
  0.00000000e+000 0.00000000e+000]
 [5.13912925e-001 3.25502118e-001 9.12748504e-001 ... 5.77320377e-122
  0.00000000e+000 0.00000000e+000]
 [5.17857535e-001 3.68179938e-001 9.08481494e-001 ... 3.98360358e-101
  0.00000000e+000 0.00000000e+000]]
[-2.58070921  2.03100979 -1.35300003 ...  0.00791032  0.00581117
  0.00687682]
[[0.33577652 0.60081126 0.32930818 ... 0.         0.         0.        ]
 [0.34443042 0.57813089 0.3135535  ... 0.         0.         0.        ]
 [0.34604188 0.57318945 0.31019477 ... 0.         0.         0.        ]
 ...
 [0.47061566 0.58569564 0.77771874 ... 0.         0.         0.        ]
 [0.51391292 0.32550212 0.9127485  ... 0.         0.         0.        ]
 [0.51785753 0.36817994 0.90848149 ... 0.         0.         0.        ]]
[-2.58070921  2.03100979 -1.35300003 ...  0.00702575 -0.00702215
 -0.00679391]
[[7.31087095e-03 3.77939530e-03]
 [1.65289256e-02 2.53171772e-03]
 [3.05149396e-02 1.59277248e-03]
 [4.60902734e-02 1.16664004e-03]
 [6.23013350e-02 8.65468871e-04]
 [9.02733630e-02 5.67001738e-04]
 [1.51621106e-01 1.93915837e-04]
 [2.64462810e-01 6.43502516e-05]
 [3.37889383e-01 4.37319936e-05]
 [3.92561983e-01 2.97621798e-05]
 [4.43420216e-01 1.93838555e-05]
 [4.94278449e-01 1.28100188e-05]
 [5.34965035e-01 9.87017215e-06]]
