sparseRep_1.py:65: FutureWarning: arrays to stack must be passed as a "sequence" type such as list or tuple. Support for non-sequence iterables such as generators is deprecated as of NumPy 1.16 and will raise an error in the future.
  Data = np.vstack((boundary for boundary in boundaries))
[[5.85712217e-02 8.60000000e-03 1.55402297e+04 ... 6.32475349e+05
  6.39360520e+00 2.52597914e+05]
 [6.28194029e-02 8.60000000e-03 1.55402297e+04 ... 6.32475349e+05
  6.39360520e+00 2.57833967e+05]
 [6.37000290e-02 8.60000000e-03 1.55402297e+04 ... 6.32475349e+05
  6.39360520e+00 2.58141518e+05]
 ...
 [1.84028445e-02 9.12673192e-04 1.55511258e+04 ... 7.20195736e+05
  6.89843433e+00 0.00000000e+00]
 [1.90314074e-02 1.52112199e-03 1.55511258e+04 ... 7.20195736e+05
  6.89843433e+00 5.06169195e+04]
 [1.96599704e-02 2.12957078e-03 1.55511258e+04 ... 7.20195736e+05
  6.89843433e+00 1.45617970e+05]]
[[0.70590027 1.         0.98425392 ... 0.60404715 0.41521124 0.08399836]
 [0.75709935 1.         0.98425392 ... 0.60404715 0.41521124 0.08573955]
 [0.76771265 1.         0.98425392 ... 0.60404715 0.41521124 0.08584182]
 ...
 [0.22179105 0.10612479 0.98494404 ... 0.68782473 0.44799568 0.        ]
 [0.22936649 0.17687465 0.98494404 ... 0.68782473 0.44799568 0.01683204]
 [0.23694193 0.24762451 0.98494404 ... 0.68782473 0.44799568 0.04842348]]
1.7385015307749345e-05
1
2
[[0.36596292 0.66451961 0.31376389 ... 0.34446199 0.69233481 0.26051483]
 [0.37503496 0.63977898 0.29930539 ... 0.3285889  0.66439061 0.26697286]
 [0.37672332 0.63439601 0.29621949 ... 0.32520108 0.65835581 0.26817475]
 ...
 [0.52446076 0.40667461 0.83708435 ... 0.91433034 0.68536764 0.41794114]
 [0.52359068 0.4519379  0.82583672 ... 0.90204478 0.73102541 0.41724778]
 [0.51802907 0.49772996 0.8074255  ... 0.88193458 0.77272446 0.41281575]]
[ -9.92358754  -3.83583543   2.30868578   0.95998259 -13.35000334
  -4.42921597  26.91322187   4.99330587  -0.97958708  21.37538374
  -3.8066107   -7.51679997  11.54829705  18.81983759  12.01394033
   3.1553622    4.69841249  13.30055369  -3.16348688   2.05152265
  -0.67766609   8.74324881   7.57392349   6.19838213 -27.98227156
  -8.42138882   3.14895046 -10.08635813   2.17530732 -82.24651452
  -7.9234322   59.48186901   0.73867648 -31.96367481   2.81892159
  -1.15367257 -43.41507219   6.02627487  60.207462     6.77001306
 -13.83775622   0.1191365    6.93105741 -11.90440323  -6.69371787
  13.84673201 -11.52374963  39.50855506 -12.21178209 -11.38119246
  -8.93586212  -6.71381866]
[[0.36596292 0.66451961 0.31376389 ... 0.20782689 0.20362436 0.26080779]
 [0.37503496 0.63977898 0.29930539 ... 0.21825843 0.18679295 0.23863024]
 [0.37672332 0.63439601 0.29621949 ... 0.220228   0.18326764 0.23400083]
 ...
 [0.52446076 0.40667461 0.83708435 ... 0.21180683 0.50174594 0.82063839]
 [0.52359068 0.4519379  0.82583672 ... 0.22099306 0.54265146 0.85801061]
 [0.51802907 0.49772996 0.8074255  ... 0.22645604 0.57640097 0.8810491 ]]
[ -9.92358754  -3.83583543   2.30868578   0.95998259 -13.35000334
  -4.42921597  26.91322187   4.99330587  -0.97958708  21.37538374
  -3.8066107   -7.51679997  11.54829705  18.81983759  12.01394033
   3.1553622    4.69841249  13.30055369  -3.16348688   2.05152265
  -0.67766609   8.74324881   7.57392349   6.19838213 -27.98227156
  -8.42138882   3.14895046 -10.08635813   2.17530732 -82.24651452
  -7.9234322   59.48186901   0.73867648 -31.96367481   2.81892159
  -1.15367257 -43.41507219   6.02627487  60.207462     6.77001306
 -13.83775622   0.1191365    6.93105741 -11.90440323  -6.69371787
  13.84673201 -11.52374963  39.50855506 -12.21178209 -11.38119246
  -8.93586212  -6.71381866   2.38432444  -3.90612832  -4.51882244
  -1.00808591   2.02806199  -3.64742691   0.88016305   2.41742257
   4.86358152  -0.74321679   0.37718821   1.19009718  -2.98388737
  -1.28188126   0.1601072   -5.82301016   0.50401172   0.39533778
   4.27797562  -2.42071393  -2.14582039  -0.76235956   2.03034879
  -4.39942258  -1.04060025   2.8116825    1.33737168   4.7239128
  -2.17824368   2.61060317   1.67847268   0.18503705  -0.81324758
   0.91336407   2.92124365   5.95963131   8.0643128    8.65612159
 -11.06679184  -1.68190917   1.14927464  -9.20921039   2.49545062
  -0.75968787  -1.06149467  -0.79824702  -1.47047981   0.47364267
  -3.44452437   0.33499118   2.16908847   0.81130457  -1.02649406
   1.728108     0.73967604   9.26638154  -2.96911086 -11.92234606
  -2.15289823   0.90445166   2.4459536    5.8347122   -3.16158566
   2.59549082   1.68857632   3.85642168   4.1963004   -4.61409563
  -1.35055581  -9.11298575  -5.99300249  -1.33134958   9.51111046
  -2.24899147   5.53420841  -5.23201496   2.8769561   -1.91745911
  -1.47649299]
[[0.36596292 0.66451961 0.31376389 ... 0.00938869 0.00796446 0.06915961]
 [0.37503496 0.63977898 0.29930539 ... 0.00781721 0.00659482 0.07627656]
 [0.37672332 0.63439601 0.29621949 ... 0.00750837 0.00632702 0.07765941]
 ...
 [0.52446076 0.40667461 0.83708435 ... 0.37557131 0.5120157  0.04028549]
 [0.52359068 0.4519379  0.82583672 ... 0.38240696 0.48504623 0.04590995]
 [0.51802907 0.49772996 0.8074255  ... 0.37557131 0.44321682 0.05046593]]
[-9.92358754e+00 -3.83583543e+00  2.30868578e+00  9.59982593e-01
 -1.33500033e+01 -4.42921597e+00  2.69132219e+01  4.99330587e+00
 -9.79587076e-01  2.13753837e+01 -3.80661070e+00 -7.51679997e+00
  1.15482970e+01  1.88198376e+01  1.20139403e+01  3.15536220e+00
  4.69841249e+00  1.33005537e+01 -3.16348688e+00  2.05152265e+00
 -6.77666087e-01  8.74324881e+00  7.57392349e+00  6.19838213e+00
 -2.79822716e+01 -8.42138882e+00  3.14895046e+00 -1.00863581e+01
  2.17530732e+00 -8.22465145e+01 -7.92343220e+00  5.94818690e+01
  7.38676478e-01 -3.19636748e+01  2.81892159e+00 -1.15367257e+00
 -4.34150722e+01  6.02627487e+00  6.02074620e+01  6.77001306e+00
 -1.38377562e+01  1.19136504e-01  6.93105741e+00 -1.19044032e+01
 -6.69371787e+00  1.38467320e+01 -1.15237496e+01  3.95085551e+01
 -1.22117821e+01 -1.13811925e+01 -8.93586212e+00 -6.71381866e+00
  2.38432444e+00 -3.90612832e+00 -4.51882244e+00 -1.00808591e+00
  2.02806199e+00 -3.64742691e+00  8.80163051e-01  2.41742257e+00
  4.86358152e+00 -7.43216785e-01  3.77188213e-01  1.19009718e+00
 -2.98388737e+00 -1.28188126e+00  1.60107200e-01 -5.82301016e+00
  5.04011721e-01  3.95337780e-01  4.27797562e+00 -2.42071393e+00
 -2.14582039e+00 -7.62359558e-01  2.03034879e+00 -4.39942258e+00
 -1.04060025e+00  2.81168250e+00  1.33737168e+00  4.72391280e+00
 -2.17824368e+00  2.61060317e+00  1.67847268e+00  1.85037055e-01
 -8.13247576e-01  9.13364075e-01  2.92124365e+00  5.95963131e+00
  8.06431280e+00  8.65612159e+00 -1.10667918e+01 -1.68190917e+00
  1.14927464e+00 -9.20921039e+00  2.49545062e+00 -7.59687874e-01
 -1.06149467e+00 -7.98247015e-01 -1.47047981e+00  4.73642673e-01
 -3.44452437e+00  3.34991179e-01  2.16908847e+00  8.11304567e-01
 -1.02649406e+00  1.72810800e+00  7.39676045e-01  9.26638154e+00
 -2.96911086e+00 -1.19223461e+01 -2.15289823e+00  9.04451659e-01
  2.44595360e+00  5.83471220e+00 -3.16158566e+00  2.59549082e+00
  1.68857632e+00  3.85642168e+00  4.19630040e+00 -4.61409563e+00
 -1.35055581e+00 -9.11298575e+00 -5.99300249e+00 -1.33134958e+00
  9.51111046e+00 -2.24899147e+00  5.53420841e+00 -5.23201496e+00
  2.87695610e+00 -1.91745911e+00 -1.47649299e+00  4.57673237e-01
 -4.05283091e-01 -1.15215682e-01  1.24885546e-01  4.98825302e-01
  3.69359973e-01  6.52397231e-01 -4.78565756e-01  1.50901290e+00
 -1.64650027e-01 -2.04245466e+00  2.29819171e+00 -6.12567652e-01
 -2.18557193e-01 -1.72234388e-01  2.19559352e+00  2.96680159e+00
 -9.09683071e-01  2.26722024e-01 -1.72113358e-01  9.90608623e-01
 -6.34448283e-01  1.04690162e+00  1.56501823e-02 -8.27606501e-01
 -1.44364680e-01  2.25024359e+00  1.56151015e-01 -4.06445594e+00
  1.19804105e+00  5.27725675e-02  6.08944882e-01 -2.20290359e+00
  1.90465001e+00 -9.02396270e-02 -1.57308441e+00 -8.36183093e-01
  1.02485240e-01 -2.28498840e+00  7.71716283e-01 -1.42226171e+00
 -3.09358524e-01  5.10639582e-01 -3.31527690e+00 -3.12962626e-02
 -2.41434660e-01  2.39167203e-01  1.88593959e+00 -7.30094712e-01
 -9.92927638e-02 -6.15495730e-01  1.80422909e-01 -9.61667137e-01
 -3.47749540e-01  1.11899465e+00  2.64212827e-01 -3.37701966e-01
  4.76947019e-01  5.49211217e-01  3.93636570e+00 -1.02684306e+00
 -2.86908992e+00 -1.65344463e-01  7.59099515e-01  8.85248090e-01
 -3.56771012e+00  2.80581127e-02 -2.64401252e+00  6.90569281e-01
 -1.10643758e-01 -6.31954978e-01  1.44298928e-01 -2.96421102e-01
 -1.64050901e+00 -9.24210971e-02  1.28427025e+00  4.72210177e+00
 -1.05961080e+00  3.10341715e+00 -1.37090635e+00  3.67586653e-01
  5.19118658e-01  3.84106095e-01 -9.70886083e-01 -1.37698611e-01
 -9.45656642e-01 -2.85145345e-01  2.49918175e-01  3.22791890e-01
  1.14460364e+00 -1.06403986e+00 -1.97015063e-02 -1.84605944e+00
  1.92516296e+00  1.76703100e+00  2.67058661e-01 -2.27991134e+00
 -2.90978939e-01 -7.99085226e-01 -3.85038342e-01 -1.68450352e+00
  2.18934959e-01  6.13009803e-01  1.44360961e-01  3.61451570e+00
  1.39289255e+00 -2.47066830e+00 -1.01258863e+00  1.51503908e+00
  2.86701642e-01 -4.47023954e-01 -8.17990748e-01 -1.09673981e+00
  3.93763991e-01  9.36899561e-01]
[[3.65962916e-01 6.64519614e-01 3.13763892e-01 ... 2.54724659e-01
  1.19942518e-04 8.98657096e-05]
 [3.75034956e-01 6.39778981e-01 2.99305389e-01 ... 2.08249156e-01
  8.22367136e-05 6.16150197e-05]
 [3.76723322e-01 6.34396010e-01 2.96219494e-01 ... 1.98800493e-01
  7.56934929e-05 5.67125783e-05]
 ...
 [5.24460758e-01 4.06674608e-01 8.37084354e-01 ... 5.70807309e-04
  5.67460267e-01 1.92670666e-01]
 [5.23590682e-01 4.51937902e-01 8.25836720e-01 ... 1.39047999e-03
  5.09254851e-01 1.72908091e-01]
 [5.18029069e-01 4.97729960e-01 8.07425504e-01 ... 3.15142109e-03
  4.25207944e-01 1.44371513e-01]]
[-9.92358754e+00 -3.83583543e+00  2.30868578e+00  9.59982593e-01
 -1.33500033e+01 -4.42921597e+00  2.69132219e+01  4.99330587e+00
 -9.79587076e-01  2.13753837e+01 -3.80661070e+00 -7.51679997e+00
  1.15482970e+01  1.88198376e+01  1.20139403e+01  3.15536220e+00
  4.69841249e+00  1.33005537e+01 -3.16348688e+00  2.05152265e+00
 -6.77666087e-01  8.74324881e+00  7.57392349e+00  6.19838213e+00
 -2.79822716e+01 -8.42138882e+00  3.14895046e+00 -1.00863581e+01
  2.17530732e+00 -8.22465145e+01 -7.92343220e+00  5.94818690e+01
  7.38676478e-01 -3.19636748e+01  2.81892159e+00 -1.15367257e+00
 -4.34150722e+01  6.02627487e+00  6.02074620e+01  6.77001306e+00
 -1.38377562e+01  1.19136504e-01  6.93105741e+00 -1.19044032e+01
 -6.69371787e+00  1.38467320e+01 -1.15237496e+01  3.95085551e+01
 -1.22117821e+01 -1.13811925e+01 -8.93586212e+00 -6.71381866e+00
  2.38432444e+00 -3.90612832e+00 -4.51882244e+00 -1.00808591e+00
  2.02806199e+00 -3.64742691e+00  8.80163051e-01  2.41742257e+00
  4.86358152e+00 -7.43216785e-01  3.77188213e-01  1.19009718e+00
 -2.98388737e+00 -1.28188126e+00  1.60107200e-01 -5.82301016e+00
  5.04011721e-01  3.95337780e-01  4.27797562e+00 -2.42071393e+00
 -2.14582039e+00 -7.62359558e-01  2.03034879e+00 -4.39942258e+00
 -1.04060025e+00  2.81168250e+00  1.33737168e+00  4.72391280e+00
 -2.17824368e+00  2.61060317e+00  1.67847268e+00  1.85037055e-01
 -8.13247576e-01  9.13364075e-01  2.92124365e+00  5.95963131e+00
  8.06431280e+00  8.65612159e+00 -1.10667918e+01 -1.68190917e+00
  1.14927464e+00 -9.20921039e+00  2.49545062e+00 -7.59687874e-01
 -1.06149467e+00 -7.98247015e-01 -1.47047981e+00  4.73642673e-01
 -3.44452437e+00  3.34991179e-01  2.16908847e+00  8.11304567e-01
 -1.02649406e+00  1.72810800e+00  7.39676045e-01  9.26638154e+00
 -2.96911086e+00 -1.19223461e+01 -2.15289823e+00  9.04451659e-01
  2.44595360e+00  5.83471220e+00 -3.16158566e+00  2.59549082e+00
  1.68857632e+00  3.85642168e+00  4.19630040e+00 -4.61409563e+00
 -1.35055581e+00 -9.11298575e+00 -5.99300249e+00 -1.33134958e+00
  9.51111046e+00 -2.24899147e+00  5.53420841e+00 -5.23201496e+00
  2.87695610e+00 -1.91745911e+00 -1.47649299e+00  4.57673237e-01
 -4.05283091e-01 -1.15215682e-01  1.24885546e-01  4.98825302e-01
  3.69359973e-01  6.52397231e-01 -4.78565756e-01  1.50901290e+00
 -1.64650027e-01 -2.04245466e+00  2.29819171e+00 -6.12567652e-01
 -2.18557193e-01 -1.72234388e-01  2.19559352e+00  2.96680159e+00
 -9.09683071e-01  2.26722024e-01 -1.72113358e-01  9.90608623e-01
 -6.34448283e-01  1.04690162e+00  1.56501823e-02 -8.27606501e-01
 -1.44364680e-01  2.25024359e+00  1.56151015e-01 -4.06445594e+00
  1.19804105e+00  5.27725675e-02  6.08944882e-01 -2.20290359e+00
  1.90465001e+00 -9.02396270e-02 -1.57308441e+00 -8.36183093e-01
  1.02485240e-01 -2.28498840e+00  7.71716283e-01 -1.42226171e+00
 -3.09358524e-01  5.10639582e-01 -3.31527690e+00 -3.12962626e-02
 -2.41434660e-01  2.39167203e-01  1.88593959e+00 -7.30094712e-01
 -9.92927638e-02 -6.15495730e-01  1.80422909e-01 -9.61667137e-01
 -3.47749540e-01  1.11899465e+00  2.64212827e-01 -3.37701966e-01
  4.76947019e-01  5.49211217e-01  3.93636570e+00 -1.02684306e+00
 -2.86908992e+00 -1.65344463e-01  7.59099515e-01  8.85248090e-01
 -3.56771012e+00  2.80581127e-02 -2.64401252e+00  6.90569281e-01
 -1.10643758e-01 -6.31954978e-01  1.44298928e-01 -2.96421102e-01
 -1.64050901e+00 -9.24210971e-02  1.28427025e+00  4.72210177e+00
 -1.05961080e+00  3.10341715e+00 -1.37090635e+00  3.67586653e-01
  5.19118658e-01  3.84106095e-01 -9.70886083e-01 -1.37698611e-01
 -9.45656642e-01 -2.85145345e-01  2.49918175e-01  3.22791890e-01
  1.14460364e+00 -1.06403986e+00 -1.97015063e-02 -1.84605944e+00
  1.92516296e+00  1.76703100e+00  2.67058661e-01 -2.27991134e+00
 -2.90978939e-01 -7.99085226e-01 -3.85038342e-01 -1.68450352e+00
  2.18934959e-01  6.13009803e-01  1.44360961e-01  3.61451570e+00
  1.39289255e+00 -2.47066830e+00 -1.01258863e+00  1.51503908e+00
  2.86701642e-01 -4.47023954e-01 -8.17990748e-01 -1.09673981e+00
  3.93763991e-01  9.36899561e-01  4.04881614e-01  8.85625332e-01
 -1.87009065e-01 -4.53467410e-01  1.77097292e+00  9.15574389e-01
  9.86064202e-02 -4.55607093e-01 -2.67315601e-01 -5.80767906e-02
 -2.92639495e+00 -3.54088209e-01 -5.62395038e-03 -3.42652969e-02
 -2.08621761e-01  9.70565356e-02 -5.26951528e-01 -8.05799309e-01
 -4.29268676e-01 -5.93520067e-03 -1.01092999e-01 -7.52139021e-02
  2.10933550e-01  1.29023450e+00 -1.25192894e-01 -3.38248922e-01
 -2.27145819e-02 -6.22829990e-01  1.13185881e+00  3.70040213e-02
 -1.94374359e-01 -4.03114725e-01 -7.70350976e-02  9.80736186e-01
 -7.07410454e-01  2.44937766e-01  8.35063222e-02  8.37993328e-04
  5.61544867e-02 -1.78537579e-01  1.97743371e-02  7.21475737e-03
 -5.60982753e-02 -1.65466238e-01  1.66991723e-01 -4.54293720e-02
  4.84289547e-03  1.06316064e-01 -3.60787521e-01 -1.46236974e-01
 -2.83243319e-03  1.99790018e-01 -1.09166111e-03 -1.27729531e-01
  3.78628277e-02  1.01517453e-01  2.60721468e+00  1.90786950e-01
  1.28285633e-01  3.52588700e-02 -4.55400752e-01  7.16196078e-01
  2.74233344e+00  7.74639741e-01  9.81022188e-01  7.12767381e-01
  7.16402411e-02  1.92270761e-01  3.71267233e-01  4.44790763e-01
  3.56902715e-03 -5.93129361e-01  2.45142342e+00  9.09477740e-03
  4.27500074e-01  2.86787315e+00 -5.56910137e-01 -3.08535542e-02
 -2.64502607e+00  1.11428941e+00 -1.49597783e-01  2.51166860e+00
 -6.99368092e-01 -6.72564199e-01 -5.56518275e-01 -1.68843569e-02
 -5.30205500e-01  1.18276520e-01  5.68726033e-02  2.31674789e-02
  2.23583270e-01 -1.67372948e-01  7.91439372e-02 -3.20098964e-02
  3.66000522e-01  1.16642014e-01 -6.79830578e-02 -3.64073265e-01
  1.68955318e-01 -1.55065130e-01 -3.87257495e-01 -1.04267768e-01
  8.91128112e-02 -3.36053874e-02  1.03675240e+00 -1.78849848e+00
  8.67966763e-01  1.49632814e-01  5.10825129e-01 -7.40581655e-02
  1.52376092e+00 -1.02104985e+00 -1.16944511e+00  8.23670259e-01
  8.59374958e-01  1.65183095e+00  5.79524594e-01 -3.30501893e-01
  9.74049309e-02 -1.72922950e-01  2.66100157e+00  1.60296264e-01
  7.20897445e-02 -1.13182492e-02 -9.31704911e-01  2.20775109e-01
 -9.79552939e-01  4.87365081e-01 -2.77331834e-01  2.72383690e-01
  5.51345283e-02  6.06724154e-02  4.68546207e-01 -4.08483099e-01
  6.63105963e-02 -9.62375997e-01 -9.88712663e-02  5.31673725e-01
  2.41869370e-01  6.31708945e-01  6.68994300e-01 -2.65806314e+00
  8.31383855e-01 -5.10339324e-01  2.00014715e-02  1.95882304e-01
  6.75206658e-02 -8.87134466e-02  1.05732397e-01 -2.21924988e+00
 -1.88000998e+00 -2.98306925e-01 -1.03196620e+00  2.42275003e+00
  1.42140870e-01 -9.58287196e-01 -1.27653451e+00 -1.39283182e+00
  4.06312258e-01 -5.21236745e-01 -6.23401429e-02 -1.13455439e-01
  2.03405381e-01 -4.70146697e-01  1.44457318e-01 -2.75156236e-02
  4.21072855e-01  3.12497985e-01  1.71110585e-01 -1.25757561e-01
  1.53832847e-01  2.30739250e-01  1.41216107e-01 -1.89547957e-01
 -1.51700710e+00 -1.70855496e+00  3.96522132e-01  1.53957496e-01
  5.43941085e-02  1.30764874e-01  9.03535091e-02  3.82288267e-01
 -1.05843224e-02 -3.14571331e+00  1.18411912e+00  1.06985286e-01
 -1.08420593e-01 -2.48227972e+00 -4.49767015e-01  1.55484232e+00
 -4.75820456e-02 -2.55269322e+00  1.85777404e+00 -1.45865638e+00
 -6.77311683e-02  1.31244871e+00 -2.48993784e+00 -1.61716851e+00
 -3.00671788e-01  1.20360718e+00 -1.65053275e+00  1.18473087e+00
 -6.37783798e-01  2.54306932e-01 -1.71172657e-01  9.81702735e-01
 -1.62508964e-01 -4.08814303e-02 -7.63624366e-02  1.06790458e-01
 -3.40300272e-02]
[[3.65962916e-01 6.64519614e-01 3.13763892e-01 ... 2.83985862e-04
  3.94268872e-05 1.60002452e-03]
 [3.75034956e-01 6.39778981e-01 2.99305389e-01 ... 1.52976551e-04
  2.03943344e-05 8.36220821e-04]
 [3.76723322e-01 6.34396010e-01 2.96219494e-01 ... 1.33312386e-04
  1.76239999e-05 7.24175857e-04]
 ...
 [5.24460758e-01 4.06674608e-01 8.37084354e-01 ... 2.06655824e-06
  3.13206758e-04 1.54213530e-03]
 [5.23590682e-01 4.51937902e-01 8.25836720e-01 ... 9.84643032e-06
  8.78968198e-04 4.95118936e-03]
 [5.18029069e-01 4.97729960e-01 8.07425504e-01 ... 4.06109295e-05
  2.13524718e-03 1.37603522e-02]]
[-9.92358754e+00 -3.83583543e+00  2.30868578e+00  9.59982593e-01
 -1.33500033e+01 -4.42921597e+00  2.69132219e+01  4.99330587e+00
 -9.79587076e-01  2.13753837e+01 -3.80661070e+00 -7.51679997e+00
  1.15482970e+01  1.88198376e+01  1.20139403e+01  3.15536220e+00
  4.69841249e+00  1.33005537e+01 -3.16348688e+00  2.05152265e+00
 -6.77666087e-01  8.74324881e+00  7.57392349e+00  6.19838213e+00
 -2.79822716e+01 -8.42138882e+00  3.14895046e+00 -1.00863581e+01
  2.17530732e+00 -8.22465145e+01 -7.92343220e+00  5.94818690e+01
  7.38676478e-01 -3.19636748e+01  2.81892159e+00 -1.15367257e+00
 -4.34150722e+01  6.02627487e+00  6.02074620e+01  6.77001306e+00
 -1.38377562e+01  1.19136504e-01  6.93105741e+00 -1.19044032e+01
 -6.69371787e+00  1.38467320e+01 -1.15237496e+01  3.95085551e+01
 -1.22117821e+01 -1.13811925e+01 -8.93586212e+00 -6.71381866e+00
  2.38432444e+00 -3.90612832e+00 -4.51882244e+00 -1.00808591e+00
  2.02806199e+00 -3.64742691e+00  8.80163051e-01  2.41742257e+00
  4.86358152e+00 -7.43216785e-01  3.77188213e-01  1.19009718e+00
 -2.98388737e+00 -1.28188126e+00  1.60107200e-01 -5.82301016e+00
  5.04011721e-01  3.95337780e-01  4.27797562e+00 -2.42071393e+00
 -2.14582039e+00 -7.62359558e-01  2.03034879e+00 -4.39942258e+00
 -1.04060025e+00  2.81168250e+00  1.33737168e+00  4.72391280e+00
 -2.17824368e+00  2.61060317e+00  1.67847268e+00  1.85037055e-01
 -8.13247576e-01  9.13364075e-01  2.92124365e+00  5.95963131e+00
  8.06431280e+00  8.65612159e+00 -1.10667918e+01 -1.68190917e+00
  1.14927464e+00 -9.20921039e+00  2.49545062e+00 -7.59687874e-01
 -1.06149467e+00 -7.98247015e-01 -1.47047981e+00  4.73642673e-01
 -3.44452437e+00  3.34991179e-01  2.16908847e+00  8.11304567e-01
 -1.02649406e+00  1.72810800e+00  7.39676045e-01  9.26638154e+00
 -2.96911086e+00 -1.19223461e+01 -2.15289823e+00  9.04451659e-01
  2.44595360e+00  5.83471220e+00 -3.16158566e+00  2.59549082e+00
  1.68857632e+00  3.85642168e+00  4.19630040e+00 -4.61409563e+00
 -1.35055581e+00 -9.11298575e+00 -5.99300249e+00 -1.33134958e+00
  9.51111046e+00 -2.24899147e+00  5.53420841e+00 -5.23201496e+00
  2.87695610e+00 -1.91745911e+00 -1.47649299e+00  4.57673237e-01
 -4.05283091e-01 -1.15215682e-01  1.24885546e-01  4.98825302e-01
  3.69359973e-01  6.52397231e-01 -4.78565756e-01  1.50901290e+00
 -1.64650027e-01 -2.04245466e+00  2.29819171e+00 -6.12567652e-01
 -2.18557193e-01 -1.72234388e-01  2.19559352e+00  2.96680159e+00
 -9.09683071e-01  2.26722024e-01 -1.72113358e-01  9.90608623e-01
 -6.34448283e-01  1.04690162e+00  1.56501823e-02 -8.27606501e-01
 -1.44364680e-01  2.25024359e+00  1.56151015e-01 -4.06445594e+00
  1.19804105e+00  5.27725675e-02  6.08944882e-01 -2.20290359e+00
  1.90465001e+00 -9.02396270e-02 -1.57308441e+00 -8.36183093e-01
  1.02485240e-01 -2.28498840e+00  7.71716283e-01 -1.42226171e+00
 -3.09358524e-01  5.10639582e-01 -3.31527690e+00 -3.12962626e-02
 -2.41434660e-01  2.39167203e-01  1.88593959e+00 -7.30094712e-01
 -9.92927638e-02 -6.15495730e-01  1.80422909e-01 -9.61667137e-01
 -3.47749540e-01  1.11899465e+00  2.64212827e-01 -3.37701966e-01
  4.76947019e-01  5.49211217e-01  3.93636570e+00 -1.02684306e+00
 -2.86908992e+00 -1.65344463e-01  7.59099515e-01  8.85248090e-01
 -3.56771012e+00  2.80581127e-02 -2.64401252e+00  6.90569281e-01
 -1.10643758e-01 -6.31954978e-01  1.44298928e-01 -2.96421102e-01
 -1.64050901e+00 -9.24210971e-02  1.28427025e+00  4.72210177e+00
 -1.05961080e+00  3.10341715e+00 -1.37090635e+00  3.67586653e-01
  5.19118658e-01  3.84106095e-01 -9.70886083e-01 -1.37698611e-01
 -9.45656642e-01 -2.85145345e-01  2.49918175e-01  3.22791890e-01
  1.14460364e+00 -1.06403986e+00 -1.97015063e-02 -1.84605944e+00
  1.92516296e+00  1.76703100e+00  2.67058661e-01 -2.27991134e+00
 -2.90978939e-01 -7.99085226e-01 -3.85038342e-01 -1.68450352e+00
  2.18934959e-01  6.13009803e-01  1.44360961e-01  3.61451570e+00
  1.39289255e+00 -2.47066830e+00 -1.01258863e+00  1.51503908e+00
  2.86701642e-01 -4.47023954e-01 -8.17990748e-01 -1.09673981e+00
  3.93763991e-01  9.36899561e-01  4.04881614e-01  8.85625332e-01
 -1.87009065e-01 -4.53467410e-01  1.77097292e+00  9.15574389e-01
  9.86064202e-02 -4.55607093e-01 -2.67315601e-01 -5.80767906e-02
 -2.92639495e+00 -3.54088209e-01 -5.62395038e-03 -3.42652969e-02
 -2.08621761e-01  9.70565356e-02 -5.26951528e-01 -8.05799309e-01
 -4.29268676e-01 -5.93520067e-03 -1.01092999e-01 -7.52139021e-02
  2.10933550e-01  1.29023450e+00 -1.25192894e-01 -3.38248922e-01
 -2.27145819e-02 -6.22829990e-01  1.13185881e+00  3.70040213e-02
 -1.94374359e-01 -4.03114725e-01 -7.70350976e-02  9.80736186e-01
 -7.07410454e-01  2.44937766e-01  8.35063222e-02  8.37993328e-04
  5.61544867e-02 -1.78537579e-01  1.97743371e-02  7.21475737e-03
 -5.60982753e-02 -1.65466238e-01  1.66991723e-01 -4.54293720e-02
  4.84289547e-03  1.06316064e-01 -3.60787521e-01 -1.46236974e-01
 -2.83243319e-03  1.99790018e-01 -1.09166111e-03 -1.27729531e-01
  3.78628277e-02  1.01517453e-01  2.60721468e+00  1.90786950e-01
  1.28285633e-01  3.52588700e-02 -4.55400752e-01  7.16196078e-01
  2.74233344e+00  7.74639741e-01  9.81022188e-01  7.12767381e-01
  7.16402411e-02  1.92270761e-01  3.71267233e-01  4.44790763e-01
  3.56902715e-03 -5.93129361e-01  2.45142342e+00  9.09477740e-03
  4.27500074e-01  2.86787315e+00 -5.56910137e-01 -3.08535542e-02
 -2.64502607e+00  1.11428941e+00 -1.49597783e-01  2.51166860e+00
 -6.99368092e-01 -6.72564199e-01 -5.56518275e-01 -1.68843569e-02
 -5.30205500e-01  1.18276520e-01  5.68726033e-02  2.31674789e-02
  2.23583270e-01 -1.67372948e-01  7.91439372e-02 -3.20098964e-02
  3.66000522e-01  1.16642014e-01 -6.79830578e-02 -3.64073265e-01
  1.68955318e-01 -1.55065130e-01 -3.87257495e-01 -1.04267768e-01
  8.91128112e-02 -3.36053874e-02  1.03675240e+00 -1.78849848e+00
  8.67966763e-01  1.49632814e-01  5.10825129e-01 -7.40581655e-02
  1.52376092e+00 -1.02104985e+00 -1.16944511e+00  8.23670259e-01
  8.59374958e-01  1.65183095e+00  5.79524594e-01 -3.30501893e-01
  9.74049309e-02 -1.72922950e-01  2.66100157e+00  1.60296264e-01
  7.20897445e-02 -1.13182492e-02 -9.31704911e-01  2.20775109e-01
 -9.79552939e-01  4.87365081e-01 -2.77331834e-01  2.72383690e-01
  5.51345283e-02  6.06724154e-02  4.68546207e-01 -4.08483099e-01
  6.63105963e-02 -9.62375997e-01 -9.88712663e-02  5.31673725e-01
  2.41869370e-01  6.31708945e-01  6.68994300e-01 -2.65806314e+00
  8.31383855e-01 -5.10339324e-01  2.00014715e-02  1.95882304e-01
  6.75206658e-02 -8.87134466e-02  1.05732397e-01 -2.21924988e+00
 -1.88000998e+00 -2.98306925e-01 -1.03196620e+00  2.42275003e+00
  1.42140870e-01 -9.58287196e-01 -1.27653451e+00 -1.39283182e+00
  4.06312258e-01 -5.21236745e-01 -6.23401429e-02 -1.13455439e-01
  2.03405381e-01 -4.70146697e-01  1.44457318e-01 -2.75156236e-02
  4.21072855e-01  3.12497985e-01  1.71110585e-01 -1.25757561e-01
  1.53832847e-01  2.30739250e-01  1.41216107e-01 -1.89547957e-01
 -1.51700710e+00 -1.70855496e+00  3.96522132e-01  1.53957496e-01
  5.43941085e-02  1.30764874e-01  9.03535091e-02  3.82288267e-01
 -1.05843224e-02 -3.14571331e+00  1.18411912e+00  1.06985286e-01
 -1.08420593e-01 -2.48227972e+00 -4.49767015e-01  1.55484232e+00
 -4.75820456e-02 -2.55269322e+00  1.85777404e+00 -1.45865638e+00
 -6.77311683e-02  1.31244871e+00 -2.48993784e+00 -1.61716851e+00
 -3.00671788e-01  1.20360718e+00 -1.65053275e+00  1.18473087e+00
 -6.37783798e-01  2.54306932e-01 -1.71172657e-01  9.81702735e-01
 -1.62508964e-01 -4.08814303e-02 -7.63624366e-02  1.06790458e-01
 -3.40300272e-02  6.17284132e-01  2.87867169e-01 -4.18853039e-01
 -6.49387752e-01 -1.47204838e+00  3.21017277e-02 -5.01912970e-02
 -1.51957968e-01 -3.89545669e-03  6.82730993e-03  2.61158340e-01
  2.29566816e-01  2.39682227e-01  1.82422597e-01  6.24050435e-01
  4.32025848e-01  3.06286772e-01  5.66243282e-01  2.41991807e-01
  4.23744424e-01  4.93447623e-01  4.68769400e-01 -6.03110233e-02
  3.27338729e-01  1.92436448e-01 -3.04324284e-01  1.40107385e-01
 -2.64287277e-01  2.00608935e-01 -9.10881811e-01  1.64000697e+00
 -7.05456651e-01  1.79877029e-01  5.90440758e-02 -1.75355320e-01
 -3.16745699e-01  2.31188583e-01  1.33818469e-01 -5.96328212e-02
  2.18379947e-02  7.29347973e-01  1.31216778e-01 -7.16199107e-02
  4.42210660e-02 -1.39170714e+00  2.86936224e-01  4.03249307e-02
  6.70157740e-02 -1.88452821e-02 -6.73336871e-02  6.31317545e-02
 -4.05435365e-03  4.21927726e-02  8.66052403e-03 -3.18975793e-01
  4.39244337e-01 -1.09775067e+00 -2.48205322e-01 -1.62732356e-01
  1.00749129e+00 -8.31099850e-02  9.72913534e-02  6.31629796e-02
  1.39982260e-03 -2.12593523e-02 -9.80095784e-03  6.82377687e-02
  4.86217044e-01 -7.68925290e-02  1.13676175e-01  2.57476221e-03
  3.47044727e-01 -3.87201685e-01  9.35251611e-01  4.72646940e-01
 -2.03286685e-01  3.96037817e-02 -6.76774239e-02 -4.22582820e-01
  4.46134357e-01 -8.93858204e-02  6.58308455e-01  6.47499475e-01
  4.95815026e-01  6.29312271e-01  2.16672849e-01 -7.69590944e-02
 -2.21916158e-01  5.52546160e-01 -1.31675259e-01 -1.29636689e-01
  2.15657168e-01 -7.40071836e-02  9.43206596e-02  1.67182127e-01
 -3.88603743e-02  2.79982388e-02 -2.36336164e-01 -1.61115987e-01
 -7.07564375e-03 -7.48173731e-03  4.90313477e-02  1.75556477e+00
 -1.27637459e-01  1.78591462e-02 -1.41767974e-02 -6.95855115e-02
 -1.47826523e-02  4.99226701e-03 -3.53029165e-01 -3.05515214e-01
 -2.32979961e-02  1.10292559e-02  4.45752391e-01 -5.92360253e-01
 -4.55707543e-01  4.46983321e-01  7.39402335e-02 -1.14684575e-01
 -2.91097043e-02 -3.16038348e-02 -5.23207390e-02 -2.82702021e-01
  3.63073811e-02  6.61149155e-03 -5.88673571e-02 -1.67256095e-02
  3.54593268e-02 -9.93221485e-01  1.09517402e+00 -5.75349459e-02
 -1.94170880e-01  1.26488665e-02 -1.04530206e-01 -1.81460894e-02
  1.19049921e-01  4.69063109e-01  9.97373444e-03  1.94781954e-02
  2.11931504e-01  1.77066009e-01 -3.26732859e-01  7.02855567e-02
 -8.07403138e-02  3.48512447e-02  1.39832649e+00 -4.05081562e-02
  8.91731263e-01  2.20992833e-01 -2.01614589e-02 -5.61695419e-03
 -1.12582875e-02  9.20643346e-03  1.34813936e-03 -3.97840072e-01
 -3.75363503e-01 -4.06590961e-01 -1.21466572e-01 -6.22469264e-01
 -7.59667176e-01 -2.70082933e-01  3.85291723e-01  1.36209299e-02
 -6.60901736e-03  4.24860163e-01  6.48032523e-01 -8.50751121e-02
  3.33437571e-03 -1.03801177e-01  1.07941757e+00 -4.41486256e-01
 -5.72292248e-01  1.54903512e-02 -2.79212642e-02  8.82918008e-01
  1.31972357e+00  1.07680627e-02 -2.10346354e-02 -6.24178936e-03
 -4.43017262e-01 -2.42412300e-02 -4.62341335e-02  7.61804265e-02
  7.02340811e-02 -5.21535564e-03 -4.84841800e-02 -1.67617487e-01
 -1.01783382e+00 -1.89670421e-02 -3.14285794e-02  4.83825652e-03
  5.42064294e-02  1.59463668e-02 -1.42661476e-02 -6.58047650e-03
  1.36886583e-02 -2.14318548e-01  1.73932892e-01 -4.00291595e-01
  4.27881839e-02 -9.71836720e-01 -1.00211667e-02 -4.48549950e-01
  8.03773243e-02  1.50608224e-02  1.10659034e-02 -1.27797444e-01
 -2.36236944e-02 -2.25716132e-01  7.16559095e-01 -1.36305438e-02
 -1.29465514e+00  9.16572181e-01 -7.96641076e-01 -4.76122419e-02
 -2.56360617e-01 -1.81582739e-01 -3.49518597e-01 -1.55784958e+00
  2.30862160e-02  7.28397857e-01 -5.40471759e-01  2.20976690e-02
  5.50839500e-01 -7.96618346e-02 -8.63094093e-01  1.57119802e-02
 -8.74751897e-02  2.30405678e-01  1.89668045e-02  2.90416070e-02
 -2.83397142e-01  3.98149139e-02 -5.17536248e-01  3.59022196e-02
  4.03681651e-03  7.04819040e-01  3.29174082e-03 -8.83560872e-02
  7.02802386e-02 -3.32589718e-02 -1.52001579e-01  1.17770240e-02
  7.19798250e-01 -1.50912453e-02  1.46256513e-01  1.17072464e-02
  1.52036701e-01  5.28428204e-02 -4.83825608e-01 -2.27622556e-01
  3.40449066e-02  2.16302455e-02  1.96151043e-02 -3.83128099e-02
  3.98105346e-02  7.46913121e-03 -1.39899778e-02 -1.21926045e-02
  5.86096183e-02 -8.97271040e-03  2.51127453e-02 -3.69581025e-02
  2.39538793e-02 -1.75990176e-02  5.09227082e-02 -9.27128772e-03
  2.27076045e+00  7.92052256e-01  1.25340347e+00 -5.31127881e-01
  8.79135200e-01  3.21157825e-01 -2.15121385e-01  7.18943136e-01
 -2.01597214e+00 -8.01117878e-01  2.05085094e-01  3.50466885e-03
 -1.08713697e-01  2.81209603e-02  4.18996098e-02  2.30596960e-01
  5.39390411e-02 -9.87502499e-03  1.81967098e-02 -4.13197068e-02
  1.13165632e-01  2.84094816e-02 -2.57132107e-01  7.08980223e-03
 -1.14460236e-01 -1.60094814e+00 -1.57936761e-01 -4.35228520e-01
 -5.37980332e-01  1.13987280e-01 -3.02509644e-01  1.39898282e-02
 -2.52370724e-02 -4.00600471e-01 -1.30057946e-01 -3.24733420e-01
  3.48722533e-02 -5.23055416e-02  2.48205558e-02 -1.33749240e-01
  5.24604130e-02 -2.48311608e-02 -1.98104929e-02 -9.09953755e-01
 -5.55177874e-01  2.25000323e-01 -9.75922438e-01  4.36012153e-01
 -8.83885130e-02  4.86471008e-02  1.03533514e-01 -1.13416820e-02
 -9.70387094e-03  4.78314000e-02 -2.78621705e-02 -6.46435304e-01
 -4.02192971e-01 -7.16745362e-01  4.18666815e-01 -5.27466132e-01
 -2.75554078e-01 -2.48995708e-03 -3.42783856e-02 -3.11444722e-02
  1.71852698e-02 -4.45070156e-01  1.10216730e+00 -3.26285829e-01
 -3.63902808e-02 -1.47308268e-02  4.81927090e-01 -8.38152338e-01
  2.75351692e-01 -5.05224929e-02 -3.88922638e-01  9.72446869e-02
 -2.71110492e-02  3.36157537e-01  4.11305613e-02 -8.29970842e-02
  7.46273709e-02 -7.59326707e-02 -5.61425816e-01 -3.46885247e-01
  5.49293189e-01 -1.94575562e-01 -9.90113247e-02  2.12733297e-01
 -1.53142386e-01  5.94837008e-02 -1.43954177e-02]
[[3.65962916e-01 6.64519614e-01 3.13763892e-01 ... 4.67110930e-06
  3.56799830e-04 1.23323776e-17]
 [3.75034956e-01 6.39778981e-01 2.99305389e-01 ... 1.02265247e-05
  1.09093709e-04 2.84852522e-18]
 [3.76723322e-01 6.34396010e-01 2.96219494e-01 ... 1.18073392e-05
  8.37530175e-05 2.06334541e-18]
 ...
 [5.24460758e-01 4.06674608e-01 8.37084354e-01 ... 2.02040850e-10
  6.87281725e-13 8.92773288e-06]
 [5.23590682e-01 4.51937902e-01 8.25836720e-01 ... 1.19768934e-09
  2.28807587e-11 1.03135513e-05]
 [5.18029069e-01 4.97729960e-01 8.07425504e-01 ... 5.32004239e-09
  5.70784220e-10 8.92773288e-06]]
[-9.92358754e+00 -3.83583543e+00  2.30868578e+00 ... -1.36787530e-01
  1.25814084e-02 -5.08555809e-03]
[[3.65962916e-01 6.64519614e-01 3.13763892e-01 ... 9.45252415e-19
  2.92669668e-15 6.06920572e-11]
 [3.75034956e-01 6.39778981e-01 2.99305389e-01 ... 5.97767285e-20
  2.01065115e-16 4.91281186e-12]
 [3.76723322e-01 6.34396010e-01 2.96219494e-01 ... 3.24894293e-20
  1.11174204e-16 2.81037949e-12]
 ...
 [5.24460758e-01 4.06674608e-01 8.37084354e-01 ... 6.52641659e-08
  1.25753942e-10 1.33906909e-18]
 [5.23590682e-01 4.51937902e-01 8.25836720e-01 ... 8.01423727e-07
  4.55312612e-09 4.12594503e-16]
 [5.18029069e-01 4.97729960e-01 8.07425504e-01 ... 5.52562518e-06
  9.25613277e-08 7.13798636e-14]]
[-9.92358754e+00 -3.83583543e+00  2.30868578e+00 ... -1.04730511e-02
  1.02584501e-02  5.80245246e-03]
[[3.65962916e-01 6.64519614e-01 3.13763892e-01 ... 9.45252415e-19
  2.92669668e-15 6.06920572e-11]
 [3.75034956e-01 6.39778981e-01 2.99305389e-01 ... 5.97767285e-20
  2.01065115e-16 4.91281186e-12]
 [3.76723322e-01 6.34396010e-01 2.96219494e-01 ... 3.24894293e-20
  1.11174204e-16 2.81037949e-12]
 ...
 [5.24460758e-01 4.06674608e-01 8.37084354e-01 ... 6.52641659e-08
  1.25753942e-10 1.33906909e-18]
 [5.23590682e-01 4.51937902e-01 8.25836720e-01 ... 8.01423727e-07
  4.55312612e-09 4.12594503e-16]
 [5.18029069e-01 4.97729960e-01 8.07425504e-01 ... 5.52562518e-06
  9.25613277e-08 7.13798636e-14]]
[-9.92358754e+00 -3.83583543e+00  2.30868578e+00 ... -1.04730511e-02
  1.02584501e-02  5.80245246e-03]
[[3.65962916e-01 6.64519614e-01 3.13763892e-01 ... 9.45252415e-19
  2.92669668e-15 6.06920572e-11]
 [3.75034956e-01 6.39778981e-01 2.99305389e-01 ... 5.97767285e-20
  2.01065115e-16 4.91281186e-12]
 [3.76723322e-01 6.34396010e-01 2.96219494e-01 ... 3.24894293e-20
  1.11174204e-16 2.81037949e-12]
 ...
 [5.24460758e-01 4.06674608e-01 8.37084354e-01 ... 6.52641659e-08
  1.25753942e-10 1.33906909e-18]
 [5.23590682e-01 4.51937902e-01 8.25836720e-01 ... 8.01423727e-07
  4.55312612e-09 4.12594503e-16]
 [5.18029069e-01 4.97729960e-01 8.07425504e-01 ... 5.52562518e-06
  9.25613277e-08 7.13798636e-14]]
[-9.92358754e+00 -3.83583543e+00  2.30868578e+00 ... -1.04730511e-02
  1.02584501e-02  5.80245246e-03]
[[3.65962916e-01 6.64519614e-01 3.13763892e-01 ... 9.45252415e-19
  2.92669668e-15 6.06920572e-11]
 [3.75034956e-01 6.39778981e-01 2.99305389e-01 ... 5.97767285e-20
  2.01065115e-16 4.91281186e-12]
 [3.76723322e-01 6.34396010e-01 2.96219494e-01 ... 3.24894293e-20
  1.11174204e-16 2.81037949e-12]
 ...
 [5.24460758e-01 4.06674608e-01 8.37084354e-01 ... 6.52641659e-08
  1.25753942e-10 1.33906909e-18]
 [5.23590682e-01 4.51937902e-01 8.25836720e-01 ... 8.01423727e-07
  4.55312612e-09 4.12594503e-16]
 [5.18029069e-01 4.97729960e-01 8.07425504e-01 ... 5.52562518e-06
  9.25613277e-08 7.13798636e-14]]
[-9.92358754e+00 -3.83583543e+00  2.30868578e+00 ... -1.04730511e-02
  1.02584501e-02  5.80245246e-03]
[[3.65962916e-01 6.64519614e-01 3.13763892e-01 ... 9.45252415e-19
  2.92669668e-15 6.06920572e-11]
 [3.75034956e-01 6.39778981e-01 2.99305389e-01 ... 5.97767285e-20
  2.01065115e-16 4.91281186e-12]
 [3.76723322e-01 6.34396010e-01 2.96219494e-01 ... 3.24894293e-20
  1.11174204e-16 2.81037949e-12]
 ...
 [5.24460758e-01 4.06674608e-01 8.37084354e-01 ... 6.52641659e-08
  1.25753942e-10 1.33906909e-18]
 [5.23590682e-01 4.51937902e-01 8.25836720e-01 ... 8.01423727e-07
  4.55312612e-09 4.12594503e-16]
 [5.18029069e-01 4.97729960e-01 8.07425504e-01 ... 5.52562518e-06
  9.25613277e-08 7.13798636e-14]]
[-9.92358754e+00 -3.83583543e+00  2.30868578e+00 ... -1.04730511e-02
  1.02584501e-02  5.80245246e-03]
[[3.65962916e-01 6.64519614e-01 3.13763892e-01 ... 9.45252415e-19
  2.92669668e-15 6.06920572e-11]
 [3.75034956e-01 6.39778981e-01 2.99305389e-01 ... 5.97767285e-20
  2.01065115e-16 4.91281186e-12]
 [3.76723322e-01 6.34396010e-01 2.96219494e-01 ... 3.24894293e-20
  1.11174204e-16 2.81037949e-12]
 ...
 [5.24460758e-01 4.06674608e-01 8.37084354e-01 ... 6.52641659e-08
  1.25753942e-10 1.33906909e-18]
 [5.23590682e-01 4.51937902e-01 8.25836720e-01 ... 8.01423727e-07
  4.55312612e-09 4.12594503e-16]
 [5.18029069e-01 4.97729960e-01 8.07425504e-01 ... 5.52562518e-06
  9.25613277e-08 7.13798636e-14]]
[-9.92358754e+00 -3.83583543e+00  2.30868578e+00 ... -1.04730511e-02
  1.02584501e-02  5.80245246e-03]
[[3.65962916e-01 6.64519614e-01 3.13763892e-01 ... 9.45252415e-19
  2.92669668e-15 6.06920572e-11]
 [3.75034956e-01 6.39778981e-01 2.99305389e-01 ... 5.97767285e-20
  2.01065115e-16 4.91281186e-12]
 [3.76723322e-01 6.34396010e-01 2.96219494e-01 ... 3.24894293e-20
  1.11174204e-16 2.81037949e-12]
 ...
 [5.24460758e-01 4.06674608e-01 8.37084354e-01 ... 6.52641659e-08
  1.25753942e-10 1.33906909e-18]
 [5.23590682e-01 4.51937902e-01 8.25836720e-01 ... 8.01423727e-07
  4.55312612e-09 4.12594503e-16]
 [5.18029069e-01 4.97729960e-01 8.07425504e-01 ... 5.52562518e-06
  9.25613277e-08 7.13798636e-14]]
[-9.92358754e+00 -3.83583543e+00  2.30868578e+00 ... -1.04730511e-02
  1.02584501e-02  5.80245246e-03]
[[8.83152174e-03 3.54129055e-03]
 [2.22486413e-02 2.32198312e-03]
 [4.17798913e-02 1.42448730e-03]
 [7.76154891e-02 8.09644403e-04]
 [1.38417120e-01 4.47455696e-04]
 [2.41168478e-01 1.90874651e-04]
 [4.30706522e-01 5.62537389e-05]
 [4.30706522e-01 5.62537389e-05]
 [4.30706522e-01 5.62537389e-05]
 [4.30706522e-01 5.62537389e-05]
 [4.30706522e-01 5.62537389e-05]
 [4.30706522e-01 5.62537389e-05]
 [4.30706522e-01 5.62537389e-05]]
