6
5e-05
qtot
MMA
location
[[0.70590027 1.         0.98425392 ... 0.60404715 0.41521124 0.08462419]
 [0.75709935 1.         0.98425392 ... 0.60404715 0.41521124 0.08637835]
 [0.76771265 1.         0.98425392 ... 0.60404715 0.41521124 0.08648138]
 ...
 [0.25849509 0.44891751 0.98494404 ... 0.68782473 0.44799568 0.08371885]
 [0.21421561 0.03537493 0.98494404 ... 0.68782473 0.44799568 0.        ]
 [0.22179105 0.10612479 0.98494404 ... 0.68782473 0.44799568 0.        ]]
3146
2.389687963007459e-06
1
2
[[0.33577652 0.60081126 0.32930818 ... 0.88363339 0.27811962 0.82180753]
 [0.34443042 0.57813089 0.3135535  ... 0.87591466 0.26481389 0.8410075 ]
 [0.34604188 0.57318945 0.31019477 ... 0.87379236 0.26197725 0.84453041]
 ...
 [0.47061566 0.58569564 0.77771874 ... 0.55149023 0.68456896 0.39665808]
 [0.51391292 0.32550212 0.9127485  ... 0.29871824 0.80342579 0.20901172]
 [0.51785753 0.36817994 0.90848149 ... 0.33937275 0.79966985 0.23857979]]
[  6.966918    18.50423982 -10.82600102 -24.3434506    8.7061861
   1.71760132   7.12175059   2.90031052  -2.60004177   0.28298383
 -18.34802876 -11.42907909  -2.37037708   3.61317083   3.92118395
   5.64997388  -1.96790583  11.4788457   -7.09344459  -2.36734461
  -7.2807611    2.65692142  -7.28657504 -16.47149563  -3.54796313
 -17.20916917  52.83490962  -7.32833106  48.28759418  37.27374305
  -3.9224593   -2.77119838  -8.63929026 -76.28669448  10.62390176
   5.10515033   0.70553758  12.99150041   5.37940798 -21.40756381
  -7.24540974  29.18115202  13.00923127 -16.25224708  -2.06372405
 -33.3377942  -56.86804223   1.08724255  -2.07984946  26.36397609
   1.56020466 -48.50758316  -1.79074991 -10.1834684  -19.75089185
 -24.61013825  23.84132999  25.43563243  33.89661884 -11.62347044
  24.3111338  -23.81014366  12.53184638  14.29787726  37.95299727
  78.11392634 -35.82667289 -40.78166798  23.3975026   23.32272828
  14.05873194  -9.5060557    9.3661164  -14.1228021    3.31488299
 -17.56560183 -11.40219186]
[[0.33577652 0.60081126 0.32930818 ... 0.12438854 0.34417095 0.75327501]
 [0.34443042 0.57813089 0.3135535  ... 0.13088284 0.36214002 0.7134167 ]
 [0.34604188 0.57318945 0.31019477 ... 0.1321104  0.36553657 0.70456586]
 ...
 [0.47061566 0.58569564 0.77771874 ... 0.19566887 0.29336543 0.39658867]
 [0.51391292 0.32550212 0.9127485  ... 0.2030436  0.23052552 0.1201204 ]
 [0.51785753 0.36817994 0.90848149 ... 0.21113516 0.25139101 0.15419894]]
[  6.966918    18.50423982 -10.82600102 -24.3434506    8.7061861
   1.71760132   7.12175059   2.90031052  -2.60004177   0.28298383
 -18.34802876 -11.42907909  -2.37037708   3.61317083   3.92118395
   5.64997388  -1.96790583  11.4788457   -7.09344459  -2.36734461
  -7.2807611    2.65692142  -7.28657504 -16.47149563  -3.54796313
 -17.20916917  52.83490962  -7.32833106  48.28759418  37.27374305
  -3.9224593   -2.77119838  -8.63929026 -76.28669448  10.62390176
   5.10515033   0.70553758  12.99150041   5.37940798 -21.40756381
  -7.24540974  29.18115202  13.00923127 -16.25224708  -2.06372405
 -33.3377942  -56.86804223   1.08724255  -2.07984946  26.36397609
   1.56020466 -48.50758316  -1.79074991 -10.1834684  -19.75089185
 -24.61013825  23.84132999  25.43563243  33.89661884 -11.62347044
  24.3111338  -23.81014366  12.53184638  14.29787726  37.95299727
  78.11392634 -35.82667289 -40.78166798  23.3975026   23.32272828
  14.05873194  -9.5060557    9.3661164  -14.1228021    3.31488299
 -17.56560183 -11.40219186 -11.29525037 -13.70151247   1.03833925
  -4.08272641  -9.58318869   1.31509015  10.7460911   -2.24301248
   0.36461548  -5.94257528   0.44490223   5.55792856  -2.40808417
   6.49629077   2.37942097  -0.54952181 -13.52215417   0.91521391
  -1.76971369  -4.60173679  -3.11297303  -3.55269404  25.16748486
   1.91531776   5.79646093   1.62266079   2.77505681   0.35230954
   6.73446983  -0.09816724   0.33379313  -3.37898804  -0.7784818
 -14.05530132  16.06135312  -3.24878917   6.13225033  -0.97231813
   0.6879032    3.00159134   2.68244914  -0.74212492  -3.26061477
   3.16145426   0.3661093   -3.79621466   1.1140418   -1.26800428
   8.8856138   -6.13864759  -1.3559497   -1.60261259  -0.31957152
   2.06836288   3.22200334 -18.11911523   2.43009049   3.51342489
 -15.24191762 -12.11989477   2.88223757   4.79988842  -1.52769152
   2.69893961 -10.28289361  20.55171361 -44.46550802   5.72970554
  -0.24100746   0.75882056 -14.16727612  -7.96328818   0.42744022
  38.20690418   0.8251447   -1.49115914   3.93046171  -3.03681701
   5.0699698  -60.56987473   0.48340708   6.67753176  -5.60024421
  -2.32819878   3.21565133  -3.45672987 -21.77017224  -4.8034488
 -20.18662517   0.88502854   5.16385627   8.65143096   0.57386284
  -1.72360609  -2.12819257  -1.89891645   4.53787609   2.32913265
  14.25203637   2.98971837   7.55513118   7.27577289  -0.53704246
 -13.41455258  -1.97226854   1.0228347    0.32154738  76.6987148
  18.96416427 -35.68005522   5.98711628  -0.97182644  10.07403309
  -3.9115084   -5.60776506  12.38337051   4.76853712   9.92618607
  -3.56346479   2.78499165  10.70873879  -7.60872586   6.38543279
  -8.72874601   2.16453476  16.06906124  -6.76862457]
[[0.33577652 0.60081126 0.32930818 ... 0.43780235 0.31329919 0.00723268]
 [0.34443042 0.57813089 0.3135535  ... 0.48375373 0.34361987 0.00800763]
 [0.34604188 0.57318945 0.31019477 ... 0.49266874 0.34941373 0.00815855]
 ...
 [0.47061566 0.58569564 0.77771874 ... 0.02333226 0.02839837 0.01707834]
 [0.51391292 0.32550212 0.9127485  ... 0.00185103 0.00218933 0.024285  ]
 [0.51785753 0.36817994 0.90848149 ... 0.00312707 0.00371675 0.02503925]]
[ 6.96691800e+00  1.85042398e+01 -1.08260010e+01 -2.43434506e+01
  8.70618610e+00  1.71760132e+00  7.12175059e+00  2.90031052e+00
 -2.60004177e+00  2.82983833e-01 -1.83480288e+01 -1.14290791e+01
 -2.37037708e+00  3.61317083e+00  3.92118395e+00  5.64997388e+00
 -1.96790583e+00  1.14788457e+01 -7.09344459e+00 -2.36734461e+00
 -7.28076110e+00  2.65692142e+00 -7.28657504e+00 -1.64714956e+01
 -3.54796313e+00 -1.72091692e+01  5.28349096e+01 -7.32833106e+00
  4.82875942e+01  3.72737431e+01 -3.92245930e+00 -2.77119838e+00
 -8.63929026e+00 -7.62866945e+01  1.06239018e+01  5.10515033e+00
  7.05537578e-01  1.29915004e+01  5.37940798e+00 -2.14075638e+01
 -7.24540974e+00  2.91811520e+01  1.30092313e+01 -1.62522471e+01
 -2.06372405e+00 -3.33377942e+01 -5.68680422e+01  1.08724255e+00
 -2.07984946e+00  2.63639761e+01  1.56020466e+00 -4.85075832e+01
 -1.79074991e+00 -1.01834684e+01 -1.97508919e+01 -2.46101382e+01
  2.38413300e+01  2.54356324e+01  3.38966188e+01 -1.16234704e+01
  2.43111338e+01 -2.38101437e+01  1.25318464e+01  1.42978773e+01
  3.79529973e+01  7.81139263e+01 -3.58266729e+01 -4.07816680e+01
  2.33975026e+01  2.33227283e+01  1.40587319e+01 -9.50605570e+00
  9.36611640e+00 -1.41228021e+01  3.31488299e+00 -1.75656018e+01
 -1.14021919e+01 -1.12952504e+01 -1.37015125e+01  1.03833925e+00
 -4.08272641e+00 -9.58318869e+00  1.31509015e+00  1.07460911e+01
 -2.24301248e+00  3.64615479e-01 -5.94257528e+00  4.44902233e-01
  5.55792856e+00 -2.40808417e+00  6.49629077e+00  2.37942097e+00
 -5.49521810e-01 -1.35221542e+01  9.15213909e-01 -1.76971369e+00
 -4.60173679e+00 -3.11297303e+00 -3.55269404e+00  2.51674849e+01
  1.91531776e+00  5.79646093e+00  1.62266079e+00  2.77505681e+00
  3.52309543e-01  6.73446983e+00 -9.81672395e-02  3.33793133e-01
 -3.37898804e+00 -7.78481798e-01 -1.40553013e+01  1.60613531e+01
 -3.24878917e+00  6.13225033e+00 -9.72318128e-01  6.87903195e-01
  3.00159134e+00  2.68244914e+00 -7.42124923e-01 -3.26061477e+00
  3.16145426e+00  3.66109296e-01 -3.79621466e+00  1.11404180e+00
 -1.26800428e+00  8.88561380e+00 -6.13864759e+00 -1.35594970e+00
 -1.60261259e+00 -3.19571521e-01  2.06836288e+00  3.22200334e+00
 -1.81191152e+01  2.43009049e+00  3.51342489e+00 -1.52419176e+01
 -1.21198948e+01  2.88223757e+00  4.79988842e+00 -1.52769152e+00
  2.69893961e+00 -1.02828936e+01  2.05517136e+01 -4.44655080e+01
  5.72970554e+00 -2.41007465e-01  7.58820562e-01 -1.41672761e+01
 -7.96328818e+00  4.27440219e-01  3.82069042e+01  8.25144705e-01
 -1.49115914e+00  3.93046171e+00 -3.03681701e+00  5.06996980e+00
 -6.05698747e+01  4.83407080e-01  6.67753176e+00 -5.60024421e+00
 -2.32819878e+00  3.21565133e+00 -3.45672987e+00 -2.17701722e+01
 -4.80344880e+00 -2.01866252e+01  8.85028539e-01  5.16385627e+00
  8.65143096e+00  5.73862838e-01 -1.72360609e+00 -2.12819257e+00
 -1.89891645e+00  4.53787609e+00  2.32913265e+00  1.42520364e+01
  2.98971837e+00  7.55513118e+00  7.27577289e+00 -5.37042456e-01
 -1.34145526e+01 -1.97226854e+00  1.02283470e+00  3.21547378e-01
  7.66987148e+01  1.89641643e+01 -3.56800552e+01  5.98711628e+00
 -9.71826441e-01  1.00740331e+01 -3.91150840e+00 -5.60776506e+00
  1.23833705e+01  4.76853712e+00  9.92618607e+00 -3.56346479e+00
  2.78499165e+00  1.07087388e+01 -7.60872586e+00  6.38543279e+00
 -8.72874601e+00  2.16453476e+00  1.60690612e+01 -6.76862457e+00
 -2.18926612e+00 -1.52567856e+00 -4.36118183e-01  2.82541173e-01
  1.12677550e+01  2.78580054e-01 -4.94082024e-01  5.74673057e-01
  3.14039594e+00  1.44704078e+00  1.06691496e+00 -5.06501926e-01
 -1.33590140e+00  2.70530841e-01  1.06344960e+01 -1.11950018e+00
 -1.88508384e+00 -5.20976690e-01  2.95457729e+00  1.38519833e+00
 -3.73488263e+00  5.62660385e-01  2.24956372e+00 -1.45225773e+00
 -6.85560868e+00 -1.90813210e+00  6.63469136e-01  3.03021628e+00
 -1.67339303e-03 -8.45625260e-01 -2.58591044e+00  1.51944411e+00
  1.06455269e+00 -3.55376326e-01  1.21511164e+00 -7.69158337e+00
  1.78542273e+00 -1.97166502e-01 -7.33294660e-01 -2.01375467e-02
  8.57072354e-01  5.98304743e-01  5.82244834e-01  3.09751576e-03
 -7.82147336e-01 -1.92553377e+00  1.32035570e-01 -1.00833721e+00
 -6.52289050e-01  1.01029319e+00 -1.76774541e+00 -2.21342839e+00
 -1.12147572e+00  1.64096900e-01 -3.66934170e+00 -1.88206918e+00
  2.41684533e-01  3.18638190e-01 -9.90421418e-01 -8.02790827e-01
 -1.59779009e+00  5.33015013e+00  4.17536808e-01  5.04851288e+00
 -1.44613298e+00  2.08881852e+00 -1.84983690e+00 -5.44972493e+00
 -1.69690136e+00 -1.81765346e+00  2.46036910e-02 -2.81041476e+00
 -3.85403372e+00 -4.60643317e+00  6.38480531e-01 -5.42702651e-01
  5.01779863e-02 -1.71826239e+00 -1.27571036e+00  2.33719752e+00
 -1.01666714e+00  3.36395578e-01  3.72946834e-01  2.28989813e+00
 -3.87565954e-01  1.78472300e+00 -1.04638943e+00  3.51779074e+00
 -2.96747186e+00  2.45186177e+00 -2.07665590e-01  3.11967295e-01
 -4.62368568e-01 -5.09674917e-01  4.11838233e+00  3.06991170e+00
 -8.94116949e+00 -7.17934196e-01 -4.06942669e-01 -8.64749140e-01
 -3.61498383e+00 -1.48186724e+00 -1.34844631e+00 -7.14970255e-01
  1.07122759e+00 -8.67933456e-01  4.58039067e+00 -5.13347668e+00
  1.41621941e+00 -2.01429284e+00  4.40552227e-01 -3.49655545e+00
  4.81553321e+00  3.77017070e+00 -9.45148990e-01 -6.17709687e-01
  1.70988833e-01 -4.31614386e-01  1.89343673e+01 -1.19518378e-03
  1.75101662e+00  1.44112247e+00 -5.32689345e-01 -1.93184473e+00
  5.90167323e-01 -6.02767309e-01  2.26635357e+00 -1.43193368e+00
  1.57201133e+00  8.43729762e+00 -1.06494649e+01 -6.06281404e-01
  3.76210734e+00  1.21568625e+00  3.94527206e+00  4.36148694e+00
  1.29965090e+00  5.26103776e+00  8.66928992e-01  1.14350060e+00
 -3.57400662e-01  2.38787349e+01  3.36438317e+00  3.32821761e+00
  4.86279900e+00 -8.51074626e-01 -1.11724547e+00  4.65791140e-01
 -2.60344161e+00  2.15553727e+00 -2.62853300e+00 -1.71848087e+00
  3.32447294e+00  1.12362279e+00  1.67076353e+00  2.26273698e+01
 -4.51289150e+00 -1.23624125e+01  3.08565353e+00 -1.26395137e+00
 -2.54977167e+01  3.33471918e+00  1.44930597e+00 -4.62916081e+00
 -6.34190011e-01 -1.84746091e+01  3.90529036e+00  1.44009197e+00
 -6.66988143e+00 -9.14799215e-01 -3.96351208e+00 -1.41644411e+01
  8.41341922e+00 -2.30308778e-01 -5.70156824e+00  3.57137628e+00
  6.59535599e-01 -1.58726882e+00 -1.69413064e+00 -3.19190529e+00
 -6.38427210e-01  9.51137227e+00  1.70039742e+01 -1.08991060e+00
 -5.12885622e+00 -5.17441620e+00 -1.37409531e+00  8.81638331e+00
 -5.66412328e+00  1.32157086e+00  5.75500947e+00 -1.54223004e+00
  1.33307327e+00  6.63562680e+00  1.60210309e+00  1.57091076e+00
  7.38152748e-01  6.04045416e+00 -1.39503337e+00  9.73354774e-01
 -1.80268112e+00  8.99386528e-01  1.15453479e+00 -4.22527126e+00
 -3.72873504e+01 -2.66206205e+00  5.18416748e+00 -9.60534878e+00
 -3.52591673e+00 -1.80908617e+00  6.37975276e-01 -4.92982914e-01
  3.19065712e+01 -1.14755762e+01 -9.23915709e+00 -1.53667781e+00
  3.27616659e+00 -2.46961517e+00  5.32862301e+00]
[[3.35776519e-01 6.00811258e-01 3.29308181e-01 ... 3.18855492e-02
  2.73068403e-03 1.38423601e-02]
 [3.44430423e-01 5.78130885e-01 3.13553499e-01 ... 2.64906996e-02
  1.90776324e-03 9.98595944e-03]
 [3.46041882e-01 5.73189451e-01 3.10194770e-01 ... 2.53686030e-02
  1.76250106e-03 9.28713218e-03]
 ...
 [4.70615664e-01 5.85695643e-01 7.77718740e-01 ... 1.03409086e-02
  1.77235005e-01 4.26289388e-02]
 [5.13912925e-01 3.25502118e-01 9.12748504e-01 ... 8.46462944e-05
  4.92403319e-02 1.02534319e-03]
 [5.17857535e-01 3.68179938e-01 9.08481494e-01 ... 2.30955904e-04
  7.35127122e-02 2.32650530e-03]]
[ 6.96691800e+00  1.85042398e+01 -1.08260010e+01 -2.43434506e+01
  8.70618610e+00  1.71760132e+00  7.12175059e+00  2.90031052e+00
 -2.60004177e+00  2.82983833e-01 -1.83480288e+01 -1.14290791e+01
 -2.37037708e+00  3.61317083e+00  3.92118395e+00  5.64997388e+00
 -1.96790583e+00  1.14788457e+01 -7.09344459e+00 -2.36734461e+00
 -7.28076110e+00  2.65692142e+00 -7.28657504e+00 -1.64714956e+01
 -3.54796313e+00 -1.72091692e+01  5.28349096e+01 -7.32833106e+00
  4.82875942e+01  3.72737431e+01 -3.92245930e+00 -2.77119838e+00
 -8.63929026e+00 -7.62866945e+01  1.06239018e+01  5.10515033e+00
  7.05537578e-01  1.29915004e+01  5.37940798e+00 -2.14075638e+01
 -7.24540974e+00  2.91811520e+01  1.30092313e+01 -1.62522471e+01
 -2.06372405e+00 -3.33377942e+01 -5.68680422e+01  1.08724255e+00
 -2.07984946e+00  2.63639761e+01  1.56020466e+00 -4.85075832e+01
 -1.79074991e+00 -1.01834684e+01 -1.97508919e+01 -2.46101382e+01
  2.38413300e+01  2.54356324e+01  3.38966188e+01 -1.16234704e+01
  2.43111338e+01 -2.38101437e+01  1.25318464e+01  1.42978773e+01
  3.79529973e+01  7.81139263e+01 -3.58266729e+01 -4.07816680e+01
  2.33975026e+01  2.33227283e+01  1.40587319e+01 -9.50605570e+00
  9.36611640e+00 -1.41228021e+01  3.31488299e+00 -1.75656018e+01
 -1.14021919e+01 -1.12952504e+01 -1.37015125e+01  1.03833925e+00
 -4.08272641e+00 -9.58318869e+00  1.31509015e+00  1.07460911e+01
 -2.24301248e+00  3.64615479e-01 -5.94257528e+00  4.44902233e-01
  5.55792856e+00 -2.40808417e+00  6.49629077e+00  2.37942097e+00
 -5.49521810e-01 -1.35221542e+01  9.15213909e-01 -1.76971369e+00
 -4.60173679e+00 -3.11297303e+00 -3.55269404e+00  2.51674849e+01
  1.91531776e+00  5.79646093e+00  1.62266079e+00  2.77505681e+00
  3.52309543e-01  6.73446983e+00 -9.81672395e-02  3.33793133e-01
 -3.37898804e+00 -7.78481798e-01 -1.40553013e+01  1.60613531e+01
 -3.24878917e+00  6.13225033e+00 -9.72318128e-01  6.87903195e-01
  3.00159134e+00  2.68244914e+00 -7.42124923e-01 -3.26061477e+00
  3.16145426e+00  3.66109296e-01 -3.79621466e+00  1.11404180e+00
 -1.26800428e+00  8.88561380e+00 -6.13864759e+00 -1.35594970e+00
 -1.60261259e+00 -3.19571521e-01  2.06836288e+00  3.22200334e+00
 -1.81191152e+01  2.43009049e+00  3.51342489e+00 -1.52419176e+01
 -1.21198948e+01  2.88223757e+00  4.79988842e+00 -1.52769152e+00
  2.69893961e+00 -1.02828936e+01  2.05517136e+01 -4.44655080e+01
  5.72970554e+00 -2.41007465e-01  7.58820562e-01 -1.41672761e+01
 -7.96328818e+00  4.27440219e-01  3.82069042e+01  8.25144705e-01
 -1.49115914e+00  3.93046171e+00 -3.03681701e+00  5.06996980e+00
 -6.05698747e+01  4.83407080e-01  6.67753176e+00 -5.60024421e+00
 -2.32819878e+00  3.21565133e+00 -3.45672987e+00 -2.17701722e+01
 -4.80344880e+00 -2.01866252e+01  8.85028539e-01  5.16385627e+00
  8.65143096e+00  5.73862838e-01 -1.72360609e+00 -2.12819257e+00
 -1.89891645e+00  4.53787609e+00  2.32913265e+00  1.42520364e+01
  2.98971837e+00  7.55513118e+00  7.27577289e+00 -5.37042456e-01
 -1.34145526e+01 -1.97226854e+00  1.02283470e+00  3.21547378e-01
  7.66987148e+01  1.89641643e+01 -3.56800552e+01  5.98711628e+00
 -9.71826441e-01  1.00740331e+01 -3.91150840e+00 -5.60776506e+00
  1.23833705e+01  4.76853712e+00  9.92618607e+00 -3.56346479e+00
  2.78499165e+00  1.07087388e+01 -7.60872586e+00  6.38543279e+00
 -8.72874601e+00  2.16453476e+00  1.60690612e+01 -6.76862457e+00
 -2.18926612e+00 -1.52567856e+00 -4.36118183e-01  2.82541173e-01
  1.12677550e+01  2.78580054e-01 -4.94082024e-01  5.74673057e-01
  3.14039594e+00  1.44704078e+00  1.06691496e+00 -5.06501926e-01
 -1.33590140e+00  2.70530841e-01  1.06344960e+01 -1.11950018e+00
 -1.88508384e+00 -5.20976690e-01  2.95457729e+00  1.38519833e+00
 -3.73488263e+00  5.62660385e-01  2.24956372e+00 -1.45225773e+00
 -6.85560868e+00 -1.90813210e+00  6.63469136e-01  3.03021628e+00
 -1.67339303e-03 -8.45625260e-01 -2.58591044e+00  1.51944411e+00
  1.06455269e+00 -3.55376326e-01  1.21511164e+00 -7.69158337e+00
  1.78542273e+00 -1.97166502e-01 -7.33294660e-01 -2.01375467e-02
  8.57072354e-01  5.98304743e-01  5.82244834e-01  3.09751576e-03
 -7.82147336e-01 -1.92553377e+00  1.32035570e-01 -1.00833721e+00
 -6.52289050e-01  1.01029319e+00 -1.76774541e+00 -2.21342839e+00
 -1.12147572e+00  1.64096900e-01 -3.66934170e+00 -1.88206918e+00
  2.41684533e-01  3.18638190e-01 -9.90421418e-01 -8.02790827e-01
 -1.59779009e+00  5.33015013e+00  4.17536808e-01  5.04851288e+00
 -1.44613298e+00  2.08881852e+00 -1.84983690e+00 -5.44972493e+00
 -1.69690136e+00 -1.81765346e+00  2.46036910e-02 -2.81041476e+00
 -3.85403372e+00 -4.60643317e+00  6.38480531e-01 -5.42702651e-01
  5.01779863e-02 -1.71826239e+00 -1.27571036e+00  2.33719752e+00
 -1.01666714e+00  3.36395578e-01  3.72946834e-01  2.28989813e+00
 -3.87565954e-01  1.78472300e+00 -1.04638943e+00  3.51779074e+00
 -2.96747186e+00  2.45186177e+00 -2.07665590e-01  3.11967295e-01
 -4.62368568e-01 -5.09674917e-01  4.11838233e+00  3.06991170e+00
 -8.94116949e+00 -7.17934196e-01 -4.06942669e-01 -8.64749140e-01
 -3.61498383e+00 -1.48186724e+00 -1.34844631e+00 -7.14970255e-01
  1.07122759e+00 -8.67933456e-01  4.58039067e+00 -5.13347668e+00
  1.41621941e+00 -2.01429284e+00  4.40552227e-01 -3.49655545e+00
  4.81553321e+00  3.77017070e+00 -9.45148990e-01 -6.17709687e-01
  1.70988833e-01 -4.31614386e-01  1.89343673e+01 -1.19518378e-03
  1.75101662e+00  1.44112247e+00 -5.32689345e-01 -1.93184473e+00
  5.90167323e-01 -6.02767309e-01  2.26635357e+00 -1.43193368e+00
  1.57201133e+00  8.43729762e+00 -1.06494649e+01 -6.06281404e-01
  3.76210734e+00  1.21568625e+00  3.94527206e+00  4.36148694e+00
  1.29965090e+00  5.26103776e+00  8.66928992e-01  1.14350060e+00
 -3.57400662e-01  2.38787349e+01  3.36438317e+00  3.32821761e+00
  4.86279900e+00 -8.51074626e-01 -1.11724547e+00  4.65791140e-01
 -2.60344161e+00  2.15553727e+00 -2.62853300e+00 -1.71848087e+00
  3.32447294e+00  1.12362279e+00  1.67076353e+00  2.26273698e+01
 -4.51289150e+00 -1.23624125e+01  3.08565353e+00 -1.26395137e+00
 -2.54977167e+01  3.33471918e+00  1.44930597e+00 -4.62916081e+00
 -6.34190011e-01 -1.84746091e+01  3.90529036e+00  1.44009197e+00
 -6.66988143e+00 -9.14799215e-01 -3.96351208e+00 -1.41644411e+01
  8.41341922e+00 -2.30308778e-01 -5.70156824e+00  3.57137628e+00
  6.59535599e-01 -1.58726882e+00 -1.69413064e+00 -3.19190529e+00
 -6.38427210e-01  9.51137227e+00  1.70039742e+01 -1.08991060e+00
 -5.12885622e+00 -5.17441620e+00 -1.37409531e+00  8.81638331e+00
 -5.66412328e+00  1.32157086e+00  5.75500947e+00 -1.54223004e+00
  1.33307327e+00  6.63562680e+00  1.60210309e+00  1.57091076e+00
  7.38152748e-01  6.04045416e+00 -1.39503337e+00  9.73354774e-01
 -1.80268112e+00  8.99386528e-01  1.15453479e+00 -4.22527126e+00
 -3.72873504e+01 -2.66206205e+00  5.18416748e+00 -9.60534878e+00
 -3.52591673e+00 -1.80908617e+00  6.37975276e-01 -4.92982914e-01
  3.19065712e+01 -1.14755762e+01 -9.23915709e+00 -1.53667781e+00
  3.27616659e+00 -2.46961517e+00  5.32862301e+00 -5.47151179e+00
  6.65279569e+00  1.93719142e-01  1.10765393e+00  1.96898081e+00
  2.60736380e-01  2.44814488e-01 -3.72563483e-01  3.00747630e+00
  1.01787163e+00  1.00218420e+00 -5.60205481e-02  6.63161273e-01
  3.14165904e-01 -2.37285911e-01 -4.34916776e-01 -5.74556167e+00
 -7.55047321e-02  1.48883178e+01 -2.74958202e-01  6.53884922e-01
  1.51824624e+00  3.58687918e-01 -2.39900129e+00 -3.55860755e-01
 -7.18756779e-01  3.62855335e-01  1.67812090e+00 -8.24966965e-01
  7.11596812e-01  1.92089496e-01  1.64104363e-01  5.75150554e-01
  5.83563033e-01 -1.49484469e-01  2.25776303e-02  1.37512712e+00
  4.19295033e-01  8.61842077e-02  5.31718148e-02  8.43384467e-02
 -1.08771776e-01  9.35628689e-01  1.23014167e-01  1.42597736e-02
  1.71156143e-01 -3.34046412e-01 -5.47303499e-01 -2.72612519e-01
  2.78329952e-02 -1.04752116e-01  1.39331447e+01 -1.42808297e-01
 -1.10217773e-01  1.04639657e-01 -2.66790569e-01 -3.16462719e-02
 -7.35610453e-01  5.20413719e-01  3.93794864e-01  7.21153880e-02
 -1.55672167e-01 -2.40414036e-02  9.29743295e-02 -1.46219275e-01
 -4.69445301e-02  1.65598404e-03  1.35297810e-02  6.53909291e-01
 -2.13425023e-01 -8.46635043e-01  5.99065510e-02 -3.56053919e-01
 -2.99798352e+00  1.47382108e+00  6.26421589e-01 -2.20092667e-01
  7.89713113e+00 -1.45368882e-01  2.16165520e+00 -4.65283839e-01
  6.49072818e-02  9.37366338e-01  4.65055554e-01  1.51035402e+00
 -8.54879144e-01 -2.03514996e+00 -1.05487742e+00  2.54705000e-01
  3.14692649e-02  3.34063597e-01  1.88424541e-01 -4.13528209e-01
 -9.17841746e-02 -6.89841207e-02 -3.43370104e-02 -4.02905486e+00
 -2.46496813e-01  5.40255137e-01 -7.28020713e-01  2.73624322e-01
 -9.30442512e-01 -3.67498793e-01 -9.51488900e-02  2.85684896e-01
 -5.65487115e+00  8.59886066e-01 -3.74262094e-01 -1.15724338e-01
  1.32490036e+00 -4.88449746e-01 -4.88236125e-01 -1.84666344e+00
  4.56583990e+00 -1.00585803e+00 -6.95798442e-01  4.12514837e-01
  3.04915227e-01  7.43946224e-03 -1.66793194e+00 -2.05927192e-01
 -1.82380834e-01  8.69734950e-02 -3.29062830e-01  1.04299204e-01
  2.02452037e-01 -1.23631317e-01  6.65250021e-02  1.04012064e-01
 -1.06304854e+00 -1.91765376e-01  5.44451814e-01 -3.11201486e-01
 -1.73111731e-01  6.60304441e-01  1.37729555e-01  3.01317789e-02
 -5.19570892e-02 -4.51617335e-02  2.73656656e-02  1.79535513e-01
 -1.95706458e-01 -1.69737900e+00  4.86607043e-01  1.43361140e-01
  1.10791928e+00  1.72343181e-02  7.95612580e-03 -2.45668601e+00
 -6.67983706e+00 -4.66524658e-01 -3.24303736e-01 -1.42362031e-01
 -3.22169884e-01  8.42217787e-01  1.35619846e+00  5.91810566e-02
 -1.35127828e-01  9.15946697e-01  1.16079221e+00 -8.68747219e-02
  2.10952677e+00  1.23177398e+00  1.52871201e+00 -7.95436021e-02
 -1.03898365e+00 -1.15328430e+00  1.21374567e+00 -4.13467630e-01
 -4.43368004e-01  6.34838946e-01  2.14457185e-01  4.79544601e-03
 -9.36033375e-02  1.34454746e-01  9.99040822e-02  3.88834957e-02
 -1.44875665e-01 -4.94396440e-02  9.90539490e-02 -2.03508896e+00
  1.90479037e+01  9.94697485e-02 -2.92824639e-03 -2.37655672e-02
  4.49027688e-02 -1.68446046e+00  4.86241031e-01 -1.25747659e+00
 -5.57712710e-01  2.25242749e-01 -1.39435834e+00 -1.96741077e-01
 -2.61708613e-01  2.77576964e-01 -1.10971396e-01  5.87624403e+00
  1.03302027e+00  1.53774705e-01 -6.18725800e-02  1.89525229e+00
 -3.20054378e-01  7.27244576e-01 -7.01237477e-02 -1.34119653e+00
  8.35480123e-02  4.59858613e-02  1.63155682e-01 -5.55345867e-02
 -9.79078395e-02 -1.16245473e+00  9.05274922e-01  2.79246018e-01
 -2.73188221e-01  2.28624080e-01 -3.75013346e+00  7.15748668e-01
 -3.66214435e-01 -4.78291936e-01 -4.16488189e-01  2.81402106e+00
  1.48033829e+00 -1.23671714e+01  1.63644299e+00  4.95044668e-02
  1.68766366e-01  2.36239724e+00  2.27586132e-01  2.55492850e-01
  1.45242526e+00 -2.01816864e+00  2.47355777e-01 -3.38610985e-01
 -5.29147772e-03  1.78197373e+00  2.85564007e-02 -1.70092180e+00
 -4.51786615e-01  1.60049105e+00 -3.55495699e-01  1.45506166e+00
  6.66601808e-01 -2.39122320e+00 -4.03096008e-01 -8.06735616e-02
  3.36668859e-01  1.30551003e-01  3.43292522e-02  5.86108518e+00
  1.01420648e+00  1.51367173e+00  2.45736163e-01 -1.47831666e+00
  1.74123416e-01 -1.09771192e+00  5.67685986e+00  6.10277567e-02
 -1.56424924e-01 -2.95450931e+00 -5.18048518e-01  2.67074384e-01
 -5.54023956e-02 -4.51341488e-02 -1.42218351e-01 -3.24139213e-01
  1.93589128e-01 -1.13442550e-01  5.39947391e-02 -2.07342442e+00
  2.26492185e+00 -7.47377349e-01 -7.36484244e-01  3.34005519e-01
  1.47352080e-01  5.34750407e-01 -8.69829066e-01 -9.54502155e-02
  1.74123543e-01 -8.14835707e+00  9.71208481e-01 -5.29284792e-01
  2.45422888e+00 -3.58378198e+00  2.98379779e+00 -8.96295588e-01
 -1.04528971e+00 -4.23212533e-01  6.80854163e-03 -4.49428658e-01
  1.38562266e-02 -2.26712930e-02  8.94362607e-01 -1.56728343e+01
 -4.61578093e+00  7.08086580e-01 -2.38975307e+00 -3.47209504e-01
  6.90636867e-01  4.05811012e-02 -5.43077936e+00 -6.21201493e-01
  2.04750536e+00 -4.58803616e-01  2.40681530e-01  1.48516906e-01
 -2.28823494e-01  1.70212551e-01  9.65924326e-01 -1.23507950e+00
 -2.98961243e-01 -8.80292293e+00  7.27797035e+00 -4.16399051e-01
  5.08262414e-01  1.02823040e+00  2.81625031e+00 -5.74216882e-01
 -2.60256605e-01 -1.47347353e+00 -2.72923002e+00  2.07858785e-01
  2.94485140e-01 -5.01145802e-02 -6.75593115e-01 -4.96592765e-01
  1.84533252e-01 -8.92024362e-02  1.02310430e-02 -1.92643432e+00
  2.72834236e+00  9.86848555e-01  3.17100592e-01 -2.78672073e-01
 -9.24835485e-02 -5.38983362e-01 -6.31622343e-01  5.77680067e-01
 -1.01784416e+00  3.90212560e-01  4.21400480e-01 -1.13987388e+00
  2.23273158e+00  4.91274488e-02 -7.76494836e+00 -3.16825570e+00
 -3.23221733e+00 -1.95353995e+00 -3.48279512e+00  3.77957014e+00
  1.20764039e+00 -1.34447748e+00  1.75579381e+00 -3.17763963e+00
 -4.44501460e-01  2.14501678e-01  1.34265060e+00  2.53755523e-01
  1.20432445e-01  6.07951968e-02 -1.93212009e-01 -4.31774968e-01
  1.47106466e-01 -1.81534096e-01]
[[3.35776519e-01 6.00811258e-01 3.29308181e-01 ... 6.18287512e-02
  8.57332804e-03 8.48814322e-02]
 [3.44430423e-01 5.78130885e-01 3.13553499e-01 ... 9.21669911e-02
  1.28815271e-02 1.22825555e-01]
 [3.46041882e-01 5.73189451e-01 3.10194770e-01 ... 9.91512361e-02
  1.38803914e-02 1.31321401e-01]
 ...
 [4.70615664e-01 5.85695643e-01 7.77718740e-01 ... 1.85562915e-06
  1.00573607e-05 3.96576796e-06]
 [5.13912925e-01 3.25502118e-01 9.12748504e-01 ... 7.35048363e-11
  1.68871493e-08 1.40086626e-10]
 [5.17857535e-01 3.68179938e-01 9.08481494e-01 ... 5.98703474e-10
  7.24534000e-08 1.16360292e-09]]
[  6.966918    18.50423982 -10.82600102 ...   0.18579347   0.2448752
  -0.16652024]
[[3.35776519e-01 6.00811258e-01 3.29308181e-01 ... 6.18287512e-02
  8.57332804e-03 8.48814322e-02]
 [3.44430423e-01 5.78130885e-01 3.13553499e-01 ... 9.21669911e-02
  1.28815271e-02 1.22825555e-01]
 [3.46041882e-01 5.73189451e-01 3.10194770e-01 ... 9.91512361e-02
  1.38803914e-02 1.31321401e-01]
 ...
 [4.70615664e-01 5.85695643e-01 7.77718740e-01 ... 1.85562915e-06
  1.00573607e-05 3.96576796e-06]
 [5.13912925e-01 3.25502118e-01 9.12748504e-01 ... 7.35048363e-11
  1.68871493e-08 1.40086626e-10]
 [5.17857535e-01 3.68179938e-01 9.08481494e-01 ... 5.98703474e-10
  7.24534000e-08 1.16360292e-09]]
[  6.966918    18.50423982 -10.82600102 ...   0.18579347   0.2448752
  -0.16652024]
[[3.35776519e-01 6.00811258e-01 3.29308181e-01 ... 6.18287512e-02
  8.57332804e-03 8.48814322e-02]
 [3.44430423e-01 5.78130885e-01 3.13553499e-01 ... 9.21669911e-02
  1.28815271e-02 1.22825555e-01]
 [3.46041882e-01 5.73189451e-01 3.10194770e-01 ... 9.91512361e-02
  1.38803914e-02 1.31321401e-01]
 ...
 [4.70615664e-01 5.85695643e-01 7.77718740e-01 ... 1.85562915e-06
  1.00573607e-05 3.96576796e-06]
 [5.13912925e-01 3.25502118e-01 9.12748504e-01 ... 7.35048363e-11
  1.68871493e-08 1.40086626e-10]
 [5.17857535e-01 3.68179938e-01 9.08481494e-01 ... 5.98703474e-10
  7.24534000e-08 1.16360292e-09]]
[  6.966918    18.50423982 -10.82600102 ...   0.18579347   0.2448752
  -0.16652024]
[[2.44755245e-02 1.48460424e-03]
 [6.48442467e-02 8.58944156e-04]
 [1.34456453e-01 4.60215592e-04]
 [2.49841068e-01 1.91301088e-04]
 [4.45645264e-01 7.14924282e-05]
 [4.45645264e-01 7.14924282e-05]
 [4.45645264e-01 7.14924282e-05]]
