12
0.006
rdot
MMA
sample
[[ 1.          0.97873908  0.76356524 ...  0.9782      0.59105727
   0.27531309]
 [ 1.          0.97873908  0.76356524 ...  0.9782      0.59105727
   0.37814505]
 [ 1.          0.97873908  0.76356524 ...  0.9782      0.59105727
   0.39295525]
 ...
 [ 0.10612479  0.9834187   0.93762584 ...  0.66369007  0.95890836
  -0.11330898]
 [ 0.17687465  0.9834187   0.93762584 ...  0.66369007  0.95890836
  -0.11745745]
 [ 0.24762451  0.9834187   0.93762584 ...  0.66369007  0.95890836
  -0.12113016]]
20480
0.00025933139110771996
[[0.68131319 0.26453087 0.34023926 ... 0.33646541 0.257507   0.25459533]
 [0.68131319 0.26453087 0.34023926 ... 0.33646541 0.257507   0.25459533]
 [0.68131319 0.26453087 0.34023926 ... 0.33646541 0.257507   0.25459533]
 ...
 [0.21146423 0.85407657 0.44357636 ... 0.76520213 0.41502584 0.42556211]
 [0.24497109 0.83868802 0.4462729  ... 0.7605785  0.40754801 0.41789444]
 [0.28036805 0.81365413 0.44357636 ... 0.74687458 0.39538316 0.40542076]]
[ 1.84735743 -5.62826269  7.2381688  -2.84994998 -6.05575352  0.02720683
 -1.73782069  2.42133765 -5.92102064  1.54649593  1.49609795 -2.23926259
 -3.47932193  2.73949292  8.57946311  8.83580759 -4.21357555 -2.61629555]
[[0.68131319 0.26453087 0.34023926 ... 0.46418766 0.63523062 0.14533281]
 [0.68131319 0.26453087 0.34023926 ... 0.46418766 0.63523062 0.14533281]
 [0.68131319 0.26453087 0.34023926 ... 0.46418766 0.63523062 0.14533281]
 ...
 [0.21146423 0.85407657 0.44357636 ... 0.04471712 0.12179752 0.62805891]
 [0.24497109 0.83868802 0.4462729  ... 0.06001084 0.14816598 0.66679986]
 [0.28036805 0.81365413 0.44357636 ... 0.07860624 0.17592601 0.69097468]]
[ 1.84735743 -5.62826269  7.2381688  -2.84994998 -6.05575352  0.02720683
 -1.73782069  2.42133765 -5.92102064  1.54649593  1.49609795 -2.23926259
 -3.47932193  2.73949292  8.57946311  8.83580759 -4.21357555 -2.61629555
 -0.84973161  0.0381191  -1.44440699 -1.66945864 -0.55913154  0.49329847
  0.91069741 -0.99288353  1.38405595 -0.51887174  0.54255432  0.07358964
  1.34518994  0.52879787 -0.49959572  0.88716824  0.35785322 -0.37982534
  0.40847252]
[[0.68131319 0.26453087 0.34023926 ... 0.00444366 0.004397   0.00391671]
 [0.68131319 0.26453087 0.34023926 ... 0.00444366 0.004397   0.00391671]
 [0.68131319 0.26453087 0.34023926 ... 0.00444366 0.004397   0.00391671]
 ...
 [0.21146423 0.85407657 0.44357636 ... 0.42987411 0.02966884 0.88168645]
 [0.24497109 0.83868802 0.4462729  ... 0.39971996 0.02758768 0.81983926]
 [0.28036805 0.81365413 0.44357636 ... 0.35408979 0.02443839 0.72625022]]
[ 1.84735743 -5.62826269  7.2381688  -2.84994998 -6.05575352  0.02720683
 -1.73782069  2.42133765 -5.92102064  1.54649593  1.49609795 -2.23926259
 -3.47932193  2.73949292  8.57946311  8.83580759 -4.21357555 -2.61629555
 -0.84973161  0.0381191  -1.44440699 -1.66945864 -0.55913154  0.49329847
  0.91069741 -0.99288353  1.38405595 -0.51887174  0.54255432  0.07358964
  1.34518994  0.52879787 -0.49959572  0.88716824  0.35785322 -0.37982534
  0.40847252  0.70221345 -0.26168414 -0.18401768  0.18133131 -0.23975866
  0.31031571  0.08130954 -0.01448017 -0.04245561  0.03724629 -0.13116598
  0.41322727 -0.45716768  0.07941581  0.04424811 -0.24121823 -0.28625587
 -0.42730695  0.06236648 -0.67894465  0.31119954  0.41518929  0.36820969]
[[6.81313186e-01 2.64530872e-01 3.40239258e-01 ... 6.31556359e-02
  1.19484363e-03 5.47929784e-05]
 [6.81313186e-01 2.64530872e-01 3.40239258e-01 ... 6.31556359e-02
  1.19484363e-03 5.47929784e-05]
 [6.81313186e-01 2.64530872e-01 3.40239258e-01 ... 6.31556359e-02
  1.19484363e-03 5.47929784e-05]
 ...
 [2.11464231e-01 8.54076567e-01 4.43576363e-01 ... 2.54468886e-03
  2.09040194e-01 7.78895427e-02]
 [2.44971094e-01 8.38688024e-01 4.46272903e-01 ... 4.24747370e-03
  2.41769057e-01 6.73454465e-02]
 [2.80368051e-01 8.13654131e-01 4.43576363e-01 ... 6.43446974e-03
  2.53780173e-01 5.28473694e-02]]
[ 1.84735743 -5.62826269  7.2381688  -2.84994998 -6.05575352  0.02720683
 -1.73782069  2.42133765 -5.92102064  1.54649593  1.49609795 -2.23926259
 -3.47932193  2.73949292  8.57946311  8.83580759 -4.21357555 -2.61629555
 -0.84973161  0.0381191  -1.44440699 -1.66945864 -0.55913154  0.49329847
  0.91069741 -0.99288353  1.38405595 -0.51887174  0.54255432  0.07358964
  1.34518994  0.52879787 -0.49959572  0.88716824  0.35785322 -0.37982534
  0.40847252  0.70221345 -0.26168414 -0.18401768  0.18133131 -0.23975866
  0.31031571  0.08130954 -0.01448017 -0.04245561  0.03724629 -0.13116598
  0.41322727 -0.45716768  0.07941581  0.04424811 -0.24121823 -0.28625587
 -0.42730695  0.06236648 -0.67894465  0.31119954  0.41518929  0.36820969
 -0.13929799  0.13274617 -0.11227598  0.03663931 -0.0397346   0.09127328
  0.07180658 -0.06219255  0.02854751  0.07243047 -0.11928949  0.12542755]
[[6.81313186e-01 2.64530872e-01 3.40239258e-01 ... 1.19484363e-03
  5.47929784e-05 1.44275729e-02]
 [6.81313186e-01 2.64530872e-01 3.40239258e-01 ... 1.19484363e-03
  5.47929784e-05 1.44275729e-02]
 [6.81313186e-01 2.64530872e-01 3.40239258e-01 ... 1.19484363e-03
  5.47929784e-05 1.44275729e-02]
 ...
 [2.11464231e-01 8.54076567e-01 4.43576363e-01 ... 2.09040194e-01
  7.78895427e-02 3.79850929e-08]
 [2.44971094e-01 8.38688024e-01 4.46272903e-01 ... 2.41769057e-01
  6.73454465e-02 2.18296516e-07]
 [2.80368051e-01 8.13654131e-01 4.43576363e-01 ... 2.53780173e-01
  5.28473694e-02 1.03336209e-06]]
[ 1.84735743 -5.62826269  7.2381688  -2.84994998 -6.05575352  0.02720683
 -1.73782069  2.42133765 -5.92102064  1.54649593  1.49609795 -2.23926259
 -3.47932193  2.73949292  8.57946311  8.83580759 -4.21357555 -2.61629555
 -0.84973161  0.0381191  -1.44440699 -1.66945864 -0.55913154  0.49329847
  0.91069741 -0.99288353  1.38405595 -0.51887174  0.54255432  0.07358964
  1.34518994  0.52879787 -0.49959572  0.88716824  0.35785322 -0.37982534
  0.40847252  0.70221345 -0.26168414 -0.18401768  0.18133131 -0.23975866
  0.31031571  0.08130954 -0.01448017 -0.04245561  0.03724629 -0.13116598
  0.41322727 -0.45716768  0.07941581  0.04424811 -0.24121823 -0.28625587
 -0.42730695  0.06236648 -0.67894465  0.31119954  0.41518929  0.36820969
 -0.13929799  0.13274617 -0.11227598  0.03663931 -0.0397346   0.09127328
  0.07180658 -0.06219255  0.02854751  0.07243047 -0.11928949  0.12542755
 -0.04237098]
[[6.81313186e-01 2.64530872e-01 3.40239258e-01 ... 6.68117794e-04
  5.37305814e-04 1.12690833e-02]
 [6.81313186e-01 2.64530872e-01 3.40239258e-01 ... 6.68117794e-04
  5.37305814e-04 1.12690833e-02]
 [6.81313186e-01 2.64530872e-01 3.40239258e-01 ... 6.68117794e-04
  5.37305814e-04 1.12690833e-02]
 ...
 [2.11464231e-01 8.54076567e-01 4.43576363e-01 ... 8.77812900e-15
  2.35076136e-07 3.70444534e-18]
 [2.44971094e-01 8.38688024e-01 4.46272903e-01 ... 9.71617981e-13
  3.76584742e-06 4.10031078e-16]
 [2.80368051e-01 8.13654131e-01 4.43576363e-01 ... 7.29681520e-11
  4.09318257e-05 3.07931828e-14]]
[ 1.84735743 -5.62826269  7.2381688  -2.84994998 -6.05575352  0.02720683
 -1.73782069  2.42133765 -5.92102064  1.54649593  1.49609795 -2.23926259
 -3.47932193  2.73949292  8.57946311  8.83580759 -4.21357555 -2.61629555
 -0.84973161  0.0381191  -1.44440699 -1.66945864 -0.55913154  0.49329847
  0.91069741 -0.99288353  1.38405595 -0.51887174  0.54255432  0.07358964
  1.34518994  0.52879787 -0.49959572  0.88716824  0.35785322 -0.37982534
  0.40847252  0.70221345 -0.26168414 -0.18401768  0.18133131 -0.23975866
  0.31031571  0.08130954 -0.01448017 -0.04245561  0.03724629 -0.13116598
  0.41322727 -0.45716768  0.07941581  0.04424811 -0.24121823 -0.28625587
 -0.42730695  0.06236648 -0.67894465  0.31119954  0.41518929  0.36820969
 -0.13929799  0.13274617 -0.11227598  0.03663931 -0.0397346   0.09127328
  0.07180658 -0.06219255  0.02854751  0.07243047 -0.11928949  0.12542755
 -0.04237098 -0.29599872  0.0650395   0.07612713  0.257       0.05098238]
[[6.81313186e-01 2.64530872e-01 3.40239258e-01 ... 5.37305814e-04
  1.12690833e-02 5.98478941e-12]
 [6.81313186e-01 2.64530872e-01 3.40239258e-01 ... 5.37305814e-04
  1.12690833e-02 5.98478941e-12]
 [6.81313186e-01 2.64530872e-01 3.40239258e-01 ... 5.37305814e-04
  1.12690833e-02 5.98478941e-12]
 ...
 [2.11464231e-01 8.54076567e-01 4.43576363e-01 ... 2.35076136e-07
  3.70444534e-18 4.79033276e-19]
 [2.44971094e-01 8.38688024e-01 4.46272903e-01 ... 3.76584742e-06
  4.10031078e-16 1.06008405e-15]
 [2.80368051e-01 8.13654131e-01 4.43576363e-01 ... 4.09318257e-05
  3.07931828e-14 1.07994928e-12]]
[ 1.84735743 -5.62826269  7.2381688  -2.84994998 -6.05575352  0.02720683
 -1.73782069  2.42133765 -5.92102064  1.54649593  1.49609795 -2.23926259
 -3.47932193  2.73949292  8.57946311  8.83580759 -4.21357555 -2.61629555
 -0.84973161  0.0381191  -1.44440699 -1.66945864 -0.55913154  0.49329847
  0.91069741 -0.99288353  1.38405595 -0.51887174  0.54255432  0.07358964
  1.34518994  0.52879787 -0.49959572  0.88716824  0.35785322 -0.37982534
  0.40847252  0.70221345 -0.26168414 -0.18401768  0.18133131 -0.23975866
  0.31031571  0.08130954 -0.01448017 -0.04245561  0.03724629 -0.13116598
  0.41322727 -0.45716768  0.07941581  0.04424811 -0.24121823 -0.28625587
 -0.42730695  0.06236648 -0.67894465  0.31119954  0.41518929  0.36820969
 -0.13929799  0.13274617 -0.11227598  0.03663931 -0.0397346   0.09127328
  0.07180658 -0.06219255  0.02854751  0.07243047 -0.11928949  0.12542755
 -0.04237098 -0.29599872  0.0650395   0.07612713  0.257       0.05098238
 -0.2732019 ]
[[6.81313186e-01 2.64530872e-01 3.40239258e-01 ... 5.37305814e-04
  1.12690833e-02 5.98478941e-12]
 [6.81313186e-01 2.64530872e-01 3.40239258e-01 ... 5.37305814e-04
  1.12690833e-02 5.98478941e-12]
 [6.81313186e-01 2.64530872e-01 3.40239258e-01 ... 5.37305814e-04
  1.12690833e-02 5.98478941e-12]
 ...
 [2.11464231e-01 8.54076567e-01 4.43576363e-01 ... 2.35076136e-07
  3.70444534e-18 4.79033276e-19]
 [2.44971094e-01 8.38688024e-01 4.46272903e-01 ... 3.76584742e-06
  4.10031078e-16 1.06008405e-15]
 [2.80368051e-01 8.13654131e-01 4.43576363e-01 ... 4.09318257e-05
  3.07931828e-14 1.07994928e-12]]
[ 1.84735743 -5.62826269  7.2381688  -2.84994998 -6.05575352  0.02720683
 -1.73782069  2.42133765 -5.92102064  1.54649593  1.49609795 -2.23926259
 -3.47932193  2.73949292  8.57946311  8.83580759 -4.21357555 -2.61629555
 -0.84973161  0.0381191  -1.44440699 -1.66945864 -0.55913154  0.49329847
  0.91069741 -0.99288353  1.38405595 -0.51887174  0.54255432  0.07358964
  1.34518994  0.52879787 -0.49959572  0.88716824  0.35785322 -0.37982534
  0.40847252  0.70221345 -0.26168414 -0.18401768  0.18133131 -0.23975866
  0.31031571  0.08130954 -0.01448017 -0.04245561  0.03724629 -0.13116598
  0.41322727 -0.45716768  0.07941581  0.04424811 -0.24121823 -0.28625587
 -0.42730695  0.06236648 -0.67894465  0.31119954  0.41518929  0.36820969
 -0.13929799  0.13274617 -0.11227598  0.03663931 -0.0397346   0.09127328
  0.07180658 -0.06219255  0.02854751  0.07243047 -0.11928949  0.12542755
 -0.04237098 -0.29599872  0.0650395   0.07612713  0.257       0.05098238
 -0.2732019 ]
[[6.81313186e-01 2.64530872e-01 3.40239258e-01 ... 5.37305814e-04
  1.12690833e-02 5.98478941e-12]
 [6.81313186e-01 2.64530872e-01 3.40239258e-01 ... 5.37305814e-04
  1.12690833e-02 5.98478941e-12]
 [6.81313186e-01 2.64530872e-01 3.40239258e-01 ... 5.37305814e-04
  1.12690833e-02 5.98478941e-12]
 ...
 [2.11464231e-01 8.54076567e-01 4.43576363e-01 ... 2.35076136e-07
  3.70444534e-18 4.79033276e-19]
 [2.44971094e-01 8.38688024e-01 4.46272903e-01 ... 3.76584742e-06
  4.10031078e-16 1.06008405e-15]
 [2.80368051e-01 8.13654131e-01 4.43576363e-01 ... 4.09318257e-05
  3.07931828e-14 1.07994928e-12]]
[ 1.84735743 -5.62826269  7.2381688  -2.84994998 -6.05575352  0.02720683
 -1.73782069  2.42133765 -5.92102064  1.54649593  1.49609795 -2.23926259
 -3.47932193  2.73949292  8.57946311  8.83580759 -4.21357555 -2.61629555
 -0.84973161  0.0381191  -1.44440699 -1.66945864 -0.55913154  0.49329847
  0.91069741 -0.99288353  1.38405595 -0.51887174  0.54255432  0.07358964
  1.34518994  0.52879787 -0.49959572  0.88716824  0.35785322 -0.37982534
  0.40847252  0.70221345 -0.26168414 -0.18401768  0.18133131 -0.23975866
  0.31031571  0.08130954 -0.01448017 -0.04245561  0.03724629 -0.13116598
  0.41322727 -0.45716768  0.07941581  0.04424811 -0.24121823 -0.28625587
 -0.42730695  0.06236648 -0.67894465  0.31119954  0.41518929  0.36820969
 -0.13929799  0.13274617 -0.11227598  0.03663931 -0.0397346   0.09127328
  0.07180658 -0.06219255  0.02854751  0.07243047 -0.11928949  0.12542755
 -0.04237098 -0.29599872  0.0650395   0.07612713  0.257       0.05098238
 -0.2732019 ]
[[6.81313186e-01 2.64530872e-01 3.40239258e-01 ... 5.37305814e-04
  1.12690833e-02 5.98478941e-12]
 [6.81313186e-01 2.64530872e-01 3.40239258e-01 ... 5.37305814e-04
  1.12690833e-02 5.98478941e-12]
 [6.81313186e-01 2.64530872e-01 3.40239258e-01 ... 5.37305814e-04
  1.12690833e-02 5.98478941e-12]
 ...
 [2.11464231e-01 8.54076567e-01 4.43576363e-01 ... 2.35076136e-07
  3.70444534e-18 4.79033276e-19]
 [2.44971094e-01 8.38688024e-01 4.46272903e-01 ... 3.76584742e-06
  4.10031078e-16 1.06008405e-15]
 [2.80368051e-01 8.13654131e-01 4.43576363e-01 ... 4.09318257e-05
  3.07931828e-14 1.07994928e-12]]
[ 1.84735743 -5.62826269  7.2381688  -2.84994998 -6.05575352  0.02720683
 -1.73782069  2.42133765 -5.92102064  1.54649593  1.49609795 -2.23926259
 -3.47932193  2.73949292  8.57946311  8.83580759 -4.21357555 -2.61629555
 -0.84973161  0.0381191  -1.44440699 -1.66945864 -0.55913154  0.49329847
  0.91069741 -0.99288353  1.38405595 -0.51887174  0.54255432  0.07358964
  1.34518994  0.52879787 -0.49959572  0.88716824  0.35785322 -0.37982534
  0.40847252  0.70221345 -0.26168414 -0.18401768  0.18133131 -0.23975866
  0.31031571  0.08130954 -0.01448017 -0.04245561  0.03724629 -0.13116598
  0.41322727 -0.45716768  0.07941581  0.04424811 -0.24121823 -0.28625587
 -0.42730695  0.06236648 -0.67894465  0.31119954  0.41518929  0.36820969
 -0.13929799  0.13274617 -0.11227598  0.03663931 -0.0397346   0.09127328
  0.07180658 -0.06219255  0.02854751  0.07243047 -0.11928949  0.12542755
 -0.04237098 -0.29599872  0.0650395   0.07612713  0.257       0.05098238
 -0.2732019 ]
[[6.81313186e-01 2.64530872e-01 3.40239258e-01 ... 5.37305814e-04
  1.12690833e-02 5.98478941e-12]
 [6.81313186e-01 2.64530872e-01 3.40239258e-01 ... 5.37305814e-04
  1.12690833e-02 5.98478941e-12]
 [6.81313186e-01 2.64530872e-01 3.40239258e-01 ... 5.37305814e-04
  1.12690833e-02 5.98478941e-12]
 ...
 [2.11464231e-01 8.54076567e-01 4.43576363e-01 ... 2.35076136e-07
  3.70444534e-18 4.79033276e-19]
 [2.44971094e-01 8.38688024e-01 4.46272903e-01 ... 3.76584742e-06
  4.10031078e-16 1.06008405e-15]
 [2.80368051e-01 8.13654131e-01 4.43576363e-01 ... 4.09318257e-05
  3.07931828e-14 1.07994928e-12]]
[ 1.84735743 -5.62826269  7.2381688  -2.84994998 -6.05575352  0.02720683
 -1.73782069  2.42133765 -5.92102064  1.54649593  1.49609795 -2.23926259
 -3.47932193  2.73949292  8.57946311  8.83580759 -4.21357555 -2.61629555
 -0.84973161  0.0381191  -1.44440699 -1.66945864 -0.55913154  0.49329847
  0.91069741 -0.99288353  1.38405595 -0.51887174  0.54255432  0.07358964
  1.34518994  0.52879787 -0.49959572  0.88716824  0.35785322 -0.37982534
  0.40847252  0.70221345 -0.26168414 -0.18401768  0.18133131 -0.23975866
  0.31031571  0.08130954 -0.01448017 -0.04245561  0.03724629 -0.13116598
  0.41322727 -0.45716768  0.07941581  0.04424811 -0.24121823 -0.28625587
 -0.42730695  0.06236648 -0.67894465  0.31119954  0.41518929  0.36820969
 -0.13929799  0.13274617 -0.11227598  0.03663931 -0.0397346   0.09127328
  0.07180658 -0.06219255  0.02854751  0.07243047 -0.11928949  0.12542755
 -0.04237098 -0.29599872  0.0650395   0.07612713  0.257       0.05098238
 -0.2732019 ]
[[6.81313186e-01 2.64530872e-01 3.40239258e-01 ... 5.37305814e-04
  1.12690833e-02 5.98478941e-12]
 [6.81313186e-01 2.64530872e-01 3.40239258e-01 ... 5.37305814e-04
  1.12690833e-02 5.98478941e-12]
 [6.81313186e-01 2.64530872e-01 3.40239258e-01 ... 5.37305814e-04
  1.12690833e-02 5.98478941e-12]
 ...
 [2.11464231e-01 8.54076567e-01 4.43576363e-01 ... 2.35076136e-07
  3.70444534e-18 4.79033276e-19]
 [2.44971094e-01 8.38688024e-01 4.46272903e-01 ... 3.76584742e-06
  4.10031078e-16 1.06008405e-15]
 [2.80368051e-01 8.13654131e-01 4.43576363e-01 ... 4.09318257e-05
  3.07931828e-14 1.07994928e-12]]
[ 1.84735743 -5.62826269  7.2381688  -2.84994998 -6.05575352  0.02720683
 -1.73782069  2.42133765 -5.92102064  1.54649593  1.49609795 -2.23926259
 -3.47932193  2.73949292  8.57946311  8.83580759 -4.21357555 -2.61629555
 -0.84973161  0.0381191  -1.44440699 -1.66945864 -0.55913154  0.49329847
  0.91069741 -0.99288353  1.38405595 -0.51887174  0.54255432  0.07358964
  1.34518994  0.52879787 -0.49959572  0.88716824  0.35785322 -0.37982534
  0.40847252  0.70221345 -0.26168414 -0.18401768  0.18133131 -0.23975866
  0.31031571  0.08130954 -0.01448017 -0.04245561  0.03724629 -0.13116598
  0.41322727 -0.45716768  0.07941581  0.04424811 -0.24121823 -0.28625587
 -0.42730695  0.06236648 -0.67894465  0.31119954  0.41518929  0.36820969
 -0.13929799  0.13274617 -0.11227598  0.03663931 -0.0397346   0.09127328
  0.07180658 -0.06219255  0.02854751  0.07243047 -0.11928949  0.12542755
 -0.04237098 -0.29599872  0.0650395   0.07612713  0.257       0.05098238
 -0.2732019 ]
[[6.81313186e-01 2.64530872e-01 3.40239258e-01 ... 5.37305814e-04
  1.12690833e-02 5.98478941e-12]
 [6.81313186e-01 2.64530872e-01 3.40239258e-01 ... 5.37305814e-04
  1.12690833e-02 5.98478941e-12]
 [6.81313186e-01 2.64530872e-01 3.40239258e-01 ... 5.37305814e-04
  1.12690833e-02 5.98478941e-12]
 ...
 [2.11464231e-01 8.54076567e-01 4.43576363e-01 ... 2.35076136e-07
  3.70444534e-18 4.79033276e-19]
 [2.44971094e-01 8.38688024e-01 4.46272903e-01 ... 3.76584742e-06
  4.10031078e-16 1.06008405e-15]
 [2.80368051e-01 8.13654131e-01 4.43576363e-01 ... 4.09318257e-05
  3.07931828e-14 1.07994928e-12]]
[ 1.84735743 -5.62826269  7.2381688  -2.84994998 -6.05575352  0.02720683
 -1.73782069  2.42133765 -5.92102064  1.54649593  1.49609795 -2.23926259
 -3.47932193  2.73949292  8.57946311  8.83580759 -4.21357555 -2.61629555
 -0.84973161  0.0381191  -1.44440699 -1.66945864 -0.55913154  0.49329847
  0.91069741 -0.99288353  1.38405595 -0.51887174  0.54255432  0.07358964
  1.34518994  0.52879787 -0.49959572  0.88716824  0.35785322 -0.37982534
  0.40847252  0.70221345 -0.26168414 -0.18401768  0.18133131 -0.23975866
  0.31031571  0.08130954 -0.01448017 -0.04245561  0.03724629 -0.13116598
  0.41322727 -0.45716768  0.07941581  0.04424811 -0.24121823 -0.28625587
 -0.42730695  0.06236648 -0.67894465  0.31119954  0.41518929  0.36820969
 -0.13929799  0.13274617 -0.11227598  0.03663931 -0.0397346   0.09127328
  0.07180658 -0.06219255  0.02854751  0.07243047 -0.11928949  0.12542755
 -0.04237098 -0.29599872  0.0650395   0.07612713  0.257       0.05098238
 -0.2732019 ]
[[0.00087891 0.06246529]
 [0.00180664 0.06120758]
 [0.00292969 0.06065324]
 [0.00351563 0.06042509]
 [0.00356445 0.06040863]
 [0.00380859 0.06005637]
 [0.00385742 0.05999989]
 [0.00385742 0.05999989]
 [0.00385742 0.05999989]
 [0.00385742 0.05999989]
 [0.00385742 0.05999989]
 [0.00385742 0.05999989]
 [0.00385742 0.05999989]]
