12
0.005
rdot
MMA
sample
[[ 1.          0.97873908  0.76356524 ...  0.9782      0.59105727
   0.27531309]
 [ 1.          0.97873908  0.76356524 ...  0.9782      0.59105727
   0.37814505]
 [ 1.          0.97873908  0.76356524 ...  0.9782      0.59105727
   0.39295525]
 ...
 [ 0.10612479  0.9834187   0.93762584 ...  0.66369007  0.95890836
  -0.11330898]
 [ 0.17687465  0.9834187   0.93762584 ...  0.66369007  0.95890836
  -0.11745745]
 [ 0.24762451  0.9834187   0.93762584 ...  0.66369007  0.95890836
  -0.12113016]]
20480
0.0002161094925897666
[[0.68131319 0.26453087 0.34023926 ... 0.257507   0.25459533 0.70614784]
 [0.68131319 0.26453087 0.34023926 ... 0.257507   0.25459533 0.70614784]
 [0.68131319 0.26453087 0.34023926 ... 0.257507   0.25459533 0.70614784]
 ...
 [0.21146423 0.85407657 0.44357636 ... 0.41502584 0.42556211 0.3391781 ]
 [0.24497109 0.83868802 0.4462729  ... 0.40754801 0.41789444 0.39292144]
 [0.28036805 0.81365413 0.44357636 ... 0.39538316 0.40542076 0.4496964 ]]
[ 1.75524662 -7.40259999 13.44168093 -3.86931402 -6.97666687 -0.36775796
 -1.59906666  2.76120448 -5.61287679  0.70706114 -0.49899702 -4.69697431
 -3.41977274  0.18689305 12.32794327 10.75651107 -2.33623657 -7.93039853
  2.19877158]
[[0.68131319 0.26453087 0.34023926 ... 0.52364178 0.63120515 0.0496944 ]
 [0.68131319 0.26453087 0.34023926 ... 0.52364178 0.63120515 0.0496944 ]
 [0.68131319 0.26453087 0.34023926 ... 0.52364178 0.63120515 0.0496944 ]
 ...
 [0.21146423 0.85407657 0.44357636 ... 0.1285098  0.02518294 0.9879518 ]
 [0.24497109 0.83868802 0.4462729  ... 0.15283652 0.03379576 0.95267118]
 [0.28036805 0.81365413 0.44357636 ... 0.17741468 0.04426797 0.89664764]]
[ 1.75524662 -7.40259999 13.44168093 -3.86931402 -6.97666687 -0.36775796
 -1.59906666  2.76120448 -5.61287679  0.70706114 -0.49899702 -4.69697431
 -3.41977274  0.18689305 12.32794327 10.75651107 -2.33623657 -7.93039853
  2.19877158 -0.2132691   0.02671378 -0.74456791 -0.54228701  0.32313831
  0.71380511 -0.47995723  1.86062689 -0.6885264   1.80015669  0.36743762
 -0.16424966 -1.50436847  0.78706214 -0.27400209 -0.65548661 -0.36485833
 -0.9784019   0.2570005   0.46347768]
[[0.68131319 0.26453087 0.34023926 ... 0.31811489 0.07776697 0.01123356]
 [0.68131319 0.26453087 0.34023926 ... 0.31811489 0.07776697 0.01123356]
 [0.68131319 0.26453087 0.34023926 ... 0.31811489 0.07776697 0.01123356]
 ...
 [0.21146423 0.85407657 0.44357636 ... 0.07941855 0.37111383 0.27646985]
 [0.24497109 0.83868802 0.4462729  ... 0.11752818 0.45814458 0.26984805]
 [0.28036805 0.81365413 0.44357636 ... 0.16569337 0.53881663 0.25091916]]
[ 1.75524662 -7.40259999 13.44168093 -3.86931402 -6.97666687 -0.36775796
 -1.59906666  2.76120448 -5.61287679  0.70706114 -0.49899702 -4.69697431
 -3.41977274  0.18689305 12.32794327 10.75651107 -2.33623657 -7.93039853
  2.19877158 -0.2132691   0.02671378 -0.74456791 -0.54228701  0.32313831
  0.71380511 -0.47995723  1.86062689 -0.6885264   1.80015669  0.36743762
 -0.16424966 -1.50436847  0.78706214 -0.27400209 -0.65548661 -0.36485833
 -0.9784019   0.2570005   0.46347768 -0.16987788  0.1656691   0.08141146
  0.23689113 -0.08789582  0.78381975 -0.50589836  0.11542542 -0.29139825
  0.03618606  0.70273951  0.15726052  0.04824675 -0.72154646  0.44655245
 -0.41608105 -0.03555668 -0.30705464  0.22031278 -0.12799917]
[[6.81313186e-01 2.64530872e-01 3.40239258e-01 ... 1.71888265e-04
  5.09321125e-04 6.31556359e-02]
 [6.81313186e-01 2.64530872e-01 3.40239258e-01 ... 1.71888265e-04
  5.09321125e-04 6.31556359e-02]
 [6.81313186e-01 2.64530872e-01 3.40239258e-01 ... 1.71888265e-04
  5.09321125e-04 6.31556359e-02]
 ...
 [2.11464231e-01 8.54076567e-01 4.43576363e-01 ... 1.96513974e-01
  7.46455928e-03 2.54468886e-03]
 [2.44971094e-01 8.38688024e-01 4.46272903e-01 ... 2.27281640e-01
  7.83539949e-03 4.24747370e-03]
 [2.80368051e-01 8.13654131e-01 4.43576363e-01 ... 2.38573020e-01
  7.46455928e-03 6.43446974e-03]]
[ 1.75524662 -7.40259999 13.44168093 -3.86931402 -6.97666687 -0.36775796
 -1.59906666  2.76120448 -5.61287679  0.70706114 -0.49899702 -4.69697431
 -3.41977274  0.18689305 12.32794327 10.75651107 -2.33623657 -7.93039853
  2.19877158 -0.2132691   0.02671378 -0.74456791 -0.54228701  0.32313831
  0.71380511 -0.47995723  1.86062689 -0.6885264   1.80015669  0.36743762
 -0.16424966 -1.50436847  0.78706214 -0.27400209 -0.65548661 -0.36485833
 -0.9784019   0.2570005   0.46347768 -0.16987788  0.1656691   0.08141146
  0.23689113 -0.08789582  0.78381975 -0.50589836  0.11542542 -0.29139825
  0.03618606  0.70273951  0.15726052  0.04824675 -0.72154646  0.44655245
 -0.41608105 -0.03555668 -0.30705464  0.22031278 -0.12799917 -0.42136201
  0.07987381 -0.25985927  0.35620698 -0.12137429  0.09615659  0.12464326
  0.12669204 -0.11419443  0.11219858  0.09908675  0.24716729 -0.1346712
 -0.32861639 -0.06918736  0.04901638  0.30367862 -0.10481938  0.0847115
  0.06393953  0.23413096 -0.08138663 -0.15143353  0.1218295 ]
[[6.81313186e-01 2.64530872e-01 3.40239258e-01 ... 5.09321125e-04
  6.31556359e-02 3.29623969e-03]
 [6.81313186e-01 2.64530872e-01 3.40239258e-01 ... 5.09321125e-04
  6.31556359e-02 3.29623969e-03]
 [6.81313186e-01 2.64530872e-01 3.40239258e-01 ... 5.09321125e-04
  6.31556359e-02 3.29623969e-03]
 ...
 [2.11464231e-01 8.54076567e-01 4.43576363e-01 ... 7.46455928e-03
  2.54468886e-03 1.95251173e-09]
 [2.44971094e-01 8.38688024e-01 4.46272903e-01 ... 7.83539949e-03
  4.24747370e-03 9.36427160e-09]
 [2.80368051e-01 8.13654131e-01 4.43576363e-01 ... 7.46455928e-03
  6.43446974e-03 3.69935885e-08]]
[ 1.75524662 -7.40259999 13.44168093 -3.86931402 -6.97666687 -0.36775796
 -1.59906666  2.76120448 -5.61287679  0.70706114 -0.49899702 -4.69697431
 -3.41977274  0.18689305 12.32794327 10.75651107 -2.33623657 -7.93039853
  2.19877158 -0.2132691   0.02671378 -0.74456791 -0.54228701  0.32313831
  0.71380511 -0.47995723  1.86062689 -0.6885264   1.80015669  0.36743762
 -0.16424966 -1.50436847  0.78706214 -0.27400209 -0.65548661 -0.36485833
 -0.9784019   0.2570005   0.46347768 -0.16987788  0.1656691   0.08141146
  0.23689113 -0.08789582  0.78381975 -0.50589836  0.11542542 -0.29139825
  0.03618606  0.70273951  0.15726052  0.04824675 -0.72154646  0.44655245
 -0.41608105 -0.03555668 -0.30705464  0.22031278 -0.12799917 -0.42136201
  0.07987381 -0.25985927  0.35620698 -0.12137429  0.09615659  0.12464326
  0.12669204 -0.11419443  0.11219858  0.09908675  0.24716729 -0.1346712
 -0.32861639 -0.06918736  0.04901638  0.30367862 -0.10481938  0.0847115
  0.06393953  0.23413096 -0.08138663 -0.15143353  0.1218295  -0.05935101]
[[6.81313186e-01 2.64530872e-01 3.40239258e-01 ... 9.63392241e-02
  2.75324602e-03 1.12690833e-02]
 [6.81313186e-01 2.64530872e-01 3.40239258e-01 ... 9.63392241e-02
  2.75324602e-03 1.12690833e-02]
 [6.81313186e-01 2.64530872e-01 3.40239258e-01 ... 9.63392241e-02
  2.75324602e-03 1.12690833e-02]
 ...
 [2.11464231e-01 8.54076567e-01 4.43576363e-01 ... 3.88604822e-18
  1.24709778e-08 3.70444534e-18]
 [2.44971094e-01 8.38688024e-01 4.46272903e-01 ... 4.30132016e-16
  2.86854196e-07 4.10031078e-16]
 [2.80368051e-01 8.13654131e-01 4.43576363e-01 ... 3.23027557e-14
  4.47678385e-06 3.07931828e-14]]
[ 1.75524662 -7.40259999 13.44168093 -3.86931402 -6.97666687 -0.36775796
 -1.59906666  2.76120448 -5.61287679  0.70706114 -0.49899702 -4.69697431
 -3.41977274  0.18689305 12.32794327 10.75651107 -2.33623657 -7.93039853
  2.19877158 -0.2132691   0.02671378 -0.74456791 -0.54228701  0.32313831
  0.71380511 -0.47995723  1.86062689 -0.6885264   1.80015669  0.36743762
 -0.16424966 -1.50436847  0.78706214 -0.27400209 -0.65548661 -0.36485833
 -0.9784019   0.2570005   0.46347768 -0.16987788  0.1656691   0.08141146
  0.23689113 -0.08789582  0.78381975 -0.50589836  0.11542542 -0.29139825
  0.03618606  0.70273951  0.15726052  0.04824675 -0.72154646  0.44655245
 -0.41608105 -0.03555668 -0.30705464  0.22031278 -0.12799917 -0.42136201
  0.07987381 -0.25985927  0.35620698 -0.12137429  0.09615659  0.12464326
  0.12669204 -0.11419443  0.11219858  0.09908675  0.24716729 -0.1346712
 -0.32861639 -0.06918736  0.04901638  0.30367862 -0.10481938  0.0847115
  0.06393953  0.23413096 -0.08138663 -0.15143353  0.1218295  -0.05935101
 -0.36918111  0.0931248   0.07277722  0.31465976  0.04388089]
[[6.81313186e-01 2.64530872e-01 3.40239258e-01 ... 3.23375015e-08
  5.98478941e-12 2.38153969e-03]
 [6.81313186e-01 2.64530872e-01 3.40239258e-01 ... 3.23375015e-08
  5.98478941e-12 2.38153969e-03]
 [6.81313186e-01 2.64530872e-01 3.40239258e-01 ... 3.23375015e-08
  5.98478941e-12 2.38153969e-03]
 ...
 [2.11464231e-01 8.54076567e-01 4.43576363e-01 ... 4.95449697e-32
  4.79033276e-19 4.73815631e-34]
 [2.44971094e-01 8.38688024e-01 4.46272903e-01 ... 1.09641303e-28
  1.06008405e-15 2.09339557e-30]
 [2.80368051e-01 8.13654131e-01 4.43576363e-01 ... 1.11695903e-25
  1.07994928e-12 4.25776471e-27]]
[ 1.75524662 -7.40259999 13.44168093 -3.86931402 -6.97666687 -0.36775796
 -1.59906666  2.76120448 -5.61287679  0.70706114 -0.49899702 -4.69697431
 -3.41977274  0.18689305 12.32794327 10.75651107 -2.33623657 -7.93039853
  2.19877158 -0.2132691   0.02671378 -0.74456791 -0.54228701  0.32313831
  0.71380511 -0.47995723  1.86062689 -0.6885264   1.80015669  0.36743762
 -0.16424966 -1.50436847  0.78706214 -0.27400209 -0.65548661 -0.36485833
 -0.9784019   0.2570005   0.46347768 -0.16987788  0.1656691   0.08141146
  0.23689113 -0.08789582  0.78381975 -0.50589836  0.11542542 -0.29139825
  0.03618606  0.70273951  0.15726052  0.04824675 -0.72154646  0.44655245
 -0.41608105 -0.03555668 -0.30705464  0.22031278 -0.12799917 -0.42136201
  0.07987381 -0.25985927  0.35620698 -0.12137429  0.09615659  0.12464326
  0.12669204 -0.11419443  0.11219858  0.09908675  0.24716729 -0.1346712
 -0.32861639 -0.06918736  0.04901638  0.30367862 -0.10481938  0.0847115
  0.06393953  0.23413096 -0.08138663 -0.15143353  0.1218295  -0.05935101
 -0.36918111  0.0931248   0.07277722  0.31465976  0.04388089  0.05471058
 -0.19934794 -0.22044383 -0.21581401 -0.08982936]
[[6.81313186e-01 2.64530872e-01 3.40239258e-01 ... 3.23375015e-08
  5.98478941e-12 2.38153969e-03]
 [6.81313186e-01 2.64530872e-01 3.40239258e-01 ... 3.23375015e-08
  5.98478941e-12 2.38153969e-03]
 [6.81313186e-01 2.64530872e-01 3.40239258e-01 ... 3.23375015e-08
  5.98478941e-12 2.38153969e-03]
 ...
 [2.11464231e-01 8.54076567e-01 4.43576363e-01 ... 4.95449697e-32
  4.79033276e-19 4.73815631e-34]
 [2.44971094e-01 8.38688024e-01 4.46272903e-01 ... 1.09641303e-28
  1.06008405e-15 2.09339557e-30]
 [2.80368051e-01 8.13654131e-01 4.43576363e-01 ... 1.11695903e-25
  1.07994928e-12 4.25776471e-27]]
[ 1.75524662 -7.40259999 13.44168093 -3.86931402 -6.97666687 -0.36775796
 -1.59906666  2.76120448 -5.61287679  0.70706114 -0.49899702 -4.69697431
 -3.41977274  0.18689305 12.32794327 10.75651107 -2.33623657 -7.93039853
  2.19877158 -0.2132691   0.02671378 -0.74456791 -0.54228701  0.32313831
  0.71380511 -0.47995723  1.86062689 -0.6885264   1.80015669  0.36743762
 -0.16424966 -1.50436847  0.78706214 -0.27400209 -0.65548661 -0.36485833
 -0.9784019   0.2570005   0.46347768 -0.16987788  0.1656691   0.08141146
  0.23689113 -0.08789582  0.78381975 -0.50589836  0.11542542 -0.29139825
  0.03618606  0.70273951  0.15726052  0.04824675 -0.72154646  0.44655245
 -0.41608105 -0.03555668 -0.30705464  0.22031278 -0.12799917 -0.42136201
  0.07987381 -0.25985927  0.35620698 -0.12137429  0.09615659  0.12464326
  0.12669204 -0.11419443  0.11219858  0.09908675  0.24716729 -0.1346712
 -0.32861639 -0.06918736  0.04901638  0.30367862 -0.10481938  0.0847115
  0.06393953  0.23413096 -0.08138663 -0.15143353  0.1218295  -0.05935101
 -0.36918111  0.0931248   0.07277722  0.31465976  0.04388089  0.05471058
 -0.19934794 -0.22044383 -0.21581401 -0.08982936]
[[6.81313186e-001 2.64530872e-001 3.40239258e-001 ... 5.98478941e-012
  2.38153969e-003 4.63152467e-016]
 [6.81313186e-001 2.64530872e-001 3.40239258e-001 ... 5.98478941e-012
  2.38153969e-003 4.63152467e-016]
 [6.81313186e-001 2.64530872e-001 3.40239258e-001 ... 5.98478941e-012
  2.38153969e-003 4.63152467e-016]
 ...
 [2.11464231e-001 8.54076567e-001 4.43576363e-001 ... 4.79033276e-019
  4.73815631e-034 1.86653714e-154]
 [2.44971094e-001 8.38688024e-001 4.46272903e-001 ... 1.06008405e-015
  2.09339557e-030 7.11220565e-140]
 [2.80368051e-001 8.13654131e-001 4.43576363e-001 ... 1.07994928e-012
  4.25776471e-027 1.21709851e-126]]
[ 1.75524662 -7.40259999 13.44168093 -3.86931402 -6.97666687 -0.36775796
 -1.59906666  2.76120448 -5.61287679  0.70706114 -0.49899702 -4.69697431
 -3.41977274  0.18689305 12.32794327 10.75651107 -2.33623657 -7.93039853
  2.19877158 -0.2132691   0.02671378 -0.74456791 -0.54228701  0.32313831
  0.71380511 -0.47995723  1.86062689 -0.6885264   1.80015669  0.36743762
 -0.16424966 -1.50436847  0.78706214 -0.27400209 -0.65548661 -0.36485833
 -0.9784019   0.2570005   0.46347768 -0.16987788  0.1656691   0.08141146
  0.23689113 -0.08789582  0.78381975 -0.50589836  0.11542542 -0.29139825
  0.03618606  0.70273951  0.15726052  0.04824675 -0.72154646  0.44655245
 -0.41608105 -0.03555668 -0.30705464  0.22031278 -0.12799917 -0.42136201
  0.07987381 -0.25985927  0.35620698 -0.12137429  0.09615659  0.12464326
  0.12669204 -0.11419443  0.11219858  0.09908675  0.24716729 -0.1346712
 -0.32861639 -0.06918736  0.04901638  0.30367862 -0.10481938  0.0847115
  0.06393953  0.23413096 -0.08138663 -0.15143353  0.1218295  -0.05935101
 -0.36918111  0.0931248   0.07277722  0.31465976  0.04388089  0.05471058
 -0.19934794 -0.22044383 -0.21581401 -0.08982936 -0.37429284]
[[6.81313186e-001 2.64530872e-001 3.40239258e-001 ... 5.98478941e-012
  2.38153969e-003 4.63152467e-016]
 [6.81313186e-001 2.64530872e-001 3.40239258e-001 ... 5.98478941e-012
  2.38153969e-003 4.63152467e-016]
 [6.81313186e-001 2.64530872e-001 3.40239258e-001 ... 5.98478941e-012
  2.38153969e-003 4.63152467e-016]
 ...
 [2.11464231e-001 8.54076567e-001 4.43576363e-001 ... 4.79033276e-019
  4.73815631e-034 1.86653714e-154]
 [2.44971094e-001 8.38688024e-001 4.46272903e-001 ... 1.06008405e-015
  2.09339557e-030 7.11220565e-140]
 [2.80368051e-001 8.13654131e-001 4.43576363e-001 ... 1.07994928e-012
  4.25776471e-027 1.21709851e-126]]
[ 1.75524662 -7.40259999 13.44168093 -3.86931402 -6.97666687 -0.36775796
 -1.59906666  2.76120448 -5.61287679  0.70706114 -0.49899702 -4.69697431
 -3.41977274  0.18689305 12.32794327 10.75651107 -2.33623657 -7.93039853
  2.19877158 -0.2132691   0.02671378 -0.74456791 -0.54228701  0.32313831
  0.71380511 -0.47995723  1.86062689 -0.6885264   1.80015669  0.36743762
 -0.16424966 -1.50436847  0.78706214 -0.27400209 -0.65548661 -0.36485833
 -0.9784019   0.2570005   0.46347768 -0.16987788  0.1656691   0.08141146
  0.23689113 -0.08789582  0.78381975 -0.50589836  0.11542542 -0.29139825
  0.03618606  0.70273951  0.15726052  0.04824675 -0.72154646  0.44655245
 -0.41608105 -0.03555668 -0.30705464  0.22031278 -0.12799917 -0.42136201
  0.07987381 -0.25985927  0.35620698 -0.12137429  0.09615659  0.12464326
  0.12669204 -0.11419443  0.11219858  0.09908675  0.24716729 -0.1346712
 -0.32861639 -0.06918736  0.04901638  0.30367862 -0.10481938  0.0847115
  0.06393953  0.23413096 -0.08138663 -0.15143353  0.1218295  -0.05935101
 -0.36918111  0.0931248   0.07277722  0.31465976  0.04388089  0.05471058
 -0.19934794 -0.22044383 -0.21581401 -0.08982936 -0.37429284]
[[6.81313186e-001 2.64530872e-001 3.40239258e-001 ... 5.98478941e-012
  2.38153969e-003 4.63152467e-016]
 [6.81313186e-001 2.64530872e-001 3.40239258e-001 ... 5.98478941e-012
  2.38153969e-003 4.63152467e-016]
 [6.81313186e-001 2.64530872e-001 3.40239258e-001 ... 5.98478941e-012
  2.38153969e-003 4.63152467e-016]
 ...
 [2.11464231e-001 8.54076567e-001 4.43576363e-001 ... 4.79033276e-019
  4.73815631e-034 1.86653714e-154]
 [2.44971094e-001 8.38688024e-001 4.46272903e-001 ... 1.06008405e-015
  2.09339557e-030 7.11220565e-140]
 [2.80368051e-001 8.13654131e-001 4.43576363e-001 ... 1.07994928e-012
  4.25776471e-027 1.21709851e-126]]
[ 1.75524662 -7.40259999 13.44168093 -3.86931402 -6.97666687 -0.36775796
 -1.59906666  2.76120448 -5.61287679  0.70706114 -0.49899702 -4.69697431
 -3.41977274  0.18689305 12.32794327 10.75651107 -2.33623657 -7.93039853
  2.19877158 -0.2132691   0.02671378 -0.74456791 -0.54228701  0.32313831
  0.71380511 -0.47995723  1.86062689 -0.6885264   1.80015669  0.36743762
 -0.16424966 -1.50436847  0.78706214 -0.27400209 -0.65548661 -0.36485833
 -0.9784019   0.2570005   0.46347768 -0.16987788  0.1656691   0.08141146
  0.23689113 -0.08789582  0.78381975 -0.50589836  0.11542542 -0.29139825
  0.03618606  0.70273951  0.15726052  0.04824675 -0.72154646  0.44655245
 -0.41608105 -0.03555668 -0.30705464  0.22031278 -0.12799917 -0.42136201
  0.07987381 -0.25985927  0.35620698 -0.12137429  0.09615659  0.12464326
  0.12669204 -0.11419443  0.11219858  0.09908675  0.24716729 -0.1346712
 -0.32861639 -0.06918736  0.04901638  0.30367862 -0.10481938  0.0847115
  0.06393953  0.23413096 -0.08138663 -0.15143353  0.1218295  -0.05935101
 -0.36918111  0.0931248   0.07277722  0.31465976  0.04388089  0.05471058
 -0.19934794 -0.22044383 -0.21581401 -0.08982936 -0.37429284]
[[6.81313186e-001 2.64530872e-001 3.40239258e-001 ... 5.98478941e-012
  2.38153969e-003 4.63152467e-016]
 [6.81313186e-001 2.64530872e-001 3.40239258e-001 ... 5.98478941e-012
  2.38153969e-003 4.63152467e-016]
 [6.81313186e-001 2.64530872e-001 3.40239258e-001 ... 5.98478941e-012
  2.38153969e-003 4.63152467e-016]
 ...
 [2.11464231e-001 8.54076567e-001 4.43576363e-001 ... 4.79033276e-019
  4.73815631e-034 1.86653714e-154]
 [2.44971094e-001 8.38688024e-001 4.46272903e-001 ... 1.06008405e-015
  2.09339557e-030 7.11220565e-140]
 [2.80368051e-001 8.13654131e-001 4.43576363e-001 ... 1.07994928e-012
  4.25776471e-027 1.21709851e-126]]
[ 1.75524662 -7.40259999 13.44168093 -3.86931402 -6.97666687 -0.36775796
 -1.59906666  2.76120448 -5.61287679  0.70706114 -0.49899702 -4.69697431
 -3.41977274  0.18689305 12.32794327 10.75651107 -2.33623657 -7.93039853
  2.19877158 -0.2132691   0.02671378 -0.74456791 -0.54228701  0.32313831
  0.71380511 -0.47995723  1.86062689 -0.6885264   1.80015669  0.36743762
 -0.16424966 -1.50436847  0.78706214 -0.27400209 -0.65548661 -0.36485833
 -0.9784019   0.2570005   0.46347768 -0.16987788  0.1656691   0.08141146
  0.23689113 -0.08789582  0.78381975 -0.50589836  0.11542542 -0.29139825
  0.03618606  0.70273951  0.15726052  0.04824675 -0.72154646  0.44655245
 -0.41608105 -0.03555668 -0.30705464  0.22031278 -0.12799917 -0.42136201
  0.07987381 -0.25985927  0.35620698 -0.12137429  0.09615659  0.12464326
  0.12669204 -0.11419443  0.11219858  0.09908675  0.24716729 -0.1346712
 -0.32861639 -0.06918736  0.04901638  0.30367862 -0.10481938  0.0847115
  0.06393953  0.23413096 -0.08138663 -0.15143353  0.1218295  -0.05935101
 -0.36918111  0.0931248   0.07277722  0.31465976  0.04388089  0.05471058
 -0.19934794 -0.22044383 -0.21581401 -0.08982936 -0.37429284]
[[6.81313186e-001 2.64530872e-001 3.40239258e-001 ... 0.00000000e+000
  3.48377062e-299 0.00000000e+000]
 [6.81313186e-001 2.64530872e-001 3.40239258e-001 ... 0.00000000e+000
  3.48377062e-299 0.00000000e+000]
 [6.81313186e-001 2.64530872e-001 3.40239258e-001 ... 0.00000000e+000
  3.48377062e-299 0.00000000e+000]
 ...
 [2.11464231e-001 8.54076567e-001 4.43576363e-001 ... 0.00000000e+000
  0.00000000e+000 0.00000000e+000]
 [2.44971094e-001 8.38688024e-001 4.46272903e-001 ... 0.00000000e+000
  0.00000000e+000 0.00000000e+000]
 [2.80368051e-001 8.13654131e-001 4.43576363e-001 ... 0.00000000e+000
  0.00000000e+000 0.00000000e+000]]
[ 1.75524662 -7.40259999 13.44168093 -3.86931402 -6.97666687 -0.36775796
 -1.59906666  2.76120448 -5.61287679  0.70706114 -0.49899702 -4.69697431
 -3.41977274  0.18689305 12.32794327 10.75651107 -2.33623657 -7.93039853
  2.19877158 -0.2132691   0.02671378 -0.74456791 -0.54228701  0.32313831
  0.71380511 -0.47995723  1.86062689 -0.6885264   1.80015669  0.36743762
 -0.16424966 -1.50436847  0.78706214 -0.27400209 -0.65548661 -0.36485833
 -0.9784019   0.2570005   0.46347768 -0.16987788  0.1656691   0.08141146
  0.23689113 -0.08789582  0.78381975 -0.50589836  0.11542542 -0.29139825
  0.03618606  0.70273951  0.15726052  0.04824675 -0.72154646  0.44655245
 -0.41608105 -0.03555668 -0.30705464  0.22031278 -0.12799917 -0.42136201
  0.07987381 -0.25985927  0.35620698 -0.12137429  0.09615659  0.12464326
  0.12669204 -0.11419443  0.11219858  0.09908675  0.24716729 -0.1346712
 -0.32861639 -0.06918736  0.04901638  0.30367862 -0.10481938  0.0847115
  0.06393953  0.23413096 -0.08138663 -0.15143353  0.1218295  -0.05935101
 -0.36918111  0.0931248   0.07277722  0.31465976  0.04388089  0.05471058
 -0.19934794 -0.22044383 -0.21581401 -0.08982936 -0.37429284 -0.48241435
 -0.4816732  -0.47964215 -0.47469095 -0.46280888 -0.45456702]
[[0.00092773 0.06218256]
 [0.0019043  0.06105719]
 [0.00288086 0.06062254]
 [0.00405273 0.06000164]
 [0.00410156 0.05999145]
 [0.0043457  0.05963964]
 [0.00458984 0.05945434]
 [0.00458984 0.05945434]
 [0.00463867 0.05941385]
 [0.00463867 0.05941385]
 [0.00463867 0.05941385]
 [0.00463867 0.05941385]
 [0.00493164 0.0591505 ]]
