12
0.005
qtot
MMA
sample
[[0.70590027 1.         0.98737823 ... 0.76488178 0.68129824 0.07521539]
 [0.75709935 1.         0.98737823 ... 0.76488178 0.68129824 0.07508044]
 [0.76771265 1.         0.98737823 ... 0.76488178 0.68129824 0.07359666]
 ...
 [0.22179105 0.10612479 0.98494404 ... 0.68782473 0.44799568 0.        ]
 [0.22936649 0.17687465 0.98494404 ... 0.68782473 0.44799568 0.01695888]
 [0.23694193 0.24762451 0.98494404 ... 0.68782473 0.44799568 0.04878838]]
4784
0.0001929658061102106
1
2
[[0.4040412  0.76143254 0.28762726 ... 0.74527911 0.71857906 0.30754442]
 [0.41404744 0.7331105  0.2743856  ... 0.71821154 0.7363748  0.29338582]
 [0.41590964 0.72694816 0.27155933 ... 0.71230887 0.73968666 0.29036385]
 ...
 [0.52427295 0.36179167 0.83532341 ... 0.47678854 0.26388047 0.70433783]
 [0.52340402 0.40201867 0.82411016 ... 0.53192826 0.2941264  0.69488291]
 [0.51784971 0.44271164 0.8057549  ... 0.58812196 0.3248986  0.6794059 ]]
[-4.62738905  3.42687527  2.58624909  1.21748017 -2.07139382  2.34196113
  3.42974833  4.85292274 -1.37407077 -0.10649574  2.12408585 -3.710514
 -1.52629021 -1.67620066 -3.07380173 -1.47835086 -3.42204096  2.55232892
  2.22307045 -2.69247399 -2.10321133  2.43577965  0.94451269  0.69811832]
[[0.4040412  0.76143254 0.28762726 ... 0.66904997 0.09458357 0.28141026]
 [0.41404744 0.7331105  0.2743856  ... 0.7006525  0.08607524 0.29552129]
 [0.41590964 0.72694816 0.27155933 ... 0.70656269 0.08431117 0.29818551]
 ...
 [0.52427295 0.36179167 0.83532341 ... 0.06309732 0.49609178 0.24454681]
 [0.52340402 0.40201867 0.82411016 ... 0.07994395 0.48286225 0.26104405]
 [0.51784971 0.44271164 0.8057549  ... 0.0994797  0.46159238 0.27367792]]
[-4.62738905  3.42687527  2.58624909  1.21748017 -2.07139382  2.34196113
  3.42974833  4.85292274 -1.37407077 -0.10649574  2.12408585 -3.710514
 -1.52629021 -1.67620066 -3.07380173 -1.47835086 -3.42204096  2.55232892
  2.22307045 -2.69247399 -2.10321133  2.43577965  0.94451269  0.69811832
  0.82974114  0.87087396  1.20870122  1.81942477 -0.26133699  0.67637139
 -0.5375943   3.84613321 -1.48815601  0.92910597  1.91318116  0.32253164
 -0.48204281 -0.74603808 -2.44892612 -0.23291175  1.09033667  2.67180471
 -1.01472289 -0.2238186  -5.38983109  0.47775375  0.28443851 -0.88611164
  2.17976706 -3.31703801 -0.28668075  0.62421941  0.18904416  6.75895132
 -0.27329653  0.07734317 -4.78438169 -1.30836325 -0.6474933  -1.9360118 ]
[[0.4040412  0.76143254 0.28762726 ... 0.57724791 0.05006248 0.00691999]
 [0.41404744 0.7331105  0.2743856  ... 0.56400337 0.0419176  0.005731  ]
 [0.41590964 0.72694816 0.27155933 ... 0.55998705 0.0403085  0.0054985 ]
 ...
 [0.52427295 0.36179167 0.83532341 ... 0.0071847  0.51655461 0.26292489]
 [0.52340402 0.40201867 0.82411016 ... 0.01133797 0.5646258  0.24908877]
 [0.51784971 0.44271164 0.8057549  ... 0.01725877 0.59532414 0.22762759]]
[-4.62738905e+00  3.42687527e+00  2.58624909e+00  1.21748017e+00
 -2.07139382e+00  2.34196113e+00  3.42974833e+00  4.85292274e+00
 -1.37407077e+00 -1.06495736e-01  2.12408585e+00 -3.71051400e+00
 -1.52629021e+00 -1.67620066e+00 -3.07380173e+00 -1.47835086e+00
 -3.42204096e+00  2.55232892e+00  2.22307045e+00 -2.69247399e+00
 -2.10321133e+00  2.43577965e+00  9.44512691e-01  6.98118316e-01
  8.29741136e-01  8.70873956e-01  1.20870122e+00  1.81942477e+00
 -2.61336992e-01  6.76371394e-01 -5.37594304e-01  3.84613321e+00
 -1.48815601e+00  9.29105968e-01  1.91318116e+00  3.22531640e-01
 -4.82042806e-01 -7.46038075e-01 -2.44892612e+00 -2.32911746e-01
  1.09033667e+00  2.67180471e+00 -1.01472289e+00 -2.23818602e-01
 -5.38983109e+00  4.77753747e-01  2.84438511e-01 -8.86111645e-01
  2.17976706e+00 -3.31703801e+00 -2.86680748e-01  6.24219410e-01
  1.89044161e-01  6.75895132e+00 -2.73296533e-01  7.73431681e-02
 -4.78438169e+00 -1.30836325e+00 -6.47493298e-01 -1.93601180e+00
  1.37496299e-01 -7.86875410e-01  2.97416699e-01  3.98787068e-01
  1.08298987e-02 -3.95063463e-01  2.48077145e-01 -3.26559023e-01
  2.19745827e-02  4.85251454e-01  3.33551092e-01  2.27101566e-01
 -1.65298799e-01  5.98040593e-01 -4.02560434e-01  3.37626786e-01
  8.82767054e-01 -1.52852987e-01 -3.10184599e-01  5.08906675e-01
  8.55569921e-01 -7.31906274e-01 -1.18857201e-01 -4.62146200e-03
 -2.31340732e-01  5.40743103e-03  4.79520608e-01 -2.28959276e-01
 -5.64262112e-01 -2.40863241e-01 -4.88353062e-01  3.50909683e-01
 -1.68064897e-01 -2.62196298e-01 -1.09020278e-01 -2.40448487e-01
  2.98439800e-01 -2.76943881e-01 -2.12984440e-01 -2.52021929e-01
 -1.85477421e-01  3.36723497e-01 -1.58095201e-01]
[[4.04041205e-01 7.61432544e-01 2.87627258e-01 ... 2.09956689e-01
  1.26552407e-01 1.17216580e-01]
 [4.14047441e-01 7.33110497e-01 2.74385596e-01 ... 2.52526062e-01
  1.53909486e-01 1.42555514e-01]
 [4.15909641e-01 7.26948158e-01 2.71559335e-01 ... 2.61154971e-01
  1.59535129e-01 1.47766151e-01]
 ...
 [5.24272949e-01 3.61791673e-01 8.35323412e-01 ... 5.03475346e-06
  4.78048594e-05 2.74739107e-04]
 [5.23404021e-01 4.02018667e-01 8.24110155e-01 ... 1.29740918e-05
  1.03947531e-04 5.97396420e-04]
 [5.17849705e-01 4.42711645e-01 8.05754895e-01 ... 3.11080165e-05
  2.10306604e-04 1.20865220e-03]]
[-4.62738905e+00  3.42687527e+00  2.58624909e+00  1.21748017e+00
 -2.07139382e+00  2.34196113e+00  3.42974833e+00  4.85292274e+00
 -1.37407077e+00 -1.06495736e-01  2.12408585e+00 -3.71051400e+00
 -1.52629021e+00 -1.67620066e+00 -3.07380173e+00 -1.47835086e+00
 -3.42204096e+00  2.55232892e+00  2.22307045e+00 -2.69247399e+00
 -2.10321133e+00  2.43577965e+00  9.44512691e-01  6.98118316e-01
  8.29741136e-01  8.70873956e-01  1.20870122e+00  1.81942477e+00
 -2.61336992e-01  6.76371394e-01 -5.37594304e-01  3.84613321e+00
 -1.48815601e+00  9.29105968e-01  1.91318116e+00  3.22531640e-01
 -4.82042806e-01 -7.46038075e-01 -2.44892612e+00 -2.32911746e-01
  1.09033667e+00  2.67180471e+00 -1.01472289e+00 -2.23818602e-01
 -5.38983109e+00  4.77753747e-01  2.84438511e-01 -8.86111645e-01
  2.17976706e+00 -3.31703801e+00 -2.86680748e-01  6.24219410e-01
  1.89044161e-01  6.75895132e+00 -2.73296533e-01  7.73431681e-02
 -4.78438169e+00 -1.30836325e+00 -6.47493298e-01 -1.93601180e+00
  1.37496299e-01 -7.86875410e-01  2.97416699e-01  3.98787068e-01
  1.08298987e-02 -3.95063463e-01  2.48077145e-01 -3.26559023e-01
  2.19745827e-02  4.85251454e-01  3.33551092e-01  2.27101566e-01
 -1.65298799e-01  5.98040593e-01 -4.02560434e-01  3.37626786e-01
  8.82767054e-01 -1.52852987e-01 -3.10184599e-01  5.08906675e-01
  8.55569921e-01 -7.31906274e-01 -1.18857201e-01 -4.62146200e-03
 -2.31340732e-01  5.40743103e-03  4.79520608e-01 -2.28959276e-01
 -5.64262112e-01 -2.40863241e-01 -4.88353062e-01  3.50909683e-01
 -1.68064897e-01 -2.62196298e-01 -1.09020278e-01 -2.40448487e-01
  2.98439800e-01 -2.76943881e-01 -2.12984440e-01 -2.52021929e-01
 -1.85477421e-01  3.36723497e-01 -1.58095201e-01 -3.14804064e-01
  9.37199646e-01  2.67070845e-01 -1.66713589e-01 -2.24677706e-01
 -7.40154928e-01  7.22744901e-02  4.57861724e-01 -1.11744807e+00
  2.55195203e-01 -2.52274070e-01  8.73800678e-02  1.09709798e-01
 -7.08948897e-02  9.98026284e-02  6.02708754e-01  3.65811580e-01
 -2.79999019e-01 -6.02853691e-01 -7.57985317e-01  3.52536695e-01
 -1.27366771e-01  6.08502006e-02 -5.66086940e-02  6.88052369e-02
 -6.56611455e-02  3.27716210e-01  6.95373352e-01  5.70301123e-02
 -3.26576530e-01  8.77860640e-02 -4.15206916e-02 -4.99773005e-02
 -3.83879138e-01  6.59148476e-02  3.70667335e-01  1.78625146e-01
  1.89703104e-02 -6.76652956e-02  3.81005982e-02  8.85494255e-01
 -4.97026582e-01 -3.19803338e-01  2.16371004e-01 -3.81246420e-01
  4.43790144e-01 -2.25557759e-01  4.85044111e-01  4.94531077e-02
 -1.04487955e-01 -5.83151310e-01 -7.39019366e-02  7.86325404e-02
 -7.58713156e-02 -9.14112199e-02 -8.06298691e-02 -5.00967214e-02
 -2.51116869e-01 -1.60955209e-01  1.47279268e-01  2.22248574e-01]
[[4.04041205e-01 7.61432544e-01 2.87627258e-01 ... 4.11810190e-02
  2.19422248e-09 2.21950493e-05]
 [4.14047441e-01 7.33110497e-01 2.74385596e-01 ... 5.95730821e-02
  1.03224062e-09 1.10227848e-05]
 [4.15909641e-01 7.26948158e-01 2.71559335e-01 ... 6.37139093e-02
  8.74652963e-10 9.44549716e-06]
 ...
 [5.24272949e-01 3.61791673e-01 8.35323412e-01 ... 2.12630815e-10
  5.61919962e-02 8.31131781e-02]
 [5.23404021e-01 4.02018667e-01 8.24110155e-01 ... 1.41196431e-09
  4.52651802e-02 1.35823962e-01]
 [5.17849705e-01 4.42711645e-01 8.05754895e-01 ... 8.11735293e-09
  3.15680127e-02 1.92165797e-01]]
[-4.62738905e+00  3.42687527e+00  2.58624909e+00  1.21748017e+00
 -2.07139382e+00  2.34196113e+00  3.42974833e+00  4.85292274e+00
 -1.37407077e+00 -1.06495736e-01  2.12408585e+00 -3.71051400e+00
 -1.52629021e+00 -1.67620066e+00 -3.07380173e+00 -1.47835086e+00
 -3.42204096e+00  2.55232892e+00  2.22307045e+00 -2.69247399e+00
 -2.10321133e+00  2.43577965e+00  9.44512691e-01  6.98118316e-01
  8.29741136e-01  8.70873956e-01  1.20870122e+00  1.81942477e+00
 -2.61336992e-01  6.76371394e-01 -5.37594304e-01  3.84613321e+00
 -1.48815601e+00  9.29105968e-01  1.91318116e+00  3.22531640e-01
 -4.82042806e-01 -7.46038075e-01 -2.44892612e+00 -2.32911746e-01
  1.09033667e+00  2.67180471e+00 -1.01472289e+00 -2.23818602e-01
 -5.38983109e+00  4.77753747e-01  2.84438511e-01 -8.86111645e-01
  2.17976706e+00 -3.31703801e+00 -2.86680748e-01  6.24219410e-01
  1.89044161e-01  6.75895132e+00 -2.73296533e-01  7.73431681e-02
 -4.78438169e+00 -1.30836325e+00 -6.47493298e-01 -1.93601180e+00
  1.37496299e-01 -7.86875410e-01  2.97416699e-01  3.98787068e-01
  1.08298987e-02 -3.95063463e-01  2.48077145e-01 -3.26559023e-01
  2.19745827e-02  4.85251454e-01  3.33551092e-01  2.27101566e-01
 -1.65298799e-01  5.98040593e-01 -4.02560434e-01  3.37626786e-01
  8.82767054e-01 -1.52852987e-01 -3.10184599e-01  5.08906675e-01
  8.55569921e-01 -7.31906274e-01 -1.18857201e-01 -4.62146200e-03
 -2.31340732e-01  5.40743103e-03  4.79520608e-01 -2.28959276e-01
 -5.64262112e-01 -2.40863241e-01 -4.88353062e-01  3.50909683e-01
 -1.68064897e-01 -2.62196298e-01 -1.09020278e-01 -2.40448487e-01
  2.98439800e-01 -2.76943881e-01 -2.12984440e-01 -2.52021929e-01
 -1.85477421e-01  3.36723497e-01 -1.58095201e-01 -3.14804064e-01
  9.37199646e-01  2.67070845e-01 -1.66713589e-01 -2.24677706e-01
 -7.40154928e-01  7.22744901e-02  4.57861724e-01 -1.11744807e+00
  2.55195203e-01 -2.52274070e-01  8.73800678e-02  1.09709798e-01
 -7.08948897e-02  9.98026284e-02  6.02708754e-01  3.65811580e-01
 -2.79999019e-01 -6.02853691e-01 -7.57985317e-01  3.52536695e-01
 -1.27366771e-01  6.08502006e-02 -5.66086940e-02  6.88052369e-02
 -6.56611455e-02  3.27716210e-01  6.95373352e-01  5.70301123e-02
 -3.26576530e-01  8.77860640e-02 -4.15206916e-02 -4.99773005e-02
 -3.83879138e-01  6.59148476e-02  3.70667335e-01  1.78625146e-01
  1.89703104e-02 -6.76652956e-02  3.81005982e-02  8.85494255e-01
 -4.97026582e-01 -3.19803338e-01  2.16371004e-01 -3.81246420e-01
  4.43790144e-01 -2.25557759e-01  4.85044111e-01  4.94531077e-02
 -1.04487955e-01 -5.83151310e-01 -7.39019366e-02  7.86325404e-02
 -7.58713156e-02 -9.14112199e-02 -8.06298691e-02 -5.00967214e-02
 -2.51116869e-01 -1.60955209e-01  1.47279268e-01  2.22248574e-01
  4.84755181e-02 -2.43448751e-02 -2.89255001e-01  2.18547389e-01
 -1.91497107e-01  3.76349003e-01 -9.58333306e-02 -6.71232988e-02
 -8.12571628e-02  7.95267426e-02 -1.88461224e-01  7.37827097e-02
 -1.20595483e-01  3.88616466e-01  3.27189279e-01 -1.67932667e-01
  1.00944964e-01 -1.65468584e-01 -1.21922565e-01 -1.81148976e-01
  6.32266523e-02 -2.49147803e-01  6.37138071e-01 -7.59381033e-01
  2.97641552e-02  2.40104040e-02 -5.58213658e-02  7.91746269e-02
 -1.52816101e-01  7.77798200e-03  4.49331004e-01 -3.97914538e-02
  6.51817769e-02 -8.37971370e-02  8.25720377e-02  3.54624303e-01
 -2.06175994e-01 -1.60857096e-01  1.29904087e-01  1.58155350e-01
 -9.07505948e-02  9.27562574e-02  3.12108725e-02 -2.45456656e-02
  3.57142651e-01 -1.18026054e-01  2.54033212e-01 -7.34151954e-02
  5.52605168e-02 -3.91287128e-01  2.86745199e-02  1.63785565e-01
 -1.66756950e-01 -7.11284330e-02  1.94137523e-01 -1.81706622e-01
  9.49201078e-02 -7.18836498e-02 -3.31586905e-02  5.82208103e-02
 -2.35043269e-01  6.11687631e-02  7.20444103e-02 -5.53851535e-02
  4.74367102e-02 -6.50898330e-02 -3.09079134e-02  3.62209262e-02
  4.63036014e-02 -2.87781946e-02 -3.36620074e-02  2.47556972e-02
  4.71459173e-02 -2.01836819e-01 -1.22543311e-01 -3.92726533e-02
  3.49671484e-02 -1.31916008e-01 -2.45078690e-02  2.23956805e-02]
[[4.04041205e-01 7.61432544e-01 2.87627258e-01 ... 2.49745417e-14
  2.28305363e-08 2.14553541e-10]
 [4.14047441e-01 7.33110497e-01 2.74385596e-01 ... 5.46360822e-14
  4.99456399e-08 4.69372275e-10]
 [4.15909641e-01 7.26948158e-01 2.71559335e-01 ... 6.30730373e-14
  5.76582772e-08 5.41853110e-10]
 ...
 [5.24272949e-01 3.61791673e-01 8.35323412e-01 ... 3.44718943e-10
  1.01116382e-11 5.58449822e-11]
 [5.23404021e-01 4.02018667e-01 8.24110155e-01 ... 4.71309639e-10
  2.87375907e-11 1.10082722e-10]
 [5.17849705e-01 4.42711645e-01 8.05754895e-01 ... 4.82985268e-10
  6.12160888e-11 1.62644938e-10]]
[-4.62738905e+00  3.42687527e+00  2.58624909e+00  1.21748017e+00
 -2.07139382e+00  2.34196113e+00  3.42974833e+00  4.85292274e+00
 -1.37407077e+00 -1.06495736e-01  2.12408585e+00 -3.71051400e+00
 -1.52629021e+00 -1.67620066e+00 -3.07380173e+00 -1.47835086e+00
 -3.42204096e+00  2.55232892e+00  2.22307045e+00 -2.69247399e+00
 -2.10321133e+00  2.43577965e+00  9.44512691e-01  6.98118316e-01
  8.29741136e-01  8.70873956e-01  1.20870122e+00  1.81942477e+00
 -2.61336992e-01  6.76371394e-01 -5.37594304e-01  3.84613321e+00
 -1.48815601e+00  9.29105968e-01  1.91318116e+00  3.22531640e-01
 -4.82042806e-01 -7.46038075e-01 -2.44892612e+00 -2.32911746e-01
  1.09033667e+00  2.67180471e+00 -1.01472289e+00 -2.23818602e-01
 -5.38983109e+00  4.77753747e-01  2.84438511e-01 -8.86111645e-01
  2.17976706e+00 -3.31703801e+00 -2.86680748e-01  6.24219410e-01
  1.89044161e-01  6.75895132e+00 -2.73296533e-01  7.73431681e-02
 -4.78438169e+00 -1.30836325e+00 -6.47493298e-01 -1.93601180e+00
  1.37496299e-01 -7.86875410e-01  2.97416699e-01  3.98787068e-01
  1.08298987e-02 -3.95063463e-01  2.48077145e-01 -3.26559023e-01
  2.19745827e-02  4.85251454e-01  3.33551092e-01  2.27101566e-01
 -1.65298799e-01  5.98040593e-01 -4.02560434e-01  3.37626786e-01
  8.82767054e-01 -1.52852987e-01 -3.10184599e-01  5.08906675e-01
  8.55569921e-01 -7.31906274e-01 -1.18857201e-01 -4.62146200e-03
 -2.31340732e-01  5.40743103e-03  4.79520608e-01 -2.28959276e-01
 -5.64262112e-01 -2.40863241e-01 -4.88353062e-01  3.50909683e-01
 -1.68064897e-01 -2.62196298e-01 -1.09020278e-01 -2.40448487e-01
  2.98439800e-01 -2.76943881e-01 -2.12984440e-01 -2.52021929e-01
 -1.85477421e-01  3.36723497e-01 -1.58095201e-01 -3.14804064e-01
  9.37199646e-01  2.67070845e-01 -1.66713589e-01 -2.24677706e-01
 -7.40154928e-01  7.22744901e-02  4.57861724e-01 -1.11744807e+00
  2.55195203e-01 -2.52274070e-01  8.73800678e-02  1.09709798e-01
 -7.08948897e-02  9.98026284e-02  6.02708754e-01  3.65811580e-01
 -2.79999019e-01 -6.02853691e-01 -7.57985317e-01  3.52536695e-01
 -1.27366771e-01  6.08502006e-02 -5.66086940e-02  6.88052369e-02
 -6.56611455e-02  3.27716210e-01  6.95373352e-01  5.70301123e-02
 -3.26576530e-01  8.77860640e-02 -4.15206916e-02 -4.99773005e-02
 -3.83879138e-01  6.59148476e-02  3.70667335e-01  1.78625146e-01
  1.89703104e-02 -6.76652956e-02  3.81005982e-02  8.85494255e-01
 -4.97026582e-01 -3.19803338e-01  2.16371004e-01 -3.81246420e-01
  4.43790144e-01 -2.25557759e-01  4.85044111e-01  4.94531077e-02
 -1.04487955e-01 -5.83151310e-01 -7.39019366e-02  7.86325404e-02
 -7.58713156e-02 -9.14112199e-02 -8.06298691e-02 -5.00967214e-02
 -2.51116869e-01 -1.60955209e-01  1.47279268e-01  2.22248574e-01
  4.84755181e-02 -2.43448751e-02 -2.89255001e-01  2.18547389e-01
 -1.91497107e-01  3.76349003e-01 -9.58333306e-02 -6.71232988e-02
 -8.12571628e-02  7.95267426e-02 -1.88461224e-01  7.37827097e-02
 -1.20595483e-01  3.88616466e-01  3.27189279e-01 -1.67932667e-01
  1.00944964e-01 -1.65468584e-01 -1.21922565e-01 -1.81148976e-01
  6.32266523e-02 -2.49147803e-01  6.37138071e-01 -7.59381033e-01
  2.97641552e-02  2.40104040e-02 -5.58213658e-02  7.91746269e-02
 -1.52816101e-01  7.77798200e-03  4.49331004e-01 -3.97914538e-02
  6.51817769e-02 -8.37971370e-02  8.25720377e-02  3.54624303e-01
 -2.06175994e-01 -1.60857096e-01  1.29904087e-01  1.58155350e-01
 -9.07505948e-02  9.27562574e-02  3.12108725e-02 -2.45456656e-02
  3.57142651e-01 -1.18026054e-01  2.54033212e-01 -7.34151954e-02
  5.52605168e-02 -3.91287128e-01  2.86745199e-02  1.63785565e-01
 -1.66756950e-01 -7.11284330e-02  1.94137523e-01 -1.81706622e-01
  9.49201078e-02 -7.18836498e-02 -3.31586905e-02  5.82208103e-02
 -2.35043269e-01  6.11687631e-02  7.20444103e-02 -5.53851535e-02
  4.74367102e-02 -6.50898330e-02 -3.09079134e-02  3.62209262e-02
  4.63036014e-02 -2.87781946e-02 -3.36620074e-02  2.47556972e-02
  4.71459173e-02 -2.01836819e-01 -1.22543311e-01 -3.92726533e-02
  3.49671484e-02 -1.31916008e-01 -2.45078690e-02  2.23956805e-02
 -2.24648756e-01  3.78821820e-01  1.75928424e-01  2.17733123e-01
 -1.50477019e-01 -3.83948868e-01 -6.96148093e-02 -8.89012840e-02
 -1.12187603e-01  3.07443026e-02  1.28960280e-01  2.68263694e-01
 -1.36754831e-01  2.36797757e-01 -5.44437641e-02 -1.10525512e-01
  3.41986967e-01  2.00430727e-02  2.00959307e-01 -1.24087539e-01
  7.68581551e-02 -1.61086448e-01  2.26525122e-01 -7.84204991e-02
  2.20011569e-01 -1.96167288e-01  2.65242214e-01 -1.83853548e-01
 -1.94293709e-01  1.32288461e-02  1.36960794e-01 -7.88393982e-02
  9.47120760e-02 -9.39097203e-02 -1.54223122e-02 -1.19452729e-01
  4.41615819e-01 -2.12761923e-01 -6.80057692e-02  1.00104139e-01
 -2.92919041e-02  6.20844495e-02 -8.93854993e-02 -1.73581263e-02
 -1.14359996e-01  8.50102909e-02  8.53170002e-02  1.38122784e-01
  1.13164003e-01  2.74150358e-01  5.62103009e-02 -3.71831553e-02
  2.54591872e-02  2.88194292e-01 -3.31962466e-01 -1.17541383e-01
  9.32949635e-02 -8.51025365e-02 -1.18731013e-01 -1.51110658e-01
 -3.70831606e-01  3.00793424e-01  2.96795565e-01 -1.66262260e-01
  1.71639271e-02  2.33852233e-01  1.05655550e-01 -1.14755681e-01
 -1.73059181e-01  9.67099061e-02  3.96400966e-02  1.51156823e-01
 -2.04119796e-02 -3.47958088e-02  2.21166907e-02 -7.57059461e-02
 -1.61796758e-01  2.28855061e-01 -1.98636367e-02 -2.00436265e-01
 -8.94666592e-02  6.82657142e-02 -1.08594277e-01  7.95187207e-02
  2.98029673e-02 -2.60582298e-02  2.66554163e-02 -3.02882460e-02
  5.03701257e-02 -3.00486839e-02 -2.66690205e-02  4.06651528e-01
 -4.40193034e-01 -1.30102071e-01 -1.25567041e-01  3.95853899e-02
  2.07180042e-02  7.02093214e-02 -4.64460299e-02 -1.19947122e-01
 -6.37965087e-02  4.35809249e-02  6.43055133e-02 -6.17940020e-02
 -3.42641610e-02  3.20758459e-01 -2.82380546e-01  3.62969163e-02
  9.68573089e-02 -1.00438067e-02 -1.92126977e-01 -4.16258771e-01
  1.44141835e-01 -1.15643966e-01 -2.08680081e-02  1.22628859e-01
 -1.06131151e-01 -4.47785408e-01  4.10425815e-01  3.27499652e-01
 -5.37315769e-02  2.40003588e-02 -3.01503870e-02 -2.29367464e-01
 -1.10654022e-01  2.67482820e-02  5.99375987e-02 -1.52888138e-01
  2.90587450e-02 -2.85100183e-02  2.62913397e-02 -1.61371187e-02
  6.60196673e-02 -8.47631338e-02  9.01390412e-02 -7.09693940e-02
 -5.63077987e-02  4.01221979e-02 -1.35465939e-01  1.17893678e-01]
[[4.04041205e-01 7.61432544e-01 2.87627258e-01 ... 1.05862827e-04
  1.15163845e-10 3.58477282e-15]
 [4.14047441e-01 7.33110497e-01 2.74385596e-01 ... 1.75779514e-04
  5.51159665e-10 1.71563153e-14]
 [4.15909641e-01 7.26948158e-01 2.71559335e-01 ... 1.88102713e-04
  7.34522735e-10 2.28639923e-14]
 ...
 [5.24272949e-01 3.61791673e-01 8.35323412e-01 ... 1.55928356e-33
  9.27007615e-26 3.27634857e-22]
 [5.23404021e-01 4.02018667e-01 8.24110155e-01 ... 2.62661306e-30
  6.76377365e-24 5.50722031e-21]
 [5.17849705e-01 4.42711645e-01 8.05754895e-01 ... 2.48564945e-27
  2.77247482e-22 5.20052970e-20]]
[-4.62738905e+00  3.42687527e+00  2.58624909e+00  1.21748017e+00
 -2.07139382e+00  2.34196113e+00  3.42974833e+00  4.85292274e+00
 -1.37407077e+00 -1.06495736e-01  2.12408585e+00 -3.71051400e+00
 -1.52629021e+00 -1.67620066e+00 -3.07380173e+00 -1.47835086e+00
 -3.42204096e+00  2.55232892e+00  2.22307045e+00 -2.69247399e+00
 -2.10321133e+00  2.43577965e+00  9.44512691e-01  6.98118316e-01
  8.29741136e-01  8.70873956e-01  1.20870122e+00  1.81942477e+00
 -2.61336992e-01  6.76371394e-01 -5.37594304e-01  3.84613321e+00
 -1.48815601e+00  9.29105968e-01  1.91318116e+00  3.22531640e-01
 -4.82042806e-01 -7.46038075e-01 -2.44892612e+00 -2.32911746e-01
  1.09033667e+00  2.67180471e+00 -1.01472289e+00 -2.23818602e-01
 -5.38983109e+00  4.77753747e-01  2.84438511e-01 -8.86111645e-01
  2.17976706e+00 -3.31703801e+00 -2.86680748e-01  6.24219410e-01
  1.89044161e-01  6.75895132e+00 -2.73296533e-01  7.73431681e-02
 -4.78438169e+00 -1.30836325e+00 -6.47493298e-01 -1.93601180e+00
  1.37496299e-01 -7.86875410e-01  2.97416699e-01  3.98787068e-01
  1.08298987e-02 -3.95063463e-01  2.48077145e-01 -3.26559023e-01
  2.19745827e-02  4.85251454e-01  3.33551092e-01  2.27101566e-01
 -1.65298799e-01  5.98040593e-01 -4.02560434e-01  3.37626786e-01
  8.82767054e-01 -1.52852987e-01 -3.10184599e-01  5.08906675e-01
  8.55569921e-01 -7.31906274e-01 -1.18857201e-01 -4.62146200e-03
 -2.31340732e-01  5.40743103e-03  4.79520608e-01 -2.28959276e-01
 -5.64262112e-01 -2.40863241e-01 -4.88353062e-01  3.50909683e-01
 -1.68064897e-01 -2.62196298e-01 -1.09020278e-01 -2.40448487e-01
  2.98439800e-01 -2.76943881e-01 -2.12984440e-01 -2.52021929e-01
 -1.85477421e-01  3.36723497e-01 -1.58095201e-01 -3.14804064e-01
  9.37199646e-01  2.67070845e-01 -1.66713589e-01 -2.24677706e-01
 -7.40154928e-01  7.22744901e-02  4.57861724e-01 -1.11744807e+00
  2.55195203e-01 -2.52274070e-01  8.73800678e-02  1.09709798e-01
 -7.08948897e-02  9.98026284e-02  6.02708754e-01  3.65811580e-01
 -2.79999019e-01 -6.02853691e-01 -7.57985317e-01  3.52536695e-01
 -1.27366771e-01  6.08502006e-02 -5.66086940e-02  6.88052369e-02
 -6.56611455e-02  3.27716210e-01  6.95373352e-01  5.70301123e-02
 -3.26576530e-01  8.77860640e-02 -4.15206916e-02 -4.99773005e-02
 -3.83879138e-01  6.59148476e-02  3.70667335e-01  1.78625146e-01
  1.89703104e-02 -6.76652956e-02  3.81005982e-02  8.85494255e-01
 -4.97026582e-01 -3.19803338e-01  2.16371004e-01 -3.81246420e-01
  4.43790144e-01 -2.25557759e-01  4.85044111e-01  4.94531077e-02
 -1.04487955e-01 -5.83151310e-01 -7.39019366e-02  7.86325404e-02
 -7.58713156e-02 -9.14112199e-02 -8.06298691e-02 -5.00967214e-02
 -2.51116869e-01 -1.60955209e-01  1.47279268e-01  2.22248574e-01
  4.84755181e-02 -2.43448751e-02 -2.89255001e-01  2.18547389e-01
 -1.91497107e-01  3.76349003e-01 -9.58333306e-02 -6.71232988e-02
 -8.12571628e-02  7.95267426e-02 -1.88461224e-01  7.37827097e-02
 -1.20595483e-01  3.88616466e-01  3.27189279e-01 -1.67932667e-01
  1.00944964e-01 -1.65468584e-01 -1.21922565e-01 -1.81148976e-01
  6.32266523e-02 -2.49147803e-01  6.37138071e-01 -7.59381033e-01
  2.97641552e-02  2.40104040e-02 -5.58213658e-02  7.91746269e-02
 -1.52816101e-01  7.77798200e-03  4.49331004e-01 -3.97914538e-02
  6.51817769e-02 -8.37971370e-02  8.25720377e-02  3.54624303e-01
 -2.06175994e-01 -1.60857096e-01  1.29904087e-01  1.58155350e-01
 -9.07505948e-02  9.27562574e-02  3.12108725e-02 -2.45456656e-02
  3.57142651e-01 -1.18026054e-01  2.54033212e-01 -7.34151954e-02
  5.52605168e-02 -3.91287128e-01  2.86745199e-02  1.63785565e-01
 -1.66756950e-01 -7.11284330e-02  1.94137523e-01 -1.81706622e-01
  9.49201078e-02 -7.18836498e-02 -3.31586905e-02  5.82208103e-02
 -2.35043269e-01  6.11687631e-02  7.20444103e-02 -5.53851535e-02
  4.74367102e-02 -6.50898330e-02 -3.09079134e-02  3.62209262e-02
  4.63036014e-02 -2.87781946e-02 -3.36620074e-02  2.47556972e-02
  4.71459173e-02 -2.01836819e-01 -1.22543311e-01 -3.92726533e-02
  3.49671484e-02 -1.31916008e-01 -2.45078690e-02  2.23956805e-02
 -2.24648756e-01  3.78821820e-01  1.75928424e-01  2.17733123e-01
 -1.50477019e-01 -3.83948868e-01 -6.96148093e-02 -8.89012840e-02
 -1.12187603e-01  3.07443026e-02  1.28960280e-01  2.68263694e-01
 -1.36754831e-01  2.36797757e-01 -5.44437641e-02 -1.10525512e-01
  3.41986967e-01  2.00430727e-02  2.00959307e-01 -1.24087539e-01
  7.68581551e-02 -1.61086448e-01  2.26525122e-01 -7.84204991e-02
  2.20011569e-01 -1.96167288e-01  2.65242214e-01 -1.83853548e-01
 -1.94293709e-01  1.32288461e-02  1.36960794e-01 -7.88393982e-02
  9.47120760e-02 -9.39097203e-02 -1.54223122e-02 -1.19452729e-01
  4.41615819e-01 -2.12761923e-01 -6.80057692e-02  1.00104139e-01
 -2.92919041e-02  6.20844495e-02 -8.93854993e-02 -1.73581263e-02
 -1.14359996e-01  8.50102909e-02  8.53170002e-02  1.38122784e-01
  1.13164003e-01  2.74150358e-01  5.62103009e-02 -3.71831553e-02
  2.54591872e-02  2.88194292e-01 -3.31962466e-01 -1.17541383e-01
  9.32949635e-02 -8.51025365e-02 -1.18731013e-01 -1.51110658e-01
 -3.70831606e-01  3.00793424e-01  2.96795565e-01 -1.66262260e-01
  1.71639271e-02  2.33852233e-01  1.05655550e-01 -1.14755681e-01
 -1.73059181e-01  9.67099061e-02  3.96400966e-02  1.51156823e-01
 -2.04119796e-02 -3.47958088e-02  2.21166907e-02 -7.57059461e-02
 -1.61796758e-01  2.28855061e-01 -1.98636367e-02 -2.00436265e-01
 -8.94666592e-02  6.82657142e-02 -1.08594277e-01  7.95187207e-02
  2.98029673e-02 -2.60582298e-02  2.66554163e-02 -3.02882460e-02
  5.03701257e-02 -3.00486839e-02 -2.66690205e-02  4.06651528e-01
 -4.40193034e-01 -1.30102071e-01 -1.25567041e-01  3.95853899e-02
  2.07180042e-02  7.02093214e-02 -4.64460299e-02 -1.19947122e-01
 -6.37965087e-02  4.35809249e-02  6.43055133e-02 -6.17940020e-02
 -3.42641610e-02  3.20758459e-01 -2.82380546e-01  3.62969163e-02
  9.68573089e-02 -1.00438067e-02 -1.92126977e-01 -4.16258771e-01
  1.44141835e-01 -1.15643966e-01 -2.08680081e-02  1.22628859e-01
 -1.06131151e-01 -4.47785408e-01  4.10425815e-01  3.27499652e-01
 -5.37315769e-02  2.40003588e-02 -3.01503870e-02 -2.29367464e-01
 -1.10654022e-01  2.67482820e-02  5.99375987e-02 -1.52888138e-01
  2.90587450e-02 -2.85100183e-02  2.62913397e-02 -1.61371187e-02
  6.60196673e-02 -8.47631338e-02  9.01390412e-02 -7.09693940e-02
 -5.63077987e-02  4.01221979e-02 -1.35465939e-01  1.17893678e-01
 -3.99642874e-02  5.69397971e-01 -2.29236359e-02 -7.95545624e-02
  1.16757329e-01 -2.64987492e-01  1.19491015e-01  9.92041061e-02
 -2.79881497e-01 -8.06382333e-02  1.71749131e-01  5.00060718e-01
 -1.95532015e-01  3.77736311e-01 -7.57716734e-02  8.74019332e-02
 -3.44912529e-01  5.51607939e-02  4.15354871e-02  3.30484978e-01
  1.70566685e-01 -1.16105482e-01  1.08146861e-01 -5.68006120e-02
  7.81436797e-02 -6.03843627e-02  5.10161254e-01 -4.41128979e-02
 -1.70388032e-02  6.49025367e-01  9.97469890e-02 -5.11028464e-02
  7.06135732e-02 -1.28741686e-01 -8.16995632e-02 -2.31507387e-01
  7.82947506e-02 -3.52328580e-02 -8.83424588e-02 -4.51159906e-02
  2.75963975e-02 -1.63532326e-01 -6.78694085e-02  2.85650287e-01
 -2.53852027e-02 -5.10937103e-02 -4.11211785e-01 -2.33070442e-01
  5.62822253e-02 -1.79505042e-01  4.35755809e-01  4.84241247e-01
  4.36108156e-02  1.18207506e-01 -1.77136657e-01 -7.59880350e-02
 -4.32001154e-02 -8.09496757e-02  1.27412665e-01 -1.14254752e-01
 -9.04961312e-02  5.85112445e-02  2.34411140e-01  3.99861583e-02
 -1.24598258e-01  8.98481511e-02 -1.92031835e-02  2.11936353e-02
  2.49935174e-02 -3.31468767e-02 -7.54080996e-02  3.37819328e-02
 -3.24872837e-02 -1.43086746e-02 -4.21104845e-01 -2.08333305e-01
  1.34109233e-01 -1.05716621e-01  7.61439370e-02  1.27088024e-02
  5.38740623e-02 -5.39631282e-02  3.20940258e-01  7.95157658e-02
 -2.99333854e-02 -9.05667511e-02  2.59640275e-01 -4.86741295e-01
  1.66604345e-01 -3.89005856e-01  9.39815105e-03  1.84561027e-02
 -1.06725917e-01  1.41892864e-01 -3.11743615e-02  1.43217287e-01
  6.73619433e-02  5.94780807e-02 -4.07829893e-01  1.87211160e-01
 -2.87734957e-02  3.05774996e-02  4.46851032e-02  6.20571386e-02
 -4.49501362e-01 -5.20281673e-01  3.98956376e-01 -1.17251578e-01
  4.97244221e-02  1.58179462e-02 -6.14900852e-02  4.38627613e-02
 -4.83509125e-03  1.85636216e-02 -4.25511625e-02 -2.29069616e-02
  1.58279686e-02  3.89206178e-02  1.34065724e-02 -5.26753016e-02
 -6.68164607e-01  1.39906840e-02 -2.30448948e-02  5.08458938e-02
 -3.98502230e-02 -3.43529941e-01 -5.37135362e-02  8.63532684e-02
 -8.89734491e-02 -4.36762736e-02  2.13244131e-02  2.30652676e-01
  1.38552917e-01 -1.03175842e-01  1.71873098e-02 -1.06005701e-01
  1.55985795e-01  4.61564928e-02 -4.75356970e-01 -8.54024031e-02
  2.27507696e-01  1.94058534e-02  4.37858473e-01 -8.39682476e-02
 -1.13456465e-01 -7.95111046e-02  6.91917883e-02  3.39822478e-02
  1.56972209e-02 -8.15137671e-03  1.31015056e-02  3.47112606e-01
 -8.76084954e-02 -2.59061195e-02  3.32434741e-02 -1.51151569e-02
  3.29277930e-02 -1.16975038e-02 -5.00684003e-02  1.20758959e-01
  2.56495078e-01 -2.66846754e-02  3.46715193e-01 -7.35193455e-02
  1.71080273e-02 -6.08858411e-02  4.19712923e-02 -3.95622942e-02
 -4.73299346e-02 -2.34522672e-02 -1.26358243e-02  1.06872539e-02
 -4.80898974e-01  6.47472364e-01  7.67551808e-02 -5.84044259e-01
 -3.26500871e-02  4.90548713e-01 -1.67736154e-01 -7.14979879e-02
  4.35329139e-02  1.21622813e-02 -1.64338060e-01  8.03527766e-02
 -2.34998958e-01  6.26120503e-02 -2.61192604e-02  3.74204427e-02
  1.89097731e-02  2.74978258e-02 -1.92023857e-02 -1.07238230e-01
  2.45140680e-02  3.68999058e-01 -1.38581988e-01  6.39031153e-02
  1.80386105e-01 -6.73592739e-02 -5.44401006e-02  3.31408564e-02
 -1.72980275e-02  8.71765499e-02 -8.20933549e-02  2.16489282e-02
 -1.49345590e-02 -1.90234680e-02 -1.63221969e-02 -2.48282742e-02
 -1.32781717e-01 -1.68713716e-01  2.48518994e-02  6.73262972e-02
 -4.77846564e-02]
[[4.04041205e-01 7.61432544e-01 2.87627258e-01 ... 8.43037788e-15
  4.29958545e-22 1.90539719e-19]
 [4.14047441e-01 7.33110497e-01 2.74385596e-01 ... 2.54463526e-15
  3.35962657e-24 1.48884656e-21]
 [4.15909641e-01 7.26948158e-01 2.71559335e-01 ... 1.84220081e-15
  1.14036348e-24 5.05361594e-22]
 ...
 [5.24272949e-01 3.61791673e-01 8.35323412e-01 ... 9.56004808e-60
  2.58018549e-49 2.51965412e-56]
 [5.23404021e-01 4.02018667e-01 8.24110155e-01 ... 1.95551303e-53
  1.87270928e-43 1.82877536e-50]
 [5.17849705e-01 4.42711645e-01 8.05754895e-01 ... 1.26242886e-47
  4.28978334e-38 4.18914465e-45]]
[-4.62738905e+00  3.42687527e+00  2.58624909e+00  1.21748017e+00
 -2.07139382e+00  2.34196113e+00  3.42974833e+00  4.85292274e+00
 -1.37407077e+00 -1.06495736e-01  2.12408585e+00 -3.71051400e+00
 -1.52629021e+00 -1.67620066e+00 -3.07380173e+00 -1.47835086e+00
 -3.42204096e+00  2.55232892e+00  2.22307045e+00 -2.69247399e+00
 -2.10321133e+00  2.43577965e+00  9.44512691e-01  6.98118316e-01
  8.29741136e-01  8.70873956e-01  1.20870122e+00  1.81942477e+00
 -2.61336992e-01  6.76371394e-01 -5.37594304e-01  3.84613321e+00
 -1.48815601e+00  9.29105968e-01  1.91318116e+00  3.22531640e-01
 -4.82042806e-01 -7.46038075e-01 -2.44892612e+00 -2.32911746e-01
  1.09033667e+00  2.67180471e+00 -1.01472289e+00 -2.23818602e-01
 -5.38983109e+00  4.77753747e-01  2.84438511e-01 -8.86111645e-01
  2.17976706e+00 -3.31703801e+00 -2.86680748e-01  6.24219410e-01
  1.89044161e-01  6.75895132e+00 -2.73296533e-01  7.73431681e-02
 -4.78438169e+00 -1.30836325e+00 -6.47493298e-01 -1.93601180e+00
  1.37496299e-01 -7.86875410e-01  2.97416699e-01  3.98787068e-01
  1.08298987e-02 -3.95063463e-01  2.48077145e-01 -3.26559023e-01
  2.19745827e-02  4.85251454e-01  3.33551092e-01  2.27101566e-01
 -1.65298799e-01  5.98040593e-01 -4.02560434e-01  3.37626786e-01
  8.82767054e-01 -1.52852987e-01 -3.10184599e-01  5.08906675e-01
  8.55569921e-01 -7.31906274e-01 -1.18857201e-01 -4.62146200e-03
 -2.31340732e-01  5.40743103e-03  4.79520608e-01 -2.28959276e-01
 -5.64262112e-01 -2.40863241e-01 -4.88353062e-01  3.50909683e-01
 -1.68064897e-01 -2.62196298e-01 -1.09020278e-01 -2.40448487e-01
  2.98439800e-01 -2.76943881e-01 -2.12984440e-01 -2.52021929e-01
 -1.85477421e-01  3.36723497e-01 -1.58095201e-01 -3.14804064e-01
  9.37199646e-01  2.67070845e-01 -1.66713589e-01 -2.24677706e-01
 -7.40154928e-01  7.22744901e-02  4.57861724e-01 -1.11744807e+00
  2.55195203e-01 -2.52274070e-01  8.73800678e-02  1.09709798e-01
 -7.08948897e-02  9.98026284e-02  6.02708754e-01  3.65811580e-01
 -2.79999019e-01 -6.02853691e-01 -7.57985317e-01  3.52536695e-01
 -1.27366771e-01  6.08502006e-02 -5.66086940e-02  6.88052369e-02
 -6.56611455e-02  3.27716210e-01  6.95373352e-01  5.70301123e-02
 -3.26576530e-01  8.77860640e-02 -4.15206916e-02 -4.99773005e-02
 -3.83879138e-01  6.59148476e-02  3.70667335e-01  1.78625146e-01
  1.89703104e-02 -6.76652956e-02  3.81005982e-02  8.85494255e-01
 -4.97026582e-01 -3.19803338e-01  2.16371004e-01 -3.81246420e-01
  4.43790144e-01 -2.25557759e-01  4.85044111e-01  4.94531077e-02
 -1.04487955e-01 -5.83151310e-01 -7.39019366e-02  7.86325404e-02
 -7.58713156e-02 -9.14112199e-02 -8.06298691e-02 -5.00967214e-02
 -2.51116869e-01 -1.60955209e-01  1.47279268e-01  2.22248574e-01
  4.84755181e-02 -2.43448751e-02 -2.89255001e-01  2.18547389e-01
 -1.91497107e-01  3.76349003e-01 -9.58333306e-02 -6.71232988e-02
 -8.12571628e-02  7.95267426e-02 -1.88461224e-01  7.37827097e-02
 -1.20595483e-01  3.88616466e-01  3.27189279e-01 -1.67932667e-01
  1.00944964e-01 -1.65468584e-01 -1.21922565e-01 -1.81148976e-01
  6.32266523e-02 -2.49147803e-01  6.37138071e-01 -7.59381033e-01
  2.97641552e-02  2.40104040e-02 -5.58213658e-02  7.91746269e-02
 -1.52816101e-01  7.77798200e-03  4.49331004e-01 -3.97914538e-02
  6.51817769e-02 -8.37971370e-02  8.25720377e-02  3.54624303e-01
 -2.06175994e-01 -1.60857096e-01  1.29904087e-01  1.58155350e-01
 -9.07505948e-02  9.27562574e-02  3.12108725e-02 -2.45456656e-02
  3.57142651e-01 -1.18026054e-01  2.54033212e-01 -7.34151954e-02
  5.52605168e-02 -3.91287128e-01  2.86745199e-02  1.63785565e-01
 -1.66756950e-01 -7.11284330e-02  1.94137523e-01 -1.81706622e-01
  9.49201078e-02 -7.18836498e-02 -3.31586905e-02  5.82208103e-02
 -2.35043269e-01  6.11687631e-02  7.20444103e-02 -5.53851535e-02
  4.74367102e-02 -6.50898330e-02 -3.09079134e-02  3.62209262e-02
  4.63036014e-02 -2.87781946e-02 -3.36620074e-02  2.47556972e-02
  4.71459173e-02 -2.01836819e-01 -1.22543311e-01 -3.92726533e-02
  3.49671484e-02 -1.31916008e-01 -2.45078690e-02  2.23956805e-02
 -2.24648756e-01  3.78821820e-01  1.75928424e-01  2.17733123e-01
 -1.50477019e-01 -3.83948868e-01 -6.96148093e-02 -8.89012840e-02
 -1.12187603e-01  3.07443026e-02  1.28960280e-01  2.68263694e-01
 -1.36754831e-01  2.36797757e-01 -5.44437641e-02 -1.10525512e-01
  3.41986967e-01  2.00430727e-02  2.00959307e-01 -1.24087539e-01
  7.68581551e-02 -1.61086448e-01  2.26525122e-01 -7.84204991e-02
  2.20011569e-01 -1.96167288e-01  2.65242214e-01 -1.83853548e-01
 -1.94293709e-01  1.32288461e-02  1.36960794e-01 -7.88393982e-02
  9.47120760e-02 -9.39097203e-02 -1.54223122e-02 -1.19452729e-01
  4.41615819e-01 -2.12761923e-01 -6.80057692e-02  1.00104139e-01
 -2.92919041e-02  6.20844495e-02 -8.93854993e-02 -1.73581263e-02
 -1.14359996e-01  8.50102909e-02  8.53170002e-02  1.38122784e-01
  1.13164003e-01  2.74150358e-01  5.62103009e-02 -3.71831553e-02
  2.54591872e-02  2.88194292e-01 -3.31962466e-01 -1.17541383e-01
  9.32949635e-02 -8.51025365e-02 -1.18731013e-01 -1.51110658e-01
 -3.70831606e-01  3.00793424e-01  2.96795565e-01 -1.66262260e-01
  1.71639271e-02  2.33852233e-01  1.05655550e-01 -1.14755681e-01
 -1.73059181e-01  9.67099061e-02  3.96400966e-02  1.51156823e-01
 -2.04119796e-02 -3.47958088e-02  2.21166907e-02 -7.57059461e-02
 -1.61796758e-01  2.28855061e-01 -1.98636367e-02 -2.00436265e-01
 -8.94666592e-02  6.82657142e-02 -1.08594277e-01  7.95187207e-02
  2.98029673e-02 -2.60582298e-02  2.66554163e-02 -3.02882460e-02
  5.03701257e-02 -3.00486839e-02 -2.66690205e-02  4.06651528e-01
 -4.40193034e-01 -1.30102071e-01 -1.25567041e-01  3.95853899e-02
  2.07180042e-02  7.02093214e-02 -4.64460299e-02 -1.19947122e-01
 -6.37965087e-02  4.35809249e-02  6.43055133e-02 -6.17940020e-02
 -3.42641610e-02  3.20758459e-01 -2.82380546e-01  3.62969163e-02
  9.68573089e-02 -1.00438067e-02 -1.92126977e-01 -4.16258771e-01
  1.44141835e-01 -1.15643966e-01 -2.08680081e-02  1.22628859e-01
 -1.06131151e-01 -4.47785408e-01  4.10425815e-01  3.27499652e-01
 -5.37315769e-02  2.40003588e-02 -3.01503870e-02 -2.29367464e-01
 -1.10654022e-01  2.67482820e-02  5.99375987e-02 -1.52888138e-01
  2.90587450e-02 -2.85100183e-02  2.62913397e-02 -1.61371187e-02
  6.60196673e-02 -8.47631338e-02  9.01390412e-02 -7.09693940e-02
 -5.63077987e-02  4.01221979e-02 -1.35465939e-01  1.17893678e-01
 -3.99642874e-02  5.69397971e-01 -2.29236359e-02 -7.95545624e-02
  1.16757329e-01 -2.64987492e-01  1.19491015e-01  9.92041061e-02
 -2.79881497e-01 -8.06382333e-02  1.71749131e-01  5.00060718e-01
 -1.95532015e-01  3.77736311e-01 -7.57716734e-02  8.74019332e-02
 -3.44912529e-01  5.51607939e-02  4.15354871e-02  3.30484978e-01
  1.70566685e-01 -1.16105482e-01  1.08146861e-01 -5.68006120e-02
  7.81436797e-02 -6.03843627e-02  5.10161254e-01 -4.41128979e-02
 -1.70388032e-02  6.49025367e-01  9.97469890e-02 -5.11028464e-02
  7.06135732e-02 -1.28741686e-01 -8.16995632e-02 -2.31507387e-01
  7.82947506e-02 -3.52328580e-02 -8.83424588e-02 -4.51159906e-02
  2.75963975e-02 -1.63532326e-01 -6.78694085e-02  2.85650287e-01
 -2.53852027e-02 -5.10937103e-02 -4.11211785e-01 -2.33070442e-01
  5.62822253e-02 -1.79505042e-01  4.35755809e-01  4.84241247e-01
  4.36108156e-02  1.18207506e-01 -1.77136657e-01 -7.59880350e-02
 -4.32001154e-02 -8.09496757e-02  1.27412665e-01 -1.14254752e-01
 -9.04961312e-02  5.85112445e-02  2.34411140e-01  3.99861583e-02
 -1.24598258e-01  8.98481511e-02 -1.92031835e-02  2.11936353e-02
  2.49935174e-02 -3.31468767e-02 -7.54080996e-02  3.37819328e-02
 -3.24872837e-02 -1.43086746e-02 -4.21104845e-01 -2.08333305e-01
  1.34109233e-01 -1.05716621e-01  7.61439370e-02  1.27088024e-02
  5.38740623e-02 -5.39631282e-02  3.20940258e-01  7.95157658e-02
 -2.99333854e-02 -9.05667511e-02  2.59640275e-01 -4.86741295e-01
  1.66604345e-01 -3.89005856e-01  9.39815105e-03  1.84561027e-02
 -1.06725917e-01  1.41892864e-01 -3.11743615e-02  1.43217287e-01
  6.73619433e-02  5.94780807e-02 -4.07829893e-01  1.87211160e-01
 -2.87734957e-02  3.05774996e-02  4.46851032e-02  6.20571386e-02
 -4.49501362e-01 -5.20281673e-01  3.98956376e-01 -1.17251578e-01
  4.97244221e-02  1.58179462e-02 -6.14900852e-02  4.38627613e-02
 -4.83509125e-03  1.85636216e-02 -4.25511625e-02 -2.29069616e-02
  1.58279686e-02  3.89206178e-02  1.34065724e-02 -5.26753016e-02
 -6.68164607e-01  1.39906840e-02 -2.30448948e-02  5.08458938e-02
 -3.98502230e-02 -3.43529941e-01 -5.37135362e-02  8.63532684e-02
 -8.89734491e-02 -4.36762736e-02  2.13244131e-02  2.30652676e-01
  1.38552917e-01 -1.03175842e-01  1.71873098e-02 -1.06005701e-01
  1.55985795e-01  4.61564928e-02 -4.75356970e-01 -8.54024031e-02
  2.27507696e-01  1.94058534e-02  4.37858473e-01 -8.39682476e-02
 -1.13456465e-01 -7.95111046e-02  6.91917883e-02  3.39822478e-02
  1.56972209e-02 -8.15137671e-03  1.31015056e-02  3.47112606e-01
 -8.76084954e-02 -2.59061195e-02  3.32434741e-02 -1.51151569e-02
  3.29277930e-02 -1.16975038e-02 -5.00684003e-02  1.20758959e-01
  2.56495078e-01 -2.66846754e-02  3.46715193e-01 -7.35193455e-02
  1.71080273e-02 -6.08858411e-02  4.19712923e-02 -3.95622942e-02
 -4.73299346e-02 -2.34522672e-02 -1.26358243e-02  1.06872539e-02
 -4.80898974e-01  6.47472364e-01  7.67551808e-02 -5.84044259e-01
 -3.26500871e-02  4.90548713e-01 -1.67736154e-01 -7.14979879e-02
  4.35329139e-02  1.21622813e-02 -1.64338060e-01  8.03527766e-02
 -2.34998958e-01  6.26120503e-02 -2.61192604e-02  3.74204427e-02
  1.89097731e-02  2.74978258e-02 -1.92023857e-02 -1.07238230e-01
  2.45140680e-02  3.68999058e-01 -1.38581988e-01  6.39031153e-02
  1.80386105e-01 -6.73592739e-02 -5.44401006e-02  3.31408564e-02
 -1.72980275e-02  8.71765499e-02 -8.20933549e-02  2.16489282e-02
 -1.49345590e-02 -1.90234680e-02 -1.63221969e-02 -2.48282742e-02
 -1.32781717e-01 -1.68713716e-01  2.48518994e-02  6.73262972e-02
 -4.77846564e-02  3.86974823e-01 -2.18341612e-01 -1.70831508e-01
  3.13239667e-01 -1.66906019e-01 -1.54115677e-01  5.92736741e-02
  6.01715507e-02 -1.93199224e-01 -1.80806153e-01  3.34833066e-02
  2.34717053e-01  2.44671067e-01 -1.15370913e-01 -1.30799961e-01
  3.51465950e-01  3.61657127e-01 -2.06159425e-01 -1.61529715e-01
  5.17391765e-02 -8.37813892e-02  1.29502256e-01 -1.03716062e-01
 -1.04036543e-01 -1.34744839e-01 -4.13548713e-02  1.38115740e-01
  1.14930410e-01 -1.23759888e-01  8.34848291e-02 -1.78257369e-01
 -1.62032655e-01  2.52468438e-01 -1.45267789e-01  2.73436494e-02
  3.73594879e-02 -1.28801081e-01 -1.43990461e-02  2.84347307e-02
  4.30059806e-02  2.84221096e-01  6.72100999e-02 -7.30029852e-02
  2.96903309e-02  9.65771194e-02 -4.81835431e-02 -7.85250966e-02
  2.82052943e-01 -1.44091469e-01 -1.54744706e-01 -9.49641964e-02
 -1.82001616e-01  1.48886595e-01 -1.50663399e-01 -1.01686703e-01
  8.68038854e-02  2.30843332e-02 -4.95680842e-02  5.40896816e-02
 -1.73172835e-02  3.01616639e-01 -1.58872897e-01 -1.80875750e-01
  1.04137920e-01  1.90570933e-02  1.42283205e-01  2.37644030e-01
 -1.51670219e-01  2.48045488e-02 -4.99767409e-02 -1.78805766e-01
  2.95860905e-01 -1.26023479e-01  4.16680238e-02  1.09613432e-01
 -8.27952603e-02  2.28386405e-02  2.71625372e-01 -3.26785568e-02
  2.59848530e-02  2.38071043e-02 -3.72117058e-02  2.08193993e-02
  2.63150107e-02  4.40768483e-02 -1.12692780e-01 -2.51925041e-02
  1.58005787e-01 -1.53892616e-02 -1.09479986e-02  1.92190752e-02
 -1.57411171e-01 -1.63166476e-01  5.76026320e-02  5.90679225e-02
  3.41225914e-02 -1.54496697e-01 -3.53991195e-02 -2.44279112e-01
 -1.63054864e-01  2.90413942e-01 -1.68767973e-01  6.22096808e-02
  1.03544155e-01 -2.87552937e-02  2.58404050e-01  7.45072110e-02
 -1.30617457e-01  2.44297307e-01 -1.63175423e-01  7.57394777e-02
 -1.38830137e-01  2.32974905e-02  1.66075292e-02  5.89514214e-02
 -8.96838283e-02  1.29235487e-02 -1.18138867e-01 -7.08385678e-02
  1.36148367e-01  4.08153835e-02 -2.22000358e-02 -1.24893368e-02
 -8.02500128e-02  1.30479367e-01 -6.37712644e-02 -2.97504568e-02
  1.41688331e-01 -6.87621598e-02  4.46746478e-02 -6.04929519e-02
 -1.28856000e-02 -4.44110081e-02  4.64386087e-02 -3.45918774e-02
 -3.68247045e-02  7.38387271e-02 -2.45736063e-01  1.18306024e-01
 -8.15116968e-02  1.12268230e-01 -1.95542377e-02  7.31058862e-02
  1.72302283e-02 -1.50814487e-02  1.37665229e-02  4.31872389e-02
 -2.00579052e-01 -1.98543258e-02 -1.48628388e-01  2.09759617e-01
 -1.19916154e-01 -6.84255195e-02  3.03838024e-02 -1.05935864e-01
  1.53528568e-01 -8.89141204e-02  7.51368418e-02 -1.48840000e-01
  1.69286544e-02 -3.61864152e-02  2.02338743e-02 -1.18701374e-02
 -1.34959148e-01  1.08743598e-01 -1.92262572e-02  1.71468615e-02
  1.31673027e-02  1.11110762e-02  3.56436391e-02  3.57066809e-02
 -1.72776912e-02  9.58522057e-02 -3.19883740e-02  3.55160026e-02
  4.76472762e-02 -2.54664707e-02 -3.56984280e-02 -6.78764328e-02
 -3.53273089e-02  1.50821103e-02  1.68577603e-02 -1.50335450e-01
  2.65817626e-01 -2.23754731e-01  3.24022376e-02 -1.65484777e-02
 -5.87730784e-02  1.73264391e-02  1.07856193e-01  1.24950660e-01
 -8.96128549e-02 -4.88314067e-02 -1.47515738e-02  1.63120448e-02
  2.19404165e-01 -1.60636264e-01 -1.08971675e-02  1.14320315e-02
  3.18763130e-02  1.14114316e-01 -1.15940742e-02 -3.70598988e-02
  3.64679219e-02 -1.13291045e-02 -3.40442635e-02  3.58854987e-02
 -1.06528088e-01  1.37750826e-01 -8.64379634e-02  2.38430536e-02
  5.46310181e-02  1.27700729e-01 -1.82832505e-01  2.74600509e-01
 -1.44856774e-01 -8.64075364e-02 -1.72095890e-02  3.78198675e-02
  1.54973311e-02  1.51977214e-02  6.06268488e-02  3.06203049e-02
 -1.42513788e-02 -1.42137585e-02  4.96644467e-02  2.12638111e-01
 -1.41766068e-01 -2.15404452e-02  1.15585717e-02 -8.86675592e-02
  1.38920089e-01  1.91225556e-02 -6.36211154e-02  2.93225890e-02
  4.43433975e-02  3.77661770e-02 -3.32358571e-02  3.16627764e-02
 -9.77153683e-02  1.56142272e-01 -1.37527053e-01 -1.07159515e-02
 -3.60381392e-02  3.58187396e-02  2.20230022e-02 -2.69598116e-02
  1.86423647e-01 -1.04407502e-01 -1.39113342e-01  1.37092529e-01
 -8.38157334e-02 -3.03287935e-02 -1.02338004e-02 -2.94677290e-02
  1.63796364e-01  9.38087198e-03  9.67199482e-02  2.12521255e-02
  2.27227944e-01 -1.27063742e-01 -4.09161731e-02  4.01066025e-02
 -2.77112448e-02 -4.76397255e-02 -2.86789912e-02  1.24339655e-02
 -1.74278433e-02 -1.15944737e-01  3.72336764e-02 -4.32547979e-02
  5.06180418e-02 -1.25000813e-01 -2.15425048e-02  1.86339774e-01
 -9.90818182e-02  4.32642838e-02  1.68456606e-02 -1.68898936e-02
  2.08740507e-02 -2.10221905e-02 -5.56949878e-02  2.83286041e-02
 -5.26707110e-02  3.39871806e-02  3.32081316e-02 -1.66683326e-02
  1.27881344e-01 -3.56253359e-02  2.79516146e-02 -1.07536432e-02
 -5.30242883e-02  9.44948073e-02  5.75120948e-02  4.92109668e-02
 -2.80523524e-02  1.50221562e-02 -1.63113015e-02 -2.28600126e-02
  2.95166892e-02 -9.92378291e-03  3.08455329e-02 -2.77535971e-02
  1.31100659e-02 -7.87536032e-02  1.18681386e-02 -6.30773691e-02
  1.22426750e-02 -1.35594504e-02  1.82551865e-01 -1.16801839e-01
  2.89904735e-02 -6.77854791e-02  4.60678837e-02  2.89941517e-02
  1.68389745e-01 -9.18291159e-02 -9.37463603e-02  7.67361207e-02
 -5.26498274e-02  2.57846432e-02 -7.28254029e-02  6.42456910e-02
  3.69612726e-02 -2.47081717e-02 -4.50112130e-02  9.16702081e-03
 -2.61727194e-02  8.82217817e-03 -2.66484916e-02 -4.27903509e-02
 -2.21828039e-02  9.04274780e-03 -2.21670196e-02 -2.67936750e-02
  1.55735434e-02  1.96746214e-02  2.32518735e-02 -1.15774806e-02
 -1.25814426e-01  1.44406383e-01  3.02205624e-02  4.89982722e-02
 -1.13634782e-02  2.36027756e-01 -2.25324502e-01 -1.16985479e-01
 -7.50698265e-02 -2.16427853e-02  4.04434026e-02  1.22724012e-02
  1.20815764e-02  3.85606808e-02  5.80149724e-02 -4.67193174e-02
  1.13105960e-01 -3.68241258e-02  1.56553292e-02 -1.52887014e-02
  1.24221570e-02  1.52842506e-02  1.19472107e-02]
[[4.04041205e-01 7.61432544e-01 2.87627258e-01 ... 2.11222288e-28
  2.01180301e-22 7.09243065e-42]
 [4.14047441e-01 7.33110497e-01 2.74385596e-01 ... 1.28964027e-32
  9.03802860e-26 3.72085206e-39]
 [4.15909641e-01 7.26948158e-01 2.71559335e-01 ... 1.48584385e-33
  1.57490031e-26 1.17369194e-38]
 ...
 [5.24272949e-01 3.61791673e-01 8.35323412e-01 ... 5.29487550e-85
  1.17436885e-92 1.98984169e-83]
 [5.23404021e-01 4.02018667e-01 8.24110155e-01 ... 2.78929610e-73
  2.23898287e-80 2.99305537e-77]
 [5.17849705e-01 4.42711645e-01 8.05754895e-01 ... 1.46360745e-62
  4.25194994e-69 4.48437685e-72]]
[-4.62738905  3.42687527  2.58624909 ...  0.01392597 -0.00756412
  0.01609315]
[[4.04041205e-001 7.61432544e-001 2.87627258e-001 ... 1.68668051e-249
  3.66772297e-220 2.55924692e-099]
 [4.14047441e-001 7.33110497e-001 2.74385596e-001 ... 7.95275545e-260
  1.00951628e-214 7.04379647e-094]
 [4.15909641e-001 7.26948158e-001 2.71559335e-001 ... 4.26664748e-262
  1.00448018e-213 7.00858331e-093]
 ...
 [5.24272949e-001 3.61791673e-001 8.35323412e-001 ... 3.17040103e-085
  2.77168504e-133 3.54500452e-193]
 [5.23404021e-001 4.02018667e-001 8.24110155e-001 ... 3.15795056e-086
  1.18549937e-133 8.02064406e-181]
 [5.17849705e-001 4.42711645e-001 8.05754895e-001 ... 3.12089177e-089
  5.03084609e-136 1.80046194e-170]]
[-4.62738905  3.42687527  2.58624909 ...  0.01201067 -0.01211603
  0.01210551]
[[4.04041205e-001 7.61432544e-001 2.87627258e-001 ... 1.40016754e-155
  0.00000000e+000 6.44603068e-255]
 [4.14047441e-001 7.33110497e-001 2.74385596e-001 ... 9.28346994e-173
  0.00000000e+000 4.88314213e-244]
 [4.15909641e-001 7.26948158e-001 2.71559335e-001 ... 1.40316000e-176
  0.00000000e+000 4.83448186e-242]
 ...
 [5.24272949e-001 3.61791673e-001 8.35323412e-001 ... 0.00000000e+000
  0.00000000e+000 0.00000000e+000]
 [5.23404021e-001 4.02018667e-001 8.24110155e-001 ... 0.00000000e+000
  0.00000000e+000 1.24875037e-314]
 [5.17849705e-001 4.42711645e-001 8.05754895e-001 ... 0.00000000e+000
  0.00000000e+000 4.03424978e-304]]
[-4.62738905  3.42687527  2.58624909 ... -0.00998731  0.00999076
  0.00998459]
[[4.04041205e-001 7.61432544e-001 2.87627258e-001 ... 0.00000000e+000
  3.86752689e-193 0.00000000e+000]
 [4.14047441e-001 7.33110497e-001 2.74385596e-001 ... 0.00000000e+000
  2.62761500e-185 0.00000000e+000]
 [4.15909641e-001 7.26948158e-001 2.71559335e-001 ... 0.00000000e+000
  3.34143089e-184 0.00000000e+000]
 ...
 [5.24272949e-001 3.61791673e-001 8.35323412e-001 ... 2.79653339e-085
  0.00000000e+000 1.03726396e-211]
 [5.23404021e-001 4.02018667e-001 8.24110155e-001 ... 2.66755590e-097
  0.00000000e+000 1.05371893e-207]
 [5.17849705e-001 4.42711645e-001 8.05754895e-001 ... 2.46567635e-117
  0.00000000e+000 1.03726397e-211]]
[-4.62738905  3.42687527  2.58624909 ...  0.00885234  0.00511315
 -0.00881922]
[[4.04041205e-001 7.61432544e-001 2.87627258e-001 ... 0.00000000e+000
  8.39420844e-304 0.00000000e+000]
 [4.14047441e-001 7.33110497e-001 2.74385596e-001 ... 0.00000000e+000
  4.94065646e-324 0.00000000e+000]
 [4.15909641e-001 7.26948158e-001 2.71559335e-001 ... 0.00000000e+000
  0.00000000e+000 0.00000000e+000]
 ...
 [5.24272949e-001 3.61791673e-001 8.35323412e-001 ... 0.00000000e+000
  0.00000000e+000 0.00000000e+000]
 [5.23404021e-001 4.02018667e-001 8.24110155e-001 ... 0.00000000e+000
  0.00000000e+000 0.00000000e+000]
 [5.17849705e-001 4.42711645e-001 8.05754895e-001 ... 0.00000000e+000
  0.00000000e+000 0.00000000e+000]]
[-4.62738905  3.42687527  2.58624909 ... -0.00521968 -0.0052834
 -0.00515384]
[[5.01672241e-03 5.95097605e-03]
 [1.25418060e-02 3.84088243e-03]
 [2.15301003e-02 2.78404903e-03]
 [3.42809365e-02 1.87138278e-03]
 [5.10033445e-02 1.41906344e-03]
 [8.02675585e-02 8.53365323e-04]
 [1.24790970e-01 4.57273366e-04]
 [2.00459866e-01 1.30709698e-04]
 [3.03302676e-01 3.98539295e-05]
 [3.48035117e-01 2.76779557e-05]
 [3.88168896e-01 2.05988762e-05]
 [4.23494983e-01 1.65089156e-05]
 [4.83695652e-01 1.00834935e-05]]
