12
0.005
rdot
MMA
sample
[[0.70590027 1.         0.98737823 ... 0.76488178 0.68129824 0.06561907]
 [0.75709935 1.         0.98737823 ... 0.76488178 0.68129824 0.06550133]
 [0.76771265 1.         0.98737823 ... 0.76488178 0.68129824 0.06420685]
 ...
 [0.22179105 0.10612479 0.98494404 ... 0.68782473 0.44799568 0.        ]
 [0.22936649 0.17687465 0.98494404 ... 0.68782473 0.44799568 0.01645269]
 [0.23694193 0.24762451 0.98494404 ... 0.68782473 0.44799568 0.04733215]]
4784
0.0001929658061102106
1
2
[[0.36076505 0.71408496 0.27648268 ... 0.38805597 0.74305741 0.73081744]
 [0.36969954 0.68752404 0.26375409 ... 0.39766633 0.76040407 0.74891631]
 [0.37136228 0.68174489 0.26103733 ... 0.39945485 0.76360444 0.75228458]
 ...
 [0.49920156 0.36782012 0.77546185 ... 0.470214   0.27577234 0.39823503]
 [0.49837419 0.4087174  0.76505216 ... 0.46943467 0.31041167 0.43075611]
 [0.49308549 0.45008844 0.74801229 ... 0.46445307 0.34626808 0.46175384]]
[ 1.0604652   3.21337294  1.88226755 -1.8655768   1.01222495 -3.03443731
  5.16741875 -1.95206842 -0.96109857 -1.70571814  3.37005086  0.05749264
  0.20129133 -3.81488557  0.49262646  4.02932023 -3.26130388  3.17774672
 -2.33282048 -3.77652577 -2.10138446  1.80571348]
[[0.36076505 0.71408496 0.27648268 ... 0.07644267 0.12215564 0.55213432]
 [0.36969954 0.68752404 0.26375409 ... 0.06956622 0.11132061 0.57821435]
 [0.37136228 0.68174489 0.26103733 ... 0.06814049 0.10907035 0.58309173]
 ...
 [0.49920156 0.36782012 0.77546185 ... 0.60134108 0.73697227 0.07605038]
 [0.49837419 0.4087174  0.76505216 ... 0.58530481 0.73036208 0.09635541]
 [0.49308549 0.45008844 0.74801229 ... 0.55952239 0.71088515 0.11990158]]
[ 1.0604652   3.21337294  1.88226755 -1.8655768   1.01222495 -3.03443731
  5.16741875 -1.95206842 -0.96109857 -1.70571814  3.37005086  0.05749264
  0.20129133 -3.81488557  0.49262646  4.02932023 -3.26130388  3.17774672
 -2.33282048 -3.77652577 -2.10138446  1.80571348  1.27999207  1.24634627
  1.02720441  0.21294168 -1.37910819  0.10722689 -0.53328157 -0.18424967
 -1.47176247 -0.78709793 -8.09024193  0.16508071  5.68113472 -1.22465397
  2.60161567  0.58839993  0.21518272  0.16339877 -0.02957978  4.04240834
 -1.28647799  0.2053967  -0.30950063 -0.64510787  1.36160091 -0.39901013
 -0.87530869  0.68427284 -1.85522437]
[[0.36076505 0.71408496 0.27648268 ... 0.42165824 0.04947973 0.06173683]
 [0.36969954 0.68752404 0.26375409 ... 0.46243302 0.05456637 0.05196105]
 [0.37136228 0.68174489 0.26103733 ... 0.47026741 0.05555467 0.05002009]
 ...
 [0.49920156 0.36782012 0.77546185 ... 0.00518204 0.0665902  0.29041242]
 [0.49837419 0.4087174  0.76505216 ... 0.0083186  0.07248568 0.33964402]
 [0.49308549 0.45008844 0.74801229 ... 0.01288095 0.07611012 0.38316077]]
[ 1.0604652   3.21337294  1.88226755 -1.8655768   1.01222495 -3.03443731
  5.16741875 -1.95206842 -0.96109857 -1.70571814  3.37005086  0.05749264
  0.20129133 -3.81488557  0.49262646  4.02932023 -3.26130388  3.17774672
 -2.33282048 -3.77652577 -2.10138446  1.80571348  1.27999207  1.24634627
  1.02720441  0.21294168 -1.37910819  0.10722689 -0.53328157 -0.18424967
 -1.47176247 -0.78709793 -8.09024193  0.16508071  5.68113472 -1.22465397
  2.60161567  0.58839993  0.21518272  0.16339877 -0.02957978  4.04240834
 -1.28647799  0.2053967  -0.30950063 -0.64510787  1.36160091 -0.39901013
 -0.87530869  0.68427284 -1.85522437 -2.03602514  0.21151949 -1.19185118
  0.70135048 -0.22083341  0.19527997 -0.29274252 -1.49628994 -0.31447831
 -0.41989003 -0.01650281 -0.08034068 -0.66854255 -0.22499862  0.2504178
  0.14946512 -0.20178229  0.14284957 -0.89827245 -0.30122699  1.30507197
  1.26762818  0.57034631 -0.79673199 -0.23337792  1.04560951 -0.0263225
 -0.52888509 -0.71739647  0.11880562 -0.13462873 -0.07647753 -0.24712702
  0.09301076  1.68856846 -0.30740765 -0.17699968 -2.55284811  0.95331927
 -0.47044424  0.25864433  0.2215424   0.15754367  0.40982839  0.22953181
  0.99412128 -0.37222853  0.82580524 -0.89143456 -0.10950835  0.64505009
 -0.2341792   3.3147622   0.15785815]
[[3.60765053e-01 7.14084961e-01 2.76482680e-01 ... 2.58573348e-01
  9.94557096e-02 2.84950694e-01]
 [3.69699538e-01 6.87524043e-01 2.63754087e-01 ... 3.14469648e-01
  1.20955293e-01 2.72024727e-01]
 [3.71362281e-01 6.81744892e-01 2.61037334e-01 ... 3.25964027e-01
  1.25376417e-01 2.68164298e-01]
 ...
 [4.99201562e-01 3.67820115e-01 7.75461847e-01 ... 9.48448267e-05
  1.99365386e-03 1.21730191e-04]
 [4.98374187e-01 4.08717401e-01 7.65052163e-01 ... 2.06231871e-04
  3.40830128e-03 3.03145431e-04]
 [4.93085486e-01 4.50088435e-01 7.48012291e-01 ... 4.17248239e-04
  5.42154162e-03 7.02425627e-04]]
[ 1.0604652   3.21337294  1.88226755 -1.8655768   1.01222495 -3.03443731
  5.16741875 -1.95206842 -0.96109857 -1.70571814  3.37005086  0.05749264
  0.20129133 -3.81488557  0.49262646  4.02932023 -3.26130388  3.17774672
 -2.33282048 -3.77652577 -2.10138446  1.80571348  1.27999207  1.24634627
  1.02720441  0.21294168 -1.37910819  0.10722689 -0.53328157 -0.18424967
 -1.47176247 -0.78709793 -8.09024193  0.16508071  5.68113472 -1.22465397
  2.60161567  0.58839993  0.21518272  0.16339877 -0.02957978  4.04240834
 -1.28647799  0.2053967  -0.30950063 -0.64510787  1.36160091 -0.39901013
 -0.87530869  0.68427284 -1.85522437 -2.03602514  0.21151949 -1.19185118
  0.70135048 -0.22083341  0.19527997 -0.29274252 -1.49628994 -0.31447831
 -0.41989003 -0.01650281 -0.08034068 -0.66854255 -0.22499862  0.2504178
  0.14946512 -0.20178229  0.14284957 -0.89827245 -0.30122699  1.30507197
  1.26762818  0.57034631 -0.79673199 -0.23337792  1.04560951 -0.0263225
 -0.52888509 -0.71739647  0.11880562 -0.13462873 -0.07647753 -0.24712702
  0.09301076  1.68856846 -0.30740765 -0.17699968 -2.55284811  0.95331927
 -0.47044424  0.25864433  0.2215424   0.15754367  0.40982839  0.22953181
  0.99412128 -0.37222853  0.82580524 -0.89143456 -0.10950835  0.64505009
 -0.2341792   3.3147622   0.15785815 -0.21488272  0.42610301  0.38293201
 -0.23766071 -0.8312531   0.74321472  0.19173982 -0.28754525 -0.11643698
  0.60775856  0.43815194  0.08523467  0.02767228  0.04469279 -0.04397323
 -0.08767689 -0.16778459  0.02047928 -0.18373167  0.05712516 -0.15901343
  0.08419488  0.10195773  0.0409965   0.50166408  0.07151284  0.12939878
 -0.24668077 -0.03281736  0.45420667  0.24266393  0.04430747 -0.39184434
 -0.22468006  0.04758148  0.02928802 -0.03584299 -0.24895843 -0.02031702
 -0.3465699   0.31575157 -0.04932549 -0.54298042 -0.05204196  0.03036019
 -0.01056049  0.12927288  0.03738388 -0.33138889 -0.02637841 -0.248743
  0.02516464  0.12626833  0.08141889 -0.05651671 -0.05704032 -0.03292027
 -0.13079312 -0.12125473  0.22862714 -0.42492213  0.04243643]
[[3.60765053e-01 7.14084961e-01 2.76482680e-01 ... 2.88905110e-03
  8.69164559e-05 2.28564472e-03]
 [3.69699538e-01 6.87524043e-01 2.63754087e-01 ... 1.51084689e-03
  4.36150365e-05 3.38064199e-03]
 [3.71362281e-01 6.81744892e-01 2.61037334e-01 ... 1.30858994e-03
  3.74543581e-05 3.63229542e-03]
 ...
 [4.99201562e-01 3.67820115e-01 7.75461847e-01 ... 1.94679856e-05
  7.26008104e-04 1.53801688e-06]
 [4.98374187e-01 4.08717401e-01 7.65052163e-01 ... 6.24339927e-05
  1.35824017e-03 3.74146870e-06]
 [4.93085486e-01 4.50088435e-01 7.48012291e-01 ... 1.73346229e-04
  2.19990975e-03 7.87982052e-06]]
[ 1.06046520e+00  3.21337294e+00  1.88226755e+00 -1.86557680e+00
  1.01222495e+00 -3.03443731e+00  5.16741875e+00 -1.95206842e+00
 -9.61098574e-01 -1.70571814e+00  3.37005086e+00  5.74926405e-02
  2.01291331e-01 -3.81488557e+00  4.92626462e-01  4.02932023e+00
 -3.26130388e+00  3.17774672e+00 -2.33282048e+00 -3.77652577e+00
 -2.10138446e+00  1.80571348e+00  1.27999207e+00  1.24634627e+00
  1.02720441e+00  2.12941675e-01 -1.37910819e+00  1.07226886e-01
 -5.33281565e-01 -1.84249667e-01 -1.47176247e+00 -7.87097930e-01
 -8.09024193e+00  1.65080711e-01  5.68113472e+00 -1.22465397e+00
  2.60161567e+00  5.88399935e-01  2.15182723e-01  1.63398774e-01
 -2.95797764e-02  4.04240834e+00 -1.28647799e+00  2.05396702e-01
 -3.09500632e-01 -6.45107871e-01  1.36160091e+00 -3.99010132e-01
 -8.75308686e-01  6.84272836e-01 -1.85522437e+00 -2.03602514e+00
  2.11519495e-01 -1.19185118e+00  7.01350483e-01 -2.20833411e-01
  1.95279966e-01 -2.92742518e-01 -1.49628994e+00 -3.14478313e-01
 -4.19890029e-01 -1.65028138e-02 -8.03406813e-02 -6.68542545e-01
 -2.24998616e-01  2.50417800e-01  1.49465117e-01 -2.01782290e-01
  1.42849568e-01 -8.98272447e-01 -3.01226992e-01  1.30507197e+00
  1.26762818e+00  5.70346312e-01 -7.96731993e-01 -2.33377924e-01
  1.04560951e+00 -2.63225031e-02 -5.28885085e-01 -7.17396472e-01
  1.18805621e-01 -1.34628727e-01 -7.64775344e-02 -2.47127024e-01
  9.30107587e-02  1.68856846e+00 -3.07407648e-01 -1.76999675e-01
 -2.55284811e+00  9.53319275e-01 -4.70444245e-01  2.58644326e-01
  2.21542399e-01  1.57543670e-01  4.09828385e-01  2.29531814e-01
  9.94121282e-01 -3.72228525e-01  8.25805242e-01 -8.91434556e-01
 -1.09508350e-01  6.45050086e-01 -2.34179198e-01  3.31476220e+00
  1.57858150e-01 -2.14882717e-01  4.26103007e-01  3.82932008e-01
 -2.37660712e-01 -8.31253096e-01  7.43214723e-01  1.91739823e-01
 -2.87545252e-01 -1.16436976e-01  6.07758557e-01  4.38151942e-01
  8.52346654e-02  2.76722792e-02  4.46927851e-02 -4.39732252e-02
 -8.76768931e-02 -1.67784591e-01  2.04792849e-02 -1.83731668e-01
  5.71251566e-02 -1.59013433e-01  8.41948779e-02  1.01957733e-01
  4.09964951e-02  5.01664081e-01  7.15128394e-02  1.29398783e-01
 -2.46680769e-01 -3.28173631e-02  4.54206668e-01  2.42663926e-01
  4.43074694e-02 -3.91844337e-01 -2.24680064e-01  4.75814770e-02
  2.92880180e-02 -3.58429883e-02 -2.48958429e-01 -2.03170236e-02
 -3.46569903e-01  3.15751565e-01 -4.93254948e-02 -5.42980418e-01
 -5.20419565e-02  3.03601906e-02 -1.05604897e-02  1.29272880e-01
  3.73838775e-02 -3.31388895e-01 -2.63784050e-02 -2.48742997e-01
  2.51646417e-02  1.26268327e-01  8.14188885e-02 -5.65167066e-02
 -5.70403207e-02 -3.29202734e-02 -1.30793123e-01 -1.21254729e-01
  2.28627143e-01 -4.24922125e-01  4.24364275e-02 -7.21257517e-01
  2.39362231e-01  1.03104006e-01 -2.83700742e-01 -2.28642610e-01
  1.86814843e-01 -7.21859319e-02  2.48077578e-02 -2.99138319e-02
 -7.77282889e-02 -1.20124333e-01  7.68443388e-02 -1.14422798e-01
  2.34826277e-01 -2.55840353e-01  3.61955055e-02  6.85589054e-02
 -1.29912699e-01  2.77695063e-01 -4.73257148e-02  5.49172522e-03
 -4.97570805e-02  1.88797344e-02  1.03424760e-01 -1.13474234e-01
 -8.00621205e-02  6.83314410e-02  4.37289162e-02  1.12519422e-01
  1.48979186e-01 -1.45430772e-02  4.66760551e-02 -1.19669243e-02
 -2.01633265e-01  6.00993969e-02  9.37685799e-02  2.83831541e-02
 -1.53785594e-02  1.57427870e-01 -7.37796500e-02  2.23107247e-01
 -3.09606691e-02 -2.72508828e-02 -7.37086956e-02 -4.52446931e-01
  6.76898759e-01  1.17512500e-01 -8.41562975e-02  9.22243986e-02
  4.70731810e-02 -3.06230111e-02  3.47484777e-01 -1.29311831e-01
  2.58702482e-02  3.10402073e-02 -3.83011078e-02 -1.73953706e-02
  3.29380186e-02 -3.23777091e-02  4.22189509e-02  1.47371918e-01
  1.72830777e+00 -2.89497755e-02 -4.11761023e-02  2.91851067e-02
 -2.62739025e-02  3.45679495e+00 -1.70537874e+00  3.89126024e-02
 -2.33390917e-02  7.03803085e-01 -1.32161169e-01  7.57776708e-02
 -7.50067393e-02 -5.42090774e-02 -3.35912948e+00  3.35623943e-01
 -9.93247084e-01 -2.88455052e-01 -8.79294858e-02  4.67907925e-02
  5.73702834e-02]
[[3.60765053e-01 7.14084961e-01 2.76482680e-01 ... 2.29923247e-03
  1.21470434e-03 7.27133535e-04]
 [3.69699538e-01 6.87524043e-01 2.63754087e-01 ... 5.02993983e-03
  2.21273310e-03 1.59072391e-03]
 [3.71362281e-01 6.81744892e-01 2.61037334e-01 ... 5.80666199e-03
  2.45928239e-03 1.83636378e-03]
 ...
 [4.99201562e-01 3.67820115e-01 7.75461847e-01 ... 2.83455608e-17
  1.00284135e-18 4.16464442e-13]
 [4.98374187e-01 4.08717401e-01 7.65052163e-01 ... 6.33656053e-16
  4.33224500e-17 3.55738450e-12]
 [4.93085486e-01 4.50088435e-01 7.48012291e-01 ... 1.06171637e-14
  1.40274968e-15 2.27756133e-11]]
[ 1.06046520e+00  3.21337294e+00  1.88226755e+00 -1.86557680e+00
  1.01222495e+00 -3.03443731e+00  5.16741875e+00 -1.95206842e+00
 -9.61098574e-01 -1.70571814e+00  3.37005086e+00  5.74926405e-02
  2.01291331e-01 -3.81488557e+00  4.92626462e-01  4.02932023e+00
 -3.26130388e+00  3.17774672e+00 -2.33282048e+00 -3.77652577e+00
 -2.10138446e+00  1.80571348e+00  1.27999207e+00  1.24634627e+00
  1.02720441e+00  2.12941675e-01 -1.37910819e+00  1.07226886e-01
 -5.33281565e-01 -1.84249667e-01 -1.47176247e+00 -7.87097930e-01
 -8.09024193e+00  1.65080711e-01  5.68113472e+00 -1.22465397e+00
  2.60161567e+00  5.88399935e-01  2.15182723e-01  1.63398774e-01
 -2.95797764e-02  4.04240834e+00 -1.28647799e+00  2.05396702e-01
 -3.09500632e-01 -6.45107871e-01  1.36160091e+00 -3.99010132e-01
 -8.75308686e-01  6.84272836e-01 -1.85522437e+00 -2.03602514e+00
  2.11519495e-01 -1.19185118e+00  7.01350483e-01 -2.20833411e-01
  1.95279966e-01 -2.92742518e-01 -1.49628994e+00 -3.14478313e-01
 -4.19890029e-01 -1.65028138e-02 -8.03406813e-02 -6.68542545e-01
 -2.24998616e-01  2.50417800e-01  1.49465117e-01 -2.01782290e-01
  1.42849568e-01 -8.98272447e-01 -3.01226992e-01  1.30507197e+00
  1.26762818e+00  5.70346312e-01 -7.96731993e-01 -2.33377924e-01
  1.04560951e+00 -2.63225031e-02 -5.28885085e-01 -7.17396472e-01
  1.18805621e-01 -1.34628727e-01 -7.64775344e-02 -2.47127024e-01
  9.30107587e-02  1.68856846e+00 -3.07407648e-01 -1.76999675e-01
 -2.55284811e+00  9.53319275e-01 -4.70444245e-01  2.58644326e-01
  2.21542399e-01  1.57543670e-01  4.09828385e-01  2.29531814e-01
  9.94121282e-01 -3.72228525e-01  8.25805242e-01 -8.91434556e-01
 -1.09508350e-01  6.45050086e-01 -2.34179198e-01  3.31476220e+00
  1.57858150e-01 -2.14882717e-01  4.26103007e-01  3.82932008e-01
 -2.37660712e-01 -8.31253096e-01  7.43214723e-01  1.91739823e-01
 -2.87545252e-01 -1.16436976e-01  6.07758557e-01  4.38151942e-01
  8.52346654e-02  2.76722792e-02  4.46927851e-02 -4.39732252e-02
 -8.76768931e-02 -1.67784591e-01  2.04792849e-02 -1.83731668e-01
  5.71251566e-02 -1.59013433e-01  8.41948779e-02  1.01957733e-01
  4.09964951e-02  5.01664081e-01  7.15128394e-02  1.29398783e-01
 -2.46680769e-01 -3.28173631e-02  4.54206668e-01  2.42663926e-01
  4.43074694e-02 -3.91844337e-01 -2.24680064e-01  4.75814770e-02
  2.92880180e-02 -3.58429883e-02 -2.48958429e-01 -2.03170236e-02
 -3.46569903e-01  3.15751565e-01 -4.93254948e-02 -5.42980418e-01
 -5.20419565e-02  3.03601906e-02 -1.05604897e-02  1.29272880e-01
  3.73838775e-02 -3.31388895e-01 -2.63784050e-02 -2.48742997e-01
  2.51646417e-02  1.26268327e-01  8.14188885e-02 -5.65167066e-02
 -5.70403207e-02 -3.29202734e-02 -1.30793123e-01 -1.21254729e-01
  2.28627143e-01 -4.24922125e-01  4.24364275e-02 -7.21257517e-01
  2.39362231e-01  1.03104006e-01 -2.83700742e-01 -2.28642610e-01
  1.86814843e-01 -7.21859319e-02  2.48077578e-02 -2.99138319e-02
 -7.77282889e-02 -1.20124333e-01  7.68443388e-02 -1.14422798e-01
  2.34826277e-01 -2.55840353e-01  3.61955055e-02  6.85589054e-02
 -1.29912699e-01  2.77695063e-01 -4.73257148e-02  5.49172522e-03
 -4.97570805e-02  1.88797344e-02  1.03424760e-01 -1.13474234e-01
 -8.00621205e-02  6.83314410e-02  4.37289162e-02  1.12519422e-01
  1.48979186e-01 -1.45430772e-02  4.66760551e-02 -1.19669243e-02
 -2.01633265e-01  6.00993969e-02  9.37685799e-02  2.83831541e-02
 -1.53785594e-02  1.57427870e-01 -7.37796500e-02  2.23107247e-01
 -3.09606691e-02 -2.72508828e-02 -7.37086956e-02 -4.52446931e-01
  6.76898759e-01  1.17512500e-01 -8.41562975e-02  9.22243986e-02
  4.70731810e-02 -3.06230111e-02  3.47484777e-01 -1.29311831e-01
  2.58702482e-02  3.10402073e-02 -3.83011078e-02 -1.73953706e-02
  3.29380186e-02 -3.23777091e-02  4.22189509e-02  1.47371918e-01
  1.72830777e+00 -2.89497755e-02 -4.11761023e-02  2.91851067e-02
 -2.62739025e-02  3.45679495e+00 -1.70537874e+00  3.89126024e-02
 -2.33390917e-02  7.03803085e-01 -1.32161169e-01  7.57776708e-02
 -7.50067393e-02 -5.42090774e-02 -3.35912948e+00  3.35623943e-01
 -9.93247084e-01 -2.88455052e-01 -8.79294858e-02  4.67907925e-02
  5.73702834e-02 -9.23863002e-02  1.05113325e-01 -3.96675030e-02
  2.40200532e-01  6.80612896e-01 -7.52442909e-02  1.70000368e-01
 -2.77862790e-01  3.29020145e-02 -2.10717768e-01  1.69784120e-01
  5.64904695e-02 -1.54000740e-01 -5.74596071e-01  4.07637021e-01
 -1.37683682e-01  4.97874232e-02 -3.81041914e-02  6.31893830e-02
 -2.01686599e-02  1.19206645e-01 -1.38902034e-01  4.50073093e-02
 -1.69331343e-02  5.81834295e-02 -1.01200167e-01  1.65096094e-01
 -2.03600937e-01  2.52183447e-01 -1.67131927e-02  3.90106106e-02
 -2.56336488e-01  1.00844072e-01 -1.64051000e-01  2.36310545e-01
  1.32091403e-01 -5.78444730e-02 -1.76711393e-02 -7.08618159e-02
  6.23573680e-02 -4.98035397e-01 -1.61778606e-01  1.38988322e-01
 -1.24698260e-01  7.22774826e-02 -4.42070446e-02  8.48159704e-02
  5.42204845e-02 -2.25340326e-02 -1.98976443e-02 -1.78719726e-01
  1.92054107e-01  8.68467334e-02 -1.01097845e-01 -1.68196621e-01
  8.37829674e-02 -4.15759157e-02 -1.19304589e-01 -1.58623978e-01
 -1.45022460e-02 -8.45872457e-02  2.35793761e-02 -7.74280117e-03
  4.97032824e-02 -5.01701446e-02  2.24158386e-02 -1.61917461e-02
 -2.37213279e-02  4.21843475e-01  4.39575553e-01 -2.79469368e-01
  5.71043024e-02 -2.73035806e-01  2.49404734e-02  5.22509115e-02
  1.15154951e-02  6.35681391e-02 -5.27616712e-02  7.06905387e-02
 -1.72903361e-02  5.57461637e-02]
[[3.60765053e-01 7.14084961e-01 2.76482680e-01 ... 3.69307076e-21
  1.20653102e-09 3.84923430e-26]
 [3.69699538e-01 6.87524043e-01 2.63754087e-01 ... 1.76746622e-20
  9.40353995e-11 2.05941754e-27]
 [3.71362281e-01 6.81744892e-01 2.61037334e-01 ... 2.35547987e-20
  5.33743716e-11 1.08122826e-27]
 ...
 [4.99201562e-01 3.67820115e-01 7.75461847e-01 ... 1.52744180e-21
  1.52552175e-17 4.99266031e-04]
 [4.98374187e-01 4.08717401e-01 7.65052163e-01 ... 5.93519068e-21
  2.76295702e-15 6.66109500e-04]
 [4.93085486e-01 4.50088435e-01 7.48012291e-01 ... 1.29561946e-20
  2.81127051e-13 4.99266031e-04]]
[ 1.06046520e+00  3.21337294e+00  1.88226755e+00 -1.86557680e+00
  1.01222495e+00 -3.03443731e+00  5.16741875e+00 -1.95206842e+00
 -9.61098574e-01 -1.70571814e+00  3.37005086e+00  5.74926405e-02
  2.01291331e-01 -3.81488557e+00  4.92626462e-01  4.02932023e+00
 -3.26130388e+00  3.17774672e+00 -2.33282048e+00 -3.77652577e+00
 -2.10138446e+00  1.80571348e+00  1.27999207e+00  1.24634627e+00
  1.02720441e+00  2.12941675e-01 -1.37910819e+00  1.07226886e-01
 -5.33281565e-01 -1.84249667e-01 -1.47176247e+00 -7.87097930e-01
 -8.09024193e+00  1.65080711e-01  5.68113472e+00 -1.22465397e+00
  2.60161567e+00  5.88399935e-01  2.15182723e-01  1.63398774e-01
 -2.95797764e-02  4.04240834e+00 -1.28647799e+00  2.05396702e-01
 -3.09500632e-01 -6.45107871e-01  1.36160091e+00 -3.99010132e-01
 -8.75308686e-01  6.84272836e-01 -1.85522437e+00 -2.03602514e+00
  2.11519495e-01 -1.19185118e+00  7.01350483e-01 -2.20833411e-01
  1.95279966e-01 -2.92742518e-01 -1.49628994e+00 -3.14478313e-01
 -4.19890029e-01 -1.65028138e-02 -8.03406813e-02 -6.68542545e-01
 -2.24998616e-01  2.50417800e-01  1.49465117e-01 -2.01782290e-01
  1.42849568e-01 -8.98272447e-01 -3.01226992e-01  1.30507197e+00
  1.26762818e+00  5.70346312e-01 -7.96731993e-01 -2.33377924e-01
  1.04560951e+00 -2.63225031e-02 -5.28885085e-01 -7.17396472e-01
  1.18805621e-01 -1.34628727e-01 -7.64775344e-02 -2.47127024e-01
  9.30107587e-02  1.68856846e+00 -3.07407648e-01 -1.76999675e-01
 -2.55284811e+00  9.53319275e-01 -4.70444245e-01  2.58644326e-01
  2.21542399e-01  1.57543670e-01  4.09828385e-01  2.29531814e-01
  9.94121282e-01 -3.72228525e-01  8.25805242e-01 -8.91434556e-01
 -1.09508350e-01  6.45050086e-01 -2.34179198e-01  3.31476220e+00
  1.57858150e-01 -2.14882717e-01  4.26103007e-01  3.82932008e-01
 -2.37660712e-01 -8.31253096e-01  7.43214723e-01  1.91739823e-01
 -2.87545252e-01 -1.16436976e-01  6.07758557e-01  4.38151942e-01
  8.52346654e-02  2.76722792e-02  4.46927851e-02 -4.39732252e-02
 -8.76768931e-02 -1.67784591e-01  2.04792849e-02 -1.83731668e-01
  5.71251566e-02 -1.59013433e-01  8.41948779e-02  1.01957733e-01
  4.09964951e-02  5.01664081e-01  7.15128394e-02  1.29398783e-01
 -2.46680769e-01 -3.28173631e-02  4.54206668e-01  2.42663926e-01
  4.43074694e-02 -3.91844337e-01 -2.24680064e-01  4.75814770e-02
  2.92880180e-02 -3.58429883e-02 -2.48958429e-01 -2.03170236e-02
 -3.46569903e-01  3.15751565e-01 -4.93254948e-02 -5.42980418e-01
 -5.20419565e-02  3.03601906e-02 -1.05604897e-02  1.29272880e-01
  3.73838775e-02 -3.31388895e-01 -2.63784050e-02 -2.48742997e-01
  2.51646417e-02  1.26268327e-01  8.14188885e-02 -5.65167066e-02
 -5.70403207e-02 -3.29202734e-02 -1.30793123e-01 -1.21254729e-01
  2.28627143e-01 -4.24922125e-01  4.24364275e-02 -7.21257517e-01
  2.39362231e-01  1.03104006e-01 -2.83700742e-01 -2.28642610e-01
  1.86814843e-01 -7.21859319e-02  2.48077578e-02 -2.99138319e-02
 -7.77282889e-02 -1.20124333e-01  7.68443388e-02 -1.14422798e-01
  2.34826277e-01 -2.55840353e-01  3.61955055e-02  6.85589054e-02
 -1.29912699e-01  2.77695063e-01 -4.73257148e-02  5.49172522e-03
 -4.97570805e-02  1.88797344e-02  1.03424760e-01 -1.13474234e-01
 -8.00621205e-02  6.83314410e-02  4.37289162e-02  1.12519422e-01
  1.48979186e-01 -1.45430772e-02  4.66760551e-02 -1.19669243e-02
 -2.01633265e-01  6.00993969e-02  9.37685799e-02  2.83831541e-02
 -1.53785594e-02  1.57427870e-01 -7.37796500e-02  2.23107247e-01
 -3.09606691e-02 -2.72508828e-02 -7.37086956e-02 -4.52446931e-01
  6.76898759e-01  1.17512500e-01 -8.41562975e-02  9.22243986e-02
  4.70731810e-02 -3.06230111e-02  3.47484777e-01 -1.29311831e-01
  2.58702482e-02  3.10402073e-02 -3.83011078e-02 -1.73953706e-02
  3.29380186e-02 -3.23777091e-02  4.22189509e-02  1.47371918e-01
  1.72830777e+00 -2.89497755e-02 -4.11761023e-02  2.91851067e-02
 -2.62739025e-02  3.45679495e+00 -1.70537874e+00  3.89126024e-02
 -2.33390917e-02  7.03803085e-01 -1.32161169e-01  7.57776708e-02
 -7.50067393e-02 -5.42090774e-02 -3.35912948e+00  3.35623943e-01
 -9.93247084e-01 -2.88455052e-01 -8.79294858e-02  4.67907925e-02
  5.73702834e-02 -9.23863002e-02  1.05113325e-01 -3.96675030e-02
  2.40200532e-01  6.80612896e-01 -7.52442909e-02  1.70000368e-01
 -2.77862790e-01  3.29020145e-02 -2.10717768e-01  1.69784120e-01
  5.64904695e-02 -1.54000740e-01 -5.74596071e-01  4.07637021e-01
 -1.37683682e-01  4.97874232e-02 -3.81041914e-02  6.31893830e-02
 -2.01686599e-02  1.19206645e-01 -1.38902034e-01  4.50073093e-02
 -1.69331343e-02  5.81834295e-02 -1.01200167e-01  1.65096094e-01
 -2.03600937e-01  2.52183447e-01 -1.67131927e-02  3.90106106e-02
 -2.56336488e-01  1.00844072e-01 -1.64051000e-01  2.36310545e-01
  1.32091403e-01 -5.78444730e-02 -1.76711393e-02 -7.08618159e-02
  6.23573680e-02 -4.98035397e-01 -1.61778606e-01  1.38988322e-01
 -1.24698260e-01  7.22774826e-02 -4.42070446e-02  8.48159704e-02
  5.42204845e-02 -2.25340326e-02 -1.98976443e-02 -1.78719726e-01
  1.92054107e-01  8.68467334e-02 -1.01097845e-01 -1.68196621e-01
  8.37829674e-02 -4.15759157e-02 -1.19304589e-01 -1.58623978e-01
 -1.45022460e-02 -8.45872457e-02  2.35793761e-02 -7.74280117e-03
  4.97032824e-02 -5.01701446e-02  2.24158386e-02 -1.61917461e-02
 -2.37213279e-02  4.21843475e-01  4.39575553e-01 -2.79469368e-01
  5.71043024e-02 -2.73035806e-01  2.49404734e-02  5.22509115e-02
  1.15154951e-02  6.35681391e-02 -5.27616712e-02  7.06905387e-02
 -1.72903361e-02  5.57461637e-02  4.13008834e-01 -1.24539192e-01
 -1.43063889e-02  1.60825009e-01 -1.74803236e-01  1.41178053e-01
 -3.04870855e-01 -2.44044179e-02  7.20960790e-02 -2.86282979e-01
 -9.75729574e-02  3.00414379e-01 -3.98288149e-02 -2.55699032e-01
  4.49867213e-01 -3.27715898e-02  2.01588069e-01 -1.21686907e-01
  2.97874004e-02 -2.50087217e-02  4.40072369e-02 -1.11549631e-01
  1.70230876e-01 -4.27344307e-02 -7.33322279e-02  9.72528035e-02
 -1.84453111e-02 -6.85465918e-02  4.52694154e-02  8.22983094e-02
 -5.91714397e-02  5.07271614e-02 -9.25680993e-02  6.94655896e-02
  1.69211042e-01  1.04107645e-02  8.67895827e-03 -1.93264756e-02
 -5.39099822e-02  3.65063373e-01 -2.07313372e-02 -7.25238346e-02
  2.74584161e-02  3.07324290e-01 -9.52121551e-02 -2.93308584e-01
  3.70762703e-02 -1.70008940e-01  9.41111733e-02 -4.01795889e-02
 -4.60902930e-02 -3.54069148e-01  2.56187616e-02  4.57834302e-02
  1.16144396e-02 -2.05785536e-02 -3.22725029e-02  3.58813500e-01
 -3.37508642e-02  1.13125450e-02 -2.47698635e-02  7.97570563e-01
 -8.77467095e-01 -2.79319417e-02  1.83348370e-02 -6.98108803e-02
  9.97392441e-02 -1.12874533e-01  1.54421127e-01 -1.37447001e-01
  9.42227169e-02 -5.81393025e-02  1.64149212e-01  3.09321367e-02
 -2.13302948e-02 -2.92397040e-02 -2.78237403e-01  3.29406897e-01
 -1.01838308e-01  7.07174634e-02 -1.55963059e-02  3.45421486e-02
 -9.30030464e-02 -6.33175213e-02  9.52669497e-02 -4.44640097e-02
  2.17107574e-02  6.33630203e-02  6.48945506e-01  1.32004764e-01
 -4.85598832e-01 -4.41797557e-01  4.26295377e-02 -4.53909294e-02
 -3.51726259e-01 -6.44412262e-02 -4.78518015e-02  1.57924746e-02
 -8.76272171e-02  5.18403696e-02 -2.67654769e-02 -4.21557249e-02
  4.24198446e-02  3.05530709e-01 -1.12793670e-01  7.43904794e-02
 -7.81294096e-02  7.19312533e-02 -5.34531196e-02 -4.58693512e-02
 -1.73453119e-01  5.14378924e-02 -2.45304132e-02 -7.67496224e-02
 -5.56354273e-01  9.39261355e-02 -4.78920563e-02  9.12450769e-01
  8.86150960e-02  2.26635844e-02 -1.23157905e-02  5.50390079e-01
 -3.90295256e-01 -2.73776299e-01  6.53070372e-02  2.45326778e-01
 -2.14297338e-02 -1.79408720e-01 -4.42628462e-02  2.14239788e-02
 -1.92140581e-01  1.23054296e-01  2.90771032e-02  3.20660435e-02
  1.56084132e-01  2.50921172e-02 -3.05007563e-02  8.00973037e-02
  8.38215692e-02  5.21118637e-02 -3.84544716e-02  4.85421417e-02
  2.85660393e-02 -2.36472027e-01 -4.23168149e-02  4.05870396e-02
 -3.48491231e-02 -1.42328619e-02  9.98187322e-02 -2.22862838e-01
  2.96747029e-02  8.71124369e-02 -6.34144337e-02  2.55031429e-02
 -1.32425912e-02  1.32207907e-02 -4.53006586e-02 -2.70491394e-01
  7.00674085e-02 -3.59599702e-02 -1.05850876e-02 -5.84670340e-02
 -1.88998195e-02  5.47402513e-02 -4.95219180e-02 -4.14218376e-02
 -3.30114534e-02  3.07809897e-01  3.49039040e-02 -1.09728113e-02
 -2.53951651e-01  5.77665099e-02 -2.20788035e-02  4.31688856e-02
 -7.96345800e-02  4.96747692e-02 -4.36450918e-02 -2.39666335e-02
 -2.32973030e-02]
[[3.60765053e-01 7.14084961e-01 2.76482680e-01 ... 2.50878547e-29
  8.53206160e-53 1.32687767e-08]
 [3.69699538e-01 6.87524043e-01 2.63754087e-01 ... 5.74629992e-28
  2.44227240e-55 7.66582800e-10]
 [3.71362281e-01 6.81744892e-01 2.61037334e-01 ... 1.02057372e-27
  6.73193735e-56 3.93932994e-10]
 ...
 [4.99201562e-01 3.67820115e-01 7.75461847e-01 ... 3.63054800e-46
  1.84691116e-09 9.93627429e-47]
 [4.98374187e-01 4.08717401e-01 7.65052163e-01 ... 1.02578627e-43
  3.28755648e-09 1.59140651e-40]
 [4.93085486e-01 4.50088435e-01 7.48012291e-01 ... 9.14717829e-42
  1.84691116e-09 8.04422582e-35]]
[ 1.06046520e+00  3.21337294e+00  1.88226755e+00 -1.86557680e+00
  1.01222495e+00 -3.03443731e+00  5.16741875e+00 -1.95206842e+00
 -9.61098574e-01 -1.70571814e+00  3.37005086e+00  5.74926405e-02
  2.01291331e-01 -3.81488557e+00  4.92626462e-01  4.02932023e+00
 -3.26130388e+00  3.17774672e+00 -2.33282048e+00 -3.77652577e+00
 -2.10138446e+00  1.80571348e+00  1.27999207e+00  1.24634627e+00
  1.02720441e+00  2.12941675e-01 -1.37910819e+00  1.07226886e-01
 -5.33281565e-01 -1.84249667e-01 -1.47176247e+00 -7.87097930e-01
 -8.09024193e+00  1.65080711e-01  5.68113472e+00 -1.22465397e+00
  2.60161567e+00  5.88399935e-01  2.15182723e-01  1.63398774e-01
 -2.95797764e-02  4.04240834e+00 -1.28647799e+00  2.05396702e-01
 -3.09500632e-01 -6.45107871e-01  1.36160091e+00 -3.99010132e-01
 -8.75308686e-01  6.84272836e-01 -1.85522437e+00 -2.03602514e+00
  2.11519495e-01 -1.19185118e+00  7.01350483e-01 -2.20833411e-01
  1.95279966e-01 -2.92742518e-01 -1.49628994e+00 -3.14478313e-01
 -4.19890029e-01 -1.65028138e-02 -8.03406813e-02 -6.68542545e-01
 -2.24998616e-01  2.50417800e-01  1.49465117e-01 -2.01782290e-01
  1.42849568e-01 -8.98272447e-01 -3.01226992e-01  1.30507197e+00
  1.26762818e+00  5.70346312e-01 -7.96731993e-01 -2.33377924e-01
  1.04560951e+00 -2.63225031e-02 -5.28885085e-01 -7.17396472e-01
  1.18805621e-01 -1.34628727e-01 -7.64775344e-02 -2.47127024e-01
  9.30107587e-02  1.68856846e+00 -3.07407648e-01 -1.76999675e-01
 -2.55284811e+00  9.53319275e-01 -4.70444245e-01  2.58644326e-01
  2.21542399e-01  1.57543670e-01  4.09828385e-01  2.29531814e-01
  9.94121282e-01 -3.72228525e-01  8.25805242e-01 -8.91434556e-01
 -1.09508350e-01  6.45050086e-01 -2.34179198e-01  3.31476220e+00
  1.57858150e-01 -2.14882717e-01  4.26103007e-01  3.82932008e-01
 -2.37660712e-01 -8.31253096e-01  7.43214723e-01  1.91739823e-01
 -2.87545252e-01 -1.16436976e-01  6.07758557e-01  4.38151942e-01
  8.52346654e-02  2.76722792e-02  4.46927851e-02 -4.39732252e-02
 -8.76768931e-02 -1.67784591e-01  2.04792849e-02 -1.83731668e-01
  5.71251566e-02 -1.59013433e-01  8.41948779e-02  1.01957733e-01
  4.09964951e-02  5.01664081e-01  7.15128394e-02  1.29398783e-01
 -2.46680769e-01 -3.28173631e-02  4.54206668e-01  2.42663926e-01
  4.43074694e-02 -3.91844337e-01 -2.24680064e-01  4.75814770e-02
  2.92880180e-02 -3.58429883e-02 -2.48958429e-01 -2.03170236e-02
 -3.46569903e-01  3.15751565e-01 -4.93254948e-02 -5.42980418e-01
 -5.20419565e-02  3.03601906e-02 -1.05604897e-02  1.29272880e-01
  3.73838775e-02 -3.31388895e-01 -2.63784050e-02 -2.48742997e-01
  2.51646417e-02  1.26268327e-01  8.14188885e-02 -5.65167066e-02
 -5.70403207e-02 -3.29202734e-02 -1.30793123e-01 -1.21254729e-01
  2.28627143e-01 -4.24922125e-01  4.24364275e-02 -7.21257517e-01
  2.39362231e-01  1.03104006e-01 -2.83700742e-01 -2.28642610e-01
  1.86814843e-01 -7.21859319e-02  2.48077578e-02 -2.99138319e-02
 -7.77282889e-02 -1.20124333e-01  7.68443388e-02 -1.14422798e-01
  2.34826277e-01 -2.55840353e-01  3.61955055e-02  6.85589054e-02
 -1.29912699e-01  2.77695063e-01 -4.73257148e-02  5.49172522e-03
 -4.97570805e-02  1.88797344e-02  1.03424760e-01 -1.13474234e-01
 -8.00621205e-02  6.83314410e-02  4.37289162e-02  1.12519422e-01
  1.48979186e-01 -1.45430772e-02  4.66760551e-02 -1.19669243e-02
 -2.01633265e-01  6.00993969e-02  9.37685799e-02  2.83831541e-02
 -1.53785594e-02  1.57427870e-01 -7.37796500e-02  2.23107247e-01
 -3.09606691e-02 -2.72508828e-02 -7.37086956e-02 -4.52446931e-01
  6.76898759e-01  1.17512500e-01 -8.41562975e-02  9.22243986e-02
  4.70731810e-02 -3.06230111e-02  3.47484777e-01 -1.29311831e-01
  2.58702482e-02  3.10402073e-02 -3.83011078e-02 -1.73953706e-02
  3.29380186e-02 -3.23777091e-02  4.22189509e-02  1.47371918e-01
  1.72830777e+00 -2.89497755e-02 -4.11761023e-02  2.91851067e-02
 -2.62739025e-02  3.45679495e+00 -1.70537874e+00  3.89126024e-02
 -2.33390917e-02  7.03803085e-01 -1.32161169e-01  7.57776708e-02
 -7.50067393e-02 -5.42090774e-02 -3.35912948e+00  3.35623943e-01
 -9.93247084e-01 -2.88455052e-01 -8.79294858e-02  4.67907925e-02
  5.73702834e-02 -9.23863002e-02  1.05113325e-01 -3.96675030e-02
  2.40200532e-01  6.80612896e-01 -7.52442909e-02  1.70000368e-01
 -2.77862790e-01  3.29020145e-02 -2.10717768e-01  1.69784120e-01
  5.64904695e-02 -1.54000740e-01 -5.74596071e-01  4.07637021e-01
 -1.37683682e-01  4.97874232e-02 -3.81041914e-02  6.31893830e-02
 -2.01686599e-02  1.19206645e-01 -1.38902034e-01  4.50073093e-02
 -1.69331343e-02  5.81834295e-02 -1.01200167e-01  1.65096094e-01
 -2.03600937e-01  2.52183447e-01 -1.67131927e-02  3.90106106e-02
 -2.56336488e-01  1.00844072e-01 -1.64051000e-01  2.36310545e-01
  1.32091403e-01 -5.78444730e-02 -1.76711393e-02 -7.08618159e-02
  6.23573680e-02 -4.98035397e-01 -1.61778606e-01  1.38988322e-01
 -1.24698260e-01  7.22774826e-02 -4.42070446e-02  8.48159704e-02
  5.42204845e-02 -2.25340326e-02 -1.98976443e-02 -1.78719726e-01
  1.92054107e-01  8.68467334e-02 -1.01097845e-01 -1.68196621e-01
  8.37829674e-02 -4.15759157e-02 -1.19304589e-01 -1.58623978e-01
 -1.45022460e-02 -8.45872457e-02  2.35793761e-02 -7.74280117e-03
  4.97032824e-02 -5.01701446e-02  2.24158386e-02 -1.61917461e-02
 -2.37213279e-02  4.21843475e-01  4.39575553e-01 -2.79469368e-01
  5.71043024e-02 -2.73035806e-01  2.49404734e-02  5.22509115e-02
  1.15154951e-02  6.35681391e-02 -5.27616712e-02  7.06905387e-02
 -1.72903361e-02  5.57461637e-02  4.13008834e-01 -1.24539192e-01
 -1.43063889e-02  1.60825009e-01 -1.74803236e-01  1.41178053e-01
 -3.04870855e-01 -2.44044179e-02  7.20960790e-02 -2.86282979e-01
 -9.75729574e-02  3.00414379e-01 -3.98288149e-02 -2.55699032e-01
  4.49867213e-01 -3.27715898e-02  2.01588069e-01 -1.21686907e-01
  2.97874004e-02 -2.50087217e-02  4.40072369e-02 -1.11549631e-01
  1.70230876e-01 -4.27344307e-02 -7.33322279e-02  9.72528035e-02
 -1.84453111e-02 -6.85465918e-02  4.52694154e-02  8.22983094e-02
 -5.91714397e-02  5.07271614e-02 -9.25680993e-02  6.94655896e-02
  1.69211042e-01  1.04107645e-02  8.67895827e-03 -1.93264756e-02
 -5.39099822e-02  3.65063373e-01 -2.07313372e-02 -7.25238346e-02
  2.74584161e-02  3.07324290e-01 -9.52121551e-02 -2.93308584e-01
  3.70762703e-02 -1.70008940e-01  9.41111733e-02 -4.01795889e-02
 -4.60902930e-02 -3.54069148e-01  2.56187616e-02  4.57834302e-02
  1.16144396e-02 -2.05785536e-02 -3.22725029e-02  3.58813500e-01
 -3.37508642e-02  1.13125450e-02 -2.47698635e-02  7.97570563e-01
 -8.77467095e-01 -2.79319417e-02  1.83348370e-02 -6.98108803e-02
  9.97392441e-02 -1.12874533e-01  1.54421127e-01 -1.37447001e-01
  9.42227169e-02 -5.81393025e-02  1.64149212e-01  3.09321367e-02
 -2.13302948e-02 -2.92397040e-02 -2.78237403e-01  3.29406897e-01
 -1.01838308e-01  7.07174634e-02 -1.55963059e-02  3.45421486e-02
 -9.30030464e-02 -6.33175213e-02  9.52669497e-02 -4.44640097e-02
  2.17107574e-02  6.33630203e-02  6.48945506e-01  1.32004764e-01
 -4.85598832e-01 -4.41797557e-01  4.26295377e-02 -4.53909294e-02
 -3.51726259e-01 -6.44412262e-02 -4.78518015e-02  1.57924746e-02
 -8.76272171e-02  5.18403696e-02 -2.67654769e-02 -4.21557249e-02
  4.24198446e-02  3.05530709e-01 -1.12793670e-01  7.43904794e-02
 -7.81294096e-02  7.19312533e-02 -5.34531196e-02 -4.58693512e-02
 -1.73453119e-01  5.14378924e-02 -2.45304132e-02 -7.67496224e-02
 -5.56354273e-01  9.39261355e-02 -4.78920563e-02  9.12450769e-01
  8.86150960e-02  2.26635844e-02 -1.23157905e-02  5.50390079e-01
 -3.90295256e-01 -2.73776299e-01  6.53070372e-02  2.45326778e-01
 -2.14297338e-02 -1.79408720e-01 -4.42628462e-02  2.14239788e-02
 -1.92140581e-01  1.23054296e-01  2.90771032e-02  3.20660435e-02
  1.56084132e-01  2.50921172e-02 -3.05007563e-02  8.00973037e-02
  8.38215692e-02  5.21118637e-02 -3.84544716e-02  4.85421417e-02
  2.85660393e-02 -2.36472027e-01 -4.23168149e-02  4.05870396e-02
 -3.48491231e-02 -1.42328619e-02  9.98187322e-02 -2.22862838e-01
  2.96747029e-02  8.71124369e-02 -6.34144337e-02  2.55031429e-02
 -1.32425912e-02  1.32207907e-02 -4.53006586e-02 -2.70491394e-01
  7.00674085e-02 -3.59599702e-02 -1.05850876e-02 -5.84670340e-02
 -1.88998195e-02  5.47402513e-02 -4.95219180e-02 -4.14218376e-02
 -3.30114534e-02  3.07809897e-01  3.49039040e-02 -1.09728113e-02
 -2.53951651e-01  5.77665099e-02 -2.20788035e-02  4.31688856e-02
 -7.96345800e-02  4.96747692e-02 -4.36450918e-02 -2.39666335e-02
 -2.32973030e-02  2.87803039e-01 -1.41790843e-01 -1.09638649e-01
  2.87835029e-01 -1.51151239e-01 -1.12708027e-01  3.14927396e-01
 -7.55546932e-02 -1.90289276e-01  9.51909103e-02  2.11070041e-01
 -1.08242919e-01  2.68222674e-02  1.25018632e-01 -8.63662908e-02
  3.10150486e-01 -1.77322554e-01 -1.34152990e-01  2.48120913e-01
  6.97334284e-02 -1.27094194e-01 -1.08979088e-01 -8.07191073e-02
  2.12278202e-02  2.45424610e-01 -1.16961315e-01 -1.29485561e-01
  3.72188516e-02  2.10377348e-01 -1.04839469e-01  2.35253906e-02
  2.44793294e-01 -1.34642065e-01 -1.93314343e-02  4.08696894e-02
 -1.88609631e-02 -8.54390742e-02  2.59091546e-02  1.81005106e-02
  2.28834906e-01  6.06321645e-02  1.89088919e-01 -1.16631732e-01
 -5.13515922e-02  1.63038436e-02  2.75701380e-02 -6.54028418e-02
 -6.41643630e-02  1.11552055e-01 -5.04610025e-02  6.28800819e-02
 -4.04643026e-02  2.56306051e-01 -1.51879737e-01 -1.29819144e-01
  4.02213584e-02 -1.89716002e-01  2.90697933e-02  2.90932973e-01
 -1.95045200e-01  5.31124383e-02  1.37889692e-01 -9.25764202e-02
 -9.21150532e-02  1.13816443e-01 -6.93752044e-02 -9.30101429e-02
  1.58248977e-01 -7.95723519e-02 -8.51603849e-02  5.33554287e-02
  2.39495045e-01 -1.24851089e-01 -1.38871919e-01  2.89405875e-01
 -1.58932898e-01 -1.33860684e-01 -1.75839453e-01  9.12269194e-02
 -4.73287141e-02  1.48801003e-01  2.23542442e-02 -3.29629999e-02
  4.12664016e-02 -1.34755965e-01  2.12545045e-01 -8.91297194e-02
 -4.41417022e-02 -1.07252429e-01  5.47105021e-02  1.48625193e-01
 -7.94493853e-02 -6.84134387e-02 -5.05416085e-02  4.38330037e-02
 -4.33062086e-02 -4.26521959e-02 -1.06298387e-01 -1.65315622e-02
  2.01268873e-02  1.99825100e-02  1.14143848e-01 -4.08909497e-02
  2.05887757e-01 -1.12604261e-01 -8.51917064e-02  4.18532036e-02
  1.96281145e-02 -1.91883936e-02 -4.94108315e-02  2.20666757e-01
 -1.06171950e-01 -1.31440808e-01  2.41663845e-02  2.27044677e-02
 -4.39456293e-02  4.21745030e-02  3.80782245e-02 -1.20596351e-01
 -1.20053082e-01  2.35055998e-02  3.78363652e-02 -1.07102238e-01
  1.35847685e-01 -7.97063296e-02  1.97619418e-02  1.60463802e-02
  4.18311389e-02  1.61650864e-02 -2.06240118e-02 -1.72644193e-02
  1.95967191e-01  2.46623574e-02 -1.15977026e-01  2.03185103e-01
 -1.15222888e-01  1.35806680e-02  2.99111549e-02 -1.38835526e-02
  3.49790412e-02  2.79338864e-02 -3.36460870e-02  1.84527931e-02
  3.17009081e-02 -3.84338959e-02  1.59449995e-02 -3.71806138e-02
  3.42309922e-02  1.52384245e-02 -3.82940616e-02  7.53364140e-02
 -3.42052406e-02 -3.80645765e-02  3.74617309e-02 -3.53083341e-02
  8.04871291e-02 -4.62306048e-02 -6.21151380e-02 -7.25715687e-02
  1.95735817e-02 -1.26863295e-02 -2.47637940e-02  2.78079877e-02
 -3.52169782e-02 -2.89422551e-02  3.18651077e-02 -1.13575531e-01
 -1.02912928e-01  3.66000425e-02  5.56209753e-02  1.58395605e-02
  8.08577147e-02 -6.84406899e-02 -4.21749317e-02  1.96110661e-01
 -1.25253157e-01 -1.03045283e-01  2.16930363e-02  4.90472521e-02
 -1.37452003e-02  1.55799712e-02 -1.49378335e-02  1.04832250e-02
  1.54774571e-02  3.29425504e-02 -1.11153001e-02  3.48898689e-02
 -9.76885738e-02  1.25611038e-01  1.73968239e-02  2.91488854e-02
 -5.29095644e-02 -2.87903525e-02 -6.40654931e-02 -3.20533482e-02
  3.16264736e-02 -2.57658288e-02  2.19527065e-02 -1.12309089e-02
  3.21472589e-02  5.02833435e-02  9.91182132e-03 -9.81252847e-03
  9.27575971e-03 -2.38672086e-02  1.03069455e-02 -7.81319334e-03
  3.06078397e-02  2.37592367e-02 -7.45884092e-03  9.33072318e-03
  2.76642454e-02 -1.06418046e-01  1.80005372e-01 -1.06918761e-01
  6.94905847e-02 -5.13022435e-02 -3.14998113e-02  2.83714227e-02
  2.83193517e-02 -1.38338292e-02 -1.01317166e-02 -6.35984296e-02
  6.21549633e-02 -3.12019565e-02  1.76693208e-02  2.85434366e-02
  3.01744178e-02  3.02919921e-02 -2.77562970e-02  2.60073451e-02
 -2.32421993e-02 -2.27630074e-02  2.56889815e-01 -1.41892350e-01
 -1.52984172e-01  5.53780607e-02  2.17852644e-02  3.31655143e-02
 -1.59613201e-02 -1.13212681e-02  8.63447196e-03  1.08223921e-02
 -1.08652632e-02  1.28748785e-02 -3.01268259e-02  2.67150460e-02
 -2.28921027e-02 -8.86729504e-03]
[[3.60765053e-001 7.14084961e-001 2.76482680e-001 ... 1.53764518e-089
  9.32406734e-097 2.46492044e-021]
 [3.69699538e-001 6.87524043e-001 2.63754087e-001 ... 8.06700477e-087
  7.63986424e-102 1.29314064e-018]
 [3.71362281e-001 6.81744892e-001 2.61037334e-001 ... 2.54463722e-086
  5.80467044e-103 4.07902681e-018]
 ...
 [4.99201562e-001 3.67820115e-001 7.75461847e-001 ... 6.01339946e-084
  7.61928781e-025 5.71623625e-105]
 [4.98374187e-001 4.08717401e-001 7.65052163e-001 ... 7.34259251e-083
  2.41417537e-024 3.05253082e-096]
 [4.93085486e-001 4.50088435e-001 7.48012291e-001 ... 8.93037974e-083
  7.61928781e-025 1.62368235e-088]]
[ 1.0604652   3.21337294  1.88226755 ... -0.01736774 -0.0149997
  0.01576256]
[[3.60765053e-001 7.14084961e-001 2.76482680e-001 ... 6.15469638e-180
  7.46680446e-079 1.01039385e-074]
 [3.69699538e-001 6.87524043e-001 2.63754087e-001 ... 8.28638116e-190
  1.40319194e-087 2.78089956e-069]
 [3.71362281e-001 6.81744892e-001 2.61037334e-001 ... 5.52577008e-192
  1.61607357e-089 2.76699737e-068]
 ...
 [4.99201562e-001 3.67820115e-001 7.75461847e-001 ... 8.12793142e-083
  6.96508214e-115 3.55804683e-179]
 [4.98374187e-001 4.08717401e-001 7.65052163e-001 ... 7.18576596e-078
  5.41441145e-095 8.05015255e-167]
 [4.93085486e-001 4.50088435e-001 7.48012291e-001 ... 6.30301527e-075
  4.17598103e-077 1.80708596e-156]]
[ 1.0604652   3.21337294  1.88226755 ...  0.01202498 -0.01189784
  0.01212413]
[[3.60765053e-001 7.14084961e-001 2.76482680e-001 ... 1.93717865e-096
  0.00000000e+000 0.00000000e+000]
 [3.69699538e-001 6.87524043e-001 2.63754087e-001 ... 1.28439914e-113
  0.00000000e+000 0.00000000e+000]
 [3.71362281e-001 6.81744892e-001 2.61037334e-001 ... 1.94131882e-117
  0.00000000e+000 0.00000000e+000]
 ...
 [4.99201562e-001 3.67820115e-001 7.75461847e-001 ... 0.00000000e+000
  8.98921531e-074 1.16038319e-280]
 [4.98374187e-001 4.08717401e-001 7.65052163e-001 ... 3.59196909e-282
  8.77947493e-080 2.12283543e-281]
 [4.93085486e-001 4.50088435e-001 7.48012291e-001 ... 7.95752917e-243
  8.44072621e-090 3.82292462e-286]]
[1.0604652  3.21337294 1.88226755 ... 0.01033474 0.01033399 0.01031442]
[[3.60765053e-001 7.14084961e-001 2.76482680e-001 ... 0.00000000e+000
  6.56988546e-155 0.00000000e+000]
 [3.69699538e-001 6.87524043e-001 2.63754087e-001 ... 0.00000000e+000
  3.76939626e-133 0.00000000e+000]
 [3.71362281e-001 6.81744892e-001 2.61037334e-001 ... 0.00000000e+000
  3.69447052e-129 0.00000000e+000]
 ...
 [4.99201562e-001 3.67820115e-001 7.75461847e-001 ... 0.00000000e+000
  0.00000000e+000 0.00000000e+000]
 [4.98374187e-001 4.08717401e-001 7.65052163e-001 ... 0.00000000e+000
  0.00000000e+000 0.00000000e+000]
 [4.93085486e-001 4.50088435e-001 7.48012291e-001 ... 0.00000000e+000
  0.00000000e+000 0.00000000e+000]]
[ 1.0604652   3.21337294  1.88226755 ...  0.00859553 -0.00869281
 -0.0086916 ]
[[0.36076505 0.71408496 0.27648268 ... 0.         0.         0.        ]
 [0.36969954 0.68752404 0.26375409 ... 0.         0.         0.        ]
 [0.37136228 0.68174489 0.26103733 ... 0.         0.         0.        ]
 ...
 [0.49920156 0.36782012 0.77546185 ... 0.         0.         0.        ]
 [0.49837419 0.4087174  0.76505216 ... 0.         0.         0.        ]
 [0.49308549 0.45008844 0.74801229 ... 0.         0.         0.        ]]
[ 1.0604652   3.21337294  1.88226755 ... -0.00544143  0.00735426
  0.00734973]
[[4.59866221e-03 4.88241291e-03]
 [1.06605351e-02 3.25425386e-03]
 [2.19481605e-02 1.89132568e-03]
 [3.49080268e-02 1.36545199e-03]
 [5.20484950e-02 9.59581475e-04]
 [6.89799331e-02 6.89893605e-04]
 [1.06396321e-01 3.50149964e-04]
 [1.58444816e-01 1.24721455e-04]
 [2.50000000e-01 3.52975526e-05]
 [2.97240803e-01 2.26585952e-05]
 [3.27132107e-01 1.78167045e-05]
 [3.62040134e-01 1.36795146e-05]
 [4.11580268e-01 9.27684207e-06]]
