[[2.57893438e+02 6.61950300e-03 2.66696894e+01 3.83093000e-03]
 [1.17192216e+02 6.98329000e-03 1.44727820e+01 6.30352000e-03]
 [1.17435754e+02 8.45934000e-03 1.53151483e+01 8.03008000e-03]
 ...
 [1.15380800e+02 6.75225800e-03 2.70289840e+01 5.35750000e-03]
 [1.81754126e+02 6.60062400e-03 2.46118875e+01 4.16289000e-03]
 [2.58394867e+02 5.82451800e-03 2.32431039e+01 3.39543000e-03]]
[[0.95620153 0.66213563 0.89005588 0.28294263]
 [0.43451813 0.69852452 0.48300468 0.46556176]
 [0.43542111 0.84617084 0.51111723 0.59308104]
 ...
 [0.42780188 0.67541485 0.90204673 0.39569116]
 [0.67389684 0.6602472  0.82138021 0.30746034]
 [0.95806069 0.58261487 0.77569937 0.25077772]]
0.004600353904390701
1
2
[[0.37015505 0.27681473 0.57522238 0.89534192]
 [0.85756289 0.7889807  0.5374385  0.31686139]
 [0.94220047 0.6258592  0.47016085 0.28023823]
 ...
 [0.53165336 0.4907565  0.31951685 0.50748313]
 [0.57189201 0.49246778 0.54874038 0.72646304]
 [0.40063    0.3609389  0.71779616 0.88021064]]
[ 1.01080062 -0.33335376 -0.12877824  0.03312862]
[[0.37015505 0.27681473 0.57522238 ... 0.19796383 0.33088078 0.39567208]
 [0.85756289 0.7889807  0.5374385  ... 0.72715644 0.28884014 0.43371955]
 [0.94220047 0.6258592  0.47016085 ... 0.91778502 0.22105123 0.29087279]
 ...
 [0.53165336 0.4907565  0.31951685 ... 0.41121894 0.10209102 0.58316627]
 [0.57189201 0.49246778 0.54874038 ... 0.44185361 0.30111601 0.66852441]
 [0.40063    0.3609389  0.71779616 ... 0.20647866 0.51523133 0.48492215]]
[ 1.01080062 -0.33335376 -0.12877824  0.03312862 -0.93946816  0.50591131
  0.08569673  0.27328604  0.29728498 -0.19356997  0.33645594  0.38065068]
[[0.37015505 0.27681473 0.57522238 ... 0.33088078 0.39567208 0.40655479]
 [0.85756289 0.7889807  0.5374385  ... 0.28884014 0.43371955 0.03506955]
 [0.94220047 0.6258592  0.47016085 ... 0.22105123 0.29087279 0.06794669]
 ...
 [0.53165336 0.4907565  0.31951685 ... 0.10209102 0.58316627 0.1261124 ]
 [0.57189201 0.49246778 0.54874038 ... 0.30111601 0.66852441 0.31891325]
 [0.40063    0.3609389  0.71779616 ... 0.51523133 0.48492215 0.22508247]]
[ 1.01080062 -0.33335376 -0.12877824  0.03312862 -0.93946816  0.50591131
  0.08569673  0.27328604  0.29728498 -0.19356997  0.33645594  0.38065068
  0.01292474]
[[3.70155047e-01 2.76814732e-01 5.75222378e-01 ... 3.16515421e-01
  1.02781569e-02 4.67781019e-02]
 [8.57562892e-01 7.88980700e-01 5.37438502e-01 ... 9.37883620e-04
  1.19869156e-02 5.77450116e-03]
 [9.42200473e-01 6.25859201e-01 4.70160851e-01 ... 2.88487382e-04
  3.19896733e-02 1.38328084e-02]
 ...
 [5.31653357e-01 4.90756499e-01 3.19516848e-01 ... 2.42485265e-02
  3.98481752e-01 7.12453688e-04]
 [5.71892009e-01 4.92467778e-01 5.48740382e-01 ... 1.90565508e-01
  1.38112815e-01 2.49556872e-02]
 [4.00629996e-01 3.60938897e-01 7.17796159e-01 ... 3.47832801e-01
  3.04471424e-03 5.53643149e-02]]
[ 1.01080062 -0.33335376 -0.12877824  0.03312862 -0.93946816  0.50591131
  0.08569673  0.27328604  0.29728498 -0.19356997  0.33645594  0.38065068
  0.01292474 -0.19561806  0.24313369  0.10557842 -0.0762886   0.14187098
  0.06730633 -0.04446518 -0.03854668 -0.05538687]
[[3.70155047e-01 2.76814732e-01 5.75222378e-01 ... 7.23852853e-11
  2.26952451e-08 4.77104928e-03]
 [8.57562892e-01 7.88980700e-01 5.37438502e-01 ... 1.41299912e-01
  7.70653918e-03 5.12194433e-04]
 [9.42200473e-01 6.25859201e-01 4.70160851e-01 ... 1.87749402e-01
  5.35207010e-02 1.54515024e-04]
 ...
 [5.31653357e-01 4.90756499e-01 3.19516848e-01 ... 2.84570639e-05
  1.99755422e-02 3.63309826e-01]
 [5.71892009e-01 4.92467778e-01 5.48740382e-01 ... 4.41777175e-06
  3.57785606e-04 2.48293408e-01]
 [4.00629996e-01 3.60938897e-01 7.17796159e-01 ... 6.27243466e-10
  8.26714821e-09 2.87502822e-03]]
[ 1.01080062 -0.33335376 -0.12877824  0.03312862 -0.93946816  0.50591131
  0.08569673  0.27328604  0.29728498 -0.19356997  0.33645594  0.38065068
  0.01292474 -0.19561806  0.24313369  0.10557842 -0.0762886   0.14187098
  0.06730633 -0.04446518 -0.03854668 -0.05538687  0.05844709 -0.04128944
 -0.08010182  0.05721468  0.05994578 -0.03143736]
[[3.70155047e-01 2.76814732e-01 5.75222378e-01 ... 7.23852853e-11
  2.26952451e-08 4.77104928e-03]
 [8.57562892e-01 7.88980700e-01 5.37438502e-01 ... 1.41299912e-01
  7.70653918e-03 5.12194433e-04]
 [9.42200473e-01 6.25859201e-01 4.70160851e-01 ... 1.87749402e-01
  5.35207010e-02 1.54515024e-04]
 ...
 [5.31653357e-01 4.90756499e-01 3.19516848e-01 ... 2.84570639e-05
  1.99755422e-02 3.63309826e-01]
 [5.71892009e-01 4.92467778e-01 5.48740382e-01 ... 4.41777175e-06
  3.57785606e-04 2.48293408e-01]
 [4.00629996e-01 3.60938897e-01 7.17796159e-01 ... 6.27243466e-10
  8.26714821e-09 2.87502822e-03]]
[ 1.01080062 -0.33335376 -0.12877824  0.03312862 -0.93946816  0.50591131
  0.08569673  0.27328604  0.29728498 -0.19356997  0.33645594  0.38065068
  0.01292474 -0.19561806  0.24313369  0.10557842 -0.0762886   0.14187098
  0.06730633 -0.04446518 -0.03854668 -0.05538687  0.05844709 -0.04128944
 -0.08010182  0.05721468  0.05994578 -0.03143736]
[[3.70155047e-01 2.76814732e-01 5.75222378e-01 ... 3.21266277e-24
  2.81283195e-41 4.31830782e-30]
 [8.57562892e-01 7.88980700e-01 5.37438502e-01 ... 1.85606487e-04
  1.22048932e-03 2.82438628e-01]
 [9.42200473e-01 6.25859201e-01 4.70160851e-01 ... 3.48759090e-05
  9.62424799e-06 2.85489246e-02]
 ...
 [5.31653357e-01 4.90756499e-01 3.19516848e-01 ... 2.36513895e-03
  2.68954835e-18 2.72677608e-12]
 [5.71892009e-01 4.92467778e-01 5.48740382e-01 ... 1.55687595e-08
  1.32234661e-21 6.31645247e-14]
 [4.00629996e-01 3.60938897e-01 7.17796159e-01 ... 1.73570434e-23
  4.60434022e-36 2.32792449e-26]]
[ 1.01080062 -0.33335376 -0.12877824  0.03312862 -0.93946816  0.50591131
  0.08569673  0.27328604  0.29728498 -0.19356997  0.33645594  0.38065068
  0.01292474 -0.19561806  0.24313369  0.10557842 -0.0762886   0.14187098
  0.06730633 -0.04446518 -0.03854668 -0.05538687  0.05844709 -0.04128944
 -0.08010182  0.05721468  0.05994578 -0.03143736  0.07823592 -0.05628057
 -0.06588166  0.08953863  0.06472902  0.07768234 -0.06129799]
[[3.70155047e-01 2.76814732e-01 5.75222378e-01 ... 3.21266277e-24
  2.81283195e-41 4.31830782e-30]
 [8.57562892e-01 7.88980700e-01 5.37438502e-01 ... 1.85606487e-04
  1.22048932e-03 2.82438628e-01]
 [9.42200473e-01 6.25859201e-01 4.70160851e-01 ... 3.48759090e-05
  9.62424799e-06 2.85489246e-02]
 ...
 [5.31653357e-01 4.90756499e-01 3.19516848e-01 ... 2.36513895e-03
  2.68954835e-18 2.72677608e-12]
 [5.71892009e-01 4.92467778e-01 5.48740382e-01 ... 1.55687595e-08
  1.32234661e-21 6.31645247e-14]
 [4.00629996e-01 3.60938897e-01 7.17796159e-01 ... 1.73570434e-23
  4.60434022e-36 2.32792449e-26]]
[ 1.01080062 -0.33335376 -0.12877824  0.03312862 -0.93946816  0.50591131
  0.08569673  0.27328604  0.29728498 -0.19356997  0.33645594  0.38065068
  0.01292474 -0.19561806  0.24313369  0.10557842 -0.0762886   0.14187098
  0.06730633 -0.04446518 -0.03854668 -0.05538687  0.05844709 -0.04128944
 -0.08010182  0.05721468  0.05994578 -0.03143736  0.07823592 -0.05628057
 -0.06588166  0.08953863  0.06472902  0.07768234 -0.06129799]
[[3.70155047e-01 2.76814732e-01 5.75222378e-01 ... 3.21266277e-24
  2.81283195e-41 4.31830782e-30]
 [8.57562892e-01 7.88980700e-01 5.37438502e-01 ... 1.85606487e-04
  1.22048932e-03 2.82438628e-01]
 [9.42200473e-01 6.25859201e-01 4.70160851e-01 ... 3.48759090e-05
  9.62424799e-06 2.85489246e-02]
 ...
 [5.31653357e-01 4.90756499e-01 3.19516848e-01 ... 2.36513895e-03
  2.68954835e-18 2.72677608e-12]
 [5.71892009e-01 4.92467778e-01 5.48740382e-01 ... 1.55687595e-08
  1.32234661e-21 6.31645247e-14]
 [4.00629996e-01 3.60938897e-01 7.17796159e-01 ... 1.73570434e-23
  4.60434022e-36 2.32792449e-26]]
[ 1.01080062 -0.33335376 -0.12877824  0.03312862 -0.93946816  0.50591131
  0.08569673  0.27328604  0.29728498 -0.19356997  0.33645594  0.38065068
  0.01292474 -0.19561806  0.24313369  0.10557842 -0.0762886   0.14187098
  0.06730633 -0.04446518 -0.03854668 -0.05538687  0.05844709 -0.04128944
 -0.08010182  0.05721468  0.05994578 -0.03143736  0.07823592 -0.05628057
 -0.06588166  0.08953863  0.06472902  0.07768234 -0.06129799]
[[3.70155047e-01 2.76814732e-01 5.75222378e-01 ... 3.21266277e-24
  2.81283195e-41 4.31830782e-30]
 [8.57562892e-01 7.88980700e-01 5.37438502e-01 ... 1.85606487e-04
  1.22048932e-03 2.82438628e-01]
 [9.42200473e-01 6.25859201e-01 4.70160851e-01 ... 3.48759090e-05
  9.62424799e-06 2.85489246e-02]
 ...
 [5.31653357e-01 4.90756499e-01 3.19516848e-01 ... 2.36513895e-03
  2.68954835e-18 2.72677608e-12]
 [5.71892009e-01 4.92467778e-01 5.48740382e-01 ... 1.55687595e-08
  1.32234661e-21 6.31645247e-14]
 [4.00629996e-01 3.60938897e-01 7.17796159e-01 ... 1.73570434e-23
  4.60434022e-36 2.32792449e-26]]
[ 1.01080062 -0.33335376 -0.12877824  0.03312862 -0.93946816  0.50591131
  0.08569673  0.27328604  0.29728498 -0.19356997  0.33645594  0.38065068
  0.01292474 -0.19561806  0.24313369  0.10557842 -0.0762886   0.14187098
  0.06730633 -0.04446518 -0.03854668 -0.05538687  0.05844709 -0.04128944
 -0.08010182  0.05721468  0.05994578 -0.03143736  0.07823592 -0.05628057
 -0.06588166  0.08953863  0.06472902  0.07768234 -0.06129799]
[[3.70155047e-01 2.76814732e-01 5.75222378e-01 ... 3.21266277e-24
  2.81283195e-41 4.31830782e-30]
 [8.57562892e-01 7.88980700e-01 5.37438502e-01 ... 1.85606487e-04
  1.22048932e-03 2.82438628e-01]
 [9.42200473e-01 6.25859201e-01 4.70160851e-01 ... 3.48759090e-05
  9.62424799e-06 2.85489246e-02]
 ...
 [5.31653357e-01 4.90756499e-01 3.19516848e-01 ... 2.36513895e-03
  2.68954835e-18 2.72677608e-12]
 [5.71892009e-01 4.92467778e-01 5.48740382e-01 ... 1.55687595e-08
  1.32234661e-21 6.31645247e-14]
 [4.00629996e-01 3.60938897e-01 7.17796159e-01 ... 1.73570434e-23
  4.60434022e-36 2.32792449e-26]]
[ 1.01080062 -0.33335376 -0.12877824  0.03312862 -0.93946816  0.50591131
  0.08569673  0.27328604  0.29728498 -0.19356997  0.33645594  0.38065068
  0.01292474 -0.19561806  0.24313369  0.10557842 -0.0762886   0.14187098
  0.06730633 -0.04446518 -0.03854668 -0.05538687  0.05844709 -0.04128944
 -0.08010182  0.05721468  0.05994578 -0.03143736  0.07823592 -0.05628057
 -0.06588166  0.08953863  0.06472902  0.07768234 -0.06129799]
[[3.70155047e-01 2.76814732e-01 5.75222378e-01 ... 3.21266277e-24
  2.81283195e-41 4.31830782e-30]
 [8.57562892e-01 7.88980700e-01 5.37438502e-01 ... 1.85606487e-04
  1.22048932e-03 2.82438628e-01]
 [9.42200473e-01 6.25859201e-01 4.70160851e-01 ... 3.48759090e-05
  9.62424799e-06 2.85489246e-02]
 ...
 [5.31653357e-01 4.90756499e-01 3.19516848e-01 ... 2.36513895e-03
  2.68954835e-18 2.72677608e-12]
 [5.71892009e-01 4.92467778e-01 5.48740382e-01 ... 1.55687595e-08
  1.32234661e-21 6.31645247e-14]
 [4.00629996e-01 3.60938897e-01 7.17796159e-01 ... 1.73570434e-23
  4.60434022e-36 2.32792449e-26]]
[ 1.01080062 -0.33335376 -0.12877824  0.03312862 -0.93946816  0.50591131
  0.08569673  0.27328604  0.29728498 -0.19356997  0.33645594  0.38065068
  0.01292474 -0.19561806  0.24313369  0.10557842 -0.0762886   0.14187098
  0.06730633 -0.04446518 -0.03854668 -0.05538687  0.05844709 -0.04128944
 -0.08010182  0.05721468  0.05994578 -0.03143736  0.07823592 -0.05628057
 -0.06588166  0.08953863  0.06472902  0.07768234 -0.06129799]
[[3.70155047e-01 2.76814732e-01 5.75222378e-01 ... 3.21266277e-24
  2.81283195e-41 4.31830782e-30]
 [8.57562892e-01 7.88980700e-01 5.37438502e-01 ... 1.85606487e-04
  1.22048932e-03 2.82438628e-01]
 [9.42200473e-01 6.25859201e-01 4.70160851e-01 ... 3.48759090e-05
  9.62424799e-06 2.85489246e-02]
 ...
 [5.31653357e-01 4.90756499e-01 3.19516848e-01 ... 2.36513895e-03
  2.68954835e-18 2.72677608e-12]
 [5.71892009e-01 4.92467778e-01 5.48740382e-01 ... 1.55687595e-08
  1.32234661e-21 6.31645247e-14]
 [4.00629996e-01 3.60938897e-01 7.17796159e-01 ... 1.73570434e-23
  4.60434022e-36 2.32792449e-26]]
[ 1.01080062 -0.33335376 -0.12877824  0.03312862 -0.93946816  0.50591131
  0.08569673  0.27328604  0.29728498 -0.19356997  0.33645594  0.38065068
  0.01292474 -0.19561806  0.24313369  0.10557842 -0.0762886   0.14187098
  0.06730633 -0.04446518 -0.03854668 -0.05538687  0.05844709 -0.04128944
 -0.08010182  0.05721468  0.05994578 -0.03143736  0.07823592 -0.05628057
 -0.06588166  0.08953863  0.06472902  0.07768234 -0.06129799]
[[0.01030928 0.00644191]
 [0.03092784 0.00191933]
 [0.03350515 0.00190212]
 [0.05670103 0.00077043]
 [0.07216495 0.00056522]
 [0.07216495 0.00056522]
 [0.09020619 0.00037561]
 [0.09020619 0.00037561]
 [0.09020619 0.00037561]
 [0.09020619 0.00037561]
 [0.09020619 0.00037561]
 [0.09020619 0.00037561]
 [0.09020619 0.00037561]]
