sparseRep_1.py:65: FutureWarning: arrays to stack must be passed as a "sequence" type such as list or tuple. Support for non-sequence iterables such as generators is deprecated as of NumPy 1.16 and will raise an error in the future.
  Data = np.vstack((boundary for boundary in boundaries))
[[5.85712217e-02 8.60000000e-03 1.55402297e+04 ... 6.32475349e+05
  6.39360520e+00 3.35613324e-04]
 [6.28194029e-02 8.60000000e-03 1.55402297e+04 ... 6.32475349e+05
  6.39360520e+00 3.42570187e-04]
 [6.37000290e-02 8.60000000e-03 1.55402297e+04 ... 6.32475349e+05
  6.39360520e+00 3.42978814e-04]
 ...
 [1.84028445e-02 9.12673192e-04 1.55511258e+04 ... 7.20195736e+05
  6.89843433e+00 0.00000000e+00]
 [1.90314074e-02 1.52112199e-03 1.55511258e+04 ... 7.20195736e+05
  6.89843433e+00 5.90606474e-05]
 [1.96599704e-02 2.12957078e-03 1.55511258e+04 ... 7.20195736e+05
  6.89843433e+00 1.69909423e-04]]
[[0.70590027 1.         0.98425392 ... 0.60404715 0.41521124 0.08590381]
 [0.75709935 1.         0.98425392 ... 0.60404715 0.41521124 0.08768449]
 [0.76771265 1.         0.98425392 ... 0.60404715 0.41521124 0.08778908]
 ...
 [0.22179105 0.10612479 0.98494404 ... 0.68782473 0.44799568 0.        ]
 [0.22936649 0.17687465 0.98494404 ... 0.68782473 0.44799568 0.0151172 ]
 [0.23694193 0.24762451 0.98494404 ... 0.68782473 0.44799568 0.04349013]]
1.7385015307749345e-05
1
2
[[0.38752155 0.73129126 0.26151416 ... 0.32518559 0.71763427 0.32921604]
 [0.39712801 0.70406467 0.24946337 ... 0.33324679 0.68866892 0.31469707]
 [0.39891584 0.69814081 0.24689136 ... 0.33474703 0.68241359 0.31158633]
 ...
 [0.52502887 0.40861504 0.70544298 ... 0.51075866 0.69377295 0.68601818]
 [0.52415785 0.45409431 0.69596417 ... 0.50991131 0.73999067 0.69536153]
 [0.51859021 0.50010486 0.68044833 ... 0.504495   0.78220111 0.69850418]]
[ 9.86733367e+00 -2.29126504e+00 -4.83312174e+00 -9.69164978e+00
 -6.42767066e+00 -6.98719385e+00  1.84079573e+00 -3.20715619e+00
  6.65276997e-01 -5.60836819e-01  5.81321652e+00  2.18172339e-02
 -9.01061141e+00  3.49308620e+00  5.03853359e+00  2.63468515e+00
  1.04906260e+00 -8.82420613e-01  5.86743284e-01 -9.25133611e+00
 -3.23613966e-01 -4.32791997e-01 -1.40174783e+00  2.07392395e+00
 -4.05773493e+00  3.42830356e+01 -8.87277756e+00 -6.12061270e+01
 -1.69566513e+00  1.55540990e+01  1.42168876e+01  7.85319481e-01
  1.47918828e+01 -9.84917826e+00  4.95537943e+00  7.81790861e+00
 -6.30978612e-01 -1.07519734e+01 -4.69805476e-01  2.82073378e+00
 -6.34636017e+00  3.67872318e+00  5.49915055e+00  1.09053838e+01
 -1.00716930e+01  9.38796822e+00  1.55309548e+01 -5.41330957e+00
  2.93921077e+00]
[[0.38752155 0.73129126 0.26151416 ... 0.08924385 0.07749298 0.1538511 ]
 [0.39712801 0.70406467 0.24946337 ... 0.08120849 0.07051565 0.16157343]
 [0.39891584 0.69814081 0.24689136 ... 0.07954258 0.06906909 0.16303148]
 ...
 [0.52502887 0.40861504 0.70544298 ... 0.71555272 0.76536245 0.24990302]
 [0.52415785 0.45409431 0.69596417 ... 0.69645261 0.74493277 0.24907454]
 [0.51859021 0.50010486 0.68044833 ... 0.66574531 0.71208794 0.24381127]]
[ 9.86733367e+00 -2.29126504e+00 -4.83312174e+00 -9.69164978e+00
 -6.42767066e+00 -6.98719385e+00  1.84079573e+00 -3.20715619e+00
  6.65276997e-01 -5.60836819e-01  5.81321652e+00  2.18172339e-02
 -9.01061141e+00  3.49308620e+00  5.03853359e+00  2.63468515e+00
  1.04906260e+00 -8.82420613e-01  5.86743284e-01 -9.25133611e+00
 -3.23613966e-01 -4.32791997e-01 -1.40174783e+00  2.07392395e+00
 -4.05773493e+00  3.42830356e+01 -8.87277756e+00 -6.12061270e+01
 -1.69566513e+00  1.55540990e+01  1.42168876e+01  7.85319481e-01
  1.47918828e+01 -9.84917826e+00  4.95537943e+00  7.81790861e+00
 -6.30978612e-01 -1.07519734e+01 -4.69805476e-01  2.82073378e+00
 -6.34636017e+00  3.67872318e+00  5.49915055e+00  1.09053838e+01
 -1.00716930e+01  9.38796822e+00  1.55309548e+01 -5.41330957e+00
  2.93921077e+00 -7.80394712e-01 -2.09418053e+00 -1.88179146e+00
 -2.03516338e+00 -1.15230097e+00  9.11261676e-01 -2.84871939e+00
 -1.11593794e+00  9.02422596e-01 -5.01357622e-01 -1.37076576e+00
 -2.54486755e+00 -5.06349660e+00 -1.14096334e-01 -7.78956332e-01
 -1.62862889e+00 -2.75365995e+00 -2.49001342e-01 -4.12275880e-01
 -3.80154786e-01  3.43474766e+00  1.51889002e-01  1.02304799e+00
 -1.38345880e+00 -1.36427953e+00 -1.23251932e-01 -1.37280693e+00
  1.37174647e+00 -3.10693614e+00 -9.43805309e-01  4.30091590e+00
 -5.72847590e-03  7.80654712e-01 -5.77619497e-01  3.60903963e-01
  8.42802376e-01  3.47833841e+00  4.53014464e+00 -1.37789912e-01
 -5.95407966e-01  9.33302672e-01 -2.42021831e+00 -9.82326444e-01
  3.55814455e+00  1.09360199e+00  1.54115695e+00 -2.90540224e+00
 -4.76241622e-01  1.82912150e+00  1.65874977e+00 -1.56908592e+00
  2.54950921e+00 -1.89039700e+00  2.18327774e-01  1.78291421e+00
  1.47718251e+00  1.79315519e+00 -3.12409409e+00 -1.33148580e+00
  3.35519052e+00  6.98718733e-01  2.00178245e+00  2.64994329e+00
  3.65233179e+00  2.41237637e+00 -2.13904879e+00 -1.23255394e+00]
[[0.38752155 0.73129126 0.26151416 ... 0.01432665 0.06109498 0.2308707 ]
 [0.39712801 0.70406467 0.24946337 ... 0.01580096 0.06738203 0.25321862]
 [0.39891584 0.69814081 0.24689136 ... 0.01608742 0.06860364 0.25751273]
 ...
 [0.52502887 0.40861504 0.70544298 ... 0.0649518  0.04840761 0.0018397 ]
 [0.52415785 0.45409431 0.69596417 ... 0.06452186 0.05516604 0.00295457]
 [0.51859021 0.50010486 0.68044833 ... 0.06182381 0.06064056 0.00457693]]
[ 9.86733367e+00 -2.29126504e+00 -4.83312174e+00 -9.69164978e+00
 -6.42767066e+00 -6.98719385e+00  1.84079573e+00 -3.20715619e+00
  6.65276997e-01 -5.60836819e-01  5.81321652e+00  2.18172339e-02
 -9.01061141e+00  3.49308620e+00  5.03853359e+00  2.63468515e+00
  1.04906260e+00 -8.82420613e-01  5.86743284e-01 -9.25133611e+00
 -3.23613966e-01 -4.32791997e-01 -1.40174783e+00  2.07392395e+00
 -4.05773493e+00  3.42830356e+01 -8.87277756e+00 -6.12061270e+01
 -1.69566513e+00  1.55540990e+01  1.42168876e+01  7.85319481e-01
  1.47918828e+01 -9.84917826e+00  4.95537943e+00  7.81790861e+00
 -6.30978612e-01 -1.07519734e+01 -4.69805476e-01  2.82073378e+00
 -6.34636017e+00  3.67872318e+00  5.49915055e+00  1.09053838e+01
 -1.00716930e+01  9.38796822e+00  1.55309548e+01 -5.41330957e+00
  2.93921077e+00 -7.80394712e-01 -2.09418053e+00 -1.88179146e+00
 -2.03516338e+00 -1.15230097e+00  9.11261676e-01 -2.84871939e+00
 -1.11593794e+00  9.02422596e-01 -5.01357622e-01 -1.37076576e+00
 -2.54486755e+00 -5.06349660e+00 -1.14096334e-01 -7.78956332e-01
 -1.62862889e+00 -2.75365995e+00 -2.49001342e-01 -4.12275880e-01
 -3.80154786e-01  3.43474766e+00  1.51889002e-01  1.02304799e+00
 -1.38345880e+00 -1.36427953e+00 -1.23251932e-01 -1.37280693e+00
  1.37174647e+00 -3.10693614e+00 -9.43805309e-01  4.30091590e+00
 -5.72847590e-03  7.80654712e-01 -5.77619497e-01  3.60903963e-01
  8.42802376e-01  3.47833841e+00  4.53014464e+00 -1.37789912e-01
 -5.95407966e-01  9.33302672e-01 -2.42021831e+00 -9.82326444e-01
  3.55814455e+00  1.09360199e+00  1.54115695e+00 -2.90540224e+00
 -4.76241622e-01  1.82912150e+00  1.65874977e+00 -1.56908592e+00
  2.54950921e+00 -1.89039700e+00  2.18327774e-01  1.78291421e+00
  1.47718251e+00  1.79315519e+00 -3.12409409e+00 -1.33148580e+00
  3.35519052e+00  6.98718733e-01  2.00178245e+00  2.64994329e+00
  3.65233179e+00  2.41237637e+00 -2.13904879e+00 -1.23255394e+00
 -3.53003670e+00 -1.56708861e+00  2.85340626e-01 -1.23255243e-01
  2.10222011e+00  2.05061668e-01 -1.78398900e+00  1.52681024e+00
 -1.68681297e+00  1.36427704e-01 -3.65111479e-01  6.22475517e+00
  6.92472625e-02  3.08873010e+00 -2.23060306e-01  1.42795136e-01
  3.19002763e-01 -5.13164577e-03 -1.94342693e+00 -7.51739242e-02
 -2.06033180e+00  1.31946618e+00 -5.35443569e-01  4.08694756e-01
 -9.15436056e-01  2.51249721e-01 -9.82195035e-02  1.91721573e-01
  2.39252116e-01 -5.31753156e-02 -1.14188433e+00  3.31115209e-01
  8.99761338e-02 -5.19823685e-01 -5.11565621e-01  4.15068698e-01
 -1.00548729e+00  5.68296586e-01 -6.75103505e-02 -5.02227528e-01
 -4.98285790e-01  2.56141244e-01 -1.11891589e-01 -1.03095422e+00
  1.28637121e+00 -1.32045541e+00  1.21225227e-01  3.96738121e-01
 -6.70747437e-01 -2.03130569e+00 -3.81903619e+00  1.30424340e+00
  3.00855006e-01 -1.30167817e+00 -2.23437989e-01 -4.18441421e-02
  3.37619466e-02  7.30713804e-02 -7.61759305e-01 -3.14386352e-01
  2.33439861e-01  1.53342866e-01  5.76602245e-01  3.45947010e+00
 -1.03944656e-01  1.87017839e-01  1.29440032e+00  3.13632501e+00
 -1.15167955e+00  8.30516708e-02 -2.35980930e+00 -1.64714127e+00
 -2.09812612e-01 -3.75210058e+00  5.72713080e-01 -1.58155499e+00
  5.52652193e-01  9.08476039e-01 -3.57070635e-01 -6.00356809e-01
  4.25982451e-01 -2.70878769e-01  1.08804178e+00 -6.15680749e-01
 -2.22957397e+00  1.86184574e-01 -4.25906526e-01  8.78811107e-01
 -7.62847906e+00 -1.89528941e-01 -2.35622008e-01  7.66966657e-01
 -1.38194011e-03  7.12914267e-01 -5.24776370e-01 -3.03617720e+00
 -6.64174101e-01  5.22680548e-01 -1.01568297e+00 -1.40787588e+00
  3.50225245e+00  3.56607387e+00  1.17862321e+00  6.33582150e-01
  2.28742896e-01 -2.98704585e-01  5.58055273e+00  4.77633430e-01
  3.62562825e-01  3.00711247e-01 -4.98873968e-01  1.68479556e+00
  2.75514017e-01  2.09732933e+00 -2.45659609e-01  1.06173348e+00
  2.37107435e+00  7.32472072e-01 -1.33234425e+00]
[[3.87521546e-01 7.31291265e-01 2.61514164e-01 ... 2.84574022e-02
  9.05421687e-03 9.17390168e-03]
 [3.97128013e-01 7.04064666e-01 2.49463372e-01 ... 3.46156263e-02
  1.10135663e-02 1.11591530e-02]
 [3.98915840e-01 6.98140808e-01 2.46891358e-01 ... 3.58821264e-02
  1.14165263e-02 1.15674399e-02]
 ...
 [5.25028867e-01 4.08615043e-01 7.05442980e-01 ... 3.89014446e-04
  2.05192877e-03 3.59997390e-03]
 [5.24157849e-01 4.54094310e-01 6.95964169e-01 ... 6.65392701e-04
  2.92080441e-03 4.67536671e-03]
 [5.18590211e-01 5.00104863e-01 6.80448334e-01 ... 1.05890455e-03
  3.86820202e-03 5.64935005e-03]]
[ 9.86733367e+00 -2.29126504e+00 -4.83312174e+00 -9.69164978e+00
 -6.42767066e+00 -6.98719385e+00  1.84079573e+00 -3.20715619e+00
  6.65276997e-01 -5.60836819e-01  5.81321652e+00  2.18172339e-02
 -9.01061141e+00  3.49308620e+00  5.03853359e+00  2.63468515e+00
  1.04906260e+00 -8.82420613e-01  5.86743284e-01 -9.25133611e+00
 -3.23613966e-01 -4.32791997e-01 -1.40174783e+00  2.07392395e+00
 -4.05773493e+00  3.42830356e+01 -8.87277756e+00 -6.12061270e+01
 -1.69566513e+00  1.55540990e+01  1.42168876e+01  7.85319481e-01
  1.47918828e+01 -9.84917826e+00  4.95537943e+00  7.81790861e+00
 -6.30978612e-01 -1.07519734e+01 -4.69805476e-01  2.82073378e+00
 -6.34636017e+00  3.67872318e+00  5.49915055e+00  1.09053838e+01
 -1.00716930e+01  9.38796822e+00  1.55309548e+01 -5.41330957e+00
  2.93921077e+00 -7.80394712e-01 -2.09418053e+00 -1.88179146e+00
 -2.03516338e+00 -1.15230097e+00  9.11261676e-01 -2.84871939e+00
 -1.11593794e+00  9.02422596e-01 -5.01357622e-01 -1.37076576e+00
 -2.54486755e+00 -5.06349660e+00 -1.14096334e-01 -7.78956332e-01
 -1.62862889e+00 -2.75365995e+00 -2.49001342e-01 -4.12275880e-01
 -3.80154786e-01  3.43474766e+00  1.51889002e-01  1.02304799e+00
 -1.38345880e+00 -1.36427953e+00 -1.23251932e-01 -1.37280693e+00
  1.37174647e+00 -3.10693614e+00 -9.43805309e-01  4.30091590e+00
 -5.72847590e-03  7.80654712e-01 -5.77619497e-01  3.60903963e-01
  8.42802376e-01  3.47833841e+00  4.53014464e+00 -1.37789912e-01
 -5.95407966e-01  9.33302672e-01 -2.42021831e+00 -9.82326444e-01
  3.55814455e+00  1.09360199e+00  1.54115695e+00 -2.90540224e+00
 -4.76241622e-01  1.82912150e+00  1.65874977e+00 -1.56908592e+00
  2.54950921e+00 -1.89039700e+00  2.18327774e-01  1.78291421e+00
  1.47718251e+00  1.79315519e+00 -3.12409409e+00 -1.33148580e+00
  3.35519052e+00  6.98718733e-01  2.00178245e+00  2.64994329e+00
  3.65233179e+00  2.41237637e+00 -2.13904879e+00 -1.23255394e+00
 -3.53003670e+00 -1.56708861e+00  2.85340626e-01 -1.23255243e-01
  2.10222011e+00  2.05061668e-01 -1.78398900e+00  1.52681024e+00
 -1.68681297e+00  1.36427704e-01 -3.65111479e-01  6.22475517e+00
  6.92472625e-02  3.08873010e+00 -2.23060306e-01  1.42795136e-01
  3.19002763e-01 -5.13164577e-03 -1.94342693e+00 -7.51739242e-02
 -2.06033180e+00  1.31946618e+00 -5.35443569e-01  4.08694756e-01
 -9.15436056e-01  2.51249721e-01 -9.82195035e-02  1.91721573e-01
  2.39252116e-01 -5.31753156e-02 -1.14188433e+00  3.31115209e-01
  8.99761338e-02 -5.19823685e-01 -5.11565621e-01  4.15068698e-01
 -1.00548729e+00  5.68296586e-01 -6.75103505e-02 -5.02227528e-01
 -4.98285790e-01  2.56141244e-01 -1.11891589e-01 -1.03095422e+00
  1.28637121e+00 -1.32045541e+00  1.21225227e-01  3.96738121e-01
 -6.70747437e-01 -2.03130569e+00 -3.81903619e+00  1.30424340e+00
  3.00855006e-01 -1.30167817e+00 -2.23437989e-01 -4.18441421e-02
  3.37619466e-02  7.30713804e-02 -7.61759305e-01 -3.14386352e-01
  2.33439861e-01  1.53342866e-01  5.76602245e-01  3.45947010e+00
 -1.03944656e-01  1.87017839e-01  1.29440032e+00  3.13632501e+00
 -1.15167955e+00  8.30516708e-02 -2.35980930e+00 -1.64714127e+00
 -2.09812612e-01 -3.75210058e+00  5.72713080e-01 -1.58155499e+00
  5.52652193e-01  9.08476039e-01 -3.57070635e-01 -6.00356809e-01
  4.25982451e-01 -2.70878769e-01  1.08804178e+00 -6.15680749e-01
 -2.22957397e+00  1.86184574e-01 -4.25906526e-01  8.78811107e-01
 -7.62847906e+00 -1.89528941e-01 -2.35622008e-01  7.66966657e-01
 -1.38194011e-03  7.12914267e-01 -5.24776370e-01 -3.03617720e+00
 -6.64174101e-01  5.22680548e-01 -1.01568297e+00 -1.40787588e+00
  3.50225245e+00  3.56607387e+00  1.17862321e+00  6.33582150e-01
  2.28742896e-01 -2.98704585e-01  5.58055273e+00  4.77633430e-01
  3.62562825e-01  3.00711247e-01 -4.98873968e-01  1.68479556e+00
  2.75514017e-01  2.09732933e+00 -2.45659609e-01  1.06173348e+00
  2.37107435e+00  7.32472072e-01 -1.33234425e+00 -7.23588232e-01
  1.90778579e-01  1.84564220e-01 -3.07195040e-01 -3.24533839e-01
 -1.21152449e-01  8.08103688e-01  1.45504789e-01 -1.89239356e-02
  2.74467328e-01  3.08317333e-01  2.17187966e-01  9.39585111e-02
 -1.06158359e-02 -1.54932152e-01  7.07461352e-02  1.35182154e-02
  5.55619272e-02 -1.52518628e-01 -3.04784231e-03 -4.28568995e-02
  1.79597925e-01 -1.60825570e-01 -3.34146795e-02  2.24546388e-01
  8.65607327e-02  8.41540161e-02  5.89715225e-01 -7.35921934e-02
 -2.30856162e-02  3.05608119e-01 -2.01990413e-01  5.69385305e-01
  8.52278316e-01  1.04021245e-01 -2.75067729e-01  1.13828803e+00
 -1.17563523e+00  6.49880798e-02 -3.55543917e-02 -4.75190667e-01
 -6.34496167e-02  3.18996053e+00  1.85297042e-01 -5.71528114e-02
  2.05170809e-01 -1.35523646e-01  5.65016628e-02 -4.33395174e-03
 -1.59096420e-01  8.59554228e-02 -1.18962575e+00  2.88172434e-01
  2.44201675e-02  7.77483099e-02 -7.45622664e-02 -3.79912700e-02
  6.45572357e-02 -4.34479686e+00  1.88356424e-01 -5.93707936e-01
  2.36118139e-01  3.82112615e-01 -1.47814474e-02  4.83454369e-02
  5.09389298e-02 -1.24983286e+00 -1.40095787e-01 -5.20794389e-02
  6.75696233e-02 -3.16567739e-01  2.34006833e-01 -6.94045692e-02
  8.23667871e-02 -2.59659594e-01 -1.54891863e+00  4.81893560e-01
 -8.17653553e+00  3.76060354e-01  1.03203184e-02 -4.46949413e-02
  6.03136223e-02 -2.08047846e-01 -5.59812063e-02 -1.01468098e-01
  1.25013895e-01  6.23505644e-01 -2.17315105e-01  1.87341030e-01
  1.16184986e-01 -3.85282422e-01 -8.32609942e+00 -8.64046757e-01
 -5.89088540e-03  3.60560430e-01  2.38586716e-01 -4.52738785e-01
  1.87929921e-02  3.48572972e-03  4.00098673e-02 -6.42541974e-01
 -3.22143261e-01 -3.27776350e-02 -8.65993676e-02  4.23675262e-01
 -6.30116951e-01  3.16021294e-01 -6.55525309e-01  6.34471077e-01
 -3.26378669e-01 -2.07196558e-01  3.07098153e-01  2.18639782e-01
  2.34470129e-01  2.30488538e-02  9.41309327e-02 -9.18994417e-02
 -3.23327872e-01  2.39419452e-01  8.80536167e-02  2.17950718e+00
  1.59346186e-01 -8.77927404e-02 -3.13590410e-02  9.09413461e-02
  2.73093579e-01 -5.56937679e-02  4.32345815e-02  1.12992804e-01
 -4.66633946e-02 -1.31502019e-01 -1.36361645e-01 -1.32825366e+00
  2.39444077e-02 -3.20408706e-02  2.50067022e-01  2.93216186e-01
  4.21658549e-01 -2.49730660e-01  1.39875635e-01 -2.35343329e-01
 -1.15736560e-01 -7.32089671e-02  8.83613050e-02 -4.97307992e-02
  5.56238865e-02  2.56681752e-01  9.01913059e-02  6.68967466e-02
 -4.20531593e-01 -1.58075053e-01  3.37804366e+00 -2.04614540e-01
 -1.31573054e+00  6.07477718e+00  5.78414016e-01 -3.21249515e+00
 -5.97396993e-02  7.37962213e+00 -2.08389565e-01 -5.30504328e-01
  5.64386913e+00 -1.18865316e-01  1.02201380e-01 -6.65741090e-02
  7.43751449e-01 -2.97358250e-01  2.52038747e-01 -3.38446900e-02
  9.94126841e-01  2.30418258e-01 -2.38825837e-01 -1.30770142e-01
  4.29685554e-02 -7.80758569e-02 -3.24795934e-02 -8.27740190e-02
 -1.18334233e-01  8.91842915e-02  1.87339316e-01 -7.75726339e-02
  6.46009474e-01 -8.50781174e-01  4.22398921e-01 -1.04312260e-01
 -5.78704595e-01 -3.12303706e-01  5.90892185e-01 -4.98806405e-01]
[[3.87521546e-01 7.31291265e-01 2.61514164e-01 ... 1.25654732e-08
  6.23035185e-03 1.06483009e-02]
 [3.97128013e-01 7.04064666e-01 2.49463372e-01 ... 5.90695981e-09
  9.21862080e-03 1.54094658e-02]
 [3.98915840e-01 6.98140808e-01 2.46891358e-01 ... 5.00437236e-09
  9.90553196e-03 1.64816182e-02]
 ...
 [5.25028867e-01 4.08615043e-01 7.05442980e-01 ... 4.07810628e-01
  1.77958977e-09 3.60528203e-10]
 [5.24157849e-01 4.54094310e-01 6.95964169e-01 ... 3.28441459e-01
  1.01175074e-08 2.39843455e-09]
 [5.18590211e-01 5.00104863e-01 6.80448334e-01 ... 2.28976210e-01
  4.97920629e-08 1.38117737e-08]]
[ 9.86733367e+00 -2.29126504e+00 -4.83312174e+00 -9.69164978e+00
 -6.42767066e+00 -6.98719385e+00  1.84079573e+00 -3.20715619e+00
  6.65276997e-01 -5.60836819e-01  5.81321652e+00  2.18172339e-02
 -9.01061141e+00  3.49308620e+00  5.03853359e+00  2.63468515e+00
  1.04906260e+00 -8.82420613e-01  5.86743284e-01 -9.25133611e+00
 -3.23613966e-01 -4.32791997e-01 -1.40174783e+00  2.07392395e+00
 -4.05773493e+00  3.42830356e+01 -8.87277756e+00 -6.12061270e+01
 -1.69566513e+00  1.55540990e+01  1.42168876e+01  7.85319481e-01
  1.47918828e+01 -9.84917826e+00  4.95537943e+00  7.81790861e+00
 -6.30978612e-01 -1.07519734e+01 -4.69805476e-01  2.82073378e+00
 -6.34636017e+00  3.67872318e+00  5.49915055e+00  1.09053838e+01
 -1.00716930e+01  9.38796822e+00  1.55309548e+01 -5.41330957e+00
  2.93921077e+00 -7.80394712e-01 -2.09418053e+00 -1.88179146e+00
 -2.03516338e+00 -1.15230097e+00  9.11261676e-01 -2.84871939e+00
 -1.11593794e+00  9.02422596e-01 -5.01357622e-01 -1.37076576e+00
 -2.54486755e+00 -5.06349660e+00 -1.14096334e-01 -7.78956332e-01
 -1.62862889e+00 -2.75365995e+00 -2.49001342e-01 -4.12275880e-01
 -3.80154786e-01  3.43474766e+00  1.51889002e-01  1.02304799e+00
 -1.38345880e+00 -1.36427953e+00 -1.23251932e-01 -1.37280693e+00
  1.37174647e+00 -3.10693614e+00 -9.43805309e-01  4.30091590e+00
 -5.72847590e-03  7.80654712e-01 -5.77619497e-01  3.60903963e-01
  8.42802376e-01  3.47833841e+00  4.53014464e+00 -1.37789912e-01
 -5.95407966e-01  9.33302672e-01 -2.42021831e+00 -9.82326444e-01
  3.55814455e+00  1.09360199e+00  1.54115695e+00 -2.90540224e+00
 -4.76241622e-01  1.82912150e+00  1.65874977e+00 -1.56908592e+00
  2.54950921e+00 -1.89039700e+00  2.18327774e-01  1.78291421e+00
  1.47718251e+00  1.79315519e+00 -3.12409409e+00 -1.33148580e+00
  3.35519052e+00  6.98718733e-01  2.00178245e+00  2.64994329e+00
  3.65233179e+00  2.41237637e+00 -2.13904879e+00 -1.23255394e+00
 -3.53003670e+00 -1.56708861e+00  2.85340626e-01 -1.23255243e-01
  2.10222011e+00  2.05061668e-01 -1.78398900e+00  1.52681024e+00
 -1.68681297e+00  1.36427704e-01 -3.65111479e-01  6.22475517e+00
  6.92472625e-02  3.08873010e+00 -2.23060306e-01  1.42795136e-01
  3.19002763e-01 -5.13164577e-03 -1.94342693e+00 -7.51739242e-02
 -2.06033180e+00  1.31946618e+00 -5.35443569e-01  4.08694756e-01
 -9.15436056e-01  2.51249721e-01 -9.82195035e-02  1.91721573e-01
  2.39252116e-01 -5.31753156e-02 -1.14188433e+00  3.31115209e-01
  8.99761338e-02 -5.19823685e-01 -5.11565621e-01  4.15068698e-01
 -1.00548729e+00  5.68296586e-01 -6.75103505e-02 -5.02227528e-01
 -4.98285790e-01  2.56141244e-01 -1.11891589e-01 -1.03095422e+00
  1.28637121e+00 -1.32045541e+00  1.21225227e-01  3.96738121e-01
 -6.70747437e-01 -2.03130569e+00 -3.81903619e+00  1.30424340e+00
  3.00855006e-01 -1.30167817e+00 -2.23437989e-01 -4.18441421e-02
  3.37619466e-02  7.30713804e-02 -7.61759305e-01 -3.14386352e-01
  2.33439861e-01  1.53342866e-01  5.76602245e-01  3.45947010e+00
 -1.03944656e-01  1.87017839e-01  1.29440032e+00  3.13632501e+00
 -1.15167955e+00  8.30516708e-02 -2.35980930e+00 -1.64714127e+00
 -2.09812612e-01 -3.75210058e+00  5.72713080e-01 -1.58155499e+00
  5.52652193e-01  9.08476039e-01 -3.57070635e-01 -6.00356809e-01
  4.25982451e-01 -2.70878769e-01  1.08804178e+00 -6.15680749e-01
 -2.22957397e+00  1.86184574e-01 -4.25906526e-01  8.78811107e-01
 -7.62847906e+00 -1.89528941e-01 -2.35622008e-01  7.66966657e-01
 -1.38194011e-03  7.12914267e-01 -5.24776370e-01 -3.03617720e+00
 -6.64174101e-01  5.22680548e-01 -1.01568297e+00 -1.40787588e+00
  3.50225245e+00  3.56607387e+00  1.17862321e+00  6.33582150e-01
  2.28742896e-01 -2.98704585e-01  5.58055273e+00  4.77633430e-01
  3.62562825e-01  3.00711247e-01 -4.98873968e-01  1.68479556e+00
  2.75514017e-01  2.09732933e+00 -2.45659609e-01  1.06173348e+00
  2.37107435e+00  7.32472072e-01 -1.33234425e+00 -7.23588232e-01
  1.90778579e-01  1.84564220e-01 -3.07195040e-01 -3.24533839e-01
 -1.21152449e-01  8.08103688e-01  1.45504789e-01 -1.89239356e-02
  2.74467328e-01  3.08317333e-01  2.17187966e-01  9.39585111e-02
 -1.06158359e-02 -1.54932152e-01  7.07461352e-02  1.35182154e-02
  5.55619272e-02 -1.52518628e-01 -3.04784231e-03 -4.28568995e-02
  1.79597925e-01 -1.60825570e-01 -3.34146795e-02  2.24546388e-01
  8.65607327e-02  8.41540161e-02  5.89715225e-01 -7.35921934e-02
 -2.30856162e-02  3.05608119e-01 -2.01990413e-01  5.69385305e-01
  8.52278316e-01  1.04021245e-01 -2.75067729e-01  1.13828803e+00
 -1.17563523e+00  6.49880798e-02 -3.55543917e-02 -4.75190667e-01
 -6.34496167e-02  3.18996053e+00  1.85297042e-01 -5.71528114e-02
  2.05170809e-01 -1.35523646e-01  5.65016628e-02 -4.33395174e-03
 -1.59096420e-01  8.59554228e-02 -1.18962575e+00  2.88172434e-01
  2.44201675e-02  7.77483099e-02 -7.45622664e-02 -3.79912700e-02
  6.45572357e-02 -4.34479686e+00  1.88356424e-01 -5.93707936e-01
  2.36118139e-01  3.82112615e-01 -1.47814474e-02  4.83454369e-02
  5.09389298e-02 -1.24983286e+00 -1.40095787e-01 -5.20794389e-02
  6.75696233e-02 -3.16567739e-01  2.34006833e-01 -6.94045692e-02
  8.23667871e-02 -2.59659594e-01 -1.54891863e+00  4.81893560e-01
 -8.17653553e+00  3.76060354e-01  1.03203184e-02 -4.46949413e-02
  6.03136223e-02 -2.08047846e-01 -5.59812063e-02 -1.01468098e-01
  1.25013895e-01  6.23505644e-01 -2.17315105e-01  1.87341030e-01
  1.16184986e-01 -3.85282422e-01 -8.32609942e+00 -8.64046757e-01
 -5.89088540e-03  3.60560430e-01  2.38586716e-01 -4.52738785e-01
  1.87929921e-02  3.48572972e-03  4.00098673e-02 -6.42541974e-01
 -3.22143261e-01 -3.27776350e-02 -8.65993676e-02  4.23675262e-01
 -6.30116951e-01  3.16021294e-01 -6.55525309e-01  6.34471077e-01
 -3.26378669e-01 -2.07196558e-01  3.07098153e-01  2.18639782e-01
  2.34470129e-01  2.30488538e-02  9.41309327e-02 -9.18994417e-02
 -3.23327872e-01  2.39419452e-01  8.80536167e-02  2.17950718e+00
  1.59346186e-01 -8.77927404e-02 -3.13590410e-02  9.09413461e-02
  2.73093579e-01 -5.56937679e-02  4.32345815e-02  1.12992804e-01
 -4.66633946e-02 -1.31502019e-01 -1.36361645e-01 -1.32825366e+00
  2.39444077e-02 -3.20408706e-02  2.50067022e-01  2.93216186e-01
  4.21658549e-01 -2.49730660e-01  1.39875635e-01 -2.35343329e-01
 -1.15736560e-01 -7.32089671e-02  8.83613050e-02 -4.97307992e-02
  5.56238865e-02  2.56681752e-01  9.01913059e-02  6.68967466e-02
 -4.20531593e-01 -1.58075053e-01  3.37804366e+00 -2.04614540e-01
 -1.31573054e+00  6.07477718e+00  5.78414016e-01 -3.21249515e+00
 -5.97396993e-02  7.37962213e+00 -2.08389565e-01 -5.30504328e-01
  5.64386913e+00 -1.18865316e-01  1.02201380e-01 -6.65741090e-02
  7.43751449e-01 -2.97358250e-01  2.52038747e-01 -3.38446900e-02
  9.94126841e-01  2.30418258e-01 -2.38825837e-01 -1.30770142e-01
  4.29685554e-02 -7.80758569e-02 -3.24795934e-02 -8.27740190e-02
 -1.18334233e-01  8.91842915e-02  1.87339316e-01 -7.75726339e-02
  6.46009474e-01 -8.50781174e-01  4.22398921e-01 -1.04312260e-01
 -5.78704595e-01 -3.12303706e-01  5.90892185e-01 -4.98806405e-01
 -4.53071151e-02 -3.99094079e-01 -6.77520713e-01  1.93008022e-01
  1.21546760e-01  1.31310595e+00 -1.41226356e-01  1.80768859e-02
 -4.69418892e-02 -2.86066092e-01  9.90340980e-02 -1.78780106e-01
  1.50382731e-01  2.35550888e-01 -3.47649710e+00 -7.82297916e-02
  2.29889543e-01 -2.83459053e-01  1.82203137e-01  1.10922636e-01
  2.58993609e-01 -1.80983878e-01  3.94628349e+00  2.96148220e-01
 -3.96683176e-02 -1.04661861e-01  6.06738125e-01 -3.32448637e-01
 -2.72673653e-02  6.62761972e-02  3.58389464e-01 -2.23718235e-01
  3.36009406e-01  6.22198517e-01 -2.75478212e-01  3.58244333e-01
  4.01155214e-01 -2.14594418e-01 -4.58263218e-02 -7.03262356e-02
 -1.93425568e-01  8.92616430e-02 -3.17567636e-01  5.62643095e-02
 -8.84640414e-02  3.11091962e-02 -1.27813683e-02  3.24554206e-01
  5.47363099e-02 -6.78985329e-02  1.92302511e-01  5.92275254e-02
 -3.06272525e-03  2.26959388e+00 -9.67001704e-02  1.78692416e-01
  9.32072553e-02  1.04435877e-01 -3.46027388e-02 -5.46882362e-03
 -3.63295076e-01 -1.24559894e-01  4.08352938e-01  1.90860992e-01
 -5.40415695e-03  2.72082055e-03 -1.12284582e-01  1.63799700e-03
  1.30817794e-01  7.59075621e-02 -2.30019647e-02 -3.44993582e-02
  2.00595136e-01  5.03988470e-02  5.66056662e-02  1.21793743e-01
  2.69436990e-02  9.14485152e-02 -1.42184152e-01  9.04091805e-03
  2.31941482e-02 -1.03282559e-01  3.30471020e-02 -5.16841956e-02
  4.33350213e-02 -1.87069170e-02  3.55019118e-03 -1.68904230e-02
  1.34697048e-03 -3.69007923e-02  1.51113688e-02 -2.82626897e-02
 -1.54110023e-02 -3.39505626e-02 -6.53835813e-01 -6.69616435e-03
 -1.24377664e-01 -8.52321729e-01 -3.66667906e-02 -1.61774868e-02
  1.94662773e-02 -3.49196574e-02 -2.21994727e+00  1.02834816e-01
  1.94748350e-01  2.72805144e-02 -2.20869811e-02 -3.83464558e-03
 -6.89079228e-02  1.22699821e-01 -2.46653063e-03 -1.21190047e-02
 -6.97912061e-02  2.67844745e-02 -8.99650959e-01  4.37397956e-02
 -6.61913794e-01 -1.78815760e-02 -5.57514697e-02 -1.50967248e-01
  5.06332247e-03  1.59247124e-02 -2.17960047e-01  1.21415689e-01
  2.58516685e-01 -1.67443864e-01  2.04923796e-02  9.84195581e-03
  1.00952174e-02 -6.68304306e-03 -1.09984263e-01  2.76509771e-02
  1.02773068e-02 -1.03795969e-02  3.71167928e-01 -2.02810740e-02
  3.45762400e-02 -4.44588665e-01 -1.27979372e+00 -9.21935771e-02
  4.38650417e-02  2.40848215e-02 -3.36928443e-02  8.64929159e-02
 -4.34581623e-02  3.07984076e-02  3.56677830e-02 -6.96399218e-03
  7.79090725e-01 -4.80374104e-01 -2.25782827e-01  1.21706002e-01
 -2.79633407e-02 -6.52301034e-03  2.06023794e-03 -2.82038831e+00
  1.16726671e+00 -2.38293571e-02 -1.01221829e-01 -2.71111186e+00
 -2.97908000e-02  5.50351662e-02  2.73532168e-01 -5.89874440e-02
  1.55006480e-02 -9.85219872e-04 -5.01905958e-02 -1.01762373e-02
  8.88352382e-03 -8.21450493e-01 -3.30253492e-02 -1.56998053e-02
  2.83546983e-02  2.89087562e-02 -3.41859456e-02  5.35424398e-02
 -2.13002855e-02  1.10616499e-02 -2.13249557e-01  1.26943448e-02
  4.20838872e-02 -2.25189533e-02 -1.44604929e-02  5.58929277e-02
  2.33129343e-01  6.81817355e-01  3.21474844e-02  1.37227800e-02
  1.86597487e-02 -5.31759768e-03 -5.23186472e-01  3.55041611e-01
 -5.16103557e-01  7.73297065e-02 -8.14107851e-02  9.67510057e-03
  1.87292455e-01  5.14652873e-02  1.19382122e-02 -4.06427872e-02
  5.91538853e-02  2.07359945e-02 -1.89875116e-02  2.88069930e-01
  4.33525072e-02  1.16962718e-01  4.15350107e-01  6.60211843e-01
  2.45527403e-01  6.82350527e-02  2.13771086e-02 -1.80344217e-02
  5.25282223e-02 -8.05086681e-01  6.22882965e-01  5.21949815e-02
  2.44052323e-01  2.34523932e-02 -8.17452051e-02 -1.36817400e-02
 -2.05454683e-02  2.05270855e+00  1.38603501e-01 -7.87763632e-02
  4.20492722e-02  2.85080900e-02 -1.86593163e-02 -8.46144438e-03
  9.95015148e-03 -1.34348005e-02 -2.64305819e-02 -3.86550878e-01
  1.42999087e-01  2.44039967e-01  7.28087728e-02  2.22760969e+00
  3.91882663e-02  1.73716291e-01 -6.68779983e-02 -4.11497475e-02
 -3.74597549e-02 -1.78060342e-02  1.15491908e-02 -6.85744308e-01
  6.25370218e-01 -2.24058273e-01  2.56162867e-01 -4.10101627e-01
 -7.76566831e-01 -1.61167524e-01  5.45642825e-02 -1.49629475e-02
  1.56043359e-02 -1.76849105e-01  1.19341450e-01  7.72433996e-02
 -3.77203188e-01  2.89711513e+00 -3.96679238e-02 -9.91811389e-01
 -1.09268030e+00  1.52101458e+00 -1.13643455e+00 -4.72244548e-01
 -1.43937596e-01 -2.21688167e-01  3.66821673e-02  1.21077196e-02
 -1.02453949e-02  6.76651874e-03 -1.83885611e-01 -1.50928570e-02
  1.52916885e-02  1.15174354e-01  3.45177279e-02  3.05642509e-02
 -1.76347477e-01 -1.05556832e-01  2.34286130e-02 -3.55679780e-03
 -6.30639836e-01 -2.22434682e-01  4.95982489e-01  4.06402778e-01
 -7.96654409e-02 -3.69556580e-01  7.26619421e-02 -1.28176198e-02
  1.24717101e-02  2.04579462e-01 -7.74999066e-02]
[[3.87521546e-01 7.31291265e-01 2.61514164e-01 ... 5.06879404e-15
  9.54118976e-13 7.00762321e-16]
 [3.97128013e-01 7.04064666e-01 2.49463372e-01 ... 1.17078702e-15
  2.30187280e-13 1.61861662e-16]
 [3.98915840e-01 6.98140808e-01 2.46891358e-01 ... 8.48066221e-16
  1.68248891e-13 1.17245413e-16]
 ...
 [5.25028867e-01 4.08615043e-01 7.05442980e-01 ... 1.58668886e-03
  3.07495720e-05 6.84370438e-05]
 [5.24157849e-01 4.54094310e-01 6.95964169e-01 ... 1.83298461e-03
  6.27035830e-05 7.90602687e-05]
 [5.18590211e-01 5.00104863e-01 6.80448334e-01 ... 1.58668886e-03
  9.58101569e-05 6.84370438e-05]]
[ 9.86733367 -2.29126504 -4.83312174 ... -0.01116211  0.03641951
 -0.03230652]
[[3.87521546e-01 7.31291265e-01 2.61514164e-01 ... 5.00302023e-03
  4.86580176e-08 4.76707218e-08]
 [3.97128013e-01 7.04064666e-01 2.49463372e-01 ... 7.27024566e-04
  3.93869802e-09 4.45658158e-09]
 [3.98915840e-01 6.98140808e-01 2.46891358e-01 ... 4.69527887e-04
  2.25313659e-09 2.62665707e-09]
 ...
 [5.25028867e-01 4.08615043e-01 7.05442980e-01 ... 1.43013639e-23
  1.60718347e-17 2.93513927e-25]
 [5.24157849e-01 4.54094310e-01 6.95964169e-01 ... 1.69197138e-20
  4.95206016e-15 3.25311910e-22]
 [5.18590211e-01 5.00104863e-01 6.80448334e-01 ... 1.12393291e-17
  8.56718584e-13 2.02443127e-19]]
[ 9.86733367e+00 -2.29126504e+00 -4.83312174e+00 ... -1.24470640e-02
 -4.21286395e-03 -3.28324989e-03]
[[3.87521546e-01 7.31291265e-01 2.61514164e-01 ... 1.30739120e-63
  9.04732905e-21 3.13176355e-44]
 [3.97128013e-01 7.04064666e-01 2.49463372e-01 ... 3.11807742e-66
  2.07850672e-19 1.06097248e-46]
 [3.98915840e-01 6.98140808e-01 2.46891358e-01 ... 8.27507039e-67
  3.69357641e-19 3.02822172e-47]
 ...
 [5.25028867e-01 4.08615043e-01 7.05442980e-01 ... 3.08376463e-07
  2.53650690e-51 2.28108290e-15]
 [5.24157849e-01 4.54094310e-01 6.95964169e-01 ... 5.45854243e-08
  1.36154785e-47 3.94415704e-14]
 [5.18590211e-01 5.00104863e-01 6.80448334e-01 ... 3.04604141e-09
  2.30405804e-44 2.14996293e-13]]
[ 9.86733367e+00 -2.29126504e+00 -4.83312174e+00 ...  1.51931092e-03
  7.67010478e-03  1.33862266e-03]
[[3.87521546e-01 7.31291265e-01 2.61514164e-01 ... 1.30739120e-63
  9.04732905e-21 3.13176355e-44]
 [3.97128013e-01 7.04064666e-01 2.49463372e-01 ... 3.11807742e-66
  2.07850672e-19 1.06097248e-46]
 [3.98915840e-01 6.98140808e-01 2.46891358e-01 ... 8.27507039e-67
  3.69357641e-19 3.02822172e-47]
 ...
 [5.25028867e-01 4.08615043e-01 7.05442980e-01 ... 3.08376463e-07
  2.53650690e-51 2.28108290e-15]
 [5.24157849e-01 4.54094310e-01 6.95964169e-01 ... 5.45854243e-08
  1.36154785e-47 3.94415704e-14]
 [5.18590211e-01 5.00104863e-01 6.80448334e-01 ... 3.04604141e-09
  2.30405804e-44 2.14996293e-13]]
[ 9.86733367e+00 -2.29126504e+00 -4.83312174e+00 ...  1.51931092e-03
  7.67010478e-03  1.33862266e-03]
[[3.87521546e-01 7.31291265e-01 2.61514164e-01 ... 1.30739120e-63
  9.04732905e-21 3.13176355e-44]
 [3.97128013e-01 7.04064666e-01 2.49463372e-01 ... 3.11807742e-66
  2.07850672e-19 1.06097248e-46]
 [3.98915840e-01 6.98140808e-01 2.46891358e-01 ... 8.27507039e-67
  3.69357641e-19 3.02822172e-47]
 ...
 [5.25028867e-01 4.08615043e-01 7.05442980e-01 ... 3.08376463e-07
  2.53650690e-51 2.28108290e-15]
 [5.24157849e-01 4.54094310e-01 6.95964169e-01 ... 5.45854243e-08
  1.36154785e-47 3.94415704e-14]
 [5.18590211e-01 5.00104863e-01 6.80448334e-01 ... 3.04604141e-09
  2.30405804e-44 2.14996293e-13]]
[ 9.86733367e+00 -2.29126504e+00 -4.83312174e+00 ...  1.51931092e-03
  7.67010478e-03  1.33862266e-03]
[[3.87521546e-01 7.31291265e-01 2.61514164e-01 ... 1.30739120e-63
  9.04732905e-21 3.13176355e-44]
 [3.97128013e-01 7.04064666e-01 2.49463372e-01 ... 3.11807742e-66
  2.07850672e-19 1.06097248e-46]
 [3.98915840e-01 6.98140808e-01 2.46891358e-01 ... 8.27507039e-67
  3.69357641e-19 3.02822172e-47]
 ...
 [5.25028867e-01 4.08615043e-01 7.05442980e-01 ... 3.08376463e-07
  2.53650690e-51 2.28108290e-15]
 [5.24157849e-01 4.54094310e-01 6.95964169e-01 ... 5.45854243e-08
  1.36154785e-47 3.94415704e-14]
 [5.18590211e-01 5.00104863e-01 6.80448334e-01 ... 3.04604141e-09
  2.30405804e-44 2.14996293e-13]]
[ 9.86733367e+00 -2.29126504e+00 -4.83312174e+00 ...  1.51931092e-03
  7.67010478e-03  1.33862266e-03]
[[3.87521546e-01 7.31291265e-01 2.61514164e-01 ... 1.30739120e-63
  9.04732905e-21 3.13176355e-44]
 [3.97128013e-01 7.04064666e-01 2.49463372e-01 ... 3.11807742e-66
  2.07850672e-19 1.06097248e-46]
 [3.98915840e-01 6.98140808e-01 2.46891358e-01 ... 8.27507039e-67
  3.69357641e-19 3.02822172e-47]
 ...
 [5.25028867e-01 4.08615043e-01 7.05442980e-01 ... 3.08376463e-07
  2.53650690e-51 2.28108290e-15]
 [5.24157849e-01 4.54094310e-01 6.95964169e-01 ... 5.45854243e-08
  1.36154785e-47 3.94415704e-14]
 [5.18590211e-01 5.00104863e-01 6.80448334e-01 ... 3.04604141e-09
  2.30405804e-44 2.14996293e-13]]
[ 9.86733367e+00 -2.29126504e+00 -4.83312174e+00 ...  1.51931092e-03
  7.67010478e-03  1.33862266e-03]
[[3.87521546e-01 7.31291265e-01 2.61514164e-01 ... 1.30739120e-63
  9.04732905e-21 3.13176355e-44]
 [3.97128013e-01 7.04064666e-01 2.49463372e-01 ... 3.11807742e-66
  2.07850672e-19 1.06097248e-46]
 [3.98915840e-01 6.98140808e-01 2.46891358e-01 ... 8.27507039e-67
  3.69357641e-19 3.02822172e-47]
 ...
 [5.25028867e-01 4.08615043e-01 7.05442980e-01 ... 3.08376463e-07
  2.53650690e-51 2.28108290e-15]
 [5.24157849e-01 4.54094310e-01 6.95964169e-01 ... 5.45854243e-08
  1.36154785e-47 3.94415704e-14]
 [5.18590211e-01 5.00104863e-01 6.80448334e-01 ... 3.04604141e-09
  2.30405804e-44 2.14996293e-13]]
[ 9.86733367e+00 -2.29126504e+00 -4.83312174e+00 ...  1.51931092e-03
  7.67010478e-03  1.33862266e-03]
[[8.32201087e-03 2.55553307e-03]
 [1.97010870e-02 1.71741701e-03]
 [3.99116848e-02 9.36863525e-04]
 [7.20108696e-02 5.64104575e-04]
 [1.21433424e-01 3.19973839e-04]
 [2.20108696e-01 1.42206331e-04]
 [3.96908967e-01 4.20070394e-05]
 [6.22961957e-01 1.79690363e-05]
 [6.22961957e-01 1.79690363e-05]
 [6.22961957e-01 1.79690363e-05]
 [6.22961957e-01 1.79690363e-05]
 [6.22961957e-01 1.79690363e-05]
 [6.22961957e-01 1.79690363e-05]]
