sparseRep_1.py:65: FutureWarning: arrays to stack must be passed as a "sequence" type such as list or tuple. Support for non-sequence iterables such as generators is deprecated as of NumPy 1.16 and will raise an error in the future.
  Data = np.vstack((boundary for boundary in boundaries))
[[5.85712217e-02 8.60000000e-03 1.55402297e+04 ... 6.32475349e+05
  6.39360520e+00 3.35613324e-04]
 [6.28194029e-02 8.60000000e-03 1.55402297e+04 ... 6.32475349e+05
  6.39360520e+00 3.42570187e-04]
 [6.37000290e-02 8.60000000e-03 1.55402297e+04 ... 6.32475349e+05
  6.39360520e+00 3.42978814e-04]
 ...
 [1.84028445e-02 9.12673192e-04 1.55511258e+04 ... 7.20195736e+05
  6.89843433e+00 0.00000000e+00]
 [1.90314074e-02 1.52112199e-03 1.55511258e+04 ... 7.20195736e+05
  6.89843433e+00 5.90606474e-05]
 [1.96599704e-02 2.12957078e-03 1.55511258e+04 ... 7.20195736e+05
  6.89843433e+00 1.69909423e-04]]
[[0.70590027 1.         0.98425392 ... 0.60404715 0.41521124 0.08590381]
 [0.75709935 1.         0.98425392 ... 0.60404715 0.41521124 0.08768449]
 [0.76771265 1.         0.98425392 ... 0.60404715 0.41521124 0.08778908]
 ...
 [0.22179105 0.10612479 0.98494404 ... 0.68782473 0.44799568 0.        ]
 [0.22936649 0.17687465 0.98494404 ... 0.68782473 0.44799568 0.0151172 ]
 [0.23694193 0.24762451 0.98494404 ... 0.68782473 0.44799568 0.04349013]]
0.0017385015307749344
1
2
[[0.38752155 0.73129126 0.26151416 ... 0.3459622  0.98475102 0.27048279]
 [0.39712801 0.70406467 0.24946337 ... 0.35453843 0.97075576 0.27718792]
 [0.39891584 0.69814081 0.24689136 ... 0.35613452 0.96731423 0.27843579]
 ...
 [0.52502887 0.40861504 0.70544298 ... 0.54059882 0.40490007 0.39753193]
 [0.52415785 0.45409431 0.69596417 ... 0.53970197 0.45329461 0.39687242]
 [0.51859021 0.50010486 0.68044833 ... 0.53396922 0.50291729 0.39265682]]
[ 0.32159828  0.8872378  -0.56305878 -0.87205525 -0.30485221 -1.21237744
  2.11655099  2.15585562 -1.12608634 -0.83641883 -0.8441745 ]
[[0.38752155 0.73129126 0.26151416 ... 0.12319    0.75395317 0.50676536]
 [0.39712801 0.70406467 0.24946337 ... 0.11256384 0.77156136 0.53220155]
 [0.39891584 0.69814081 0.24689136 ... 0.11034948 0.77435717 0.53700413]
 ...
 [0.52502887 0.40861504 0.70544298 ... 0.5980848  0.0783091  0.16292727]
 [0.52415785 0.45409431 0.69596417 ... 0.6144872  0.098901   0.19065288]
 [0.51859021 0.50010486 0.68044833 ... 0.62005402 0.12267491 0.21910868]]
[ 0.32159828  0.8872378  -0.56305878 -0.87205525 -0.30485221 -1.21237744
  2.11655099  2.15585562 -1.12608634 -0.83641883 -0.8441745  -0.70982141
  0.2571491   0.59340777  0.26247603 -0.34916415  0.51326555 -0.53979208
  0.473488    0.67127755 -0.38381067 -0.58188095 -0.29782552  0.24639132]
[[0.38752155 0.73129126 0.26151416 ... 0.01432665 0.07727232 0.01204143]
 [0.39712801 0.70406467 0.24946337 ... 0.01580096 0.06502577 0.00997067]
 [0.39891584 0.69814081 0.24689136 ... 0.01608742 0.06259449 0.00956579]
 ...
 [0.52502887 0.40861504 0.70544298 ... 0.0649518  0.24312925 0.85106827]
 [0.52415785 0.45409431 0.69596417 ... 0.06452186 0.2843881  0.80623984]
 [0.51859021 0.50010486 0.68044833 ... 0.06182381 0.32086243 0.73671134]]
[ 0.32159828  0.8872378  -0.56305878 -0.87205525 -0.30485221 -1.21237744
  2.11655099  2.15585562 -1.12608634 -0.83641883 -0.8441745  -0.70982141
  0.2571491   0.59340777  0.26247603 -0.34916415  0.51326555 -0.53979208
  0.473488    0.67127755 -0.38381067 -0.58188095 -0.29782552  0.24639132
 -0.17150348  0.1773901   0.06106882 -0.43223448  0.10235929  0.06615011
  0.32766623  0.26814222 -0.08197234  0.05773906]
[[3.87521546e-01 7.31291265e-01 2.61514164e-01 ... 9.15105654e-03
  5.60276511e-04 4.56154517e-02]
 [3.97128013e-01 7.04064666e-01 2.49463372e-01 ... 1.11313641e-02
  6.81521832e-04 5.54866941e-02]
 [3.98915840e-01 6.98140808e-01 2.46891358e-01 ... 1.15386343e-02
  7.06457170e-04 5.75168131e-02]
 ...
 [5.25028867e-01 4.08615043e-01 7.05442980e-01 ... 3.90691457e-03
  3.90019242e-03 1.95411653e-04]
 [5.24157849e-01 4.54094310e-01 6.95964169e-01 ... 5.07399743e-03
  3.84872892e-03 3.66394391e-04]
 [5.18590211e-01 5.00104863e-01 6.80448334e-01 ... 6.13102446e-03
  3.53358133e-03 6.39165982e-04]]
[ 0.32159828  0.8872378  -0.56305878 -0.87205525 -0.30485221 -1.21237744
  2.11655099  2.15585562 -1.12608634 -0.83641883 -0.8441745  -0.70982141
  0.2571491   0.59340777  0.26247603 -0.34916415  0.51326555 -0.53979208
  0.473488    0.67127755 -0.38381067 -0.58188095 -0.29782552  0.24639132
 -0.17150348  0.1773901   0.06106882 -0.43223448  0.10235929  0.06615011
  0.32766623  0.26814222 -0.08197234  0.05773906  0.3242974  -0.17941615
 -0.35673997  0.07353368  0.25873187  0.36701267 -0.19107856 -0.10093101
 -0.07603715 -0.30398808  0.264438    0.1164713 ]
[[3.87521546e-01 7.31291265e-01 2.61514164e-01 ... 5.60276511e-04
  4.56154517e-02 4.87820024e-02]
 [3.97128013e-01 7.04064666e-01 2.49463372e-01 ... 6.81521832e-04
  5.54866941e-02 7.21794162e-02]
 [3.98915840e-01 6.98140808e-01 2.46891358e-01 ... 7.06457170e-04
  5.75168131e-02 7.75577663e-02]
 ...
 [5.25028867e-01 4.08615043e-01 7.05442980e-01 ... 3.90019242e-03
  1.95411653e-04 4.05614462e-07]
 [5.24157849e-01 4.54094310e-01 6.95964169e-01 ... 3.84872892e-03
  3.66394391e-04 1.42596921e-06]
 [5.18590211e-01 5.00104863e-01 6.80448334e-01 ... 3.53358133e-03
  6.39165982e-04 4.33950128e-06]]
[ 0.32159828  0.8872378  -0.56305878 -0.87205525 -0.30485221 -1.21237744
  2.11655099  2.15585562 -1.12608634 -0.83641883 -0.8441745  -0.70982141
  0.2571491   0.59340777  0.26247603 -0.34916415  0.51326555 -0.53979208
  0.473488    0.67127755 -0.38381067 -0.58188095 -0.29782552  0.24639132
 -0.17150348  0.1773901   0.06106882 -0.43223448  0.10235929  0.06615011
  0.32766623  0.26814222 -0.08197234  0.05773906  0.3242974  -0.17941615
 -0.35673997  0.07353368  0.25873187  0.36701267 -0.19107856 -0.10093101
 -0.07603715 -0.30398808  0.264438    0.1164713   0.15780753]
[[3.87521546e-01 7.31291265e-01 2.61514164e-01 ... 5.60276511e-04
  4.56154517e-02 4.87820024e-02]
 [3.97128013e-01 7.04064666e-01 2.49463372e-01 ... 6.81521832e-04
  5.54866941e-02 7.21794162e-02]
 [3.98915840e-01 6.98140808e-01 2.46891358e-01 ... 7.06457170e-04
  5.75168131e-02 7.75577663e-02]
 ...
 [5.25028867e-01 4.08615043e-01 7.05442980e-01 ... 3.90019242e-03
  1.95411653e-04 4.05614462e-07]
 [5.24157849e-01 4.54094310e-01 6.95964169e-01 ... 3.84872892e-03
  3.66394391e-04 1.42596921e-06]
 [5.18590211e-01 5.00104863e-01 6.80448334e-01 ... 3.53358133e-03
  6.39165982e-04 4.33950128e-06]]
[ 0.32159828  0.8872378  -0.56305878 -0.87205525 -0.30485221 -1.21237744
  2.11655099  2.15585562 -1.12608634 -0.83641883 -0.8441745  -0.70982141
  0.2571491   0.59340777  0.26247603 -0.34916415  0.51326555 -0.53979208
  0.473488    0.67127755 -0.38381067 -0.58188095 -0.29782552  0.24639132
 -0.17150348  0.1773901   0.06106882 -0.43223448  0.10235929  0.06615011
  0.32766623  0.26814222 -0.08197234  0.05773906  0.3242974  -0.17941615
 -0.35673997  0.07353368  0.25873187  0.36701267 -0.19107856 -0.10093101
 -0.07603715 -0.30398808  0.264438    0.1164713   0.15780753]
[[3.87521546e-01 7.31291265e-01 2.61514164e-01 ... 5.60276511e-04
  4.56154517e-02 4.87820024e-02]
 [3.97128013e-01 7.04064666e-01 2.49463372e-01 ... 6.81521832e-04
  5.54866941e-02 7.21794162e-02]
 [3.98915840e-01 6.98140808e-01 2.46891358e-01 ... 7.06457170e-04
  5.75168131e-02 7.75577663e-02]
 ...
 [5.25028867e-01 4.08615043e-01 7.05442980e-01 ... 3.90019242e-03
  1.95411653e-04 4.05614462e-07]
 [5.24157849e-01 4.54094310e-01 6.95964169e-01 ... 3.84872892e-03
  3.66394391e-04 1.42596921e-06]
 [5.18590211e-01 5.00104863e-01 6.80448334e-01 ... 3.53358133e-03
  6.39165982e-04 4.33950128e-06]]
[ 0.32159828  0.8872378  -0.56305878 -0.87205525 -0.30485221 -1.21237744
  2.11655099  2.15585562 -1.12608634 -0.83641883 -0.8441745  -0.70982141
  0.2571491   0.59340777  0.26247603 -0.34916415  0.51326555 -0.53979208
  0.473488    0.67127755 -0.38381067 -0.58188095 -0.29782552  0.24639132
 -0.17150348  0.1773901   0.06106882 -0.43223448  0.10235929  0.06615011
  0.32766623  0.26814222 -0.08197234  0.05773906  0.3242974  -0.17941615
 -0.35673997  0.07353368  0.25873187  0.36701267 -0.19107856 -0.10093101
 -0.07603715 -0.30398808  0.264438    0.1164713   0.15780753]
[[3.87521546e-01 7.31291265e-01 2.61514164e-01 ... 4.87820024e-02
  2.83929436e-22 1.91757506e-06]
 [3.97128013e-01 7.04064666e-01 2.49463372e-01 ... 7.21794162e-02
  6.52286740e-21 4.40535086e-05]
 [3.98915840e-01 6.98140808e-01 2.46891358e-01 ... 7.75577663e-02
  1.15913388e-20 7.82844586e-05]
 ...
 [5.25028867e-01 4.08615043e-01 7.05442980e-01 ... 4.05614462e-07
  4.80791176e-73 3.55763275e-61]
 [5.24157849e-01 4.54094310e-01 6.95964169e-01 ... 1.42596921e-06
  1.21513362e-67 8.99142785e-56]
 [5.18590211e-01 5.00104863e-01 6.80448334e-01 ... 4.33950128e-06
  9.68178048e-63 7.16407060e-51]]
[ 0.32159828  0.8872378  -0.56305878 -0.87205525 -0.30485221 -1.21237744
  2.11655099  2.15585562 -1.12608634 -0.83641883 -0.8441745  -0.70982141
  0.2571491   0.59340777  0.26247603 -0.34916415  0.51326555 -0.53979208
  0.473488    0.67127755 -0.38381067 -0.58188095 -0.29782552  0.24639132
 -0.17150348  0.1773901   0.06106882 -0.43223448  0.10235929  0.06615011
  0.32766623  0.26814222 -0.08197234  0.05773906  0.3242974  -0.17941615
 -0.35673997  0.07353368  0.25873187  0.36701267 -0.19107856 -0.10093101
 -0.07603715 -0.30398808  0.264438    0.1164713   0.15780753  0.43736602
  0.45844256]
[[3.87521546e-01 7.31291265e-01 2.61514164e-01 ... 4.87820024e-02
  2.83929436e-22 1.91757506e-06]
 [3.97128013e-01 7.04064666e-01 2.49463372e-01 ... 7.21794162e-02
  6.52286740e-21 4.40535086e-05]
 [3.98915840e-01 6.98140808e-01 2.46891358e-01 ... 7.75577663e-02
  1.15913388e-20 7.82844586e-05]
 ...
 [5.25028867e-01 4.08615043e-01 7.05442980e-01 ... 4.05614462e-07
  4.80791176e-73 3.55763275e-61]
 [5.24157849e-01 4.54094310e-01 6.95964169e-01 ... 1.42596921e-06
  1.21513362e-67 8.99142785e-56]
 [5.18590211e-01 5.00104863e-01 6.80448334e-01 ... 4.33950128e-06
  9.68178048e-63 7.16407060e-51]]
[ 0.32159828  0.8872378  -0.56305878 -0.87205525 -0.30485221 -1.21237744
  2.11655099  2.15585562 -1.12608634 -0.83641883 -0.8441745  -0.70982141
  0.2571491   0.59340777  0.26247603 -0.34916415  0.51326555 -0.53979208
  0.473488    0.67127755 -0.38381067 -0.58188095 -0.29782552  0.24639132
 -0.17150348  0.1773901   0.06106882 -0.43223448  0.10235929  0.06615011
  0.32766623  0.26814222 -0.08197234  0.05773906  0.3242974  -0.17941615
 -0.35673997  0.07353368  0.25873187  0.36701267 -0.19107856 -0.10093101
 -0.07603715 -0.30398808  0.264438    0.1164713   0.15780753  0.43736602
  0.45844256]
[[3.87521546e-001 7.31291265e-001 2.61514164e-001 ... 1.29101665e-029
  1.25894640e-032 6.62585656e-076]
 [3.97128013e-001 7.04064666e-001 2.49463372e-001 ... 3.59616765e-024
  3.50683496e-027 1.84565327e-070]
 [3.98915840e-001 6.98140808e-001 2.46891358e-001 ... 3.58607369e-023
  3.49699174e-026 1.84047277e-069]
 ...
 [5.25028867e-001 4.08615043e-001 7.05442980e-001 ... 1.71114016e-285
  5.96607274e-260 1.74812429e-301]
 [5.24157849e-001 4.54094310e-001 6.95964169e-001 ... 2.42885630e-261
  8.46846666e-236 2.48135296e-277]
 [5.18590211e-001 5.00104863e-001 6.80448334e-001 ... 3.40543529e-239
  1.18734135e-213 3.47903948e-255]]
[ 0.32159828  0.8872378  -0.56305878 -0.87205525 -0.30485221 -1.21237744
  2.11655099  2.15585562 -1.12608634 -0.83641883 -0.8441745  -0.70982141
  0.2571491   0.59340777  0.26247603 -0.34916415  0.51326555 -0.53979208
  0.473488    0.67127755 -0.38381067 -0.58188095 -0.29782552  0.24639132
 -0.17150348  0.1773901   0.06106882 -0.43223448  0.10235929  0.06615011
  0.32766623  0.26814222 -0.08197234  0.05773906  0.3242974  -0.17941615
 -0.35673997  0.07353368  0.25873187  0.36701267 -0.19107856 -0.10093101
 -0.07603715 -0.30398808  0.264438    0.1164713   0.15780753  0.43736602
  0.45844256  0.49048184  0.46014119  0.42583941  0.4210591 ]
[[3.87521546e-01 7.31291265e-01 2.61514164e-01 ... 1.71756260e-37
  8.37943498e-74 1.18154621e-90]
 [3.97128013e-01 7.04064666e-01 2.49463372e-01 ... 1.33268880e-26
  6.50175962e-63 9.16783705e-80]
 [3.98915840e-01 6.98140808e-01 2.46891358e-01 ... 1.32521794e-24
  6.46531170e-61 9.11644348e-78]
 ...
 [5.25028867e-01 4.08615043e-01 7.05442980e-01 ... 0.00000000e+00
  0.00000000e+00 0.00000000e+00]
 [5.24157849e-01 4.54094310e-01 6.95964169e-01 ... 0.00000000e+00
  0.00000000e+00 0.00000000e+00]
 [5.18590211e-01 5.00104863e-01 6.80448334e-01 ... 0.00000000e+00
  0.00000000e+00 0.00000000e+00]]
[ 0.32159828  0.8872378  -0.56305878 -0.87205525 -0.30485221 -1.21237744
  2.11655099  2.15585562 -1.12608634 -0.83641883 -0.8441745  -0.70982141
  0.2571491   0.59340777  0.26247603 -0.34916415  0.51326555 -0.53979208
  0.473488    0.67127755 -0.38381067 -0.58188095 -0.29782552  0.24639132
 -0.17150348  0.1773901   0.06106882 -0.43223448  0.10235929  0.06615011
  0.32766623  0.26814222 -0.08197234  0.05773906  0.3242974  -0.17941615
 -0.35673997  0.07353368  0.25873187  0.36701267 -0.19107856 -0.10093101
 -0.07603715 -0.30398808  0.264438    0.1164713   0.15780753  0.43736602
  0.45844256  0.49048184  0.46014119  0.42583941  0.4210591   0.43305741
  0.41094441  0.40935738  0.40876727  0.40875962  0.40494121  0.39470949
  0.38944198]
[[3.87521546e-001 7.31291265e-001 2.61514164e-001 ... 4.81523098e-127
  0.00000000e+000 0.00000000e+000]
 [3.97128013e-001 7.04064666e-001 2.49463372e-001 ... 2.89900839e-105
  5.93205603e-307 9.47951775e-306]
 [3.98915840e-001 6.98140808e-001 2.46891358e-001 ... 2.86659665e-101
  5.86573395e-303 9.37353404e-302]
 ...
 [5.25028867e-001 4.08615043e-001 7.05442980e-001 ... 0.00000000e+000
  0.00000000e+000 0.00000000e+000]
 [5.24157849e-001 4.54094310e-001 6.95964169e-001 ... 0.00000000e+000
  0.00000000e+000 0.00000000e+000]
 [5.18590211e-001 5.00104863e-001 6.80448334e-001 ... 0.00000000e+000
  0.00000000e+000 0.00000000e+000]]
[ 0.32159828  0.8872378  -0.56305878 -0.87205525 -0.30485221 -1.21237744
  2.11655099  2.15585562 -1.12608634 -0.83641883 -0.8441745  -0.70982141
  0.2571491   0.59340777  0.26247603 -0.34916415  0.51326555 -0.53979208
  0.473488    0.67127755 -0.38381067 -0.58188095 -0.29782552  0.24639132
 -0.17150348  0.1773901   0.06106882 -0.43223448  0.10235929  0.06615011
  0.32766623  0.26814222 -0.08197234  0.05773906  0.3242974  -0.17941615
 -0.35673997  0.07353368  0.25873187  0.36701267 -0.19107856 -0.10093101
 -0.07603715 -0.30398808  0.264438    0.1164713   0.15780753  0.43736602
  0.45844256  0.49048184  0.46014119  0.42583941  0.4210591   0.43305741
  0.41094441  0.40935738  0.40876727  0.40875962  0.40494121  0.39470949
  0.38944198  0.37475526  0.37040308  0.36338907  0.36139694  0.35811784
  0.35699716  0.35343845  0.34828555  0.34711413  0.34279223  0.33430015]
[[3.87521546e-001 7.31291265e-001 2.61514164e-001 ... 0.00000000e+000
  8.92599715e-277 0.00000000e+000]
 [3.97128013e-001 7.04064666e-001 2.49463372e-001 ... 0.00000000e+000
  3.23535126e-233 9.66609792e-319]
 [3.98915840e-001 6.98140808e-001 2.46891358e-001 ... 0.00000000e+000
  3.16341138e-225 9.45116352e-311]
 ...
 [5.25028867e-001 4.08615043e-001 7.05442980e-001 ... 0.00000000e+000
  0.00000000e+000 0.00000000e+000]
 [5.24157849e-001 4.54094310e-001 6.95964169e-001 ... 0.00000000e+000
  0.00000000e+000 0.00000000e+000]
 [5.18590211e-001 5.00104863e-001 6.80448334e-001 ... 0.00000000e+000
  0.00000000e+000 0.00000000e+000]]
[ 0.32159828  0.8872378  -0.56305878 -0.87205525 -0.30485221 -1.21237744
  2.11655099  2.15585562 -1.12608634 -0.83641883 -0.8441745  -0.70982141
  0.2571491   0.59340777  0.26247603 -0.34916415  0.51326555 -0.53979208
  0.473488    0.67127755 -0.38381067 -0.58188095 -0.29782552  0.24639132
 -0.17150348  0.1773901   0.06106882 -0.43223448  0.10235929  0.06615011
  0.32766623  0.26814222 -0.08197234  0.05773906  0.3242974  -0.17941615
 -0.35673997  0.07353368  0.25873187  0.36701267 -0.19107856 -0.10093101
 -0.07603715 -0.30398808  0.264438    0.1164713   0.15780753  0.43736602
  0.45844256  0.49048184  0.46014119  0.42583941  0.4210591   0.43305741
  0.41094441  0.40935738  0.40876727  0.40875962  0.40494121  0.39470949
  0.38944198  0.37475526  0.37040308  0.36338907  0.36139694  0.35811784
  0.35699716  0.35343845  0.34828555  0.34711413  0.34279223  0.33430015
  0.32891004  0.32318873  0.32219785  0.31688508  0.31523381  0.31043281
  0.30578837  0.30447592  0.30132926  0.29959106  0.2946694   0.29448212
  0.28916747  0.28735469  0.2862858 ]
[[0.00186821 0.00631439]
 [0.00407609 0.00463562]
 [0.00577446 0.00389628]
 [0.0078125  0.0027259 ]
 [0.00798234 0.00267031]
 [0.00798234 0.00267031]
 [0.00798234 0.00267031]
 [0.00832201 0.00255315]
 [0.00832201 0.00255315]
 [0.00900136 0.00241253]
 [0.01036005 0.00218667]
 [0.01222826 0.00195026]
 [0.01477582 0.00171231]]
