[[2.57893438e+02 6.61950300e-03 2.66696894e+01 3.83093000e-03]
 [1.17192216e+02 6.98329000e-03 1.44727820e+01 6.30352000e-03]
 [1.17435754e+02 8.45934000e-03 1.53151483e+01 8.03008000e-03]
 ...
 [1.15380800e+02 6.75225800e-03 2.70289840e+01 5.35750000e-03]
 [1.81754126e+02 6.60062400e-03 2.46118875e+01 4.16289000e-03]
 [2.58394867e+02 5.82451800e-03 2.32431039e+01 3.39543000e-03]]
[[0.95620153 0.66213563 0.89005588 0.28294263]
 [0.43451813 0.69852452 0.48300468 0.46556176]
 [0.43542111 0.84617084 0.51111723 0.59308104]
 ...
 [0.42780188 0.67541485 0.90204673 0.39569116]
 [0.67389684 0.6602472  0.82138021 0.30746034]
 [0.95806069 0.58261487 0.77569937 0.25077772]]
0.0004600353904390701
1
2
[[0.37015505 0.27681473 0.57522238 ... 0.55433118 0.7230502  0.28050734]
 [0.85756289 0.7889807  0.5374385  ... 0.53451488 0.55274049 0.7946008 ]
 [0.94220047 0.6258592  0.47016085 ... 0.5903221  0.46052469 0.89802654]
 ...
 [0.53165336 0.4907565  0.31951685 ... 0.33611499 0.75087634 0.65407862]
 [0.57189201 0.49246778 0.54874038 ... 0.53773476 0.83966371 0.53372492]
 [0.40063    0.3609389  0.71779616 ... 0.59698055 0.76388508 0.27931066]]
[ 0.0512638   0.71190199  1.08802824 -0.19540433 -4.27389108 -0.15680717
  0.46037523  0.30459881  2.74259591  1.16794567]
[[0.37015505 0.27681473 0.57522238 ... 0.51265682 0.33088078 0.79705553]
 [0.85756289 0.7889807  0.5374385  ... 0.3878639  0.28884014 0.50415846]
 [0.94220047 0.6258592  0.47016085 ... 0.33390378 0.22105123 0.47213391]
 ...
 [0.53165336 0.4907565  0.31951685 ... 0.88111916 0.10209102 0.47284586]
 [0.57189201 0.49246778 0.54874038 ... 0.84017673 0.30111601 0.85434703]
 [0.40063    0.3609389  0.71779616 ... 0.48120515 0.51523133 0.87837502]]
[ 0.0512638   0.71190199  1.08802824 -0.19540433 -4.27389108 -0.15680717
  0.46037523  0.30459881  2.74259591  1.16794567 -1.928764    0.45401207
  0.03321371 -0.46784866 -0.1554136   0.40659523  1.35878537 -0.53297847
  1.14014619 -0.38325042 -0.34569683  0.44859192]
[[0.37015505 0.27681473 0.57522238 ... 0.64262212 0.0847466  0.2408697 ]
 [0.85756289 0.7889807  0.5374385  ... 0.01008039 0.68651613 0.30627568]
 [0.94220047 0.6258592  0.47016085 ... 0.00616751 0.39386569 0.28848199]
 ...
 [0.53165336 0.4907565  0.31951685 ... 0.0663264  0.19442723 0.07548592]
 [0.57189201 0.49246778 0.54874038 ... 0.27851853 0.33621891 0.32217327]
 [0.40063    0.3609389  0.71779616 ... 0.60026974 0.17083133 0.37831628]]
[ 0.0512638   0.71190199  1.08802824 -0.19540433 -4.27389108 -0.15680717
  0.46037523  0.30459881  2.74259591  1.16794567 -1.928764    0.45401207
  0.03321371 -0.46784866 -0.1554136   0.40659523  1.35878537 -0.53297847
  1.14014619 -0.38325042 -0.34569683  0.44859192 -0.29862313  0.18624514
 -0.10799945 -0.20708913  0.06547313  0.41345798 -0.22451756  0.32786953
 -0.17391985  0.20956749  0.2061297   0.04177353 -0.41208099  0.06499233
  0.14704564 -0.13860301]
[[3.70155047e-01 2.76814732e-01 5.75222378e-01 ... 6.88574533e-03
  1.65286797e-01 3.83313288e-05]
 [8.57562892e-01 7.88980700e-01 5.37438502e-01 ... 9.75864408e-03
  1.22987350e-03 1.58924909e-01]
 [9.42200473e-01 6.25859201e-01 4.70160851e-01 ... 1.75777447e-02
  4.61675324e-03 4.22973704e-01]
 ...
 [5.31653357e-01 4.90756499e-01 3.19516848e-01 ... 1.49705113e-04
  1.59043368e-02 3.34996022e-02]
 [5.71892009e-01 4.92467778e-01 5.48740382e-01 ... 6.54358150e-03
  1.01705660e-01 6.58475796e-03]
 [4.00629996e-01 3.60938897e-01 7.17796159e-01 ... 1.56395731e-02
  5.06621198e-02 3.70424815e-05]]
[ 0.0512638   0.71190199  1.08802824 -0.19540433 -4.27389108 -0.15680717
  0.46037523  0.30459881  2.74259591  1.16794567 -1.928764    0.45401207
  0.03321371 -0.46784866 -0.1554136   0.40659523  1.35878537 -0.53297847
  1.14014619 -0.38325042 -0.34569683  0.44859192 -0.29862313  0.18624514
 -0.10799945 -0.20708913  0.06547313  0.41345798 -0.22451756  0.32786953
 -0.17391985  0.20956749  0.2061297   0.04177353 -0.41208099  0.06499233
  0.14704564 -0.13860301  0.09086194 -0.0322461  -0.05943892 -0.07469919
 -0.05354482  0.03595912  0.02475872 -0.00958291  0.01475043  0.06519238
  0.0504662   0.099346    0.11767765 -0.28843339 -0.10960483  0.24845261
  0.03719504 -0.04585316  0.12842011  0.02755793  0.03196877 -0.16436418
  0.22066903 -0.07701999 -0.14294444]
[[3.70155047e-01 2.76814732e-01 5.75222378e-01 ... 8.56516444e-05
  2.24722410e-02 5.03676808e-04]
 [8.57562892e-01 7.88980700e-01 5.37438502e-01 ... 6.04983251e-03
  3.51326834e-02 1.31657164e-04]
 [9.42200473e-01 6.25859201e-01 4.70160851e-01 ... 2.23338776e-03
  4.39365736e-02 1.79948421e-05]
 ...
 [5.31653357e-01 4.90756499e-01 3.19516848e-01 ... 9.24882387e-07
  5.25579043e-03 8.13318508e-08]
 [5.71892009e-01 4.92467778e-01 5.48740382e-01 ... 5.40608261e-04
  2.00945772e-01 2.85968881e-04]
 [4.00629996e-01 3.60938897e-01 7.17796159e-01 ... 1.69815203e-03
  4.38012973e-02 1.28312275e-02]]
[ 0.0512638   0.71190199  1.08802824 -0.19540433 -4.27389108 -0.15680717
  0.46037523  0.30459881  2.74259591  1.16794567 -1.928764    0.45401207
  0.03321371 -0.46784866 -0.1554136   0.40659523  1.35878537 -0.53297847
  1.14014619 -0.38325042 -0.34569683  0.44859192 -0.29862313  0.18624514
 -0.10799945 -0.20708913  0.06547313  0.41345798 -0.22451756  0.32786953
 -0.17391985  0.20956749  0.2061297   0.04177353 -0.41208099  0.06499233
  0.14704564 -0.13860301  0.09086194 -0.0322461  -0.05943892 -0.07469919
 -0.05354482  0.03595912  0.02475872 -0.00958291  0.01475043  0.06519238
  0.0504662   0.099346    0.11767765 -0.28843339 -0.10960483  0.24845261
  0.03719504 -0.04585316  0.12842011  0.02755793  0.03196877 -0.16436418
  0.22066903 -0.07701999 -0.14294444  0.08466474 -0.12333124 -0.3002583
 -0.06772064  0.11132437 -0.07032826 -0.03663013  0.02716974  0.03035011
  0.01831997  0.03726921  0.01581863  0.01114371 -0.01225054 -0.01553646
 -0.0319081   0.31781051 -0.10880588  0.05419078  0.01354359 -0.03888374
  0.08274941 -0.03328228  0.03436546 -0.02934295  0.03093031  0.03621392
 -0.02376862  0.02609912  0.03606556  0.02191718 -0.02703376  0.05739281
  0.02076166 -0.02065421]
[[3.70155047e-01 2.76814732e-01 5.75222378e-01 ... 2.33778607e-09
  7.85512362e-04 8.42432356e-11]
 [8.57562892e-01 7.88980700e-01 5.37438502e-01 ... 2.27374475e-07
  2.45700592e-05 4.21559785e-02]
 [9.42200473e-01 6.25859201e-01 4.70160851e-01 ... 4.54827465e-06
  6.86689994e-06 2.80443660e-04]
 ...
 [5.31653357e-01 4.90756499e-01 3.19516848e-01 ... 1.07785713e-01
  1.29294964e-01 2.67522167e-05]
 [5.71892009e-01 4.92467778e-01 5.48740382e-01 ... 4.91352104e-04
  6.28832766e-01 8.57389157e-05]
 [4.00629996e-01 3.60938897e-01 7.17796159e-01 ... 3.81966944e-11
  4.37823430e-04 1.66404561e-08]]
[ 0.0512638   0.71190199  1.08802824 -0.19540433 -4.27389108 -0.15680717
  0.46037523  0.30459881  2.74259591  1.16794567 -1.928764    0.45401207
  0.03321371 -0.46784866 -0.1554136   0.40659523  1.35878537 -0.53297847
  1.14014619 -0.38325042 -0.34569683  0.44859192 -0.29862313  0.18624514
 -0.10799945 -0.20708913  0.06547313  0.41345798 -0.22451756  0.32786953
 -0.17391985  0.20956749  0.2061297   0.04177353 -0.41208099  0.06499233
  0.14704564 -0.13860301  0.09086194 -0.0322461  -0.05943892 -0.07469919
 -0.05354482  0.03595912  0.02475872 -0.00958291  0.01475043  0.06519238
  0.0504662   0.099346    0.11767765 -0.28843339 -0.10960483  0.24845261
  0.03719504 -0.04585316  0.12842011  0.02755793  0.03196877 -0.16436418
  0.22066903 -0.07701999 -0.14294444  0.08466474 -0.12333124 -0.3002583
 -0.06772064  0.11132437 -0.07032826 -0.03663013  0.02716974  0.03035011
  0.01831997  0.03726921  0.01581863  0.01114371 -0.01225054 -0.01553646
 -0.0319081   0.31781051 -0.10880588  0.05419078  0.01354359 -0.03888374
  0.08274941 -0.03328228  0.03436546 -0.02934295  0.03093031  0.03621392
 -0.02376862  0.02609912  0.03606556  0.02191718 -0.02703376  0.05739281
  0.02076166 -0.02065421 -0.02080355  0.01845045 -0.01081762  0.0135161
 -0.00882422 -0.08642548  0.03378197 -0.02673487 -0.04256036  0.01138417
  0.01529581  0.06828162  0.04897297  0.01013638  0.05938596 -0.05267585
  0.00569404 -0.03108104  0.01272072  0.02881144  0.01639034  0.01543604
 -0.06031441  0.05513066  0.01762645 -0.00836459 -0.00743764 -0.0149324
  0.00826968  0.02379493 -0.01161365 -0.01824222 -0.00955976  0.00899658
  0.00810726]
[[3.70155047e-01 2.76814732e-01 5.75222378e-01 ... 1.88496818e-17
  1.05255648e-31 1.22191886e-20]
 [8.57562892e-01 7.88980700e-01 5.37438502e-01 ... 9.66568006e-02
  3.53503102e-04 4.15775125e-03]
 [9.42200473e-01 6.25859201e-01 4.70160851e-01 ... 1.31098060e-03
  7.76469923e-02 5.11220834e-05]
 ...
 [5.31653357e-01 4.90756499e-01 3.19516848e-01 ... 2.09984743e-11
  9.52546610e-17 4.32645179e-17]
 [5.71892009e-01 4.92467778e-01 5.48740382e-01 ... 9.53737586e-08
  4.33999251e-17 1.59957168e-11]
 [4.00629996e-01 3.60938897e-01 7.17796159e-01 ... 1.62089518e-13
  1.59636131e-29 1.15289722e-15]]
[ 0.0512638   0.71190199  1.08802824 -0.19540433 -4.27389108 -0.15680717
  0.46037523  0.30459881  2.74259591  1.16794567 -1.928764    0.45401207
  0.03321371 -0.46784866 -0.1554136   0.40659523  1.35878537 -0.53297847
  1.14014619 -0.38325042 -0.34569683  0.44859192 -0.29862313  0.18624514
 -0.10799945 -0.20708913  0.06547313  0.41345798 -0.22451756  0.32786953
 -0.17391985  0.20956749  0.2061297   0.04177353 -0.41208099  0.06499233
  0.14704564 -0.13860301  0.09086194 -0.0322461  -0.05943892 -0.07469919
 -0.05354482  0.03595912  0.02475872 -0.00958291  0.01475043  0.06519238
  0.0504662   0.099346    0.11767765 -0.28843339 -0.10960483  0.24845261
  0.03719504 -0.04585316  0.12842011  0.02755793  0.03196877 -0.16436418
  0.22066903 -0.07701999 -0.14294444  0.08466474 -0.12333124 -0.3002583
 -0.06772064  0.11132437 -0.07032826 -0.03663013  0.02716974  0.03035011
  0.01831997  0.03726921  0.01581863  0.01114371 -0.01225054 -0.01553646
 -0.0319081   0.31781051 -0.10880588  0.05419078  0.01354359 -0.03888374
  0.08274941 -0.03328228  0.03436546 -0.02934295  0.03093031  0.03621392
 -0.02376862  0.02609912  0.03606556  0.02191718 -0.02703376  0.05739281
  0.02076166 -0.02065421 -0.02080355  0.01845045 -0.01081762  0.0135161
 -0.00882422 -0.08642548  0.03378197 -0.02673487 -0.04256036  0.01138417
  0.01529581  0.06828162  0.04897297  0.01013638  0.05938596 -0.05267585
  0.00569404 -0.03108104  0.01272072  0.02881144  0.01639034  0.01543604
 -0.06031441  0.05513066  0.01762645 -0.00836459 -0.00743764 -0.0149324
  0.00826968  0.02379493 -0.01161365 -0.01824222 -0.00955976  0.00899658
  0.00810726  0.05364503 -0.04926752  0.01638926  0.0226263  -0.03387066
  0.01259887 -0.13595404  0.17686372 -0.12989982  0.08661665  0.02831709
  0.01163795 -0.03069984 -0.02469191  0.01179799  0.03322084 -0.03183373
  0.01537141 -0.01655986  0.02180336  0.00816841 -0.01158746 -0.0132351
  0.01478097  0.01034699 -0.00901981  0.00809555 -0.00892817  0.02387592
  0.01073351 -0.07620667  0.0645289   0.01649824 -0.01157663 -0.01004313
 -0.0073318   0.00941232]
[[3.70155047e-01 2.76814732e-01 5.75222378e-01 ... 1.83286902e-49
  1.03772106e-28 2.51852743e-57]
 [8.57562892e-01 7.88980700e-01 5.37438502e-01 ... 1.29512924e-01
  2.30536118e-18 3.43477237e-02]
 [9.42200473e-01 6.25859201e-01 4.70160851e-01 ... 8.88243800e-02
  5.96306432e-19 3.20751749e-04]
 ...
 [5.31653357e-01 4.90756499e-01 3.19516848e-01 ... 9.88832369e-24
  1.00000000e+00 2.76932639e-18]
 [5.71892009e-01 4.92467778e-01 5.48740382e-01 ... 1.42787093e-22
  1.83011874e-07 3.55737504e-24]
 [4.00629996e-01 3.60938897e-01 7.17796159e-01 ... 5.14154837e-43
  2.45915337e-31 3.09596892e-51]]
[ 0.0512638   0.71190199  1.08802824 -0.19540433 -4.27389108 -0.15680717
  0.46037523  0.30459881  2.74259591  1.16794567 -1.928764    0.45401207
  0.03321371 -0.46784866 -0.1554136   0.40659523  1.35878537 -0.53297847
  1.14014619 -0.38325042 -0.34569683  0.44859192 -0.29862313  0.18624514
 -0.10799945 -0.20708913  0.06547313  0.41345798 -0.22451756  0.32786953
 -0.17391985  0.20956749  0.2061297   0.04177353 -0.41208099  0.06499233
  0.14704564 -0.13860301  0.09086194 -0.0322461  -0.05943892 -0.07469919
 -0.05354482  0.03595912  0.02475872 -0.00958291  0.01475043  0.06519238
  0.0504662   0.099346    0.11767765 -0.28843339 -0.10960483  0.24845261
  0.03719504 -0.04585316  0.12842011  0.02755793  0.03196877 -0.16436418
  0.22066903 -0.07701999 -0.14294444  0.08466474 -0.12333124 -0.3002583
 -0.06772064  0.11132437 -0.07032826 -0.03663013  0.02716974  0.03035011
  0.01831997  0.03726921  0.01581863  0.01114371 -0.01225054 -0.01553646
 -0.0319081   0.31781051 -0.10880588  0.05419078  0.01354359 -0.03888374
  0.08274941 -0.03328228  0.03436546 -0.02934295  0.03093031  0.03621392
 -0.02376862  0.02609912  0.03606556  0.02191718 -0.02703376  0.05739281
  0.02076166 -0.02065421 -0.02080355  0.01845045 -0.01081762  0.0135161
 -0.00882422 -0.08642548  0.03378197 -0.02673487 -0.04256036  0.01138417
  0.01529581  0.06828162  0.04897297  0.01013638  0.05938596 -0.05267585
  0.00569404 -0.03108104  0.01272072  0.02881144  0.01639034  0.01543604
 -0.06031441  0.05513066  0.01762645 -0.00836459 -0.00743764 -0.0149324
  0.00826968  0.02379493 -0.01161365 -0.01824222 -0.00955976  0.00899658
  0.00810726  0.05364503 -0.04926752  0.01638926  0.0226263  -0.03387066
  0.01259887 -0.13595404  0.17686372 -0.12989982  0.08661665  0.02831709
  0.01163795 -0.03069984 -0.02469191  0.01179799  0.03322084 -0.03183373
  0.01537141 -0.01655986  0.02180336  0.00816841 -0.01158746 -0.0132351
  0.01478097  0.01034699 -0.00901981  0.00809555 -0.00892817  0.02387592
  0.01073351 -0.07620667  0.0645289   0.01649824 -0.01157663 -0.01004313
 -0.0073318   0.00941232 -0.03267143  0.02959391 -0.02368016  0.02065897
  0.01460321  0.02524512 -0.01809296 -0.01128288  0.01157541 -0.00994908
 -0.00851413  0.00887214  0.00974426  0.00870566 -0.00933038  0.00948273
  0.00881697 -0.00665457]
[[3.70155047e-001 2.76814732e-001 5.75222378e-001 ... 5.07364230e-064
  3.29577845e-062 1.71566013e-053]
 [8.57562892e-001 7.88980700e-001 5.37438502e-001 ... 8.59783111e-006
  9.20802681e-070 8.14914265e-063]
 [9.42200473e-001 6.25859201e-001 4.70160851e-001 ... 7.35171184e-007
  1.24478629e-084 1.20883948e-076]
 ...
 [5.31653357e-001 4.90756499e-001 3.19516848e-001 ... 1.90034033e-015
  1.41385075e-127 3.66581451e-114]
 [5.71892009e-001 4.92467778e-001 5.48740382e-001 ... 1.02401223e-017
  1.89640792e-067 2.00032429e-057]
 [4.00629996e-001 3.60938897e-001 7.17796159e-001 ... 8.52344603e-059
  1.36864012e-037 5.39872582e-031]]
[ 0.0512638   0.71190199  1.08802824 -0.19540433 -4.27389108 -0.15680717
  0.46037523  0.30459881  2.74259591  1.16794567 -1.928764    0.45401207
  0.03321371 -0.46784866 -0.1554136   0.40659523  1.35878537 -0.53297847
  1.14014619 -0.38325042 -0.34569683  0.44859192 -0.29862313  0.18624514
 -0.10799945 -0.20708913  0.06547313  0.41345798 -0.22451756  0.32786953
 -0.17391985  0.20956749  0.2061297   0.04177353 -0.41208099  0.06499233
  0.14704564 -0.13860301  0.09086194 -0.0322461  -0.05943892 -0.07469919
 -0.05354482  0.03595912  0.02475872 -0.00958291  0.01475043  0.06519238
  0.0504662   0.099346    0.11767765 -0.28843339 -0.10960483  0.24845261
  0.03719504 -0.04585316  0.12842011  0.02755793  0.03196877 -0.16436418
  0.22066903 -0.07701999 -0.14294444  0.08466474 -0.12333124 -0.3002583
 -0.06772064  0.11132437 -0.07032826 -0.03663013  0.02716974  0.03035011
  0.01831997  0.03726921  0.01581863  0.01114371 -0.01225054 -0.01553646
 -0.0319081   0.31781051 -0.10880588  0.05419078  0.01354359 -0.03888374
  0.08274941 -0.03328228  0.03436546 -0.02934295  0.03093031  0.03621392
 -0.02376862  0.02609912  0.03606556  0.02191718 -0.02703376  0.05739281
  0.02076166 -0.02065421 -0.02080355  0.01845045 -0.01081762  0.0135161
 -0.00882422 -0.08642548  0.03378197 -0.02673487 -0.04256036  0.01138417
  0.01529581  0.06828162  0.04897297  0.01013638  0.05938596 -0.05267585
  0.00569404 -0.03108104  0.01272072  0.02881144  0.01639034  0.01543604
 -0.06031441  0.05513066  0.01762645 -0.00836459 -0.00743764 -0.0149324
  0.00826968  0.02379493 -0.01161365 -0.01824222 -0.00955976  0.00899658
  0.00810726  0.05364503 -0.04926752  0.01638926  0.0226263  -0.03387066
  0.01259887 -0.13595404  0.17686372 -0.12989982  0.08661665  0.02831709
  0.01163795 -0.03069984 -0.02469191  0.01179799  0.03322084 -0.03183373
  0.01537141 -0.01655986  0.02180336  0.00816841 -0.01158746 -0.0132351
  0.01478097  0.01034699 -0.00901981  0.00809555 -0.00892817  0.02387592
  0.01073351 -0.07620667  0.0645289   0.01649824 -0.01157663 -0.01004313
 -0.0073318   0.00941232 -0.03267143  0.02959391 -0.02368016  0.02065897
  0.01460321  0.02524512 -0.01809296 -0.01128288  0.01157541 -0.00994908
 -0.00851413  0.00887214  0.00974426  0.00870566 -0.00933038  0.00948273
  0.00881697 -0.00665457 -0.02495161  0.02210976  0.01734574 -0.01322952
  0.00900288 -0.01001085  0.01421806 -0.01798308  0.01278796  0.00886921
 -0.00866718  0.00542779  0.00992141 -0.00687465  0.00810452  0.00873242
  0.0099469   0.00773777  0.00676363 -0.01546483 -0.00847927  0.00768972
 -0.01046187  0.00881518  0.00715709  0.00722466 -0.00672581  0.00730601
 -0.00587925  0.00696953 -0.00643001  0.00551613 -0.00639763  0.01201964
 -0.00674947 -0.00739897  0.00647434 -0.00656969  0.00632973  0.00541398
 -0.00629225  0.00615864  0.01402124 -0.01205339]
[[3.70155047e-001 2.76814732e-001 5.75222378e-001 ... 5.19570971e-075
  2.03372531e-180 2.84692756e-045]
 [8.57562892e-001 7.88980700e-001 5.37438502e-001 ... 5.03402438e-106
  4.00277108e-014 4.30692190e-069]
 [9.42200473e-001 6.25859201e-001 4.70160851e-001 ... 1.11445586e-122
  3.64460659e-003 3.33154612e-072]
 ...
 [5.31653357e-001 4.90756499e-001 3.19516848e-001 ... 8.48923623e-015
  4.38654477e-096 1.63782915e-107]
 [5.71892009e-001 4.92467778e-001 5.48740382e-001 ... 4.35397629e-020
  5.62698460e-085 9.55913736e-035]
 [4.00629996e-001 3.60938897e-001 7.17796159e-001 ... 4.74840304e-082
  8.39479170e-163 1.53289785e-029]]
[ 0.0512638   0.71190199  1.08802824 -0.19540433 -4.27389108 -0.15680717
  0.46037523  0.30459881  2.74259591  1.16794567 -1.928764    0.45401207
  0.03321371 -0.46784866 -0.1554136   0.40659523  1.35878537 -0.53297847
  1.14014619 -0.38325042 -0.34569683  0.44859192 -0.29862313  0.18624514
 -0.10799945 -0.20708913  0.06547313  0.41345798 -0.22451756  0.32786953
 -0.17391985  0.20956749  0.2061297   0.04177353 -0.41208099  0.06499233
  0.14704564 -0.13860301  0.09086194 -0.0322461  -0.05943892 -0.07469919
 -0.05354482  0.03595912  0.02475872 -0.00958291  0.01475043  0.06519238
  0.0504662   0.099346    0.11767765 -0.28843339 -0.10960483  0.24845261
  0.03719504 -0.04585316  0.12842011  0.02755793  0.03196877 -0.16436418
  0.22066903 -0.07701999 -0.14294444  0.08466474 -0.12333124 -0.3002583
 -0.06772064  0.11132437 -0.07032826 -0.03663013  0.02716974  0.03035011
  0.01831997  0.03726921  0.01581863  0.01114371 -0.01225054 -0.01553646
 -0.0319081   0.31781051 -0.10880588  0.05419078  0.01354359 -0.03888374
  0.08274941 -0.03328228  0.03436546 -0.02934295  0.03093031  0.03621392
 -0.02376862  0.02609912  0.03606556  0.02191718 -0.02703376  0.05739281
  0.02076166 -0.02065421 -0.02080355  0.01845045 -0.01081762  0.0135161
 -0.00882422 -0.08642548  0.03378197 -0.02673487 -0.04256036  0.01138417
  0.01529581  0.06828162  0.04897297  0.01013638  0.05938596 -0.05267585
  0.00569404 -0.03108104  0.01272072  0.02881144  0.01639034  0.01543604
 -0.06031441  0.05513066  0.01762645 -0.00836459 -0.00743764 -0.0149324
  0.00826968  0.02379493 -0.01161365 -0.01824222 -0.00955976  0.00899658
  0.00810726  0.05364503 -0.04926752  0.01638926  0.0226263  -0.03387066
  0.01259887 -0.13595404  0.17686372 -0.12989982  0.08661665  0.02831709
  0.01163795 -0.03069984 -0.02469191  0.01179799  0.03322084 -0.03183373
  0.01537141 -0.01655986  0.02180336  0.00816841 -0.01158746 -0.0132351
  0.01478097  0.01034699 -0.00901981  0.00809555 -0.00892817  0.02387592
  0.01073351 -0.07620667  0.0645289   0.01649824 -0.01157663 -0.01004313
 -0.0073318   0.00941232 -0.03267143  0.02959391 -0.02368016  0.02065897
  0.01460321  0.02524512 -0.01809296 -0.01128288  0.01157541 -0.00994908
 -0.00851413  0.00887214  0.00974426  0.00870566 -0.00933038  0.00948273
  0.00881697 -0.00665457 -0.02495161  0.02210976  0.01734574 -0.01322952
  0.00900288 -0.01001085  0.01421806 -0.01798308  0.01278796  0.00886921
 -0.00866718  0.00542779  0.00992141 -0.00687465  0.00810452  0.00873242
  0.0099469   0.00773777  0.00676363 -0.01546483 -0.00847927  0.00768972
 -0.01046187  0.00881518  0.00715709  0.00722466 -0.00672581  0.00730601
 -0.00587925  0.00696953 -0.00643001  0.00551613 -0.00639763  0.01201964
 -0.00674947 -0.00739897  0.00647434 -0.00656969  0.00632973  0.00541398
 -0.00629225  0.00615864  0.01402124 -0.01205339  0.01124009 -0.01119571
  0.07123957 -0.06774334 -0.00924109 -0.00713903 -0.00594939 -0.00663291
  0.00613993  0.00592928  0.00582629 -0.00585698 -0.00550624 -0.0052583
  0.00521639  0.00537879  0.00529744  0.00527654  0.0052416   0.00523769
 -0.00500303 -0.00509461  0.00505115  0.00504231 -0.00502053]
[[3.70155047e-001 2.76814732e-001 5.75222378e-001 ... 5.19570971e-075
  2.03372531e-180 2.84692756e-045]
 [8.57562892e-001 7.88980700e-001 5.37438502e-001 ... 5.03402438e-106
  4.00277108e-014 4.30692190e-069]
 [9.42200473e-001 6.25859201e-001 4.70160851e-001 ... 1.11445586e-122
  3.64460659e-003 3.33154612e-072]
 ...
 [5.31653357e-001 4.90756499e-001 3.19516848e-001 ... 8.48923623e-015
  4.38654477e-096 1.63782915e-107]
 [5.71892009e-001 4.92467778e-001 5.48740382e-001 ... 4.35397629e-020
  5.62698460e-085 9.55913736e-035]
 [4.00629996e-001 3.60938897e-001 7.17796159e-001 ... 4.74840304e-082
  8.39479170e-163 1.53289785e-029]]
[ 0.0512638   0.71190199  1.08802824 -0.19540433 -4.27389108 -0.15680717
  0.46037523  0.30459881  2.74259591  1.16794567 -1.928764    0.45401207
  0.03321371 -0.46784866 -0.1554136   0.40659523  1.35878537 -0.53297847
  1.14014619 -0.38325042 -0.34569683  0.44859192 -0.29862313  0.18624514
 -0.10799945 -0.20708913  0.06547313  0.41345798 -0.22451756  0.32786953
 -0.17391985  0.20956749  0.2061297   0.04177353 -0.41208099  0.06499233
  0.14704564 -0.13860301  0.09086194 -0.0322461  -0.05943892 -0.07469919
 -0.05354482  0.03595912  0.02475872 -0.00958291  0.01475043  0.06519238
  0.0504662   0.099346    0.11767765 -0.28843339 -0.10960483  0.24845261
  0.03719504 -0.04585316  0.12842011  0.02755793  0.03196877 -0.16436418
  0.22066903 -0.07701999 -0.14294444  0.08466474 -0.12333124 -0.3002583
 -0.06772064  0.11132437 -0.07032826 -0.03663013  0.02716974  0.03035011
  0.01831997  0.03726921  0.01581863  0.01114371 -0.01225054 -0.01553646
 -0.0319081   0.31781051 -0.10880588  0.05419078  0.01354359 -0.03888374
  0.08274941 -0.03328228  0.03436546 -0.02934295  0.03093031  0.03621392
 -0.02376862  0.02609912  0.03606556  0.02191718 -0.02703376  0.05739281
  0.02076166 -0.02065421 -0.02080355  0.01845045 -0.01081762  0.0135161
 -0.00882422 -0.08642548  0.03378197 -0.02673487 -0.04256036  0.01138417
  0.01529581  0.06828162  0.04897297  0.01013638  0.05938596 -0.05267585
  0.00569404 -0.03108104  0.01272072  0.02881144  0.01639034  0.01543604
 -0.06031441  0.05513066  0.01762645 -0.00836459 -0.00743764 -0.0149324
  0.00826968  0.02379493 -0.01161365 -0.01824222 -0.00955976  0.00899658
  0.00810726  0.05364503 -0.04926752  0.01638926  0.0226263  -0.03387066
  0.01259887 -0.13595404  0.17686372 -0.12989982  0.08661665  0.02831709
  0.01163795 -0.03069984 -0.02469191  0.01179799  0.03322084 -0.03183373
  0.01537141 -0.01655986  0.02180336  0.00816841 -0.01158746 -0.0132351
  0.01478097  0.01034699 -0.00901981  0.00809555 -0.00892817  0.02387592
  0.01073351 -0.07620667  0.0645289   0.01649824 -0.01157663 -0.01004313
 -0.0073318   0.00941232 -0.03267143  0.02959391 -0.02368016  0.02065897
  0.01460321  0.02524512 -0.01809296 -0.01128288  0.01157541 -0.00994908
 -0.00851413  0.00887214  0.00974426  0.00870566 -0.00933038  0.00948273
  0.00881697 -0.00665457 -0.02495161  0.02210976  0.01734574 -0.01322952
  0.00900288 -0.01001085  0.01421806 -0.01798308  0.01278796  0.00886921
 -0.00866718  0.00542779  0.00992141 -0.00687465  0.00810452  0.00873242
  0.0099469   0.00773777  0.00676363 -0.01546483 -0.00847927  0.00768972
 -0.01046187  0.00881518  0.00715709  0.00722466 -0.00672581  0.00730601
 -0.00587925  0.00696953 -0.00643001  0.00551613 -0.00639763  0.01201964
 -0.00674947 -0.00739897  0.00647434 -0.00656969  0.00632973  0.00541398
 -0.00629225  0.00615864  0.01402124 -0.01205339  0.01124009 -0.01119571
  0.07123957 -0.06774334 -0.00924109 -0.00713903 -0.00594939 -0.00663291
  0.00613993  0.00592928  0.00582629 -0.00585698 -0.00550624 -0.0052583
  0.00521639  0.00537879  0.00529744  0.00527654  0.0052416   0.00523769
 -0.00500303 -0.00509461  0.00505115  0.00504231 -0.00502053]
[[3.70155047e-001 2.76814732e-001 5.75222378e-001 ... 5.19570971e-075
  2.03372531e-180 2.84692756e-045]
 [8.57562892e-001 7.88980700e-001 5.37438502e-001 ... 5.03402438e-106
  4.00277108e-014 4.30692190e-069]
 [9.42200473e-001 6.25859201e-001 4.70160851e-001 ... 1.11445586e-122
  3.64460659e-003 3.33154612e-072]
 ...
 [5.31653357e-001 4.90756499e-001 3.19516848e-001 ... 8.48923623e-015
  4.38654477e-096 1.63782915e-107]
 [5.71892009e-001 4.92467778e-001 5.48740382e-001 ... 4.35397629e-020
  5.62698460e-085 9.55913736e-035]
 [4.00629996e-001 3.60938897e-001 7.17796159e-001 ... 4.74840304e-082
  8.39479170e-163 1.53289785e-029]]
[ 0.0512638   0.71190199  1.08802824 -0.19540433 -4.27389108 -0.15680717
  0.46037523  0.30459881  2.74259591  1.16794567 -1.928764    0.45401207
  0.03321371 -0.46784866 -0.1554136   0.40659523  1.35878537 -0.53297847
  1.14014619 -0.38325042 -0.34569683  0.44859192 -0.29862313  0.18624514
 -0.10799945 -0.20708913  0.06547313  0.41345798 -0.22451756  0.32786953
 -0.17391985  0.20956749  0.2061297   0.04177353 -0.41208099  0.06499233
  0.14704564 -0.13860301  0.09086194 -0.0322461  -0.05943892 -0.07469919
 -0.05354482  0.03595912  0.02475872 -0.00958291  0.01475043  0.06519238
  0.0504662   0.099346    0.11767765 -0.28843339 -0.10960483  0.24845261
  0.03719504 -0.04585316  0.12842011  0.02755793  0.03196877 -0.16436418
  0.22066903 -0.07701999 -0.14294444  0.08466474 -0.12333124 -0.3002583
 -0.06772064  0.11132437 -0.07032826 -0.03663013  0.02716974  0.03035011
  0.01831997  0.03726921  0.01581863  0.01114371 -0.01225054 -0.01553646
 -0.0319081   0.31781051 -0.10880588  0.05419078  0.01354359 -0.03888374
  0.08274941 -0.03328228  0.03436546 -0.02934295  0.03093031  0.03621392
 -0.02376862  0.02609912  0.03606556  0.02191718 -0.02703376  0.05739281
  0.02076166 -0.02065421 -0.02080355  0.01845045 -0.01081762  0.0135161
 -0.00882422 -0.08642548  0.03378197 -0.02673487 -0.04256036  0.01138417
  0.01529581  0.06828162  0.04897297  0.01013638  0.05938596 -0.05267585
  0.00569404 -0.03108104  0.01272072  0.02881144  0.01639034  0.01543604
 -0.06031441  0.05513066  0.01762645 -0.00836459 -0.00743764 -0.0149324
  0.00826968  0.02379493 -0.01161365 -0.01824222 -0.00955976  0.00899658
  0.00810726  0.05364503 -0.04926752  0.01638926  0.0226263  -0.03387066
  0.01259887 -0.13595404  0.17686372 -0.12989982  0.08661665  0.02831709
  0.01163795 -0.03069984 -0.02469191  0.01179799  0.03322084 -0.03183373
  0.01537141 -0.01655986  0.02180336  0.00816841 -0.01158746 -0.0132351
  0.01478097  0.01034699 -0.00901981  0.00809555 -0.00892817  0.02387592
  0.01073351 -0.07620667  0.0645289   0.01649824 -0.01157663 -0.01004313
 -0.0073318   0.00941232 -0.03267143  0.02959391 -0.02368016  0.02065897
  0.01460321  0.02524512 -0.01809296 -0.01128288  0.01157541 -0.00994908
 -0.00851413  0.00887214  0.00974426  0.00870566 -0.00933038  0.00948273
  0.00881697 -0.00665457 -0.02495161  0.02210976  0.01734574 -0.01322952
  0.00900288 -0.01001085  0.01421806 -0.01798308  0.01278796  0.00886921
 -0.00866718  0.00542779  0.00992141 -0.00687465  0.00810452  0.00873242
  0.0099469   0.00773777  0.00676363 -0.01546483 -0.00847927  0.00768972
 -0.01046187  0.00881518  0.00715709  0.00722466 -0.00672581  0.00730601
 -0.00587925  0.00696953 -0.00643001  0.00551613 -0.00639763  0.01201964
 -0.00674947 -0.00739897  0.00647434 -0.00656969  0.00632973  0.00541398
 -0.00629225  0.00615864  0.01402124 -0.01205339  0.01124009 -0.01119571
  0.07123957 -0.06774334 -0.00924109 -0.00713903 -0.00594939 -0.00663291
  0.00613993  0.00592928  0.00582629 -0.00585698 -0.00550624 -0.0052583
  0.00521639  0.00537879  0.00529744  0.00527654  0.0052416   0.00523769
 -0.00500303 -0.00509461  0.00505115  0.00504231 -0.00502053]
[[3.70155047e-001 2.76814732e-001 5.75222378e-001 ... 5.19570971e-075
  2.03372531e-180 2.84692756e-045]
 [8.57562892e-001 7.88980700e-001 5.37438502e-001 ... 5.03402438e-106
  4.00277108e-014 4.30692190e-069]
 [9.42200473e-001 6.25859201e-001 4.70160851e-001 ... 1.11445586e-122
  3.64460659e-003 3.33154612e-072]
 ...
 [5.31653357e-001 4.90756499e-001 3.19516848e-001 ... 8.48923623e-015
  4.38654477e-096 1.63782915e-107]
 [5.71892009e-001 4.92467778e-001 5.48740382e-001 ... 4.35397629e-020
  5.62698460e-085 9.55913736e-035]
 [4.00629996e-001 3.60938897e-001 7.17796159e-001 ... 4.74840304e-082
  8.39479170e-163 1.53289785e-029]]
[ 0.0512638   0.71190199  1.08802824 -0.19540433 -4.27389108 -0.15680717
  0.46037523  0.30459881  2.74259591  1.16794567 -1.928764    0.45401207
  0.03321371 -0.46784866 -0.1554136   0.40659523  1.35878537 -0.53297847
  1.14014619 -0.38325042 -0.34569683  0.44859192 -0.29862313  0.18624514
 -0.10799945 -0.20708913  0.06547313  0.41345798 -0.22451756  0.32786953
 -0.17391985  0.20956749  0.2061297   0.04177353 -0.41208099  0.06499233
  0.14704564 -0.13860301  0.09086194 -0.0322461  -0.05943892 -0.07469919
 -0.05354482  0.03595912  0.02475872 -0.00958291  0.01475043  0.06519238
  0.0504662   0.099346    0.11767765 -0.28843339 -0.10960483  0.24845261
  0.03719504 -0.04585316  0.12842011  0.02755793  0.03196877 -0.16436418
  0.22066903 -0.07701999 -0.14294444  0.08466474 -0.12333124 -0.3002583
 -0.06772064  0.11132437 -0.07032826 -0.03663013  0.02716974  0.03035011
  0.01831997  0.03726921  0.01581863  0.01114371 -0.01225054 -0.01553646
 -0.0319081   0.31781051 -0.10880588  0.05419078  0.01354359 -0.03888374
  0.08274941 -0.03328228  0.03436546 -0.02934295  0.03093031  0.03621392
 -0.02376862  0.02609912  0.03606556  0.02191718 -0.02703376  0.05739281
  0.02076166 -0.02065421 -0.02080355  0.01845045 -0.01081762  0.0135161
 -0.00882422 -0.08642548  0.03378197 -0.02673487 -0.04256036  0.01138417
  0.01529581  0.06828162  0.04897297  0.01013638  0.05938596 -0.05267585
  0.00569404 -0.03108104  0.01272072  0.02881144  0.01639034  0.01543604
 -0.06031441  0.05513066  0.01762645 -0.00836459 -0.00743764 -0.0149324
  0.00826968  0.02379493 -0.01161365 -0.01824222 -0.00955976  0.00899658
  0.00810726  0.05364503 -0.04926752  0.01638926  0.0226263  -0.03387066
  0.01259887 -0.13595404  0.17686372 -0.12989982  0.08661665  0.02831709
  0.01163795 -0.03069984 -0.02469191  0.01179799  0.03322084 -0.03183373
  0.01537141 -0.01655986  0.02180336  0.00816841 -0.01158746 -0.0132351
  0.01478097  0.01034699 -0.00901981  0.00809555 -0.00892817  0.02387592
  0.01073351 -0.07620667  0.0645289   0.01649824 -0.01157663 -0.01004313
 -0.0073318   0.00941232 -0.03267143  0.02959391 -0.02368016  0.02065897
  0.01460321  0.02524512 -0.01809296 -0.01128288  0.01157541 -0.00994908
 -0.00851413  0.00887214  0.00974426  0.00870566 -0.00933038  0.00948273
  0.00881697 -0.00665457 -0.02495161  0.02210976  0.01734574 -0.01322952
  0.00900288 -0.01001085  0.01421806 -0.01798308  0.01278796  0.00886921
 -0.00866718  0.00542779  0.00992141 -0.00687465  0.00810452  0.00873242
  0.0099469   0.00773777  0.00676363 -0.01546483 -0.00847927  0.00768972
 -0.01046187  0.00881518  0.00715709  0.00722466 -0.00672581  0.00730601
 -0.00587925  0.00696953 -0.00643001  0.00551613 -0.00639763  0.01201964
 -0.00674947 -0.00739897  0.00647434 -0.00656969  0.00632973  0.00541398
 -0.00629225  0.00615864  0.01402124 -0.01205339  0.01124009 -0.01119571
  0.07123957 -0.06774334 -0.00924109 -0.00713903 -0.00594939 -0.00663291
  0.00613993  0.00592928  0.00582629 -0.00585698 -0.00550624 -0.0052583
  0.00521639  0.00537879  0.00529744  0.00527654  0.0052416   0.00523769
 -0.00500303 -0.00509461  0.00505115  0.00504231 -0.00502053]
[[2.57731959e-02 1.70281669e-03]
 [5.67010309e-02 7.30110410e-04]
 [9.79381443e-02 3.87758995e-04]
 [1.62371134e-01 2.11801317e-04]
 [2.52577320e-01 1.14216910e-04]
 [3.42783505e-01 7.28294544e-05]
 [4.38144330e-01 2.61946368e-05]
 [4.84536082e-01 1.76594640e-05]
 [5.97938144e-01 9.22328890e-06]
 [6.62371134e-01 4.62175958e-06]
 [6.62371134e-01 4.62175958e-06]
 [6.62371134e-01 4.62175958e-06]
 [6.62371134e-01 4.62175958e-06]]
