12
0.004
rdot
MMA
sample
[[ 1.          0.97873908  0.76356524 ...  0.9782      0.59105727
   0.27531309]
 [ 1.          0.97873908  0.76356524 ...  0.9782      0.59105727
   0.37814505]
 [ 1.          0.97873908  0.76356524 ...  0.9782      0.59105727
   0.39295525]
 ...
 [ 0.10612479  0.9834187   0.93762584 ...  0.66369007  0.95890836
  -0.11330898]
 [ 0.17687465  0.9834187   0.93762584 ...  0.66369007  0.95890836
  -0.11745745]
 [ 0.24762451  0.9834187   0.93762584 ...  0.66369007  0.95890836
  -0.12113016]]
20480
0.0001728875940718133
[[0.68131319 0.26453087 0.34023926 ... 0.257507   0.25459533 0.70614784]
 [0.68131319 0.26453087 0.34023926 ... 0.257507   0.25459533 0.70614784]
 [0.68131319 0.26453087 0.34023926 ... 0.257507   0.25459533 0.70614784]
 ...
 [0.21146423 0.85407657 0.44357636 ... 0.41502584 0.42556211 0.3391781 ]
 [0.24497109 0.83868802 0.4462729  ... 0.40754801 0.41789444 0.39292144]
 [0.28036805 0.81365413 0.44357636 ... 0.39538316 0.40542076 0.4496964 ]]
[ 1.75524662 -7.40259999 13.44168093 -3.86931402 -6.97666687 -0.36775796
 -1.59906666  2.76120448 -5.61287679  0.70706114 -0.49899702 -4.69697431
 -3.41977274  0.18689305 12.32794327 10.75651107 -2.33623657 -7.93039853
  2.19877158]
[[0.68131319 0.26453087 0.34023926 ... 0.22961683 0.11829477 0.04737443]
 [0.68131319 0.26453087 0.34023926 ... 0.22961683 0.11829477 0.04737443]
 [0.68131319 0.26453087 0.34023926 ... 0.22961683 0.11829477 0.04737443]
 ...
 [0.21146423 0.85407657 0.44357636 ... 0.3442145  0.53472936 0.69046408]
 [0.24497109 0.83868802 0.4462729  ... 0.37385275 0.52828684 0.665807  ]
 [0.28036805 0.81365413 0.44357636 ... 0.39631773 0.50942125 0.62665303]]
[ 1.75524662 -7.40259999 13.44168093 -3.86931402 -6.97666687 -0.36775796
 -1.59906666  2.76120448 -5.61287679  0.70706114 -0.49899702 -4.69697431
 -3.41977274  0.18689305 12.32794327 10.75651107 -2.33623657 -7.93039853
  2.19877158 -0.44417777 -0.75046896 -0.91904952 -0.45243366 -0.0403386
  0.55061385 -0.56941956  2.30797664 -1.48314078  1.84333382  0.41386566
 -0.11639473 -0.98615067  0.6494717  -0.12689918 -1.1998648  -0.24987374
 -1.49691755  0.41464938  0.24308209  0.52473477  0.35031629  0.72212054
  0.91683792 -0.55541846  0.58224041]
[[0.68131319 0.26453087 0.34023926 ... 0.36173965 0.00420147 0.02154039]
 [0.68131319 0.26453087 0.34023926 ... 0.36173965 0.00420147 0.02154039]
 [0.68131319 0.26453087 0.34023926 ... 0.36173965 0.00420147 0.02154039]
 ...
 [0.21146423 0.85407657 0.44357636 ... 0.04633339 0.03279834 0.15569145]
 [0.24497109 0.83868802 0.4462729  ... 0.06856685 0.03049765 0.16743653]
 [0.28036805 0.81365413 0.44357636 ... 0.09666679 0.02701618 0.17154525]]
[ 1.75524662e+00 -7.40259999e+00  1.34416809e+01 -3.86931402e+00
 -6.97666687e+00 -3.67757959e-01 -1.59906666e+00  2.76120448e+00
 -5.61287679e+00  7.07061136e-01 -4.98997018e-01 -4.69697431e+00
 -3.41977274e+00  1.86893054e-01  1.23279433e+01  1.07565111e+01
 -2.33623657e+00 -7.93039853e+00  2.19877158e+00 -4.44177769e-01
 -7.50468960e-01 -9.19049522e-01 -4.52433664e-01 -4.03385997e-02
  5.50613847e-01 -5.69419557e-01  2.30797664e+00 -1.48314078e+00
  1.84333382e+00  4.13865658e-01 -1.16394728e-01 -9.86150672e-01
  6.49471702e-01 -1.26899176e-01 -1.19986480e+00 -2.49873745e-01
 -1.49691755e+00  4.14649380e-01  2.43082088e-01  5.24734770e-01
  3.50316287e-01  7.22120542e-01  9.16837917e-01 -5.55418458e-01
  5.82240413e-01 -3.92011659e-01  1.25933000e+00  1.62893789e-02
  1.93302605e-02 -1.45594696e+00  2.48706934e-01 -7.50860610e-01
  3.89420917e-01  5.74757394e-01  5.96095053e-01  8.89984677e-01
 -4.09500860e-01  2.79618778e-01 -1.60955844e+00  5.10241809e-01
 -2.97022103e-01  1.29285614e+00  2.18234971e-01  6.95814618e-01
  3.78121494e-01  3.71357856e-01 -8.38781417e-01 -1.02806451e-02
  2.75360786e-01 -1.81661858e-01  1.10251204e-01 -1.34964772e+00
 -4.21737904e-01  7.72955822e-01 -2.57273578e-01]
[[6.81313186e-01 2.64530872e-01 3.40239258e-01 ... 5.14319191e-03
  8.98274481e-03 5.03704743e-06]
 [6.81313186e-01 2.64530872e-01 3.40239258e-01 ... 5.14319191e-03
  8.98274481e-03 5.03704743e-06]
 [6.81313186e-01 2.64530872e-01 3.40239258e-01 ... 5.14319191e-03
  8.98274481e-03 5.03704743e-06]
 ...
 [2.11464231e-01 8.54076567e-01 4.43576363e-01 ... 1.97580150e-01
  3.73783728e-03 2.27281640e-01]
 [2.44971094e-01 8.38688024e-01 4.46272903e-01 ... 3.29791395e-01
  5.20122985e-03 1.96513974e-01]
 [2.80368051e-01 8.13654131e-01 4.43576363e-01 ... 4.99598798e-01
  6.56867473e-03 1.54208593e-01]]
[ 1.75524662e+00 -7.40259999e+00  1.34416809e+01 -3.86931402e+00
 -6.97666687e+00 -3.67757959e-01 -1.59906666e+00  2.76120448e+00
 -5.61287679e+00  7.07061136e-01 -4.98997018e-01 -4.69697431e+00
 -3.41977274e+00  1.86893054e-01  1.23279433e+01  1.07565111e+01
 -2.33623657e+00 -7.93039853e+00  2.19877158e+00 -4.44177769e-01
 -7.50468960e-01 -9.19049522e-01 -4.52433664e-01 -4.03385997e-02
  5.50613847e-01 -5.69419557e-01  2.30797664e+00 -1.48314078e+00
  1.84333382e+00  4.13865658e-01 -1.16394728e-01 -9.86150672e-01
  6.49471702e-01 -1.26899176e-01 -1.19986480e+00 -2.49873745e-01
 -1.49691755e+00  4.14649380e-01  2.43082088e-01  5.24734770e-01
  3.50316287e-01  7.22120542e-01  9.16837917e-01 -5.55418458e-01
  5.82240413e-01 -3.92011659e-01  1.25933000e+00  1.62893789e-02
  1.93302605e-02 -1.45594696e+00  2.48706934e-01 -7.50860610e-01
  3.89420917e-01  5.74757394e-01  5.96095053e-01  8.89984677e-01
 -4.09500860e-01  2.79618778e-01 -1.60955844e+00  5.10241809e-01
 -2.97022103e-01  1.29285614e+00  2.18234971e-01  6.95814618e-01
  3.78121494e-01  3.71357856e-01 -8.38781417e-01 -1.02806451e-02
  2.75360786e-01 -1.81661858e-01  1.10251204e-01 -1.34964772e+00
 -4.21737904e-01  7.72955822e-01 -2.57273578e-01  1.64397128e-01
 -2.27375196e-01 -6.58225381e-02  3.34094547e-01  2.50736899e-01
 -1.81135530e-01 -2.25634164e-01 -7.25803767e-02  1.29725781e-01
 -1.28421937e-01  4.83412116e-02  1.10018733e-01  1.19662291e-01
 -2.16052618e-01 -1.74070038e-01  7.86795591e-02  1.27806780e-01
 -8.75599421e-02  2.76116021e-01  1.34147296e-01 -1.52273782e-01
 -3.58205566e-01  1.66812224e-01  7.56200708e-02  2.79583982e-01
 -1.96813957e-01 -1.10098961e-01 -1.58469324e-01 -7.63535725e-02
  1.12561061e-01  1.11924475e-01 -1.01714313e-01  1.07038036e-01]
[[6.81313186e-01 2.64530872e-01 3.40239258e-01 ... 5.14319191e-03
  8.98274481e-03 5.03704743e-06]
 [6.81313186e-01 2.64530872e-01 3.40239258e-01 ... 5.14319191e-03
  8.98274481e-03 5.03704743e-06]
 [6.81313186e-01 2.64530872e-01 3.40239258e-01 ... 5.14319191e-03
  8.98274481e-03 5.03704743e-06]
 ...
 [2.11464231e-01 8.54076567e-01 4.43576363e-01 ... 1.97580150e-01
  3.73783728e-03 2.27281640e-01]
 [2.44971094e-01 8.38688024e-01 4.46272903e-01 ... 3.29791395e-01
  5.20122985e-03 1.96513974e-01]
 [2.80368051e-01 8.13654131e-01 4.43576363e-01 ... 4.99598798e-01
  6.56867473e-03 1.54208593e-01]]
[ 1.75524662e+00 -7.40259999e+00  1.34416809e+01 -3.86931402e+00
 -6.97666687e+00 -3.67757959e-01 -1.59906666e+00  2.76120448e+00
 -5.61287679e+00  7.07061136e-01 -4.98997018e-01 -4.69697431e+00
 -3.41977274e+00  1.86893054e-01  1.23279433e+01  1.07565111e+01
 -2.33623657e+00 -7.93039853e+00  2.19877158e+00 -4.44177769e-01
 -7.50468960e-01 -9.19049522e-01 -4.52433664e-01 -4.03385997e-02
  5.50613847e-01 -5.69419557e-01  2.30797664e+00 -1.48314078e+00
  1.84333382e+00  4.13865658e-01 -1.16394728e-01 -9.86150672e-01
  6.49471702e-01 -1.26899176e-01 -1.19986480e+00 -2.49873745e-01
 -1.49691755e+00  4.14649380e-01  2.43082088e-01  5.24734770e-01
  3.50316287e-01  7.22120542e-01  9.16837917e-01 -5.55418458e-01
  5.82240413e-01 -3.92011659e-01  1.25933000e+00  1.62893789e-02
  1.93302605e-02 -1.45594696e+00  2.48706934e-01 -7.50860610e-01
  3.89420917e-01  5.74757394e-01  5.96095053e-01  8.89984677e-01
 -4.09500860e-01  2.79618778e-01 -1.60955844e+00  5.10241809e-01
 -2.97022103e-01  1.29285614e+00  2.18234971e-01  6.95814618e-01
  3.78121494e-01  3.71357856e-01 -8.38781417e-01 -1.02806451e-02
  2.75360786e-01 -1.81661858e-01  1.10251204e-01 -1.34964772e+00
 -4.21737904e-01  7.72955822e-01 -2.57273578e-01  1.64397128e-01
 -2.27375196e-01 -6.58225381e-02  3.34094547e-01  2.50736899e-01
 -1.81135530e-01 -2.25634164e-01 -7.25803767e-02  1.29725781e-01
 -1.28421937e-01  4.83412116e-02  1.10018733e-01  1.19662291e-01
 -2.16052618e-01 -1.74070038e-01  7.86795591e-02  1.27806780e-01
 -8.75599421e-02  2.76116021e-01  1.34147296e-01 -1.52273782e-01
 -3.58205566e-01  1.66812224e-01  7.56200708e-02  2.79583982e-01
 -1.96813957e-01 -1.10098961e-01 -1.58469324e-01 -7.63535725e-02
  1.12561061e-01  1.11924475e-01 -1.01714313e-01  1.07038036e-01]
[[6.81313186e-01 2.64530872e-01 3.40239258e-01 ... 3.67861352e-03
  1.00000000e+00 2.62841976e-03]
 [6.81313186e-01 2.64530872e-01 3.40239258e-01 ... 3.67861352e-03
  1.00000000e+00 2.62841976e-03]
 [6.81313186e-01 2.64530872e-01 3.40239258e-01 ... 3.67861352e-03
  1.00000000e+00 2.62841976e-03]
 ...
 [2.11464231e-01 8.54076567e-01 4.43576363e-01 ... 1.09677978e-18
  2.25667171e-19 1.18253517e-15]
 [2.44971094e-01 8.38688024e-01 4.46272903e-01 ... 1.21398416e-16
  2.49782477e-17 1.30890356e-13]
 [2.80368051e-01 8.13654131e-01 4.43576363e-01 ... 9.11697626e-15
  1.87585719e-15 9.82981749e-12]]
[ 1.75524662e+00 -7.40259999e+00  1.34416809e+01 -3.86931402e+00
 -6.97666687e+00 -3.67757959e-01 -1.59906666e+00  2.76120448e+00
 -5.61287679e+00  7.07061136e-01 -4.98997018e-01 -4.69697431e+00
 -3.41977274e+00  1.86893054e-01  1.23279433e+01  1.07565111e+01
 -2.33623657e+00 -7.93039853e+00  2.19877158e+00 -4.44177769e-01
 -7.50468960e-01 -9.19049522e-01 -4.52433664e-01 -4.03385997e-02
  5.50613847e-01 -5.69419557e-01  2.30797664e+00 -1.48314078e+00
  1.84333382e+00  4.13865658e-01 -1.16394728e-01 -9.86150672e-01
  6.49471702e-01 -1.26899176e-01 -1.19986480e+00 -2.49873745e-01
 -1.49691755e+00  4.14649380e-01  2.43082088e-01  5.24734770e-01
  3.50316287e-01  7.22120542e-01  9.16837917e-01 -5.55418458e-01
  5.82240413e-01 -3.92011659e-01  1.25933000e+00  1.62893789e-02
  1.93302605e-02 -1.45594696e+00  2.48706934e-01 -7.50860610e-01
  3.89420917e-01  5.74757394e-01  5.96095053e-01  8.89984677e-01
 -4.09500860e-01  2.79618778e-01 -1.60955844e+00  5.10241809e-01
 -2.97022103e-01  1.29285614e+00  2.18234971e-01  6.95814618e-01
  3.78121494e-01  3.71357856e-01 -8.38781417e-01 -1.02806451e-02
  2.75360786e-01 -1.81661858e-01  1.10251204e-01 -1.34964772e+00
 -4.21737904e-01  7.72955822e-01 -2.57273578e-01  1.64397128e-01
 -2.27375196e-01 -6.58225381e-02  3.34094547e-01  2.50736899e-01
 -1.81135530e-01 -2.25634164e-01 -7.25803767e-02  1.29725781e-01
 -1.28421937e-01  4.83412116e-02  1.10018733e-01  1.19662291e-01
 -2.16052618e-01 -1.74070038e-01  7.86795591e-02  1.27806780e-01
 -8.75599421e-02  2.76116021e-01  1.34147296e-01 -1.52273782e-01
 -3.58205566e-01  1.66812224e-01  7.56200708e-02  2.79583982e-01
 -1.96813957e-01 -1.10098961e-01 -1.58469324e-01 -7.63535725e-02
  1.12561061e-01  1.11924475e-01 -1.01714313e-01  1.07038036e-01
 -1.60841012e-01  5.72411144e-02  5.28669324e-02 -1.95434197e-01
  1.92486363e-01  6.77847614e-02  3.82902673e-02  3.63921924e-02]
[[6.81313186e-01 2.64530872e-01 3.40239258e-01 ... 1.60858886e-05
  1.23037361e-03 2.02125642e-11]
 [6.81313186e-01 2.64530872e-01 3.40239258e-01 ... 1.60858886e-05
  1.23037361e-03 2.02125642e-11]
 [6.81313186e-01 2.64530872e-01 3.40239258e-01 ... 1.60858886e-05
  1.23037361e-03 2.02125642e-11]
 ...
 [2.11464231e-01 8.54076567e-01 4.43576363e-01 ... 2.59205081e-32
  8.58717173e-31 2.60177662e-22]
 [2.44971094e-01 8.38688024e-01 4.46272903e-01 ... 3.17563573e-28
  3.79395404e-27 1.14950780e-18]
 [2.80368051e-01 8.13654131e-01 4.43576363e-01 ... 1.79104414e-24
  7.71653663e-24 2.33798801e-15]]
[ 1.75524662e+00 -7.40259999e+00  1.34416809e+01 -3.86931402e+00
 -6.97666687e+00 -3.67757959e-01 -1.59906666e+00  2.76120448e+00
 -5.61287679e+00  7.07061136e-01 -4.98997018e-01 -4.69697431e+00
 -3.41977274e+00  1.86893054e-01  1.23279433e+01  1.07565111e+01
 -2.33623657e+00 -7.93039853e+00  2.19877158e+00 -4.44177769e-01
 -7.50468960e-01 -9.19049522e-01 -4.52433664e-01 -4.03385997e-02
  5.50613847e-01 -5.69419557e-01  2.30797664e+00 -1.48314078e+00
  1.84333382e+00  4.13865658e-01 -1.16394728e-01 -9.86150672e-01
  6.49471702e-01 -1.26899176e-01 -1.19986480e+00 -2.49873745e-01
 -1.49691755e+00  4.14649380e-01  2.43082088e-01  5.24734770e-01
  3.50316287e-01  7.22120542e-01  9.16837917e-01 -5.55418458e-01
  5.82240413e-01 -3.92011659e-01  1.25933000e+00  1.62893789e-02
  1.93302605e-02 -1.45594696e+00  2.48706934e-01 -7.50860610e-01
  3.89420917e-01  5.74757394e-01  5.96095053e-01  8.89984677e-01
 -4.09500860e-01  2.79618778e-01 -1.60955844e+00  5.10241809e-01
 -2.97022103e-01  1.29285614e+00  2.18234971e-01  6.95814618e-01
  3.78121494e-01  3.71357856e-01 -8.38781417e-01 -1.02806451e-02
  2.75360786e-01 -1.81661858e-01  1.10251204e-01 -1.34964772e+00
 -4.21737904e-01  7.72955822e-01 -2.57273578e-01  1.64397128e-01
 -2.27375196e-01 -6.58225381e-02  3.34094547e-01  2.50736899e-01
 -1.81135530e-01 -2.25634164e-01 -7.25803767e-02  1.29725781e-01
 -1.28421937e-01  4.83412116e-02  1.10018733e-01  1.19662291e-01
 -2.16052618e-01 -1.74070038e-01  7.86795591e-02  1.27806780e-01
 -8.75599421e-02  2.76116021e-01  1.34147296e-01 -1.52273782e-01
 -3.58205566e-01  1.66812224e-01  7.56200708e-02  2.79583982e-01
 -1.96813957e-01 -1.10098961e-01 -1.58469324e-01 -7.63535725e-02
  1.12561061e-01  1.11924475e-01 -1.01714313e-01  1.07038036e-01
 -1.60841012e-01  5.72411144e-02  5.28669324e-02 -1.95434197e-01
  1.92486363e-01  6.77847614e-02  3.82902673e-02  3.63921924e-02
  4.88718839e-02  4.50921238e-02 -7.68163931e-02 -7.70625651e-02]
[[6.81313186e-01 2.64530872e-01 3.40239258e-01 ... 1.60858886e-05
  1.23037361e-03 2.02125642e-11]
 [6.81313186e-01 2.64530872e-01 3.40239258e-01 ... 1.60858886e-05
  1.23037361e-03 2.02125642e-11]
 [6.81313186e-01 2.64530872e-01 3.40239258e-01 ... 1.60858886e-05
  1.23037361e-03 2.02125642e-11]
 ...
 [2.11464231e-01 8.54076567e-01 4.43576363e-01 ... 2.59205081e-32
  8.58717173e-31 2.60177662e-22]
 [2.44971094e-01 8.38688024e-01 4.46272903e-01 ... 3.17563573e-28
  3.79395404e-27 1.14950780e-18]
 [2.80368051e-01 8.13654131e-01 4.43576363e-01 ... 1.79104414e-24
  7.71653663e-24 2.33798801e-15]]
[ 1.75524662e+00 -7.40259999e+00  1.34416809e+01 -3.86931402e+00
 -6.97666687e+00 -3.67757959e-01 -1.59906666e+00  2.76120448e+00
 -5.61287679e+00  7.07061136e-01 -4.98997018e-01 -4.69697431e+00
 -3.41977274e+00  1.86893054e-01  1.23279433e+01  1.07565111e+01
 -2.33623657e+00 -7.93039853e+00  2.19877158e+00 -4.44177769e-01
 -7.50468960e-01 -9.19049522e-01 -4.52433664e-01 -4.03385997e-02
  5.50613847e-01 -5.69419557e-01  2.30797664e+00 -1.48314078e+00
  1.84333382e+00  4.13865658e-01 -1.16394728e-01 -9.86150672e-01
  6.49471702e-01 -1.26899176e-01 -1.19986480e+00 -2.49873745e-01
 -1.49691755e+00  4.14649380e-01  2.43082088e-01  5.24734770e-01
  3.50316287e-01  7.22120542e-01  9.16837917e-01 -5.55418458e-01
  5.82240413e-01 -3.92011659e-01  1.25933000e+00  1.62893789e-02
  1.93302605e-02 -1.45594696e+00  2.48706934e-01 -7.50860610e-01
  3.89420917e-01  5.74757394e-01  5.96095053e-01  8.89984677e-01
 -4.09500860e-01  2.79618778e-01 -1.60955844e+00  5.10241809e-01
 -2.97022103e-01  1.29285614e+00  2.18234971e-01  6.95814618e-01
  3.78121494e-01  3.71357856e-01 -8.38781417e-01 -1.02806451e-02
  2.75360786e-01 -1.81661858e-01  1.10251204e-01 -1.34964772e+00
 -4.21737904e-01  7.72955822e-01 -2.57273578e-01  1.64397128e-01
 -2.27375196e-01 -6.58225381e-02  3.34094547e-01  2.50736899e-01
 -1.81135530e-01 -2.25634164e-01 -7.25803767e-02  1.29725781e-01
 -1.28421937e-01  4.83412116e-02  1.10018733e-01  1.19662291e-01
 -2.16052618e-01 -1.74070038e-01  7.86795591e-02  1.27806780e-01
 -8.75599421e-02  2.76116021e-01  1.34147296e-01 -1.52273782e-01
 -3.58205566e-01  1.66812224e-01  7.56200708e-02  2.79583982e-01
 -1.96813957e-01 -1.10098961e-01 -1.58469324e-01 -7.63535725e-02
  1.12561061e-01  1.11924475e-01 -1.01714313e-01  1.07038036e-01
 -1.60841012e-01  5.72411144e-02  5.28669324e-02 -1.95434197e-01
  1.92486363e-01  6.77847614e-02  3.82902673e-02  3.63921924e-02
  4.88718839e-02  4.50921238e-02 -7.68163931e-02 -7.70625651e-02]
[[6.81313186e-01 2.64530872e-01 3.40239258e-01 ... 1.60858886e-05
  1.23037361e-03 2.02125642e-11]
 [6.81313186e-01 2.64530872e-01 3.40239258e-01 ... 1.60858886e-05
  1.23037361e-03 2.02125642e-11]
 [6.81313186e-01 2.64530872e-01 3.40239258e-01 ... 1.60858886e-05
  1.23037361e-03 2.02125642e-11]
 ...
 [2.11464231e-01 8.54076567e-01 4.43576363e-01 ... 2.59205081e-32
  8.58717173e-31 2.60177662e-22]
 [2.44971094e-01 8.38688024e-01 4.46272903e-01 ... 3.17563573e-28
  3.79395404e-27 1.14950780e-18]
 [2.80368051e-01 8.13654131e-01 4.43576363e-01 ... 1.79104414e-24
  7.71653663e-24 2.33798801e-15]]
[ 1.75524662e+00 -7.40259999e+00  1.34416809e+01 -3.86931402e+00
 -6.97666687e+00 -3.67757959e-01 -1.59906666e+00  2.76120448e+00
 -5.61287679e+00  7.07061136e-01 -4.98997018e-01 -4.69697431e+00
 -3.41977274e+00  1.86893054e-01  1.23279433e+01  1.07565111e+01
 -2.33623657e+00 -7.93039853e+00  2.19877158e+00 -4.44177769e-01
 -7.50468960e-01 -9.19049522e-01 -4.52433664e-01 -4.03385997e-02
  5.50613847e-01 -5.69419557e-01  2.30797664e+00 -1.48314078e+00
  1.84333382e+00  4.13865658e-01 -1.16394728e-01 -9.86150672e-01
  6.49471702e-01 -1.26899176e-01 -1.19986480e+00 -2.49873745e-01
 -1.49691755e+00  4.14649380e-01  2.43082088e-01  5.24734770e-01
  3.50316287e-01  7.22120542e-01  9.16837917e-01 -5.55418458e-01
  5.82240413e-01 -3.92011659e-01  1.25933000e+00  1.62893789e-02
  1.93302605e-02 -1.45594696e+00  2.48706934e-01 -7.50860610e-01
  3.89420917e-01  5.74757394e-01  5.96095053e-01  8.89984677e-01
 -4.09500860e-01  2.79618778e-01 -1.60955844e+00  5.10241809e-01
 -2.97022103e-01  1.29285614e+00  2.18234971e-01  6.95814618e-01
  3.78121494e-01  3.71357856e-01 -8.38781417e-01 -1.02806451e-02
  2.75360786e-01 -1.81661858e-01  1.10251204e-01 -1.34964772e+00
 -4.21737904e-01  7.72955822e-01 -2.57273578e-01  1.64397128e-01
 -2.27375196e-01 -6.58225381e-02  3.34094547e-01  2.50736899e-01
 -1.81135530e-01 -2.25634164e-01 -7.25803767e-02  1.29725781e-01
 -1.28421937e-01  4.83412116e-02  1.10018733e-01  1.19662291e-01
 -2.16052618e-01 -1.74070038e-01  7.86795591e-02  1.27806780e-01
 -8.75599421e-02  2.76116021e-01  1.34147296e-01 -1.52273782e-01
 -3.58205566e-01  1.66812224e-01  7.56200708e-02  2.79583982e-01
 -1.96813957e-01 -1.10098961e-01 -1.58469324e-01 -7.63535725e-02
  1.12561061e-01  1.11924475e-01 -1.01714313e-01  1.07038036e-01
 -1.60841012e-01  5.72411144e-02  5.28669324e-02 -1.95434197e-01
  1.92486363e-01  6.77847614e-02  3.82902673e-02  3.63921924e-02
  4.88718839e-02  4.50921238e-02 -7.68163931e-02 -7.70625651e-02]
[[6.81313186e-01 2.64530872e-01 3.40239258e-01 ... 1.60858886e-05
  1.23037361e-03 2.02125642e-11]
 [6.81313186e-01 2.64530872e-01 3.40239258e-01 ... 1.60858886e-05
  1.23037361e-03 2.02125642e-11]
 [6.81313186e-01 2.64530872e-01 3.40239258e-01 ... 1.60858886e-05
  1.23037361e-03 2.02125642e-11]
 ...
 [2.11464231e-01 8.54076567e-01 4.43576363e-01 ... 2.59205081e-32
  8.58717173e-31 2.60177662e-22]
 [2.44971094e-01 8.38688024e-01 4.46272903e-01 ... 3.17563573e-28
  3.79395404e-27 1.14950780e-18]
 [2.80368051e-01 8.13654131e-01 4.43576363e-01 ... 1.79104414e-24
  7.71653663e-24 2.33798801e-15]]
[ 1.75524662e+00 -7.40259999e+00  1.34416809e+01 -3.86931402e+00
 -6.97666687e+00 -3.67757959e-01 -1.59906666e+00  2.76120448e+00
 -5.61287679e+00  7.07061136e-01 -4.98997018e-01 -4.69697431e+00
 -3.41977274e+00  1.86893054e-01  1.23279433e+01  1.07565111e+01
 -2.33623657e+00 -7.93039853e+00  2.19877158e+00 -4.44177769e-01
 -7.50468960e-01 -9.19049522e-01 -4.52433664e-01 -4.03385997e-02
  5.50613847e-01 -5.69419557e-01  2.30797664e+00 -1.48314078e+00
  1.84333382e+00  4.13865658e-01 -1.16394728e-01 -9.86150672e-01
  6.49471702e-01 -1.26899176e-01 -1.19986480e+00 -2.49873745e-01
 -1.49691755e+00  4.14649380e-01  2.43082088e-01  5.24734770e-01
  3.50316287e-01  7.22120542e-01  9.16837917e-01 -5.55418458e-01
  5.82240413e-01 -3.92011659e-01  1.25933000e+00  1.62893789e-02
  1.93302605e-02 -1.45594696e+00  2.48706934e-01 -7.50860610e-01
  3.89420917e-01  5.74757394e-01  5.96095053e-01  8.89984677e-01
 -4.09500860e-01  2.79618778e-01 -1.60955844e+00  5.10241809e-01
 -2.97022103e-01  1.29285614e+00  2.18234971e-01  6.95814618e-01
  3.78121494e-01  3.71357856e-01 -8.38781417e-01 -1.02806451e-02
  2.75360786e-01 -1.81661858e-01  1.10251204e-01 -1.34964772e+00
 -4.21737904e-01  7.72955822e-01 -2.57273578e-01  1.64397128e-01
 -2.27375196e-01 -6.58225381e-02  3.34094547e-01  2.50736899e-01
 -1.81135530e-01 -2.25634164e-01 -7.25803767e-02  1.29725781e-01
 -1.28421937e-01  4.83412116e-02  1.10018733e-01  1.19662291e-01
 -2.16052618e-01 -1.74070038e-01  7.86795591e-02  1.27806780e-01
 -8.75599421e-02  2.76116021e-01  1.34147296e-01 -1.52273782e-01
 -3.58205566e-01  1.66812224e-01  7.56200708e-02  2.79583982e-01
 -1.96813957e-01 -1.10098961e-01 -1.58469324e-01 -7.63535725e-02
  1.12561061e-01  1.11924475e-01 -1.01714313e-01  1.07038036e-01
 -1.60841012e-01  5.72411144e-02  5.28669324e-02 -1.95434197e-01
  1.92486363e-01  6.77847614e-02  3.82902673e-02  3.63921924e-02
  4.88718839e-02  4.50921238e-02 -7.68163931e-02 -7.70625651e-02]
[[6.81313186e-01 2.64530872e-01 3.40239258e-01 ... 1.60858886e-05
  1.23037361e-03 2.02125642e-11]
 [6.81313186e-01 2.64530872e-01 3.40239258e-01 ... 1.60858886e-05
  1.23037361e-03 2.02125642e-11]
 [6.81313186e-01 2.64530872e-01 3.40239258e-01 ... 1.60858886e-05
  1.23037361e-03 2.02125642e-11]
 ...
 [2.11464231e-01 8.54076567e-01 4.43576363e-01 ... 2.59205081e-32
  8.58717173e-31 2.60177662e-22]
 [2.44971094e-01 8.38688024e-01 4.46272903e-01 ... 3.17563573e-28
  3.79395404e-27 1.14950780e-18]
 [2.80368051e-01 8.13654131e-01 4.43576363e-01 ... 1.79104414e-24
  7.71653663e-24 2.33798801e-15]]
[ 1.75524662e+00 -7.40259999e+00  1.34416809e+01 -3.86931402e+00
 -6.97666687e+00 -3.67757959e-01 -1.59906666e+00  2.76120448e+00
 -5.61287679e+00  7.07061136e-01 -4.98997018e-01 -4.69697431e+00
 -3.41977274e+00  1.86893054e-01  1.23279433e+01  1.07565111e+01
 -2.33623657e+00 -7.93039853e+00  2.19877158e+00 -4.44177769e-01
 -7.50468960e-01 -9.19049522e-01 -4.52433664e-01 -4.03385997e-02
  5.50613847e-01 -5.69419557e-01  2.30797664e+00 -1.48314078e+00
  1.84333382e+00  4.13865658e-01 -1.16394728e-01 -9.86150672e-01
  6.49471702e-01 -1.26899176e-01 -1.19986480e+00 -2.49873745e-01
 -1.49691755e+00  4.14649380e-01  2.43082088e-01  5.24734770e-01
  3.50316287e-01  7.22120542e-01  9.16837917e-01 -5.55418458e-01
  5.82240413e-01 -3.92011659e-01  1.25933000e+00  1.62893789e-02
  1.93302605e-02 -1.45594696e+00  2.48706934e-01 -7.50860610e-01
  3.89420917e-01  5.74757394e-01  5.96095053e-01  8.89984677e-01
 -4.09500860e-01  2.79618778e-01 -1.60955844e+00  5.10241809e-01
 -2.97022103e-01  1.29285614e+00  2.18234971e-01  6.95814618e-01
  3.78121494e-01  3.71357856e-01 -8.38781417e-01 -1.02806451e-02
  2.75360786e-01 -1.81661858e-01  1.10251204e-01 -1.34964772e+00
 -4.21737904e-01  7.72955822e-01 -2.57273578e-01  1.64397128e-01
 -2.27375196e-01 -6.58225381e-02  3.34094547e-01  2.50736899e-01
 -1.81135530e-01 -2.25634164e-01 -7.25803767e-02  1.29725781e-01
 -1.28421937e-01  4.83412116e-02  1.10018733e-01  1.19662291e-01
 -2.16052618e-01 -1.74070038e-01  7.86795591e-02  1.27806780e-01
 -8.75599421e-02  2.76116021e-01  1.34147296e-01 -1.52273782e-01
 -3.58205566e-01  1.66812224e-01  7.56200708e-02  2.79583982e-01
 -1.96813957e-01 -1.10098961e-01 -1.58469324e-01 -7.63535725e-02
  1.12561061e-01  1.11924475e-01 -1.01714313e-01  1.07038036e-01
 -1.60841012e-01  5.72411144e-02  5.28669324e-02 -1.95434197e-01
  1.92486363e-01  6.77847614e-02  3.82902673e-02  3.63921924e-02
  4.88718839e-02  4.50921238e-02 -7.68163931e-02 -7.70625651e-02]
[[6.81313186e-001 2.64530872e-001 3.40239258e-001 ... 1.23037361e-003
  2.02125642e-011 6.36306585e-175]
 [6.81313186e-001 2.64530872e-001 3.40239258e-001 ... 1.23037361e-003
  2.02125642e-011 6.36306585e-175]
 [6.81313186e-001 2.64530872e-001 3.40239258e-001 ... 1.23037361e-003
  2.02125642e-011 6.36306585e-175]
 ...
 [2.11464231e-001 8.54076567e-001 4.43576363e-001 ... 8.58717173e-031
  2.60177662e-022 0.00000000e+000]
 [2.44971094e-001 8.38688024e-001 4.46272903e-001 ... 3.79395404e-027
  1.14950780e-018 0.00000000e+000]
 [2.80368051e-001 8.13654131e-001 4.43576363e-001 ... 7.71653663e-024
  2.33798801e-015 0.00000000e+000]]
[ 1.75524662e+00 -7.40259999e+00  1.34416809e+01 -3.86931402e+00
 -6.97666687e+00 -3.67757959e-01 -1.59906666e+00  2.76120448e+00
 -5.61287679e+00  7.07061136e-01 -4.98997018e-01 -4.69697431e+00
 -3.41977274e+00  1.86893054e-01  1.23279433e+01  1.07565111e+01
 -2.33623657e+00 -7.93039853e+00  2.19877158e+00 -4.44177769e-01
 -7.50468960e-01 -9.19049522e-01 -4.52433664e-01 -4.03385997e-02
  5.50613847e-01 -5.69419557e-01  2.30797664e+00 -1.48314078e+00
  1.84333382e+00  4.13865658e-01 -1.16394728e-01 -9.86150672e-01
  6.49471702e-01 -1.26899176e-01 -1.19986480e+00 -2.49873745e-01
 -1.49691755e+00  4.14649380e-01  2.43082088e-01  5.24734770e-01
  3.50316287e-01  7.22120542e-01  9.16837917e-01 -5.55418458e-01
  5.82240413e-01 -3.92011659e-01  1.25933000e+00  1.62893789e-02
  1.93302605e-02 -1.45594696e+00  2.48706934e-01 -7.50860610e-01
  3.89420917e-01  5.74757394e-01  5.96095053e-01  8.89984677e-01
 -4.09500860e-01  2.79618778e-01 -1.60955844e+00  5.10241809e-01
 -2.97022103e-01  1.29285614e+00  2.18234971e-01  6.95814618e-01
  3.78121494e-01  3.71357856e-01 -8.38781417e-01 -1.02806451e-02
  2.75360786e-01 -1.81661858e-01  1.10251204e-01 -1.34964772e+00
 -4.21737904e-01  7.72955822e-01 -2.57273578e-01  1.64397128e-01
 -2.27375196e-01 -6.58225381e-02  3.34094547e-01  2.50736899e-01
 -1.81135530e-01 -2.25634164e-01 -7.25803767e-02  1.29725781e-01
 -1.28421937e-01  4.83412116e-02  1.10018733e-01  1.19662291e-01
 -2.16052618e-01 -1.74070038e-01  7.86795591e-02  1.27806780e-01
 -8.75599421e-02  2.76116021e-01  1.34147296e-01 -1.52273782e-01
 -3.58205566e-01  1.66812224e-01  7.56200708e-02  2.79583982e-01
 -1.96813957e-01 -1.10098961e-01 -1.58469324e-01 -7.63535725e-02
  1.12561061e-01  1.11924475e-01 -1.01714313e-01  1.07038036e-01
 -1.60841012e-01  5.72411144e-02  5.28669324e-02 -1.95434197e-01
  1.92486363e-01  6.77847614e-02  3.82902673e-02  3.63921924e-02
  4.88718839e-02  4.50921238e-02 -7.68163931e-02 -7.70625651e-02
 -3.39349475e-01]
[[6.81313186e-001 2.64530872e-001 3.40239258e-001 ... 0.00000000e+000
  0.00000000e+000 8.41459267e-231]
 [6.81313186e-001 2.64530872e-001 3.40239258e-001 ... 0.00000000e+000
  0.00000000e+000 8.41459267e-231]
 [6.81313186e-001 2.64530872e-001 3.40239258e-001 ... 0.00000000e+000
  0.00000000e+000 8.41459267e-231]
 ...
 [2.11464231e-001 8.54076567e-001 4.43576363e-001 ... 0.00000000e+000
  0.00000000e+000 0.00000000e+000]
 [2.44971094e-001 8.38688024e-001 4.46272903e-001 ... 0.00000000e+000
  0.00000000e+000 0.00000000e+000]
 [2.80368051e-001 8.13654131e-001 4.43576363e-001 ... 0.00000000e+000
  0.00000000e+000 0.00000000e+000]]
[ 1.75524662e+00 -7.40259999e+00  1.34416809e+01 -3.86931402e+00
 -6.97666687e+00 -3.67757959e-01 -1.59906666e+00  2.76120448e+00
 -5.61287679e+00  7.07061136e-01 -4.98997018e-01 -4.69697431e+00
 -3.41977274e+00  1.86893054e-01  1.23279433e+01  1.07565111e+01
 -2.33623657e+00 -7.93039853e+00  2.19877158e+00 -4.44177769e-01
 -7.50468960e-01 -9.19049522e-01 -4.52433664e-01 -4.03385997e-02
  5.50613847e-01 -5.69419557e-01  2.30797664e+00 -1.48314078e+00
  1.84333382e+00  4.13865658e-01 -1.16394728e-01 -9.86150672e-01
  6.49471702e-01 -1.26899176e-01 -1.19986480e+00 -2.49873745e-01
 -1.49691755e+00  4.14649380e-01  2.43082088e-01  5.24734770e-01
  3.50316287e-01  7.22120542e-01  9.16837917e-01 -5.55418458e-01
  5.82240413e-01 -3.92011659e-01  1.25933000e+00  1.62893789e-02
  1.93302605e-02 -1.45594696e+00  2.48706934e-01 -7.50860610e-01
  3.89420917e-01  5.74757394e-01  5.96095053e-01  8.89984677e-01
 -4.09500860e-01  2.79618778e-01 -1.60955844e+00  5.10241809e-01
 -2.97022103e-01  1.29285614e+00  2.18234971e-01  6.95814618e-01
  3.78121494e-01  3.71357856e-01 -8.38781417e-01 -1.02806451e-02
  2.75360786e-01 -1.81661858e-01  1.10251204e-01 -1.34964772e+00
 -4.21737904e-01  7.72955822e-01 -2.57273578e-01  1.64397128e-01
 -2.27375196e-01 -6.58225381e-02  3.34094547e-01  2.50736899e-01
 -1.81135530e-01 -2.25634164e-01 -7.25803767e-02  1.29725781e-01
 -1.28421937e-01  4.83412116e-02  1.10018733e-01  1.19662291e-01
 -2.16052618e-01 -1.74070038e-01  7.86795591e-02  1.27806780e-01
 -8.75599421e-02  2.76116021e-01  1.34147296e-01 -1.52273782e-01
 -3.58205566e-01  1.66812224e-01  7.56200708e-02  2.79583982e-01
 -1.96813957e-01 -1.10098961e-01 -1.58469324e-01 -7.63535725e-02
  1.12561061e-01  1.11924475e-01 -1.01714313e-01  1.07038036e-01
 -1.60841012e-01  5.72411144e-02  5.28669324e-02 -1.95434197e-01
  1.92486363e-01  6.77847614e-02  3.82902673e-02  3.63921924e-02
  4.88718839e-02  4.50921238e-02 -7.68163931e-02 -7.70625651e-02
 -3.39349475e-01 -4.79463345e-01 -4.77556753e-01 -4.61367219e-01
 -4.52015984e-01 -4.47721881e-01 -4.45153667e-01 -4.33941818e-01
 -4.33562610e-01 -4.27782958e-01 -4.26701023e-01 -4.23759989e-01
 -4.19893892e-01 -4.18331607e-01]
[[0.00092773 0.06218256]
 [0.00219727 0.06084959]
 [0.00366211 0.06012521]
 [0.00527344 0.05956757]
 [0.00527344 0.05956757]
 [0.00566406 0.05924047]
 [0.00585938 0.05913692]
 [0.00585938 0.05913692]
 [0.00585938 0.05913692]
 [0.00585938 0.05913692]
 [0.00585938 0.05913692]
 [0.0059082  0.05910096]
 [0.00654297 0.05860096]]
