12
0.008
rdot
MMA
sample
[[ 1.          0.97873908  0.76356524 ...  0.9782      0.59105727
   0.27531309]
 [ 1.          0.97873908  0.76356524 ...  0.9782      0.59105727
   0.37814505]
 [ 1.          0.97873908  0.76356524 ...  0.9782      0.59105727
   0.39295525]
 ...
 [ 0.10612479  0.9834187   0.93762584 ...  0.66369007  0.95890836
  -0.11330898]
 [ 0.17687465  0.9834187   0.93762584 ...  0.66369007  0.95890836
  -0.11745745]
 [ 0.24762451  0.9834187   0.93762584 ...  0.66369007  0.95890836
  -0.12113016]]
20480
0.0003457751881436266
[[0.68131319 0.26453087 0.34023926 ... 0.33646541 0.257507   0.25459533]
 [0.68131319 0.26453087 0.34023926 ... 0.33646541 0.257507   0.25459533]
 [0.68131319 0.26453087 0.34023926 ... 0.33646541 0.257507   0.25459533]
 ...
 [0.21146423 0.85407657 0.44357636 ... 0.76520213 0.41502584 0.42556211]
 [0.24497109 0.83868802 0.4462729  ... 0.7605785  0.40754801 0.41789444]
 [0.28036805 0.81365413 0.44357636 ... 0.74687458 0.39538316 0.40542076]]
[ 1.84735743 -5.62826269  7.2381688  -2.84994998 -6.05575352  0.02720683
 -1.73782069  2.42133765 -5.92102064  1.54649593  1.49609795 -2.23926259
 -3.47932193  2.73949292  8.57946311  8.83580759 -4.21357555 -2.61629555]
[[0.68131319 0.26453087 0.34023926 ... 0.56104231 0.12010884 0.46418766]
 [0.68131319 0.26453087 0.34023926 ... 0.56104231 0.12010884 0.46418766]
 [0.68131319 0.26453087 0.34023926 ... 0.56104231 0.12010884 0.46418766]
 ...
 [0.21146423 0.85407657 0.44357636 ... 0.05816655 0.95267118 0.04471712]
 [0.24497109 0.83868802 0.4462729  ... 0.07237732 0.9879518  0.06001084]
 [0.28036805 0.81365413 0.44357636 ... 0.08790291 1.         0.07860624]]
[ 1.84735743 -5.62826269  7.2381688  -2.84994998 -6.05575352  0.02720683
 -1.73782069  2.42133765 -5.92102064  1.54649593  1.49609795 -2.23926259
 -3.47932193  2.73949292  8.57946311  8.83580759 -4.21357555 -2.61629555
 -0.70770057  0.10264102 -1.41235635 -1.54397105 -0.62627722  0.49985767
  0.42104443 -0.90129079  1.53437705 -0.41148695  0.71108739  0.16490553
  1.28336442  0.33863505 -0.53054226  0.89763331  0.18600604]
[[0.68131319 0.26453087 0.34023926 ... 0.04608343 0.07471808 0.00433792]
 [0.68131319 0.26453087 0.34023926 ... 0.04608343 0.07471808 0.00433792]
 [0.68131319 0.26453087 0.34023926 ... 0.04608343 0.07471808 0.00433792]
 ...
 [0.21146423 0.85407657 0.44357636 ... 0.44025654 0.32730694 0.42220379]
 [0.24497109 0.83868802 0.4462729  ... 0.49624489 0.38609844 0.39258768]
 [0.28036805 0.81365413 0.44357636 ... 0.53287987 0.43389426 0.3477717 ]]
[ 1.84735743 -5.62826269  7.2381688  -2.84994998 -6.05575352  0.02720683
 -1.73782069  2.42133765 -5.92102064  1.54649593  1.49609795 -2.23926259
 -3.47932193  2.73949292  8.57946311  8.83580759 -4.21357555 -2.61629555
 -0.70770057  0.10264102 -1.41235635 -1.54397105 -0.62627722  0.49985767
  0.42104443 -0.90129079  1.53437705 -0.41148695  0.71108739  0.16490553
  1.28336442  0.33863505 -0.53054226  0.89763331  0.18600604 -0.18843679
  0.31966009 -0.23629934 -0.1033656   0.19179768  0.0956471  -0.25974045
  0.13014553  0.07672833  0.20515696 -0.19475034 -0.05030841 -0.28027316
  0.11122326  0.13730519]
[[6.81313186e-01 2.64530872e-01 3.40239258e-01 ... 2.73069535e-05
  1.61195974e-01 1.57614991e-04]
 [6.81313186e-01 2.64530872e-01 3.40239258e-01 ... 2.73069535e-05
  1.61195974e-01 1.57614991e-04]
 [6.81313186e-01 2.64530872e-01 3.40239258e-01 ... 2.73069535e-05
  1.61195974e-01 1.57614991e-04]
 ...
 [2.11464231e-01 8.54076567e-01 4.43576363e-01 ... 2.13941096e-01
  1.55955908e-03 2.80349916e-02]
 [2.44971094e-01 8.38688024e-01 4.46272903e-01 ... 1.84979371e-01
  3.73868294e-03 2.94277734e-02]
 [2.80368051e-01 8.13654131e-01 4.43576363e-01 ... 1.45157151e-01
  8.13432457e-03 2.80349916e-02]]
[ 1.84735743 -5.62826269  7.2381688  -2.84994998 -6.05575352  0.02720683
 -1.73782069  2.42133765 -5.92102064  1.54649593  1.49609795 -2.23926259
 -3.47932193  2.73949292  8.57946311  8.83580759 -4.21357555 -2.61629555
 -0.70770057  0.10264102 -1.41235635 -1.54397105 -0.62627722  0.49985767
  0.42104443 -0.90129079  1.53437705 -0.41148695  0.71108739  0.16490553
  1.28336442  0.33863505 -0.53054226  0.89763331  0.18600604 -0.18843679
  0.31966009 -0.23629934 -0.1033656   0.19179768  0.0956471  -0.25974045
  0.13014553  0.07672833  0.20515696 -0.19475034 -0.05030841 -0.28027316
  0.11122326  0.13730519  0.28963666 -0.24678118 -0.36960934  0.08412538
  0.09472225  0.28787113  0.13314317  0.09306163 -0.12667234  0.0320349
  0.21359243 -0.1190638  -0.11456029  0.30823974 -0.11994814 -0.14187019]
[[6.81313186e-01 2.64530872e-01 3.40239258e-01 ... 2.73069535e-05
  1.61195974e-01 1.57614991e-04]
 [6.81313186e-01 2.64530872e-01 3.40239258e-01 ... 2.73069535e-05
  1.61195974e-01 1.57614991e-04]
 [6.81313186e-01 2.64530872e-01 3.40239258e-01 ... 2.73069535e-05
  1.61195974e-01 1.57614991e-04]
 ...
 [2.11464231e-01 8.54076567e-01 4.43576363e-01 ... 2.13941096e-01
  1.55955908e-03 2.80349916e-02]
 [2.44971094e-01 8.38688024e-01 4.46272903e-01 ... 1.84979371e-01
  3.73868294e-03 2.94277734e-02]
 [2.80368051e-01 8.13654131e-01 4.43576363e-01 ... 1.45157151e-01
  8.13432457e-03 2.80349916e-02]]
[ 1.84735743 -5.62826269  7.2381688  -2.84994998 -6.05575352  0.02720683
 -1.73782069  2.42133765 -5.92102064  1.54649593  1.49609795 -2.23926259
 -3.47932193  2.73949292  8.57946311  8.83580759 -4.21357555 -2.61629555
 -0.70770057  0.10264102 -1.41235635 -1.54397105 -0.62627722  0.49985767
  0.42104443 -0.90129079  1.53437705 -0.41148695  0.71108739  0.16490553
  1.28336442  0.33863505 -0.53054226  0.89763331  0.18600604 -0.18843679
  0.31966009 -0.23629934 -0.1033656   0.19179768  0.0956471  -0.25974045
  0.13014553  0.07672833  0.20515696 -0.19475034 -0.05030841 -0.28027316
  0.11122326  0.13730519  0.28963666 -0.24678118 -0.36960934  0.08412538
  0.09472225  0.28787113  0.13314317  0.09306163 -0.12667234  0.0320349
  0.21359243 -0.1190638  -0.11456029  0.30823974 -0.11994814 -0.14187019]
[[6.81313186e-01 2.64530872e-01 3.40239258e-01 ... 1.57614991e-04
  2.58149598e-02 6.68117794e-04]
 [6.81313186e-01 2.64530872e-01 3.40239258e-01 ... 1.57614991e-04
  2.58149598e-02 6.68117794e-04]
 [6.81313186e-01 2.64530872e-01 3.40239258e-01 ... 1.57614991e-04
  2.58149598e-02 6.68117794e-04]
 ...
 [2.11464231e-01 8.54076567e-01 4.43576363e-01 ... 2.80349916e-02
  1.38711545e-11 8.77812900e-15]
 [2.44971094e-01 8.38688024e-01 4.46272903e-01 ... 2.94277734e-02
  6.52529150e-10 9.71617981e-13]
 [2.80368051e-01 8.13654131e-01 4.43576363e-01 ... 2.80349916e-02
  2.08272268e-08 7.29681520e-11]]
[ 1.84735743 -5.62826269  7.2381688  -2.84994998 -6.05575352  0.02720683
 -1.73782069  2.42133765 -5.92102064  1.54649593  1.49609795 -2.23926259
 -3.47932193  2.73949292  8.57946311  8.83580759 -4.21357555 -2.61629555
 -0.70770057  0.10264102 -1.41235635 -1.54397105 -0.62627722  0.49985767
  0.42104443 -0.90129079  1.53437705 -0.41148695  0.71108739  0.16490553
  1.28336442  0.33863505 -0.53054226  0.89763331  0.18600604 -0.18843679
  0.31966009 -0.23629934 -0.1033656   0.19179768  0.0956471  -0.25974045
  0.13014553  0.07672833  0.20515696 -0.19475034 -0.05030841 -0.28027316
  0.11122326  0.13730519  0.28963666 -0.24678118 -0.36960934  0.08412538
  0.09472225  0.28787113  0.13314317  0.09306163 -0.12667234  0.0320349
  0.21359243 -0.1190638  -0.11456029  0.30823974 -0.11994814 -0.14187019
 -0.18084386  0.08350391]
[[6.81313186e-01 2.64530872e-01 3.40239258e-01 ... 1.57614991e-04
  2.58149598e-02 6.68117794e-04]
 [6.81313186e-01 2.64530872e-01 3.40239258e-01 ... 1.57614991e-04
  2.58149598e-02 6.68117794e-04]
 [6.81313186e-01 2.64530872e-01 3.40239258e-01 ... 1.57614991e-04
  2.58149598e-02 6.68117794e-04]
 ...
 [2.11464231e-01 8.54076567e-01 4.43576363e-01 ... 2.80349916e-02
  1.38711545e-11 8.77812900e-15]
 [2.44971094e-01 8.38688024e-01 4.46272903e-01 ... 2.94277734e-02
  6.52529150e-10 9.71617981e-13]
 [2.80368051e-01 8.13654131e-01 4.43576363e-01 ... 2.80349916e-02
  2.08272268e-08 7.29681520e-11]]
[ 1.84735743 -5.62826269  7.2381688  -2.84994998 -6.05575352  0.02720683
 -1.73782069  2.42133765 -5.92102064  1.54649593  1.49609795 -2.23926259
 -3.47932193  2.73949292  8.57946311  8.83580759 -4.21357555 -2.61629555
 -0.70770057  0.10264102 -1.41235635 -1.54397105 -0.62627722  0.49985767
  0.42104443 -0.90129079  1.53437705 -0.41148695  0.71108739  0.16490553
  1.28336442  0.33863505 -0.53054226  0.89763331  0.18600604 -0.18843679
  0.31966009 -0.23629934 -0.1033656   0.19179768  0.0956471  -0.25974045
  0.13014553  0.07672833  0.20515696 -0.19475034 -0.05030841 -0.28027316
  0.11122326  0.13730519  0.28963666 -0.24678118 -0.36960934  0.08412538
  0.09472225  0.28787113  0.13314317  0.09306163 -0.12667234  0.0320349
  0.21359243 -0.1190638  -0.11456029  0.30823974 -0.11994814 -0.14187019
 -0.18084386  0.08350391]
[[6.81313186e-01 2.64530872e-01 3.40239258e-01 ... 1.57614991e-04
  2.58149598e-02 6.68117794e-04]
 [6.81313186e-01 2.64530872e-01 3.40239258e-01 ... 1.57614991e-04
  2.58149598e-02 6.68117794e-04]
 [6.81313186e-01 2.64530872e-01 3.40239258e-01 ... 1.57614991e-04
  2.58149598e-02 6.68117794e-04]
 ...
 [2.11464231e-01 8.54076567e-01 4.43576363e-01 ... 2.80349916e-02
  1.38711545e-11 8.77812900e-15]
 [2.44971094e-01 8.38688024e-01 4.46272903e-01 ... 2.94277734e-02
  6.52529150e-10 9.71617981e-13]
 [2.80368051e-01 8.13654131e-01 4.43576363e-01 ... 2.80349916e-02
  2.08272268e-08 7.29681520e-11]]
[ 1.84735743 -5.62826269  7.2381688  -2.84994998 -6.05575352  0.02720683
 -1.73782069  2.42133765 -5.92102064  1.54649593  1.49609795 -2.23926259
 -3.47932193  2.73949292  8.57946311  8.83580759 -4.21357555 -2.61629555
 -0.70770057  0.10264102 -1.41235635 -1.54397105 -0.62627722  0.49985767
  0.42104443 -0.90129079  1.53437705 -0.41148695  0.71108739  0.16490553
  1.28336442  0.33863505 -0.53054226  0.89763331  0.18600604 -0.18843679
  0.31966009 -0.23629934 -0.1033656   0.19179768  0.0956471  -0.25974045
  0.13014553  0.07672833  0.20515696 -0.19475034 -0.05030841 -0.28027316
  0.11122326  0.13730519  0.28963666 -0.24678118 -0.36960934  0.08412538
  0.09472225  0.28787113  0.13314317  0.09306163 -0.12667234  0.0320349
  0.21359243 -0.1190638  -0.11456029  0.30823974 -0.11994814 -0.14187019
 -0.18084386  0.08350391]
[[6.81313186e-01 2.64530872e-01 3.40239258e-01 ... 1.57614991e-04
  2.58149598e-02 6.68117794e-04]
 [6.81313186e-01 2.64530872e-01 3.40239258e-01 ... 1.57614991e-04
  2.58149598e-02 6.68117794e-04]
 [6.81313186e-01 2.64530872e-01 3.40239258e-01 ... 1.57614991e-04
  2.58149598e-02 6.68117794e-04]
 ...
 [2.11464231e-01 8.54076567e-01 4.43576363e-01 ... 2.80349916e-02
  1.38711545e-11 8.77812900e-15]
 [2.44971094e-01 8.38688024e-01 4.46272903e-01 ... 2.94277734e-02
  6.52529150e-10 9.71617981e-13]
 [2.80368051e-01 8.13654131e-01 4.43576363e-01 ... 2.80349916e-02
  2.08272268e-08 7.29681520e-11]]
[ 1.84735743 -5.62826269  7.2381688  -2.84994998 -6.05575352  0.02720683
 -1.73782069  2.42133765 -5.92102064  1.54649593  1.49609795 -2.23926259
 -3.47932193  2.73949292  8.57946311  8.83580759 -4.21357555 -2.61629555
 -0.70770057  0.10264102 -1.41235635 -1.54397105 -0.62627722  0.49985767
  0.42104443 -0.90129079  1.53437705 -0.41148695  0.71108739  0.16490553
  1.28336442  0.33863505 -0.53054226  0.89763331  0.18600604 -0.18843679
  0.31966009 -0.23629934 -0.1033656   0.19179768  0.0956471  -0.25974045
  0.13014553  0.07672833  0.20515696 -0.19475034 -0.05030841 -0.28027316
  0.11122326  0.13730519  0.28963666 -0.24678118 -0.36960934  0.08412538
  0.09472225  0.28787113  0.13314317  0.09306163 -0.12667234  0.0320349
  0.21359243 -0.1190638  -0.11456029  0.30823974 -0.11994814 -0.14187019
 -0.18084386  0.08350391]
[[6.81313186e-01 2.64530872e-01 3.40239258e-01 ... 1.57614991e-04
  2.58149598e-02 6.68117794e-04]
 [6.81313186e-01 2.64530872e-01 3.40239258e-01 ... 1.57614991e-04
  2.58149598e-02 6.68117794e-04]
 [6.81313186e-01 2.64530872e-01 3.40239258e-01 ... 1.57614991e-04
  2.58149598e-02 6.68117794e-04]
 ...
 [2.11464231e-01 8.54076567e-01 4.43576363e-01 ... 2.80349916e-02
  1.38711545e-11 8.77812900e-15]
 [2.44971094e-01 8.38688024e-01 4.46272903e-01 ... 2.94277734e-02
  6.52529150e-10 9.71617981e-13]
 [2.80368051e-01 8.13654131e-01 4.43576363e-01 ... 2.80349916e-02
  2.08272268e-08 7.29681520e-11]]
[ 1.84735743 -5.62826269  7.2381688  -2.84994998 -6.05575352  0.02720683
 -1.73782069  2.42133765 -5.92102064  1.54649593  1.49609795 -2.23926259
 -3.47932193  2.73949292  8.57946311  8.83580759 -4.21357555 -2.61629555
 -0.70770057  0.10264102 -1.41235635 -1.54397105 -0.62627722  0.49985767
  0.42104443 -0.90129079  1.53437705 -0.41148695  0.71108739  0.16490553
  1.28336442  0.33863505 -0.53054226  0.89763331  0.18600604 -0.18843679
  0.31966009 -0.23629934 -0.1033656   0.19179768  0.0956471  -0.25974045
  0.13014553  0.07672833  0.20515696 -0.19475034 -0.05030841 -0.28027316
  0.11122326  0.13730519  0.28963666 -0.24678118 -0.36960934  0.08412538
  0.09472225  0.28787113  0.13314317  0.09306163 -0.12667234  0.0320349
  0.21359243 -0.1190638  -0.11456029  0.30823974 -0.11994814 -0.14187019
 -0.18084386  0.08350391]
[[6.81313186e-01 2.64530872e-01 3.40239258e-01 ... 1.57614991e-04
  2.58149598e-02 6.68117794e-04]
 [6.81313186e-01 2.64530872e-01 3.40239258e-01 ... 1.57614991e-04
  2.58149598e-02 6.68117794e-04]
 [6.81313186e-01 2.64530872e-01 3.40239258e-01 ... 1.57614991e-04
  2.58149598e-02 6.68117794e-04]
 ...
 [2.11464231e-01 8.54076567e-01 4.43576363e-01 ... 2.80349916e-02
  1.38711545e-11 8.77812900e-15]
 [2.44971094e-01 8.38688024e-01 4.46272903e-01 ... 2.94277734e-02
  6.52529150e-10 9.71617981e-13]
 [2.80368051e-01 8.13654131e-01 4.43576363e-01 ... 2.80349916e-02
  2.08272268e-08 7.29681520e-11]]
[ 1.84735743 -5.62826269  7.2381688  -2.84994998 -6.05575352  0.02720683
 -1.73782069  2.42133765 -5.92102064  1.54649593  1.49609795 -2.23926259
 -3.47932193  2.73949292  8.57946311  8.83580759 -4.21357555 -2.61629555
 -0.70770057  0.10264102 -1.41235635 -1.54397105 -0.62627722  0.49985767
  0.42104443 -0.90129079  1.53437705 -0.41148695  0.71108739  0.16490553
  1.28336442  0.33863505 -0.53054226  0.89763331  0.18600604 -0.18843679
  0.31966009 -0.23629934 -0.1033656   0.19179768  0.0956471  -0.25974045
  0.13014553  0.07672833  0.20515696 -0.19475034 -0.05030841 -0.28027316
  0.11122326  0.13730519  0.28963666 -0.24678118 -0.36960934  0.08412538
  0.09472225  0.28787113  0.13314317  0.09306163 -0.12667234  0.0320349
  0.21359243 -0.1190638  -0.11456029  0.30823974 -0.11994814 -0.14187019
 -0.18084386  0.08350391]
[[6.81313186e-01 2.64530872e-01 3.40239258e-01 ... 1.57614991e-04
  2.58149598e-02 6.68117794e-04]
 [6.81313186e-01 2.64530872e-01 3.40239258e-01 ... 1.57614991e-04
  2.58149598e-02 6.68117794e-04]
 [6.81313186e-01 2.64530872e-01 3.40239258e-01 ... 1.57614991e-04
  2.58149598e-02 6.68117794e-04]
 ...
 [2.11464231e-01 8.54076567e-01 4.43576363e-01 ... 2.80349916e-02
  1.38711545e-11 8.77812900e-15]
 [2.44971094e-01 8.38688024e-01 4.46272903e-01 ... 2.94277734e-02
  6.52529150e-10 9.71617981e-13]
 [2.80368051e-01 8.13654131e-01 4.43576363e-01 ... 2.80349916e-02
  2.08272268e-08 7.29681520e-11]]
[ 1.84735743 -5.62826269  7.2381688  -2.84994998 -6.05575352  0.02720683
 -1.73782069  2.42133765 -5.92102064  1.54649593  1.49609795 -2.23926259
 -3.47932193  2.73949292  8.57946311  8.83580759 -4.21357555 -2.61629555
 -0.70770057  0.10264102 -1.41235635 -1.54397105 -0.62627722  0.49985767
  0.42104443 -0.90129079  1.53437705 -0.41148695  0.71108739  0.16490553
  1.28336442  0.33863505 -0.53054226  0.89763331  0.18600604 -0.18843679
  0.31966009 -0.23629934 -0.1033656   0.19179768  0.0956471  -0.25974045
  0.13014553  0.07672833  0.20515696 -0.19475034 -0.05030841 -0.28027316
  0.11122326  0.13730519  0.28963666 -0.24678118 -0.36960934  0.08412538
  0.09472225  0.28787113  0.13314317  0.09306163 -0.12667234  0.0320349
  0.21359243 -0.1190638  -0.11456029  0.30823974 -0.11994814 -0.14187019
 -0.18084386  0.08350391]
[[6.81313186e-01 2.64530872e-01 3.40239258e-01 ... 1.57614991e-04
  2.58149598e-02 6.68117794e-04]
 [6.81313186e-01 2.64530872e-01 3.40239258e-01 ... 1.57614991e-04
  2.58149598e-02 6.68117794e-04]
 [6.81313186e-01 2.64530872e-01 3.40239258e-01 ... 1.57614991e-04
  2.58149598e-02 6.68117794e-04]
 ...
 [2.11464231e-01 8.54076567e-01 4.43576363e-01 ... 2.80349916e-02
  1.38711545e-11 8.77812900e-15]
 [2.44971094e-01 8.38688024e-01 4.46272903e-01 ... 2.94277734e-02
  6.52529150e-10 9.71617981e-13]
 [2.80368051e-01 8.13654131e-01 4.43576363e-01 ... 2.80349916e-02
  2.08272268e-08 7.29681520e-11]]
[ 1.84735743 -5.62826269  7.2381688  -2.84994998 -6.05575352  0.02720683
 -1.73782069  2.42133765 -5.92102064  1.54649593  1.49609795 -2.23926259
 -3.47932193  2.73949292  8.57946311  8.83580759 -4.21357555 -2.61629555
 -0.70770057  0.10264102 -1.41235635 -1.54397105 -0.62627722  0.49985767
  0.42104443 -0.90129079  1.53437705 -0.41148695  0.71108739  0.16490553
  1.28336442  0.33863505 -0.53054226  0.89763331  0.18600604 -0.18843679
  0.31966009 -0.23629934 -0.1033656   0.19179768  0.0956471  -0.25974045
  0.13014553  0.07672833  0.20515696 -0.19475034 -0.05030841 -0.28027316
  0.11122326  0.13730519  0.28963666 -0.24678118 -0.36960934  0.08412538
  0.09472225  0.28787113  0.13314317  0.09306163 -0.12667234  0.0320349
  0.21359243 -0.1190638  -0.11456029  0.30823974 -0.11994814 -0.14187019
 -0.18084386  0.08350391]
[[0.00087891 0.06246529]
 [0.00170898 0.06131952]
 [0.00244141 0.06094072]
 [0.00322266 0.06037837]
 [0.00322266 0.06037837]
 [0.00332031 0.06021754]
 [0.00332031 0.06021754]
 [0.00332031 0.06021754]
 [0.00332031 0.06021754]
 [0.00332031 0.06021754]
 [0.00332031 0.06021754]
 [0.00332031 0.06021754]
 [0.00332031 0.06021754]]
