12
0.005
rdot
MMA
location
[[0.70590027 1.         0.98425392 ... 0.60404715 0.41521124 0.08856634]
 [0.75709935 1.         0.98425392 ... 0.60404715 0.41521124 0.09040222]
 [0.76771265 1.         0.98425392 ... 0.60404715 0.41521124 0.09051005]
 ...
 [0.25849509 0.44891751 0.98494404 ... 0.68782473 0.44799568 0.07694679]
 [0.21421561 0.03537493 0.98494404 ... 0.68782473 0.44799568 0.        ]
 [0.22179105 0.10612479 0.98494404 ... 0.68782473 0.44799568 0.        ]]
3146
0.00023881472424012158
1
2
[[0.3348747  0.56593849 0.28133887 ... 0.31443769 0.69122114 0.32401242]
 [0.34350536 0.54457455 0.26787913 ... 0.32254162 0.70801362 0.30873266]
 [0.34511249 0.53991993 0.26500966 ... 0.32405067 0.71111344 0.30547103]
 ...
 [0.43657498 0.50665924 0.67536873 ... 0.43109417 0.38812236 0.7563729 ]
 [0.47674045 0.2815774  0.79262819 ... 0.43914297 0.20435323 0.84037727]
 [0.48039974 0.31849608 0.78892273 ... 0.44780771 0.23329366 0.84432441]]
[ 0.65452939  0.1726988   1.84840997 -2.33216722  4.50501618 -1.56009983
 -3.19213322 -3.08663541  0.71837954 -2.11939347  4.08705237  1.36985811
  0.65595305  2.79923602 -1.16289604  1.9574061  -0.89363764 -2.1007598
  3.72931181 -2.79015949 -1.66813412 -1.2642997 ]
[[0.3348747  0.56593849 0.28133887 ... 0.37749775 0.41246783 0.18942428]
 [0.34350536 0.54457455 0.26787913 ... 0.35024394 0.38191464 0.19931408]
 [0.34511249 0.53991993 0.26500966 ... 0.34442692 0.37541389 0.20118347]
 ...
 [0.43657498 0.50665924 0.67536873 ... 0.34301515 0.27629955 0.19717394]
 [0.47674045 0.2815774  0.79262819 ... 0.10575864 0.08533827 0.1780485 ]
 [0.48039974 0.31849608 0.78892273 ... 0.13535013 0.10918335 0.18960044]]
[ 0.65452939  0.1726988   1.84840997 -2.33216722  4.50501618 -1.56009983
 -3.19213322 -3.08663541  0.71837954 -2.11939347  4.08705237  1.36985811
  0.65595305  2.79923602 -1.16289604  1.9574061  -0.89363764 -2.1007598
  3.72931181 -2.79015949 -1.66813412 -1.2642997  -1.17686419  1.47065684
  0.92878122 -1.2814571   0.23354873 -0.46069817  2.64620475  0.09847189
 -0.19961929  0.44711354  1.79594673  0.93943131 -0.2942256  -0.34149838
 -3.76821872 -0.38818115  2.4346564  -1.32782325 -0.87737635  0.43597969
 -0.18274045 -1.03696436  0.53554835  0.78787006 -0.46454166  0.58423781
 -0.33204126 -0.67781509]
[[0.3348747  0.56593849 0.28133887 ... 0.01390364 0.03632123 0.29438985]
 [0.34350536 0.54457455 0.26787913 ... 0.01149369 0.03019585 0.32593218]
 [0.34511249 0.53991993 0.26500966 ... 0.01102219 0.0289911  0.33207473]
 ...
 [0.43657498 0.50665924 0.67536873 ... 0.33430507 0.33436824 0.027269  ]
 [0.47674045 0.2815774  0.79262819 ... 0.40919978 0.26585388 0.00351186]
 [0.48039974 0.31849608 0.78892273 ... 0.43286845 0.302775   0.00546089]]
[ 0.65452939  0.1726988   1.84840997 -2.33216722  4.50501618 -1.56009983
 -3.19213322 -3.08663541  0.71837954 -2.11939347  4.08705237  1.36985811
  0.65595305  2.79923602 -1.16289604  1.9574061  -0.89363764 -2.1007598
  3.72931181 -2.79015949 -1.66813412 -1.2642997  -1.17686419  1.47065684
  0.92878122 -1.2814571   0.23354873 -0.46069817  2.64620475  0.09847189
 -0.19961929  0.44711354  1.79594673  0.93943131 -0.2942256  -0.34149838
 -3.76821872 -0.38818115  2.4346564  -1.32782325 -0.87737635  0.43597969
 -0.18274045 -1.03696436  0.53554835  0.78787006 -0.46454166  0.58423781
 -0.33204126 -0.67781509 -0.67259398  0.1225308  -0.25654595  0.22057447
 -0.31558412  0.02974854  0.20231968 -0.13288766  0.04479722 -0.5633849
  0.33766368  0.19578795  0.25902623 -0.15776591  0.25959626 -0.91819059
  0.72219459  0.33288335  0.06031457  0.65056349 -0.02560864  0.17200726
  0.84687935 -0.17512645  0.11450405  0.31254618 -0.12315936  0.04479251
 -0.70071665  0.61265595  0.13712945 -0.41790163 -0.1821657  -0.18956084
  0.0675489  -0.32243062 -0.1061558  -0.60692738 -0.10693924  0.14979966
  0.09420851  0.15710474]
[[3.34874699e-01 5.65938490e-01 2.81338875e-01 ... 1.05896987e-01
  3.40659401e-03 4.75192499e-02]
 [3.43505361e-01 5.44574550e-01 2.67879129e-01 ... 7.59956190e-02
  2.37998054e-03 5.75793015e-02]
 [3.45112492e-01 5.39919930e-01 2.65009656e-01 ... 7.06006748e-02
  2.19876247e-03 5.96272227e-02]
 ...
 [4.36574982e-01 5.06659237e-01 6.75368732e-01 ... 1.33700065e-01
  3.41629474e-01 1.21272727e-04]
 [4.76740455e-01 2.81577398e-01 7.92628194e-01 ... 4.79575259e-03
  9.49132410e-02 7.16252167e-07]
 [4.80399742e-01 3.18496081e-01 7.88922735e-01 ... 1.01624502e-02
  1.41699487e-01 2.06650942e-06]]
[ 0.65452939  0.1726988   1.84840997 -2.33216722  4.50501618 -1.56009983
 -3.19213322 -3.08663541  0.71837954 -2.11939347  4.08705237  1.36985811
  0.65595305  2.79923602 -1.16289604  1.9574061  -0.89363764 -2.1007598
  3.72931181 -2.79015949 -1.66813412 -1.2642997  -1.17686419  1.47065684
  0.92878122 -1.2814571   0.23354873 -0.46069817  2.64620475  0.09847189
 -0.19961929  0.44711354  1.79594673  0.93943131 -0.2942256  -0.34149838
 -3.76821872 -0.38818115  2.4346564  -1.32782325 -0.87737635  0.43597969
 -0.18274045 -1.03696436  0.53554835  0.78787006 -0.46454166  0.58423781
 -0.33204126 -0.67781509 -0.67259398  0.1225308  -0.25654595  0.22057447
 -0.31558412  0.02974854  0.20231968 -0.13288766  0.04479722 -0.5633849
  0.33766368  0.19578795  0.25902623 -0.15776591  0.25959626 -0.91819059
  0.72219459  0.33288335  0.06031457  0.65056349 -0.02560864  0.17200726
  0.84687935 -0.17512645  0.11450405  0.31254618 -0.12315936  0.04479251
 -0.70071665  0.61265595  0.13712945 -0.41790163 -0.1821657  -0.18956084
  0.0675489  -0.32243062 -0.1061558  -0.60692738 -0.10693924  0.14979966
  0.09420851  0.15710474 -0.53078332  0.46453149  0.31919723 -0.11333389
 -0.73715184  0.09209631 -0.08136032 -0.09334255 -0.07829181 -0.0641768
  0.24102647 -0.2016297   0.01134484  0.11377979 -0.32913362  0.04066086
  0.06059221 -0.02589879  0.07344081  0.03325164 -0.37691877 -0.14157994
 -0.05044651 -0.06350146  0.07957021  0.02791202 -0.00826546  0.04051394
 -0.04711347  0.05441271  0.28156764  0.18892718 -0.14485874  0.50309297
  0.14205652 -0.04893457 -0.20422189  0.25279701  0.02776659 -0.05667311
 -0.05758851  0.29593495 -0.29670797 -0.18034137  0.25930246  0.20175042
  0.04283512  0.07781547 -0.01900623 -0.02350025  0.02218338  0.02778925
 -0.04244138 -0.15221222]
[[3.34874699e-01 5.65938490e-01 2.81338875e-01 ... 2.67833538e-03
  1.15558343e-04 9.11576185e-07]
 [3.43505361e-01 5.44574550e-01 2.67879129e-01 ... 1.35011129e-03
  5.57991570e-05 1.36965677e-06]
 [3.45112492e-01 5.39919930e-01 2.65009656e-01 ... 1.16006205e-03
  4.75190092e-05 1.47586383e-06]
 ...
 [4.36574982e-01 5.06659237e-01 6.75368732e-01 ... 3.96633751e-01
  2.27606387e-01 8.69548511e-06]
 [4.76740455e-01 2.81577398e-01 7.92628194e-01 ... 2.61720420e-03
  3.99753157e-02 1.16905355e-05]
 [4.80399742e-01 3.18496081e-01 7.88922735e-01 ... 8.88490569e-03
  7.74082756e-02 1.59810197e-05]]
[ 0.65452939  0.1726988   1.84840997 -2.33216722  4.50501618 -1.56009983
 -3.19213322 -3.08663541  0.71837954 -2.11939347  4.08705237  1.36985811
  0.65595305  2.79923602 -1.16289604  1.9574061  -0.89363764 -2.1007598
  3.72931181 -2.79015949 -1.66813412 -1.2642997  -1.17686419  1.47065684
  0.92878122 -1.2814571   0.23354873 -0.46069817  2.64620475  0.09847189
 -0.19961929  0.44711354  1.79594673  0.93943131 -0.2942256  -0.34149838
 -3.76821872 -0.38818115  2.4346564  -1.32782325 -0.87737635  0.43597969
 -0.18274045 -1.03696436  0.53554835  0.78787006 -0.46454166  0.58423781
 -0.33204126 -0.67781509 -0.67259398  0.1225308  -0.25654595  0.22057447
 -0.31558412  0.02974854  0.20231968 -0.13288766  0.04479722 -0.5633849
  0.33766368  0.19578795  0.25902623 -0.15776591  0.25959626 -0.91819059
  0.72219459  0.33288335  0.06031457  0.65056349 -0.02560864  0.17200726
  0.84687935 -0.17512645  0.11450405  0.31254618 -0.12315936  0.04479251
 -0.70071665  0.61265595  0.13712945 -0.41790163 -0.1821657  -0.18956084
  0.0675489  -0.32243062 -0.1061558  -0.60692738 -0.10693924  0.14979966
  0.09420851  0.15710474 -0.53078332  0.46453149  0.31919723 -0.11333389
 -0.73715184  0.09209631 -0.08136032 -0.09334255 -0.07829181 -0.0641768
  0.24102647 -0.2016297   0.01134484  0.11377979 -0.32913362  0.04066086
  0.06059221 -0.02589879  0.07344081  0.03325164 -0.37691877 -0.14157994
 -0.05044651 -0.06350146  0.07957021  0.02791202 -0.00826546  0.04051394
 -0.04711347  0.05441271  0.28156764  0.18892718 -0.14485874  0.50309297
  0.14205652 -0.04893457 -0.20422189  0.25279701  0.02776659 -0.05667311
 -0.05758851  0.29593495 -0.29670797 -0.18034137  0.25930246  0.20175042
  0.04283512  0.07781547 -0.01900623 -0.02350025  0.02218338  0.02778925
 -0.04244138 -0.15221222 -0.29554577  0.15872879 -0.0548814   0.14666159
 -0.1716281   0.10707724 -0.07659381  0.1185022   0.01653816 -0.0369486
 -0.09782452  0.06446555 -0.09067262  0.12438328 -0.03892174  0.09363473
  0.05868623  0.0285259  -0.06077948  0.20967959  0.02056817 -0.02363124
 -0.1655232  -0.1353362  -0.08263681 -0.03271424  0.13060069 -0.07101489
  0.01815025 -0.0521797   0.08187703 -0.02504075  0.0743174  -0.03870871
  0.05518771  0.01774108 -0.02655899  0.02069744 -0.03380639]
[[3.34874699e-01 5.65938490e-01 2.81338875e-01 ... 2.21683284e-07
  2.93794263e-06 1.17570856e-05]
 [3.43505361e-01 5.44574550e-01 2.67879129e-01 ... 5.00459636e-07
  6.63252475e-06 2.65420673e-05]
 [3.45112492e-01 5.39919930e-01 2.65009656e-01 ... 5.81082556e-07
  7.70100754e-06 3.08179191e-05]
 ...
 [4.36574982e-01 5.06659237e-01 6.75368732e-01 ... 6.34686333e-10
  2.85267024e-12 8.97857864e-15]
 [4.76740455e-01 2.81577398e-01 7.92628194e-01 ... 1.66642452e-14
  1.14455283e-18 7.36794403e-23]
 [4.80399742e-01 3.18496081e-01 7.88922735e-01 ... 2.09410108e-13
  2.94107771e-17 3.68313103e-21]]
[ 0.65452939  0.1726988   1.84840997 -2.33216722  4.50501618 -1.56009983
 -3.19213322 -3.08663541  0.71837954 -2.11939347  4.08705237  1.36985811
  0.65595305  2.79923602 -1.16289604  1.9574061  -0.89363764 -2.1007598
  3.72931181 -2.79015949 -1.66813412 -1.2642997  -1.17686419  1.47065684
  0.92878122 -1.2814571   0.23354873 -0.46069817  2.64620475  0.09847189
 -0.19961929  0.44711354  1.79594673  0.93943131 -0.2942256  -0.34149838
 -3.76821872 -0.38818115  2.4346564  -1.32782325 -0.87737635  0.43597969
 -0.18274045 -1.03696436  0.53554835  0.78787006 -0.46454166  0.58423781
 -0.33204126 -0.67781509 -0.67259398  0.1225308  -0.25654595  0.22057447
 -0.31558412  0.02974854  0.20231968 -0.13288766  0.04479722 -0.5633849
  0.33766368  0.19578795  0.25902623 -0.15776591  0.25959626 -0.91819059
  0.72219459  0.33288335  0.06031457  0.65056349 -0.02560864  0.17200726
  0.84687935 -0.17512645  0.11450405  0.31254618 -0.12315936  0.04479251
 -0.70071665  0.61265595  0.13712945 -0.41790163 -0.1821657  -0.18956084
  0.0675489  -0.32243062 -0.1061558  -0.60692738 -0.10693924  0.14979966
  0.09420851  0.15710474 -0.53078332  0.46453149  0.31919723 -0.11333389
 -0.73715184  0.09209631 -0.08136032 -0.09334255 -0.07829181 -0.0641768
  0.24102647 -0.2016297   0.01134484  0.11377979 -0.32913362  0.04066086
  0.06059221 -0.02589879  0.07344081  0.03325164 -0.37691877 -0.14157994
 -0.05044651 -0.06350146  0.07957021  0.02791202 -0.00826546  0.04051394
 -0.04711347  0.05441271  0.28156764  0.18892718 -0.14485874  0.50309297
  0.14205652 -0.04893457 -0.20422189  0.25279701  0.02776659 -0.05667311
 -0.05758851  0.29593495 -0.29670797 -0.18034137  0.25930246  0.20175042
  0.04283512  0.07781547 -0.01900623 -0.02350025  0.02218338  0.02778925
 -0.04244138 -0.15221222 -0.29554577  0.15872879 -0.0548814   0.14666159
 -0.1716281   0.10707724 -0.07659381  0.1185022   0.01653816 -0.0369486
 -0.09782452  0.06446555 -0.09067262  0.12438328 -0.03892174  0.09363473
  0.05868623  0.0285259  -0.06077948  0.20967959  0.02056817 -0.02363124
 -0.1655232  -0.1353362  -0.08263681 -0.03271424  0.13060069 -0.07101489
  0.01815025 -0.0521797   0.08187703 -0.02504075  0.0743174  -0.03870871
  0.05518771  0.01774108 -0.02655899  0.02069744 -0.03380639 -0.13797942
  0.16512983  0.08454117 -0.10882489 -0.12296398  0.12348331  0.16033973
 -0.03275773 -0.1089405   0.09438758 -0.06368413  0.02911677 -0.07606827
  0.03220453 -0.19488084  0.09869852  0.10846614  0.10154046 -0.08197413
  0.15030411  0.05603808 -0.06520376  0.09149786 -0.03444426  0.02657928
  0.06786108 -0.08638574 -0.09368316  0.07087224 -0.04999565 -0.05527509
 -0.01953246 -0.04677526  0.06182569 -0.07927975 -0.22473002  0.44431241
  0.02089519 -0.05699424 -0.04284705  0.05625361 -0.36466165  0.17563208
 -0.0568992   0.0765868  -0.0493422   0.03256691 -0.0223923   0.02181191
  0.04217967 -0.05207783 -0.04664939  0.01733422  0.05025764 -0.02835566
  0.01780869  0.06589479 -0.02581911 -0.05876147 -0.03551189  0.0402355
 -0.0682937   0.03353715  0.04970353  0.0632008  -0.0486287   0.04893229
  0.05330936]
[[3.34874699e-01 5.65938490e-01 2.81338875e-01 ... 6.92339793e-27
  1.13785113e-23 3.98652850e-24]
 [3.43505361e-01 5.44574550e-01 2.67879129e-01 ... 3.52853477e-26
  5.79909941e-23 2.26265889e-25]
 [3.45112492e-01 5.39919930e-01 2.65009656e-01 ... 4.75699357e-26
  7.81805490e-23 1.20076597e-25]
 ...
 [4.36574982e-01 5.06659237e-01 6.75368732e-01 ... 4.33408378e-22
  7.71174977e-20 1.14499277e-07]
 [4.76740455e-01 2.81577398e-01 7.92628194e-01 ... 1.41598827e-21
  2.51950535e-19 4.06419476e-12]
 [4.80399742e-01 3.18496081e-01 7.88922735e-01 ... 4.94470042e-21
  8.79823609e-19 1.00301240e-10]]
[ 6.54529390e-01  1.72698801e-01  1.84840997e+00 -2.33216722e+00
  4.50501618e+00 -1.56009983e+00 -3.19213322e+00 -3.08663541e+00
  7.18379544e-01 -2.11939347e+00  4.08705237e+00  1.36985811e+00
  6.55953051e-01  2.79923602e+00 -1.16289604e+00  1.95740610e+00
 -8.93637643e-01 -2.10075980e+00  3.72931181e+00 -2.79015949e+00
 -1.66813412e+00 -1.26429970e+00 -1.17686419e+00  1.47065684e+00
  9.28781217e-01 -1.28145710e+00  2.33548732e-01 -4.60698165e-01
  2.64620475e+00  9.84718878e-02 -1.99619292e-01  4.47113542e-01
  1.79594673e+00  9.39431314e-01 -2.94225601e-01 -3.41498384e-01
 -3.76821872e+00 -3.88181154e-01  2.43465640e+00 -1.32782325e+00
 -8.77376354e-01  4.35979687e-01 -1.82740446e-01 -1.03696436e+00
  5.35548355e-01  7.87870060e-01 -4.64541656e-01  5.84237807e-01
 -3.32041258e-01 -6.77815087e-01 -6.72593976e-01  1.22530804e-01
 -2.56545951e-01  2.20574475e-01 -3.15584121e-01  2.97485362e-02
  2.02319685e-01 -1.32887656e-01  4.47972171e-02 -5.63384901e-01
  3.37663682e-01  1.95787946e-01  2.59026228e-01 -1.57765909e-01
  2.59596260e-01 -9.18190592e-01  7.22194590e-01  3.32883349e-01
  6.03145653e-02  6.50563493e-01 -2.56086378e-02  1.72007263e-01
  8.46879354e-01 -1.75126449e-01  1.14504053e-01  3.12546177e-01
 -1.23159361e-01  4.47925083e-02 -7.00716650e-01  6.12655955e-01
  1.37129448e-01 -4.17901627e-01 -1.82165697e-01 -1.89560840e-01
  6.75489001e-02 -3.22430620e-01 -1.06155797e-01 -6.06927377e-01
 -1.06939240e-01  1.49799657e-01  9.42085059e-02  1.57104743e-01
 -5.30783316e-01  4.64531489e-01  3.19197225e-01 -1.13333892e-01
 -7.37151837e-01  9.20963115e-02 -8.13603207e-02 -9.33425473e-02
 -7.82918099e-02 -6.41768039e-02  2.41026475e-01 -2.01629698e-01
  1.13448445e-02  1.13779786e-01 -3.29133623e-01  4.06608612e-02
  6.05922088e-02 -2.58987875e-02  7.34408092e-02  3.32516372e-02
 -3.76918771e-01 -1.41579945e-01 -5.04465064e-02 -6.35014592e-02
  7.95702088e-02  2.79120159e-02 -8.26546377e-03  4.05139440e-02
 -4.71134700e-02  5.44127120e-02  2.81567635e-01  1.88927176e-01
 -1.44858739e-01  5.03092969e-01  1.42056516e-01 -4.89345662e-02
 -2.04221891e-01  2.52797011e-01  2.77665897e-02 -5.66731108e-02
 -5.75885121e-02  2.95934949e-01 -2.96707974e-01 -1.80341370e-01
  2.59302455e-01  2.01750422e-01  4.28351206e-02  7.78154743e-02
 -1.90062269e-02 -2.35002530e-02  2.21833806e-02  2.77892515e-02
 -4.24413822e-02 -1.52212221e-01 -2.95545773e-01  1.58728794e-01
 -5.48814049e-02  1.46661588e-01 -1.71628097e-01  1.07077244e-01
 -7.65938141e-02  1.18502204e-01  1.65381624e-02 -3.69486038e-02
 -9.78245248e-02  6.44655493e-02 -9.06726167e-02  1.24383279e-01
 -3.89217359e-02  9.36347288e-02  5.86862264e-02  2.85259015e-02
 -6.07794810e-02  2.09679591e-01  2.05681681e-02 -2.36312400e-02
 -1.65523196e-01 -1.35336205e-01 -8.26368052e-02 -3.27142407e-02
  1.30600692e-01 -7.10148930e-02  1.81502453e-02 -5.21797011e-02
  8.18770322e-02 -2.50407532e-02  7.43174015e-02 -3.87087052e-02
  5.51877144e-02  1.77410793e-02 -2.65589934e-02  2.06974434e-02
 -3.38063867e-02 -1.37979419e-01  1.65129835e-01  8.45411710e-02
 -1.08824888e-01 -1.22963977e-01  1.23483314e-01  1.60339728e-01
 -3.27577278e-02 -1.08940498e-01  9.43875762e-02 -6.36841326e-02
  2.91167702e-02 -7.60682652e-02  3.22045283e-02 -1.94880837e-01
  9.86985162e-02  1.08466139e-01  1.01540456e-01 -8.19741271e-02
  1.50304109e-01  5.60380797e-02 -6.52037614e-02  9.14978584e-02
 -3.44442574e-02  2.65792771e-02  6.78610844e-02 -8.63857381e-02
 -9.36831611e-02  7.08722408e-02 -4.99956478e-02 -5.52750888e-02
 -1.95324623e-02 -4.67752623e-02  6.18256894e-02 -7.92797461e-02
 -2.24730016e-01  4.44312407e-01  2.08951855e-02 -5.69942352e-02
 -4.28470496e-02  5.62536125e-02 -3.64661653e-01  1.75632080e-01
 -5.68992036e-02  7.65867977e-02 -4.93421993e-02  3.25669092e-02
 -2.23923006e-02  2.18119059e-02  4.21796720e-02 -5.20778306e-02
 -4.66493876e-02  1.73342173e-02  5.02576410e-02 -2.83556641e-02
  1.78086906e-02  6.58947947e-02 -2.58191108e-02 -5.87614663e-02
 -3.55118873e-02  4.02355015e-02 -6.82937005e-02  3.35371502e-02
  4.97035306e-02  6.32007971e-02 -4.86286951e-02  4.89322882e-02
  5.33093615e-02  2.51266411e-01  2.37223495e-02  1.24718053e-01
  5.99303789e-01  5.91525434e-02 -1.02213685e-01 -9.53680389e-02
  3.25358400e-01  1.60468547e-02  5.05530738e-01 -1.04516235e-01
  1.65515462e-02 -1.17366251e-02 -1.23565020e-02  1.00114749e-01
 -2.98644903e-02  5.98812113e-02 -3.59945246e-02  1.03537586e-01
 -1.33290330e-02 -2.40470774e-02  8.58469109e-02  5.13600222e-01
  2.34151827e-02 -1.46532587e-01  2.68930730e-02  5.31535748e-02
  6.38255499e-02  1.45834092e-01 -1.41903324e-01 -2.13467855e-02
 -7.99342403e-02 -5.10065769e-02  4.90688026e-02 -1.52733061e-02
  2.03298404e-02 -4.84759471e-02 -6.78981637e-02  2.67527560e-02
 -4.58880070e-02  4.46029079e-02 -7.31678280e-02 -9.73203566e-03
 -5.04603085e-02 -1.50050409e-01  2.27328158e-01 -1.32148605e-02
  1.06829068e-01  4.72179243e-02 -1.47146189e-01 -4.78916685e-02
  4.94647511e-02  5.14323630e-02 -2.14931098e-02 -3.59383292e-02
  3.58336260e-01 -1.97847239e-02 -1.51938107e-02 -5.71914375e-02
  2.79105363e-02  3.68221233e-02  5.85578205e-02 -2.70179114e-02
 -8.00851886e-02 -5.92463136e-02  1.84650216e-02  7.25378164e-02
 -1.26535652e-02 -5.55408782e-02 -7.00290456e-02 -5.14100746e-02
  2.09635943e-02 -9.53377218e-02  5.21209801e-02  3.71807572e-02
 -3.81289645e-02  4.97929768e-02  4.90901466e-02 -2.76953491e-01
  1.30180703e-02 -8.44086677e-02  1.19181077e-01  2.77005790e-02
  7.09060938e-02 -1.21659118e-02 -4.24305908e-02 -4.05665785e-02
  7.82435941e-02  5.14851643e-02 -3.81712832e-01  3.80418171e-02
  3.57773433e-02  3.96933710e-02 -2.08024994e-01 -7.75669670e-02
  4.36735899e-02 -3.99216914e-02  6.58051272e-02 -4.23976863e-02
 -6.01348820e-02 -3.25378122e-02 -3.78661208e-02  3.54827419e-02
 -3.33235423e-02  4.18979459e-03  1.86124208e-02 -4.13795041e-02
  3.88933551e-02  4.74678656e-02 -2.54160815e-02  7.45642766e-02
 -4.78482110e-02 -2.59440520e-02 -5.10756667e-02  2.16607599e-02
 -1.21137254e-02 -1.65855661e-02 -2.48446907e-02  2.41034209e-02
 -2.44911392e-02  4.06325896e-02  2.47936128e-02  3.29278177e-02
  4.39344930e-02  1.13890171e-02  4.96024988e-01  3.68051511e-02
  2.62357231e-02 -2.90417936e-02 -4.82443411e-01 -3.15163696e-02
  7.29658673e-02 -6.00413972e-02  2.68400151e-02 -1.33221460e-02
  1.31000071e-02 -2.55237954e-02  1.64866598e-02  3.34803914e-02
 -5.43978736e-02 -2.03199452e-02 -3.93025320e-01 -7.77637062e-02
  2.58995323e-02 -2.24146905e-02  4.80495206e-02  4.68632764e-02
 -3.52841077e-02  3.65812480e-02 -2.86934529e-02  1.57621166e-02
 -1.05606895e-02  2.88070454e-02 -3.82556590e-02 -6.09340609e-02
  3.81718063e-02 -2.79034231e-02 -2.95591299e-02 -3.52918976e-02
 -1.00050425e-02 -2.86671069e-02  1.03008281e-02  9.64169861e-03
  1.82454026e-02 -2.23370574e-02 -9.88751753e-03 -1.65059815e-02
  1.66921677e-02 -1.19180249e-02 -1.94661732e-02  1.53600073e-02
 -1.24856966e-02  3.14945723e-02 -4.49987476e-01 -1.06591838e-02
 -4.24626815e-02  3.84274819e-02  1.18109416e-02  2.60532199e-02
 -2.99376037e-02  2.86440766e-02  2.14149129e-02]
[[3.34874699e-01 5.65938490e-01 2.81338875e-01 ... 2.93664378e-15
  7.87076162e-22 5.49690535e-63]
 [3.43505361e-01 5.44574550e-01 2.67879129e-01 ... 7.62771669e-14
  3.89489747e-24 1.24367585e-65]
 [3.45112492e-01 5.39919930e-01 2.65009656e-01 ... 1.38633900e-13
  1.19900434e-24 3.25517549e-66]
 ...
 [4.36574982e-01 5.06659237e-01 6.75368732e-01 ... 1.21378626e-35
  1.18065887e-13 9.00782388e-18]
 [4.76740455e-01 2.81577398e-01 7.92628194e-01 ... 7.66868259e-58
  8.86598258e-37 5.80734601e-15]
 [4.80399742e-01 3.18496081e-01 7.88922735e-01 ... 8.80521924e-53
  1.46552565e-31 3.51103310e-14]]
[ 6.54529390e-01  1.72698801e-01  1.84840997e+00 -2.33216722e+00
  4.50501618e+00 -1.56009983e+00 -3.19213322e+00 -3.08663541e+00
  7.18379544e-01 -2.11939347e+00  4.08705237e+00  1.36985811e+00
  6.55953051e-01  2.79923602e+00 -1.16289604e+00  1.95740610e+00
 -8.93637643e-01 -2.10075980e+00  3.72931181e+00 -2.79015949e+00
 -1.66813412e+00 -1.26429970e+00 -1.17686419e+00  1.47065684e+00
  9.28781217e-01 -1.28145710e+00  2.33548732e-01 -4.60698165e-01
  2.64620475e+00  9.84718878e-02 -1.99619292e-01  4.47113542e-01
  1.79594673e+00  9.39431314e-01 -2.94225601e-01 -3.41498384e-01
 -3.76821872e+00 -3.88181154e-01  2.43465640e+00 -1.32782325e+00
 -8.77376354e-01  4.35979687e-01 -1.82740446e-01 -1.03696436e+00
  5.35548355e-01  7.87870060e-01 -4.64541656e-01  5.84237807e-01
 -3.32041258e-01 -6.77815087e-01 -6.72593976e-01  1.22530804e-01
 -2.56545951e-01  2.20574475e-01 -3.15584121e-01  2.97485362e-02
  2.02319685e-01 -1.32887656e-01  4.47972171e-02 -5.63384901e-01
  3.37663682e-01  1.95787946e-01  2.59026228e-01 -1.57765909e-01
  2.59596260e-01 -9.18190592e-01  7.22194590e-01  3.32883349e-01
  6.03145653e-02  6.50563493e-01 -2.56086378e-02  1.72007263e-01
  8.46879354e-01 -1.75126449e-01  1.14504053e-01  3.12546177e-01
 -1.23159361e-01  4.47925083e-02 -7.00716650e-01  6.12655955e-01
  1.37129448e-01 -4.17901627e-01 -1.82165697e-01 -1.89560840e-01
  6.75489001e-02 -3.22430620e-01 -1.06155797e-01 -6.06927377e-01
 -1.06939240e-01  1.49799657e-01  9.42085059e-02  1.57104743e-01
 -5.30783316e-01  4.64531489e-01  3.19197225e-01 -1.13333892e-01
 -7.37151837e-01  9.20963115e-02 -8.13603207e-02 -9.33425473e-02
 -7.82918099e-02 -6.41768039e-02  2.41026475e-01 -2.01629698e-01
  1.13448445e-02  1.13779786e-01 -3.29133623e-01  4.06608612e-02
  6.05922088e-02 -2.58987875e-02  7.34408092e-02  3.32516372e-02
 -3.76918771e-01 -1.41579945e-01 -5.04465064e-02 -6.35014592e-02
  7.95702088e-02  2.79120159e-02 -8.26546377e-03  4.05139440e-02
 -4.71134700e-02  5.44127120e-02  2.81567635e-01  1.88927176e-01
 -1.44858739e-01  5.03092969e-01  1.42056516e-01 -4.89345662e-02
 -2.04221891e-01  2.52797011e-01  2.77665897e-02 -5.66731108e-02
 -5.75885121e-02  2.95934949e-01 -2.96707974e-01 -1.80341370e-01
  2.59302455e-01  2.01750422e-01  4.28351206e-02  7.78154743e-02
 -1.90062269e-02 -2.35002530e-02  2.21833806e-02  2.77892515e-02
 -4.24413822e-02 -1.52212221e-01 -2.95545773e-01  1.58728794e-01
 -5.48814049e-02  1.46661588e-01 -1.71628097e-01  1.07077244e-01
 -7.65938141e-02  1.18502204e-01  1.65381624e-02 -3.69486038e-02
 -9.78245248e-02  6.44655493e-02 -9.06726167e-02  1.24383279e-01
 -3.89217359e-02  9.36347288e-02  5.86862264e-02  2.85259015e-02
 -6.07794810e-02  2.09679591e-01  2.05681681e-02 -2.36312400e-02
 -1.65523196e-01 -1.35336205e-01 -8.26368052e-02 -3.27142407e-02
  1.30600692e-01 -7.10148930e-02  1.81502453e-02 -5.21797011e-02
  8.18770322e-02 -2.50407532e-02  7.43174015e-02 -3.87087052e-02
  5.51877144e-02  1.77410793e-02 -2.65589934e-02  2.06974434e-02
 -3.38063867e-02 -1.37979419e-01  1.65129835e-01  8.45411710e-02
 -1.08824888e-01 -1.22963977e-01  1.23483314e-01  1.60339728e-01
 -3.27577278e-02 -1.08940498e-01  9.43875762e-02 -6.36841326e-02
  2.91167702e-02 -7.60682652e-02  3.22045283e-02 -1.94880837e-01
  9.86985162e-02  1.08466139e-01  1.01540456e-01 -8.19741271e-02
  1.50304109e-01  5.60380797e-02 -6.52037614e-02  9.14978584e-02
 -3.44442574e-02  2.65792771e-02  6.78610844e-02 -8.63857381e-02
 -9.36831611e-02  7.08722408e-02 -4.99956478e-02 -5.52750888e-02
 -1.95324623e-02 -4.67752623e-02  6.18256894e-02 -7.92797461e-02
 -2.24730016e-01  4.44312407e-01  2.08951855e-02 -5.69942352e-02
 -4.28470496e-02  5.62536125e-02 -3.64661653e-01  1.75632080e-01
 -5.68992036e-02  7.65867977e-02 -4.93421993e-02  3.25669092e-02
 -2.23923006e-02  2.18119059e-02  4.21796720e-02 -5.20778306e-02
 -4.66493876e-02  1.73342173e-02  5.02576410e-02 -2.83556641e-02
  1.78086906e-02  6.58947947e-02 -2.58191108e-02 -5.87614663e-02
 -3.55118873e-02  4.02355015e-02 -6.82937005e-02  3.35371502e-02
  4.97035306e-02  6.32007971e-02 -4.86286951e-02  4.89322882e-02
  5.33093615e-02  2.51266411e-01  2.37223495e-02  1.24718053e-01
  5.99303789e-01  5.91525434e-02 -1.02213685e-01 -9.53680389e-02
  3.25358400e-01  1.60468547e-02  5.05530738e-01 -1.04516235e-01
  1.65515462e-02 -1.17366251e-02 -1.23565020e-02  1.00114749e-01
 -2.98644903e-02  5.98812113e-02 -3.59945246e-02  1.03537586e-01
 -1.33290330e-02 -2.40470774e-02  8.58469109e-02  5.13600222e-01
  2.34151827e-02 -1.46532587e-01  2.68930730e-02  5.31535748e-02
  6.38255499e-02  1.45834092e-01 -1.41903324e-01 -2.13467855e-02
 -7.99342403e-02 -5.10065769e-02  4.90688026e-02 -1.52733061e-02
  2.03298404e-02 -4.84759471e-02 -6.78981637e-02  2.67527560e-02
 -4.58880070e-02  4.46029079e-02 -7.31678280e-02 -9.73203566e-03
 -5.04603085e-02 -1.50050409e-01  2.27328158e-01 -1.32148605e-02
  1.06829068e-01  4.72179243e-02 -1.47146189e-01 -4.78916685e-02
  4.94647511e-02  5.14323630e-02 -2.14931098e-02 -3.59383292e-02
  3.58336260e-01 -1.97847239e-02 -1.51938107e-02 -5.71914375e-02
  2.79105363e-02  3.68221233e-02  5.85578205e-02 -2.70179114e-02
 -8.00851886e-02 -5.92463136e-02  1.84650216e-02  7.25378164e-02
 -1.26535652e-02 -5.55408782e-02 -7.00290456e-02 -5.14100746e-02
  2.09635943e-02 -9.53377218e-02  5.21209801e-02  3.71807572e-02
 -3.81289645e-02  4.97929768e-02  4.90901466e-02 -2.76953491e-01
  1.30180703e-02 -8.44086677e-02  1.19181077e-01  2.77005790e-02
  7.09060938e-02 -1.21659118e-02 -4.24305908e-02 -4.05665785e-02
  7.82435941e-02  5.14851643e-02 -3.81712832e-01  3.80418171e-02
  3.57773433e-02  3.96933710e-02 -2.08024994e-01 -7.75669670e-02
  4.36735899e-02 -3.99216914e-02  6.58051272e-02 -4.23976863e-02
 -6.01348820e-02 -3.25378122e-02 -3.78661208e-02  3.54827419e-02
 -3.33235423e-02  4.18979459e-03  1.86124208e-02 -4.13795041e-02
  3.88933551e-02  4.74678656e-02 -2.54160815e-02  7.45642766e-02
 -4.78482110e-02 -2.59440520e-02 -5.10756667e-02  2.16607599e-02
 -1.21137254e-02 -1.65855661e-02 -2.48446907e-02  2.41034209e-02
 -2.44911392e-02  4.06325896e-02  2.47936128e-02  3.29278177e-02
  4.39344930e-02  1.13890171e-02  4.96024988e-01  3.68051511e-02
  2.62357231e-02 -2.90417936e-02 -4.82443411e-01 -3.15163696e-02
  7.29658673e-02 -6.00413972e-02  2.68400151e-02 -1.33221460e-02
  1.31000071e-02 -2.55237954e-02  1.64866598e-02  3.34803914e-02
 -5.43978736e-02 -2.03199452e-02 -3.93025320e-01 -7.77637062e-02
  2.58995323e-02 -2.24146905e-02  4.80495206e-02  4.68632764e-02
 -3.52841077e-02  3.65812480e-02 -2.86934529e-02  1.57621166e-02
 -1.05606895e-02  2.88070454e-02 -3.82556590e-02 -6.09340609e-02
  3.81718063e-02 -2.79034231e-02 -2.95591299e-02 -3.52918976e-02
 -1.00050425e-02 -2.86671069e-02  1.03008281e-02  9.64169861e-03
  1.82454026e-02 -2.23370574e-02 -9.88751753e-03 -1.65059815e-02
  1.66921677e-02 -1.19180249e-02 -1.94661732e-02  1.53600073e-02
 -1.24856966e-02  3.14945723e-02 -4.49987476e-01 -1.06591838e-02
 -4.24626815e-02  3.84274819e-02  1.18109416e-02  2.60532199e-02
 -2.99376037e-02  2.86440766e-02  2.14149129e-02  1.48508557e-01
 -8.90136433e-02 -1.19582875e-01  1.59544449e-01  4.58136623e-02
 -6.01033395e-02 -2.11456898e-02 -8.58209910e-02  8.38339370e-02
  8.29761132e-02 -7.86745765e-02  9.89028329e-02  3.31788720e-02
  4.17302967e-02 -3.13388881e-02  4.30971740e-02  4.36854582e-02
 -8.50740157e-02 -2.29091034e-02  8.31415210e-02 -7.08887352e-02
 -3.46852908e-02 -9.20348487e-02  8.25361714e-02 -1.46986475e-02
  3.26085938e-02 -3.45301230e-02  3.11780323e-02 -3.77505780e-02
 -5.86763778e-02  1.65861537e-02 -2.85058724e-02  3.16573877e-02
  1.60124691e-02 -3.57793549e-02  2.47252028e-02 -3.34345246e-02
  1.67051315e-02 -9.56397428e-02  8.86248217e-02 -1.52342085e-02
 -3.77855792e-02  3.49675577e-02  1.42049072e-02  2.32080118e-02
  8.72991998e-02 -2.96404149e-02  1.19734215e-02  1.39161998e-02
 -9.90756447e-03  1.02543343e-01  3.17966787e-02  3.13827940e-02
 -1.03906337e-02 -3.56620512e-02  2.63981884e-02  1.12616563e-02
 -2.35477405e-02  8.63892800e-03 -3.15530799e-02 -2.34396914e-02
  7.25193454e-02 -6.20080866e-02  1.01243845e-01 -5.47991522e-02
 -2.61214930e-02  2.24074407e-02  2.81120790e-02 -6.23058291e-02
  4.48742876e-02 -2.95232108e-02  2.78888086e-02  2.63611795e-02
 -2.63215897e-02 -2.72019398e-02 -1.41865966e-02  2.47739695e-02
 -2.85347348e-02  2.70202886e-02 -1.16319134e-02  4.06480244e-02
 -2.33920484e-02 -9.08151280e-03 -1.80706288e-02  1.26284548e-02
  2.70135911e-02 -2.13892584e-02  2.45887137e-02  1.52747675e-02
  4.68788480e-02 -8.02826580e-02  9.13515460e-02 -2.45699162e-02
 -1.23691718e-02 -1.26352483e-02  1.66028164e-02  1.47401768e-02
  1.03825600e-02 -2.14607114e-02 -2.01046848e-02 -1.97196551e-02
 -2.28846468e-02 -2.16543669e-02  1.10593572e-02  8.49099064e-03
 -1.87776369e-02 -8.87753254e-03  1.20214384e-02  1.81485858e-02
 -5.34333163e-02  2.27415536e-02 -1.62145608e-02  8.55346630e-03
 -9.08756073e-03 -2.07120786e-02  2.00136629e-02 -8.37588301e-03
  1.46494312e-02 -2.03259548e-02  1.84459989e-02  1.55649289e-02
  7.19990090e-03  2.27665947e-02 -1.24057506e-02  1.54750242e-02
  8.66898283e-03 -2.84797075e-02 -6.94395546e-03  1.20154993e-02
 -1.48874367e-02  8.89894732e-03  1.07799043e-02 -8.94081444e-03
  2.25226743e-02 -3.74367681e-02  3.65340755e-02  9.44994425e-03
 -1.63873626e-02  1.77597995e-02 -6.11270303e-02 -5.37487980e-02
  4.71151199e-02  7.55195708e-02 -6.86932627e-02  1.80409346e-02
 -1.54597762e-02 -6.98606247e-03  1.78165777e-02  7.92794720e-03
  6.92163631e-03 -6.95085228e-03 -1.79259512e-02 -6.30846576e-03
  7.94069549e-03 -1.41733441e-02 -7.17733430e-02  7.09584287e-02
 -1.79460992e-02  1.91496460e-02  9.26679875e-03 -7.89233096e-03
 -1.03925540e-02  4.29267530e-02  1.74476602e-02  7.23554201e-03
 -1.56058545e-02  1.27781595e-01 -1.51182375e-01  6.96676282e-02
 -1.53954071e-02  1.56658448e-02  1.65170856e-02  1.42036964e-02
 -1.63017584e-02  1.71496722e-02  1.57032945e-02  5.31664593e-02
 -1.97298852e-02 -3.38889488e-02 -8.86178759e-03  3.03252141e-02
 -5.81133440e-02 -6.98316989e-03 -1.38431628e-02 -7.87994870e-03
  9.92004517e-03  1.59253996e-02 -1.70252039e-02  1.32871523e-02
 -1.52924715e-02  1.78300635e-02 -6.81784577e-03  1.61513904e-02
 -1.35425871e-02  1.59241414e-02  2.93976718e-02  1.59144686e-02
 -1.63886811e-02  1.56671596e-02 -3.36314696e-02  6.54958680e-03
 -1.50226854e-02  8.53523498e-03  1.31546049e-02 -1.34739153e-02
  7.82912712e-03  6.53546635e-03  6.91025159e-03 -1.67836017e-02
 -1.42862045e-02 -1.69164567e-02 -2.41451483e-02  2.29531759e-02
  1.21733070e-02  7.20300967e-03  7.83646213e-03 -4.53358509e-02
  4.88342936e-02 -3.18599067e-02  1.70740304e-02 -1.34873359e-02
 -2.18983515e-02  1.86271601e-02 -7.86038806e-03  6.05915359e-03
 -1.58945898e-02 -5.33064948e-03  8.34507565e-03  6.24300723e-03
  1.56222873e-02 -2.64262448e-02 -9.81357160e-03 -7.59510111e-03
 -1.15677034e-02 -7.39376592e-02  7.56681389e-02  2.21190632e-02
  7.64881545e-03  1.71522773e-02 -1.28069140e-02 -1.02551834e-01
 -6.32500131e-03 -1.67390278e-02 -1.52238840e-02  4.73268507e-02
  1.31684734e-02 -1.35475697e-02  1.12928895e-02 -8.49575037e-03
  3.66201843e-02 -3.43489412e-02  1.14238733e-02 -2.61045523e-02
  1.44986037e-02  1.43134862e-02 -1.23235853e-02  7.15328984e-03
  5.05048488e-02 -6.29493604e-03 -1.37245096e-02  1.45973586e-02
 -6.08689322e-03 -7.09850428e-03 -4.11731425e-02  3.68689034e-02
 -3.48894247e-02  3.21186473e-02 -8.25451865e-03  6.16966883e-03
 -4.37161531e-02  3.64741104e-02 -2.96602807e-02  2.36374344e-02
  4.52823160e-02 -2.15163726e-02 -1.12526804e-02 -1.27049809e-02
 -1.20339719e-02  1.27924451e-02  1.35195222e-02  5.85499391e-03
 -6.95122491e-03 -1.33718638e-02  7.58584976e-03  1.38272256e-02
  3.58187309e-02 -5.56036885e-03  1.03661339e-02  1.42255272e-02
 -6.13340165e-03 -1.32063849e-02 -1.32285543e-02 -5.89072687e-03
 -8.43369392e-03  6.65967348e-03 -1.30258361e-02 -1.15587881e-02
  9.16636521e-03 -5.17525580e-03 -1.09112237e-02 -1.31364575e-02
  5.44957699e-03 -5.81778543e-03  7.51817965e-03 -1.28730066e-02
  1.33121156e-02 -1.24395689e-02  1.09937559e-02 -6.19731238e-03
 -3.01602223e-02  2.71567943e-02 -2.18499356e-02 -6.11057869e-03
 -1.18651745e-02  5.99737226e-03  1.31317827e-02  6.60224056e-03
  1.13622931e-02 -1.25515089e-02 -1.22945155e-02 -1.06537346e-02
  9.97846984e-03  9.01437692e-03  8.91199582e-03  1.80388145e-02
  3.59325203e-02 -4.25969714e-02  2.43338908e-02 -1.24160381e-02
 -1.04120021e-02 -9.68938874e-03]
[[3.34874699e-001 5.65938490e-001 2.81338875e-001 ... 5.97568931e-020
  1.30574179e-063 4.70917175e-011]
 [3.43505361e-001 5.44574550e-001 2.67879129e-001 ... 3.37713563e-023
  8.80953783e-061 2.42722251e-010]
 [3.45112492e-001 5.39919930e-001 2.65009656e-001 ... 6.13455010e-024
  2.91007926e-060 2.91898869e-010]
 ...
 [4.36574982e-001 5.06659237e-001 6.75368732e-001 ... 6.39845480e-048
  6.95631837e-069 4.77427954e-062]
 [4.76740455e-001 2.81577398e-001 7.92628194e-001 ... 4.02418514e-114
  2.76737964e-082 1.12902536e-131]
 [4.80399742e-001 3.18496081e-001 7.88922735e-001 ... 2.84937931e-100
  1.81469657e-077 3.08106060e-117]]
[ 6.54529390e-01  1.72698801e-01  1.84840997e+00 -2.33216722e+00
  4.50501618e+00 -1.56009983e+00 -3.19213322e+00 -3.08663541e+00
  7.18379544e-01 -2.11939347e+00  4.08705237e+00  1.36985811e+00
  6.55953051e-01  2.79923602e+00 -1.16289604e+00  1.95740610e+00
 -8.93637643e-01 -2.10075980e+00  3.72931181e+00 -2.79015949e+00
 -1.66813412e+00 -1.26429970e+00 -1.17686419e+00  1.47065684e+00
  9.28781217e-01 -1.28145710e+00  2.33548732e-01 -4.60698165e-01
  2.64620475e+00  9.84718878e-02 -1.99619292e-01  4.47113542e-01
  1.79594673e+00  9.39431314e-01 -2.94225601e-01 -3.41498384e-01
 -3.76821872e+00 -3.88181154e-01  2.43465640e+00 -1.32782325e+00
 -8.77376354e-01  4.35979687e-01 -1.82740446e-01 -1.03696436e+00
  5.35548355e-01  7.87870060e-01 -4.64541656e-01  5.84237807e-01
 -3.32041258e-01 -6.77815087e-01 -6.72593976e-01  1.22530804e-01
 -2.56545951e-01  2.20574475e-01 -3.15584121e-01  2.97485362e-02
  2.02319685e-01 -1.32887656e-01  4.47972171e-02 -5.63384901e-01
  3.37663682e-01  1.95787946e-01  2.59026228e-01 -1.57765909e-01
  2.59596260e-01 -9.18190592e-01  7.22194590e-01  3.32883349e-01
  6.03145653e-02  6.50563493e-01 -2.56086378e-02  1.72007263e-01
  8.46879354e-01 -1.75126449e-01  1.14504053e-01  3.12546177e-01
 -1.23159361e-01  4.47925083e-02 -7.00716650e-01  6.12655955e-01
  1.37129448e-01 -4.17901627e-01 -1.82165697e-01 -1.89560840e-01
  6.75489001e-02 -3.22430620e-01 -1.06155797e-01 -6.06927377e-01
 -1.06939240e-01  1.49799657e-01  9.42085059e-02  1.57104743e-01
 -5.30783316e-01  4.64531489e-01  3.19197225e-01 -1.13333892e-01
 -7.37151837e-01  9.20963115e-02 -8.13603207e-02 -9.33425473e-02
 -7.82918099e-02 -6.41768039e-02  2.41026475e-01 -2.01629698e-01
  1.13448445e-02  1.13779786e-01 -3.29133623e-01  4.06608612e-02
  6.05922088e-02 -2.58987875e-02  7.34408092e-02  3.32516372e-02
 -3.76918771e-01 -1.41579945e-01 -5.04465064e-02 -6.35014592e-02
  7.95702088e-02  2.79120159e-02 -8.26546377e-03  4.05139440e-02
 -4.71134700e-02  5.44127120e-02  2.81567635e-01  1.88927176e-01
 -1.44858739e-01  5.03092969e-01  1.42056516e-01 -4.89345662e-02
 -2.04221891e-01  2.52797011e-01  2.77665897e-02 -5.66731108e-02
 -5.75885121e-02  2.95934949e-01 -2.96707974e-01 -1.80341370e-01
  2.59302455e-01  2.01750422e-01  4.28351206e-02  7.78154743e-02
 -1.90062269e-02 -2.35002530e-02  2.21833806e-02  2.77892515e-02
 -4.24413822e-02 -1.52212221e-01 -2.95545773e-01  1.58728794e-01
 -5.48814049e-02  1.46661588e-01 -1.71628097e-01  1.07077244e-01
 -7.65938141e-02  1.18502204e-01  1.65381624e-02 -3.69486038e-02
 -9.78245248e-02  6.44655493e-02 -9.06726167e-02  1.24383279e-01
 -3.89217359e-02  9.36347288e-02  5.86862264e-02  2.85259015e-02
 -6.07794810e-02  2.09679591e-01  2.05681681e-02 -2.36312400e-02
 -1.65523196e-01 -1.35336205e-01 -8.26368052e-02 -3.27142407e-02
  1.30600692e-01 -7.10148930e-02  1.81502453e-02 -5.21797011e-02
  8.18770322e-02 -2.50407532e-02  7.43174015e-02 -3.87087052e-02
  5.51877144e-02  1.77410793e-02 -2.65589934e-02  2.06974434e-02
 -3.38063867e-02 -1.37979419e-01  1.65129835e-01  8.45411710e-02
 -1.08824888e-01 -1.22963977e-01  1.23483314e-01  1.60339728e-01
 -3.27577278e-02 -1.08940498e-01  9.43875762e-02 -6.36841326e-02
  2.91167702e-02 -7.60682652e-02  3.22045283e-02 -1.94880837e-01
  9.86985162e-02  1.08466139e-01  1.01540456e-01 -8.19741271e-02
  1.50304109e-01  5.60380797e-02 -6.52037614e-02  9.14978584e-02
 -3.44442574e-02  2.65792771e-02  6.78610844e-02 -8.63857381e-02
 -9.36831611e-02  7.08722408e-02 -4.99956478e-02 -5.52750888e-02
 -1.95324623e-02 -4.67752623e-02  6.18256894e-02 -7.92797461e-02
 -2.24730016e-01  4.44312407e-01  2.08951855e-02 -5.69942352e-02
 -4.28470496e-02  5.62536125e-02 -3.64661653e-01  1.75632080e-01
 -5.68992036e-02  7.65867977e-02 -4.93421993e-02  3.25669092e-02
 -2.23923006e-02  2.18119059e-02  4.21796720e-02 -5.20778306e-02
 -4.66493876e-02  1.73342173e-02  5.02576410e-02 -2.83556641e-02
  1.78086906e-02  6.58947947e-02 -2.58191108e-02 -5.87614663e-02
 -3.55118873e-02  4.02355015e-02 -6.82937005e-02  3.35371502e-02
  4.97035306e-02  6.32007971e-02 -4.86286951e-02  4.89322882e-02
  5.33093615e-02  2.51266411e-01  2.37223495e-02  1.24718053e-01
  5.99303789e-01  5.91525434e-02 -1.02213685e-01 -9.53680389e-02
  3.25358400e-01  1.60468547e-02  5.05530738e-01 -1.04516235e-01
  1.65515462e-02 -1.17366251e-02 -1.23565020e-02  1.00114749e-01
 -2.98644903e-02  5.98812113e-02 -3.59945246e-02  1.03537586e-01
 -1.33290330e-02 -2.40470774e-02  8.58469109e-02  5.13600222e-01
  2.34151827e-02 -1.46532587e-01  2.68930730e-02  5.31535748e-02
  6.38255499e-02  1.45834092e-01 -1.41903324e-01 -2.13467855e-02
 -7.99342403e-02 -5.10065769e-02  4.90688026e-02 -1.52733061e-02
  2.03298404e-02 -4.84759471e-02 -6.78981637e-02  2.67527560e-02
 -4.58880070e-02  4.46029079e-02 -7.31678280e-02 -9.73203566e-03
 -5.04603085e-02 -1.50050409e-01  2.27328158e-01 -1.32148605e-02
  1.06829068e-01  4.72179243e-02 -1.47146189e-01 -4.78916685e-02
  4.94647511e-02  5.14323630e-02 -2.14931098e-02 -3.59383292e-02
  3.58336260e-01 -1.97847239e-02 -1.51938107e-02 -5.71914375e-02
  2.79105363e-02  3.68221233e-02  5.85578205e-02 -2.70179114e-02
 -8.00851886e-02 -5.92463136e-02  1.84650216e-02  7.25378164e-02
 -1.26535652e-02 -5.55408782e-02 -7.00290456e-02 -5.14100746e-02
  2.09635943e-02 -9.53377218e-02  5.21209801e-02  3.71807572e-02
 -3.81289645e-02  4.97929768e-02  4.90901466e-02 -2.76953491e-01
  1.30180703e-02 -8.44086677e-02  1.19181077e-01  2.77005790e-02
  7.09060938e-02 -1.21659118e-02 -4.24305908e-02 -4.05665785e-02
  7.82435941e-02  5.14851643e-02 -3.81712832e-01  3.80418171e-02
  3.57773433e-02  3.96933710e-02 -2.08024994e-01 -7.75669670e-02
  4.36735899e-02 -3.99216914e-02  6.58051272e-02 -4.23976863e-02
 -6.01348820e-02 -3.25378122e-02 -3.78661208e-02  3.54827419e-02
 -3.33235423e-02  4.18979459e-03  1.86124208e-02 -4.13795041e-02
  3.88933551e-02  4.74678656e-02 -2.54160815e-02  7.45642766e-02
 -4.78482110e-02 -2.59440520e-02 -5.10756667e-02  2.16607599e-02
 -1.21137254e-02 -1.65855661e-02 -2.48446907e-02  2.41034209e-02
 -2.44911392e-02  4.06325896e-02  2.47936128e-02  3.29278177e-02
  4.39344930e-02  1.13890171e-02  4.96024988e-01  3.68051511e-02
  2.62357231e-02 -2.90417936e-02 -4.82443411e-01 -3.15163696e-02
  7.29658673e-02 -6.00413972e-02  2.68400151e-02 -1.33221460e-02
  1.31000071e-02 -2.55237954e-02  1.64866598e-02  3.34803914e-02
 -5.43978736e-02 -2.03199452e-02 -3.93025320e-01 -7.77637062e-02
  2.58995323e-02 -2.24146905e-02  4.80495206e-02  4.68632764e-02
 -3.52841077e-02  3.65812480e-02 -2.86934529e-02  1.57621166e-02
 -1.05606895e-02  2.88070454e-02 -3.82556590e-02 -6.09340609e-02
  3.81718063e-02 -2.79034231e-02 -2.95591299e-02 -3.52918976e-02
 -1.00050425e-02 -2.86671069e-02  1.03008281e-02  9.64169861e-03
  1.82454026e-02 -2.23370574e-02 -9.88751753e-03 -1.65059815e-02
  1.66921677e-02 -1.19180249e-02 -1.94661732e-02  1.53600073e-02
 -1.24856966e-02  3.14945723e-02 -4.49987476e-01 -1.06591838e-02
 -4.24626815e-02  3.84274819e-02  1.18109416e-02  2.60532199e-02
 -2.99376037e-02  2.86440766e-02  2.14149129e-02  1.48508557e-01
 -8.90136433e-02 -1.19582875e-01  1.59544449e-01  4.58136623e-02
 -6.01033395e-02 -2.11456898e-02 -8.58209910e-02  8.38339370e-02
  8.29761132e-02 -7.86745765e-02  9.89028329e-02  3.31788720e-02
  4.17302967e-02 -3.13388881e-02  4.30971740e-02  4.36854582e-02
 -8.50740157e-02 -2.29091034e-02  8.31415210e-02 -7.08887352e-02
 -3.46852908e-02 -9.20348487e-02  8.25361714e-02 -1.46986475e-02
  3.26085938e-02 -3.45301230e-02  3.11780323e-02 -3.77505780e-02
 -5.86763778e-02  1.65861537e-02 -2.85058724e-02  3.16573877e-02
  1.60124691e-02 -3.57793549e-02  2.47252028e-02 -3.34345246e-02
  1.67051315e-02 -9.56397428e-02  8.86248217e-02 -1.52342085e-02
 -3.77855792e-02  3.49675577e-02  1.42049072e-02  2.32080118e-02
  8.72991998e-02 -2.96404149e-02  1.19734215e-02  1.39161998e-02
 -9.90756447e-03  1.02543343e-01  3.17966787e-02  3.13827940e-02
 -1.03906337e-02 -3.56620512e-02  2.63981884e-02  1.12616563e-02
 -2.35477405e-02  8.63892800e-03 -3.15530799e-02 -2.34396914e-02
  7.25193454e-02 -6.20080866e-02  1.01243845e-01 -5.47991522e-02
 -2.61214930e-02  2.24074407e-02  2.81120790e-02 -6.23058291e-02
  4.48742876e-02 -2.95232108e-02  2.78888086e-02  2.63611795e-02
 -2.63215897e-02 -2.72019398e-02 -1.41865966e-02  2.47739695e-02
 -2.85347348e-02  2.70202886e-02 -1.16319134e-02  4.06480244e-02
 -2.33920484e-02 -9.08151280e-03 -1.80706288e-02  1.26284548e-02
  2.70135911e-02 -2.13892584e-02  2.45887137e-02  1.52747675e-02
  4.68788480e-02 -8.02826580e-02  9.13515460e-02 -2.45699162e-02
 -1.23691718e-02 -1.26352483e-02  1.66028164e-02  1.47401768e-02
  1.03825600e-02 -2.14607114e-02 -2.01046848e-02 -1.97196551e-02
 -2.28846468e-02 -2.16543669e-02  1.10593572e-02  8.49099064e-03
 -1.87776369e-02 -8.87753254e-03  1.20214384e-02  1.81485858e-02
 -5.34333163e-02  2.27415536e-02 -1.62145608e-02  8.55346630e-03
 -9.08756073e-03 -2.07120786e-02  2.00136629e-02 -8.37588301e-03
  1.46494312e-02 -2.03259548e-02  1.84459989e-02  1.55649289e-02
  7.19990090e-03  2.27665947e-02 -1.24057506e-02  1.54750242e-02
  8.66898283e-03 -2.84797075e-02 -6.94395546e-03  1.20154993e-02
 -1.48874367e-02  8.89894732e-03  1.07799043e-02 -8.94081444e-03
  2.25226743e-02 -3.74367681e-02  3.65340755e-02  9.44994425e-03
 -1.63873626e-02  1.77597995e-02 -6.11270303e-02 -5.37487980e-02
  4.71151199e-02  7.55195708e-02 -6.86932627e-02  1.80409346e-02
 -1.54597762e-02 -6.98606247e-03  1.78165777e-02  7.92794720e-03
  6.92163631e-03 -6.95085228e-03 -1.79259512e-02 -6.30846576e-03
  7.94069549e-03 -1.41733441e-02 -7.17733430e-02  7.09584287e-02
 -1.79460992e-02  1.91496460e-02  9.26679875e-03 -7.89233096e-03
 -1.03925540e-02  4.29267530e-02  1.74476602e-02  7.23554201e-03
 -1.56058545e-02  1.27781595e-01 -1.51182375e-01  6.96676282e-02
 -1.53954071e-02  1.56658448e-02  1.65170856e-02  1.42036964e-02
 -1.63017584e-02  1.71496722e-02  1.57032945e-02  5.31664593e-02
 -1.97298852e-02 -3.38889488e-02 -8.86178759e-03  3.03252141e-02
 -5.81133440e-02 -6.98316989e-03 -1.38431628e-02 -7.87994870e-03
  9.92004517e-03  1.59253996e-02 -1.70252039e-02  1.32871523e-02
 -1.52924715e-02  1.78300635e-02 -6.81784577e-03  1.61513904e-02
 -1.35425871e-02  1.59241414e-02  2.93976718e-02  1.59144686e-02
 -1.63886811e-02  1.56671596e-02 -3.36314696e-02  6.54958680e-03
 -1.50226854e-02  8.53523498e-03  1.31546049e-02 -1.34739153e-02
  7.82912712e-03  6.53546635e-03  6.91025159e-03 -1.67836017e-02
 -1.42862045e-02 -1.69164567e-02 -2.41451483e-02  2.29531759e-02
  1.21733070e-02  7.20300967e-03  7.83646213e-03 -4.53358509e-02
  4.88342936e-02 -3.18599067e-02  1.70740304e-02 -1.34873359e-02
 -2.18983515e-02  1.86271601e-02 -7.86038806e-03  6.05915359e-03
 -1.58945898e-02 -5.33064948e-03  8.34507565e-03  6.24300723e-03
  1.56222873e-02 -2.64262448e-02 -9.81357160e-03 -7.59510111e-03
 -1.15677034e-02 -7.39376592e-02  7.56681389e-02  2.21190632e-02
  7.64881545e-03  1.71522773e-02 -1.28069140e-02 -1.02551834e-01
 -6.32500131e-03 -1.67390278e-02 -1.52238840e-02  4.73268507e-02
  1.31684734e-02 -1.35475697e-02  1.12928895e-02 -8.49575037e-03
  3.66201843e-02 -3.43489412e-02  1.14238733e-02 -2.61045523e-02
  1.44986037e-02  1.43134862e-02 -1.23235853e-02  7.15328984e-03
  5.05048488e-02 -6.29493604e-03 -1.37245096e-02  1.45973586e-02
 -6.08689322e-03 -7.09850428e-03 -4.11731425e-02  3.68689034e-02
 -3.48894247e-02  3.21186473e-02 -8.25451865e-03  6.16966883e-03
 -4.37161531e-02  3.64741104e-02 -2.96602807e-02  2.36374344e-02
  4.52823160e-02 -2.15163726e-02 -1.12526804e-02 -1.27049809e-02
 -1.20339719e-02  1.27924451e-02  1.35195222e-02  5.85499391e-03
 -6.95122491e-03 -1.33718638e-02  7.58584976e-03  1.38272256e-02
  3.58187309e-02 -5.56036885e-03  1.03661339e-02  1.42255272e-02
 -6.13340165e-03 -1.32063849e-02 -1.32285543e-02 -5.89072687e-03
 -8.43369392e-03  6.65967348e-03 -1.30258361e-02 -1.15587881e-02
  9.16636521e-03 -5.17525580e-03 -1.09112237e-02 -1.31364575e-02
  5.44957699e-03 -5.81778543e-03  7.51817965e-03 -1.28730066e-02
  1.33121156e-02 -1.24395689e-02  1.09937559e-02 -6.19731238e-03
 -3.01602223e-02  2.71567943e-02 -2.18499356e-02 -6.11057869e-03
 -1.18651745e-02  5.99737226e-03  1.31317827e-02  6.60224056e-03
  1.13622931e-02 -1.25515089e-02 -1.22945155e-02 -1.06537346e-02
  9.97846984e-03  9.01437692e-03  8.91199582e-03  1.80388145e-02
  3.59325203e-02 -4.25969714e-02  2.43338908e-02 -1.24160381e-02
 -1.04120021e-02 -9.68938874e-03 -2.44584495e-02  1.37409291e-02
  2.53431987e-02 -2.57550658e-02  2.21355729e-02 -4.97182453e-02
  2.68139654e-02  2.99504160e-02 -1.38863859e-02  2.55103669e-02
  2.02632768e-02  3.98415627e-02 -2.49865159e-02 -1.95629346e-02
  2.10932372e-02 -1.80697191e-02 -1.67849626e-02 -8.25069703e-03
 -1.51243173e-02  2.40615404e-02  1.72275555e-02 -9.62627726e-03
  4.13872457e-02 -3.59132472e-02  1.71801688e-02  3.75375714e-02
  7.71302937e-03  1.84596889e-02 -1.44939209e-02  1.35883955e-02
 -2.91749490e-02 -2.26194365e-02  2.02510774e-02 -1.34200376e-02
  1.37480752e-02  1.41205727e-02 -9.35788757e-03 -9.68502993e-03
  1.54167901e-02 -1.92421531e-02  2.59204488e-02 -2.63180532e-02
  1.40128779e-02 -1.78539190e-02  1.54408736e-02 -9.13420169e-03
  1.48000409e-02 -1.34504922e-02 -1.28765933e-02 -1.65035713e-02
  1.31676532e-02  7.47277160e-03  1.33861929e-02 -9.01310989e-03
 -1.31369651e-02 -1.43969270e-02  1.54878757e-02  5.78849153e-03
  1.28108964e-02 -1.24408082e-02 -1.28977028e-02 -1.38552088e-02
 -6.30242983e-03  1.15176362e-02 -6.72030491e-03  2.26396290e-02
 -2.06428349e-02 -8.37661738e-03 -5.80608968e-03  1.13166460e-02
  9.27244800e-03 -1.10883158e-02  5.96158988e-03 -6.33484670e-03
 -1.23887791e-02 -5.38874764e-03 -1.22058361e-02  6.85546829e-03
  7.47276972e-03  1.17824771e-02 -1.23039059e-02  1.21406624e-02
  1.20213543e-02  1.20157642e-02 -1.07981867e-02 -6.84859410e-03
 -1.13513835e-02 -1.21282964e-02 -5.35651865e-03 -1.09401572e-02
 -1.79061857e-02  1.71879173e-02  6.64909708e-03 -1.19121711e-02
  6.57927527e-03 -1.10771973e-02  4.36059408e-02 -7.92482554e-02
  7.80748992e-02 -2.53623531e-02  8.75462948e-03 -6.00178201e-03
 -5.89676258e-03  1.13382212e-02 -5.37221136e-03 -5.66364813e-03
 -9.97066845e-03  1.12641079e-02  1.04198997e-02 -5.87173964e-03
  1.10587151e-02  2.09562334e-02 -1.73136314e-02 -5.74178432e-03
  1.10970113e-02  5.44587202e-03]
[[3.34874699e-001 5.65938490e-001 2.81338875e-001 ... 6.78648601e-038
  2.98976662e-036 2.00440147e-163]
 [3.43505361e-001 5.44574550e-001 2.67879129e-001 ... 5.92770509e-034
  8.30135666e-045 9.12390943e-158]
 [3.45112492e-001 5.39919930e-001 2.65009656e-001 ... 2.85019818e-033
  1.02428861e-046 9.95600964e-157]
 ...
 [4.36574982e-001 5.06659237e-001 6.75368732e-001 ... 2.11042080e-199
  1.89416131e-084 1.11754223e-152]
 [4.76740455e-001 2.81577398e-001 7.92628194e-001 ... 0.00000000e+000
  4.53849595e-215 5.06527048e-164]
 [4.80399742e-001 3.18496081e-001 7.88922735e-001 ... 1.37913977e-311
  1.12755630e-187 4.93922975e-157]]
[ 6.54529390e-01  1.72698801e-01  1.84840997e+00 -2.33216722e+00
  4.50501618e+00 -1.56009983e+00 -3.19213322e+00 -3.08663541e+00
  7.18379544e-01 -2.11939347e+00  4.08705237e+00  1.36985811e+00
  6.55953051e-01  2.79923602e+00 -1.16289604e+00  1.95740610e+00
 -8.93637643e-01 -2.10075980e+00  3.72931181e+00 -2.79015949e+00
 -1.66813412e+00 -1.26429970e+00 -1.17686419e+00  1.47065684e+00
  9.28781217e-01 -1.28145710e+00  2.33548732e-01 -4.60698165e-01
  2.64620475e+00  9.84718878e-02 -1.99619292e-01  4.47113542e-01
  1.79594673e+00  9.39431314e-01 -2.94225601e-01 -3.41498384e-01
 -3.76821872e+00 -3.88181154e-01  2.43465640e+00 -1.32782325e+00
 -8.77376354e-01  4.35979687e-01 -1.82740446e-01 -1.03696436e+00
  5.35548355e-01  7.87870060e-01 -4.64541656e-01  5.84237807e-01
 -3.32041258e-01 -6.77815087e-01 -6.72593976e-01  1.22530804e-01
 -2.56545951e-01  2.20574475e-01 -3.15584121e-01  2.97485362e-02
  2.02319685e-01 -1.32887656e-01  4.47972171e-02 -5.63384901e-01
  3.37663682e-01  1.95787946e-01  2.59026228e-01 -1.57765909e-01
  2.59596260e-01 -9.18190592e-01  7.22194590e-01  3.32883349e-01
  6.03145653e-02  6.50563493e-01 -2.56086378e-02  1.72007263e-01
  8.46879354e-01 -1.75126449e-01  1.14504053e-01  3.12546177e-01
 -1.23159361e-01  4.47925083e-02 -7.00716650e-01  6.12655955e-01
  1.37129448e-01 -4.17901627e-01 -1.82165697e-01 -1.89560840e-01
  6.75489001e-02 -3.22430620e-01 -1.06155797e-01 -6.06927377e-01
 -1.06939240e-01  1.49799657e-01  9.42085059e-02  1.57104743e-01
 -5.30783316e-01  4.64531489e-01  3.19197225e-01 -1.13333892e-01
 -7.37151837e-01  9.20963115e-02 -8.13603207e-02 -9.33425473e-02
 -7.82918099e-02 -6.41768039e-02  2.41026475e-01 -2.01629698e-01
  1.13448445e-02  1.13779786e-01 -3.29133623e-01  4.06608612e-02
  6.05922088e-02 -2.58987875e-02  7.34408092e-02  3.32516372e-02
 -3.76918771e-01 -1.41579945e-01 -5.04465064e-02 -6.35014592e-02
  7.95702088e-02  2.79120159e-02 -8.26546377e-03  4.05139440e-02
 -4.71134700e-02  5.44127120e-02  2.81567635e-01  1.88927176e-01
 -1.44858739e-01  5.03092969e-01  1.42056516e-01 -4.89345662e-02
 -2.04221891e-01  2.52797011e-01  2.77665897e-02 -5.66731108e-02
 -5.75885121e-02  2.95934949e-01 -2.96707974e-01 -1.80341370e-01
  2.59302455e-01  2.01750422e-01  4.28351206e-02  7.78154743e-02
 -1.90062269e-02 -2.35002530e-02  2.21833806e-02  2.77892515e-02
 -4.24413822e-02 -1.52212221e-01 -2.95545773e-01  1.58728794e-01
 -5.48814049e-02  1.46661588e-01 -1.71628097e-01  1.07077244e-01
 -7.65938141e-02  1.18502204e-01  1.65381624e-02 -3.69486038e-02
 -9.78245248e-02  6.44655493e-02 -9.06726167e-02  1.24383279e-01
 -3.89217359e-02  9.36347288e-02  5.86862264e-02  2.85259015e-02
 -6.07794810e-02  2.09679591e-01  2.05681681e-02 -2.36312400e-02
 -1.65523196e-01 -1.35336205e-01 -8.26368052e-02 -3.27142407e-02
  1.30600692e-01 -7.10148930e-02  1.81502453e-02 -5.21797011e-02
  8.18770322e-02 -2.50407532e-02  7.43174015e-02 -3.87087052e-02
  5.51877144e-02  1.77410793e-02 -2.65589934e-02  2.06974434e-02
 -3.38063867e-02 -1.37979419e-01  1.65129835e-01  8.45411710e-02
 -1.08824888e-01 -1.22963977e-01  1.23483314e-01  1.60339728e-01
 -3.27577278e-02 -1.08940498e-01  9.43875762e-02 -6.36841326e-02
  2.91167702e-02 -7.60682652e-02  3.22045283e-02 -1.94880837e-01
  9.86985162e-02  1.08466139e-01  1.01540456e-01 -8.19741271e-02
  1.50304109e-01  5.60380797e-02 -6.52037614e-02  9.14978584e-02
 -3.44442574e-02  2.65792771e-02  6.78610844e-02 -8.63857381e-02
 -9.36831611e-02  7.08722408e-02 -4.99956478e-02 -5.52750888e-02
 -1.95324623e-02 -4.67752623e-02  6.18256894e-02 -7.92797461e-02
 -2.24730016e-01  4.44312407e-01  2.08951855e-02 -5.69942352e-02
 -4.28470496e-02  5.62536125e-02 -3.64661653e-01  1.75632080e-01
 -5.68992036e-02  7.65867977e-02 -4.93421993e-02  3.25669092e-02
 -2.23923006e-02  2.18119059e-02  4.21796720e-02 -5.20778306e-02
 -4.66493876e-02  1.73342173e-02  5.02576410e-02 -2.83556641e-02
  1.78086906e-02  6.58947947e-02 -2.58191108e-02 -5.87614663e-02
 -3.55118873e-02  4.02355015e-02 -6.82937005e-02  3.35371502e-02
  4.97035306e-02  6.32007971e-02 -4.86286951e-02  4.89322882e-02
  5.33093615e-02  2.51266411e-01  2.37223495e-02  1.24718053e-01
  5.99303789e-01  5.91525434e-02 -1.02213685e-01 -9.53680389e-02
  3.25358400e-01  1.60468547e-02  5.05530738e-01 -1.04516235e-01
  1.65515462e-02 -1.17366251e-02 -1.23565020e-02  1.00114749e-01
 -2.98644903e-02  5.98812113e-02 -3.59945246e-02  1.03537586e-01
 -1.33290330e-02 -2.40470774e-02  8.58469109e-02  5.13600222e-01
  2.34151827e-02 -1.46532587e-01  2.68930730e-02  5.31535748e-02
  6.38255499e-02  1.45834092e-01 -1.41903324e-01 -2.13467855e-02
 -7.99342403e-02 -5.10065769e-02  4.90688026e-02 -1.52733061e-02
  2.03298404e-02 -4.84759471e-02 -6.78981637e-02  2.67527560e-02
 -4.58880070e-02  4.46029079e-02 -7.31678280e-02 -9.73203566e-03
 -5.04603085e-02 -1.50050409e-01  2.27328158e-01 -1.32148605e-02
  1.06829068e-01  4.72179243e-02 -1.47146189e-01 -4.78916685e-02
  4.94647511e-02  5.14323630e-02 -2.14931098e-02 -3.59383292e-02
  3.58336260e-01 -1.97847239e-02 -1.51938107e-02 -5.71914375e-02
  2.79105363e-02  3.68221233e-02  5.85578205e-02 -2.70179114e-02
 -8.00851886e-02 -5.92463136e-02  1.84650216e-02  7.25378164e-02
 -1.26535652e-02 -5.55408782e-02 -7.00290456e-02 -5.14100746e-02
  2.09635943e-02 -9.53377218e-02  5.21209801e-02  3.71807572e-02
 -3.81289645e-02  4.97929768e-02  4.90901466e-02 -2.76953491e-01
  1.30180703e-02 -8.44086677e-02  1.19181077e-01  2.77005790e-02
  7.09060938e-02 -1.21659118e-02 -4.24305908e-02 -4.05665785e-02
  7.82435941e-02  5.14851643e-02 -3.81712832e-01  3.80418171e-02
  3.57773433e-02  3.96933710e-02 -2.08024994e-01 -7.75669670e-02
  4.36735899e-02 -3.99216914e-02  6.58051272e-02 -4.23976863e-02
 -6.01348820e-02 -3.25378122e-02 -3.78661208e-02  3.54827419e-02
 -3.33235423e-02  4.18979459e-03  1.86124208e-02 -4.13795041e-02
  3.88933551e-02  4.74678656e-02 -2.54160815e-02  7.45642766e-02
 -4.78482110e-02 -2.59440520e-02 -5.10756667e-02  2.16607599e-02
 -1.21137254e-02 -1.65855661e-02 -2.48446907e-02  2.41034209e-02
 -2.44911392e-02  4.06325896e-02  2.47936128e-02  3.29278177e-02
  4.39344930e-02  1.13890171e-02  4.96024988e-01  3.68051511e-02
  2.62357231e-02 -2.90417936e-02 -4.82443411e-01 -3.15163696e-02
  7.29658673e-02 -6.00413972e-02  2.68400151e-02 -1.33221460e-02
  1.31000071e-02 -2.55237954e-02  1.64866598e-02  3.34803914e-02
 -5.43978736e-02 -2.03199452e-02 -3.93025320e-01 -7.77637062e-02
  2.58995323e-02 -2.24146905e-02  4.80495206e-02  4.68632764e-02
 -3.52841077e-02  3.65812480e-02 -2.86934529e-02  1.57621166e-02
 -1.05606895e-02  2.88070454e-02 -3.82556590e-02 -6.09340609e-02
  3.81718063e-02 -2.79034231e-02 -2.95591299e-02 -3.52918976e-02
 -1.00050425e-02 -2.86671069e-02  1.03008281e-02  9.64169861e-03
  1.82454026e-02 -2.23370574e-02 -9.88751753e-03 -1.65059815e-02
  1.66921677e-02 -1.19180249e-02 -1.94661732e-02  1.53600073e-02
 -1.24856966e-02  3.14945723e-02 -4.49987476e-01 -1.06591838e-02
 -4.24626815e-02  3.84274819e-02  1.18109416e-02  2.60532199e-02
 -2.99376037e-02  2.86440766e-02  2.14149129e-02  1.48508557e-01
 -8.90136433e-02 -1.19582875e-01  1.59544449e-01  4.58136623e-02
 -6.01033395e-02 -2.11456898e-02 -8.58209910e-02  8.38339370e-02
  8.29761132e-02 -7.86745765e-02  9.89028329e-02  3.31788720e-02
  4.17302967e-02 -3.13388881e-02  4.30971740e-02  4.36854582e-02
 -8.50740157e-02 -2.29091034e-02  8.31415210e-02 -7.08887352e-02
 -3.46852908e-02 -9.20348487e-02  8.25361714e-02 -1.46986475e-02
  3.26085938e-02 -3.45301230e-02  3.11780323e-02 -3.77505780e-02
 -5.86763778e-02  1.65861537e-02 -2.85058724e-02  3.16573877e-02
  1.60124691e-02 -3.57793549e-02  2.47252028e-02 -3.34345246e-02
  1.67051315e-02 -9.56397428e-02  8.86248217e-02 -1.52342085e-02
 -3.77855792e-02  3.49675577e-02  1.42049072e-02  2.32080118e-02
  8.72991998e-02 -2.96404149e-02  1.19734215e-02  1.39161998e-02
 -9.90756447e-03  1.02543343e-01  3.17966787e-02  3.13827940e-02
 -1.03906337e-02 -3.56620512e-02  2.63981884e-02  1.12616563e-02
 -2.35477405e-02  8.63892800e-03 -3.15530799e-02 -2.34396914e-02
  7.25193454e-02 -6.20080866e-02  1.01243845e-01 -5.47991522e-02
 -2.61214930e-02  2.24074407e-02  2.81120790e-02 -6.23058291e-02
  4.48742876e-02 -2.95232108e-02  2.78888086e-02  2.63611795e-02
 -2.63215897e-02 -2.72019398e-02 -1.41865966e-02  2.47739695e-02
 -2.85347348e-02  2.70202886e-02 -1.16319134e-02  4.06480244e-02
 -2.33920484e-02 -9.08151280e-03 -1.80706288e-02  1.26284548e-02
  2.70135911e-02 -2.13892584e-02  2.45887137e-02  1.52747675e-02
  4.68788480e-02 -8.02826580e-02  9.13515460e-02 -2.45699162e-02
 -1.23691718e-02 -1.26352483e-02  1.66028164e-02  1.47401768e-02
  1.03825600e-02 -2.14607114e-02 -2.01046848e-02 -1.97196551e-02
 -2.28846468e-02 -2.16543669e-02  1.10593572e-02  8.49099064e-03
 -1.87776369e-02 -8.87753254e-03  1.20214384e-02  1.81485858e-02
 -5.34333163e-02  2.27415536e-02 -1.62145608e-02  8.55346630e-03
 -9.08756073e-03 -2.07120786e-02  2.00136629e-02 -8.37588301e-03
  1.46494312e-02 -2.03259548e-02  1.84459989e-02  1.55649289e-02
  7.19990090e-03  2.27665947e-02 -1.24057506e-02  1.54750242e-02
  8.66898283e-03 -2.84797075e-02 -6.94395546e-03  1.20154993e-02
 -1.48874367e-02  8.89894732e-03  1.07799043e-02 -8.94081444e-03
  2.25226743e-02 -3.74367681e-02  3.65340755e-02  9.44994425e-03
 -1.63873626e-02  1.77597995e-02 -6.11270303e-02 -5.37487980e-02
  4.71151199e-02  7.55195708e-02 -6.86932627e-02  1.80409346e-02
 -1.54597762e-02 -6.98606247e-03  1.78165777e-02  7.92794720e-03
  6.92163631e-03 -6.95085228e-03 -1.79259512e-02 -6.30846576e-03
  7.94069549e-03 -1.41733441e-02 -7.17733430e-02  7.09584287e-02
 -1.79460992e-02  1.91496460e-02  9.26679875e-03 -7.89233096e-03
 -1.03925540e-02  4.29267530e-02  1.74476602e-02  7.23554201e-03
 -1.56058545e-02  1.27781595e-01 -1.51182375e-01  6.96676282e-02
 -1.53954071e-02  1.56658448e-02  1.65170856e-02  1.42036964e-02
 -1.63017584e-02  1.71496722e-02  1.57032945e-02  5.31664593e-02
 -1.97298852e-02 -3.38889488e-02 -8.86178759e-03  3.03252141e-02
 -5.81133440e-02 -6.98316989e-03 -1.38431628e-02 -7.87994870e-03
  9.92004517e-03  1.59253996e-02 -1.70252039e-02  1.32871523e-02
 -1.52924715e-02  1.78300635e-02 -6.81784577e-03  1.61513904e-02
 -1.35425871e-02  1.59241414e-02  2.93976718e-02  1.59144686e-02
 -1.63886811e-02  1.56671596e-02 -3.36314696e-02  6.54958680e-03
 -1.50226854e-02  8.53523498e-03  1.31546049e-02 -1.34739153e-02
  7.82912712e-03  6.53546635e-03  6.91025159e-03 -1.67836017e-02
 -1.42862045e-02 -1.69164567e-02 -2.41451483e-02  2.29531759e-02
  1.21733070e-02  7.20300967e-03  7.83646213e-03 -4.53358509e-02
  4.88342936e-02 -3.18599067e-02  1.70740304e-02 -1.34873359e-02
 -2.18983515e-02  1.86271601e-02 -7.86038806e-03  6.05915359e-03
 -1.58945898e-02 -5.33064948e-03  8.34507565e-03  6.24300723e-03
  1.56222873e-02 -2.64262448e-02 -9.81357160e-03 -7.59510111e-03
 -1.15677034e-02 -7.39376592e-02  7.56681389e-02  2.21190632e-02
  7.64881545e-03  1.71522773e-02 -1.28069140e-02 -1.02551834e-01
 -6.32500131e-03 -1.67390278e-02 -1.52238840e-02  4.73268507e-02
  1.31684734e-02 -1.35475697e-02  1.12928895e-02 -8.49575037e-03
  3.66201843e-02 -3.43489412e-02  1.14238733e-02 -2.61045523e-02
  1.44986037e-02  1.43134862e-02 -1.23235853e-02  7.15328984e-03
  5.05048488e-02 -6.29493604e-03 -1.37245096e-02  1.45973586e-02
 -6.08689322e-03 -7.09850428e-03 -4.11731425e-02  3.68689034e-02
 -3.48894247e-02  3.21186473e-02 -8.25451865e-03  6.16966883e-03
 -4.37161531e-02  3.64741104e-02 -2.96602807e-02  2.36374344e-02
  4.52823160e-02 -2.15163726e-02 -1.12526804e-02 -1.27049809e-02
 -1.20339719e-02  1.27924451e-02  1.35195222e-02  5.85499391e-03
 -6.95122491e-03 -1.33718638e-02  7.58584976e-03  1.38272256e-02
  3.58187309e-02 -5.56036885e-03  1.03661339e-02  1.42255272e-02
 -6.13340165e-03 -1.32063849e-02 -1.32285543e-02 -5.89072687e-03
 -8.43369392e-03  6.65967348e-03 -1.30258361e-02 -1.15587881e-02
  9.16636521e-03 -5.17525580e-03 -1.09112237e-02 -1.31364575e-02
  5.44957699e-03 -5.81778543e-03  7.51817965e-03 -1.28730066e-02
  1.33121156e-02 -1.24395689e-02  1.09937559e-02 -6.19731238e-03
 -3.01602223e-02  2.71567943e-02 -2.18499356e-02 -6.11057869e-03
 -1.18651745e-02  5.99737226e-03  1.31317827e-02  6.60224056e-03
  1.13622931e-02 -1.25515089e-02 -1.22945155e-02 -1.06537346e-02
  9.97846984e-03  9.01437692e-03  8.91199582e-03  1.80388145e-02
  3.59325203e-02 -4.25969714e-02  2.43338908e-02 -1.24160381e-02
 -1.04120021e-02 -9.68938874e-03 -2.44584495e-02  1.37409291e-02
  2.53431987e-02 -2.57550658e-02  2.21355729e-02 -4.97182453e-02
  2.68139654e-02  2.99504160e-02 -1.38863859e-02  2.55103669e-02
  2.02632768e-02  3.98415627e-02 -2.49865159e-02 -1.95629346e-02
  2.10932372e-02 -1.80697191e-02 -1.67849626e-02 -8.25069703e-03
 -1.51243173e-02  2.40615404e-02  1.72275555e-02 -9.62627726e-03
  4.13872457e-02 -3.59132472e-02  1.71801688e-02  3.75375714e-02
  7.71302937e-03  1.84596889e-02 -1.44939209e-02  1.35883955e-02
 -2.91749490e-02 -2.26194365e-02  2.02510774e-02 -1.34200376e-02
  1.37480752e-02  1.41205727e-02 -9.35788757e-03 -9.68502993e-03
  1.54167901e-02 -1.92421531e-02  2.59204488e-02 -2.63180532e-02
  1.40128779e-02 -1.78539190e-02  1.54408736e-02 -9.13420169e-03
  1.48000409e-02 -1.34504922e-02 -1.28765933e-02 -1.65035713e-02
  1.31676532e-02  7.47277160e-03  1.33861929e-02 -9.01310989e-03
 -1.31369651e-02 -1.43969270e-02  1.54878757e-02  5.78849153e-03
  1.28108964e-02 -1.24408082e-02 -1.28977028e-02 -1.38552088e-02
 -6.30242983e-03  1.15176362e-02 -6.72030491e-03  2.26396290e-02
 -2.06428349e-02 -8.37661738e-03 -5.80608968e-03  1.13166460e-02
  9.27244800e-03 -1.10883158e-02  5.96158988e-03 -6.33484670e-03
 -1.23887791e-02 -5.38874764e-03 -1.22058361e-02  6.85546829e-03
  7.47276972e-03  1.17824771e-02 -1.23039059e-02  1.21406624e-02
  1.20213543e-02  1.20157642e-02 -1.07981867e-02 -6.84859410e-03
 -1.13513835e-02 -1.21282964e-02 -5.35651865e-03 -1.09401572e-02
 -1.79061857e-02  1.71879173e-02  6.64909708e-03 -1.19121711e-02
  6.57927527e-03 -1.10771973e-02  4.36059408e-02 -7.92482554e-02
  7.80748992e-02 -2.53623531e-02  8.75462948e-03 -6.00178201e-03
 -5.89676258e-03  1.13382212e-02 -5.37221136e-03 -5.66364813e-03
 -9.97066845e-03  1.12641079e-02  1.04198997e-02 -5.87173964e-03
  1.10587151e-02  2.09562334e-02 -1.73136314e-02 -5.74178432e-03
  1.10970113e-02  5.44587202e-03  1.84024767e-02 -1.54508006e-02
 -1.21205425e-02 -4.45120752e-02  4.24441180e-02  2.44782112e-02
  1.28385440e-02 -1.33642931e-02 -9.43757920e-03 -1.60685230e-02
  2.45794641e-02 -2.11952281e-02  2.30080047e-02  1.87487090e-02
  1.85490857e-02  1.28473442e-02  1.71794084e-02 -9.41455679e-03
  1.46979063e-02 -9.86860599e-03 -5.53167943e-02 -1.42214398e-02
 -1.67203710e-02 -1.65361428e-02 -6.78369784e-03  6.94027743e-03
  1.06582432e-02  1.27556190e-02 -1.12887649e-02  1.35994264e-02
 -8.25561116e-03  9.40179848e-03  7.76425539e-03  1.35876910e-02
 -1.35665296e-02 -1.17229999e-02 -1.93085067e-02 -5.50479420e-02
  4.54087274e-02  1.12161860e-02  1.29939634e-02 -1.28190843e-02
  9.08783278e-03  5.61673766e-02  1.59108530e-02  8.54168842e-03
  9.65491436e-03 -7.07857372e-03  6.03361948e-03  3.86189927e-02
 -3.80628720e-02  7.84873765e-03 -8.30646255e-03  9.93935757e-03
 -8.37998435e-03  1.25749007e-02 -7.83470296e-03  8.02667374e-03
 -5.94867778e-03  8.91828992e-03 -7.69667047e-03  4.71785323e-02
 -3.75013641e-02  1.44323617e-02  2.91194724e-02 -2.50142450e-02
  1.36366172e-02 -6.80465701e-03  9.53508664e-03  1.20654128e-02
  5.90057548e-03  1.04575776e-02  1.15654052e-02  8.00705918e-03
  7.03333391e-03  1.35820997e-02 -1.66138789e-02 -7.22865365e-03
 -7.68522242e-03 -1.13343116e-02 -1.15292054e-02  9.16269317e-03
  1.90694713e-02 -1.13876859e-02  1.13345247e-02  1.11658534e-02
  2.12228786e-02 -9.46784593e-03  1.04803538e-02  6.92774126e-03
 -8.63434848e-03  1.00572983e-02  6.59635793e-03  1.10727461e-02
  1.10821174e-02  1.36771741e-02  1.10388856e-02  6.62220138e-03
 -6.08243805e-03  1.48171151e-02 -1.35552986e-02  6.78769993e-03
 -1.09709522e-02  8.29850885e-03  1.09017333e-02 -1.08992941e-02
 -1.24377462e-02  1.26398683e-02 -2.35957078e-02  2.36660850e-02
  1.23687253e-02 -9.37421297e-03 -1.05175792e-02  2.99431395e-02
  7.74214008e-03  1.06438677e-02]
[[3.34874699e-001 5.65938490e-001 2.81338875e-001 ... 1.10329680e-286
  2.45298187e-129 2.34428397e-158]
 [3.43505361e-001 5.44574550e-001 2.67879129e-001 ... 2.28594827e-275
  8.82121701e-148 1.80731473e-175]
 [3.45112492e-001 5.39919930e-001 2.65009656e-001 ... 2.72189430e-273
  7.11420406e-152 2.75156847e-179]
 ...
 [4.36574982e-001 5.06659237e-001 6.75368732e-001 ... 1.16768850e-310
  1.70930696e-055 3.37641931e-198]
 [4.76740455e-001 2.81577398e-001 7.92628194e-001 ... 0.00000000e+000
  1.72838134e-240 0.00000000e+000]
 [4.80399742e-001 3.18496081e-001 7.88922735e-001 ... 0.00000000e+000
  9.63323116e-199 0.00000000e+000]]
[ 0.65452939  0.1726988   1.84840997 ... -0.0086421  -0.00861495
  0.00844047]
[[3.34874699e-001 5.65938490e-001 2.81338875e-001 ... 5.96421376e-130
  2.75404276e-197 0.00000000e+000]
 [3.43505361e-001 5.44574550e-001 2.67879129e-001 ... 5.66594124e-121
  1.63688368e-231 0.00000000e+000]
 [3.45112492e-001 5.39919930e-001 2.65009656e-001 ... 1.18649078e-119
  3.79411851e-239 0.00000000e+000]
 ...
 [4.36574982e-001 5.06659237e-001 6.75368732e-001 ... 0.00000000e+000
  5.25406199e-273 4.46418294e-113]
 [4.76740455e-001 2.81577398e-001 7.92628194e-001 ... 0.00000000e+000
  0.00000000e+000 7.53490630e-117]
 [4.80399742e-001 3.18496081e-001 7.88922735e-001 ... 0.00000000e+000
  0.00000000e+000 5.19920670e-096]]
[0.65452939 0.1726988  1.84840997 ... 0.00601926 0.00613047 0.00786186]
[[3.34874699e-001 5.65938490e-001 2.81338875e-001 ... 7.37423868e-265
  0.00000000e+000 1.68546235e-067]
 [3.43505361e-001 5.44574550e-001 2.67879129e-001 ... 3.51125205e-230
  0.00000000e+000 7.71279646e-053]
 [3.45112492e-001 5.39919930e-001 2.65009656e-001 ... 4.50707692e-224
  0.00000000e+000 7.01732058e-051]
 ...
 [4.36574982e-001 5.06659237e-001 6.75368732e-001 ... 0.00000000e+000
  0.00000000e+000 0.00000000e+000]
 [4.76740455e-001 2.81577398e-001 7.92628194e-001 ... 0.00000000e+000
  0.00000000e+000 0.00000000e+000]
 [4.80399742e-001 3.18496081e-001 7.88922735e-001 ... 0.00000000e+000
  0.00000000e+000 0.00000000e+000]]
[0.65452939 0.1726988  1.84840997 ... 0.00696026 0.00683874 0.00568901]
[[6.99300699e-03 2.71535618e-03]
 [1.58931977e-02 1.84605131e-03]
 [2.92434838e-02 1.09193265e-03]
 [4.64081373e-02 7.38811705e-04]
 [5.88048315e-02 5.96774638e-04]
 [8.04195804e-02 4.09229369e-04]
 [1.38270820e-01 1.21484273e-04]
 [2.43483789e-01 4.42589418e-05]
 [2.80356008e-01 3.42894692e-05]
 [3.17228226e-01 2.58758542e-05]
 [3.75397330e-01 1.61957984e-05]
 [4.09408773e-01 1.17179705e-05]
 [4.49459631e-01 8.89228732e-06]]
