12
0.01
rdot
MMA
sample
[[ 1.          0.97873908  0.76356524 ...  0.9782      0.59105727
   0.27531309]
 [ 1.          0.97873908  0.76356524 ...  0.9782      0.59105727
   0.37814505]
 [ 1.          0.97873908  0.76356524 ...  0.9782      0.59105727
   0.39295525]
 ...
 [ 0.10612479  0.9834187   0.93762584 ...  0.66369007  0.95890836
  -0.11330898]
 [ 0.17687465  0.9834187   0.93762584 ...  0.66369007  0.95890836
  -0.11745745]
 [ 0.24762451  0.9834187   0.93762584 ...  0.66369007  0.95890836
  -0.12113016]]
20480
0.0004322189851795332
[[0.68131319 0.26453087 0.34023926 ... 0.68778064 0.44506319 0.55003647]
 [0.68131319 0.26453087 0.34023926 ... 0.68778064 0.44506319 0.55003647]
 [0.68131319 0.26453087 0.34023926 ... 0.68778064 0.44506319 0.55003647]
 ...
 [0.21146423 0.85407657 0.44357636 ... 0.38005455 0.81358282 0.36217402]
 [0.24497109 0.83868802 0.4462729  ... 0.44027484 0.84788602 0.38176064]
 [0.28036805 0.81365413 0.44357636 ... 0.5038921  0.87298934 0.39755824]]
[ 0.3498106   0.97365658  2.18628939 -1.31243111 -2.36653663  0.53815695
 -0.94118483  1.55246361 -0.36255543  0.52040815  1.53906936 -1.52810704]
[[0.68131319 0.26453087 0.34023926 ... 0.16026756 0.11994804 0.07184571]
 [0.68131319 0.26453087 0.34023926 ... 0.16026756 0.11994804 0.07184571]
 [0.68131319 0.26453087 0.34023926 ... 0.16026756 0.11994804 0.07184571]
 ...
 [0.21146423 0.85407657 0.44357636 ... 0.16609538 0.38809948 0.83380036]
 [0.24497109 0.83868802 0.4462729  ... 0.17224645 0.39283241 0.80402462]
 [0.28036805 0.81365413 0.44357636 ... 0.17434702 0.38809948 0.75674251]]
[ 0.3498106   0.97365658  2.18628939 -1.31243111 -2.36653663  0.53815695
 -0.94118483  1.55246361 -0.36255543  0.52040815  1.53906936 -1.52810704
  3.21180141 -1.1587533  -0.04106856 -2.41998271 -0.12736796  0.76458943
 -2.61198703 -0.20107361 -0.86370421  0.89421547  1.8907922   0.57666872
 -2.58803853  0.68988668  1.32387322  0.8392164  -0.50000313]
[[0.68131319 0.26453087 0.34023926 ... 0.69734441 0.03400097 0.17183908]
 [0.68131319 0.26453087 0.34023926 ... 0.69734441 0.03400097 0.17183908]
 [0.68131319 0.26453087 0.34023926 ... 0.69734441 0.03400097 0.17183908]
 ...
 [0.21146423 0.85407657 0.44357636 ... 0.00174213 0.0661978  0.22392393]
 [0.24497109 0.83868802 0.4462729  ... 0.00313756 0.07808837 0.28930005]
 [0.28036805 0.81365413 0.44357636 ... 0.00538328 0.08775507 0.3560734 ]]
[ 0.3498106   0.97365658  2.18628939 -1.31243111 -2.36653663  0.53815695
 -0.94118483  1.55246361 -0.36255543  0.52040815  1.53906936 -1.52810704
  3.21180141 -1.1587533  -0.04106856 -2.41998271 -0.12736796  0.76458943
 -2.61198703 -0.20107361 -0.86370421  0.89421547  1.8907922   0.57666872
 -2.58803853  0.68988668  1.32387322  0.8392164  -0.50000313 -0.08154674
 -0.1144936   0.15377188 -0.0202832  -0.44022243  0.04736709 -0.42446827
  0.20390622  0.06286724  0.55485134 -0.20641968  0.13439601  0.07138512
  0.12275241]
[[6.81313186e-01 2.64530872e-01 3.40239258e-01 ... 8.88598662e-02
  6.18251359e-02 5.40142583e-04]
 [6.81313186e-01 2.64530872e-01 3.40239258e-01 ... 8.88598662e-02
  6.18251359e-02 5.40142583e-04]
 [6.81313186e-01 2.64530872e-01 3.40239258e-01 ... 8.88598662e-02
  6.18251359e-02 5.40142583e-04]
 ...
 [2.11464231e-01 8.54076567e-01 4.43576363e-01 ... 8.34687882e-03
  1.75154964e-04 6.52199106e-01]
 [2.44971094e-01 8.38688024e-01 4.46272903e-01 ... 1.82794988e-02
  5.68127544e-04 8.28630048e-01]
 [2.80368051e-01 8.13654131e-01 4.43576363e-01 ... 3.63321010e-02
  1.67245829e-03 9.55492344e-01]]
[ 0.3498106   0.97365658  2.18628939 -1.31243111 -2.36653663  0.53815695
 -0.94118483  1.55246361 -0.36255543  0.52040815  1.53906936 -1.52810704
  3.21180141 -1.1587533  -0.04106856 -2.41998271 -0.12736796  0.76458943
 -2.61198703 -0.20107361 -0.86370421  0.89421547  1.8907922   0.57666872
 -2.58803853  0.68988668  1.32387322  0.8392164  -0.50000313 -0.08154674
 -0.1144936   0.15377188 -0.0202832  -0.44022243  0.04736709 -0.42446827
  0.20390622  0.06286724  0.55485134 -0.20641968  0.13439601  0.07138512
  0.12275241  0.18703812 -0.27018138 -0.11579222  0.18037568  0.04889793
  0.19004238 -0.09969442  0.17200839 -0.10063808  0.02990378 -0.10376434]
[[6.81313186e-01 2.64530872e-01 3.40239258e-01 ... 6.18251359e-02
  5.40142583e-04 1.04344088e-01]
 [6.81313186e-01 2.64530872e-01 3.40239258e-01 ... 6.18251359e-02
  5.40142583e-04 1.04344088e-01]
 [6.81313186e-01 2.64530872e-01 3.40239258e-01 ... 6.18251359e-02
  5.40142583e-04 1.04344088e-01]
 ...
 [2.11464231e-01 8.54076567e-01 4.43576363e-01 ... 1.75154964e-04
  6.52199106e-01 2.48624244e-06]
 [2.44971094e-01 8.38688024e-01 4.46272903e-01 ... 5.68127544e-04
  8.28630048e-01 1.42881858e-05]
 [2.80368051e-01 8.13654131e-01 4.43576363e-01 ... 1.67245829e-03
  9.55492344e-01 6.76367621e-05]]
[ 0.3498106   0.97365658  2.18628939 -1.31243111 -2.36653663  0.53815695
 -0.94118483  1.55246361 -0.36255543  0.52040815  1.53906936 -1.52810704
  3.21180141 -1.1587533  -0.04106856 -2.41998271 -0.12736796  0.76458943
 -2.61198703 -0.20107361 -0.86370421  0.89421547  1.8907922   0.57666872
 -2.58803853  0.68988668  1.32387322  0.8392164  -0.50000313 -0.08154674
 -0.1144936   0.15377188 -0.0202832  -0.44022243  0.04736709 -0.42446827
  0.20390622  0.06286724  0.55485134 -0.20641968  0.13439601  0.07138512
  0.12275241  0.18703812 -0.27018138 -0.11579222  0.18037568  0.04889793
  0.19004238 -0.09969442  0.17200839 -0.10063808  0.02990378 -0.10376434
 -0.04997174]
[[6.81313186e-01 2.64530872e-01 3.40239258e-01 ... 5.40142583e-04
  1.04344088e-01 2.58149598e-02]
 [6.81313186e-01 2.64530872e-01 3.40239258e-01 ... 5.40142583e-04
  1.04344088e-01 2.58149598e-02]
 [6.81313186e-01 2.64530872e-01 3.40239258e-01 ... 5.40142583e-04
  1.04344088e-01 2.58149598e-02]
 ...
 [2.11464231e-01 8.54076567e-01 4.43576363e-01 ... 6.52199106e-01
  2.48624244e-06 1.38711545e-11]
 [2.44971094e-01 8.38688024e-01 4.46272903e-01 ... 8.28630048e-01
  1.42881858e-05 6.52529150e-10]
 [2.80368051e-01 8.13654131e-01 4.43576363e-01 ... 9.55492344e-01
  6.76367621e-05 2.08272268e-08]]
[ 0.3498106   0.97365658  2.18628939 -1.31243111 -2.36653663  0.53815695
 -0.94118483  1.55246361 -0.36255543  0.52040815  1.53906936 -1.52810704
  3.21180141 -1.1587533  -0.04106856 -2.41998271 -0.12736796  0.76458943
 -2.61198703 -0.20107361 -0.86370421  0.89421547  1.8907922   0.57666872
 -2.58803853  0.68988668  1.32387322  0.8392164  -0.50000313 -0.08154674
 -0.1144936   0.15377188 -0.0202832  -0.44022243  0.04736709 -0.42446827
  0.20390622  0.06286724  0.55485134 -0.20641968  0.13439601  0.07138512
  0.12275241  0.18703812 -0.27018138 -0.11579222  0.18037568  0.04889793
  0.19004238 -0.09969442  0.17200839 -0.10063808  0.02990378 -0.10376434
 -0.04997174 -0.12179827]
[[6.81313186e-01 2.64530872e-01 3.40239258e-01 ... 5.40142583e-04
  1.04344088e-01 2.58149598e-02]
 [6.81313186e-01 2.64530872e-01 3.40239258e-01 ... 5.40142583e-04
  1.04344088e-01 2.58149598e-02]
 [6.81313186e-01 2.64530872e-01 3.40239258e-01 ... 5.40142583e-04
  1.04344088e-01 2.58149598e-02]
 ...
 [2.11464231e-01 8.54076567e-01 4.43576363e-01 ... 6.52199106e-01
  2.48624244e-06 1.38711545e-11]
 [2.44971094e-01 8.38688024e-01 4.46272903e-01 ... 8.28630048e-01
  1.42881858e-05 6.52529150e-10]
 [2.80368051e-01 8.13654131e-01 4.43576363e-01 ... 9.55492344e-01
  6.76367621e-05 2.08272268e-08]]
[ 0.3498106   0.97365658  2.18628939 -1.31243111 -2.36653663  0.53815695
 -0.94118483  1.55246361 -0.36255543  0.52040815  1.53906936 -1.52810704
  3.21180141 -1.1587533  -0.04106856 -2.41998271 -0.12736796  0.76458943
 -2.61198703 -0.20107361 -0.86370421  0.89421547  1.8907922   0.57666872
 -2.58803853  0.68988668  1.32387322  0.8392164  -0.50000313 -0.08154674
 -0.1144936   0.15377188 -0.0202832  -0.44022243  0.04736709 -0.42446827
  0.20390622  0.06286724  0.55485134 -0.20641968  0.13439601  0.07138512
  0.12275241  0.18703812 -0.27018138 -0.11579222  0.18037568  0.04889793
  0.19004238 -0.09969442  0.17200839 -0.10063808  0.02990378 -0.10376434
 -0.04997174 -0.12179827]
[[6.81313186e-01 2.64530872e-01 3.40239258e-01 ... 5.40142583e-04
  1.04344088e-01 2.58149598e-02]
 [6.81313186e-01 2.64530872e-01 3.40239258e-01 ... 5.40142583e-04
  1.04344088e-01 2.58149598e-02]
 [6.81313186e-01 2.64530872e-01 3.40239258e-01 ... 5.40142583e-04
  1.04344088e-01 2.58149598e-02]
 ...
 [2.11464231e-01 8.54076567e-01 4.43576363e-01 ... 6.52199106e-01
  2.48624244e-06 1.38711545e-11]
 [2.44971094e-01 8.38688024e-01 4.46272903e-01 ... 8.28630048e-01
  1.42881858e-05 6.52529150e-10]
 [2.80368051e-01 8.13654131e-01 4.43576363e-01 ... 9.55492344e-01
  6.76367621e-05 2.08272268e-08]]
[ 0.3498106   0.97365658  2.18628939 -1.31243111 -2.36653663  0.53815695
 -0.94118483  1.55246361 -0.36255543  0.52040815  1.53906936 -1.52810704
  3.21180141 -1.1587533  -0.04106856 -2.41998271 -0.12736796  0.76458943
 -2.61198703 -0.20107361 -0.86370421  0.89421547  1.8907922   0.57666872
 -2.58803853  0.68988668  1.32387322  0.8392164  -0.50000313 -0.08154674
 -0.1144936   0.15377188 -0.0202832  -0.44022243  0.04736709 -0.42446827
  0.20390622  0.06286724  0.55485134 -0.20641968  0.13439601  0.07138512
  0.12275241  0.18703812 -0.27018138 -0.11579222  0.18037568  0.04889793
  0.19004238 -0.09969442  0.17200839 -0.10063808  0.02990378 -0.10376434
 -0.04997174 -0.12179827]
[[6.81313186e-001 2.64530872e-001 3.40239258e-001 ... 1.04344088e-001
  2.58149598e-002 9.83661006e-029]
 [6.81313186e-001 2.64530872e-001 3.40239258e-001 ... 1.04344088e-001
  2.58149598e-002 9.83661006e-029]
 [6.81313186e-001 2.64530872e-001 3.40239258e-001 ... 1.04344088e-001
  2.58149598e-002 9.83661006e-029]
 ...
 [2.11464231e-001 8.54076567e-001 4.43576363e-001 ... 2.48624244e-006
  1.38711545e-011 2.23573558e-181]
 [2.44971094e-001 8.38688024e-001 4.46272903e-001 ... 1.42881858e-005
  6.52529150e-010 8.51899004e-167]
 [2.80368051e-001 8.13654131e-001 4.43576363e-001 ... 6.76367621e-005
  2.08272268e-008 1.45783891e-153]]
[ 0.3498106   0.97365658  2.18628939 -1.31243111 -2.36653663  0.53815695
 -0.94118483  1.55246361 -0.36255543  0.52040815  1.53906936 -1.52810704
  3.21180141 -1.1587533  -0.04106856 -2.41998271 -0.12736796  0.76458943
 -2.61198703 -0.20107361 -0.86370421  0.89421547  1.8907922   0.57666872
 -2.58803853  0.68988668  1.32387322  0.8392164  -0.50000313 -0.08154674
 -0.1144936   0.15377188 -0.0202832  -0.44022243  0.04736709 -0.42446827
  0.20390622  0.06286724  0.55485134 -0.20641968  0.13439601  0.07138512
  0.12275241  0.18703812 -0.27018138 -0.11579222  0.18037568  0.04889793
  0.19004238 -0.09969442  0.17200839 -0.10063808  0.02990378 -0.10376434
 -0.04997174 -0.12179827 -0.46844487]
[[6.81313186e-001 2.64530872e-001 3.40239258e-001 ... 1.04344088e-001
  2.58149598e-002 9.83661006e-029]
 [6.81313186e-001 2.64530872e-001 3.40239258e-001 ... 1.04344088e-001
  2.58149598e-002 9.83661006e-029]
 [6.81313186e-001 2.64530872e-001 3.40239258e-001 ... 1.04344088e-001
  2.58149598e-002 9.83661006e-029]
 ...
 [2.11464231e-001 8.54076567e-001 4.43576363e-001 ... 2.48624244e-006
  1.38711545e-011 2.23573558e-181]
 [2.44971094e-001 8.38688024e-001 4.46272903e-001 ... 1.42881858e-005
  6.52529150e-010 8.51899004e-167]
 [2.80368051e-001 8.13654131e-001 4.43576363e-001 ... 6.76367621e-005
  2.08272268e-008 1.45783891e-153]]
[ 0.3498106   0.97365658  2.18628939 -1.31243111 -2.36653663  0.53815695
 -0.94118483  1.55246361 -0.36255543  0.52040815  1.53906936 -1.52810704
  3.21180141 -1.1587533  -0.04106856 -2.41998271 -0.12736796  0.76458943
 -2.61198703 -0.20107361 -0.86370421  0.89421547  1.8907922   0.57666872
 -2.58803853  0.68988668  1.32387322  0.8392164  -0.50000313 -0.08154674
 -0.1144936   0.15377188 -0.0202832  -0.44022243  0.04736709 -0.42446827
  0.20390622  0.06286724  0.55485134 -0.20641968  0.13439601  0.07138512
  0.12275241  0.18703812 -0.27018138 -0.11579222  0.18037568  0.04889793
  0.19004238 -0.09969442  0.17200839 -0.10063808  0.02990378 -0.10376434
 -0.04997174 -0.12179827 -0.46844487]
[[6.81313186e-001 2.64530872e-001 3.40239258e-001 ... 1.04344088e-001
  2.58149598e-002 9.83661006e-029]
 [6.81313186e-001 2.64530872e-001 3.40239258e-001 ... 1.04344088e-001
  2.58149598e-002 9.83661006e-029]
 [6.81313186e-001 2.64530872e-001 3.40239258e-001 ... 1.04344088e-001
  2.58149598e-002 9.83661006e-029]
 ...
 [2.11464231e-001 8.54076567e-001 4.43576363e-001 ... 2.48624244e-006
  1.38711545e-011 2.23573558e-181]
 [2.44971094e-001 8.38688024e-001 4.46272903e-001 ... 1.42881858e-005
  6.52529150e-010 8.51899004e-167]
 [2.80368051e-001 8.13654131e-001 4.43576363e-001 ... 6.76367621e-005
  2.08272268e-008 1.45783891e-153]]
[ 0.3498106   0.97365658  2.18628939 -1.31243111 -2.36653663  0.53815695
 -0.94118483  1.55246361 -0.36255543  0.52040815  1.53906936 -1.52810704
  3.21180141 -1.1587533  -0.04106856 -2.41998271 -0.12736796  0.76458943
 -2.61198703 -0.20107361 -0.86370421  0.89421547  1.8907922   0.57666872
 -2.58803853  0.68988668  1.32387322  0.8392164  -0.50000313 -0.08154674
 -0.1144936   0.15377188 -0.0202832  -0.44022243  0.04736709 -0.42446827
  0.20390622  0.06286724  0.55485134 -0.20641968  0.13439601  0.07138512
  0.12275241  0.18703812 -0.27018138 -0.11579222  0.18037568  0.04889793
  0.19004238 -0.09969442  0.17200839 -0.10063808  0.02990378 -0.10376434
 -0.04997174 -0.12179827 -0.46844487]
[[6.81313186e-001 2.64530872e-001 3.40239258e-001 ... 1.04344088e-001
  2.58149598e-002 9.83661006e-029]
 [6.81313186e-001 2.64530872e-001 3.40239258e-001 ... 1.04344088e-001
  2.58149598e-002 9.83661006e-029]
 [6.81313186e-001 2.64530872e-001 3.40239258e-001 ... 1.04344088e-001
  2.58149598e-002 9.83661006e-029]
 ...
 [2.11464231e-001 8.54076567e-001 4.43576363e-001 ... 2.48624244e-006
  1.38711545e-011 2.23573558e-181]
 [2.44971094e-001 8.38688024e-001 4.46272903e-001 ... 1.42881858e-005
  6.52529150e-010 8.51899004e-167]
 [2.80368051e-001 8.13654131e-001 4.43576363e-001 ... 6.76367621e-005
  2.08272268e-008 1.45783891e-153]]
[ 0.3498106   0.97365658  2.18628939 -1.31243111 -2.36653663  0.53815695
 -0.94118483  1.55246361 -0.36255543  0.52040815  1.53906936 -1.52810704
  3.21180141 -1.1587533  -0.04106856 -2.41998271 -0.12736796  0.76458943
 -2.61198703 -0.20107361 -0.86370421  0.89421547  1.8907922   0.57666872
 -2.58803853  0.68988668  1.32387322  0.8392164  -0.50000313 -0.08154674
 -0.1144936   0.15377188 -0.0202832  -0.44022243  0.04736709 -0.42446827
  0.20390622  0.06286724  0.55485134 -0.20641968  0.13439601  0.07138512
  0.12275241  0.18703812 -0.27018138 -0.11579222  0.18037568  0.04889793
  0.19004238 -0.09969442  0.17200839 -0.10063808  0.02990378 -0.10376434
 -0.04997174 -0.12179827 -0.46844487]
[[6.81313186e-001 2.64530872e-001 3.40239258e-001 ... 1.04344088e-001
  2.58149598e-002 9.83661006e-029]
 [6.81313186e-001 2.64530872e-001 3.40239258e-001 ... 1.04344088e-001
  2.58149598e-002 9.83661006e-029]
 [6.81313186e-001 2.64530872e-001 3.40239258e-001 ... 1.04344088e-001
  2.58149598e-002 9.83661006e-029]
 ...
 [2.11464231e-001 8.54076567e-001 4.43576363e-001 ... 2.48624244e-006
  1.38711545e-011 2.23573558e-181]
 [2.44971094e-001 8.38688024e-001 4.46272903e-001 ... 1.42881858e-005
  6.52529150e-010 8.51899004e-167]
 [2.80368051e-001 8.13654131e-001 4.43576363e-001 ... 6.76367621e-005
  2.08272268e-008 1.45783891e-153]]
[ 0.3498106   0.97365658  2.18628939 -1.31243111 -2.36653663  0.53815695
 -0.94118483  1.55246361 -0.36255543  0.52040815  1.53906936 -1.52810704
  3.21180141 -1.1587533  -0.04106856 -2.41998271 -0.12736796  0.76458943
 -2.61198703 -0.20107361 -0.86370421  0.89421547  1.8907922   0.57666872
 -2.58803853  0.68988668  1.32387322  0.8392164  -0.50000313 -0.08154674
 -0.1144936   0.15377188 -0.0202832  -0.44022243  0.04736709 -0.42446827
  0.20390622  0.06286724  0.55485134 -0.20641968  0.13439601  0.07138512
  0.12275241  0.18703812 -0.27018138 -0.11579222  0.18037568  0.04889793
  0.19004238 -0.09969442  0.17200839 -0.10063808  0.02990378 -0.10376434
 -0.04997174 -0.12179827 -0.46844487]
[[0.00058594 0.06353285]
 [0.00141602 0.06150892]
 [0.00209961 0.06101482]
 [0.00263672 0.0606973 ]
 [0.00268555 0.06066077]
 [0.00273437 0.06059967]
 [0.00273437 0.06059967]
 [0.00273437 0.06059967]
 [0.0027832  0.06053624]
 [0.0027832  0.06053624]
 [0.0027832  0.06053624]
 [0.0027832  0.06053624]
 [0.0027832  0.06053624]]
