12
0.002
rdot
MMA
sample
[[ 1.          0.97873908  0.76356524 ...  0.9782      0.59105727
   0.27531309]
 [ 1.          0.97873908  0.76356524 ...  0.9782      0.59105727
   0.37814505]
 [ 1.          0.97873908  0.76356524 ...  0.9782      0.59105727
   0.39295525]
 ...
 [ 0.10612479  0.9834187   0.93762584 ...  0.66369007  0.95890836
  -0.11330898]
 [ 0.17687465  0.9834187   0.93762584 ...  0.66369007  0.95890836
  -0.11745745]
 [ 0.24762451  0.9834187   0.93762584 ...  0.66369007  0.95890836
  -0.12113016]]
20480
8.644379703590665e-05
[[0.68131319 0.26453087 0.34023926 ... 0.40233304 0.34330833 0.3726964 ]
 [0.68131319 0.26453087 0.34023926 ... 0.40233304 0.34330833 0.3726964 ]
 [0.68131319 0.26453087 0.34023926 ... 0.40233304 0.34330833 0.3726964 ]
 ...
 [0.21146423 0.85407657 0.44357636 ... 0.53430858 0.54307835 0.64052759]
 [0.24497109 0.83868802 0.4462729  ... 0.53755669 0.55304294 0.64442142]
 [0.28036805 0.81365413 0.44357636 ... 0.53430858 0.55640494 0.64052759]]
[  0.93189612 -10.96033152  20.40526748  -3.07993219 -12.78660348
   1.2175079   -3.43434329   3.25512963  -3.04549305  -0.15750479
   4.19901427  -9.76794839  -5.83645554  -4.35860128  15.68232839
   4.08604131  -7.37274998 -14.78650037   2.52332744  -4.99381617
   2.98674537  14.36264817   5.0293253    5.11146197]
[[0.68131319 0.26453087 0.34023926 ... 0.27983842 0.30254011 0.09665827]
 [0.68131319 0.26453087 0.34023926 ... 0.27983842 0.30254011 0.09665827]
 [0.68131319 0.26453087 0.34023926 ... 0.27983842 0.30254011 0.09665827]
 ...
 [0.21146423 0.85407657 0.44357636 ... 0.43396569 0.13117002 0.78686365]
 [0.24497109 0.83868802 0.4462729  ... 0.47133187 0.14574119 0.79645956]
 [0.28036805 0.81365413 0.44357636 ... 0.49965442 0.15805256 0.78686365]]
[ 9.31896120e-01 -1.09603315e+01  2.04052675e+01 -3.07993219e+00
 -1.27866035e+01  1.21750790e+00 -3.43434329e+00  3.25512963e+00
 -3.04549305e+00 -1.57504788e-01  4.19901427e+00 -9.76794839e+00
 -5.83645554e+00 -4.35860128e+00  1.56823284e+01  4.08604131e+00
 -7.37274998e+00 -1.47865004e+01  2.52332744e+00 -4.99381617e+00
  2.98674537e+00  1.43626482e+01  5.02932530e+00  5.11146197e+00
  4.95091691e-01  2.14116771e+00  4.62859535e-01  1.16762233e-02
 -1.21670941e+00  3.47566205e-01  6.03553052e-01 -5.93702089e-01
 -2.90719142e-01  2.03061254e+00 -1.03006873e+00 -2.56290368e+00
 -7.93403752e-01 -1.99611506e+00 -8.35687319e-01  7.46129466e-01
 -1.04277567e-02  1.65842996e+00  7.90796804e-02  1.16121967e-01
 -9.69602798e-01 -1.15649137e+00 -4.80364181e-01  1.04737944e+00
 -8.49453221e-01  1.47269233e+00  9.73081743e-01  1.41970931e+00
 -5.46377380e-01]
[[0.68131319 0.26453087 0.34023926 ... 0.29657619 0.25576972 0.08746041]
 [0.68131319 0.26453087 0.34023926 ... 0.29657619 0.25576972 0.08746041]
 [0.68131319 0.26453087 0.34023926 ... 0.29657619 0.25576972 0.08746041]
 ...
 [0.21146423 0.85407657 0.44357636 ... 0.12309908 0.00563153 0.01902044]
 [0.24497109 0.83868802 0.4462729  ... 0.15903869 0.00833387 0.02348096]
 [0.28036805 0.81365413 0.44357636 ... 0.19574642 0.01174924 0.02761559]]
[ 9.31896120e-01 -1.09603315e+01  2.04052675e+01 -3.07993219e+00
 -1.27866035e+01  1.21750790e+00 -3.43434329e+00  3.25512963e+00
 -3.04549305e+00 -1.57504788e-01  4.19901427e+00 -9.76794839e+00
 -5.83645554e+00 -4.35860128e+00  1.56823284e+01  4.08604131e+00
 -7.37274998e+00 -1.47865004e+01  2.52332744e+00 -4.99381617e+00
  2.98674537e+00  1.43626482e+01  5.02932530e+00  5.11146197e+00
  4.95091691e-01  2.14116771e+00  4.62859535e-01  1.16762233e-02
 -1.21670941e+00  3.47566205e-01  6.03553052e-01 -5.93702089e-01
 -2.90719142e-01  2.03061254e+00 -1.03006873e+00 -2.56290368e+00
 -7.93403752e-01 -1.99611506e+00 -8.35687319e-01  7.46129466e-01
 -1.04277567e-02  1.65842996e+00  7.90796804e-02  1.16121967e-01
 -9.69602798e-01 -1.15649137e+00 -4.80364181e-01  1.04737944e+00
 -8.49453221e-01  1.47269233e+00  9.73081743e-01  1.41970931e+00
 -5.46377380e-01 -3.40941618e-01  7.59505250e-01 -3.61216996e-02
 -3.01158889e-01  3.02552766e-01 -3.49200393e-01  2.41464737e-01
  7.68344280e-01 -2.49358469e+00 -1.24520312e+00  1.08331352e-01
 -8.01204184e-01 -1.53951733e-01  1.26464362e-01  2.43604913e-01
 -9.21423645e-02  4.21329425e-01  2.66997063e-01 -1.29149572e-01
 -2.56964909e-01  2.61934768e-01 -9.91856729e-01 -1.94394243e+00
  1.46618457e-02 -1.45197130e+00  9.82975872e-02 -2.14113333e-02
 -4.98228134e-01  5.09438141e-01  6.43573133e-01 -1.71783121e-01
  1.02703915e+00  7.35527665e-01  3.59834932e-01  9.61578019e-01
  1.60063129e+00  2.28234373e+00  6.45003204e-01  1.45550177e+00
 -5.48559152e-01  1.65363851e-01  5.91634193e-01 -3.17713644e-01
 -4.08288490e-01 -2.30848758e+00  8.40758030e-01  1.14545951e+00
 -1.56040908e+00  1.41885077e+00]
[[0.68131319 0.26453087 0.34023926 ... 0.29657619 0.25576972 0.08746041]
 [0.68131319 0.26453087 0.34023926 ... 0.29657619 0.25576972 0.08746041]
 [0.68131319 0.26453087 0.34023926 ... 0.29657619 0.25576972 0.08746041]
 ...
 [0.21146423 0.85407657 0.44357636 ... 0.12309908 0.00563153 0.01902044]
 [0.24497109 0.83868802 0.4462729  ... 0.15903869 0.00833387 0.02348096]
 [0.28036805 0.81365413 0.44357636 ... 0.19574642 0.01174924 0.02761559]]
[ 9.31896120e-01 -1.09603315e+01  2.04052675e+01 -3.07993219e+00
 -1.27866035e+01  1.21750790e+00 -3.43434329e+00  3.25512963e+00
 -3.04549305e+00 -1.57504788e-01  4.19901427e+00 -9.76794839e+00
 -5.83645554e+00 -4.35860128e+00  1.56823284e+01  4.08604131e+00
 -7.37274998e+00 -1.47865004e+01  2.52332744e+00 -4.99381617e+00
  2.98674537e+00  1.43626482e+01  5.02932530e+00  5.11146197e+00
  4.95091691e-01  2.14116771e+00  4.62859535e-01  1.16762233e-02
 -1.21670941e+00  3.47566205e-01  6.03553052e-01 -5.93702089e-01
 -2.90719142e-01  2.03061254e+00 -1.03006873e+00 -2.56290368e+00
 -7.93403752e-01 -1.99611506e+00 -8.35687319e-01  7.46129466e-01
 -1.04277567e-02  1.65842996e+00  7.90796804e-02  1.16121967e-01
 -9.69602798e-01 -1.15649137e+00 -4.80364181e-01  1.04737944e+00
 -8.49453221e-01  1.47269233e+00  9.73081743e-01  1.41970931e+00
 -5.46377380e-01 -3.40941618e-01  7.59505250e-01 -3.61216996e-02
 -3.01158889e-01  3.02552766e-01 -3.49200393e-01  2.41464737e-01
  7.68344280e-01 -2.49358469e+00 -1.24520312e+00  1.08331352e-01
 -8.01204184e-01 -1.53951733e-01  1.26464362e-01  2.43604913e-01
 -9.21423645e-02  4.21329425e-01  2.66997063e-01 -1.29149572e-01
 -2.56964909e-01  2.61934768e-01 -9.91856729e-01 -1.94394243e+00
  1.46618457e-02 -1.45197130e+00  9.82975872e-02 -2.14113333e-02
 -4.98228134e-01  5.09438141e-01  6.43573133e-01 -1.71783121e-01
  1.02703915e+00  7.35527665e-01  3.59834932e-01  9.61578019e-01
  1.60063129e+00  2.28234373e+00  6.45003204e-01  1.45550177e+00
 -5.48559152e-01  1.65363851e-01  5.91634193e-01 -3.17713644e-01
 -4.08288490e-01 -2.30848758e+00  8.40758030e-01  1.14545951e+00
 -1.56040908e+00  1.41885077e+00]
[[6.81313186e-01 2.64530872e-01 3.40239258e-01 ... 7.66380660e-07
  1.18675107e-02 3.19748928e-11]
 [6.81313186e-01 2.64530872e-01 3.40239258e-01 ... 7.66380660e-07
  1.18675107e-02 3.19748928e-11]
 [6.81313186e-01 2.64530872e-01 3.40239258e-01 ... 7.66380660e-07
  1.18675107e-02 3.19748928e-11]
 ...
 [2.11464231e-01 8.54076567e-01 4.43576363e-01 ... 6.76427118e-05
  1.30463557e-06 7.65846378e-05]
 [2.44971094e-01 8.38688024e-01 4.46272903e-01 ... 9.04821362e-05
  5.22175273e-06 5.72532082e-05]
 [2.80368051e-01 8.13654131e-01 4.43576363e-01 ... 9.96957834e-05
  1.72153359e-05 3.52557617e-05]]
[ 9.31896120e-01 -1.09603315e+01  2.04052675e+01 -3.07993219e+00
 -1.27866035e+01  1.21750790e+00 -3.43434329e+00  3.25512963e+00
 -3.04549305e+00 -1.57504788e-01  4.19901427e+00 -9.76794839e+00
 -5.83645554e+00 -4.35860128e+00  1.56823284e+01  4.08604131e+00
 -7.37274998e+00 -1.47865004e+01  2.52332744e+00 -4.99381617e+00
  2.98674537e+00  1.43626482e+01  5.02932530e+00  5.11146197e+00
  4.95091691e-01  2.14116771e+00  4.62859535e-01  1.16762233e-02
 -1.21670941e+00  3.47566205e-01  6.03553052e-01 -5.93702089e-01
 -2.90719142e-01  2.03061254e+00 -1.03006873e+00 -2.56290368e+00
 -7.93403752e-01 -1.99611506e+00 -8.35687319e-01  7.46129466e-01
 -1.04277567e-02  1.65842996e+00  7.90796804e-02  1.16121967e-01
 -9.69602798e-01 -1.15649137e+00 -4.80364181e-01  1.04737944e+00
 -8.49453221e-01  1.47269233e+00  9.73081743e-01  1.41970931e+00
 -5.46377380e-01 -3.40941618e-01  7.59505250e-01 -3.61216996e-02
 -3.01158889e-01  3.02552766e-01 -3.49200393e-01  2.41464737e-01
  7.68344280e-01 -2.49358469e+00 -1.24520312e+00  1.08331352e-01
 -8.01204184e-01 -1.53951733e-01  1.26464362e-01  2.43604913e-01
 -9.21423645e-02  4.21329425e-01  2.66997063e-01 -1.29149572e-01
 -2.56964909e-01  2.61934768e-01 -9.91856729e-01 -1.94394243e+00
  1.46618457e-02 -1.45197130e+00  9.82975872e-02 -2.14113333e-02
 -4.98228134e-01  5.09438141e-01  6.43573133e-01 -1.71783121e-01
  1.02703915e+00  7.35527665e-01  3.59834932e-01  9.61578019e-01
  1.60063129e+00  2.28234373e+00  6.45003204e-01  1.45550177e+00
 -5.48559152e-01  1.65363851e-01  5.91634193e-01 -3.17713644e-01
 -4.08288490e-01 -2.30848758e+00  8.40758030e-01  1.14545951e+00
 -1.56040908e+00  1.41885077e+00 -3.99690149e-01  2.22042798e-01
 -2.07020759e-01 -1.26444983e-01  1.52560947e-01 -1.43125117e-01
  1.01689734e-01  2.01888972e-01  6.64967978e-02  7.40776064e-02
  4.06114996e-02  1.25894859e-01 -8.06643690e-02  1.13442194e-01
 -1.15933672e-01  4.23497179e-02 -1.20177571e-01 -1.52202211e-01
 -6.59299176e-02  1.12955650e-01  1.06794065e-01 -1.01404627e-01
 -7.18117982e-02 -7.35629692e-02 -6.53021540e-02  1.55966452e-01
 -9.77967582e-02  9.96460591e-02 -7.55457999e-02 -1.55196979e-01
  6.84950050e-02 -1.21523982e-01 -5.65225165e-02 -6.77135028e-02
  5.56304439e-02  1.10466049e-01 -1.16764233e-01  8.03382858e-02
  1.16720409e-01  1.01856054e-01 -8.13012337e-02]
[[6.81313186e-01 2.64530872e-01 3.40239258e-01 ... 1.21021579e-02
  8.81876364e-04 1.88073979e-03]
 [6.81313186e-01 2.64530872e-01 3.40239258e-01 ... 1.21021579e-02
  8.81876364e-04 1.88073979e-03]
 [6.81313186e-01 2.64530872e-01 3.40239258e-01 ... 1.21021579e-02
  8.81876364e-04 1.88073979e-03]
 ...
 [2.11464231e-01 8.54076567e-01 4.43576363e-01 ... 3.67537001e-15
  5.24662277e-23 5.41529001e-16]
 [2.44971094e-01 8.38688024e-01 4.46272903e-01 ... 1.72897366e-13
  5.80728880e-21 2.54746972e-14]
 [2.80368051e-01 8.13654131e-01 4.43576363e-01 ... 5.51848551e-12
  4.36125247e-19 8.13093630e-13]]
[ 9.31896120e-01 -1.09603315e+01  2.04052675e+01 -3.07993219e+00
 -1.27866035e+01  1.21750790e+00 -3.43434329e+00  3.25512963e+00
 -3.04549305e+00 -1.57504788e-01  4.19901427e+00 -9.76794839e+00
 -5.83645554e+00 -4.35860128e+00  1.56823284e+01  4.08604131e+00
 -7.37274998e+00 -1.47865004e+01  2.52332744e+00 -4.99381617e+00
  2.98674537e+00  1.43626482e+01  5.02932530e+00  5.11146197e+00
  4.95091691e-01  2.14116771e+00  4.62859535e-01  1.16762233e-02
 -1.21670941e+00  3.47566205e-01  6.03553052e-01 -5.93702089e-01
 -2.90719142e-01  2.03061254e+00 -1.03006873e+00 -2.56290368e+00
 -7.93403752e-01 -1.99611506e+00 -8.35687319e-01  7.46129466e-01
 -1.04277567e-02  1.65842996e+00  7.90796804e-02  1.16121967e-01
 -9.69602798e-01 -1.15649137e+00 -4.80364181e-01  1.04737944e+00
 -8.49453221e-01  1.47269233e+00  9.73081743e-01  1.41970931e+00
 -5.46377380e-01 -3.40941618e-01  7.59505250e-01 -3.61216996e-02
 -3.01158889e-01  3.02552766e-01 -3.49200393e-01  2.41464737e-01
  7.68344280e-01 -2.49358469e+00 -1.24520312e+00  1.08331352e-01
 -8.01204184e-01 -1.53951733e-01  1.26464362e-01  2.43604913e-01
 -9.21423645e-02  4.21329425e-01  2.66997063e-01 -1.29149572e-01
 -2.56964909e-01  2.61934768e-01 -9.91856729e-01 -1.94394243e+00
  1.46618457e-02 -1.45197130e+00  9.82975872e-02 -2.14113333e-02
 -4.98228134e-01  5.09438141e-01  6.43573133e-01 -1.71783121e-01
  1.02703915e+00  7.35527665e-01  3.59834932e-01  9.61578019e-01
  1.60063129e+00  2.28234373e+00  6.45003204e-01  1.45550177e+00
 -5.48559152e-01  1.65363851e-01  5.91634193e-01 -3.17713644e-01
 -4.08288490e-01 -2.30848758e+00  8.40758030e-01  1.14545951e+00
 -1.56040908e+00  1.41885077e+00 -3.99690149e-01  2.22042798e-01
 -2.07020759e-01 -1.26444983e-01  1.52560947e-01 -1.43125117e-01
  1.01689734e-01  2.01888972e-01  6.64967978e-02  7.40776064e-02
  4.06114996e-02  1.25894859e-01 -8.06643690e-02  1.13442194e-01
 -1.15933672e-01  4.23497179e-02 -1.20177571e-01 -1.52202211e-01
 -6.59299176e-02  1.12955650e-01  1.06794065e-01 -1.01404627e-01
 -7.18117982e-02 -7.35629692e-02 -6.53021540e-02  1.55966452e-01
 -9.77967582e-02  9.96460591e-02 -7.55457999e-02 -1.55196979e-01
  6.84950050e-02 -1.21523982e-01 -5.65225165e-02 -6.77135028e-02
  5.56304439e-02  1.10466049e-01 -1.16764233e-01  8.03382858e-02
  1.16720409e-01  1.01856054e-01 -8.13012337e-02 -7.28045020e-02
  7.25222108e-02  6.11367214e-02 -2.33446457e-02 -1.22224060e-01
  9.50848287e-02 -6.72892841e-02  1.74917714e-01 -1.31142410e-01
  8.69631604e-02 -4.23868092e-02 -4.82243093e-02  1.48397280e-01
  3.44374215e-02 -9.31444055e-02  7.49346343e-02 -1.89842559e-01
  2.65283393e-02  1.64840694e-01 -1.12520730e-01  5.17676576e-02
  1.17750797e-01 -1.37470145e-01  3.61310233e-02  2.14285172e-02
 -4.59434074e-02 -5.23708978e-02  7.93773547e-02 -5.13954084e-02
  4.29939350e-02 -6.33798741e-02]
[[6.81313186e-01 2.64530872e-01 3.40239258e-01 ... 6.82625558e-06
  2.94875591e-08 8.92437456e-08]
 [6.81313186e-01 2.64530872e-01 3.40239258e-01 ... 6.82625558e-06
  2.94875591e-08 8.92437456e-08]
 [6.81313186e-01 2.64530872e-01 3.40239258e-01 ... 6.82625558e-06
  2.94875591e-08 8.92437456e-08]
 ...
 [2.11464231e-01 8.54076567e-01 4.43576363e-01 ... 1.46109643e-27
  1.26604979e-42 5.48262806e-32]
 [2.44971094e-01 8.38688024e-01 4.46272903e-01 ... 6.45536492e-24
  2.80172436e-39 5.98030358e-29]
 [2.80368051e-01 8.13654131e-01 4.43576363e-01 ... 1.31295897e-20
  2.85422670e-36 3.00293628e-26]]
[ 9.31896120e-01 -1.09603315e+01  2.04052675e+01 -3.07993219e+00
 -1.27866035e+01  1.21750790e+00 -3.43434329e+00  3.25512963e+00
 -3.04549305e+00 -1.57504788e-01  4.19901427e+00 -9.76794839e+00
 -5.83645554e+00 -4.35860128e+00  1.56823284e+01  4.08604131e+00
 -7.37274998e+00 -1.47865004e+01  2.52332744e+00 -4.99381617e+00
  2.98674537e+00  1.43626482e+01  5.02932530e+00  5.11146197e+00
  4.95091691e-01  2.14116771e+00  4.62859535e-01  1.16762233e-02
 -1.21670941e+00  3.47566205e-01  6.03553052e-01 -5.93702089e-01
 -2.90719142e-01  2.03061254e+00 -1.03006873e+00 -2.56290368e+00
 -7.93403752e-01 -1.99611506e+00 -8.35687319e-01  7.46129466e-01
 -1.04277567e-02  1.65842996e+00  7.90796804e-02  1.16121967e-01
 -9.69602798e-01 -1.15649137e+00 -4.80364181e-01  1.04737944e+00
 -8.49453221e-01  1.47269233e+00  9.73081743e-01  1.41970931e+00
 -5.46377380e-01 -3.40941618e-01  7.59505250e-01 -3.61216996e-02
 -3.01158889e-01  3.02552766e-01 -3.49200393e-01  2.41464737e-01
  7.68344280e-01 -2.49358469e+00 -1.24520312e+00  1.08331352e-01
 -8.01204184e-01 -1.53951733e-01  1.26464362e-01  2.43604913e-01
 -9.21423645e-02  4.21329425e-01  2.66997063e-01 -1.29149572e-01
 -2.56964909e-01  2.61934768e-01 -9.91856729e-01 -1.94394243e+00
  1.46618457e-02 -1.45197130e+00  9.82975872e-02 -2.14113333e-02
 -4.98228134e-01  5.09438141e-01  6.43573133e-01 -1.71783121e-01
  1.02703915e+00  7.35527665e-01  3.59834932e-01  9.61578019e-01
  1.60063129e+00  2.28234373e+00  6.45003204e-01  1.45550177e+00
 -5.48559152e-01  1.65363851e-01  5.91634193e-01 -3.17713644e-01
 -4.08288490e-01 -2.30848758e+00  8.40758030e-01  1.14545951e+00
 -1.56040908e+00  1.41885077e+00 -3.99690149e-01  2.22042798e-01
 -2.07020759e-01 -1.26444983e-01  1.52560947e-01 -1.43125117e-01
  1.01689734e-01  2.01888972e-01  6.64967978e-02  7.40776064e-02
  4.06114996e-02  1.25894859e-01 -8.06643690e-02  1.13442194e-01
 -1.15933672e-01  4.23497179e-02 -1.20177571e-01 -1.52202211e-01
 -6.59299176e-02  1.12955650e-01  1.06794065e-01 -1.01404627e-01
 -7.18117982e-02 -7.35629692e-02 -6.53021540e-02  1.55966452e-01
 -9.77967582e-02  9.96460591e-02 -7.55457999e-02 -1.55196979e-01
  6.84950050e-02 -1.21523982e-01 -5.65225165e-02 -6.77135028e-02
  5.56304439e-02  1.10466049e-01 -1.16764233e-01  8.03382858e-02
  1.16720409e-01  1.01856054e-01 -8.13012337e-02 -7.28045020e-02
  7.25222108e-02  6.11367214e-02 -2.33446457e-02 -1.22224060e-01
  9.50848287e-02 -6.72892841e-02  1.74917714e-01 -1.31142410e-01
  8.69631604e-02 -4.23868092e-02 -4.82243093e-02  1.48397280e-01
  3.44374215e-02 -9.31444055e-02  7.49346343e-02 -1.89842559e-01
  2.65283393e-02  1.64840694e-01 -1.12520730e-01  5.17676576e-02
  1.17750797e-01 -1.37470145e-01  3.61310233e-02  2.14285172e-02
 -4.59434074e-02 -5.23708978e-02  7.93773547e-02 -5.13954084e-02
  4.29939350e-02 -6.33798741e-02  3.87176031e-02 -4.62604757e-02
 -3.95394512e-02 -9.24502020e-02 -4.35537433e-02 -8.41151025e-02
  1.05331100e-01]
[[6.81313186e-01 2.64530872e-01 3.40239258e-01 ... 6.82625558e-06
  2.94875591e-08 8.92437456e-08]
 [6.81313186e-01 2.64530872e-01 3.40239258e-01 ... 6.82625558e-06
  2.94875591e-08 8.92437456e-08]
 [6.81313186e-01 2.64530872e-01 3.40239258e-01 ... 6.82625558e-06
  2.94875591e-08 8.92437456e-08]
 ...
 [2.11464231e-01 8.54076567e-01 4.43576363e-01 ... 1.46109643e-27
  1.26604979e-42 5.48262806e-32]
 [2.44971094e-01 8.38688024e-01 4.46272903e-01 ... 6.45536492e-24
  2.80172436e-39 5.98030358e-29]
 [2.80368051e-01 8.13654131e-01 4.43576363e-01 ... 1.31295897e-20
  2.85422670e-36 3.00293628e-26]]
[ 9.31896120e-01 -1.09603315e+01  2.04052675e+01 -3.07993219e+00
 -1.27866035e+01  1.21750790e+00 -3.43434329e+00  3.25512963e+00
 -3.04549305e+00 -1.57504788e-01  4.19901427e+00 -9.76794839e+00
 -5.83645554e+00 -4.35860128e+00  1.56823284e+01  4.08604131e+00
 -7.37274998e+00 -1.47865004e+01  2.52332744e+00 -4.99381617e+00
  2.98674537e+00  1.43626482e+01  5.02932530e+00  5.11146197e+00
  4.95091691e-01  2.14116771e+00  4.62859535e-01  1.16762233e-02
 -1.21670941e+00  3.47566205e-01  6.03553052e-01 -5.93702089e-01
 -2.90719142e-01  2.03061254e+00 -1.03006873e+00 -2.56290368e+00
 -7.93403752e-01 -1.99611506e+00 -8.35687319e-01  7.46129466e-01
 -1.04277567e-02  1.65842996e+00  7.90796804e-02  1.16121967e-01
 -9.69602798e-01 -1.15649137e+00 -4.80364181e-01  1.04737944e+00
 -8.49453221e-01  1.47269233e+00  9.73081743e-01  1.41970931e+00
 -5.46377380e-01 -3.40941618e-01  7.59505250e-01 -3.61216996e-02
 -3.01158889e-01  3.02552766e-01 -3.49200393e-01  2.41464737e-01
  7.68344280e-01 -2.49358469e+00 -1.24520312e+00  1.08331352e-01
 -8.01204184e-01 -1.53951733e-01  1.26464362e-01  2.43604913e-01
 -9.21423645e-02  4.21329425e-01  2.66997063e-01 -1.29149572e-01
 -2.56964909e-01  2.61934768e-01 -9.91856729e-01 -1.94394243e+00
  1.46618457e-02 -1.45197130e+00  9.82975872e-02 -2.14113333e-02
 -4.98228134e-01  5.09438141e-01  6.43573133e-01 -1.71783121e-01
  1.02703915e+00  7.35527665e-01  3.59834932e-01  9.61578019e-01
  1.60063129e+00  2.28234373e+00  6.45003204e-01  1.45550177e+00
 -5.48559152e-01  1.65363851e-01  5.91634193e-01 -3.17713644e-01
 -4.08288490e-01 -2.30848758e+00  8.40758030e-01  1.14545951e+00
 -1.56040908e+00  1.41885077e+00 -3.99690149e-01  2.22042798e-01
 -2.07020759e-01 -1.26444983e-01  1.52560947e-01 -1.43125117e-01
  1.01689734e-01  2.01888972e-01  6.64967978e-02  7.40776064e-02
  4.06114996e-02  1.25894859e-01 -8.06643690e-02  1.13442194e-01
 -1.15933672e-01  4.23497179e-02 -1.20177571e-01 -1.52202211e-01
 -6.59299176e-02  1.12955650e-01  1.06794065e-01 -1.01404627e-01
 -7.18117982e-02 -7.35629692e-02 -6.53021540e-02  1.55966452e-01
 -9.77967582e-02  9.96460591e-02 -7.55457999e-02 -1.55196979e-01
  6.84950050e-02 -1.21523982e-01 -5.65225165e-02 -6.77135028e-02
  5.56304439e-02  1.10466049e-01 -1.16764233e-01  8.03382858e-02
  1.16720409e-01  1.01856054e-01 -8.13012337e-02 -7.28045020e-02
  7.25222108e-02  6.11367214e-02 -2.33446457e-02 -1.22224060e-01
  9.50848287e-02 -6.72892841e-02  1.74917714e-01 -1.31142410e-01
  8.69631604e-02 -4.23868092e-02 -4.82243093e-02  1.48397280e-01
  3.44374215e-02 -9.31444055e-02  7.49346343e-02 -1.89842559e-01
  2.65283393e-02  1.64840694e-01 -1.12520730e-01  5.17676576e-02
  1.17750797e-01 -1.37470145e-01  3.61310233e-02  2.14285172e-02
 -4.59434074e-02 -5.23708978e-02  7.93773547e-02 -5.13954084e-02
  4.29939350e-02 -6.33798741e-02  3.87176031e-02 -4.62604757e-02
 -3.95394512e-02 -9.24502020e-02 -4.35537433e-02 -8.41151025e-02
  1.05331100e-01]
[[6.81313186e-001 2.64530872e-001 3.40239258e-001 ... 7.43924738e-024
  4.01678728e-021 1.42270877e-028]
 [6.81313186e-001 2.64530872e-001 3.40239258e-001 ... 7.43924738e-024
  4.01678728e-021 1.42270877e-028]
 [6.81313186e-001 2.64530872e-001 3.40239258e-001 ... 7.43924738e-024
  4.01678728e-021 1.42270877e-028]
 ...
 [2.11464231e-001 8.54076567e-001 4.43576363e-001 ... 3.15903040e-102
  1.12380611e-161 5.24343106e-139]
 [2.44971094e-001 8.38688024e-001 4.46272903e-001 ... 1.20370891e-087
  4.28212223e-147 1.99794364e-124]
 [2.80368051e-001 8.13654131e-001 4.43576363e-001 ... 2.05988466e-074
  7.32791605e-134 3.41904376e-111]]
[ 9.31896120e-01 -1.09603315e+01  2.04052675e+01 -3.07993219e+00
 -1.27866035e+01  1.21750790e+00 -3.43434329e+00  3.25512963e+00
 -3.04549305e+00 -1.57504788e-01  4.19901427e+00 -9.76794839e+00
 -5.83645554e+00 -4.35860128e+00  1.56823284e+01  4.08604131e+00
 -7.37274998e+00 -1.47865004e+01  2.52332744e+00 -4.99381617e+00
  2.98674537e+00  1.43626482e+01  5.02932530e+00  5.11146197e+00
  4.95091691e-01  2.14116771e+00  4.62859535e-01  1.16762233e-02
 -1.21670941e+00  3.47566205e-01  6.03553052e-01 -5.93702089e-01
 -2.90719142e-01  2.03061254e+00 -1.03006873e+00 -2.56290368e+00
 -7.93403752e-01 -1.99611506e+00 -8.35687319e-01  7.46129466e-01
 -1.04277567e-02  1.65842996e+00  7.90796804e-02  1.16121967e-01
 -9.69602798e-01 -1.15649137e+00 -4.80364181e-01  1.04737944e+00
 -8.49453221e-01  1.47269233e+00  9.73081743e-01  1.41970931e+00
 -5.46377380e-01 -3.40941618e-01  7.59505250e-01 -3.61216996e-02
 -3.01158889e-01  3.02552766e-01 -3.49200393e-01  2.41464737e-01
  7.68344280e-01 -2.49358469e+00 -1.24520312e+00  1.08331352e-01
 -8.01204184e-01 -1.53951733e-01  1.26464362e-01  2.43604913e-01
 -9.21423645e-02  4.21329425e-01  2.66997063e-01 -1.29149572e-01
 -2.56964909e-01  2.61934768e-01 -9.91856729e-01 -1.94394243e+00
  1.46618457e-02 -1.45197130e+00  9.82975872e-02 -2.14113333e-02
 -4.98228134e-01  5.09438141e-01  6.43573133e-01 -1.71783121e-01
  1.02703915e+00  7.35527665e-01  3.59834932e-01  9.61578019e-01
  1.60063129e+00  2.28234373e+00  6.45003204e-01  1.45550177e+00
 -5.48559152e-01  1.65363851e-01  5.91634193e-01 -3.17713644e-01
 -4.08288490e-01 -2.30848758e+00  8.40758030e-01  1.14545951e+00
 -1.56040908e+00  1.41885077e+00 -3.99690149e-01  2.22042798e-01
 -2.07020759e-01 -1.26444983e-01  1.52560947e-01 -1.43125117e-01
  1.01689734e-01  2.01888972e-01  6.64967978e-02  7.40776064e-02
  4.06114996e-02  1.25894859e-01 -8.06643690e-02  1.13442194e-01
 -1.15933672e-01  4.23497179e-02 -1.20177571e-01 -1.52202211e-01
 -6.59299176e-02  1.12955650e-01  1.06794065e-01 -1.01404627e-01
 -7.18117982e-02 -7.35629692e-02 -6.53021540e-02  1.55966452e-01
 -9.77967582e-02  9.96460591e-02 -7.55457999e-02 -1.55196979e-01
  6.84950050e-02 -1.21523982e-01 -5.65225165e-02 -6.77135028e-02
  5.56304439e-02  1.10466049e-01 -1.16764233e-01  8.03382858e-02
  1.16720409e-01  1.01856054e-01 -8.13012337e-02 -7.28045020e-02
  7.25222108e-02  6.11367214e-02 -2.33446457e-02 -1.22224060e-01
  9.50848287e-02 -6.72892841e-02  1.74917714e-01 -1.31142410e-01
  8.69631604e-02 -4.23868092e-02 -4.82243093e-02  1.48397280e-01
  3.44374215e-02 -9.31444055e-02  7.49346343e-02 -1.89842559e-01
  2.65283393e-02  1.64840694e-01 -1.12520730e-01  5.17676576e-02
  1.17750797e-01 -1.37470145e-01  3.61310233e-02  2.14285172e-02
 -4.59434074e-02 -5.23708978e-02  7.93773547e-02 -5.13954084e-02
  4.29939350e-02 -6.33798741e-02  3.87176031e-02 -4.62604757e-02
 -3.95394512e-02 -9.24502020e-02 -4.35537433e-02 -8.41151025e-02
  1.05331100e-01 -2.20711979e-01 -2.11093160e-01 -2.04898000e-01
 -2.04791739e-01 -3.26909496e-01  3.99585974e-02 -1.96716592e-01
 -1.93507800e-01 -1.88271098e-01 -1.74119473e-01 -1.63846491e-01
 -1.62774912e-01]
[[6.81313186e-001 2.64530872e-001 3.40239258e-001 ... 5.37305414e-064
  5.26679024e-042 9.67588975e-057]
 [6.81313186e-001 2.64530872e-001 3.40239258e-001 ... 5.37305414e-064
  5.26679024e-042 9.67588975e-057]
 [6.81313186e-001 2.64530872e-001 3.40239258e-001 ... 5.37305414e-064
  5.26679024e-042 9.67588975e-057]
 ...
 [2.11464231e-001 8.54076567e-001 4.43576363e-001 ... 2.10200536e-271
  1.21045529e-245 0.00000000e+000]
 [2.44971094e-001 8.38688024e-001 4.46272903e-001 ... 3.05189201e-242
  1.75745453e-216 0.00000000e+000]
 [2.80368051e-001 8.13654131e-001 4.43576363e-001 ... 8.93741685e-216
  5.14667742e-190 2.12529427e-306]]
[ 9.31896120e-01 -1.09603315e+01  2.04052675e+01 -3.07993219e+00
 -1.27866035e+01  1.21750790e+00 -3.43434329e+00  3.25512963e+00
 -3.04549305e+00 -1.57504788e-01  4.19901427e+00 -9.76794839e+00
 -5.83645554e+00 -4.35860128e+00  1.56823284e+01  4.08604131e+00
 -7.37274998e+00 -1.47865004e+01  2.52332744e+00 -4.99381617e+00
  2.98674537e+00  1.43626482e+01  5.02932530e+00  5.11146197e+00
  4.95091691e-01  2.14116771e+00  4.62859535e-01  1.16762233e-02
 -1.21670941e+00  3.47566205e-01  6.03553052e-01 -5.93702089e-01
 -2.90719142e-01  2.03061254e+00 -1.03006873e+00 -2.56290368e+00
 -7.93403752e-01 -1.99611506e+00 -8.35687319e-01  7.46129466e-01
 -1.04277567e-02  1.65842996e+00  7.90796804e-02  1.16121967e-01
 -9.69602798e-01 -1.15649137e+00 -4.80364181e-01  1.04737944e+00
 -8.49453221e-01  1.47269233e+00  9.73081743e-01  1.41970931e+00
 -5.46377380e-01 -3.40941618e-01  7.59505250e-01 -3.61216996e-02
 -3.01158889e-01  3.02552766e-01 -3.49200393e-01  2.41464737e-01
  7.68344280e-01 -2.49358469e+00 -1.24520312e+00  1.08331352e-01
 -8.01204184e-01 -1.53951733e-01  1.26464362e-01  2.43604913e-01
 -9.21423645e-02  4.21329425e-01  2.66997063e-01 -1.29149572e-01
 -2.56964909e-01  2.61934768e-01 -9.91856729e-01 -1.94394243e+00
  1.46618457e-02 -1.45197130e+00  9.82975872e-02 -2.14113333e-02
 -4.98228134e-01  5.09438141e-01  6.43573133e-01 -1.71783121e-01
  1.02703915e+00  7.35527665e-01  3.59834932e-01  9.61578019e-01
  1.60063129e+00  2.28234373e+00  6.45003204e-01  1.45550177e+00
 -5.48559152e-01  1.65363851e-01  5.91634193e-01 -3.17713644e-01
 -4.08288490e-01 -2.30848758e+00  8.40758030e-01  1.14545951e+00
 -1.56040908e+00  1.41885077e+00 -3.99690149e-01  2.22042798e-01
 -2.07020759e-01 -1.26444983e-01  1.52560947e-01 -1.43125117e-01
  1.01689734e-01  2.01888972e-01  6.64967978e-02  7.40776064e-02
  4.06114996e-02  1.25894859e-01 -8.06643690e-02  1.13442194e-01
 -1.15933672e-01  4.23497179e-02 -1.20177571e-01 -1.52202211e-01
 -6.59299176e-02  1.12955650e-01  1.06794065e-01 -1.01404627e-01
 -7.18117982e-02 -7.35629692e-02 -6.53021540e-02  1.55966452e-01
 -9.77967582e-02  9.96460591e-02 -7.55457999e-02 -1.55196979e-01
  6.84950050e-02 -1.21523982e-01 -5.65225165e-02 -6.77135028e-02
  5.56304439e-02  1.10466049e-01 -1.16764233e-01  8.03382858e-02
  1.16720409e-01  1.01856054e-01 -8.13012337e-02 -7.28045020e-02
  7.25222108e-02  6.11367214e-02 -2.33446457e-02 -1.22224060e-01
  9.50848287e-02 -6.72892841e-02  1.74917714e-01 -1.31142410e-01
  8.69631604e-02 -4.23868092e-02 -4.82243093e-02  1.48397280e-01
  3.44374215e-02 -9.31444055e-02  7.49346343e-02 -1.89842559e-01
  2.65283393e-02  1.64840694e-01 -1.12520730e-01  5.17676576e-02
  1.17750797e-01 -1.37470145e-01  3.61310233e-02  2.14285172e-02
 -4.59434074e-02 -5.23708978e-02  7.93773547e-02 -5.13954084e-02
  4.29939350e-02 -6.33798741e-02  3.87176031e-02 -4.62604757e-02
 -3.95394512e-02 -9.24502020e-02 -4.35537433e-02 -8.41151025e-02
  1.05331100e-01 -2.20711979e-01 -2.11093160e-01 -2.04898000e-01
 -2.04791739e-01 -3.26909496e-01  3.99585974e-02 -1.96716592e-01
 -1.93507800e-01 -1.88271098e-01 -1.74119473e-01 -1.63846491e-01
 -1.62774912e-01 -2.30504987e-01 -2.29397185e-01 -2.16393034e-01
 -2.15810482e-01]
[[6.81313186e-001 2.64530872e-001 3.40239258e-001 ... 5.37305414e-064
  5.26679024e-042 9.67588975e-057]
 [6.81313186e-001 2.64530872e-001 3.40239258e-001 ... 5.37305414e-064
  5.26679024e-042 9.67588975e-057]
 [6.81313186e-001 2.64530872e-001 3.40239258e-001 ... 5.37305414e-064
  5.26679024e-042 9.67588975e-057]
 ...
 [2.11464231e-001 8.54076567e-001 4.43576363e-001 ... 2.10200536e-271
  1.21045529e-245 0.00000000e+000]
 [2.44971094e-001 8.38688024e-001 4.46272903e-001 ... 3.05189201e-242
  1.75745453e-216 0.00000000e+000]
 [2.80368051e-001 8.13654131e-001 4.43576363e-001 ... 8.93741685e-216
  5.14667742e-190 2.12529427e-306]]
[ 9.31896120e-01 -1.09603315e+01  2.04052675e+01 -3.07993219e+00
 -1.27866035e+01  1.21750790e+00 -3.43434329e+00  3.25512963e+00
 -3.04549305e+00 -1.57504788e-01  4.19901427e+00 -9.76794839e+00
 -5.83645554e+00 -4.35860128e+00  1.56823284e+01  4.08604131e+00
 -7.37274998e+00 -1.47865004e+01  2.52332744e+00 -4.99381617e+00
  2.98674537e+00  1.43626482e+01  5.02932530e+00  5.11146197e+00
  4.95091691e-01  2.14116771e+00  4.62859535e-01  1.16762233e-02
 -1.21670941e+00  3.47566205e-01  6.03553052e-01 -5.93702089e-01
 -2.90719142e-01  2.03061254e+00 -1.03006873e+00 -2.56290368e+00
 -7.93403752e-01 -1.99611506e+00 -8.35687319e-01  7.46129466e-01
 -1.04277567e-02  1.65842996e+00  7.90796804e-02  1.16121967e-01
 -9.69602798e-01 -1.15649137e+00 -4.80364181e-01  1.04737944e+00
 -8.49453221e-01  1.47269233e+00  9.73081743e-01  1.41970931e+00
 -5.46377380e-01 -3.40941618e-01  7.59505250e-01 -3.61216996e-02
 -3.01158889e-01  3.02552766e-01 -3.49200393e-01  2.41464737e-01
  7.68344280e-01 -2.49358469e+00 -1.24520312e+00  1.08331352e-01
 -8.01204184e-01 -1.53951733e-01  1.26464362e-01  2.43604913e-01
 -9.21423645e-02  4.21329425e-01  2.66997063e-01 -1.29149572e-01
 -2.56964909e-01  2.61934768e-01 -9.91856729e-01 -1.94394243e+00
  1.46618457e-02 -1.45197130e+00  9.82975872e-02 -2.14113333e-02
 -4.98228134e-01  5.09438141e-01  6.43573133e-01 -1.71783121e-01
  1.02703915e+00  7.35527665e-01  3.59834932e-01  9.61578019e-01
  1.60063129e+00  2.28234373e+00  6.45003204e-01  1.45550177e+00
 -5.48559152e-01  1.65363851e-01  5.91634193e-01 -3.17713644e-01
 -4.08288490e-01 -2.30848758e+00  8.40758030e-01  1.14545951e+00
 -1.56040908e+00  1.41885077e+00 -3.99690149e-01  2.22042798e-01
 -2.07020759e-01 -1.26444983e-01  1.52560947e-01 -1.43125117e-01
  1.01689734e-01  2.01888972e-01  6.64967978e-02  7.40776064e-02
  4.06114996e-02  1.25894859e-01 -8.06643690e-02  1.13442194e-01
 -1.15933672e-01  4.23497179e-02 -1.20177571e-01 -1.52202211e-01
 -6.59299176e-02  1.12955650e-01  1.06794065e-01 -1.01404627e-01
 -7.18117982e-02 -7.35629692e-02 -6.53021540e-02  1.55966452e-01
 -9.77967582e-02  9.96460591e-02 -7.55457999e-02 -1.55196979e-01
  6.84950050e-02 -1.21523982e-01 -5.65225165e-02 -6.77135028e-02
  5.56304439e-02  1.10466049e-01 -1.16764233e-01  8.03382858e-02
  1.16720409e-01  1.01856054e-01 -8.13012337e-02 -7.28045020e-02
  7.25222108e-02  6.11367214e-02 -2.33446457e-02 -1.22224060e-01
  9.50848287e-02 -6.72892841e-02  1.74917714e-01 -1.31142410e-01
  8.69631604e-02 -4.23868092e-02 -4.82243093e-02  1.48397280e-01
  3.44374215e-02 -9.31444055e-02  7.49346343e-02 -1.89842559e-01
  2.65283393e-02  1.64840694e-01 -1.12520730e-01  5.17676576e-02
  1.17750797e-01 -1.37470145e-01  3.61310233e-02  2.14285172e-02
 -4.59434074e-02 -5.23708978e-02  7.93773547e-02 -5.13954084e-02
  4.29939350e-02 -6.33798741e-02  3.87176031e-02 -4.62604757e-02
 -3.95394512e-02 -9.24502020e-02 -4.35537433e-02 -8.41151025e-02
  1.05331100e-01 -2.20711979e-01 -2.11093160e-01 -2.04898000e-01
 -2.04791739e-01 -3.26909496e-01  3.99585974e-02 -1.96716592e-01
 -1.93507800e-01 -1.88271098e-01 -1.74119473e-01 -1.63846491e-01
 -1.62774912e-01 -2.30504987e-01 -2.29397185e-01 -2.16393034e-01
 -2.15810482e-01]
[[6.81313186e-001 2.64530872e-001 3.40239258e-001 ... 1.59180935e-043
  3.21060776e-065 2.10131523e-139]
 [6.81313186e-001 2.64530872e-001 3.40239258e-001 ... 1.59180935e-043
  3.21060776e-065 2.10131523e-139]
 [6.81313186e-001 2.64530872e-001 3.40239258e-001 ... 1.59180935e-043
  3.21060776e-065 2.10131523e-139]
 ...
 [2.11464231e-001 8.54076567e-001 4.43576363e-001 ... 0.00000000e+000
  0.00000000e+000 0.00000000e+000]
 [2.44971094e-001 8.38688024e-001 4.46272903e-001 ... 0.00000000e+000
  0.00000000e+000 0.00000000e+000]
 [2.80368051e-001 8.13654131e-001 4.43576363e-001 ... 0.00000000e+000
  0.00000000e+000 0.00000000e+000]]
[ 9.31896120e-01 -1.09603315e+01  2.04052675e+01 -3.07993219e+00
 -1.27866035e+01  1.21750790e+00 -3.43434329e+00  3.25512963e+00
 -3.04549305e+00 -1.57504788e-01  4.19901427e+00 -9.76794839e+00
 -5.83645554e+00 -4.35860128e+00  1.56823284e+01  4.08604131e+00
 -7.37274998e+00 -1.47865004e+01  2.52332744e+00 -4.99381617e+00
  2.98674537e+00  1.43626482e+01  5.02932530e+00  5.11146197e+00
  4.95091691e-01  2.14116771e+00  4.62859535e-01  1.16762233e-02
 -1.21670941e+00  3.47566205e-01  6.03553052e-01 -5.93702089e-01
 -2.90719142e-01  2.03061254e+00 -1.03006873e+00 -2.56290368e+00
 -7.93403752e-01 -1.99611506e+00 -8.35687319e-01  7.46129466e-01
 -1.04277567e-02  1.65842996e+00  7.90796804e-02  1.16121967e-01
 -9.69602798e-01 -1.15649137e+00 -4.80364181e-01  1.04737944e+00
 -8.49453221e-01  1.47269233e+00  9.73081743e-01  1.41970931e+00
 -5.46377380e-01 -3.40941618e-01  7.59505250e-01 -3.61216996e-02
 -3.01158889e-01  3.02552766e-01 -3.49200393e-01  2.41464737e-01
  7.68344280e-01 -2.49358469e+00 -1.24520312e+00  1.08331352e-01
 -8.01204184e-01 -1.53951733e-01  1.26464362e-01  2.43604913e-01
 -9.21423645e-02  4.21329425e-01  2.66997063e-01 -1.29149572e-01
 -2.56964909e-01  2.61934768e-01 -9.91856729e-01 -1.94394243e+00
  1.46618457e-02 -1.45197130e+00  9.82975872e-02 -2.14113333e-02
 -4.98228134e-01  5.09438141e-01  6.43573133e-01 -1.71783121e-01
  1.02703915e+00  7.35527665e-01  3.59834932e-01  9.61578019e-01
  1.60063129e+00  2.28234373e+00  6.45003204e-01  1.45550177e+00
 -5.48559152e-01  1.65363851e-01  5.91634193e-01 -3.17713644e-01
 -4.08288490e-01 -2.30848758e+00  8.40758030e-01  1.14545951e+00
 -1.56040908e+00  1.41885077e+00 -3.99690149e-01  2.22042798e-01
 -2.07020759e-01 -1.26444983e-01  1.52560947e-01 -1.43125117e-01
  1.01689734e-01  2.01888972e-01  6.64967978e-02  7.40776064e-02
  4.06114996e-02  1.25894859e-01 -8.06643690e-02  1.13442194e-01
 -1.15933672e-01  4.23497179e-02 -1.20177571e-01 -1.52202211e-01
 -6.59299176e-02  1.12955650e-01  1.06794065e-01 -1.01404627e-01
 -7.18117982e-02 -7.35629692e-02 -6.53021540e-02  1.55966452e-01
 -9.77967582e-02  9.96460591e-02 -7.55457999e-02 -1.55196979e-01
  6.84950050e-02 -1.21523982e-01 -5.65225165e-02 -6.77135028e-02
  5.56304439e-02  1.10466049e-01 -1.16764233e-01  8.03382858e-02
  1.16720409e-01  1.01856054e-01 -8.13012337e-02 -7.28045020e-02
  7.25222108e-02  6.11367214e-02 -2.33446457e-02 -1.22224060e-01
  9.50848287e-02 -6.72892841e-02  1.74917714e-01 -1.31142410e-01
  8.69631604e-02 -4.23868092e-02 -4.82243093e-02  1.48397280e-01
  3.44374215e-02 -9.31444055e-02  7.49346343e-02 -1.89842559e-01
  2.65283393e-02  1.64840694e-01 -1.12520730e-01  5.17676576e-02
  1.17750797e-01 -1.37470145e-01  3.61310233e-02  2.14285172e-02
 -4.59434074e-02 -5.23708978e-02  7.93773547e-02 -5.13954084e-02
  4.29939350e-02 -6.33798741e-02  3.87176031e-02 -4.62604757e-02
 -3.95394512e-02 -9.24502020e-02 -4.35537433e-02 -8.41151025e-02
  1.05331100e-01 -2.20711979e-01 -2.11093160e-01 -2.04898000e-01
 -2.04791739e-01 -3.26909496e-01  3.99585974e-02 -1.96716592e-01
 -1.93507800e-01 -1.88271098e-01 -1.74119473e-01 -1.63846491e-01
 -1.62774912e-01 -2.30504987e-01 -2.29397185e-01 -2.16393034e-01
 -2.15810482e-01 -2.29442002e-01 -2.28578498e-01 -2.25073113e-01
 -2.22175635e-01 -2.18340110e-01 -2.13628486e-01 -2.11476850e-01
 -2.08772207e-01 -2.06653068e-01 -1.97775691e-01 -1.95421233e-01]
[[6.81313186e-001 2.64530872e-001 3.40239258e-001 ... 4.50144360e-208
  4.58794396e-092 0.00000000e+000]
 [6.81313186e-001 2.64530872e-001 3.40239258e-001 ... 4.50144360e-208
  4.58794396e-092 0.00000000e+000]
 [6.81313186e-001 2.64530872e-001 3.40239258e-001 ... 4.50144360e-208
  4.58794396e-092 0.00000000e+000]
 ...
 [2.11464231e-001 8.54076567e-001 4.43576363e-001 ... 0.00000000e+000
  0.00000000e+000 0.00000000e+000]
 [2.44971094e-001 8.38688024e-001 4.46272903e-001 ... 0.00000000e+000
  0.00000000e+000 0.00000000e+000]
 [2.80368051e-001 8.13654131e-001 4.43576363e-001 ... 0.00000000e+000
  0.00000000e+000 0.00000000e+000]]
[ 9.31896120e-01 -1.09603315e+01  2.04052675e+01 -3.07993219e+00
 -1.27866035e+01  1.21750790e+00 -3.43434329e+00  3.25512963e+00
 -3.04549305e+00 -1.57504788e-01  4.19901427e+00 -9.76794839e+00
 -5.83645554e+00 -4.35860128e+00  1.56823284e+01  4.08604131e+00
 -7.37274998e+00 -1.47865004e+01  2.52332744e+00 -4.99381617e+00
  2.98674537e+00  1.43626482e+01  5.02932530e+00  5.11146197e+00
  4.95091691e-01  2.14116771e+00  4.62859535e-01  1.16762233e-02
 -1.21670941e+00  3.47566205e-01  6.03553052e-01 -5.93702089e-01
 -2.90719142e-01  2.03061254e+00 -1.03006873e+00 -2.56290368e+00
 -7.93403752e-01 -1.99611506e+00 -8.35687319e-01  7.46129466e-01
 -1.04277567e-02  1.65842996e+00  7.90796804e-02  1.16121967e-01
 -9.69602798e-01 -1.15649137e+00 -4.80364181e-01  1.04737944e+00
 -8.49453221e-01  1.47269233e+00  9.73081743e-01  1.41970931e+00
 -5.46377380e-01 -3.40941618e-01  7.59505250e-01 -3.61216996e-02
 -3.01158889e-01  3.02552766e-01 -3.49200393e-01  2.41464737e-01
  7.68344280e-01 -2.49358469e+00 -1.24520312e+00  1.08331352e-01
 -8.01204184e-01 -1.53951733e-01  1.26464362e-01  2.43604913e-01
 -9.21423645e-02  4.21329425e-01  2.66997063e-01 -1.29149572e-01
 -2.56964909e-01  2.61934768e-01 -9.91856729e-01 -1.94394243e+00
  1.46618457e-02 -1.45197130e+00  9.82975872e-02 -2.14113333e-02
 -4.98228134e-01  5.09438141e-01  6.43573133e-01 -1.71783121e-01
  1.02703915e+00  7.35527665e-01  3.59834932e-01  9.61578019e-01
  1.60063129e+00  2.28234373e+00  6.45003204e-01  1.45550177e+00
 -5.48559152e-01  1.65363851e-01  5.91634193e-01 -3.17713644e-01
 -4.08288490e-01 -2.30848758e+00  8.40758030e-01  1.14545951e+00
 -1.56040908e+00  1.41885077e+00 -3.99690149e-01  2.22042798e-01
 -2.07020759e-01 -1.26444983e-01  1.52560947e-01 -1.43125117e-01
  1.01689734e-01  2.01888972e-01  6.64967978e-02  7.40776064e-02
  4.06114996e-02  1.25894859e-01 -8.06643690e-02  1.13442194e-01
 -1.15933672e-01  4.23497179e-02 -1.20177571e-01 -1.52202211e-01
 -6.59299176e-02  1.12955650e-01  1.06794065e-01 -1.01404627e-01
 -7.18117982e-02 -7.35629692e-02 -6.53021540e-02  1.55966452e-01
 -9.77967582e-02  9.96460591e-02 -7.55457999e-02 -1.55196979e-01
  6.84950050e-02 -1.21523982e-01 -5.65225165e-02 -6.77135028e-02
  5.56304439e-02  1.10466049e-01 -1.16764233e-01  8.03382858e-02
  1.16720409e-01  1.01856054e-01 -8.13012337e-02 -7.28045020e-02
  7.25222108e-02  6.11367214e-02 -2.33446457e-02 -1.22224060e-01
  9.50848287e-02 -6.72892841e-02  1.74917714e-01 -1.31142410e-01
  8.69631604e-02 -4.23868092e-02 -4.82243093e-02  1.48397280e-01
  3.44374215e-02 -9.31444055e-02  7.49346343e-02 -1.89842559e-01
  2.65283393e-02  1.64840694e-01 -1.12520730e-01  5.17676576e-02
  1.17750797e-01 -1.37470145e-01  3.61310233e-02  2.14285172e-02
 -4.59434074e-02 -5.23708978e-02  7.93773547e-02 -5.13954084e-02
  4.29939350e-02 -6.33798741e-02  3.87176031e-02 -4.62604757e-02
 -3.95394512e-02 -9.24502020e-02 -4.35537433e-02 -8.41151025e-02
  1.05331100e-01 -2.20711979e-01 -2.11093160e-01 -2.04898000e-01
 -2.04791739e-01 -3.26909496e-01  3.99585974e-02 -1.96716592e-01
 -1.93507800e-01 -1.88271098e-01 -1.74119473e-01 -1.63846491e-01
 -1.62774912e-01 -2.30504987e-01 -2.29397185e-01 -2.16393034e-01
 -2.15810482e-01 -2.29442002e-01 -2.28578498e-01 -2.25073113e-01
 -2.22175635e-01 -2.18340110e-01 -2.13628486e-01 -2.11476850e-01
 -2.08772207e-01 -2.06653068e-01 -1.97775691e-01 -1.95421233e-01
 -4.26530579e-01 -4.02017418e-01 -3.90439275e-01 -3.78840416e-01
 -3.77202803e-01 -3.74330414e-01 -3.67882537e-01 -3.67170838e-01
 -3.66826929e-01 -3.81429755e-01 -3.59041529e-01 -3.58198133e-01
 -3.45475891e-01 -3.42535993e-01 -3.32938873e-01 -3.29289794e-01
 -3.25801019e-01 -3.21222957e-01 -3.10497867e-01 -3.09529543e-01
 -3.09401373e-01 -3.07771905e-01 -3.05173892e-01 -3.03867997e-01
 -3.02852471e-01 -2.97617250e-01 -2.95349614e-01 -2.92023898e-01
 -2.91516651e-01 -2.89536111e-01 -2.88671554e-01 -2.86263968e-01
 -2.82537311e-01 -2.80534380e-01 -2.79955237e-01 -2.79718160e-01
 -2.72846016e-01  3.34055121e-02 -2.65634184e-01 -2.63492305e-01
 -2.57038006e-01 -2.53784234e-01  3.06933571e-02]
[[0.00117187 0.06110448]
 [0.00258789 0.06070003]
 [0.00498047 0.05952126]
 [0.00498047 0.05952126]
 [0.00698242 0.0589034 ]
 [0.00849609 0.05856099]
 [0.00883789 0.05851539]
 [0.00883789 0.05851539]
 [0.00942383 0.05838018]
 [0.00961914 0.05834063]
 [0.00961914 0.05834063]
 [0.01015625 0.05818249]
 [0.01225586 0.057313  ]]
