12
0.0007
rdot
MMA
sample
[[ 1.          0.97873908  0.76356524 ...  0.9782      0.59105727
   0.27531309]
 [ 1.          0.97873908  0.76356524 ...  0.9782      0.59105727
   0.37814505]
 [ 1.          0.97873908  0.76356524 ...  0.9782      0.59105727
   0.39295525]
 ...
 [ 0.10612479  0.9834187   0.93762584 ...  0.66369007  0.95890836
  -0.11330898]
 [ 0.17687465  0.9834187   0.93762584 ...  0.66369007  0.95890836
  -0.11745745]
 [ 0.24762451  0.9834187   0.93762584 ...  0.66369007  0.95890836
  -0.12113016]]
20480
3.0255328962567325e-05
[[0.68131319 0.26453087 0.34023926 ... 0.25521969 0.72670744 0.90059976]
 [0.68131319 0.26453087 0.34023926 ... 0.25521969 0.72670744 0.90059976]
 [0.68131319 0.26453087 0.34023926 ... 0.25521969 0.72670744 0.90059976]
 ...
 [0.21146423 0.85407657 0.44357636 ... 0.83599305 0.33881442 0.33901304]
 [0.24497109 0.83868802 0.4462729  ... 0.83094168 0.37369468 0.38652119]
 [0.28036805 0.81365413 0.44357636 ... 0.81596998 0.40719992 0.43537749]]
[  1.95919582  -8.95095466  15.57402275  -2.45079741  -9.25219272
   1.16803261  -1.69428974   2.4389358   -6.24278346  -0.83163067
   4.42475075  -4.67851421  -4.68642301  -5.52500959  13.30724097
   1.90806127  -7.95300919 -10.95411191   1.91270634  -7.05633766
   6.11383207  10.33481169   3.47813966  11.46330475   1.38077782
   2.21531105   2.75709155  -7.92340261  -2.44857597]
[[0.68131319 0.26453087 0.34023926 ... 0.54458809 0.06666082 0.15501029]
 [0.68131319 0.26453087 0.34023926 ... 0.54458809 0.06666082 0.15501029]
 [0.68131319 0.26453087 0.34023926 ... 0.54458809 0.06666082 0.15501029]
 ...
 [0.21146423 0.85407657 0.44357636 ... 0.35085478 0.65564786 0.73358883]
 [0.24497109 0.83868802 0.4462729  ... 0.39879655 0.6322341  0.74253504]
 [0.28036805 0.81365413 0.44357636 ... 0.44243239 0.59505444 0.73358883]]
[  1.95919582  -8.95095466  15.57402275  -2.45079741  -9.25219272
   1.16803261  -1.69428974   2.4389358   -6.24278346  -0.83163067
   4.42475075  -4.67851421  -4.68642301  -5.52500959  13.30724097
   1.90806127  -7.95300919 -10.95411191   1.91270634  -7.05633766
   6.11383207  10.33481169   3.47813966  11.46330475   1.38077782
   2.21531105   2.75709155  -7.92340261  -2.44857597  -0.25326338
   3.61839607  -1.50325519  -0.2908129    1.69651644   0.70842626
   1.49153968   2.98173357  -1.72252232   3.30253863   2.0481533
  -3.75045534  -0.26640152   2.11933509  -3.75567783   0.78023171
   1.76334207   0.42736957   3.94824233  -2.91640779  -0.28974488
  -5.28078173   1.59975538  -0.18026454  -2.20323205  -6.28542379
   5.67455452  -3.31335115   2.66153976  -1.10294673   2.84322972
  -3.59738256  -3.1240646    1.60741368  -3.26177079  -2.50961092
   6.26142428  -2.19752078   0.99739144   1.27897078   0.42708704
   2.47811924   2.50383707  -3.99074901]
[[0.68131319 0.26453087 0.34023926 ... 0.00444366 0.06007459 0.26559181]
 [0.68131319 0.26453087 0.34023926 ... 0.00444366 0.06007459 0.26559181]
 [0.68131319 0.26453087 0.34023926 ... 0.00444366 0.06007459 0.26559181]
 ...
 [0.21146423 0.85407657 0.44357636 ... 0.42987411 0.02320919 0.06791365]
 [0.24497109 0.83868802 0.4462729  ... 0.39971996 0.02737807 0.08774151]
 [0.28036805 0.81365413 0.44357636 ... 0.35408979 0.03076725 0.10799313]]
[  1.95919582  -8.95095466  15.57402275  -2.45079741  -9.25219272
   1.16803261  -1.69428974   2.4389358   -6.24278346  -0.83163067
   4.42475075  -4.67851421  -4.68642301  -5.52500959  13.30724097
   1.90806127  -7.95300919 -10.95411191   1.91270634  -7.05633766
   6.11383207  10.33481169   3.47813966  11.46330475   1.38077782
   2.21531105   2.75709155  -7.92340261  -2.44857597  -0.25326338
   3.61839607  -1.50325519  -0.2908129    1.69651644   0.70842626
   1.49153968   2.98173357  -1.72252232   3.30253863   2.0481533
  -3.75045534  -0.26640152   2.11933509  -3.75567783   0.78023171
   1.76334207   0.42736957   3.94824233  -2.91640779  -0.28974488
  -5.28078173   1.59975538  -0.18026454  -2.20323205  -6.28542379
   5.67455452  -3.31335115   2.66153976  -1.10294673   2.84322972
  -3.59738256  -3.1240646    1.60741368  -3.26177079  -2.50961092
   6.26142428  -2.19752078   0.99739144   1.27897078   0.42708704
   2.47811924   2.50383707  -3.99074901   0.71376111  -0.15446481
  -0.96698148  -0.41358441   1.50323447   0.16367979   0.21807142
  -1.17357475  -0.42046202   1.05052379  -0.05111317  -0.10986219
   0.15036247   0.30655897  -0.16451226  -1.00843059   0.36504513
  -0.66161324   1.29309206  -0.36331719   0.58702204  -0.97090566
   1.09587188  -0.4061736   -0.18330455  -0.64137373  -0.84733006
   0.43396637   0.24938623   0.19621728  -0.12631836  -0.37375104
  -0.05276693   0.20377005  -0.92026024  -0.17486729   1.35306492
  -0.02047071  -0.98254489   0.1381756   -1.04049789   1.04382133
   0.99906436   0.69194803   0.5548785    0.06068582  -0.37061743
   0.38694053  -0.31705308   1.08072617  -1.02538972   0.18585463
  -0.35855232  -0.45224996   0.36046312]
[[6.81313186e-01 2.64530872e-01 3.40239258e-01 ... 7.53000515e-06
  2.07001118e-04 6.61124857e-02]
 [6.81313186e-01 2.64530872e-01 3.40239258e-01 ... 7.53000515e-06
  2.07001118e-04 6.61124857e-02]
 [6.81313186e-01 2.64530872e-01 3.40239258e-01 ... 7.53000515e-06
  2.07001118e-04 6.61124857e-02]
 ...
 [2.11464231e-01 8.54076567e-01 4.43576363e-01 ... 3.83352183e-01
  2.26867488e-02 8.78167528e-04]
 [2.44971094e-01 8.38688024e-01 4.46272903e-01 ... 3.31456869e-01
  2.38138293e-02 1.60496027e-03]
 [2.80368051e-01 8.13654131e-01 4.43576363e-01 ... 2.60101083e-01
  2.26867488e-02 2.66217901e-03]]
[ 1.95919582e+00 -8.95095466e+00  1.55740227e+01 -2.45079741e+00
 -9.25219272e+00  1.16803261e+00 -1.69428974e+00  2.43893580e+00
 -6.24278346e+00 -8.31630666e-01  4.42475075e+00 -4.67851421e+00
 -4.68642301e+00 -5.52500959e+00  1.33072410e+01  1.90806127e+00
 -7.95300919e+00 -1.09541119e+01  1.91270634e+00 -7.05633766e+00
  6.11383207e+00  1.03348117e+01  3.47813966e+00  1.14633047e+01
  1.38077782e+00  2.21531105e+00  2.75709155e+00 -7.92340261e+00
 -2.44857597e+00 -2.53263380e-01  3.61839607e+00 -1.50325519e+00
 -2.90812901e-01  1.69651644e+00  7.08426258e-01  1.49153968e+00
  2.98173357e+00 -1.72252232e+00  3.30253863e+00  2.04815330e+00
 -3.75045534e+00 -2.66401518e-01  2.11933509e+00 -3.75567783e+00
  7.80231714e-01  1.76334207e+00  4.27369575e-01  3.94824233e+00
 -2.91640779e+00 -2.89744877e-01 -5.28078173e+00  1.59975538e+00
 -1.80264540e-01 -2.20323205e+00 -6.28542379e+00  5.67455452e+00
 -3.31335115e+00  2.66153976e+00 -1.10294673e+00  2.84322972e+00
 -3.59738256e+00 -3.12406460e+00  1.60741368e+00 -3.26177079e+00
 -2.50961092e+00  6.26142428e+00 -2.19752078e+00  9.97391444e-01
  1.27897078e+00  4.27087039e-01  2.47811924e+00  2.50383707e+00
 -3.99074901e+00  7.13761111e-01 -1.54464810e-01 -9.66981482e-01
 -4.13584414e-01  1.50323447e+00  1.63679791e-01  2.18071422e-01
 -1.17357475e+00 -4.20462016e-01  1.05052379e+00 -5.11131736e-02
 -1.09862194e-01  1.50362472e-01  3.06558970e-01 -1.64512256e-01
 -1.00843059e+00  3.65045126e-01 -6.61613239e-01  1.29309206e+00
 -3.63317190e-01  5.87022038e-01 -9.70905658e-01  1.09587188e+00
 -4.06173599e-01 -1.83304550e-01 -6.41373726e-01 -8.47330063e-01
  4.33966370e-01  2.49386233e-01  1.96217275e-01 -1.26318362e-01
 -3.73751036e-01 -5.27669270e-02  2.03770046e-01 -9.20260241e-01
 -1.74867293e-01  1.35306492e+00 -2.04707148e-02 -9.82544892e-01
  1.38175603e-01 -1.04049789e+00  1.04382133e+00  9.99064359e-01
  6.91948029e-01  5.54878495e-01  6.06858205e-02 -3.70617434e-01
  3.86940527e-01 -3.17053082e-01  1.08072617e+00 -1.02538972e+00
  1.85854632e-01 -3.58552316e-01 -4.52249957e-01  3.60463122e-01
  5.96674391e-01 -6.57895554e-01 -3.60597055e-01 -2.60947478e-01
 -6.20107927e-02  4.28498776e-03  3.37567869e-01  1.51831794e-01
 -1.56897168e-01  3.68888576e-01 -1.32887417e-01 -1.67686998e-01
  2.87160628e-02  4.40086504e-01 -5.33062161e-01  7.99467918e-02
 -3.42957649e-01 -6.29384905e-02 -3.20693017e-02  1.88911802e-01
 -1.31595008e-01 -8.83217810e-02 -3.14574841e-02 -1.60481382e-01
  5.10875765e-02  1.54221601e-01 -2.90198046e-01  1.20930298e-01
 -1.76271753e-01 -3.58929792e-01 -4.49947058e-03 -1.95549884e-01
  2.43847036e-02  4.42853966e-02 -9.62113517e-02  2.77728941e-01
  3.19356104e-01 -2.65489511e-01  2.83533701e-01  1.00035108e-01
  2.90123693e-02  3.23537895e-03 -2.02645376e-01 -2.24246731e-02
  5.76330568e-02 -1.82184397e-01 -6.51055470e-01 -2.02409318e-01
 -3.02048290e-01  4.39339061e-02  1.76269292e-01  7.08572373e-01
 -2.00079557e-01  3.62717592e-02  5.17706499e-01  1.92247109e-01
  1.82412392e-01 -3.24778857e-01  2.45565589e-01  5.15856732e-02
  3.07372112e-01 -1.41316891e-01  3.23633164e-01 -6.57877379e-01
  3.38867839e-01  1.10055990e+00 -8.44653034e-01 -9.54893352e-02
  3.63512244e-01 -2.83247250e-01 -4.90948136e-01  6.21594061e-01
  2.45722358e-01]
[[6.81313186e-01 2.64530872e-01 3.40239258e-01 ... 7.33445075e-04
  3.28521205e-09 2.47697660e-05]
 [6.81313186e-01 2.64530872e-01 3.40239258e-01 ... 7.33445075e-04
  3.28521205e-09 2.47697660e-05]
 [6.81313186e-01 2.64530872e-01 3.40239258e-01 ... 7.33445075e-04
  3.28521205e-09 2.47697660e-05]
 ...
 [2.11464231e-01 8.54076567e-01 4.43576363e-01 ... 3.45307540e-05
  6.87909157e-03 5.24149642e-02]
 [2.44971094e-01 8.38688024e-01 4.46272903e-01 ... 9.62050966e-05
  5.14267708e-03 1.01490783e-01]
 [2.80368051e-01 8.13654131e-01 4.43576363e-01 ... 2.20781261e-04
  3.16679193e-03 1.61871364e-01]]
[ 1.95919582e+00 -8.95095466e+00  1.55740227e+01 -2.45079741e+00
 -9.25219272e+00  1.16803261e+00 -1.69428974e+00  2.43893580e+00
 -6.24278346e+00 -8.31630666e-01  4.42475075e+00 -4.67851421e+00
 -4.68642301e+00 -5.52500959e+00  1.33072410e+01  1.90806127e+00
 -7.95300919e+00 -1.09541119e+01  1.91270634e+00 -7.05633766e+00
  6.11383207e+00  1.03348117e+01  3.47813966e+00  1.14633047e+01
  1.38077782e+00  2.21531105e+00  2.75709155e+00 -7.92340261e+00
 -2.44857597e+00 -2.53263380e-01  3.61839607e+00 -1.50325519e+00
 -2.90812901e-01  1.69651644e+00  7.08426258e-01  1.49153968e+00
  2.98173357e+00 -1.72252232e+00  3.30253863e+00  2.04815330e+00
 -3.75045534e+00 -2.66401518e-01  2.11933509e+00 -3.75567783e+00
  7.80231714e-01  1.76334207e+00  4.27369575e-01  3.94824233e+00
 -2.91640779e+00 -2.89744877e-01 -5.28078173e+00  1.59975538e+00
 -1.80264540e-01 -2.20323205e+00 -6.28542379e+00  5.67455452e+00
 -3.31335115e+00  2.66153976e+00 -1.10294673e+00  2.84322972e+00
 -3.59738256e+00 -3.12406460e+00  1.60741368e+00 -3.26177079e+00
 -2.50961092e+00  6.26142428e+00 -2.19752078e+00  9.97391444e-01
  1.27897078e+00  4.27087039e-01  2.47811924e+00  2.50383707e+00
 -3.99074901e+00  7.13761111e-01 -1.54464810e-01 -9.66981482e-01
 -4.13584414e-01  1.50323447e+00  1.63679791e-01  2.18071422e-01
 -1.17357475e+00 -4.20462016e-01  1.05052379e+00 -5.11131736e-02
 -1.09862194e-01  1.50362472e-01  3.06558970e-01 -1.64512256e-01
 -1.00843059e+00  3.65045126e-01 -6.61613239e-01  1.29309206e+00
 -3.63317190e-01  5.87022038e-01 -9.70905658e-01  1.09587188e+00
 -4.06173599e-01 -1.83304550e-01 -6.41373726e-01 -8.47330063e-01
  4.33966370e-01  2.49386233e-01  1.96217275e-01 -1.26318362e-01
 -3.73751036e-01 -5.27669270e-02  2.03770046e-01 -9.20260241e-01
 -1.74867293e-01  1.35306492e+00 -2.04707148e-02 -9.82544892e-01
  1.38175603e-01 -1.04049789e+00  1.04382133e+00  9.99064359e-01
  6.91948029e-01  5.54878495e-01  6.06858205e-02 -3.70617434e-01
  3.86940527e-01 -3.17053082e-01  1.08072617e+00 -1.02538972e+00
  1.85854632e-01 -3.58552316e-01 -4.52249957e-01  3.60463122e-01
  5.96674391e-01 -6.57895554e-01 -3.60597055e-01 -2.60947478e-01
 -6.20107927e-02  4.28498776e-03  3.37567869e-01  1.51831794e-01
 -1.56897168e-01  3.68888576e-01 -1.32887417e-01 -1.67686998e-01
  2.87160628e-02  4.40086504e-01 -5.33062161e-01  7.99467918e-02
 -3.42957649e-01 -6.29384905e-02 -3.20693017e-02  1.88911802e-01
 -1.31595008e-01 -8.83217810e-02 -3.14574841e-02 -1.60481382e-01
  5.10875765e-02  1.54221601e-01 -2.90198046e-01  1.20930298e-01
 -1.76271753e-01 -3.58929792e-01 -4.49947058e-03 -1.95549884e-01
  2.43847036e-02  4.42853966e-02 -9.62113517e-02  2.77728941e-01
  3.19356104e-01 -2.65489511e-01  2.83533701e-01  1.00035108e-01
  2.90123693e-02  3.23537895e-03 -2.02645376e-01 -2.24246731e-02
  5.76330568e-02 -1.82184397e-01 -6.51055470e-01 -2.02409318e-01
 -3.02048290e-01  4.39339061e-02  1.76269292e-01  7.08572373e-01
 -2.00079557e-01  3.62717592e-02  5.17706499e-01  1.92247109e-01
  1.82412392e-01 -3.24778857e-01  2.45565589e-01  5.15856732e-02
  3.07372112e-01 -1.41316891e-01  3.23633164e-01 -6.57877379e-01
  3.38867839e-01  1.10055990e+00 -8.44653034e-01 -9.54893352e-02
  3.63512244e-01 -2.83247250e-01 -4.90948136e-01  6.21594061e-01
  2.45722358e-01 -4.11970390e-01  2.79301633e-01  3.99005915e-02
 -7.89561466e-02  1.38303483e-01 -1.12746072e-01  1.55643998e-01
  1.86401138e-01  3.98229137e-01 -4.20758520e-01 -5.13307443e-01
 -1.07267412e-01  7.99865713e-02 -6.04092520e-02 -1.34407277e-01
  4.75805605e-02  2.21013808e-01  2.00510650e-02 -8.89882706e-02
  3.13430633e-01 -1.30828491e-01 -1.29286271e-01 -1.61399296e-01
 -1.42426576e-01  4.63167703e-02  9.21750111e-02 -2.21352553e-02
 -1.74407129e-01  2.77439784e-02  3.20153119e-02 -2.38689857e-02
 -8.47870603e-02  8.21723069e-02 -5.48985895e-02  5.10311010e-02
  8.34076867e-02 -1.06537238e-01  5.39653829e-02  1.01003517e-01
 -5.20884038e-02  2.06209539e-01  8.85623389e-02 -1.18087262e-01
  1.46595408e-01  9.00202756e-02  1.91842969e-01  2.20831306e-01
  1.24588159e-01 -1.02715416e-01 -1.15344987e-01  2.63290637e-02
 -5.90756715e-02 -5.20386385e-02 -5.36138446e-02 -4.71662088e-02
  1.78060855e-01 -2.99785897e-01  4.63264896e-01 -4.15011177e-02
 -9.97752819e-02 -6.53237864e-02  5.90260539e-02 -6.13970009e-02
 -2.20107203e-01 -8.24197567e-03 -1.46815316e-01  2.50880338e-02
  7.50963414e-02  2.78222211e-02 -2.11946433e-01  1.80652196e-01
 -1.94505704e-01 -9.75215531e-02  7.30936180e-02 -4.01060838e-02
  1.11657574e-01  2.14945358e-01 -1.85450148e-01  1.18083576e-01
  1.06413296e-01  7.13681182e-02  9.37993839e-02 -9.00160057e-02
 -9.21760307e-02  6.43001147e-02 -5.66172108e-02 -5.20900488e-02
  8.92773298e-02  6.78276912e-02]
[[6.81313186e-01 2.64530872e-01 3.40239258e-01 ... 3.01175908e-09
  1.41625851e-16 1.93867214e-20]
 [6.81313186e-01 2.64530872e-01 3.40239258e-01 ... 3.01175908e-09
  1.41625851e-16 1.93867214e-20]
 [6.81313186e-01 2.64530872e-01 3.40239258e-01 ... 3.01175908e-09
  1.41625851e-16 1.93867214e-20]
 ...
 [2.11464231e-01 8.54076567e-01 4.43576363e-01 ... 5.37284534e-08
  4.71738607e-10 2.29251972e-07]
 [2.44971094e-01 8.38688024e-01 4.46272903e-01 ... 1.39999426e-07
  3.88573814e-10 1.28123682e-07]
 [2.80368051e-01 8.13654131e-01 4.43576363e-01 ... 2.47509793e-07
  2.17165014e-10 4.85836298e-08]]
[ 1.95919582e+00 -8.95095466e+00  1.55740227e+01 -2.45079741e+00
 -9.25219272e+00  1.16803261e+00 -1.69428974e+00  2.43893580e+00
 -6.24278346e+00 -8.31630666e-01  4.42475075e+00 -4.67851421e+00
 -4.68642301e+00 -5.52500959e+00  1.33072410e+01  1.90806127e+00
 -7.95300919e+00 -1.09541119e+01  1.91270634e+00 -7.05633766e+00
  6.11383207e+00  1.03348117e+01  3.47813966e+00  1.14633047e+01
  1.38077782e+00  2.21531105e+00  2.75709155e+00 -7.92340261e+00
 -2.44857597e+00 -2.53263380e-01  3.61839607e+00 -1.50325519e+00
 -2.90812901e-01  1.69651644e+00  7.08426258e-01  1.49153968e+00
  2.98173357e+00 -1.72252232e+00  3.30253863e+00  2.04815330e+00
 -3.75045534e+00 -2.66401518e-01  2.11933509e+00 -3.75567783e+00
  7.80231714e-01  1.76334207e+00  4.27369575e-01  3.94824233e+00
 -2.91640779e+00 -2.89744877e-01 -5.28078173e+00  1.59975538e+00
 -1.80264540e-01 -2.20323205e+00 -6.28542379e+00  5.67455452e+00
 -3.31335115e+00  2.66153976e+00 -1.10294673e+00  2.84322972e+00
 -3.59738256e+00 -3.12406460e+00  1.60741368e+00 -3.26177079e+00
 -2.50961092e+00  6.26142428e+00 -2.19752078e+00  9.97391444e-01
  1.27897078e+00  4.27087039e-01  2.47811924e+00  2.50383707e+00
 -3.99074901e+00  7.13761111e-01 -1.54464810e-01 -9.66981482e-01
 -4.13584414e-01  1.50323447e+00  1.63679791e-01  2.18071422e-01
 -1.17357475e+00 -4.20462016e-01  1.05052379e+00 -5.11131736e-02
 -1.09862194e-01  1.50362472e-01  3.06558970e-01 -1.64512256e-01
 -1.00843059e+00  3.65045126e-01 -6.61613239e-01  1.29309206e+00
 -3.63317190e-01  5.87022038e-01 -9.70905658e-01  1.09587188e+00
 -4.06173599e-01 -1.83304550e-01 -6.41373726e-01 -8.47330063e-01
  4.33966370e-01  2.49386233e-01  1.96217275e-01 -1.26318362e-01
 -3.73751036e-01 -5.27669270e-02  2.03770046e-01 -9.20260241e-01
 -1.74867293e-01  1.35306492e+00 -2.04707148e-02 -9.82544892e-01
  1.38175603e-01 -1.04049789e+00  1.04382133e+00  9.99064359e-01
  6.91948029e-01  5.54878495e-01  6.06858205e-02 -3.70617434e-01
  3.86940527e-01 -3.17053082e-01  1.08072617e+00 -1.02538972e+00
  1.85854632e-01 -3.58552316e-01 -4.52249957e-01  3.60463122e-01
  5.96674391e-01 -6.57895554e-01 -3.60597055e-01 -2.60947478e-01
 -6.20107927e-02  4.28498776e-03  3.37567869e-01  1.51831794e-01
 -1.56897168e-01  3.68888576e-01 -1.32887417e-01 -1.67686998e-01
  2.87160628e-02  4.40086504e-01 -5.33062161e-01  7.99467918e-02
 -3.42957649e-01 -6.29384905e-02 -3.20693017e-02  1.88911802e-01
 -1.31595008e-01 -8.83217810e-02 -3.14574841e-02 -1.60481382e-01
  5.10875765e-02  1.54221601e-01 -2.90198046e-01  1.20930298e-01
 -1.76271753e-01 -3.58929792e-01 -4.49947058e-03 -1.95549884e-01
  2.43847036e-02  4.42853966e-02 -9.62113517e-02  2.77728941e-01
  3.19356104e-01 -2.65489511e-01  2.83533701e-01  1.00035108e-01
  2.90123693e-02  3.23537895e-03 -2.02645376e-01 -2.24246731e-02
  5.76330568e-02 -1.82184397e-01 -6.51055470e-01 -2.02409318e-01
 -3.02048290e-01  4.39339061e-02  1.76269292e-01  7.08572373e-01
 -2.00079557e-01  3.62717592e-02  5.17706499e-01  1.92247109e-01
  1.82412392e-01 -3.24778857e-01  2.45565589e-01  5.15856732e-02
  3.07372112e-01 -1.41316891e-01  3.23633164e-01 -6.57877379e-01
  3.38867839e-01  1.10055990e+00 -8.44653034e-01 -9.54893352e-02
  3.63512244e-01 -2.83247250e-01 -4.90948136e-01  6.21594061e-01
  2.45722358e-01 -4.11970390e-01  2.79301633e-01  3.99005915e-02
 -7.89561466e-02  1.38303483e-01 -1.12746072e-01  1.55643998e-01
  1.86401138e-01  3.98229137e-01 -4.20758520e-01 -5.13307443e-01
 -1.07267412e-01  7.99865713e-02 -6.04092520e-02 -1.34407277e-01
  4.75805605e-02  2.21013808e-01  2.00510650e-02 -8.89882706e-02
  3.13430633e-01 -1.30828491e-01 -1.29286271e-01 -1.61399296e-01
 -1.42426576e-01  4.63167703e-02  9.21750111e-02 -2.21352553e-02
 -1.74407129e-01  2.77439784e-02  3.20153119e-02 -2.38689857e-02
 -8.47870603e-02  8.21723069e-02 -5.48985895e-02  5.10311010e-02
  8.34076867e-02 -1.06537238e-01  5.39653829e-02  1.01003517e-01
 -5.20884038e-02  2.06209539e-01  8.85623389e-02 -1.18087262e-01
  1.46595408e-01  9.00202756e-02  1.91842969e-01  2.20831306e-01
  1.24588159e-01 -1.02715416e-01 -1.15344987e-01  2.63290637e-02
 -5.90756715e-02 -5.20386385e-02 -5.36138446e-02 -4.71662088e-02
  1.78060855e-01 -2.99785897e-01  4.63264896e-01 -4.15011177e-02
 -9.97752819e-02 -6.53237864e-02  5.90260539e-02 -6.13970009e-02
 -2.20107203e-01 -8.24197567e-03 -1.46815316e-01  2.50880338e-02
  7.50963414e-02  2.78222211e-02 -2.11946433e-01  1.80652196e-01
 -1.94505704e-01 -9.75215531e-02  7.30936180e-02 -4.01060838e-02
  1.11657574e-01  2.14945358e-01 -1.85450148e-01  1.18083576e-01
  1.06413296e-01  7.13681182e-02  9.37993839e-02 -9.00160057e-02
 -9.21760307e-02  6.43001147e-02 -5.66172108e-02 -5.20900488e-02
  8.92773298e-02  6.78276912e-02 -3.79626005e-02  3.23674237e-02
 -5.86646983e-02  2.62480301e-02  5.84855624e-02 -8.29776346e-02
 -3.13905959e-02  3.27248719e-01 -1.56720192e-01  1.49311359e-01
 -1.45614245e-01  2.93542836e-02  1.14475895e-01 -2.64778524e-02
  6.15205874e-02  1.30040617e-01 -5.21047356e-01 -5.44754012e-02
  4.25344786e-02 -4.98876743e-02  9.18815160e-02 -1.12415115e-01
  1.86714319e-02 -6.51855679e-02 -7.36602900e-02 -2.44567140e-02
  3.35856398e-02  6.74920154e-02  3.04701823e-02  4.66410770e-02
  2.51367133e-02 -3.67122061e-02 -2.39020387e-02  1.17581421e-02
  4.48699189e-02 -4.69088361e-02  6.97954918e-02 -5.22428471e-02
 -3.97054819e-02  2.20289278e-02 -4.90725918e-02  3.76643220e-02
  7.85563781e-02 -8.16136383e-02 -8.92412833e-02  6.15889669e-02
 -1.31651527e-02  4.41782977e-02 -4.12890827e-02 -8.90224416e-02
 -1.84020981e-01  7.39225858e-02  1.09268716e-02  1.80368304e-02
 -4.11280769e-02  5.23443167e-02  1.88521499e-01  5.91363499e-01
 -4.44616931e-01  2.35434256e-01 -9.01808448e-02  4.17541751e-02
 -5.75966779e-02  6.51746819e-02  1.76309725e-02 -2.69187093e-02
 -2.60802331e-02  4.76298614e-02 -4.01657672e-02 -3.55891779e-02
  5.58425176e-02]
[[6.81313186e-01 2.64530872e-01 3.40239258e-01 ... 3.97001471e-09
  1.14718542e-21 2.13800635e-04]
 [6.81313186e-01 2.64530872e-01 3.40239258e-01 ... 3.97001471e-09
  1.14718542e-21 2.13800635e-04]
 [6.81313186e-01 2.64530872e-01 3.40239258e-01 ... 3.97001471e-09
  1.14718542e-21 2.13800635e-04]
 ...
 [2.11464231e-01 8.54076567e-01 4.43576363e-01 ... 2.01535680e-35
  2.07757119e-16 6.50365822e-24]
 [2.44971094e-01 8.38688024e-01 4.46272903e-01 ... 8.90417862e-32
  2.92039205e-15 7.09401589e-21]
 [2.80368051e-01 8.13654131e-01 4.43576363e-01 ... 1.81102406e-28
  1.88979564e-14 3.56217329e-18]]
[ 1.95919582e+00 -8.95095466e+00  1.55740227e+01 -2.45079741e+00
 -9.25219272e+00  1.16803261e+00 -1.69428974e+00  2.43893580e+00
 -6.24278346e+00 -8.31630666e-01  4.42475075e+00 -4.67851421e+00
 -4.68642301e+00 -5.52500959e+00  1.33072410e+01  1.90806127e+00
 -7.95300919e+00 -1.09541119e+01  1.91270634e+00 -7.05633766e+00
  6.11383207e+00  1.03348117e+01  3.47813966e+00  1.14633047e+01
  1.38077782e+00  2.21531105e+00  2.75709155e+00 -7.92340261e+00
 -2.44857597e+00 -2.53263380e-01  3.61839607e+00 -1.50325519e+00
 -2.90812901e-01  1.69651644e+00  7.08426258e-01  1.49153968e+00
  2.98173357e+00 -1.72252232e+00  3.30253863e+00  2.04815330e+00
 -3.75045534e+00 -2.66401518e-01  2.11933509e+00 -3.75567783e+00
  7.80231714e-01  1.76334207e+00  4.27369575e-01  3.94824233e+00
 -2.91640779e+00 -2.89744877e-01 -5.28078173e+00  1.59975538e+00
 -1.80264540e-01 -2.20323205e+00 -6.28542379e+00  5.67455452e+00
 -3.31335115e+00  2.66153976e+00 -1.10294673e+00  2.84322972e+00
 -3.59738256e+00 -3.12406460e+00  1.60741368e+00 -3.26177079e+00
 -2.50961092e+00  6.26142428e+00 -2.19752078e+00  9.97391444e-01
  1.27897078e+00  4.27087039e-01  2.47811924e+00  2.50383707e+00
 -3.99074901e+00  7.13761111e-01 -1.54464810e-01 -9.66981482e-01
 -4.13584414e-01  1.50323447e+00  1.63679791e-01  2.18071422e-01
 -1.17357475e+00 -4.20462016e-01  1.05052379e+00 -5.11131736e-02
 -1.09862194e-01  1.50362472e-01  3.06558970e-01 -1.64512256e-01
 -1.00843059e+00  3.65045126e-01 -6.61613239e-01  1.29309206e+00
 -3.63317190e-01  5.87022038e-01 -9.70905658e-01  1.09587188e+00
 -4.06173599e-01 -1.83304550e-01 -6.41373726e-01 -8.47330063e-01
  4.33966370e-01  2.49386233e-01  1.96217275e-01 -1.26318362e-01
 -3.73751036e-01 -5.27669270e-02  2.03770046e-01 -9.20260241e-01
 -1.74867293e-01  1.35306492e+00 -2.04707148e-02 -9.82544892e-01
  1.38175603e-01 -1.04049789e+00  1.04382133e+00  9.99064359e-01
  6.91948029e-01  5.54878495e-01  6.06858205e-02 -3.70617434e-01
  3.86940527e-01 -3.17053082e-01  1.08072617e+00 -1.02538972e+00
  1.85854632e-01 -3.58552316e-01 -4.52249957e-01  3.60463122e-01
  5.96674391e-01 -6.57895554e-01 -3.60597055e-01 -2.60947478e-01
 -6.20107927e-02  4.28498776e-03  3.37567869e-01  1.51831794e-01
 -1.56897168e-01  3.68888576e-01 -1.32887417e-01 -1.67686998e-01
  2.87160628e-02  4.40086504e-01 -5.33062161e-01  7.99467918e-02
 -3.42957649e-01 -6.29384905e-02 -3.20693017e-02  1.88911802e-01
 -1.31595008e-01 -8.83217810e-02 -3.14574841e-02 -1.60481382e-01
  5.10875765e-02  1.54221601e-01 -2.90198046e-01  1.20930298e-01
 -1.76271753e-01 -3.58929792e-01 -4.49947058e-03 -1.95549884e-01
  2.43847036e-02  4.42853966e-02 -9.62113517e-02  2.77728941e-01
  3.19356104e-01 -2.65489511e-01  2.83533701e-01  1.00035108e-01
  2.90123693e-02  3.23537895e-03 -2.02645376e-01 -2.24246731e-02
  5.76330568e-02 -1.82184397e-01 -6.51055470e-01 -2.02409318e-01
 -3.02048290e-01  4.39339061e-02  1.76269292e-01  7.08572373e-01
 -2.00079557e-01  3.62717592e-02  5.17706499e-01  1.92247109e-01
  1.82412392e-01 -3.24778857e-01  2.45565589e-01  5.15856732e-02
  3.07372112e-01 -1.41316891e-01  3.23633164e-01 -6.57877379e-01
  3.38867839e-01  1.10055990e+00 -8.44653034e-01 -9.54893352e-02
  3.63512244e-01 -2.83247250e-01 -4.90948136e-01  6.21594061e-01
  2.45722358e-01 -4.11970390e-01  2.79301633e-01  3.99005915e-02
 -7.89561466e-02  1.38303483e-01 -1.12746072e-01  1.55643998e-01
  1.86401138e-01  3.98229137e-01 -4.20758520e-01 -5.13307443e-01
 -1.07267412e-01  7.99865713e-02 -6.04092520e-02 -1.34407277e-01
  4.75805605e-02  2.21013808e-01  2.00510650e-02 -8.89882706e-02
  3.13430633e-01 -1.30828491e-01 -1.29286271e-01 -1.61399296e-01
 -1.42426576e-01  4.63167703e-02  9.21750111e-02 -2.21352553e-02
 -1.74407129e-01  2.77439784e-02  3.20153119e-02 -2.38689857e-02
 -8.47870603e-02  8.21723069e-02 -5.48985895e-02  5.10311010e-02
  8.34076867e-02 -1.06537238e-01  5.39653829e-02  1.01003517e-01
 -5.20884038e-02  2.06209539e-01  8.85623389e-02 -1.18087262e-01
  1.46595408e-01  9.00202756e-02  1.91842969e-01  2.20831306e-01
  1.24588159e-01 -1.02715416e-01 -1.15344987e-01  2.63290637e-02
 -5.90756715e-02 -5.20386385e-02 -5.36138446e-02 -4.71662088e-02
  1.78060855e-01 -2.99785897e-01  4.63264896e-01 -4.15011177e-02
 -9.97752819e-02 -6.53237864e-02  5.90260539e-02 -6.13970009e-02
 -2.20107203e-01 -8.24197567e-03 -1.46815316e-01  2.50880338e-02
  7.50963414e-02  2.78222211e-02 -2.11946433e-01  1.80652196e-01
 -1.94505704e-01 -9.75215531e-02  7.30936180e-02 -4.01060838e-02
  1.11657574e-01  2.14945358e-01 -1.85450148e-01  1.18083576e-01
  1.06413296e-01  7.13681182e-02  9.37993839e-02 -9.00160057e-02
 -9.21760307e-02  6.43001147e-02 -5.66172108e-02 -5.20900488e-02
  8.92773298e-02  6.78276912e-02 -3.79626005e-02  3.23674237e-02
 -5.86646983e-02  2.62480301e-02  5.84855624e-02 -8.29776346e-02
 -3.13905959e-02  3.27248719e-01 -1.56720192e-01  1.49311359e-01
 -1.45614245e-01  2.93542836e-02  1.14475895e-01 -2.64778524e-02
  6.15205874e-02  1.30040617e-01 -5.21047356e-01 -5.44754012e-02
  4.25344786e-02 -4.98876743e-02  9.18815160e-02 -1.12415115e-01
  1.86714319e-02 -6.51855679e-02 -7.36602900e-02 -2.44567140e-02
  3.35856398e-02  6.74920154e-02  3.04701823e-02  4.66410770e-02
  2.51367133e-02 -3.67122061e-02 -2.39020387e-02  1.17581421e-02
  4.48699189e-02 -4.69088361e-02  6.97954918e-02 -5.22428471e-02
 -3.97054819e-02  2.20289278e-02 -4.90725918e-02  3.76643220e-02
  7.85563781e-02 -8.16136383e-02 -8.92412833e-02  6.15889669e-02
 -1.31651527e-02  4.41782977e-02 -4.12890827e-02 -8.90224416e-02
 -1.84020981e-01  7.39225858e-02  1.09268716e-02  1.80368304e-02
 -4.11280769e-02  5.23443167e-02  1.88521499e-01  5.91363499e-01
 -4.44616931e-01  2.35434256e-01 -9.01808448e-02  4.17541751e-02
 -5.75966779e-02  6.51746819e-02  1.76309725e-02 -2.69187093e-02
 -2.60802331e-02  4.76298614e-02 -4.01657672e-02 -3.55891779e-02
  5.58425176e-02  1.22790754e-01 -6.05486121e-02  1.20892270e-01
 -4.03934704e-02  2.65328684e-02  9.71590253e-02  5.44236304e-02
 -6.88944420e-02  4.68062512e-02  7.72061679e-03 -2.11154481e-01
  4.55467028e-02  9.85892959e-03 -2.74345926e-02  3.07543769e-02
  1.72062377e-01  1.71000473e-02 -3.00710861e-02 -1.55280089e-01
  1.64237220e-01  2.41867724e-02 -8.04178024e-02 -3.89389186e-02
 -5.02518530e-02  4.96763384e-02 -4.05492470e-02 -6.75604139e-02
 -1.56298137e-02  4.65283416e-02 -4.09045039e-02 -1.97408997e-02
 -7.45962136e-02 -1.59429191e-02 -7.88614574e-02  5.21459013e-02
  5.04537968e-02 -4.59300232e-02  4.59687152e-02 -4.39559458e-01
  6.56596194e-02  4.10800614e-01 -1.46513623e-01 -1.01769810e-01
 -7.91989711e-03  2.06714694e-02  3.51112728e-01 -3.70720512e-01
  1.40553030e-01 -2.87375391e-02 -6.20854163e-02  4.36173984e-02]
[[6.81313186e-001 2.64530872e-001 3.40239258e-001 ... 9.91796857e-015
  1.12505025e-019 3.79116662e-014]
 [6.81313186e-001 2.64530872e-001 3.40239258e-001 ... 9.91796857e-015
  1.12505025e-019 3.79116662e-014]
 [6.81313186e-001 2.64530872e-001 3.40239258e-001 ... 9.91796857e-015
  1.12505025e-019 3.79116662e-014]
 ...
 [2.11464231e-001 8.54076567e-001 4.43576363e-001 ... 4.72835657e-091
  1.04725676e-072 1.15998072e-101]
 [2.44971094e-001 8.38688024e-001 4.46272903e-001 ... 9.22983750e-084
  2.93154099e-067 1.74110559e-093]
 [2.80368051e-001 8.13654131e-001 4.43576363e-001 ... 3.81816567e-077
  1.73906433e-062 5.53829808e-086]]
[ 1.95919582e+00 -8.95095466e+00  1.55740227e+01 -2.45079741e+00
 -9.25219272e+00  1.16803261e+00 -1.69428974e+00  2.43893580e+00
 -6.24278346e+00 -8.31630666e-01  4.42475075e+00 -4.67851421e+00
 -4.68642301e+00 -5.52500959e+00  1.33072410e+01  1.90806127e+00
 -7.95300919e+00 -1.09541119e+01  1.91270634e+00 -7.05633766e+00
  6.11383207e+00  1.03348117e+01  3.47813966e+00  1.14633047e+01
  1.38077782e+00  2.21531105e+00  2.75709155e+00 -7.92340261e+00
 -2.44857597e+00 -2.53263380e-01  3.61839607e+00 -1.50325519e+00
 -2.90812901e-01  1.69651644e+00  7.08426258e-01  1.49153968e+00
  2.98173357e+00 -1.72252232e+00  3.30253863e+00  2.04815330e+00
 -3.75045534e+00 -2.66401518e-01  2.11933509e+00 -3.75567783e+00
  7.80231714e-01  1.76334207e+00  4.27369575e-01  3.94824233e+00
 -2.91640779e+00 -2.89744877e-01 -5.28078173e+00  1.59975538e+00
 -1.80264540e-01 -2.20323205e+00 -6.28542379e+00  5.67455452e+00
 -3.31335115e+00  2.66153976e+00 -1.10294673e+00  2.84322972e+00
 -3.59738256e+00 -3.12406460e+00  1.60741368e+00 -3.26177079e+00
 -2.50961092e+00  6.26142428e+00 -2.19752078e+00  9.97391444e-01
  1.27897078e+00  4.27087039e-01  2.47811924e+00  2.50383707e+00
 -3.99074901e+00  7.13761111e-01 -1.54464810e-01 -9.66981482e-01
 -4.13584414e-01  1.50323447e+00  1.63679791e-01  2.18071422e-01
 -1.17357475e+00 -4.20462016e-01  1.05052379e+00 -5.11131736e-02
 -1.09862194e-01  1.50362472e-01  3.06558970e-01 -1.64512256e-01
 -1.00843059e+00  3.65045126e-01 -6.61613239e-01  1.29309206e+00
 -3.63317190e-01  5.87022038e-01 -9.70905658e-01  1.09587188e+00
 -4.06173599e-01 -1.83304550e-01 -6.41373726e-01 -8.47330063e-01
  4.33966370e-01  2.49386233e-01  1.96217275e-01 -1.26318362e-01
 -3.73751036e-01 -5.27669270e-02  2.03770046e-01 -9.20260241e-01
 -1.74867293e-01  1.35306492e+00 -2.04707148e-02 -9.82544892e-01
  1.38175603e-01 -1.04049789e+00  1.04382133e+00  9.99064359e-01
  6.91948029e-01  5.54878495e-01  6.06858205e-02 -3.70617434e-01
  3.86940527e-01 -3.17053082e-01  1.08072617e+00 -1.02538972e+00
  1.85854632e-01 -3.58552316e-01 -4.52249957e-01  3.60463122e-01
  5.96674391e-01 -6.57895554e-01 -3.60597055e-01 -2.60947478e-01
 -6.20107927e-02  4.28498776e-03  3.37567869e-01  1.51831794e-01
 -1.56897168e-01  3.68888576e-01 -1.32887417e-01 -1.67686998e-01
  2.87160628e-02  4.40086504e-01 -5.33062161e-01  7.99467918e-02
 -3.42957649e-01 -6.29384905e-02 -3.20693017e-02  1.88911802e-01
 -1.31595008e-01 -8.83217810e-02 -3.14574841e-02 -1.60481382e-01
  5.10875765e-02  1.54221601e-01 -2.90198046e-01  1.20930298e-01
 -1.76271753e-01 -3.58929792e-01 -4.49947058e-03 -1.95549884e-01
  2.43847036e-02  4.42853966e-02 -9.62113517e-02  2.77728941e-01
  3.19356104e-01 -2.65489511e-01  2.83533701e-01  1.00035108e-01
  2.90123693e-02  3.23537895e-03 -2.02645376e-01 -2.24246731e-02
  5.76330568e-02 -1.82184397e-01 -6.51055470e-01 -2.02409318e-01
 -3.02048290e-01  4.39339061e-02  1.76269292e-01  7.08572373e-01
 -2.00079557e-01  3.62717592e-02  5.17706499e-01  1.92247109e-01
  1.82412392e-01 -3.24778857e-01  2.45565589e-01  5.15856732e-02
  3.07372112e-01 -1.41316891e-01  3.23633164e-01 -6.57877379e-01
  3.38867839e-01  1.10055990e+00 -8.44653034e-01 -9.54893352e-02
  3.63512244e-01 -2.83247250e-01 -4.90948136e-01  6.21594061e-01
  2.45722358e-01 -4.11970390e-01  2.79301633e-01  3.99005915e-02
 -7.89561466e-02  1.38303483e-01 -1.12746072e-01  1.55643998e-01
  1.86401138e-01  3.98229137e-01 -4.20758520e-01 -5.13307443e-01
 -1.07267412e-01  7.99865713e-02 -6.04092520e-02 -1.34407277e-01
  4.75805605e-02  2.21013808e-01  2.00510650e-02 -8.89882706e-02
  3.13430633e-01 -1.30828491e-01 -1.29286271e-01 -1.61399296e-01
 -1.42426576e-01  4.63167703e-02  9.21750111e-02 -2.21352553e-02
 -1.74407129e-01  2.77439784e-02  3.20153119e-02 -2.38689857e-02
 -8.47870603e-02  8.21723069e-02 -5.48985895e-02  5.10311010e-02
  8.34076867e-02 -1.06537238e-01  5.39653829e-02  1.01003517e-01
 -5.20884038e-02  2.06209539e-01  8.85623389e-02 -1.18087262e-01
  1.46595408e-01  9.00202756e-02  1.91842969e-01  2.20831306e-01
  1.24588159e-01 -1.02715416e-01 -1.15344987e-01  2.63290637e-02
 -5.90756715e-02 -5.20386385e-02 -5.36138446e-02 -4.71662088e-02
  1.78060855e-01 -2.99785897e-01  4.63264896e-01 -4.15011177e-02
 -9.97752819e-02 -6.53237864e-02  5.90260539e-02 -6.13970009e-02
 -2.20107203e-01 -8.24197567e-03 -1.46815316e-01  2.50880338e-02
  7.50963414e-02  2.78222211e-02 -2.11946433e-01  1.80652196e-01
 -1.94505704e-01 -9.75215531e-02  7.30936180e-02 -4.01060838e-02
  1.11657574e-01  2.14945358e-01 -1.85450148e-01  1.18083576e-01
  1.06413296e-01  7.13681182e-02  9.37993839e-02 -9.00160057e-02
 -9.21760307e-02  6.43001147e-02 -5.66172108e-02 -5.20900488e-02
  8.92773298e-02  6.78276912e-02 -3.79626005e-02  3.23674237e-02
 -5.86646983e-02  2.62480301e-02  5.84855624e-02 -8.29776346e-02
 -3.13905959e-02  3.27248719e-01 -1.56720192e-01  1.49311359e-01
 -1.45614245e-01  2.93542836e-02  1.14475895e-01 -2.64778524e-02
  6.15205874e-02  1.30040617e-01 -5.21047356e-01 -5.44754012e-02
  4.25344786e-02 -4.98876743e-02  9.18815160e-02 -1.12415115e-01
  1.86714319e-02 -6.51855679e-02 -7.36602900e-02 -2.44567140e-02
  3.35856398e-02  6.74920154e-02  3.04701823e-02  4.66410770e-02
  2.51367133e-02 -3.67122061e-02 -2.39020387e-02  1.17581421e-02
  4.48699189e-02 -4.69088361e-02  6.97954918e-02 -5.22428471e-02
 -3.97054819e-02  2.20289278e-02 -4.90725918e-02  3.76643220e-02
  7.85563781e-02 -8.16136383e-02 -8.92412833e-02  6.15889669e-02
 -1.31651527e-02  4.41782977e-02 -4.12890827e-02 -8.90224416e-02
 -1.84020981e-01  7.39225858e-02  1.09268716e-02  1.80368304e-02
 -4.11280769e-02  5.23443167e-02  1.88521499e-01  5.91363499e-01
 -4.44616931e-01  2.35434256e-01 -9.01808448e-02  4.17541751e-02
 -5.75966779e-02  6.51746819e-02  1.76309725e-02 -2.69187093e-02
 -2.60802331e-02  4.76298614e-02 -4.01657672e-02 -3.55891779e-02
  5.58425176e-02  1.22790754e-01 -6.05486121e-02  1.20892270e-01
 -4.03934704e-02  2.65328684e-02  9.71590253e-02  5.44236304e-02
 -6.88944420e-02  4.68062512e-02  7.72061679e-03 -2.11154481e-01
  4.55467028e-02  9.85892959e-03 -2.74345926e-02  3.07543769e-02
  1.72062377e-01  1.71000473e-02 -3.00710861e-02 -1.55280089e-01
  1.64237220e-01  2.41867724e-02 -8.04178024e-02 -3.89389186e-02
 -5.02518530e-02  4.96763384e-02 -4.05492470e-02 -6.75604139e-02
 -1.56298137e-02  4.65283416e-02 -4.09045039e-02 -1.97408997e-02
 -7.45962136e-02 -1.59429191e-02 -7.88614574e-02  5.21459013e-02
  5.04537968e-02 -4.59300232e-02  4.59687152e-02 -4.39559458e-01
  6.56596194e-02  4.10800614e-01 -1.46513623e-01 -1.01769810e-01
 -7.91989711e-03  2.06714694e-02  3.51112728e-01 -3.70720512e-01
  1.40553030e-01 -2.87375391e-02 -6.20854163e-02  4.36173984e-02
 -4.01030188e-01 -4.08761358e-01  1.04271700e-01  2.46725661e-01
 -1.47175822e-01 -5.15995767e-01 -9.80702185e-02  2.19832533e-02
 -3.13004546e-02  9.98967500e-02  2.62847231e-01  9.31607934e-02
  1.26372034e-01  4.94916560e-01  5.90456398e-02 -2.92717721e-02
 -2.84518166e-02 -5.43620313e-02 -2.82591539e-02  5.44336888e-02
 -1.01116173e-01 -8.86894162e-02  7.19425191e-02  6.26390878e-02
 -4.74094152e-01  1.21229610e-01  3.96560598e-01  5.38818185e-02
  2.24059898e-01 -1.91093131e-01 -1.65398984e-01  5.12303223e-02]
[[6.81313186e-001 2.64530872e-001 3.40239258e-001 ... 3.08736995e-023
  5.26028835e-004 1.24551857e-010]
 [6.81313186e-001 2.64530872e-001 3.40239258e-001 ... 3.08736995e-023
  5.26028835e-004 1.24551857e-010]
 [6.81313186e-001 2.64530872e-001 3.40239258e-001 ... 3.08736995e-023
  5.26028835e-004 1.24551857e-010]
 ...
 [2.11464231e-001 8.54076567e-001 4.43576363e-001 ... 1.29143959e-148
  1.28424733e-115 1.30818162e-124]
 [2.44971094e-001 8.38688024e-001 4.46272903e-001 ... 3.09722369e-135
  3.07997470e-102 4.98466200e-110]
 [2.80368051e-001 8.13654131e-001 4.43576363e-001 ... 3.33599050e-123
  3.31741177e-090 8.53015929e-097]]
[ 1.95919582e+00 -8.95095466e+00  1.55740227e+01 -2.45079741e+00
 -9.25219272e+00  1.16803261e+00 -1.69428974e+00  2.43893580e+00
 -6.24278346e+00 -8.31630666e-01  4.42475075e+00 -4.67851421e+00
 -4.68642301e+00 -5.52500959e+00  1.33072410e+01  1.90806127e+00
 -7.95300919e+00 -1.09541119e+01  1.91270634e+00 -7.05633766e+00
  6.11383207e+00  1.03348117e+01  3.47813966e+00  1.14633047e+01
  1.38077782e+00  2.21531105e+00  2.75709155e+00 -7.92340261e+00
 -2.44857597e+00 -2.53263380e-01  3.61839607e+00 -1.50325519e+00
 -2.90812901e-01  1.69651644e+00  7.08426258e-01  1.49153968e+00
  2.98173357e+00 -1.72252232e+00  3.30253863e+00  2.04815330e+00
 -3.75045534e+00 -2.66401518e-01  2.11933509e+00 -3.75567783e+00
  7.80231714e-01  1.76334207e+00  4.27369575e-01  3.94824233e+00
 -2.91640779e+00 -2.89744877e-01 -5.28078173e+00  1.59975538e+00
 -1.80264540e-01 -2.20323205e+00 -6.28542379e+00  5.67455452e+00
 -3.31335115e+00  2.66153976e+00 -1.10294673e+00  2.84322972e+00
 -3.59738256e+00 -3.12406460e+00  1.60741368e+00 -3.26177079e+00
 -2.50961092e+00  6.26142428e+00 -2.19752078e+00  9.97391444e-01
  1.27897078e+00  4.27087039e-01  2.47811924e+00  2.50383707e+00
 -3.99074901e+00  7.13761111e-01 -1.54464810e-01 -9.66981482e-01
 -4.13584414e-01  1.50323447e+00  1.63679791e-01  2.18071422e-01
 -1.17357475e+00 -4.20462016e-01  1.05052379e+00 -5.11131736e-02
 -1.09862194e-01  1.50362472e-01  3.06558970e-01 -1.64512256e-01
 -1.00843059e+00  3.65045126e-01 -6.61613239e-01  1.29309206e+00
 -3.63317190e-01  5.87022038e-01 -9.70905658e-01  1.09587188e+00
 -4.06173599e-01 -1.83304550e-01 -6.41373726e-01 -8.47330063e-01
  4.33966370e-01  2.49386233e-01  1.96217275e-01 -1.26318362e-01
 -3.73751036e-01 -5.27669270e-02  2.03770046e-01 -9.20260241e-01
 -1.74867293e-01  1.35306492e+00 -2.04707148e-02 -9.82544892e-01
  1.38175603e-01 -1.04049789e+00  1.04382133e+00  9.99064359e-01
  6.91948029e-01  5.54878495e-01  6.06858205e-02 -3.70617434e-01
  3.86940527e-01 -3.17053082e-01  1.08072617e+00 -1.02538972e+00
  1.85854632e-01 -3.58552316e-01 -4.52249957e-01  3.60463122e-01
  5.96674391e-01 -6.57895554e-01 -3.60597055e-01 -2.60947478e-01
 -6.20107927e-02  4.28498776e-03  3.37567869e-01  1.51831794e-01
 -1.56897168e-01  3.68888576e-01 -1.32887417e-01 -1.67686998e-01
  2.87160628e-02  4.40086504e-01 -5.33062161e-01  7.99467918e-02
 -3.42957649e-01 -6.29384905e-02 -3.20693017e-02  1.88911802e-01
 -1.31595008e-01 -8.83217810e-02 -3.14574841e-02 -1.60481382e-01
  5.10875765e-02  1.54221601e-01 -2.90198046e-01  1.20930298e-01
 -1.76271753e-01 -3.58929792e-01 -4.49947058e-03 -1.95549884e-01
  2.43847036e-02  4.42853966e-02 -9.62113517e-02  2.77728941e-01
  3.19356104e-01 -2.65489511e-01  2.83533701e-01  1.00035108e-01
  2.90123693e-02  3.23537895e-03 -2.02645376e-01 -2.24246731e-02
  5.76330568e-02 -1.82184397e-01 -6.51055470e-01 -2.02409318e-01
 -3.02048290e-01  4.39339061e-02  1.76269292e-01  7.08572373e-01
 -2.00079557e-01  3.62717592e-02  5.17706499e-01  1.92247109e-01
  1.82412392e-01 -3.24778857e-01  2.45565589e-01  5.15856732e-02
  3.07372112e-01 -1.41316891e-01  3.23633164e-01 -6.57877379e-01
  3.38867839e-01  1.10055990e+00 -8.44653034e-01 -9.54893352e-02
  3.63512244e-01 -2.83247250e-01 -4.90948136e-01  6.21594061e-01
  2.45722358e-01 -4.11970390e-01  2.79301633e-01  3.99005915e-02
 -7.89561466e-02  1.38303483e-01 -1.12746072e-01  1.55643998e-01
  1.86401138e-01  3.98229137e-01 -4.20758520e-01 -5.13307443e-01
 -1.07267412e-01  7.99865713e-02 -6.04092520e-02 -1.34407277e-01
  4.75805605e-02  2.21013808e-01  2.00510650e-02 -8.89882706e-02
  3.13430633e-01 -1.30828491e-01 -1.29286271e-01 -1.61399296e-01
 -1.42426576e-01  4.63167703e-02  9.21750111e-02 -2.21352553e-02
 -1.74407129e-01  2.77439784e-02  3.20153119e-02 -2.38689857e-02
 -8.47870603e-02  8.21723069e-02 -5.48985895e-02  5.10311010e-02
  8.34076867e-02 -1.06537238e-01  5.39653829e-02  1.01003517e-01
 -5.20884038e-02  2.06209539e-01  8.85623389e-02 -1.18087262e-01
  1.46595408e-01  9.00202756e-02  1.91842969e-01  2.20831306e-01
  1.24588159e-01 -1.02715416e-01 -1.15344987e-01  2.63290637e-02
 -5.90756715e-02 -5.20386385e-02 -5.36138446e-02 -4.71662088e-02
  1.78060855e-01 -2.99785897e-01  4.63264896e-01 -4.15011177e-02
 -9.97752819e-02 -6.53237864e-02  5.90260539e-02 -6.13970009e-02
 -2.20107203e-01 -8.24197567e-03 -1.46815316e-01  2.50880338e-02
  7.50963414e-02  2.78222211e-02 -2.11946433e-01  1.80652196e-01
 -1.94505704e-01 -9.75215531e-02  7.30936180e-02 -4.01060838e-02
  1.11657574e-01  2.14945358e-01 -1.85450148e-01  1.18083576e-01
  1.06413296e-01  7.13681182e-02  9.37993839e-02 -9.00160057e-02
 -9.21760307e-02  6.43001147e-02 -5.66172108e-02 -5.20900488e-02
  8.92773298e-02  6.78276912e-02 -3.79626005e-02  3.23674237e-02
 -5.86646983e-02  2.62480301e-02  5.84855624e-02 -8.29776346e-02
 -3.13905959e-02  3.27248719e-01 -1.56720192e-01  1.49311359e-01
 -1.45614245e-01  2.93542836e-02  1.14475895e-01 -2.64778524e-02
  6.15205874e-02  1.30040617e-01 -5.21047356e-01 -5.44754012e-02
  4.25344786e-02 -4.98876743e-02  9.18815160e-02 -1.12415115e-01
  1.86714319e-02 -6.51855679e-02 -7.36602900e-02 -2.44567140e-02
  3.35856398e-02  6.74920154e-02  3.04701823e-02  4.66410770e-02
  2.51367133e-02 -3.67122061e-02 -2.39020387e-02  1.17581421e-02
  4.48699189e-02 -4.69088361e-02  6.97954918e-02 -5.22428471e-02
 -3.97054819e-02  2.20289278e-02 -4.90725918e-02  3.76643220e-02
  7.85563781e-02 -8.16136383e-02 -8.92412833e-02  6.15889669e-02
 -1.31651527e-02  4.41782977e-02 -4.12890827e-02 -8.90224416e-02
 -1.84020981e-01  7.39225858e-02  1.09268716e-02  1.80368304e-02
 -4.11280769e-02  5.23443167e-02  1.88521499e-01  5.91363499e-01
 -4.44616931e-01  2.35434256e-01 -9.01808448e-02  4.17541751e-02
 -5.75966779e-02  6.51746819e-02  1.76309725e-02 -2.69187093e-02
 -2.60802331e-02  4.76298614e-02 -4.01657672e-02 -3.55891779e-02
  5.58425176e-02  1.22790754e-01 -6.05486121e-02  1.20892270e-01
 -4.03934704e-02  2.65328684e-02  9.71590253e-02  5.44236304e-02
 -6.88944420e-02  4.68062512e-02  7.72061679e-03 -2.11154481e-01
  4.55467028e-02  9.85892959e-03 -2.74345926e-02  3.07543769e-02
  1.72062377e-01  1.71000473e-02 -3.00710861e-02 -1.55280089e-01
  1.64237220e-01  2.41867724e-02 -8.04178024e-02 -3.89389186e-02
 -5.02518530e-02  4.96763384e-02 -4.05492470e-02 -6.75604139e-02
 -1.56298137e-02  4.65283416e-02 -4.09045039e-02 -1.97408997e-02
 -7.45962136e-02 -1.59429191e-02 -7.88614574e-02  5.21459013e-02
  5.04537968e-02 -4.59300232e-02  4.59687152e-02 -4.39559458e-01
  6.56596194e-02  4.10800614e-01 -1.46513623e-01 -1.01769810e-01
 -7.91989711e-03  2.06714694e-02  3.51112728e-01 -3.70720512e-01
  1.40553030e-01 -2.87375391e-02 -6.20854163e-02  4.36173984e-02
 -4.01030188e-01 -4.08761358e-01  1.04271700e-01  2.46725661e-01
 -1.47175822e-01 -5.15995767e-01 -9.80702185e-02  2.19832533e-02
 -3.13004546e-02  9.98967500e-02  2.62847231e-01  9.31607934e-02
  1.26372034e-01  4.94916560e-01  5.90456398e-02 -2.92717721e-02
 -2.84518166e-02 -5.43620313e-02 -2.82591539e-02  5.44336888e-02
 -1.01116173e-01 -8.86894162e-02  7.19425191e-02  6.26390878e-02
 -4.74094152e-01  1.21229610e-01  3.96560598e-01  5.38818185e-02
  2.24059898e-01 -1.91093131e-01 -1.65398984e-01  5.12303223e-02
 -2.77051759e-01 -2.64007329e-01 -2.33230161e-01  2.74908365e-02
  2.80549955e-02 -1.73328851e-01 -1.72834112e-01 -1.63417740e-01
 -2.17156178e-01 -2.48641794e-01 -1.58379794e-01  2.59001112e-02
 -2.18974088e-01 -2.25269847e-01 -1.01212481e-01  2.33896862e-02
 -2.31810732e-01  2.44335210e-02 -1.49692501e-01 -9.76641937e-02
  2.33699523e-02  1.86136997e-02 -9.42077476e-02  1.43070203e-01
  2.21037902e-02 -9.33005516e-02  1.80051027e-02  1.39772546e-01
 -1.98932549e-01  1.34762453e-01 -1.34699277e-01  2.03255899e-02
 -1.36745641e-01  1.63964669e-02  1.62409609e-02  1.60853323e-02
 -1.81856446e-01 -1.95649287e-01  1.22817001e-01  1.56077660e-02
  1.21430649e-01  1.51642371e-02  1.88586515e-02 -1.15447340e-01
  8.67530574e-02 -7.62403600e-02 -7.44167775e-02 -7.28691588e-02
 -1.28748797e-01  1.31030563e-02  1.12037529e-01  1.88242972e-02
  1.37308000e-01  1.33805048e-01  1.76035781e-02 -6.90568368e-02
  1.05001999e-01  1.04857054e-01  9.68686462e-02  1.04073212e-01
  1.02935602e-01 -6.74121597e-02]
[[6.81313186e-001 2.64530872e-001 3.40239258e-001 ... 9.14654527e-021
  3.84686459e-035 1.63799700e-067]
 [6.81313186e-001 2.64530872e-001 3.40239258e-001 ... 9.14654527e-021
  3.84686459e-035 1.63799700e-067]
 [6.81313186e-001 2.64530872e-001 3.40239258e-001 ... 9.14654527e-021
  3.84686459e-035 1.63799700e-067]
 ...
 [2.11464231e-001 8.54076567e-001 4.43576363e-001 ... 0.00000000e+000
  2.58248142e-287 2.14256406e-311]
 [2.44971094e-001 8.38688024e-001 4.46272903e-001 ... 3.66102644e-321
  1.31079435e-254 4.29347944e-287]
 [2.80368051e-001 8.13654131e-001 4.43576363e-001 ... 3.75017638e-291
  1.34195954e-224 1.73537154e-265]]
[ 1.95919582e+00 -8.95095466e+00  1.55740227e+01 -2.45079741e+00
 -9.25219272e+00  1.16803261e+00 -1.69428974e+00  2.43893580e+00
 -6.24278346e+00 -8.31630666e-01  4.42475075e+00 -4.67851421e+00
 -4.68642301e+00 -5.52500959e+00  1.33072410e+01  1.90806127e+00
 -7.95300919e+00 -1.09541119e+01  1.91270634e+00 -7.05633766e+00
  6.11383207e+00  1.03348117e+01  3.47813966e+00  1.14633047e+01
  1.38077782e+00  2.21531105e+00  2.75709155e+00 -7.92340261e+00
 -2.44857597e+00 -2.53263380e-01  3.61839607e+00 -1.50325519e+00
 -2.90812901e-01  1.69651644e+00  7.08426258e-01  1.49153968e+00
  2.98173357e+00 -1.72252232e+00  3.30253863e+00  2.04815330e+00
 -3.75045534e+00 -2.66401518e-01  2.11933509e+00 -3.75567783e+00
  7.80231714e-01  1.76334207e+00  4.27369575e-01  3.94824233e+00
 -2.91640779e+00 -2.89744877e-01 -5.28078173e+00  1.59975538e+00
 -1.80264540e-01 -2.20323205e+00 -6.28542379e+00  5.67455452e+00
 -3.31335115e+00  2.66153976e+00 -1.10294673e+00  2.84322972e+00
 -3.59738256e+00 -3.12406460e+00  1.60741368e+00 -3.26177079e+00
 -2.50961092e+00  6.26142428e+00 -2.19752078e+00  9.97391444e-01
  1.27897078e+00  4.27087039e-01  2.47811924e+00  2.50383707e+00
 -3.99074901e+00  7.13761111e-01 -1.54464810e-01 -9.66981482e-01
 -4.13584414e-01  1.50323447e+00  1.63679791e-01  2.18071422e-01
 -1.17357475e+00 -4.20462016e-01  1.05052379e+00 -5.11131736e-02
 -1.09862194e-01  1.50362472e-01  3.06558970e-01 -1.64512256e-01
 -1.00843059e+00  3.65045126e-01 -6.61613239e-01  1.29309206e+00
 -3.63317190e-01  5.87022038e-01 -9.70905658e-01  1.09587188e+00
 -4.06173599e-01 -1.83304550e-01 -6.41373726e-01 -8.47330063e-01
  4.33966370e-01  2.49386233e-01  1.96217275e-01 -1.26318362e-01
 -3.73751036e-01 -5.27669270e-02  2.03770046e-01 -9.20260241e-01
 -1.74867293e-01  1.35306492e+00 -2.04707148e-02 -9.82544892e-01
  1.38175603e-01 -1.04049789e+00  1.04382133e+00  9.99064359e-01
  6.91948029e-01  5.54878495e-01  6.06858205e-02 -3.70617434e-01
  3.86940527e-01 -3.17053082e-01  1.08072617e+00 -1.02538972e+00
  1.85854632e-01 -3.58552316e-01 -4.52249957e-01  3.60463122e-01
  5.96674391e-01 -6.57895554e-01 -3.60597055e-01 -2.60947478e-01
 -6.20107927e-02  4.28498776e-03  3.37567869e-01  1.51831794e-01
 -1.56897168e-01  3.68888576e-01 -1.32887417e-01 -1.67686998e-01
  2.87160628e-02  4.40086504e-01 -5.33062161e-01  7.99467918e-02
 -3.42957649e-01 -6.29384905e-02 -3.20693017e-02  1.88911802e-01
 -1.31595008e-01 -8.83217810e-02 -3.14574841e-02 -1.60481382e-01
  5.10875765e-02  1.54221601e-01 -2.90198046e-01  1.20930298e-01
 -1.76271753e-01 -3.58929792e-01 -4.49947058e-03 -1.95549884e-01
  2.43847036e-02  4.42853966e-02 -9.62113517e-02  2.77728941e-01
  3.19356104e-01 -2.65489511e-01  2.83533701e-01  1.00035108e-01
  2.90123693e-02  3.23537895e-03 -2.02645376e-01 -2.24246731e-02
  5.76330568e-02 -1.82184397e-01 -6.51055470e-01 -2.02409318e-01
 -3.02048290e-01  4.39339061e-02  1.76269292e-01  7.08572373e-01
 -2.00079557e-01  3.62717592e-02  5.17706499e-01  1.92247109e-01
  1.82412392e-01 -3.24778857e-01  2.45565589e-01  5.15856732e-02
  3.07372112e-01 -1.41316891e-01  3.23633164e-01 -6.57877379e-01
  3.38867839e-01  1.10055990e+00 -8.44653034e-01 -9.54893352e-02
  3.63512244e-01 -2.83247250e-01 -4.90948136e-01  6.21594061e-01
  2.45722358e-01 -4.11970390e-01  2.79301633e-01  3.99005915e-02
 -7.89561466e-02  1.38303483e-01 -1.12746072e-01  1.55643998e-01
  1.86401138e-01  3.98229137e-01 -4.20758520e-01 -5.13307443e-01
 -1.07267412e-01  7.99865713e-02 -6.04092520e-02 -1.34407277e-01
  4.75805605e-02  2.21013808e-01  2.00510650e-02 -8.89882706e-02
  3.13430633e-01 -1.30828491e-01 -1.29286271e-01 -1.61399296e-01
 -1.42426576e-01  4.63167703e-02  9.21750111e-02 -2.21352553e-02
 -1.74407129e-01  2.77439784e-02  3.20153119e-02 -2.38689857e-02
 -8.47870603e-02  8.21723069e-02 -5.48985895e-02  5.10311010e-02
  8.34076867e-02 -1.06537238e-01  5.39653829e-02  1.01003517e-01
 -5.20884038e-02  2.06209539e-01  8.85623389e-02 -1.18087262e-01
  1.46595408e-01  9.00202756e-02  1.91842969e-01  2.20831306e-01
  1.24588159e-01 -1.02715416e-01 -1.15344987e-01  2.63290637e-02
 -5.90756715e-02 -5.20386385e-02 -5.36138446e-02 -4.71662088e-02
  1.78060855e-01 -2.99785897e-01  4.63264896e-01 -4.15011177e-02
 -9.97752819e-02 -6.53237864e-02  5.90260539e-02 -6.13970009e-02
 -2.20107203e-01 -8.24197567e-03 -1.46815316e-01  2.50880338e-02
  7.50963414e-02  2.78222211e-02 -2.11946433e-01  1.80652196e-01
 -1.94505704e-01 -9.75215531e-02  7.30936180e-02 -4.01060838e-02
  1.11657574e-01  2.14945358e-01 -1.85450148e-01  1.18083576e-01
  1.06413296e-01  7.13681182e-02  9.37993839e-02 -9.00160057e-02
 -9.21760307e-02  6.43001147e-02 -5.66172108e-02 -5.20900488e-02
  8.92773298e-02  6.78276912e-02 -3.79626005e-02  3.23674237e-02
 -5.86646983e-02  2.62480301e-02  5.84855624e-02 -8.29776346e-02
 -3.13905959e-02  3.27248719e-01 -1.56720192e-01  1.49311359e-01
 -1.45614245e-01  2.93542836e-02  1.14475895e-01 -2.64778524e-02
  6.15205874e-02  1.30040617e-01 -5.21047356e-01 -5.44754012e-02
  4.25344786e-02 -4.98876743e-02  9.18815160e-02 -1.12415115e-01
  1.86714319e-02 -6.51855679e-02 -7.36602900e-02 -2.44567140e-02
  3.35856398e-02  6.74920154e-02  3.04701823e-02  4.66410770e-02
  2.51367133e-02 -3.67122061e-02 -2.39020387e-02  1.17581421e-02
  4.48699189e-02 -4.69088361e-02  6.97954918e-02 -5.22428471e-02
 -3.97054819e-02  2.20289278e-02 -4.90725918e-02  3.76643220e-02
  7.85563781e-02 -8.16136383e-02 -8.92412833e-02  6.15889669e-02
 -1.31651527e-02  4.41782977e-02 -4.12890827e-02 -8.90224416e-02
 -1.84020981e-01  7.39225858e-02  1.09268716e-02  1.80368304e-02
 -4.11280769e-02  5.23443167e-02  1.88521499e-01  5.91363499e-01
 -4.44616931e-01  2.35434256e-01 -9.01808448e-02  4.17541751e-02
 -5.75966779e-02  6.51746819e-02  1.76309725e-02 -2.69187093e-02
 -2.60802331e-02  4.76298614e-02 -4.01657672e-02 -3.55891779e-02
  5.58425176e-02  1.22790754e-01 -6.05486121e-02  1.20892270e-01
 -4.03934704e-02  2.65328684e-02  9.71590253e-02  5.44236304e-02
 -6.88944420e-02  4.68062512e-02  7.72061679e-03 -2.11154481e-01
  4.55467028e-02  9.85892959e-03 -2.74345926e-02  3.07543769e-02
  1.72062377e-01  1.71000473e-02 -3.00710861e-02 -1.55280089e-01
  1.64237220e-01  2.41867724e-02 -8.04178024e-02 -3.89389186e-02
 -5.02518530e-02  4.96763384e-02 -4.05492470e-02 -6.75604139e-02
 -1.56298137e-02  4.65283416e-02 -4.09045039e-02 -1.97408997e-02
 -7.45962136e-02 -1.59429191e-02 -7.88614574e-02  5.21459013e-02
  5.04537968e-02 -4.59300232e-02  4.59687152e-02 -4.39559458e-01
  6.56596194e-02  4.10800614e-01 -1.46513623e-01 -1.01769810e-01
 -7.91989711e-03  2.06714694e-02  3.51112728e-01 -3.70720512e-01
  1.40553030e-01 -2.87375391e-02 -6.20854163e-02  4.36173984e-02
 -4.01030188e-01 -4.08761358e-01  1.04271700e-01  2.46725661e-01
 -1.47175822e-01 -5.15995767e-01 -9.80702185e-02  2.19832533e-02
 -3.13004546e-02  9.98967500e-02  2.62847231e-01  9.31607934e-02
  1.26372034e-01  4.94916560e-01  5.90456398e-02 -2.92717721e-02
 -2.84518166e-02 -5.43620313e-02 -2.82591539e-02  5.44336888e-02
 -1.01116173e-01 -8.86894162e-02  7.19425191e-02  6.26390878e-02
 -4.74094152e-01  1.21229610e-01  3.96560598e-01  5.38818185e-02
  2.24059898e-01 -1.91093131e-01 -1.65398984e-01  5.12303223e-02
 -2.77051759e-01 -2.64007329e-01 -2.33230161e-01  2.74908365e-02
  2.80549955e-02 -1.73328851e-01 -1.72834112e-01 -1.63417740e-01
 -2.17156178e-01 -2.48641794e-01 -1.58379794e-01  2.59001112e-02
 -2.18974088e-01 -2.25269847e-01 -1.01212481e-01  2.33896862e-02
 -2.31810732e-01  2.44335210e-02 -1.49692501e-01 -9.76641937e-02
  2.33699523e-02  1.86136997e-02 -9.42077476e-02  1.43070203e-01
  2.21037902e-02 -9.33005516e-02  1.80051027e-02  1.39772546e-01
 -1.98932549e-01  1.34762453e-01 -1.34699277e-01  2.03255899e-02
 -1.36745641e-01  1.63964669e-02  1.62409609e-02  1.60853323e-02
 -1.81856446e-01 -1.95649287e-01  1.22817001e-01  1.56077660e-02
  1.21430649e-01  1.51642371e-02  1.88586515e-02 -1.15447340e-01
  8.67530574e-02 -7.62403600e-02 -7.44167775e-02 -7.28691588e-02
 -1.28748797e-01  1.31030563e-02  1.12037529e-01  1.88242972e-02
  1.37308000e-01  1.33805048e-01  1.76035781e-02 -6.90568368e-02
  1.05001999e-01  1.04857054e-01  9.68686462e-02  1.04073212e-01
  1.02935602e-01 -6.74121597e-02  1.07727291e-01  1.05014181e-01
  9.94472410e-02  8.93683150e-02  1.08130866e-02  1.07786922e-02
 -8.36847552e-02]
[[6.81313186e-001 2.64530872e-001 3.40239258e-001 ... 5.78491519e-108
  1.86751970e-107 2.37873656e-113]
 [6.81313186e-001 2.64530872e-001 3.40239258e-001 ... 5.78491519e-108
  1.86751970e-107 2.37873656e-113]
 [6.81313186e-001 2.64530872e-001 3.40239258e-001 ... 5.78491519e-108
  1.86751970e-107 2.37873656e-113]
 ...
 [2.11464231e-001 8.54076567e-001 4.43576363e-001 ... 0.00000000e+000
  0.00000000e+000 0.00000000e+000]
 [2.44971094e-001 8.38688024e-001 4.46272903e-001 ... 0.00000000e+000
  0.00000000e+000 0.00000000e+000]
 [2.80368051e-001 8.13654131e-001 4.43576363e-001 ... 0.00000000e+000
  0.00000000e+000 0.00000000e+000]]
[ 1.95919582e+00 -8.95095466e+00  1.55740227e+01 -2.45079741e+00
 -9.25219272e+00  1.16803261e+00 -1.69428974e+00  2.43893580e+00
 -6.24278346e+00 -8.31630666e-01  4.42475075e+00 -4.67851421e+00
 -4.68642301e+00 -5.52500959e+00  1.33072410e+01  1.90806127e+00
 -7.95300919e+00 -1.09541119e+01  1.91270634e+00 -7.05633766e+00
  6.11383207e+00  1.03348117e+01  3.47813966e+00  1.14633047e+01
  1.38077782e+00  2.21531105e+00  2.75709155e+00 -7.92340261e+00
 -2.44857597e+00 -2.53263380e-01  3.61839607e+00 -1.50325519e+00
 -2.90812901e-01  1.69651644e+00  7.08426258e-01  1.49153968e+00
  2.98173357e+00 -1.72252232e+00  3.30253863e+00  2.04815330e+00
 -3.75045534e+00 -2.66401518e-01  2.11933509e+00 -3.75567783e+00
  7.80231714e-01  1.76334207e+00  4.27369575e-01  3.94824233e+00
 -2.91640779e+00 -2.89744877e-01 -5.28078173e+00  1.59975538e+00
 -1.80264540e-01 -2.20323205e+00 -6.28542379e+00  5.67455452e+00
 -3.31335115e+00  2.66153976e+00 -1.10294673e+00  2.84322972e+00
 -3.59738256e+00 -3.12406460e+00  1.60741368e+00 -3.26177079e+00
 -2.50961092e+00  6.26142428e+00 -2.19752078e+00  9.97391444e-01
  1.27897078e+00  4.27087039e-01  2.47811924e+00  2.50383707e+00
 -3.99074901e+00  7.13761111e-01 -1.54464810e-01 -9.66981482e-01
 -4.13584414e-01  1.50323447e+00  1.63679791e-01  2.18071422e-01
 -1.17357475e+00 -4.20462016e-01  1.05052379e+00 -5.11131736e-02
 -1.09862194e-01  1.50362472e-01  3.06558970e-01 -1.64512256e-01
 -1.00843059e+00  3.65045126e-01 -6.61613239e-01  1.29309206e+00
 -3.63317190e-01  5.87022038e-01 -9.70905658e-01  1.09587188e+00
 -4.06173599e-01 -1.83304550e-01 -6.41373726e-01 -8.47330063e-01
  4.33966370e-01  2.49386233e-01  1.96217275e-01 -1.26318362e-01
 -3.73751036e-01 -5.27669270e-02  2.03770046e-01 -9.20260241e-01
 -1.74867293e-01  1.35306492e+00 -2.04707148e-02 -9.82544892e-01
  1.38175603e-01 -1.04049789e+00  1.04382133e+00  9.99064359e-01
  6.91948029e-01  5.54878495e-01  6.06858205e-02 -3.70617434e-01
  3.86940527e-01 -3.17053082e-01  1.08072617e+00 -1.02538972e+00
  1.85854632e-01 -3.58552316e-01 -4.52249957e-01  3.60463122e-01
  5.96674391e-01 -6.57895554e-01 -3.60597055e-01 -2.60947478e-01
 -6.20107927e-02  4.28498776e-03  3.37567869e-01  1.51831794e-01
 -1.56897168e-01  3.68888576e-01 -1.32887417e-01 -1.67686998e-01
  2.87160628e-02  4.40086504e-01 -5.33062161e-01  7.99467918e-02
 -3.42957649e-01 -6.29384905e-02 -3.20693017e-02  1.88911802e-01
 -1.31595008e-01 -8.83217810e-02 -3.14574841e-02 -1.60481382e-01
  5.10875765e-02  1.54221601e-01 -2.90198046e-01  1.20930298e-01
 -1.76271753e-01 -3.58929792e-01 -4.49947058e-03 -1.95549884e-01
  2.43847036e-02  4.42853966e-02 -9.62113517e-02  2.77728941e-01
  3.19356104e-01 -2.65489511e-01  2.83533701e-01  1.00035108e-01
  2.90123693e-02  3.23537895e-03 -2.02645376e-01 -2.24246731e-02
  5.76330568e-02 -1.82184397e-01 -6.51055470e-01 -2.02409318e-01
 -3.02048290e-01  4.39339061e-02  1.76269292e-01  7.08572373e-01
 -2.00079557e-01  3.62717592e-02  5.17706499e-01  1.92247109e-01
  1.82412392e-01 -3.24778857e-01  2.45565589e-01  5.15856732e-02
  3.07372112e-01 -1.41316891e-01  3.23633164e-01 -6.57877379e-01
  3.38867839e-01  1.10055990e+00 -8.44653034e-01 -9.54893352e-02
  3.63512244e-01 -2.83247250e-01 -4.90948136e-01  6.21594061e-01
  2.45722358e-01 -4.11970390e-01  2.79301633e-01  3.99005915e-02
 -7.89561466e-02  1.38303483e-01 -1.12746072e-01  1.55643998e-01
  1.86401138e-01  3.98229137e-01 -4.20758520e-01 -5.13307443e-01
 -1.07267412e-01  7.99865713e-02 -6.04092520e-02 -1.34407277e-01
  4.75805605e-02  2.21013808e-01  2.00510650e-02 -8.89882706e-02
  3.13430633e-01 -1.30828491e-01 -1.29286271e-01 -1.61399296e-01
 -1.42426576e-01  4.63167703e-02  9.21750111e-02 -2.21352553e-02
 -1.74407129e-01  2.77439784e-02  3.20153119e-02 -2.38689857e-02
 -8.47870603e-02  8.21723069e-02 -5.48985895e-02  5.10311010e-02
  8.34076867e-02 -1.06537238e-01  5.39653829e-02  1.01003517e-01
 -5.20884038e-02  2.06209539e-01  8.85623389e-02 -1.18087262e-01
  1.46595408e-01  9.00202756e-02  1.91842969e-01  2.20831306e-01
  1.24588159e-01 -1.02715416e-01 -1.15344987e-01  2.63290637e-02
 -5.90756715e-02 -5.20386385e-02 -5.36138446e-02 -4.71662088e-02
  1.78060855e-01 -2.99785897e-01  4.63264896e-01 -4.15011177e-02
 -9.97752819e-02 -6.53237864e-02  5.90260539e-02 -6.13970009e-02
 -2.20107203e-01 -8.24197567e-03 -1.46815316e-01  2.50880338e-02
  7.50963414e-02  2.78222211e-02 -2.11946433e-01  1.80652196e-01
 -1.94505704e-01 -9.75215531e-02  7.30936180e-02 -4.01060838e-02
  1.11657574e-01  2.14945358e-01 -1.85450148e-01  1.18083576e-01
  1.06413296e-01  7.13681182e-02  9.37993839e-02 -9.00160057e-02
 -9.21760307e-02  6.43001147e-02 -5.66172108e-02 -5.20900488e-02
  8.92773298e-02  6.78276912e-02 -3.79626005e-02  3.23674237e-02
 -5.86646983e-02  2.62480301e-02  5.84855624e-02 -8.29776346e-02
 -3.13905959e-02  3.27248719e-01 -1.56720192e-01  1.49311359e-01
 -1.45614245e-01  2.93542836e-02  1.14475895e-01 -2.64778524e-02
  6.15205874e-02  1.30040617e-01 -5.21047356e-01 -5.44754012e-02
  4.25344786e-02 -4.98876743e-02  9.18815160e-02 -1.12415115e-01
  1.86714319e-02 -6.51855679e-02 -7.36602900e-02 -2.44567140e-02
  3.35856398e-02  6.74920154e-02  3.04701823e-02  4.66410770e-02
  2.51367133e-02 -3.67122061e-02 -2.39020387e-02  1.17581421e-02
  4.48699189e-02 -4.69088361e-02  6.97954918e-02 -5.22428471e-02
 -3.97054819e-02  2.20289278e-02 -4.90725918e-02  3.76643220e-02
  7.85563781e-02 -8.16136383e-02 -8.92412833e-02  6.15889669e-02
 -1.31651527e-02  4.41782977e-02 -4.12890827e-02 -8.90224416e-02
 -1.84020981e-01  7.39225858e-02  1.09268716e-02  1.80368304e-02
 -4.11280769e-02  5.23443167e-02  1.88521499e-01  5.91363499e-01
 -4.44616931e-01  2.35434256e-01 -9.01808448e-02  4.17541751e-02
 -5.75966779e-02  6.51746819e-02  1.76309725e-02 -2.69187093e-02
 -2.60802331e-02  4.76298614e-02 -4.01657672e-02 -3.55891779e-02
  5.58425176e-02  1.22790754e-01 -6.05486121e-02  1.20892270e-01
 -4.03934704e-02  2.65328684e-02  9.71590253e-02  5.44236304e-02
 -6.88944420e-02  4.68062512e-02  7.72061679e-03 -2.11154481e-01
  4.55467028e-02  9.85892959e-03 -2.74345926e-02  3.07543769e-02
  1.72062377e-01  1.71000473e-02 -3.00710861e-02 -1.55280089e-01
  1.64237220e-01  2.41867724e-02 -8.04178024e-02 -3.89389186e-02
 -5.02518530e-02  4.96763384e-02 -4.05492470e-02 -6.75604139e-02
 -1.56298137e-02  4.65283416e-02 -4.09045039e-02 -1.97408997e-02
 -7.45962136e-02 -1.59429191e-02 -7.88614574e-02  5.21459013e-02
  5.04537968e-02 -4.59300232e-02  4.59687152e-02 -4.39559458e-01
  6.56596194e-02  4.10800614e-01 -1.46513623e-01 -1.01769810e-01
 -7.91989711e-03  2.06714694e-02  3.51112728e-01 -3.70720512e-01
  1.40553030e-01 -2.87375391e-02 -6.20854163e-02  4.36173984e-02
 -4.01030188e-01 -4.08761358e-01  1.04271700e-01  2.46725661e-01
 -1.47175822e-01 -5.15995767e-01 -9.80702185e-02  2.19832533e-02
 -3.13004546e-02  9.98967500e-02  2.62847231e-01  9.31607934e-02
  1.26372034e-01  4.94916560e-01  5.90456398e-02 -2.92717721e-02
 -2.84518166e-02 -5.43620313e-02 -2.82591539e-02  5.44336888e-02
 -1.01116173e-01 -8.86894162e-02  7.19425191e-02  6.26390878e-02
 -4.74094152e-01  1.21229610e-01  3.96560598e-01  5.38818185e-02
  2.24059898e-01 -1.91093131e-01 -1.65398984e-01  5.12303223e-02
 -2.77051759e-01 -2.64007329e-01 -2.33230161e-01  2.74908365e-02
  2.80549955e-02 -1.73328851e-01 -1.72834112e-01 -1.63417740e-01
 -2.17156178e-01 -2.48641794e-01 -1.58379794e-01  2.59001112e-02
 -2.18974088e-01 -2.25269847e-01 -1.01212481e-01  2.33896862e-02
 -2.31810732e-01  2.44335210e-02 -1.49692501e-01 -9.76641937e-02
  2.33699523e-02  1.86136997e-02 -9.42077476e-02  1.43070203e-01
  2.21037902e-02 -9.33005516e-02  1.80051027e-02  1.39772546e-01
 -1.98932549e-01  1.34762453e-01 -1.34699277e-01  2.03255899e-02
 -1.36745641e-01  1.63964669e-02  1.62409609e-02  1.60853323e-02
 -1.81856446e-01 -1.95649287e-01  1.22817001e-01  1.56077660e-02
  1.21430649e-01  1.51642371e-02  1.88586515e-02 -1.15447340e-01
  8.67530574e-02 -7.62403600e-02 -7.44167775e-02 -7.28691588e-02
 -1.28748797e-01  1.31030563e-02  1.12037529e-01  1.88242972e-02
  1.37308000e-01  1.33805048e-01  1.76035781e-02 -6.90568368e-02
  1.05001999e-01  1.04857054e-01  9.68686462e-02  1.04073212e-01
  1.02935602e-01 -6.74121597e-02  1.07727291e-01  1.05014181e-01
  9.94472410e-02  8.93683150e-02  1.08130866e-02  1.07786922e-02
 -8.36847552e-02 -4.08201509e-01  1.28959408e-01 -4.05894081e-01
  1.29811685e-01  1.03135143e-01 -3.96248640e-01  1.26726855e-01
  1.00795126e-01 -3.92606127e-01  1.25850810e-01 -3.82365781e-01
  1.22276222e-01  9.70582747e-02 -3.40307897e-01  1.08041507e-01
 -3.65498551e-01  1.16887611e-01 -3.26806550e-01  1.03337763e-01
 -3.41124944e-01  1.08522966e-01 -3.57853488e-01  1.14459618e-01
 -3.55872274e-01  1.13806779e-01 -3.55565765e-01  1.13716960e-01
 -3.52184008e-01  1.12634982e-01  9.05529634e-02  9.01935664e-02
  8.92389631e-02  1.14534843e-01 -3.29657765e-01  8.87726843e-02
 -3.14128564e-01  9.96409151e-02 -3.24377783e-01  1.03279998e-01
  1.22276240e-01 -3.54996853e-01 -3.33239709e-01  1.06572992e-01
 -3.17364727e-01  1.01025189e-01 -3.17643682e-01  1.01167543e-01
  8.54614108e-02]
[[6.81313186e-001 2.64530872e-001 3.40239258e-001 ... 3.90567895e-076
  1.96031780e-182 2.04297416e-181]
 [6.81313186e-001 2.64530872e-001 3.40239258e-001 ... 3.90567895e-076
  1.96031780e-182 2.04297416e-181]
 [6.81313186e-001 2.64530872e-001 3.40239258e-001 ... 3.90567895e-076
  1.96031780e-182 2.04297416e-181]
 ...
 [2.11464231e-001 8.54076567e-001 4.43576363e-001 ... 0.00000000e+000
  0.00000000e+000 0.00000000e+000]
 [2.44971094e-001 8.38688024e-001 4.46272903e-001 ... 0.00000000e+000
  0.00000000e+000 0.00000000e+000]
 [2.80368051e-001 8.13654131e-001 4.43576363e-001 ... 0.00000000e+000
  0.00000000e+000 0.00000000e+000]]
[ 1.95919582e+00 -8.95095466e+00  1.55740227e+01 -2.45079741e+00
 -9.25219272e+00  1.16803261e+00 -1.69428974e+00  2.43893580e+00
 -6.24278346e+00 -8.31630666e-01  4.42475075e+00 -4.67851421e+00
 -4.68642301e+00 -5.52500959e+00  1.33072410e+01  1.90806127e+00
 -7.95300919e+00 -1.09541119e+01  1.91270634e+00 -7.05633766e+00
  6.11383207e+00  1.03348117e+01  3.47813966e+00  1.14633047e+01
  1.38077782e+00  2.21531105e+00  2.75709155e+00 -7.92340261e+00
 -2.44857597e+00 -2.53263380e-01  3.61839607e+00 -1.50325519e+00
 -2.90812901e-01  1.69651644e+00  7.08426258e-01  1.49153968e+00
  2.98173357e+00 -1.72252232e+00  3.30253863e+00  2.04815330e+00
 -3.75045534e+00 -2.66401518e-01  2.11933509e+00 -3.75567783e+00
  7.80231714e-01  1.76334207e+00  4.27369575e-01  3.94824233e+00
 -2.91640779e+00 -2.89744877e-01 -5.28078173e+00  1.59975538e+00
 -1.80264540e-01 -2.20323205e+00 -6.28542379e+00  5.67455452e+00
 -3.31335115e+00  2.66153976e+00 -1.10294673e+00  2.84322972e+00
 -3.59738256e+00 -3.12406460e+00  1.60741368e+00 -3.26177079e+00
 -2.50961092e+00  6.26142428e+00 -2.19752078e+00  9.97391444e-01
  1.27897078e+00  4.27087039e-01  2.47811924e+00  2.50383707e+00
 -3.99074901e+00  7.13761111e-01 -1.54464810e-01 -9.66981482e-01
 -4.13584414e-01  1.50323447e+00  1.63679791e-01  2.18071422e-01
 -1.17357475e+00 -4.20462016e-01  1.05052379e+00 -5.11131736e-02
 -1.09862194e-01  1.50362472e-01  3.06558970e-01 -1.64512256e-01
 -1.00843059e+00  3.65045126e-01 -6.61613239e-01  1.29309206e+00
 -3.63317190e-01  5.87022038e-01 -9.70905658e-01  1.09587188e+00
 -4.06173599e-01 -1.83304550e-01 -6.41373726e-01 -8.47330063e-01
  4.33966370e-01  2.49386233e-01  1.96217275e-01 -1.26318362e-01
 -3.73751036e-01 -5.27669270e-02  2.03770046e-01 -9.20260241e-01
 -1.74867293e-01  1.35306492e+00 -2.04707148e-02 -9.82544892e-01
  1.38175603e-01 -1.04049789e+00  1.04382133e+00  9.99064359e-01
  6.91948029e-01  5.54878495e-01  6.06858205e-02 -3.70617434e-01
  3.86940527e-01 -3.17053082e-01  1.08072617e+00 -1.02538972e+00
  1.85854632e-01 -3.58552316e-01 -4.52249957e-01  3.60463122e-01
  5.96674391e-01 -6.57895554e-01 -3.60597055e-01 -2.60947478e-01
 -6.20107927e-02  4.28498776e-03  3.37567869e-01  1.51831794e-01
 -1.56897168e-01  3.68888576e-01 -1.32887417e-01 -1.67686998e-01
  2.87160628e-02  4.40086504e-01 -5.33062161e-01  7.99467918e-02
 -3.42957649e-01 -6.29384905e-02 -3.20693017e-02  1.88911802e-01
 -1.31595008e-01 -8.83217810e-02 -3.14574841e-02 -1.60481382e-01
  5.10875765e-02  1.54221601e-01 -2.90198046e-01  1.20930298e-01
 -1.76271753e-01 -3.58929792e-01 -4.49947058e-03 -1.95549884e-01
  2.43847036e-02  4.42853966e-02 -9.62113517e-02  2.77728941e-01
  3.19356104e-01 -2.65489511e-01  2.83533701e-01  1.00035108e-01
  2.90123693e-02  3.23537895e-03 -2.02645376e-01 -2.24246731e-02
  5.76330568e-02 -1.82184397e-01 -6.51055470e-01 -2.02409318e-01
 -3.02048290e-01  4.39339061e-02  1.76269292e-01  7.08572373e-01
 -2.00079557e-01  3.62717592e-02  5.17706499e-01  1.92247109e-01
  1.82412392e-01 -3.24778857e-01  2.45565589e-01  5.15856732e-02
  3.07372112e-01 -1.41316891e-01  3.23633164e-01 -6.57877379e-01
  3.38867839e-01  1.10055990e+00 -8.44653034e-01 -9.54893352e-02
  3.63512244e-01 -2.83247250e-01 -4.90948136e-01  6.21594061e-01
  2.45722358e-01 -4.11970390e-01  2.79301633e-01  3.99005915e-02
 -7.89561466e-02  1.38303483e-01 -1.12746072e-01  1.55643998e-01
  1.86401138e-01  3.98229137e-01 -4.20758520e-01 -5.13307443e-01
 -1.07267412e-01  7.99865713e-02 -6.04092520e-02 -1.34407277e-01
  4.75805605e-02  2.21013808e-01  2.00510650e-02 -8.89882706e-02
  3.13430633e-01 -1.30828491e-01 -1.29286271e-01 -1.61399296e-01
 -1.42426576e-01  4.63167703e-02  9.21750111e-02 -2.21352553e-02
 -1.74407129e-01  2.77439784e-02  3.20153119e-02 -2.38689857e-02
 -8.47870603e-02  8.21723069e-02 -5.48985895e-02  5.10311010e-02
  8.34076867e-02 -1.06537238e-01  5.39653829e-02  1.01003517e-01
 -5.20884038e-02  2.06209539e-01  8.85623389e-02 -1.18087262e-01
  1.46595408e-01  9.00202756e-02  1.91842969e-01  2.20831306e-01
  1.24588159e-01 -1.02715416e-01 -1.15344987e-01  2.63290637e-02
 -5.90756715e-02 -5.20386385e-02 -5.36138446e-02 -4.71662088e-02
  1.78060855e-01 -2.99785897e-01  4.63264896e-01 -4.15011177e-02
 -9.97752819e-02 -6.53237864e-02  5.90260539e-02 -6.13970009e-02
 -2.20107203e-01 -8.24197567e-03 -1.46815316e-01  2.50880338e-02
  7.50963414e-02  2.78222211e-02 -2.11946433e-01  1.80652196e-01
 -1.94505704e-01 -9.75215531e-02  7.30936180e-02 -4.01060838e-02
  1.11657574e-01  2.14945358e-01 -1.85450148e-01  1.18083576e-01
  1.06413296e-01  7.13681182e-02  9.37993839e-02 -9.00160057e-02
 -9.21760307e-02  6.43001147e-02 -5.66172108e-02 -5.20900488e-02
  8.92773298e-02  6.78276912e-02 -3.79626005e-02  3.23674237e-02
 -5.86646983e-02  2.62480301e-02  5.84855624e-02 -8.29776346e-02
 -3.13905959e-02  3.27248719e-01 -1.56720192e-01  1.49311359e-01
 -1.45614245e-01  2.93542836e-02  1.14475895e-01 -2.64778524e-02
  6.15205874e-02  1.30040617e-01 -5.21047356e-01 -5.44754012e-02
  4.25344786e-02 -4.98876743e-02  9.18815160e-02 -1.12415115e-01
  1.86714319e-02 -6.51855679e-02 -7.36602900e-02 -2.44567140e-02
  3.35856398e-02  6.74920154e-02  3.04701823e-02  4.66410770e-02
  2.51367133e-02 -3.67122061e-02 -2.39020387e-02  1.17581421e-02
  4.48699189e-02 -4.69088361e-02  6.97954918e-02 -5.22428471e-02
 -3.97054819e-02  2.20289278e-02 -4.90725918e-02  3.76643220e-02
  7.85563781e-02 -8.16136383e-02 -8.92412833e-02  6.15889669e-02
 -1.31651527e-02  4.41782977e-02 -4.12890827e-02 -8.90224416e-02
 -1.84020981e-01  7.39225858e-02  1.09268716e-02  1.80368304e-02
 -4.11280769e-02  5.23443167e-02  1.88521499e-01  5.91363499e-01
 -4.44616931e-01  2.35434256e-01 -9.01808448e-02  4.17541751e-02
 -5.75966779e-02  6.51746819e-02  1.76309725e-02 -2.69187093e-02
 -2.60802331e-02  4.76298614e-02 -4.01657672e-02 -3.55891779e-02
  5.58425176e-02  1.22790754e-01 -6.05486121e-02  1.20892270e-01
 -4.03934704e-02  2.65328684e-02  9.71590253e-02  5.44236304e-02
 -6.88944420e-02  4.68062512e-02  7.72061679e-03 -2.11154481e-01
  4.55467028e-02  9.85892959e-03 -2.74345926e-02  3.07543769e-02
  1.72062377e-01  1.71000473e-02 -3.00710861e-02 -1.55280089e-01
  1.64237220e-01  2.41867724e-02 -8.04178024e-02 -3.89389186e-02
 -5.02518530e-02  4.96763384e-02 -4.05492470e-02 -6.75604139e-02
 -1.56298137e-02  4.65283416e-02 -4.09045039e-02 -1.97408997e-02
 -7.45962136e-02 -1.59429191e-02 -7.88614574e-02  5.21459013e-02
  5.04537968e-02 -4.59300232e-02  4.59687152e-02 -4.39559458e-01
  6.56596194e-02  4.10800614e-01 -1.46513623e-01 -1.01769810e-01
 -7.91989711e-03  2.06714694e-02  3.51112728e-01 -3.70720512e-01
  1.40553030e-01 -2.87375391e-02 -6.20854163e-02  4.36173984e-02
 -4.01030188e-01 -4.08761358e-01  1.04271700e-01  2.46725661e-01
 -1.47175822e-01 -5.15995767e-01 -9.80702185e-02  2.19832533e-02
 -3.13004546e-02  9.98967500e-02  2.62847231e-01  9.31607934e-02
  1.26372034e-01  4.94916560e-01  5.90456398e-02 -2.92717721e-02
 -2.84518166e-02 -5.43620313e-02 -2.82591539e-02  5.44336888e-02
 -1.01116173e-01 -8.86894162e-02  7.19425191e-02  6.26390878e-02
 -4.74094152e-01  1.21229610e-01  3.96560598e-01  5.38818185e-02
  2.24059898e-01 -1.91093131e-01 -1.65398984e-01  5.12303223e-02
 -2.77051759e-01 -2.64007329e-01 -2.33230161e-01  2.74908365e-02
  2.80549955e-02 -1.73328851e-01 -1.72834112e-01 -1.63417740e-01
 -2.17156178e-01 -2.48641794e-01 -1.58379794e-01  2.59001112e-02
 -2.18974088e-01 -2.25269847e-01 -1.01212481e-01  2.33896862e-02
 -2.31810732e-01  2.44335210e-02 -1.49692501e-01 -9.76641937e-02
  2.33699523e-02  1.86136997e-02 -9.42077476e-02  1.43070203e-01
  2.21037902e-02 -9.33005516e-02  1.80051027e-02  1.39772546e-01
 -1.98932549e-01  1.34762453e-01 -1.34699277e-01  2.03255899e-02
 -1.36745641e-01  1.63964669e-02  1.62409609e-02  1.60853323e-02
 -1.81856446e-01 -1.95649287e-01  1.22817001e-01  1.56077660e-02
  1.21430649e-01  1.51642371e-02  1.88586515e-02 -1.15447340e-01
  8.67530574e-02 -7.62403600e-02 -7.44167775e-02 -7.28691588e-02
 -1.28748797e-01  1.31030563e-02  1.12037529e-01  1.88242972e-02
  1.37308000e-01  1.33805048e-01  1.76035781e-02 -6.90568368e-02
  1.05001999e-01  1.04857054e-01  9.68686462e-02  1.04073212e-01
  1.02935602e-01 -6.74121597e-02  1.07727291e-01  1.05014181e-01
  9.94472410e-02  8.93683150e-02  1.08130866e-02  1.07786922e-02
 -8.36847552e-02 -4.08201509e-01  1.28959408e-01 -4.05894081e-01
  1.29811685e-01  1.03135143e-01 -3.96248640e-01  1.26726855e-01
  1.00795126e-01 -3.92606127e-01  1.25850810e-01 -3.82365781e-01
  1.22276222e-01  9.70582747e-02 -3.40307897e-01  1.08041507e-01
 -3.65498551e-01  1.16887611e-01 -3.26806550e-01  1.03337763e-01
 -3.41124944e-01  1.08522966e-01 -3.57853488e-01  1.14459618e-01
 -3.55872274e-01  1.13806779e-01 -3.55565765e-01  1.13716960e-01
 -3.52184008e-01  1.12634982e-01  9.05529634e-02  9.01935664e-02
  8.92389631e-02  1.14534843e-01 -3.29657765e-01  8.87726843e-02
 -3.14128564e-01  9.96409151e-02 -3.24377783e-01  1.03279998e-01
  1.22276240e-01 -3.54996853e-01 -3.33239709e-01  1.06572992e-01
 -3.17364727e-01  1.01025189e-01 -3.17643682e-01  1.01167543e-01
  8.54614108e-02 -3.47398578e-01 -3.22975626e-01 -2.97528367e-01
 -2.97315124e-01 -2.96022352e-01 -3.05206202e-01 -2.93546790e-01
 -2.91557221e-01  4.14875541e-02 -3.05022261e-01 -3.31725816e-01
  4.39569360e-02 -2.68625518e-01 -2.67652894e-01 -2.68349444e-01
 -2.63617053e-01 -2.50858457e-01 -2.59665736e-01 -2.74338844e-01
  3.67588834e-02  3.64941889e-02 -2.69976237e-01 -2.47283404e-01
 -2.94627494e-01  3.89287560e-02 -2.93729455e-01  3.87652716e-02
 -2.96367701e-01  3.95210407e-02 -2.37110923e-01 -2.65845250e-01
 -2.67816187e-01 -2.83975389e-01  3.78578022e-02  3.42113861e-02
 -2.68286258e-01  3.46650096e-02  3.28117760e-02  3.27137265e-02
 -2.15143767e-01  3.22559018e-02  3.21116961e-02 -2.20779198e-01
  3.18667301e-02  3.18360674e-02  3.16819541e-02  3.15644658e-02
 -2.67995143e-01  3.65652838e-02  3.14166269e-02 -2.52000247e-01
  3.31134126e-02 -2.57090121e-01  3.46363515e-02 -2.00104004e-01
 -1.14366867e-01 -2.19144831e-01  2.87415067e-02 -2.26915352e-01
  2.90734661e-02 -1.11627939e-01  2.84346192e-02 -2.31296408e-01
  3.03116358e-02  2.82379637e-02  2.80519445e-02  2.78105012e-02
 -2.09863310e-01  2.64866617e-02  2.64852124e-02  2.58037382e-02
 -1.83637536e-01  2.52651347e-02  2.47932310e-02  2.42153990e-02
 -2.05613133e-01  2.83823048e-02  2.21275456e-02  2.13344341e-02
  2.09298464e-02 -1.60729286e-01  2.03010402e-02 -1.41943893e-01
  1.79680539e-02]
[[6.81313186e-001 2.64530872e-001 3.40239258e-001 ... 1.96031780e-182
  2.04297416e-181 0.00000000e+000]
 [6.81313186e-001 2.64530872e-001 3.40239258e-001 ... 1.96031780e-182
  2.04297416e-181 0.00000000e+000]
 [6.81313186e-001 2.64530872e-001 3.40239258e-001 ... 1.96031780e-182
  2.04297416e-181 0.00000000e+000]
 ...
 [2.11464231e-001 8.54076567e-001 4.43576363e-001 ... 0.00000000e+000
  0.00000000e+000 0.00000000e+000]
 [2.44971094e-001 8.38688024e-001 4.46272903e-001 ... 0.00000000e+000
  0.00000000e+000 0.00000000e+000]
 [2.80368051e-001 8.13654131e-001 4.43576363e-001 ... 0.00000000e+000
  0.00000000e+000 0.00000000e+000]]
[ 1.95919582e+00 -8.95095466e+00  1.55740227e+01 -2.45079741e+00
 -9.25219272e+00  1.16803261e+00 -1.69428974e+00  2.43893580e+00
 -6.24278346e+00 -8.31630666e-01  4.42475075e+00 -4.67851421e+00
 -4.68642301e+00 -5.52500959e+00  1.33072410e+01  1.90806127e+00
 -7.95300919e+00 -1.09541119e+01  1.91270634e+00 -7.05633766e+00
  6.11383207e+00  1.03348117e+01  3.47813966e+00  1.14633047e+01
  1.38077782e+00  2.21531105e+00  2.75709155e+00 -7.92340261e+00
 -2.44857597e+00 -2.53263380e-01  3.61839607e+00 -1.50325519e+00
 -2.90812901e-01  1.69651644e+00  7.08426258e-01  1.49153968e+00
  2.98173357e+00 -1.72252232e+00  3.30253863e+00  2.04815330e+00
 -3.75045534e+00 -2.66401518e-01  2.11933509e+00 -3.75567783e+00
  7.80231714e-01  1.76334207e+00  4.27369575e-01  3.94824233e+00
 -2.91640779e+00 -2.89744877e-01 -5.28078173e+00  1.59975538e+00
 -1.80264540e-01 -2.20323205e+00 -6.28542379e+00  5.67455452e+00
 -3.31335115e+00  2.66153976e+00 -1.10294673e+00  2.84322972e+00
 -3.59738256e+00 -3.12406460e+00  1.60741368e+00 -3.26177079e+00
 -2.50961092e+00  6.26142428e+00 -2.19752078e+00  9.97391444e-01
  1.27897078e+00  4.27087039e-01  2.47811924e+00  2.50383707e+00
 -3.99074901e+00  7.13761111e-01 -1.54464810e-01 -9.66981482e-01
 -4.13584414e-01  1.50323447e+00  1.63679791e-01  2.18071422e-01
 -1.17357475e+00 -4.20462016e-01  1.05052379e+00 -5.11131736e-02
 -1.09862194e-01  1.50362472e-01  3.06558970e-01 -1.64512256e-01
 -1.00843059e+00  3.65045126e-01 -6.61613239e-01  1.29309206e+00
 -3.63317190e-01  5.87022038e-01 -9.70905658e-01  1.09587188e+00
 -4.06173599e-01 -1.83304550e-01 -6.41373726e-01 -8.47330063e-01
  4.33966370e-01  2.49386233e-01  1.96217275e-01 -1.26318362e-01
 -3.73751036e-01 -5.27669270e-02  2.03770046e-01 -9.20260241e-01
 -1.74867293e-01  1.35306492e+00 -2.04707148e-02 -9.82544892e-01
  1.38175603e-01 -1.04049789e+00  1.04382133e+00  9.99064359e-01
  6.91948029e-01  5.54878495e-01  6.06858205e-02 -3.70617434e-01
  3.86940527e-01 -3.17053082e-01  1.08072617e+00 -1.02538972e+00
  1.85854632e-01 -3.58552316e-01 -4.52249957e-01  3.60463122e-01
  5.96674391e-01 -6.57895554e-01 -3.60597055e-01 -2.60947478e-01
 -6.20107927e-02  4.28498776e-03  3.37567869e-01  1.51831794e-01
 -1.56897168e-01  3.68888576e-01 -1.32887417e-01 -1.67686998e-01
  2.87160628e-02  4.40086504e-01 -5.33062161e-01  7.99467918e-02
 -3.42957649e-01 -6.29384905e-02 -3.20693017e-02  1.88911802e-01
 -1.31595008e-01 -8.83217810e-02 -3.14574841e-02 -1.60481382e-01
  5.10875765e-02  1.54221601e-01 -2.90198046e-01  1.20930298e-01
 -1.76271753e-01 -3.58929792e-01 -4.49947058e-03 -1.95549884e-01
  2.43847036e-02  4.42853966e-02 -9.62113517e-02  2.77728941e-01
  3.19356104e-01 -2.65489511e-01  2.83533701e-01  1.00035108e-01
  2.90123693e-02  3.23537895e-03 -2.02645376e-01 -2.24246731e-02
  5.76330568e-02 -1.82184397e-01 -6.51055470e-01 -2.02409318e-01
 -3.02048290e-01  4.39339061e-02  1.76269292e-01  7.08572373e-01
 -2.00079557e-01  3.62717592e-02  5.17706499e-01  1.92247109e-01
  1.82412392e-01 -3.24778857e-01  2.45565589e-01  5.15856732e-02
  3.07372112e-01 -1.41316891e-01  3.23633164e-01 -6.57877379e-01
  3.38867839e-01  1.10055990e+00 -8.44653034e-01 -9.54893352e-02
  3.63512244e-01 -2.83247250e-01 -4.90948136e-01  6.21594061e-01
  2.45722358e-01 -4.11970390e-01  2.79301633e-01  3.99005915e-02
 -7.89561466e-02  1.38303483e-01 -1.12746072e-01  1.55643998e-01
  1.86401138e-01  3.98229137e-01 -4.20758520e-01 -5.13307443e-01
 -1.07267412e-01  7.99865713e-02 -6.04092520e-02 -1.34407277e-01
  4.75805605e-02  2.21013808e-01  2.00510650e-02 -8.89882706e-02
  3.13430633e-01 -1.30828491e-01 -1.29286271e-01 -1.61399296e-01
 -1.42426576e-01  4.63167703e-02  9.21750111e-02 -2.21352553e-02
 -1.74407129e-01  2.77439784e-02  3.20153119e-02 -2.38689857e-02
 -8.47870603e-02  8.21723069e-02 -5.48985895e-02  5.10311010e-02
  8.34076867e-02 -1.06537238e-01  5.39653829e-02  1.01003517e-01
 -5.20884038e-02  2.06209539e-01  8.85623389e-02 -1.18087262e-01
  1.46595408e-01  9.00202756e-02  1.91842969e-01  2.20831306e-01
  1.24588159e-01 -1.02715416e-01 -1.15344987e-01  2.63290637e-02
 -5.90756715e-02 -5.20386385e-02 -5.36138446e-02 -4.71662088e-02
  1.78060855e-01 -2.99785897e-01  4.63264896e-01 -4.15011177e-02
 -9.97752819e-02 -6.53237864e-02  5.90260539e-02 -6.13970009e-02
 -2.20107203e-01 -8.24197567e-03 -1.46815316e-01  2.50880338e-02
  7.50963414e-02  2.78222211e-02 -2.11946433e-01  1.80652196e-01
 -1.94505704e-01 -9.75215531e-02  7.30936180e-02 -4.01060838e-02
  1.11657574e-01  2.14945358e-01 -1.85450148e-01  1.18083576e-01
  1.06413296e-01  7.13681182e-02  9.37993839e-02 -9.00160057e-02
 -9.21760307e-02  6.43001147e-02 -5.66172108e-02 -5.20900488e-02
  8.92773298e-02  6.78276912e-02 -3.79626005e-02  3.23674237e-02
 -5.86646983e-02  2.62480301e-02  5.84855624e-02 -8.29776346e-02
 -3.13905959e-02  3.27248719e-01 -1.56720192e-01  1.49311359e-01
 -1.45614245e-01  2.93542836e-02  1.14475895e-01 -2.64778524e-02
  6.15205874e-02  1.30040617e-01 -5.21047356e-01 -5.44754012e-02
  4.25344786e-02 -4.98876743e-02  9.18815160e-02 -1.12415115e-01
  1.86714319e-02 -6.51855679e-02 -7.36602900e-02 -2.44567140e-02
  3.35856398e-02  6.74920154e-02  3.04701823e-02  4.66410770e-02
  2.51367133e-02 -3.67122061e-02 -2.39020387e-02  1.17581421e-02
  4.48699189e-02 -4.69088361e-02  6.97954918e-02 -5.22428471e-02
 -3.97054819e-02  2.20289278e-02 -4.90725918e-02  3.76643220e-02
  7.85563781e-02 -8.16136383e-02 -8.92412833e-02  6.15889669e-02
 -1.31651527e-02  4.41782977e-02 -4.12890827e-02 -8.90224416e-02
 -1.84020981e-01  7.39225858e-02  1.09268716e-02  1.80368304e-02
 -4.11280769e-02  5.23443167e-02  1.88521499e-01  5.91363499e-01
 -4.44616931e-01  2.35434256e-01 -9.01808448e-02  4.17541751e-02
 -5.75966779e-02  6.51746819e-02  1.76309725e-02 -2.69187093e-02
 -2.60802331e-02  4.76298614e-02 -4.01657672e-02 -3.55891779e-02
  5.58425176e-02  1.22790754e-01 -6.05486121e-02  1.20892270e-01
 -4.03934704e-02  2.65328684e-02  9.71590253e-02  5.44236304e-02
 -6.88944420e-02  4.68062512e-02  7.72061679e-03 -2.11154481e-01
  4.55467028e-02  9.85892959e-03 -2.74345926e-02  3.07543769e-02
  1.72062377e-01  1.71000473e-02 -3.00710861e-02 -1.55280089e-01
  1.64237220e-01  2.41867724e-02 -8.04178024e-02 -3.89389186e-02
 -5.02518530e-02  4.96763384e-02 -4.05492470e-02 -6.75604139e-02
 -1.56298137e-02  4.65283416e-02 -4.09045039e-02 -1.97408997e-02
 -7.45962136e-02 -1.59429191e-02 -7.88614574e-02  5.21459013e-02
  5.04537968e-02 -4.59300232e-02  4.59687152e-02 -4.39559458e-01
  6.56596194e-02  4.10800614e-01 -1.46513623e-01 -1.01769810e-01
 -7.91989711e-03  2.06714694e-02  3.51112728e-01 -3.70720512e-01
  1.40553030e-01 -2.87375391e-02 -6.20854163e-02  4.36173984e-02
 -4.01030188e-01 -4.08761358e-01  1.04271700e-01  2.46725661e-01
 -1.47175822e-01 -5.15995767e-01 -9.80702185e-02  2.19832533e-02
 -3.13004546e-02  9.98967500e-02  2.62847231e-01  9.31607934e-02
  1.26372034e-01  4.94916560e-01  5.90456398e-02 -2.92717721e-02
 -2.84518166e-02 -5.43620313e-02 -2.82591539e-02  5.44336888e-02
 -1.01116173e-01 -8.86894162e-02  7.19425191e-02  6.26390878e-02
 -4.74094152e-01  1.21229610e-01  3.96560598e-01  5.38818185e-02
  2.24059898e-01 -1.91093131e-01 -1.65398984e-01  5.12303223e-02
 -2.77051759e-01 -2.64007329e-01 -2.33230161e-01  2.74908365e-02
  2.80549955e-02 -1.73328851e-01 -1.72834112e-01 -1.63417740e-01
 -2.17156178e-01 -2.48641794e-01 -1.58379794e-01  2.59001112e-02
 -2.18974088e-01 -2.25269847e-01 -1.01212481e-01  2.33896862e-02
 -2.31810732e-01  2.44335210e-02 -1.49692501e-01 -9.76641937e-02
  2.33699523e-02  1.86136997e-02 -9.42077476e-02  1.43070203e-01
  2.21037902e-02 -9.33005516e-02  1.80051027e-02  1.39772546e-01
 -1.98932549e-01  1.34762453e-01 -1.34699277e-01  2.03255899e-02
 -1.36745641e-01  1.63964669e-02  1.62409609e-02  1.60853323e-02
 -1.81856446e-01 -1.95649287e-01  1.22817001e-01  1.56077660e-02
  1.21430649e-01  1.51642371e-02  1.88586515e-02 -1.15447340e-01
  8.67530574e-02 -7.62403600e-02 -7.44167775e-02 -7.28691588e-02
 -1.28748797e-01  1.31030563e-02  1.12037529e-01  1.88242972e-02
  1.37308000e-01  1.33805048e-01  1.76035781e-02 -6.90568368e-02
  1.05001999e-01  1.04857054e-01  9.68686462e-02  1.04073212e-01
  1.02935602e-01 -6.74121597e-02  1.07727291e-01  1.05014181e-01
  9.94472410e-02  8.93683150e-02  1.08130866e-02  1.07786922e-02
 -8.36847552e-02 -4.08201509e-01  1.28959408e-01 -4.05894081e-01
  1.29811685e-01  1.03135143e-01 -3.96248640e-01  1.26726855e-01
  1.00795126e-01 -3.92606127e-01  1.25850810e-01 -3.82365781e-01
  1.22276222e-01  9.70582747e-02 -3.40307897e-01  1.08041507e-01
 -3.65498551e-01  1.16887611e-01 -3.26806550e-01  1.03337763e-01
 -3.41124944e-01  1.08522966e-01 -3.57853488e-01  1.14459618e-01
 -3.55872274e-01  1.13806779e-01 -3.55565765e-01  1.13716960e-01
 -3.52184008e-01  1.12634982e-01  9.05529634e-02  9.01935664e-02
  8.92389631e-02  1.14534843e-01 -3.29657765e-01  8.87726843e-02
 -3.14128564e-01  9.96409151e-02 -3.24377783e-01  1.03279998e-01
  1.22276240e-01 -3.54996853e-01 -3.33239709e-01  1.06572992e-01
 -3.17364727e-01  1.01025189e-01 -3.17643682e-01  1.01167543e-01
  8.54614108e-02 -3.47398578e-01 -3.22975626e-01 -2.97528367e-01
 -2.97315124e-01 -2.96022352e-01 -3.05206202e-01 -2.93546790e-01
 -2.91557221e-01  4.14875541e-02 -3.05022261e-01 -3.31725816e-01
  4.39569360e-02 -2.68625518e-01 -2.67652894e-01 -2.68349444e-01
 -2.63617053e-01 -2.50858457e-01 -2.59665736e-01 -2.74338844e-01
  3.67588834e-02  3.64941889e-02 -2.69976237e-01 -2.47283404e-01
 -2.94627494e-01  3.89287560e-02 -2.93729455e-01  3.87652716e-02
 -2.96367701e-01  3.95210407e-02 -2.37110923e-01 -2.65845250e-01
 -2.67816187e-01 -2.83975389e-01  3.78578022e-02  3.42113861e-02
 -2.68286258e-01  3.46650096e-02  3.28117760e-02  3.27137265e-02
 -2.15143767e-01  3.22559018e-02  3.21116961e-02 -2.20779198e-01
  3.18667301e-02  3.18360674e-02  3.16819541e-02  3.15644658e-02
 -2.67995143e-01  3.65652838e-02  3.14166269e-02 -2.52000247e-01
  3.31134126e-02 -2.57090121e-01  3.46363515e-02 -2.00104004e-01
 -1.14366867e-01 -2.19144831e-01  2.87415067e-02 -2.26915352e-01
  2.90734661e-02 -1.11627939e-01  2.84346192e-02 -2.31296408e-01
  3.03116358e-02  2.82379637e-02  2.80519445e-02  2.78105012e-02
 -2.09863310e-01  2.64866617e-02  2.64852124e-02  2.58037382e-02
 -1.83637536e-01  2.52651347e-02  2.47932310e-02  2.42153990e-02
 -2.05613133e-01  2.83823048e-02  2.21275456e-02  2.13344341e-02
  2.09298464e-02 -1.60729286e-01  2.03010402e-02 -1.41943893e-01
  1.79680539e-02 -1.46712134e-01]
[[0.00141602 0.06086535]
 [0.00356445 0.05995957]
 [0.00625    0.05917459]
 [0.00981445 0.05877618]
 [0.01416016 0.05828404]
 [0.01762695 0.05810404]
 [0.02011719 0.05801357]
 [0.02167969 0.0579183 ]
 [0.02470703 0.05774708]
 [0.02504883 0.05773468]
 [0.02739258 0.05731764]
 [0.03149414 0.05674317]
 [0.03154297 0.05673895]]
