12
0.0006
rdot
MMA
sample
[[ 1.          0.97873908  0.76356524 ...  0.9782      0.59105727
   0.27531309]
 [ 1.          0.97873908  0.76356524 ...  0.9782      0.59105727
   0.37814505]
 [ 1.          0.97873908  0.76356524 ...  0.9782      0.59105727
   0.39295525]
 ...
 [ 0.10612479  0.9834187   0.93762584 ...  0.66369007  0.95890836
  -0.11330898]
 [ 0.17687465  0.9834187   0.93762584 ...  0.66369007  0.95890836
  -0.11745745]
 [ 0.24762451  0.9834187   0.93762584 ...  0.66369007  0.95890836
  -0.12113016]]
20480
2.593313911077199e-05
[[0.68131319 0.26453087 0.34023926 ... 0.90059976 0.78550086 0.28533423]
 [0.68131319 0.26453087 0.34023926 ... 0.90059976 0.78550086 0.28533423]
 [0.68131319 0.26453087 0.34023926 ... 0.90059976 0.78550086 0.28533423]
 ...
 [0.21146423 0.85407657 0.44357636 ... 0.33901304 0.16272003 0.54215756]
 [0.24497109 0.83868802 0.4462729  ... 0.38652119 0.1885033  0.5323891 ]
 [0.28036805 0.81365413 0.44357636 ... 0.43537749 0.21574097 0.51649789]]
[  1.52021002  -6.17875966  18.26933629  -0.68434869  -6.49041691
   1.54893707   0.87400367   0.85125204  -4.99972407  -1.39818022
   2.90926247  -1.25460214  -2.38220043  -3.40063634   8.87939858
  -0.07348088  -8.62784441 -11.06472011   2.61906177  -5.71564641
   5.10614047  10.47169563   0.31314544  10.79841936  -9.61553047
   1.04108317   2.89484644  -8.31054703  -4.05856981   8.97141292
  -2.95963505]
[[0.68131319 0.26453087 0.34023926 ... 0.80200016 0.8350715  0.14223765]
 [0.68131319 0.26453087 0.34023926 ... 0.80200016 0.8350715  0.14223765]
 [0.68131319 0.26453087 0.34023926 ... 0.80200016 0.8350715  0.14223765]
 ...
 [0.21146423 0.85407657 0.44357636 ... 0.11313871 0.04173885 0.51946901]
 [0.24497109 0.83868802 0.4462729  ... 0.14707032 0.05601396 0.525804  ]
 [0.28036805 0.81365413 0.44357636 ... 0.18659945 0.07337087 0.51946901]]
[  1.52021002  -6.17875966  18.26933629  -0.68434869  -6.49041691
   1.54893707   0.87400367   0.85125204  -4.99972407  -1.39818022
   2.90926247  -1.25460214  -2.38220043  -3.40063634   8.87939858
  -0.07348088  -8.62784441 -11.06472011   2.61906177  -5.71564641
   5.10614047  10.47169563   0.31314544  10.79841936  -9.61553047
   1.04108317   2.89484644  -8.31054703  -4.05856981   8.97141292
  -2.95963505   1.49134521  -2.01927848   1.67258641   1.52543069
   0.44146132   4.97863783  -0.4150041   -2.02765947   0.4752917
   2.08673676   1.63951081   0.41324449   3.02068025  -9.24738357
   5.53262193   2.05351396  -2.76384835  -1.43062887   0.3764986
  -3.70749821  -2.53988853  -2.35941785   4.48455398  -5.57208309
   6.52648902   7.47940316  -1.39590218   7.1636986    3.13138917
   1.04854625   1.83789443 -12.19202232  -0.46024045  -0.52147174
  -4.1931333   -5.86176724   5.1127278   -4.81997697   3.51259924
   3.11873323  -3.44090479  -1.42776411   1.44416774  -1.85886811]
[[0.68131319 0.26453087 0.34023926 ... 0.06730487 0.00246953 0.00444366]
 [0.68131319 0.26453087 0.34023926 ... 0.06730487 0.00246953 0.00444366]
 [0.68131319 0.26453087 0.34023926 ... 0.06730487 0.00246953 0.00444366]
 ...
 [0.21146423 0.85407657 0.44357636 ... 0.17694157 0.97604876 0.42987411]
 [0.24497109 0.83868802 0.4462729  ... 0.19944361 0.90758238 0.39971996]
 [0.28036805 0.81365413 0.44357636 ... 0.21416741 0.803977   0.35408979]]
[ 1.52021002e+00 -6.17875966e+00  1.82693363e+01 -6.84348689e-01
 -6.49041691e+00  1.54893707e+00  8.74003667e-01  8.51252036e-01
 -4.99972407e+00 -1.39818022e+00  2.90926247e+00 -1.25460214e+00
 -2.38220043e+00 -3.40063634e+00  8.87939858e+00 -7.34808807e-02
 -8.62784441e+00 -1.10647201e+01  2.61906177e+00 -5.71564641e+00
  5.10614047e+00  1.04716956e+01  3.13145441e-01  1.07984194e+01
 -9.61553047e+00  1.04108317e+00  2.89484644e+00 -8.31054703e+00
 -4.05856981e+00  8.97141292e+00 -2.95963505e+00  1.49134521e+00
 -2.01927848e+00  1.67258641e+00  1.52543069e+00  4.41461323e-01
  4.97863783e+00 -4.15004101e-01 -2.02765947e+00  4.75291697e-01
  2.08673676e+00  1.63951081e+00  4.13244493e-01  3.02068025e+00
 -9.24738357e+00  5.53262193e+00  2.05351396e+00 -2.76384835e+00
 -1.43062887e+00  3.76498597e-01 -3.70749821e+00 -2.53988853e+00
 -2.35941785e+00  4.48455398e+00 -5.57208309e+00  6.52648902e+00
  7.47940316e+00 -1.39590218e+00  7.16369860e+00  3.13138917e+00
  1.04854625e+00  1.83789443e+00 -1.21920223e+01 -4.60240445e-01
 -5.21471745e-01 -4.19313330e+00 -5.86176724e+00  5.11272780e+00
 -4.81997697e+00  3.51259924e+00  3.11873323e+00 -3.44090479e+00
 -1.42776411e+00  1.44416774e+00 -1.85886811e+00  1.50466504e+00
 -9.82168625e-01 -1.46260967e-01  4.74980810e-01 -1.61089215e-01
  1.03919759e+00 -8.35188286e-01 -8.86436709e-01  1.36574043e+00
 -5.32132150e-02  1.86151037e+00 -7.99407771e-01  1.12953602e-01
 -3.65130392e-01 -2.04865943e-01  1.23065257e+00 -9.74628366e-01
 -1.29451352e-01  2.39304965e-01 -1.15380369e-02  2.31515639e-01
  2.51071939e-01 -9.88297864e-02  6.95990144e-01  1.66367720e-01
 -1.64832934e-01  7.78793446e-01 -5.40470794e-01 -3.29524608e-01
  1.52541088e-01 -6.43586639e-01 -2.64782263e-01 -3.05122655e-01
 -2.43502160e-01  4.66455728e-01 -1.20409834e+00  9.22765513e-01
  5.41787545e-01  1.02893590e+00 -3.11699128e-01  3.65912816e-01
 -9.20547517e-01  7.26868477e-02  2.29658462e-02 -7.32076221e-01
 -6.90240255e-01  6.54346108e-01  2.92931695e-01 -5.88020378e-01
  4.01320137e-01  4.46264693e-01 -7.50721214e-01 -1.51102330e+00
 -2.62288355e-01]
[[6.81313186e-01 2.64530872e-01 3.40239258e-01 ... 3.16732592e-03
  7.05699696e-05 4.64273991e-02]
 [6.81313186e-01 2.64530872e-01 3.40239258e-01 ... 3.16732592e-03
  7.05699696e-05 4.64273991e-02]
 [6.81313186e-01 2.64530872e-01 3.40239258e-01 ... 3.16732592e-03
  7.05699696e-05 4.64273991e-02]
 ...
 [2.11464231e-01 8.54076567e-01 4.43576363e-01 ... 7.50521931e-04
  1.93972230e-01 3.99848379e-06]
 [2.44971094e-01 8.38688024e-01 4.46272903e-01 ... 1.04435715e-03
  1.84791754e-01 1.29693657e-05]
 [2.80368051e-01 8.13654131e-01 4.43576363e-01 ... 1.31892698e-03
  1.59776046e-01 3.81793198e-05]]
[ 1.52021002e+00 -6.17875966e+00  1.82693363e+01 -6.84348689e-01
 -6.49041691e+00  1.54893707e+00  8.74003667e-01  8.51252036e-01
 -4.99972407e+00 -1.39818022e+00  2.90926247e+00 -1.25460214e+00
 -2.38220043e+00 -3.40063634e+00  8.87939858e+00 -7.34808807e-02
 -8.62784441e+00 -1.10647201e+01  2.61906177e+00 -5.71564641e+00
  5.10614047e+00  1.04716956e+01  3.13145441e-01  1.07984194e+01
 -9.61553047e+00  1.04108317e+00  2.89484644e+00 -8.31054703e+00
 -4.05856981e+00  8.97141292e+00 -2.95963505e+00  1.49134521e+00
 -2.01927848e+00  1.67258641e+00  1.52543069e+00  4.41461323e-01
  4.97863783e+00 -4.15004101e-01 -2.02765947e+00  4.75291697e-01
  2.08673676e+00  1.63951081e+00  4.13244493e-01  3.02068025e+00
 -9.24738357e+00  5.53262193e+00  2.05351396e+00 -2.76384835e+00
 -1.43062887e+00  3.76498597e-01 -3.70749821e+00 -2.53988853e+00
 -2.35941785e+00  4.48455398e+00 -5.57208309e+00  6.52648902e+00
  7.47940316e+00 -1.39590218e+00  7.16369860e+00  3.13138917e+00
  1.04854625e+00  1.83789443e+00 -1.21920223e+01 -4.60240445e-01
 -5.21471745e-01 -4.19313330e+00 -5.86176724e+00  5.11272780e+00
 -4.81997697e+00  3.51259924e+00  3.11873323e+00 -3.44090479e+00
 -1.42776411e+00  1.44416774e+00 -1.85886811e+00  1.50466504e+00
 -9.82168625e-01 -1.46260967e-01  4.74980810e-01 -1.61089215e-01
  1.03919759e+00 -8.35188286e-01 -8.86436709e-01  1.36574043e+00
 -5.32132150e-02  1.86151037e+00 -7.99407771e-01  1.12953602e-01
 -3.65130392e-01 -2.04865943e-01  1.23065257e+00 -9.74628366e-01
 -1.29451352e-01  2.39304965e-01 -1.15380369e-02  2.31515639e-01
  2.51071939e-01 -9.88297864e-02  6.95990144e-01  1.66367720e-01
 -1.64832934e-01  7.78793446e-01 -5.40470794e-01 -3.29524608e-01
  1.52541088e-01 -6.43586639e-01 -2.64782263e-01 -3.05122655e-01
 -2.43502160e-01  4.66455728e-01 -1.20409834e+00  9.22765513e-01
  5.41787545e-01  1.02893590e+00 -3.11699128e-01  3.65912816e-01
 -9.20547517e-01  7.26868477e-02  2.29658462e-02 -7.32076221e-01
 -6.90240255e-01  6.54346108e-01  2.92931695e-01 -5.88020378e-01
  4.01320137e-01  4.46264693e-01 -7.50721214e-01 -1.51102330e+00
 -2.62288355e-01 -6.46861032e-01  6.48321059e-03 -3.85294273e-01
 -3.46445076e-01 -2.73690008e-01 -1.86338980e-01  1.38520058e-01
  5.65959152e-01 -5.99910617e-01 -2.80307353e-01 -3.17678165e-02
  6.71670805e-01  6.52662268e-02 -5.02810570e-01 -3.12044254e-01
  3.25514293e-01  9.94743014e-02  1.67108054e-01  3.93383074e-01
 -1.16952525e-01 -3.87827491e-01 -9.84201158e-02 -5.99553182e-01
  4.77753741e-01 -5.99062527e-01 -4.38818461e-01  6.12260453e-02
 -4.40819050e-01  1.40511396e-01 -2.78009388e-01  1.93678108e-01
  6.58982242e-01 -2.86566049e-01 -2.58934311e-01  2.16877931e-01
 -8.90564583e-02 -1.25789888e-01  2.15735989e-01 -3.32115565e-01
 -1.53179473e-01 -1.00671730e-01 -9.82117773e-01 -1.31491098e-01
  5.84653560e-01 -4.66877106e-01  5.85402739e-01 -9.28131235e-02
 -5.45667568e-01  1.84731001e-01 -1.13578416e-01  5.38030936e-03
  5.52427842e-01  1.93436128e-01 -2.41534573e-01 -3.95825062e-01
  2.90743718e-01 -1.22763277e-01  9.89031696e-01 -1.80066763e-01
  6.78903464e-01  3.24090515e-01 -2.04074475e-01 -6.36117629e-01
  8.47935585e-02 -1.13940924e-01  3.56838377e-01 -4.41226034e-02
  5.69645991e-01  3.39680099e-01  2.25800783e-01  2.39409650e-01
 -6.29254748e-01  6.48394242e-01 -4.03126599e-01  1.22445879e+00
 -2.02639960e-01  2.71382268e-01  1.98813855e-01  2.36921770e-01
  7.79704349e-01 -2.79873302e-01 -4.80047406e-01 -2.23309409e-01
  1.25845782e-01  2.44896817e-01]
[[6.81313186e-01 2.64530872e-01 3.40239258e-01 ... 1.22597544e-09
  5.24284459e-07 2.95455758e-08]
 [6.81313186e-01 2.64530872e-01 3.40239258e-01 ... 1.22597544e-09
  5.24284459e-07 2.95455758e-08]
 [6.81313186e-01 2.64530872e-01 3.40239258e-01 ... 1.22597544e-09
  5.24284459e-07 2.95455758e-08]
 ...
 [2.11464231e-01 8.54076567e-01 4.43576363e-01 ... 5.84522769e-02
  2.04247624e-02 3.86177418e-02]
 [2.44971094e-01 8.38688024e-01 4.46272903e-01 ... 4.36978025e-02
  2.25045824e-02 5.16569440e-02]
 [2.80368051e-01 8.13654131e-01 4.43576363e-01 ... 2.69085238e-02
  2.04247624e-02 5.69170857e-02]]
[ 1.52021002e+00 -6.17875966e+00  1.82693363e+01 -6.84348689e-01
 -6.49041691e+00  1.54893707e+00  8.74003667e-01  8.51252036e-01
 -4.99972407e+00 -1.39818022e+00  2.90926247e+00 -1.25460214e+00
 -2.38220043e+00 -3.40063634e+00  8.87939858e+00 -7.34808807e-02
 -8.62784441e+00 -1.10647201e+01  2.61906177e+00 -5.71564641e+00
  5.10614047e+00  1.04716956e+01  3.13145441e-01  1.07984194e+01
 -9.61553047e+00  1.04108317e+00  2.89484644e+00 -8.31054703e+00
 -4.05856981e+00  8.97141292e+00 -2.95963505e+00  1.49134521e+00
 -2.01927848e+00  1.67258641e+00  1.52543069e+00  4.41461323e-01
  4.97863783e+00 -4.15004101e-01 -2.02765947e+00  4.75291697e-01
  2.08673676e+00  1.63951081e+00  4.13244493e-01  3.02068025e+00
 -9.24738357e+00  5.53262193e+00  2.05351396e+00 -2.76384835e+00
 -1.43062887e+00  3.76498597e-01 -3.70749821e+00 -2.53988853e+00
 -2.35941785e+00  4.48455398e+00 -5.57208309e+00  6.52648902e+00
  7.47940316e+00 -1.39590218e+00  7.16369860e+00  3.13138917e+00
  1.04854625e+00  1.83789443e+00 -1.21920223e+01 -4.60240445e-01
 -5.21471745e-01 -4.19313330e+00 -5.86176724e+00  5.11272780e+00
 -4.81997697e+00  3.51259924e+00  3.11873323e+00 -3.44090479e+00
 -1.42776411e+00  1.44416774e+00 -1.85886811e+00  1.50466504e+00
 -9.82168625e-01 -1.46260967e-01  4.74980810e-01 -1.61089215e-01
  1.03919759e+00 -8.35188286e-01 -8.86436709e-01  1.36574043e+00
 -5.32132150e-02  1.86151037e+00 -7.99407771e-01  1.12953602e-01
 -3.65130392e-01 -2.04865943e-01  1.23065257e+00 -9.74628366e-01
 -1.29451352e-01  2.39304965e-01 -1.15380369e-02  2.31515639e-01
  2.51071939e-01 -9.88297864e-02  6.95990144e-01  1.66367720e-01
 -1.64832934e-01  7.78793446e-01 -5.40470794e-01 -3.29524608e-01
  1.52541088e-01 -6.43586639e-01 -2.64782263e-01 -3.05122655e-01
 -2.43502160e-01  4.66455728e-01 -1.20409834e+00  9.22765513e-01
  5.41787545e-01  1.02893590e+00 -3.11699128e-01  3.65912816e-01
 -9.20547517e-01  7.26868477e-02  2.29658462e-02 -7.32076221e-01
 -6.90240255e-01  6.54346108e-01  2.92931695e-01 -5.88020378e-01
  4.01320137e-01  4.46264693e-01 -7.50721214e-01 -1.51102330e+00
 -2.62288355e-01 -6.46861032e-01  6.48321059e-03 -3.85294273e-01
 -3.46445076e-01 -2.73690008e-01 -1.86338980e-01  1.38520058e-01
  5.65959152e-01 -5.99910617e-01 -2.80307353e-01 -3.17678165e-02
  6.71670805e-01  6.52662268e-02 -5.02810570e-01 -3.12044254e-01
  3.25514293e-01  9.94743014e-02  1.67108054e-01  3.93383074e-01
 -1.16952525e-01 -3.87827491e-01 -9.84201158e-02 -5.99553182e-01
  4.77753741e-01 -5.99062527e-01 -4.38818461e-01  6.12260453e-02
 -4.40819050e-01  1.40511396e-01 -2.78009388e-01  1.93678108e-01
  6.58982242e-01 -2.86566049e-01 -2.58934311e-01  2.16877931e-01
 -8.90564583e-02 -1.25789888e-01  2.15735989e-01 -3.32115565e-01
 -1.53179473e-01 -1.00671730e-01 -9.82117773e-01 -1.31491098e-01
  5.84653560e-01 -4.66877106e-01  5.85402739e-01 -9.28131235e-02
 -5.45667568e-01  1.84731001e-01 -1.13578416e-01  5.38030936e-03
  5.52427842e-01  1.93436128e-01 -2.41534573e-01 -3.95825062e-01
  2.90743718e-01 -1.22763277e-01  9.89031696e-01 -1.80066763e-01
  6.78903464e-01  3.24090515e-01 -2.04074475e-01 -6.36117629e-01
  8.47935585e-02 -1.13940924e-01  3.56838377e-01 -4.41226034e-02
  5.69645991e-01  3.39680099e-01  2.25800783e-01  2.39409650e-01
 -6.29254748e-01  6.48394242e-01 -4.03126599e-01  1.22445879e+00
 -2.02639960e-01  2.71382268e-01  1.98813855e-01  2.36921770e-01
  7.79704349e-01 -2.79873302e-01 -4.80047406e-01 -2.23309409e-01
  1.25845782e-01  2.44896817e-01  2.39178858e-01 -7.46548053e-02
 -3.27161013e-01 -2.45664891e-01 -9.72911507e-02  9.05385178e-02
 -1.65024704e-01  3.86356252e-01 -2.10069559e-01  1.15481060e-01
  1.26633969e-01  1.14527862e-01  1.88711897e-01 -3.44888813e-02
  1.37124771e-01  1.57495606e-01 -2.18817138e-02 -4.59049519e-02
  1.47014967e-01 -1.38239377e-01  7.49323974e-02 -1.86522396e-02
  8.97862870e-02 -6.29252718e-02 -1.77953616e-01 -8.90713032e-02
  9.64869288e-02  1.35994643e-01 -8.96158281e-02  6.58938764e-02
  9.85897748e-02 -2.64365134e-02  1.92859057e-01  1.37649984e-01
 -1.22901952e-01 -9.41781041e-02 -4.18785451e-02 -9.09801914e-02
  1.45542459e-02  2.43899485e-02  3.64131715e-02 -1.49279332e-01
  7.83594657e-02 -6.21385877e-02 -3.57127526e-02  7.42319993e-02
 -6.05564947e-02  5.84873069e-02 -7.21918793e-02 -3.29637722e-02
  2.44494471e-02  2.19153618e-01 -1.42168894e-02  1.59074412e-02
 -1.00028343e-01  3.29667640e-02 -1.31692196e-01 -4.80030659e-02
  4.92993848e-02 -3.54247742e-01  1.58088619e-01  1.37986010e-01
 -5.01542705e-02 -1.85545376e-01 -7.13678607e-02  1.40074769e-01
 -1.23579469e-01  6.51685361e-02 -3.41694682e-02  3.74879303e-02
  9.56853519e-02  8.32142315e-02 -7.86031391e-02 -3.27797045e-02]
[[6.81313186e-01 2.64530872e-01 3.40239258e-01 ... 5.68573365e-06
  1.79691966e-03 1.04875003e-04]
 [6.81313186e-01 2.64530872e-01 3.40239258e-01 ... 5.68573365e-06
  1.79691966e-03 1.04875003e-04]
 [6.81313186e-01 2.64530872e-01 3.40239258e-01 ... 5.68573365e-06
  1.79691966e-03 1.04875003e-04]
 ...
 [2.11464231e-01 8.54076567e-01 4.43576363e-01 ... 1.81469021e-11
  4.56961239e-16 1.58261579e-09]
 [2.44971094e-01 8.38688024e-01 4.46272903e-01 ... 8.53669580e-10
  5.05793156e-14 3.64029177e-08]
 [2.80368051e-01 8.13654131e-01 4.43576363e-01 ... 2.72471658e-08
  3.79848794e-12 5.68121354e-07]]
[ 1.52021002e+00 -6.17875966e+00  1.82693363e+01 -6.84348689e-01
 -6.49041691e+00  1.54893707e+00  8.74003667e-01  8.51252036e-01
 -4.99972407e+00 -1.39818022e+00  2.90926247e+00 -1.25460214e+00
 -2.38220043e+00 -3.40063634e+00  8.87939858e+00 -7.34808807e-02
 -8.62784441e+00 -1.10647201e+01  2.61906177e+00 -5.71564641e+00
  5.10614047e+00  1.04716956e+01  3.13145441e-01  1.07984194e+01
 -9.61553047e+00  1.04108317e+00  2.89484644e+00 -8.31054703e+00
 -4.05856981e+00  8.97141292e+00 -2.95963505e+00  1.49134521e+00
 -2.01927848e+00  1.67258641e+00  1.52543069e+00  4.41461323e-01
  4.97863783e+00 -4.15004101e-01 -2.02765947e+00  4.75291697e-01
  2.08673676e+00  1.63951081e+00  4.13244493e-01  3.02068025e+00
 -9.24738357e+00  5.53262193e+00  2.05351396e+00 -2.76384835e+00
 -1.43062887e+00  3.76498597e-01 -3.70749821e+00 -2.53988853e+00
 -2.35941785e+00  4.48455398e+00 -5.57208309e+00  6.52648902e+00
  7.47940316e+00 -1.39590218e+00  7.16369860e+00  3.13138917e+00
  1.04854625e+00  1.83789443e+00 -1.21920223e+01 -4.60240445e-01
 -5.21471745e-01 -4.19313330e+00 -5.86176724e+00  5.11272780e+00
 -4.81997697e+00  3.51259924e+00  3.11873323e+00 -3.44090479e+00
 -1.42776411e+00  1.44416774e+00 -1.85886811e+00  1.50466504e+00
 -9.82168625e-01 -1.46260967e-01  4.74980810e-01 -1.61089215e-01
  1.03919759e+00 -8.35188286e-01 -8.86436709e-01  1.36574043e+00
 -5.32132150e-02  1.86151037e+00 -7.99407771e-01  1.12953602e-01
 -3.65130392e-01 -2.04865943e-01  1.23065257e+00 -9.74628366e-01
 -1.29451352e-01  2.39304965e-01 -1.15380369e-02  2.31515639e-01
  2.51071939e-01 -9.88297864e-02  6.95990144e-01  1.66367720e-01
 -1.64832934e-01  7.78793446e-01 -5.40470794e-01 -3.29524608e-01
  1.52541088e-01 -6.43586639e-01 -2.64782263e-01 -3.05122655e-01
 -2.43502160e-01  4.66455728e-01 -1.20409834e+00  9.22765513e-01
  5.41787545e-01  1.02893590e+00 -3.11699128e-01  3.65912816e-01
 -9.20547517e-01  7.26868477e-02  2.29658462e-02 -7.32076221e-01
 -6.90240255e-01  6.54346108e-01  2.92931695e-01 -5.88020378e-01
  4.01320137e-01  4.46264693e-01 -7.50721214e-01 -1.51102330e+00
 -2.62288355e-01 -6.46861032e-01  6.48321059e-03 -3.85294273e-01
 -3.46445076e-01 -2.73690008e-01 -1.86338980e-01  1.38520058e-01
  5.65959152e-01 -5.99910617e-01 -2.80307353e-01 -3.17678165e-02
  6.71670805e-01  6.52662268e-02 -5.02810570e-01 -3.12044254e-01
  3.25514293e-01  9.94743014e-02  1.67108054e-01  3.93383074e-01
 -1.16952525e-01 -3.87827491e-01 -9.84201158e-02 -5.99553182e-01
  4.77753741e-01 -5.99062527e-01 -4.38818461e-01  6.12260453e-02
 -4.40819050e-01  1.40511396e-01 -2.78009388e-01  1.93678108e-01
  6.58982242e-01 -2.86566049e-01 -2.58934311e-01  2.16877931e-01
 -8.90564583e-02 -1.25789888e-01  2.15735989e-01 -3.32115565e-01
 -1.53179473e-01 -1.00671730e-01 -9.82117773e-01 -1.31491098e-01
  5.84653560e-01 -4.66877106e-01  5.85402739e-01 -9.28131235e-02
 -5.45667568e-01  1.84731001e-01 -1.13578416e-01  5.38030936e-03
  5.52427842e-01  1.93436128e-01 -2.41534573e-01 -3.95825062e-01
  2.90743718e-01 -1.22763277e-01  9.89031696e-01 -1.80066763e-01
  6.78903464e-01  3.24090515e-01 -2.04074475e-01 -6.36117629e-01
  8.47935585e-02 -1.13940924e-01  3.56838377e-01 -4.41226034e-02
  5.69645991e-01  3.39680099e-01  2.25800783e-01  2.39409650e-01
 -6.29254748e-01  6.48394242e-01 -4.03126599e-01  1.22445879e+00
 -2.02639960e-01  2.71382268e-01  1.98813855e-01  2.36921770e-01
  7.79704349e-01 -2.79873302e-01 -4.80047406e-01 -2.23309409e-01
  1.25845782e-01  2.44896817e-01  2.39178858e-01 -7.46548053e-02
 -3.27161013e-01 -2.45664891e-01 -9.72911507e-02  9.05385178e-02
 -1.65024704e-01  3.86356252e-01 -2.10069559e-01  1.15481060e-01
  1.26633969e-01  1.14527862e-01  1.88711897e-01 -3.44888813e-02
  1.37124771e-01  1.57495606e-01 -2.18817138e-02 -4.59049519e-02
  1.47014967e-01 -1.38239377e-01  7.49323974e-02 -1.86522396e-02
  8.97862870e-02 -6.29252718e-02 -1.77953616e-01 -8.90713032e-02
  9.64869288e-02  1.35994643e-01 -8.96158281e-02  6.58938764e-02
  9.85897748e-02 -2.64365134e-02  1.92859057e-01  1.37649984e-01
 -1.22901952e-01 -9.41781041e-02 -4.18785451e-02 -9.09801914e-02
  1.45542459e-02  2.43899485e-02  3.64131715e-02 -1.49279332e-01
  7.83594657e-02 -6.21385877e-02 -3.57127526e-02  7.42319993e-02
 -6.05564947e-02  5.84873069e-02 -7.21918793e-02 -3.29637722e-02
  2.44494471e-02  2.19153618e-01 -1.42168894e-02  1.59074412e-02
 -1.00028343e-01  3.29667640e-02 -1.31692196e-01 -4.80030659e-02
  4.92993848e-02 -3.54247742e-01  1.58088619e-01  1.37986010e-01
 -5.01542705e-02 -1.85545376e-01 -7.13678607e-02  1.40074769e-01
 -1.23579469e-01  6.51685361e-02 -3.41694682e-02  3.74879303e-02
  9.56853519e-02  8.32142315e-02 -7.86031391e-02 -3.27797045e-02
 -1.18294765e-01  3.44445738e-02 -4.67001535e-02  9.56843017e-02
 -1.06436066e-01  5.99641874e-02  4.43083667e-02  1.14025616e-01
 -1.31777066e-01 -8.70136020e-03 -2.87014964e-02  2.08790674e-02
  8.66689664e-02 -3.04571260e-02  3.69666034e-02  8.97226345e-02
 -6.12562363e-02 -7.56571626e-02  5.89777324e-02  1.69457602e-01
  1.50503846e-01  6.23921550e-02 -6.47053269e-02  5.13927412e-02
  5.92164563e-02 -5.99414330e-02  5.28796909e-02 -4.61711231e-02
  1.00223996e-01 -1.96995359e-01  3.17766431e-02  6.64017502e-02
 -7.86793107e-02 -9.97999630e-02 -4.87987498e-02  2.01389194e-02
 -7.40721849e-02  9.10126478e-02  1.61298362e-02  4.55710979e-02
 -3.85885243e-02  4.56883355e-02 -8.82557778e-02 -1.03367524e-01
  5.21800387e-02 -3.68444129e-02  6.24396151e-02 -9.35305022e-02
  2.76145409e-02 -6.30933500e-02  3.95965678e-02  2.35456246e-02
 -6.34215977e-02  3.23740656e-02  5.28222114e-02 -5.08102538e-02
 -8.28288357e-02  7.21112605e-02 -4.79120530e-02  4.87020182e-02
  1.42275594e-01  2.84944000e-02 -2.03884350e-02 -5.05372652e-02
  3.88174497e-02  3.73015556e-02 -5.96113594e-02  4.91662645e-02
 -4.08112974e-02  9.61055608e-03 -3.94334564e-02  2.21922241e-02
  6.26322978e-02 -4.67902099e-02  6.79243883e-02 -6.11212496e-02
  4.96879079e-02 -9.28538397e-02  4.13582290e-02  1.04333347e-01
  1.45309920e-02 -3.54541705e-02  3.12904903e-02  1.29857161e-01
 -5.61364340e-02 -2.52174604e-02  4.36187927e-02 -4.47158957e-01
  4.79512177e-01 -2.95751309e-01  1.11721264e-01 -8.67146348e-02
  4.60405569e-02 -3.76344873e-02 -2.99176230e-02  3.37118116e-02
 -4.17089590e-02  4.45131869e-02  4.20466843e-02 -1.51162180e-02
 -3.90320983e-02  3.33386067e-02  3.39157305e-02  5.54235215e-02
 -3.25259268e-02 -3.21565738e-02  2.36175998e-02  3.55967707e-02]
[[6.81313186e-01 2.64530872e-01 3.40239258e-01 ... 3.05481884e-07
  1.07259458e-04 1.79150534e-08]
 [6.81313186e-01 2.64530872e-01 3.40239258e-01 ... 3.05481884e-07
  1.07259458e-04 1.79150534e-08]
 [6.81313186e-01 2.64530872e-01 3.40239258e-01 ... 3.05481884e-07
  1.07259458e-04 1.79150534e-08]
 ...
 [2.11464231e-01 8.54076567e-01 4.43576363e-01 ... 2.50551456e-22
  1.01069706e-27 1.18549853e-33]
 [2.44971094e-01 8.38688024e-01 4.46272903e-01 ... 6.42991578e-20
  1.10244123e-24 1.29310999e-30]
 [2.80368051e-01 8.13654131e-01 4.43576363e-01 ... 7.59629945e-18
  5.53577376e-22 6.49319361e-28]]
[ 1.52021002e+00 -6.17875966e+00  1.82693363e+01 -6.84348689e-01
 -6.49041691e+00  1.54893707e+00  8.74003667e-01  8.51252036e-01
 -4.99972407e+00 -1.39818022e+00  2.90926247e+00 -1.25460214e+00
 -2.38220043e+00 -3.40063634e+00  8.87939858e+00 -7.34808807e-02
 -8.62784441e+00 -1.10647201e+01  2.61906177e+00 -5.71564641e+00
  5.10614047e+00  1.04716956e+01  3.13145441e-01  1.07984194e+01
 -9.61553047e+00  1.04108317e+00  2.89484644e+00 -8.31054703e+00
 -4.05856981e+00  8.97141292e+00 -2.95963505e+00  1.49134521e+00
 -2.01927848e+00  1.67258641e+00  1.52543069e+00  4.41461323e-01
  4.97863783e+00 -4.15004101e-01 -2.02765947e+00  4.75291697e-01
  2.08673676e+00  1.63951081e+00  4.13244493e-01  3.02068025e+00
 -9.24738357e+00  5.53262193e+00  2.05351396e+00 -2.76384835e+00
 -1.43062887e+00  3.76498597e-01 -3.70749821e+00 -2.53988853e+00
 -2.35941785e+00  4.48455398e+00 -5.57208309e+00  6.52648902e+00
  7.47940316e+00 -1.39590218e+00  7.16369860e+00  3.13138917e+00
  1.04854625e+00  1.83789443e+00 -1.21920223e+01 -4.60240445e-01
 -5.21471745e-01 -4.19313330e+00 -5.86176724e+00  5.11272780e+00
 -4.81997697e+00  3.51259924e+00  3.11873323e+00 -3.44090479e+00
 -1.42776411e+00  1.44416774e+00 -1.85886811e+00  1.50466504e+00
 -9.82168625e-01 -1.46260967e-01  4.74980810e-01 -1.61089215e-01
  1.03919759e+00 -8.35188286e-01 -8.86436709e-01  1.36574043e+00
 -5.32132150e-02  1.86151037e+00 -7.99407771e-01  1.12953602e-01
 -3.65130392e-01 -2.04865943e-01  1.23065257e+00 -9.74628366e-01
 -1.29451352e-01  2.39304965e-01 -1.15380369e-02  2.31515639e-01
  2.51071939e-01 -9.88297864e-02  6.95990144e-01  1.66367720e-01
 -1.64832934e-01  7.78793446e-01 -5.40470794e-01 -3.29524608e-01
  1.52541088e-01 -6.43586639e-01 -2.64782263e-01 -3.05122655e-01
 -2.43502160e-01  4.66455728e-01 -1.20409834e+00  9.22765513e-01
  5.41787545e-01  1.02893590e+00 -3.11699128e-01  3.65912816e-01
 -9.20547517e-01  7.26868477e-02  2.29658462e-02 -7.32076221e-01
 -6.90240255e-01  6.54346108e-01  2.92931695e-01 -5.88020378e-01
  4.01320137e-01  4.46264693e-01 -7.50721214e-01 -1.51102330e+00
 -2.62288355e-01 -6.46861032e-01  6.48321059e-03 -3.85294273e-01
 -3.46445076e-01 -2.73690008e-01 -1.86338980e-01  1.38520058e-01
  5.65959152e-01 -5.99910617e-01 -2.80307353e-01 -3.17678165e-02
  6.71670805e-01  6.52662268e-02 -5.02810570e-01 -3.12044254e-01
  3.25514293e-01  9.94743014e-02  1.67108054e-01  3.93383074e-01
 -1.16952525e-01 -3.87827491e-01 -9.84201158e-02 -5.99553182e-01
  4.77753741e-01 -5.99062527e-01 -4.38818461e-01  6.12260453e-02
 -4.40819050e-01  1.40511396e-01 -2.78009388e-01  1.93678108e-01
  6.58982242e-01 -2.86566049e-01 -2.58934311e-01  2.16877931e-01
 -8.90564583e-02 -1.25789888e-01  2.15735989e-01 -3.32115565e-01
 -1.53179473e-01 -1.00671730e-01 -9.82117773e-01 -1.31491098e-01
  5.84653560e-01 -4.66877106e-01  5.85402739e-01 -9.28131235e-02
 -5.45667568e-01  1.84731001e-01 -1.13578416e-01  5.38030936e-03
  5.52427842e-01  1.93436128e-01 -2.41534573e-01 -3.95825062e-01
  2.90743718e-01 -1.22763277e-01  9.89031696e-01 -1.80066763e-01
  6.78903464e-01  3.24090515e-01 -2.04074475e-01 -6.36117629e-01
  8.47935585e-02 -1.13940924e-01  3.56838377e-01 -4.41226034e-02
  5.69645991e-01  3.39680099e-01  2.25800783e-01  2.39409650e-01
 -6.29254748e-01  6.48394242e-01 -4.03126599e-01  1.22445879e+00
 -2.02639960e-01  2.71382268e-01  1.98813855e-01  2.36921770e-01
  7.79704349e-01 -2.79873302e-01 -4.80047406e-01 -2.23309409e-01
  1.25845782e-01  2.44896817e-01  2.39178858e-01 -7.46548053e-02
 -3.27161013e-01 -2.45664891e-01 -9.72911507e-02  9.05385178e-02
 -1.65024704e-01  3.86356252e-01 -2.10069559e-01  1.15481060e-01
  1.26633969e-01  1.14527862e-01  1.88711897e-01 -3.44888813e-02
  1.37124771e-01  1.57495606e-01 -2.18817138e-02 -4.59049519e-02
  1.47014967e-01 -1.38239377e-01  7.49323974e-02 -1.86522396e-02
  8.97862870e-02 -6.29252718e-02 -1.77953616e-01 -8.90713032e-02
  9.64869288e-02  1.35994643e-01 -8.96158281e-02  6.58938764e-02
  9.85897748e-02 -2.64365134e-02  1.92859057e-01  1.37649984e-01
 -1.22901952e-01 -9.41781041e-02 -4.18785451e-02 -9.09801914e-02
  1.45542459e-02  2.43899485e-02  3.64131715e-02 -1.49279332e-01
  7.83594657e-02 -6.21385877e-02 -3.57127526e-02  7.42319993e-02
 -6.05564947e-02  5.84873069e-02 -7.21918793e-02 -3.29637722e-02
  2.44494471e-02  2.19153618e-01 -1.42168894e-02  1.59074412e-02
 -1.00028343e-01  3.29667640e-02 -1.31692196e-01 -4.80030659e-02
  4.92993848e-02 -3.54247742e-01  1.58088619e-01  1.37986010e-01
 -5.01542705e-02 -1.85545376e-01 -7.13678607e-02  1.40074769e-01
 -1.23579469e-01  6.51685361e-02 -3.41694682e-02  3.74879303e-02
  9.56853519e-02  8.32142315e-02 -7.86031391e-02 -3.27797045e-02
 -1.18294765e-01  3.44445738e-02 -4.67001535e-02  9.56843017e-02
 -1.06436066e-01  5.99641874e-02  4.43083667e-02  1.14025616e-01
 -1.31777066e-01 -8.70136020e-03 -2.87014964e-02  2.08790674e-02
  8.66689664e-02 -3.04571260e-02  3.69666034e-02  8.97226345e-02
 -6.12562363e-02 -7.56571626e-02  5.89777324e-02  1.69457602e-01
  1.50503846e-01  6.23921550e-02 -6.47053269e-02  5.13927412e-02
  5.92164563e-02 -5.99414330e-02  5.28796909e-02 -4.61711231e-02
  1.00223996e-01 -1.96995359e-01  3.17766431e-02  6.64017502e-02
 -7.86793107e-02 -9.97999630e-02 -4.87987498e-02  2.01389194e-02
 -7.40721849e-02  9.10126478e-02  1.61298362e-02  4.55710979e-02
 -3.85885243e-02  4.56883355e-02 -8.82557778e-02 -1.03367524e-01
  5.21800387e-02 -3.68444129e-02  6.24396151e-02 -9.35305022e-02
  2.76145409e-02 -6.30933500e-02  3.95965678e-02  2.35456246e-02
 -6.34215977e-02  3.23740656e-02  5.28222114e-02 -5.08102538e-02
 -8.28288357e-02  7.21112605e-02 -4.79120530e-02  4.87020182e-02
  1.42275594e-01  2.84944000e-02 -2.03884350e-02 -5.05372652e-02
  3.88174497e-02  3.73015556e-02 -5.96113594e-02  4.91662645e-02
 -4.08112974e-02  9.61055608e-03 -3.94334564e-02  2.21922241e-02
  6.26322978e-02 -4.67902099e-02  6.79243883e-02 -6.11212496e-02
  4.96879079e-02 -9.28538397e-02  4.13582290e-02  1.04333347e-01
  1.45309920e-02 -3.54541705e-02  3.12904903e-02  1.29857161e-01
 -5.61364340e-02 -2.52174604e-02  4.36187927e-02 -4.47158957e-01
  4.79512177e-01 -2.95751309e-01  1.11721264e-01 -8.67146348e-02
  4.60405569e-02 -3.76344873e-02 -2.99176230e-02  3.37118116e-02
 -4.17089590e-02  4.45131869e-02  4.20466843e-02 -1.51162180e-02
 -3.90320983e-02  3.33386067e-02  3.39157305e-02  5.54235215e-02
 -3.25259268e-02 -3.21565738e-02  2.36175998e-02  3.55967707e-02
  5.25861608e-02  6.87368830e-02 -2.62076263e-02 -8.11410371e-02
  5.36173319e-02 -3.50917254e-02  9.22850017e-02 -4.85282870e-02
  4.97173395e-02 -5.64515882e-02  6.40052592e-02  8.41033850e-02
 -5.45545711e-02 -3.67070434e-02 -2.11153420e-02  4.30955183e-02
  5.29550412e-02  5.56030195e-02 -2.18312882e-02  9.36836633e-02
 -8.38166260e-02 -4.54202878e-02 -3.41192632e-02  4.32606425e-02
  1.10703610e-01 -3.57695133e-01  3.59654760e-01 -1.33508882e-01
 -4.03501748e-02 -6.00881986e-02  9.54945878e-02 -6.05763850e-02
 -5.14104637e-02  1.26683046e-02 -1.60318739e-02  1.86542441e-02
 -7.92002910e-02 -5.61070257e-02 -1.78206876e-02  4.40163722e-02
  4.36496299e-02 -5.41509532e-02 -4.80029345e-02  8.08979398e-03
 -1.89402404e-02  1.02240953e-02 -3.29912292e-02  4.03544687e-02
 -2.99583529e-02  6.57802836e-03  1.47071846e-01 -1.54716004e-01
  1.14707994e-01 -7.78107440e-02 -1.45636004e-02  3.86356840e-02
 -2.83639112e-02 -3.42482666e-01  5.19820447e-02  5.80845872e-02
 -4.60864611e-02  2.98722590e-01 -9.51675117e-02  5.43281171e-02
  7.08758243e-03 -6.14253650e-02  5.33632155e-02  3.68950874e-02]
[[6.81313186e-01 2.64530872e-01 3.40239258e-01 ... 1.46008120e-14
  1.06644572e-11 8.80122339e-09]
 [6.81313186e-01 2.64530872e-01 3.40239258e-01 ... 1.46008120e-14
  1.06644572e-11 8.80122339e-09]
 [6.81313186e-01 2.64530872e-01 3.40239258e-01 ... 1.46008120e-14
  1.06644572e-11 8.80122339e-09]
 ...
 [2.11464231e-01 8.54076567e-01 4.43576363e-01 ... 5.93537008e-36
  2.83242896e-54 1.53501127e-46]
 [2.44971094e-01 8.38688024e-01 4.46272903e-01 ... 7.06182086e-30
  5.52895254e-47 7.51728139e-40]
 [2.80368051e-01 8.13654131e-01 4.43576363e-01 ... 1.78058400e-24
  2.28719701e-40 7.80165827e-34]]
[ 1.52021002e+00 -6.17875966e+00  1.82693363e+01 -6.84348689e-01
 -6.49041691e+00  1.54893707e+00  8.74003667e-01  8.51252036e-01
 -4.99972407e+00 -1.39818022e+00  2.90926247e+00 -1.25460214e+00
 -2.38220043e+00 -3.40063634e+00  8.87939858e+00 -7.34808807e-02
 -8.62784441e+00 -1.10647201e+01  2.61906177e+00 -5.71564641e+00
  5.10614047e+00  1.04716956e+01  3.13145441e-01  1.07984194e+01
 -9.61553047e+00  1.04108317e+00  2.89484644e+00 -8.31054703e+00
 -4.05856981e+00  8.97141292e+00 -2.95963505e+00  1.49134521e+00
 -2.01927848e+00  1.67258641e+00  1.52543069e+00  4.41461323e-01
  4.97863783e+00 -4.15004101e-01 -2.02765947e+00  4.75291697e-01
  2.08673676e+00  1.63951081e+00  4.13244493e-01  3.02068025e+00
 -9.24738357e+00  5.53262193e+00  2.05351396e+00 -2.76384835e+00
 -1.43062887e+00  3.76498597e-01 -3.70749821e+00 -2.53988853e+00
 -2.35941785e+00  4.48455398e+00 -5.57208309e+00  6.52648902e+00
  7.47940316e+00 -1.39590218e+00  7.16369860e+00  3.13138917e+00
  1.04854625e+00  1.83789443e+00 -1.21920223e+01 -4.60240445e-01
 -5.21471745e-01 -4.19313330e+00 -5.86176724e+00  5.11272780e+00
 -4.81997697e+00  3.51259924e+00  3.11873323e+00 -3.44090479e+00
 -1.42776411e+00  1.44416774e+00 -1.85886811e+00  1.50466504e+00
 -9.82168625e-01 -1.46260967e-01  4.74980810e-01 -1.61089215e-01
  1.03919759e+00 -8.35188286e-01 -8.86436709e-01  1.36574043e+00
 -5.32132150e-02  1.86151037e+00 -7.99407771e-01  1.12953602e-01
 -3.65130392e-01 -2.04865943e-01  1.23065257e+00 -9.74628366e-01
 -1.29451352e-01  2.39304965e-01 -1.15380369e-02  2.31515639e-01
  2.51071939e-01 -9.88297864e-02  6.95990144e-01  1.66367720e-01
 -1.64832934e-01  7.78793446e-01 -5.40470794e-01 -3.29524608e-01
  1.52541088e-01 -6.43586639e-01 -2.64782263e-01 -3.05122655e-01
 -2.43502160e-01  4.66455728e-01 -1.20409834e+00  9.22765513e-01
  5.41787545e-01  1.02893590e+00 -3.11699128e-01  3.65912816e-01
 -9.20547517e-01  7.26868477e-02  2.29658462e-02 -7.32076221e-01
 -6.90240255e-01  6.54346108e-01  2.92931695e-01 -5.88020378e-01
  4.01320137e-01  4.46264693e-01 -7.50721214e-01 -1.51102330e+00
 -2.62288355e-01 -6.46861032e-01  6.48321059e-03 -3.85294273e-01
 -3.46445076e-01 -2.73690008e-01 -1.86338980e-01  1.38520058e-01
  5.65959152e-01 -5.99910617e-01 -2.80307353e-01 -3.17678165e-02
  6.71670805e-01  6.52662268e-02 -5.02810570e-01 -3.12044254e-01
  3.25514293e-01  9.94743014e-02  1.67108054e-01  3.93383074e-01
 -1.16952525e-01 -3.87827491e-01 -9.84201158e-02 -5.99553182e-01
  4.77753741e-01 -5.99062527e-01 -4.38818461e-01  6.12260453e-02
 -4.40819050e-01  1.40511396e-01 -2.78009388e-01  1.93678108e-01
  6.58982242e-01 -2.86566049e-01 -2.58934311e-01  2.16877931e-01
 -8.90564583e-02 -1.25789888e-01  2.15735989e-01 -3.32115565e-01
 -1.53179473e-01 -1.00671730e-01 -9.82117773e-01 -1.31491098e-01
  5.84653560e-01 -4.66877106e-01  5.85402739e-01 -9.28131235e-02
 -5.45667568e-01  1.84731001e-01 -1.13578416e-01  5.38030936e-03
  5.52427842e-01  1.93436128e-01 -2.41534573e-01 -3.95825062e-01
  2.90743718e-01 -1.22763277e-01  9.89031696e-01 -1.80066763e-01
  6.78903464e-01  3.24090515e-01 -2.04074475e-01 -6.36117629e-01
  8.47935585e-02 -1.13940924e-01  3.56838377e-01 -4.41226034e-02
  5.69645991e-01  3.39680099e-01  2.25800783e-01  2.39409650e-01
 -6.29254748e-01  6.48394242e-01 -4.03126599e-01  1.22445879e+00
 -2.02639960e-01  2.71382268e-01  1.98813855e-01  2.36921770e-01
  7.79704349e-01 -2.79873302e-01 -4.80047406e-01 -2.23309409e-01
  1.25845782e-01  2.44896817e-01  2.39178858e-01 -7.46548053e-02
 -3.27161013e-01 -2.45664891e-01 -9.72911507e-02  9.05385178e-02
 -1.65024704e-01  3.86356252e-01 -2.10069559e-01  1.15481060e-01
  1.26633969e-01  1.14527862e-01  1.88711897e-01 -3.44888813e-02
  1.37124771e-01  1.57495606e-01 -2.18817138e-02 -4.59049519e-02
  1.47014967e-01 -1.38239377e-01  7.49323974e-02 -1.86522396e-02
  8.97862870e-02 -6.29252718e-02 -1.77953616e-01 -8.90713032e-02
  9.64869288e-02  1.35994643e-01 -8.96158281e-02  6.58938764e-02
  9.85897748e-02 -2.64365134e-02  1.92859057e-01  1.37649984e-01
 -1.22901952e-01 -9.41781041e-02 -4.18785451e-02 -9.09801914e-02
  1.45542459e-02  2.43899485e-02  3.64131715e-02 -1.49279332e-01
  7.83594657e-02 -6.21385877e-02 -3.57127526e-02  7.42319993e-02
 -6.05564947e-02  5.84873069e-02 -7.21918793e-02 -3.29637722e-02
  2.44494471e-02  2.19153618e-01 -1.42168894e-02  1.59074412e-02
 -1.00028343e-01  3.29667640e-02 -1.31692196e-01 -4.80030659e-02
  4.92993848e-02 -3.54247742e-01  1.58088619e-01  1.37986010e-01
 -5.01542705e-02 -1.85545376e-01 -7.13678607e-02  1.40074769e-01
 -1.23579469e-01  6.51685361e-02 -3.41694682e-02  3.74879303e-02
  9.56853519e-02  8.32142315e-02 -7.86031391e-02 -3.27797045e-02
 -1.18294765e-01  3.44445738e-02 -4.67001535e-02  9.56843017e-02
 -1.06436066e-01  5.99641874e-02  4.43083667e-02  1.14025616e-01
 -1.31777066e-01 -8.70136020e-03 -2.87014964e-02  2.08790674e-02
  8.66689664e-02 -3.04571260e-02  3.69666034e-02  8.97226345e-02
 -6.12562363e-02 -7.56571626e-02  5.89777324e-02  1.69457602e-01
  1.50503846e-01  6.23921550e-02 -6.47053269e-02  5.13927412e-02
  5.92164563e-02 -5.99414330e-02  5.28796909e-02 -4.61711231e-02
  1.00223996e-01 -1.96995359e-01  3.17766431e-02  6.64017502e-02
 -7.86793107e-02 -9.97999630e-02 -4.87987498e-02  2.01389194e-02
 -7.40721849e-02  9.10126478e-02  1.61298362e-02  4.55710979e-02
 -3.85885243e-02  4.56883355e-02 -8.82557778e-02 -1.03367524e-01
  5.21800387e-02 -3.68444129e-02  6.24396151e-02 -9.35305022e-02
  2.76145409e-02 -6.30933500e-02  3.95965678e-02  2.35456246e-02
 -6.34215977e-02  3.23740656e-02  5.28222114e-02 -5.08102538e-02
 -8.28288357e-02  7.21112605e-02 -4.79120530e-02  4.87020182e-02
  1.42275594e-01  2.84944000e-02 -2.03884350e-02 -5.05372652e-02
  3.88174497e-02  3.73015556e-02 -5.96113594e-02  4.91662645e-02
 -4.08112974e-02  9.61055608e-03 -3.94334564e-02  2.21922241e-02
  6.26322978e-02 -4.67902099e-02  6.79243883e-02 -6.11212496e-02
  4.96879079e-02 -9.28538397e-02  4.13582290e-02  1.04333347e-01
  1.45309920e-02 -3.54541705e-02  3.12904903e-02  1.29857161e-01
 -5.61364340e-02 -2.52174604e-02  4.36187927e-02 -4.47158957e-01
  4.79512177e-01 -2.95751309e-01  1.11721264e-01 -8.67146348e-02
  4.60405569e-02 -3.76344873e-02 -2.99176230e-02  3.37118116e-02
 -4.17089590e-02  4.45131869e-02  4.20466843e-02 -1.51162180e-02
 -3.90320983e-02  3.33386067e-02  3.39157305e-02  5.54235215e-02
 -3.25259268e-02 -3.21565738e-02  2.36175998e-02  3.55967707e-02
  5.25861608e-02  6.87368830e-02 -2.62076263e-02 -8.11410371e-02
  5.36173319e-02 -3.50917254e-02  9.22850017e-02 -4.85282870e-02
  4.97173395e-02 -5.64515882e-02  6.40052592e-02  8.41033850e-02
 -5.45545711e-02 -3.67070434e-02 -2.11153420e-02  4.30955183e-02
  5.29550412e-02  5.56030195e-02 -2.18312882e-02  9.36836633e-02
 -8.38166260e-02 -4.54202878e-02 -3.41192632e-02  4.32606425e-02
  1.10703610e-01 -3.57695133e-01  3.59654760e-01 -1.33508882e-01
 -4.03501748e-02 -6.00881986e-02  9.54945878e-02 -6.05763850e-02
 -5.14104637e-02  1.26683046e-02 -1.60318739e-02  1.86542441e-02
 -7.92002910e-02 -5.61070257e-02 -1.78206876e-02  4.40163722e-02
  4.36496299e-02 -5.41509532e-02 -4.80029345e-02  8.08979398e-03
 -1.89402404e-02  1.02240953e-02 -3.29912292e-02  4.03544687e-02
 -2.99583529e-02  6.57802836e-03  1.47071846e-01 -1.54716004e-01
  1.14707994e-01 -7.78107440e-02 -1.45636004e-02  3.86356840e-02
 -2.83639112e-02 -3.42482666e-01  5.19820447e-02  5.80845872e-02
 -4.60864611e-02  2.98722590e-01 -9.51675117e-02  5.43281171e-02
  7.08758243e-03 -6.14253650e-02  5.33632155e-02  3.68950874e-02
 -4.80537776e-01  1.24322975e-01  3.07507146e-01 -3.05244686e-02
 -4.87370315e-01 -1.72481621e-01  1.18954614e-01  4.82162990e-01
 -2.83654140e-02 -2.75707936e-02  5.31019914e-02 -1.39159087e-01
 -4.71206121e-01  1.17596920e-01  4.44595846e-01 -4.19456617e-01
  1.11921623e-01  2.50027073e-01  4.93195161e-02  5.14045331e-02
 -2.49606542e-02 -3.98370466e-02 -3.62434658e-01  9.51491267e-02
  2.33085219e-01 -5.76428382e-02  4.88317984e-02 -5.53932955e-02
 -3.61211884e-01  9.24586043e-02  2.60676582e-01 -7.48997281e-02
  4.62924042e-02 -2.32351561e-02 -4.60490418e-02  6.74234826e-02
 -8.66713883e-02  9.73215280e-02 -3.52661538e-02  5.75863193e-02
  4.45760011e-02 -2.23482719e-02  4.30488761e-02]
[[6.81313186e-001 2.64530872e-001 3.40239258e-001 ... 4.20808743e-023
  1.95652851e-015 1.50382057e-017]
 [6.81313186e-001 2.64530872e-001 3.40239258e-001 ... 4.20808743e-023
  1.95652851e-015 1.50382057e-017]
 [6.81313186e-001 2.64530872e-001 3.40239258e-001 ... 4.20808743e-023
  1.95652851e-015 1.50382057e-017]
 ...
 [2.11464231e-001 8.54076567e-001 4.43576363e-001 ... 1.72961692e-118
  8.08684061e-117 9.29312098e-104]
 [2.44971094e-001 8.38688024e-001 4.46272903e-001 ... 3.89671464e-102
  3.08138919e-102 2.22874339e-090]
 [2.80368051e-001 8.13654131e-001 4.43576363e-001 ... 3.94276629e-087
  5.27312396e-089 2.40055854e-078]]
[ 1.52021002e+00 -6.17875966e+00  1.82693363e+01 -6.84348689e-01
 -6.49041691e+00  1.54893707e+00  8.74003667e-01  8.51252036e-01
 -4.99972407e+00 -1.39818022e+00  2.90926247e+00 -1.25460214e+00
 -2.38220043e+00 -3.40063634e+00  8.87939858e+00 -7.34808807e-02
 -8.62784441e+00 -1.10647201e+01  2.61906177e+00 -5.71564641e+00
  5.10614047e+00  1.04716956e+01  3.13145441e-01  1.07984194e+01
 -9.61553047e+00  1.04108317e+00  2.89484644e+00 -8.31054703e+00
 -4.05856981e+00  8.97141292e+00 -2.95963505e+00  1.49134521e+00
 -2.01927848e+00  1.67258641e+00  1.52543069e+00  4.41461323e-01
  4.97863783e+00 -4.15004101e-01 -2.02765947e+00  4.75291697e-01
  2.08673676e+00  1.63951081e+00  4.13244493e-01  3.02068025e+00
 -9.24738357e+00  5.53262193e+00  2.05351396e+00 -2.76384835e+00
 -1.43062887e+00  3.76498597e-01 -3.70749821e+00 -2.53988853e+00
 -2.35941785e+00  4.48455398e+00 -5.57208309e+00  6.52648902e+00
  7.47940316e+00 -1.39590218e+00  7.16369860e+00  3.13138917e+00
  1.04854625e+00  1.83789443e+00 -1.21920223e+01 -4.60240445e-01
 -5.21471745e-01 -4.19313330e+00 -5.86176724e+00  5.11272780e+00
 -4.81997697e+00  3.51259924e+00  3.11873323e+00 -3.44090479e+00
 -1.42776411e+00  1.44416774e+00 -1.85886811e+00  1.50466504e+00
 -9.82168625e-01 -1.46260967e-01  4.74980810e-01 -1.61089215e-01
  1.03919759e+00 -8.35188286e-01 -8.86436709e-01  1.36574043e+00
 -5.32132150e-02  1.86151037e+00 -7.99407771e-01  1.12953602e-01
 -3.65130392e-01 -2.04865943e-01  1.23065257e+00 -9.74628366e-01
 -1.29451352e-01  2.39304965e-01 -1.15380369e-02  2.31515639e-01
  2.51071939e-01 -9.88297864e-02  6.95990144e-01  1.66367720e-01
 -1.64832934e-01  7.78793446e-01 -5.40470794e-01 -3.29524608e-01
  1.52541088e-01 -6.43586639e-01 -2.64782263e-01 -3.05122655e-01
 -2.43502160e-01  4.66455728e-01 -1.20409834e+00  9.22765513e-01
  5.41787545e-01  1.02893590e+00 -3.11699128e-01  3.65912816e-01
 -9.20547517e-01  7.26868477e-02  2.29658462e-02 -7.32076221e-01
 -6.90240255e-01  6.54346108e-01  2.92931695e-01 -5.88020378e-01
  4.01320137e-01  4.46264693e-01 -7.50721214e-01 -1.51102330e+00
 -2.62288355e-01 -6.46861032e-01  6.48321059e-03 -3.85294273e-01
 -3.46445076e-01 -2.73690008e-01 -1.86338980e-01  1.38520058e-01
  5.65959152e-01 -5.99910617e-01 -2.80307353e-01 -3.17678165e-02
  6.71670805e-01  6.52662268e-02 -5.02810570e-01 -3.12044254e-01
  3.25514293e-01  9.94743014e-02  1.67108054e-01  3.93383074e-01
 -1.16952525e-01 -3.87827491e-01 -9.84201158e-02 -5.99553182e-01
  4.77753741e-01 -5.99062527e-01 -4.38818461e-01  6.12260453e-02
 -4.40819050e-01  1.40511396e-01 -2.78009388e-01  1.93678108e-01
  6.58982242e-01 -2.86566049e-01 -2.58934311e-01  2.16877931e-01
 -8.90564583e-02 -1.25789888e-01  2.15735989e-01 -3.32115565e-01
 -1.53179473e-01 -1.00671730e-01 -9.82117773e-01 -1.31491098e-01
  5.84653560e-01 -4.66877106e-01  5.85402739e-01 -9.28131235e-02
 -5.45667568e-01  1.84731001e-01 -1.13578416e-01  5.38030936e-03
  5.52427842e-01  1.93436128e-01 -2.41534573e-01 -3.95825062e-01
  2.90743718e-01 -1.22763277e-01  9.89031696e-01 -1.80066763e-01
  6.78903464e-01  3.24090515e-01 -2.04074475e-01 -6.36117629e-01
  8.47935585e-02 -1.13940924e-01  3.56838377e-01 -4.41226034e-02
  5.69645991e-01  3.39680099e-01  2.25800783e-01  2.39409650e-01
 -6.29254748e-01  6.48394242e-01 -4.03126599e-01  1.22445879e+00
 -2.02639960e-01  2.71382268e-01  1.98813855e-01  2.36921770e-01
  7.79704349e-01 -2.79873302e-01 -4.80047406e-01 -2.23309409e-01
  1.25845782e-01  2.44896817e-01  2.39178858e-01 -7.46548053e-02
 -3.27161013e-01 -2.45664891e-01 -9.72911507e-02  9.05385178e-02
 -1.65024704e-01  3.86356252e-01 -2.10069559e-01  1.15481060e-01
  1.26633969e-01  1.14527862e-01  1.88711897e-01 -3.44888813e-02
  1.37124771e-01  1.57495606e-01 -2.18817138e-02 -4.59049519e-02
  1.47014967e-01 -1.38239377e-01  7.49323974e-02 -1.86522396e-02
  8.97862870e-02 -6.29252718e-02 -1.77953616e-01 -8.90713032e-02
  9.64869288e-02  1.35994643e-01 -8.96158281e-02  6.58938764e-02
  9.85897748e-02 -2.64365134e-02  1.92859057e-01  1.37649984e-01
 -1.22901952e-01 -9.41781041e-02 -4.18785451e-02 -9.09801914e-02
  1.45542459e-02  2.43899485e-02  3.64131715e-02 -1.49279332e-01
  7.83594657e-02 -6.21385877e-02 -3.57127526e-02  7.42319993e-02
 -6.05564947e-02  5.84873069e-02 -7.21918793e-02 -3.29637722e-02
  2.44494471e-02  2.19153618e-01 -1.42168894e-02  1.59074412e-02
 -1.00028343e-01  3.29667640e-02 -1.31692196e-01 -4.80030659e-02
  4.92993848e-02 -3.54247742e-01  1.58088619e-01  1.37986010e-01
 -5.01542705e-02 -1.85545376e-01 -7.13678607e-02  1.40074769e-01
 -1.23579469e-01  6.51685361e-02 -3.41694682e-02  3.74879303e-02
  9.56853519e-02  8.32142315e-02 -7.86031391e-02 -3.27797045e-02
 -1.18294765e-01  3.44445738e-02 -4.67001535e-02  9.56843017e-02
 -1.06436066e-01  5.99641874e-02  4.43083667e-02  1.14025616e-01
 -1.31777066e-01 -8.70136020e-03 -2.87014964e-02  2.08790674e-02
  8.66689664e-02 -3.04571260e-02  3.69666034e-02  8.97226345e-02
 -6.12562363e-02 -7.56571626e-02  5.89777324e-02  1.69457602e-01
  1.50503846e-01  6.23921550e-02 -6.47053269e-02  5.13927412e-02
  5.92164563e-02 -5.99414330e-02  5.28796909e-02 -4.61711231e-02
  1.00223996e-01 -1.96995359e-01  3.17766431e-02  6.64017502e-02
 -7.86793107e-02 -9.97999630e-02 -4.87987498e-02  2.01389194e-02
 -7.40721849e-02  9.10126478e-02  1.61298362e-02  4.55710979e-02
 -3.85885243e-02  4.56883355e-02 -8.82557778e-02 -1.03367524e-01
  5.21800387e-02 -3.68444129e-02  6.24396151e-02 -9.35305022e-02
  2.76145409e-02 -6.30933500e-02  3.95965678e-02  2.35456246e-02
 -6.34215977e-02  3.23740656e-02  5.28222114e-02 -5.08102538e-02
 -8.28288357e-02  7.21112605e-02 -4.79120530e-02  4.87020182e-02
  1.42275594e-01  2.84944000e-02 -2.03884350e-02 -5.05372652e-02
  3.88174497e-02  3.73015556e-02 -5.96113594e-02  4.91662645e-02
 -4.08112974e-02  9.61055608e-03 -3.94334564e-02  2.21922241e-02
  6.26322978e-02 -4.67902099e-02  6.79243883e-02 -6.11212496e-02
  4.96879079e-02 -9.28538397e-02  4.13582290e-02  1.04333347e-01
  1.45309920e-02 -3.54541705e-02  3.12904903e-02  1.29857161e-01
 -5.61364340e-02 -2.52174604e-02  4.36187927e-02 -4.47158957e-01
  4.79512177e-01 -2.95751309e-01  1.11721264e-01 -8.67146348e-02
  4.60405569e-02 -3.76344873e-02 -2.99176230e-02  3.37118116e-02
 -4.17089590e-02  4.45131869e-02  4.20466843e-02 -1.51162180e-02
 -3.90320983e-02  3.33386067e-02  3.39157305e-02  5.54235215e-02
 -3.25259268e-02 -3.21565738e-02  2.36175998e-02  3.55967707e-02
  5.25861608e-02  6.87368830e-02 -2.62076263e-02 -8.11410371e-02
  5.36173319e-02 -3.50917254e-02  9.22850017e-02 -4.85282870e-02
  4.97173395e-02 -5.64515882e-02  6.40052592e-02  8.41033850e-02
 -5.45545711e-02 -3.67070434e-02 -2.11153420e-02  4.30955183e-02
  5.29550412e-02  5.56030195e-02 -2.18312882e-02  9.36836633e-02
 -8.38166260e-02 -4.54202878e-02 -3.41192632e-02  4.32606425e-02
  1.10703610e-01 -3.57695133e-01  3.59654760e-01 -1.33508882e-01
 -4.03501748e-02 -6.00881986e-02  9.54945878e-02 -6.05763850e-02
 -5.14104637e-02  1.26683046e-02 -1.60318739e-02  1.86542441e-02
 -7.92002910e-02 -5.61070257e-02 -1.78206876e-02  4.40163722e-02
  4.36496299e-02 -5.41509532e-02 -4.80029345e-02  8.08979398e-03
 -1.89402404e-02  1.02240953e-02 -3.29912292e-02  4.03544687e-02
 -2.99583529e-02  6.57802836e-03  1.47071846e-01 -1.54716004e-01
  1.14707994e-01 -7.78107440e-02 -1.45636004e-02  3.86356840e-02
 -2.83639112e-02 -3.42482666e-01  5.19820447e-02  5.80845872e-02
 -4.60864611e-02  2.98722590e-01 -9.51675117e-02  5.43281171e-02
  7.08758243e-03 -6.14253650e-02  5.33632155e-02  3.68950874e-02
 -4.80537776e-01  1.24322975e-01  3.07507146e-01 -3.05244686e-02
 -4.87370315e-01 -1.72481621e-01  1.18954614e-01  4.82162990e-01
 -2.83654140e-02 -2.75707936e-02  5.31019914e-02 -1.39159087e-01
 -4.71206121e-01  1.17596920e-01  4.44595846e-01 -4.19456617e-01
  1.11921623e-01  2.50027073e-01  4.93195161e-02  5.14045331e-02
 -2.49606542e-02 -3.98370466e-02 -3.62434658e-01  9.51491267e-02
  2.33085219e-01 -5.76428382e-02  4.88317984e-02 -5.53932955e-02
 -3.61211884e-01  9.24586043e-02  2.60676582e-01 -7.48997281e-02
  4.62924042e-02 -2.32351561e-02 -4.60490418e-02  6.74234826e-02
 -8.66713883e-02  9.73215280e-02 -3.52661538e-02  5.75863193e-02
  4.45760011e-02 -2.23482719e-02  4.30488761e-02 -2.50308548e-01
 -2.34807655e-01 -2.28520880e-01 -2.24780148e-01  2.54887624e-02
 -2.04674508e-01 -2.28326577e-01  2.24969925e-02  2.24283045e-02
  2.30371373e-02 -1.96648017e-01 -2.16505003e-01  2.21242805e-02
 -1.82273043e-01  1.35010169e-01 -1.92085834e-01 -1.83116031e-01
  2.14581797e-02  1.44156558e-01  1.97059116e-02  1.98290020e-02
 -1.87436459e-01  1.24719520e-01 -1.76669522e-01 -1.93265263e-01
  2.03666744e-02  1.19785667e-01  1.16292474e-01  1.79940736e-02
 -1.82820137e-01  1.14551145e-01 -7.46425499e-02  1.40108172e-01
 -1.01417545e-01 -1.69834096e-01 -1.74697142e-01  1.85224121e-02
  1.86647331e-02  1.18858228e-01 -1.61150069e-01  1.81476379e-02
  1.18886218e-01 -1.85369355e-01  1.46438560e-01  1.75992043e-02
  1.06322607e-01  1.05041780e-01  1.66005645e-02 -1.09763028e-01
  1.31554907e-02 -1.66106912e-01  1.01312364e-01  1.73866341e-02
  1.23452786e-01  1.69509360e-02  1.13512125e-01 -1.57748551e-01
  1.65294912e-02  9.99883895e-02 -6.44514880e-02  9.70316526e-02
  1.20131143e-01  1.59677095e-02 -7.05461676e-02  1.60116918e-02
  1.11146052e-01  1.16589705e-01  1.53932143e-02 -5.97383703e-02
 -5.85544768e-02  8.78352303e-02  8.74792551e-02 -5.70309504e-02
 -1.59899765e-01  1.38671389e-01  1.48930205e-02 -9.94691768e-02
  1.33679541e-02 -8.70485085e-02  8.20104185e-02]
[[6.81313186e-001 2.64530872e-001 3.40239258e-001 ... 8.17283893e-028
  2.94212503e-025 2.09971266e-041]
 [6.81313186e-001 2.64530872e-001 3.40239258e-001 ... 8.17283893e-028
  2.94212503e-025 2.09971266e-041]
 [6.81313186e-001 2.64530872e-001 3.40239258e-001 ... 8.17283893e-028
  2.94212503e-025 2.09971266e-041]
 ...
 [2.11464231e-001 8.54076567e-001 4.43576363e-001 ... 2.36875408e-275
  5.30239601e-243 5.62582059e-211]
 [2.44971094e-001 8.38688024e-001 4.46272903e-001 ... 1.20231241e-242
  7.69852461e-214 8.16810328e-182]
 [2.80368051e-001 8.13654131e-001 4.43576363e-001 ... 1.23089836e-212
  2.25450060e-187 2.39201596e-155]]
[ 1.52021002e+00 -6.17875966e+00  1.82693363e+01 -6.84348689e-01
 -6.49041691e+00  1.54893707e+00  8.74003667e-01  8.51252036e-01
 -4.99972407e+00 -1.39818022e+00  2.90926247e+00 -1.25460214e+00
 -2.38220043e+00 -3.40063634e+00  8.87939858e+00 -7.34808807e-02
 -8.62784441e+00 -1.10647201e+01  2.61906177e+00 -5.71564641e+00
  5.10614047e+00  1.04716956e+01  3.13145441e-01  1.07984194e+01
 -9.61553047e+00  1.04108317e+00  2.89484644e+00 -8.31054703e+00
 -4.05856981e+00  8.97141292e+00 -2.95963505e+00  1.49134521e+00
 -2.01927848e+00  1.67258641e+00  1.52543069e+00  4.41461323e-01
  4.97863783e+00 -4.15004101e-01 -2.02765947e+00  4.75291697e-01
  2.08673676e+00  1.63951081e+00  4.13244493e-01  3.02068025e+00
 -9.24738357e+00  5.53262193e+00  2.05351396e+00 -2.76384835e+00
 -1.43062887e+00  3.76498597e-01 -3.70749821e+00 -2.53988853e+00
 -2.35941785e+00  4.48455398e+00 -5.57208309e+00  6.52648902e+00
  7.47940316e+00 -1.39590218e+00  7.16369860e+00  3.13138917e+00
  1.04854625e+00  1.83789443e+00 -1.21920223e+01 -4.60240445e-01
 -5.21471745e-01 -4.19313330e+00 -5.86176724e+00  5.11272780e+00
 -4.81997697e+00  3.51259924e+00  3.11873323e+00 -3.44090479e+00
 -1.42776411e+00  1.44416774e+00 -1.85886811e+00  1.50466504e+00
 -9.82168625e-01 -1.46260967e-01  4.74980810e-01 -1.61089215e-01
  1.03919759e+00 -8.35188286e-01 -8.86436709e-01  1.36574043e+00
 -5.32132150e-02  1.86151037e+00 -7.99407771e-01  1.12953602e-01
 -3.65130392e-01 -2.04865943e-01  1.23065257e+00 -9.74628366e-01
 -1.29451352e-01  2.39304965e-01 -1.15380369e-02  2.31515639e-01
  2.51071939e-01 -9.88297864e-02  6.95990144e-01  1.66367720e-01
 -1.64832934e-01  7.78793446e-01 -5.40470794e-01 -3.29524608e-01
  1.52541088e-01 -6.43586639e-01 -2.64782263e-01 -3.05122655e-01
 -2.43502160e-01  4.66455728e-01 -1.20409834e+00  9.22765513e-01
  5.41787545e-01  1.02893590e+00 -3.11699128e-01  3.65912816e-01
 -9.20547517e-01  7.26868477e-02  2.29658462e-02 -7.32076221e-01
 -6.90240255e-01  6.54346108e-01  2.92931695e-01 -5.88020378e-01
  4.01320137e-01  4.46264693e-01 -7.50721214e-01 -1.51102330e+00
 -2.62288355e-01 -6.46861032e-01  6.48321059e-03 -3.85294273e-01
 -3.46445076e-01 -2.73690008e-01 -1.86338980e-01  1.38520058e-01
  5.65959152e-01 -5.99910617e-01 -2.80307353e-01 -3.17678165e-02
  6.71670805e-01  6.52662268e-02 -5.02810570e-01 -3.12044254e-01
  3.25514293e-01  9.94743014e-02  1.67108054e-01  3.93383074e-01
 -1.16952525e-01 -3.87827491e-01 -9.84201158e-02 -5.99553182e-01
  4.77753741e-01 -5.99062527e-01 -4.38818461e-01  6.12260453e-02
 -4.40819050e-01  1.40511396e-01 -2.78009388e-01  1.93678108e-01
  6.58982242e-01 -2.86566049e-01 -2.58934311e-01  2.16877931e-01
 -8.90564583e-02 -1.25789888e-01  2.15735989e-01 -3.32115565e-01
 -1.53179473e-01 -1.00671730e-01 -9.82117773e-01 -1.31491098e-01
  5.84653560e-01 -4.66877106e-01  5.85402739e-01 -9.28131235e-02
 -5.45667568e-01  1.84731001e-01 -1.13578416e-01  5.38030936e-03
  5.52427842e-01  1.93436128e-01 -2.41534573e-01 -3.95825062e-01
  2.90743718e-01 -1.22763277e-01  9.89031696e-01 -1.80066763e-01
  6.78903464e-01  3.24090515e-01 -2.04074475e-01 -6.36117629e-01
  8.47935585e-02 -1.13940924e-01  3.56838377e-01 -4.41226034e-02
  5.69645991e-01  3.39680099e-01  2.25800783e-01  2.39409650e-01
 -6.29254748e-01  6.48394242e-01 -4.03126599e-01  1.22445879e+00
 -2.02639960e-01  2.71382268e-01  1.98813855e-01  2.36921770e-01
  7.79704349e-01 -2.79873302e-01 -4.80047406e-01 -2.23309409e-01
  1.25845782e-01  2.44896817e-01  2.39178858e-01 -7.46548053e-02
 -3.27161013e-01 -2.45664891e-01 -9.72911507e-02  9.05385178e-02
 -1.65024704e-01  3.86356252e-01 -2.10069559e-01  1.15481060e-01
  1.26633969e-01  1.14527862e-01  1.88711897e-01 -3.44888813e-02
  1.37124771e-01  1.57495606e-01 -2.18817138e-02 -4.59049519e-02
  1.47014967e-01 -1.38239377e-01  7.49323974e-02 -1.86522396e-02
  8.97862870e-02 -6.29252718e-02 -1.77953616e-01 -8.90713032e-02
  9.64869288e-02  1.35994643e-01 -8.96158281e-02  6.58938764e-02
  9.85897748e-02 -2.64365134e-02  1.92859057e-01  1.37649984e-01
 -1.22901952e-01 -9.41781041e-02 -4.18785451e-02 -9.09801914e-02
  1.45542459e-02  2.43899485e-02  3.64131715e-02 -1.49279332e-01
  7.83594657e-02 -6.21385877e-02 -3.57127526e-02  7.42319993e-02
 -6.05564947e-02  5.84873069e-02 -7.21918793e-02 -3.29637722e-02
  2.44494471e-02  2.19153618e-01 -1.42168894e-02  1.59074412e-02
 -1.00028343e-01  3.29667640e-02 -1.31692196e-01 -4.80030659e-02
  4.92993848e-02 -3.54247742e-01  1.58088619e-01  1.37986010e-01
 -5.01542705e-02 -1.85545376e-01 -7.13678607e-02  1.40074769e-01
 -1.23579469e-01  6.51685361e-02 -3.41694682e-02  3.74879303e-02
  9.56853519e-02  8.32142315e-02 -7.86031391e-02 -3.27797045e-02
 -1.18294765e-01  3.44445738e-02 -4.67001535e-02  9.56843017e-02
 -1.06436066e-01  5.99641874e-02  4.43083667e-02  1.14025616e-01
 -1.31777066e-01 -8.70136020e-03 -2.87014964e-02  2.08790674e-02
  8.66689664e-02 -3.04571260e-02  3.69666034e-02  8.97226345e-02
 -6.12562363e-02 -7.56571626e-02  5.89777324e-02  1.69457602e-01
  1.50503846e-01  6.23921550e-02 -6.47053269e-02  5.13927412e-02
  5.92164563e-02 -5.99414330e-02  5.28796909e-02 -4.61711231e-02
  1.00223996e-01 -1.96995359e-01  3.17766431e-02  6.64017502e-02
 -7.86793107e-02 -9.97999630e-02 -4.87987498e-02  2.01389194e-02
 -7.40721849e-02  9.10126478e-02  1.61298362e-02  4.55710979e-02
 -3.85885243e-02  4.56883355e-02 -8.82557778e-02 -1.03367524e-01
  5.21800387e-02 -3.68444129e-02  6.24396151e-02 -9.35305022e-02
  2.76145409e-02 -6.30933500e-02  3.95965678e-02  2.35456246e-02
 -6.34215977e-02  3.23740656e-02  5.28222114e-02 -5.08102538e-02
 -8.28288357e-02  7.21112605e-02 -4.79120530e-02  4.87020182e-02
  1.42275594e-01  2.84944000e-02 -2.03884350e-02 -5.05372652e-02
  3.88174497e-02  3.73015556e-02 -5.96113594e-02  4.91662645e-02
 -4.08112974e-02  9.61055608e-03 -3.94334564e-02  2.21922241e-02
  6.26322978e-02 -4.67902099e-02  6.79243883e-02 -6.11212496e-02
  4.96879079e-02 -9.28538397e-02  4.13582290e-02  1.04333347e-01
  1.45309920e-02 -3.54541705e-02  3.12904903e-02  1.29857161e-01
 -5.61364340e-02 -2.52174604e-02  4.36187927e-02 -4.47158957e-01
  4.79512177e-01 -2.95751309e-01  1.11721264e-01 -8.67146348e-02
  4.60405569e-02 -3.76344873e-02 -2.99176230e-02  3.37118116e-02
 -4.17089590e-02  4.45131869e-02  4.20466843e-02 -1.51162180e-02
 -3.90320983e-02  3.33386067e-02  3.39157305e-02  5.54235215e-02
 -3.25259268e-02 -3.21565738e-02  2.36175998e-02  3.55967707e-02
  5.25861608e-02  6.87368830e-02 -2.62076263e-02 -8.11410371e-02
  5.36173319e-02 -3.50917254e-02  9.22850017e-02 -4.85282870e-02
  4.97173395e-02 -5.64515882e-02  6.40052592e-02  8.41033850e-02
 -5.45545711e-02 -3.67070434e-02 -2.11153420e-02  4.30955183e-02
  5.29550412e-02  5.56030195e-02 -2.18312882e-02  9.36836633e-02
 -8.38166260e-02 -4.54202878e-02 -3.41192632e-02  4.32606425e-02
  1.10703610e-01 -3.57695133e-01  3.59654760e-01 -1.33508882e-01
 -4.03501748e-02 -6.00881986e-02  9.54945878e-02 -6.05763850e-02
 -5.14104637e-02  1.26683046e-02 -1.60318739e-02  1.86542441e-02
 -7.92002910e-02 -5.61070257e-02 -1.78206876e-02  4.40163722e-02
  4.36496299e-02 -5.41509532e-02 -4.80029345e-02  8.08979398e-03
 -1.89402404e-02  1.02240953e-02 -3.29912292e-02  4.03544687e-02
 -2.99583529e-02  6.57802836e-03  1.47071846e-01 -1.54716004e-01
  1.14707994e-01 -7.78107440e-02 -1.45636004e-02  3.86356840e-02
 -2.83639112e-02 -3.42482666e-01  5.19820447e-02  5.80845872e-02
 -4.60864611e-02  2.98722590e-01 -9.51675117e-02  5.43281171e-02
  7.08758243e-03 -6.14253650e-02  5.33632155e-02  3.68950874e-02
 -4.80537776e-01  1.24322975e-01  3.07507146e-01 -3.05244686e-02
 -4.87370315e-01 -1.72481621e-01  1.18954614e-01  4.82162990e-01
 -2.83654140e-02 -2.75707936e-02  5.31019914e-02 -1.39159087e-01
 -4.71206121e-01  1.17596920e-01  4.44595846e-01 -4.19456617e-01
  1.11921623e-01  2.50027073e-01  4.93195161e-02  5.14045331e-02
 -2.49606542e-02 -3.98370466e-02 -3.62434658e-01  9.51491267e-02
  2.33085219e-01 -5.76428382e-02  4.88317984e-02 -5.53932955e-02
 -3.61211884e-01  9.24586043e-02  2.60676582e-01 -7.48997281e-02
  4.62924042e-02 -2.32351561e-02 -4.60490418e-02  6.74234826e-02
 -8.66713883e-02  9.73215280e-02 -3.52661538e-02  5.75863193e-02
  4.45760011e-02 -2.23482719e-02  4.30488761e-02 -2.50308548e-01
 -2.34807655e-01 -2.28520880e-01 -2.24780148e-01  2.54887624e-02
 -2.04674508e-01 -2.28326577e-01  2.24969925e-02  2.24283045e-02
  2.30371373e-02 -1.96648017e-01 -2.16505003e-01  2.21242805e-02
 -1.82273043e-01  1.35010169e-01 -1.92085834e-01 -1.83116031e-01
  2.14581797e-02  1.44156558e-01  1.97059116e-02  1.98290020e-02
 -1.87436459e-01  1.24719520e-01 -1.76669522e-01 -1.93265263e-01
  2.03666744e-02  1.19785667e-01  1.16292474e-01  1.79940736e-02
 -1.82820137e-01  1.14551145e-01 -7.46425499e-02  1.40108172e-01
 -1.01417545e-01 -1.69834096e-01 -1.74697142e-01  1.85224121e-02
  1.86647331e-02  1.18858228e-01 -1.61150069e-01  1.81476379e-02
  1.18886218e-01 -1.85369355e-01  1.46438560e-01  1.75992043e-02
  1.06322607e-01  1.05041780e-01  1.66005645e-02 -1.09763028e-01
  1.31554907e-02 -1.66106912e-01  1.01312364e-01  1.73866341e-02
  1.23452786e-01  1.69509360e-02  1.13512125e-01 -1.57748551e-01
  1.65294912e-02  9.99883895e-02 -6.44514880e-02  9.70316526e-02
  1.20131143e-01  1.59677095e-02 -7.05461676e-02  1.60116918e-02
  1.11146052e-01  1.16589705e-01  1.53932143e-02 -5.97383703e-02
 -5.85544768e-02  8.78352303e-02  8.74792551e-02 -5.70309504e-02
 -1.59899765e-01  1.38671389e-01  1.48930205e-02 -9.94691768e-02
  1.33679541e-02 -8.70485085e-02  8.20104185e-02  1.26122006e-01
  1.00280264e-01  9.93687536e-02  9.57597467e-02  9.09458194e-02
  8.85892558e-02 -8.11200202e-02  9.16548890e-03 -6.93064081e-02
 -6.85826668e-02]
[[6.81313186e-01 2.64530872e-01 3.40239258e-01 ... 2.57514331e-87
  7.97688275e-88 2.71937859e-98]
 [6.81313186e-01 2.64530872e-01 3.40239258e-01 ... 2.57514331e-87
  7.97688275e-88 2.71937859e-98]
 [6.81313186e-01 2.64530872e-01 3.40239258e-01 ... 2.57514331e-87
  7.97688275e-88 2.71937859e-98]
 ...
 [2.11464231e-01 8.54076567e-01 4.43576363e-01 ... 0.00000000e+00
  0.00000000e+00 0.00000000e+00]
 [2.44971094e-01 8.38688024e-01 4.46272903e-01 ... 0.00000000e+00
  0.00000000e+00 0.00000000e+00]
 [2.80368051e-01 8.13654131e-01 4.43576363e-01 ... 0.00000000e+00
  0.00000000e+00 0.00000000e+00]]
[ 1.52021002e+00 -6.17875966e+00  1.82693363e+01 -6.84348689e-01
 -6.49041691e+00  1.54893707e+00  8.74003667e-01  8.51252036e-01
 -4.99972407e+00 -1.39818022e+00  2.90926247e+00 -1.25460214e+00
 -2.38220043e+00 -3.40063634e+00  8.87939858e+00 -7.34808807e-02
 -8.62784441e+00 -1.10647201e+01  2.61906177e+00 -5.71564641e+00
  5.10614047e+00  1.04716956e+01  3.13145441e-01  1.07984194e+01
 -9.61553047e+00  1.04108317e+00  2.89484644e+00 -8.31054703e+00
 -4.05856981e+00  8.97141292e+00 -2.95963505e+00  1.49134521e+00
 -2.01927848e+00  1.67258641e+00  1.52543069e+00  4.41461323e-01
  4.97863783e+00 -4.15004101e-01 -2.02765947e+00  4.75291697e-01
  2.08673676e+00  1.63951081e+00  4.13244493e-01  3.02068025e+00
 -9.24738357e+00  5.53262193e+00  2.05351396e+00 -2.76384835e+00
 -1.43062887e+00  3.76498597e-01 -3.70749821e+00 -2.53988853e+00
 -2.35941785e+00  4.48455398e+00 -5.57208309e+00  6.52648902e+00
  7.47940316e+00 -1.39590218e+00  7.16369860e+00  3.13138917e+00
  1.04854625e+00  1.83789443e+00 -1.21920223e+01 -4.60240445e-01
 -5.21471745e-01 -4.19313330e+00 -5.86176724e+00  5.11272780e+00
 -4.81997697e+00  3.51259924e+00  3.11873323e+00 -3.44090479e+00
 -1.42776411e+00  1.44416774e+00 -1.85886811e+00  1.50466504e+00
 -9.82168625e-01 -1.46260967e-01  4.74980810e-01 -1.61089215e-01
  1.03919759e+00 -8.35188286e-01 -8.86436709e-01  1.36574043e+00
 -5.32132150e-02  1.86151037e+00 -7.99407771e-01  1.12953602e-01
 -3.65130392e-01 -2.04865943e-01  1.23065257e+00 -9.74628366e-01
 -1.29451352e-01  2.39304965e-01 -1.15380369e-02  2.31515639e-01
  2.51071939e-01 -9.88297864e-02  6.95990144e-01  1.66367720e-01
 -1.64832934e-01  7.78793446e-01 -5.40470794e-01 -3.29524608e-01
  1.52541088e-01 -6.43586639e-01 -2.64782263e-01 -3.05122655e-01
 -2.43502160e-01  4.66455728e-01 -1.20409834e+00  9.22765513e-01
  5.41787545e-01  1.02893590e+00 -3.11699128e-01  3.65912816e-01
 -9.20547517e-01  7.26868477e-02  2.29658462e-02 -7.32076221e-01
 -6.90240255e-01  6.54346108e-01  2.92931695e-01 -5.88020378e-01
  4.01320137e-01  4.46264693e-01 -7.50721214e-01 -1.51102330e+00
 -2.62288355e-01 -6.46861032e-01  6.48321059e-03 -3.85294273e-01
 -3.46445076e-01 -2.73690008e-01 -1.86338980e-01  1.38520058e-01
  5.65959152e-01 -5.99910617e-01 -2.80307353e-01 -3.17678165e-02
  6.71670805e-01  6.52662268e-02 -5.02810570e-01 -3.12044254e-01
  3.25514293e-01  9.94743014e-02  1.67108054e-01  3.93383074e-01
 -1.16952525e-01 -3.87827491e-01 -9.84201158e-02 -5.99553182e-01
  4.77753741e-01 -5.99062527e-01 -4.38818461e-01  6.12260453e-02
 -4.40819050e-01  1.40511396e-01 -2.78009388e-01  1.93678108e-01
  6.58982242e-01 -2.86566049e-01 -2.58934311e-01  2.16877931e-01
 -8.90564583e-02 -1.25789888e-01  2.15735989e-01 -3.32115565e-01
 -1.53179473e-01 -1.00671730e-01 -9.82117773e-01 -1.31491098e-01
  5.84653560e-01 -4.66877106e-01  5.85402739e-01 -9.28131235e-02
 -5.45667568e-01  1.84731001e-01 -1.13578416e-01  5.38030936e-03
  5.52427842e-01  1.93436128e-01 -2.41534573e-01 -3.95825062e-01
  2.90743718e-01 -1.22763277e-01  9.89031696e-01 -1.80066763e-01
  6.78903464e-01  3.24090515e-01 -2.04074475e-01 -6.36117629e-01
  8.47935585e-02 -1.13940924e-01  3.56838377e-01 -4.41226034e-02
  5.69645991e-01  3.39680099e-01  2.25800783e-01  2.39409650e-01
 -6.29254748e-01  6.48394242e-01 -4.03126599e-01  1.22445879e+00
 -2.02639960e-01  2.71382268e-01  1.98813855e-01  2.36921770e-01
  7.79704349e-01 -2.79873302e-01 -4.80047406e-01 -2.23309409e-01
  1.25845782e-01  2.44896817e-01  2.39178858e-01 -7.46548053e-02
 -3.27161013e-01 -2.45664891e-01 -9.72911507e-02  9.05385178e-02
 -1.65024704e-01  3.86356252e-01 -2.10069559e-01  1.15481060e-01
  1.26633969e-01  1.14527862e-01  1.88711897e-01 -3.44888813e-02
  1.37124771e-01  1.57495606e-01 -2.18817138e-02 -4.59049519e-02
  1.47014967e-01 -1.38239377e-01  7.49323974e-02 -1.86522396e-02
  8.97862870e-02 -6.29252718e-02 -1.77953616e-01 -8.90713032e-02
  9.64869288e-02  1.35994643e-01 -8.96158281e-02  6.58938764e-02
  9.85897748e-02 -2.64365134e-02  1.92859057e-01  1.37649984e-01
 -1.22901952e-01 -9.41781041e-02 -4.18785451e-02 -9.09801914e-02
  1.45542459e-02  2.43899485e-02  3.64131715e-02 -1.49279332e-01
  7.83594657e-02 -6.21385877e-02 -3.57127526e-02  7.42319993e-02
 -6.05564947e-02  5.84873069e-02 -7.21918793e-02 -3.29637722e-02
  2.44494471e-02  2.19153618e-01 -1.42168894e-02  1.59074412e-02
 -1.00028343e-01  3.29667640e-02 -1.31692196e-01 -4.80030659e-02
  4.92993848e-02 -3.54247742e-01  1.58088619e-01  1.37986010e-01
 -5.01542705e-02 -1.85545376e-01 -7.13678607e-02  1.40074769e-01
 -1.23579469e-01  6.51685361e-02 -3.41694682e-02  3.74879303e-02
  9.56853519e-02  8.32142315e-02 -7.86031391e-02 -3.27797045e-02
 -1.18294765e-01  3.44445738e-02 -4.67001535e-02  9.56843017e-02
 -1.06436066e-01  5.99641874e-02  4.43083667e-02  1.14025616e-01
 -1.31777066e-01 -8.70136020e-03 -2.87014964e-02  2.08790674e-02
  8.66689664e-02 -3.04571260e-02  3.69666034e-02  8.97226345e-02
 -6.12562363e-02 -7.56571626e-02  5.89777324e-02  1.69457602e-01
  1.50503846e-01  6.23921550e-02 -6.47053269e-02  5.13927412e-02
  5.92164563e-02 -5.99414330e-02  5.28796909e-02 -4.61711231e-02
  1.00223996e-01 -1.96995359e-01  3.17766431e-02  6.64017502e-02
 -7.86793107e-02 -9.97999630e-02 -4.87987498e-02  2.01389194e-02
 -7.40721849e-02  9.10126478e-02  1.61298362e-02  4.55710979e-02
 -3.85885243e-02  4.56883355e-02 -8.82557778e-02 -1.03367524e-01
  5.21800387e-02 -3.68444129e-02  6.24396151e-02 -9.35305022e-02
  2.76145409e-02 -6.30933500e-02  3.95965678e-02  2.35456246e-02
 -6.34215977e-02  3.23740656e-02  5.28222114e-02 -5.08102538e-02
 -8.28288357e-02  7.21112605e-02 -4.79120530e-02  4.87020182e-02
  1.42275594e-01  2.84944000e-02 -2.03884350e-02 -5.05372652e-02
  3.88174497e-02  3.73015556e-02 -5.96113594e-02  4.91662645e-02
 -4.08112974e-02  9.61055608e-03 -3.94334564e-02  2.21922241e-02
  6.26322978e-02 -4.67902099e-02  6.79243883e-02 -6.11212496e-02
  4.96879079e-02 -9.28538397e-02  4.13582290e-02  1.04333347e-01
  1.45309920e-02 -3.54541705e-02  3.12904903e-02  1.29857161e-01
 -5.61364340e-02 -2.52174604e-02  4.36187927e-02 -4.47158957e-01
  4.79512177e-01 -2.95751309e-01  1.11721264e-01 -8.67146348e-02
  4.60405569e-02 -3.76344873e-02 -2.99176230e-02  3.37118116e-02
 -4.17089590e-02  4.45131869e-02  4.20466843e-02 -1.51162180e-02
 -3.90320983e-02  3.33386067e-02  3.39157305e-02  5.54235215e-02
 -3.25259268e-02 -3.21565738e-02  2.36175998e-02  3.55967707e-02
  5.25861608e-02  6.87368830e-02 -2.62076263e-02 -8.11410371e-02
  5.36173319e-02 -3.50917254e-02  9.22850017e-02 -4.85282870e-02
  4.97173395e-02 -5.64515882e-02  6.40052592e-02  8.41033850e-02
 -5.45545711e-02 -3.67070434e-02 -2.11153420e-02  4.30955183e-02
  5.29550412e-02  5.56030195e-02 -2.18312882e-02  9.36836633e-02
 -8.38166260e-02 -4.54202878e-02 -3.41192632e-02  4.32606425e-02
  1.10703610e-01 -3.57695133e-01  3.59654760e-01 -1.33508882e-01
 -4.03501748e-02 -6.00881986e-02  9.54945878e-02 -6.05763850e-02
 -5.14104637e-02  1.26683046e-02 -1.60318739e-02  1.86542441e-02
 -7.92002910e-02 -5.61070257e-02 -1.78206876e-02  4.40163722e-02
  4.36496299e-02 -5.41509532e-02 -4.80029345e-02  8.08979398e-03
 -1.89402404e-02  1.02240953e-02 -3.29912292e-02  4.03544687e-02
 -2.99583529e-02  6.57802836e-03  1.47071846e-01 -1.54716004e-01
  1.14707994e-01 -7.78107440e-02 -1.45636004e-02  3.86356840e-02
 -2.83639112e-02 -3.42482666e-01  5.19820447e-02  5.80845872e-02
 -4.60864611e-02  2.98722590e-01 -9.51675117e-02  5.43281171e-02
  7.08758243e-03 -6.14253650e-02  5.33632155e-02  3.68950874e-02
 -4.80537776e-01  1.24322975e-01  3.07507146e-01 -3.05244686e-02
 -4.87370315e-01 -1.72481621e-01  1.18954614e-01  4.82162990e-01
 -2.83654140e-02 -2.75707936e-02  5.31019914e-02 -1.39159087e-01
 -4.71206121e-01  1.17596920e-01  4.44595846e-01 -4.19456617e-01
  1.11921623e-01  2.50027073e-01  4.93195161e-02  5.14045331e-02
 -2.49606542e-02 -3.98370466e-02 -3.62434658e-01  9.51491267e-02
  2.33085219e-01 -5.76428382e-02  4.88317984e-02 -5.53932955e-02
 -3.61211884e-01  9.24586043e-02  2.60676582e-01 -7.48997281e-02
  4.62924042e-02 -2.32351561e-02 -4.60490418e-02  6.74234826e-02
 -8.66713883e-02  9.73215280e-02 -3.52661538e-02  5.75863193e-02
  4.45760011e-02 -2.23482719e-02  4.30488761e-02 -2.50308548e-01
 -2.34807655e-01 -2.28520880e-01 -2.24780148e-01  2.54887624e-02
 -2.04674508e-01 -2.28326577e-01  2.24969925e-02  2.24283045e-02
  2.30371373e-02 -1.96648017e-01 -2.16505003e-01  2.21242805e-02
 -1.82273043e-01  1.35010169e-01 -1.92085834e-01 -1.83116031e-01
  2.14581797e-02  1.44156558e-01  1.97059116e-02  1.98290020e-02
 -1.87436459e-01  1.24719520e-01 -1.76669522e-01 -1.93265263e-01
  2.03666744e-02  1.19785667e-01  1.16292474e-01  1.79940736e-02
 -1.82820137e-01  1.14551145e-01 -7.46425499e-02  1.40108172e-01
 -1.01417545e-01 -1.69834096e-01 -1.74697142e-01  1.85224121e-02
  1.86647331e-02  1.18858228e-01 -1.61150069e-01  1.81476379e-02
  1.18886218e-01 -1.85369355e-01  1.46438560e-01  1.75992043e-02
  1.06322607e-01  1.05041780e-01  1.66005645e-02 -1.09763028e-01
  1.31554907e-02 -1.66106912e-01  1.01312364e-01  1.73866341e-02
  1.23452786e-01  1.69509360e-02  1.13512125e-01 -1.57748551e-01
  1.65294912e-02  9.99883895e-02 -6.44514880e-02  9.70316526e-02
  1.20131143e-01  1.59677095e-02 -7.05461676e-02  1.60116918e-02
  1.11146052e-01  1.16589705e-01  1.53932143e-02 -5.97383703e-02
 -5.85544768e-02  8.78352303e-02  8.74792551e-02 -5.70309504e-02
 -1.59899765e-01  1.38671389e-01  1.48930205e-02 -9.94691768e-02
  1.33679541e-02 -8.70485085e-02  8.20104185e-02  1.26122006e-01
  1.00280264e-01  9.93687536e-02  9.57597467e-02  9.09458194e-02
  8.85892558e-02 -8.11200202e-02  9.16548890e-03 -6.93064081e-02
 -6.85826668e-02 -3.93707799e-01  1.25915467e-01 -3.87200410e-01
  1.23838573e-01  9.89413214e-02 -3.80243485e-01  1.21611144e-01
 -3.57044949e-01  1.13693018e-01 -3.70145463e-01  1.18380888e-01
  9.41029838e-02  9.37079296e-02 -3.58593854e-01  1.14679601e-01
 -3.58680176e-01  1.14716303e-01 -3.44756615e-01  1.09903960e-01
 -3.53413611e-01  1.13028621e-01  9.12336797e-02  9.10838261e-02
 -3.52742076e-01  1.12812462e-01 -3.49906453e-01  1.11905161e-01
  8.99324349e-02  8.95748428e-02  8.93943934e-02  8.87512107e-02
 -3.39854585e-01  1.08672640e-01 -3.34760066e-01  1.07056232e-01
 -3.12477838e-01  9.92559502e-02  8.57141437e-02 -3.24415361e-01
  1.03753161e-01 -3.20830456e-01  1.02606961e-01  8.26816464e-02
  8.25780307e-02 -2.84180500e-01  8.98302762e-02 -3.13609648e-01
  1.00291329e-01 -3.12666021e-01  9.99781074e-02  8.04501411e-02
 -3.11521921e-01  9.96291202e-02 -3.10775642e-01  9.93939344e-02
 -3.09599319e-01  9.90509389e-02  7.93651670e-02 -3.06763814e-01
  9.81095841e-02  7.87210000e-02 -2.81014747e-01  8.92168735e-02
  7.79126652e-02  7.77649284e-02  1.26692443e-01 -3.72727764e-01
  1.01211167e-01 -2.91875545e-01 -3.47509236e-01  1.12886894e-01
  1.06580667e-01 -3.09312064e-01  7.58507439e-02  1.05486155e-01
 -3.06347561e-01  1.27810621e-01 -3.77782249e-01 -2.70687759e-02]
[[6.81313186e-001 2.64530872e-001 3.40239258e-001 ... 0.00000000e+000
  0.00000000e+000 0.00000000e+000]
 [6.81313186e-001 2.64530872e-001 3.40239258e-001 ... 0.00000000e+000
  0.00000000e+000 0.00000000e+000]
 [6.81313186e-001 2.64530872e-001 3.40239258e-001 ... 0.00000000e+000
  0.00000000e+000 0.00000000e+000]
 ...
 [2.11464231e-001 8.54076567e-001 4.43576363e-001 ... 0.00000000e+000
  3.04235729e-261 0.00000000e+000]
 [2.44971094e-001 8.38688024e-001 4.46272903e-001 ... 0.00000000e+000
  2.04859122e-277 0.00000000e+000]
 [2.80368051e-001 8.13654131e-001 4.43576363e-001 ... 0.00000000e+000
  2.28312909e-304 5.08509960e-303]]
[ 1.52021002e+00 -6.17875966e+00  1.82693363e+01 ... -9.26338175e-03
 -9.14435022e-03 -9.11712295e-03]
[[6.81313186e-001 2.64530872e-001 3.40239258e-001 ... 0.00000000e+000
  0.00000000e+000 0.00000000e+000]
 [6.81313186e-001 2.64530872e-001 3.40239258e-001 ... 0.00000000e+000
  0.00000000e+000 0.00000000e+000]
 [6.81313186e-001 2.64530872e-001 3.40239258e-001 ... 0.00000000e+000
  0.00000000e+000 0.00000000e+000]
 ...
 [2.11464231e-001 8.54076567e-001 4.43576363e-001 ... 0.00000000e+000
  0.00000000e+000 0.00000000e+000]
 [2.44971094e-001 8.38688024e-001 4.46272903e-001 ... 0.00000000e+000
  0.00000000e+000 0.00000000e+000]
 [2.80368051e-001 8.13654131e-001 4.43576363e-001 ... 5.08509960e-303
  9.09220080e-316 0.00000000e+000]]
[ 1.52021002e+00 -6.17875966e+00  1.82693363e+01 ... -9.11712295e-03
 -9.09916303e-03 -9.08778557e-03]
[[0.00151367 0.06072423]
 [0.00366211 0.05979415]
 [0.00629883 0.05927803]
 [0.01044922 0.05863675]
 [0.0140625  0.0583181 ]
 [0.01933594 0.05804255]
 [0.02265625 0.05796052]
 [0.02475586 0.05784509]
 [0.02866211 0.05767752]
 [0.02915039 0.05766179]
 [0.03300781 0.05708714]
 [0.06010742 0.05665147]
 [0.06020508 0.05665144]]
