12
0.0008
rdot
MMA
sample
[[ 1.          0.97873908  0.76356524 ...  0.9782      0.59105727
   0.27531309]
 [ 1.          0.97873908  0.76356524 ...  0.9782      0.59105727
   0.37814505]
 [ 1.          0.97873908  0.76356524 ...  0.9782      0.59105727
   0.39295525]
 ...
 [ 0.10612479  0.9834187   0.93762584 ...  0.66369007  0.95890836
  -0.11330898]
 [ 0.17687465  0.9834187   0.93762584 ...  0.66369007  0.95890836
  -0.11745745]
 [ 0.24762451  0.9834187   0.93762584 ...  0.66369007  0.95890836
  -0.12113016]]
20480
3.457751881436266e-05
[[0.68131319 0.26453087 0.34023926 ... 0.74055822 0.79658395 0.25521969]
 [0.68131319 0.26453087 0.34023926 ... 0.74055822 0.79658395 0.25521969]
 [0.68131319 0.26453087 0.34023926 ... 0.74055822 0.79658395 0.25521969]
 ...
 [0.21146423 0.85407657 0.44357636 ... 0.24730021 0.30960886 0.83599305]
 [0.24497109 0.83868802 0.4462729  ... 0.27586022 0.35866691 0.83094168]
 [0.28036805 0.81365413 0.44357636 ... 0.3040111  0.41049228 0.81596998]]
[  2.00726263 -10.08383257  20.65450774  -4.39946807 -10.48157812
   0.29744052  -2.25820944   3.46527229  -4.42267457   0.71398047
   5.02245789  -9.76710721  -6.95185824  -5.03433705  14.67045931
   2.17595158  -7.20892706 -14.58813963   1.50345977  -6.23753138
   2.1964634   13.50773533   3.37256701   8.23470881  -0.58141562
   2.23605151   1.20180396]
[[0.68131319 0.26453087 0.34023926 ... 0.27334607 0.59573485 0.10505278]
 [0.68131319 0.26453087 0.34023926 ... 0.27334607 0.59573485 0.10505278]
 [0.68131319 0.26453087 0.34023926 ... 0.27334607 0.59573485 0.10505278]
 ...
 [0.21146423 0.85407657 0.44357636 ... 0.57210746 0.13728188 0.4673429 ]
 [0.24497109 0.83868802 0.4462729  ... 0.6213682  0.18423369 0.45065368]
 [0.28036805 0.81365413 0.44357636 ... 0.6587065  0.24132173 0.42415218]]
[ 2.00726263e+00 -1.00838326e+01  2.06545077e+01 -4.39946807e+00
 -1.04815781e+01  2.97440523e-01 -2.25820944e+00  3.46527229e+00
 -4.42267457e+00  7.13980471e-01  5.02245789e+00 -9.76710721e+00
 -6.95185824e+00 -5.03433705e+00  1.46704593e+01  2.17595158e+00
 -7.20892706e+00 -1.45881396e+01  1.50345977e+00 -6.23753138e+00
  2.19646340e+00  1.35077353e+01  3.37256701e+00  8.23470881e+00
 -5.81415624e-01  2.23605151e+00  1.20180396e+00 -2.21687287e-01
  5.03009963e+00 -1.84534574e+00 -2.24251744e-01  1.16549630e-01
 -7.75169422e-01 -2.92622324e+00 -1.11865633e+00  1.77990124e+00
  6.05118359e-01  5.89895105e+00 -3.12801992e+00  7.54093011e-02
 -9.95738828e+00 -5.43801781e+00  5.19733276e+00 -1.79612292e+00
  1.66621565e+00  3.13779396e+00 -9.00871905e+00  8.38636964e-01
 -5.10818418e-01  1.54368895e+00 -3.82692445e+00 -1.01324914e-02
 -2.04181156e-01  2.73017624e+00  7.50806671e+00  5.78054355e+00
  1.07270361e+00  2.35552261e-01 -5.20224241e+00  8.91771100e+00
 -2.96707876e-01  3.26138605e+00 -6.98063727e+00  8.82859543e+00
  1.88648450e+00 -4.47417689e-01 -1.08366321e+01 -8.86649573e+00
 -2.51199428e+00  1.33181299e+00  1.60663367e+00  8.93968498e+00]
[[0.68131319 0.26453087 0.34023926 ... 0.3689281  0.09975612 0.00444366]
 [0.68131319 0.26453087 0.34023926 ... 0.3689281  0.09975612 0.00444366]
 [0.68131319 0.26453087 0.34023926 ... 0.3689281  0.09975612 0.00444366]
 ...
 [0.21146423 0.85407657 0.44357636 ... 0.0056315  0.06736577 0.42987411]
 [0.24497109 0.83868802 0.4462729  ... 0.0091135  0.08703367 0.39971996]
 [0.28036805 0.81365413 0.44357636 ... 0.01405041 0.10712191 0.35408979]]
[ 2.00726263e+00 -1.00838326e+01  2.06545077e+01 -4.39946807e+00
 -1.04815781e+01  2.97440523e-01 -2.25820944e+00  3.46527229e+00
 -4.42267457e+00  7.13980471e-01  5.02245789e+00 -9.76710721e+00
 -6.95185824e+00 -5.03433705e+00  1.46704593e+01  2.17595158e+00
 -7.20892706e+00 -1.45881396e+01  1.50345977e+00 -6.23753138e+00
  2.19646340e+00  1.35077353e+01  3.37256701e+00  8.23470881e+00
 -5.81415624e-01  2.23605151e+00  1.20180396e+00 -2.21687287e-01
  5.03009963e+00 -1.84534574e+00 -2.24251744e-01  1.16549630e-01
 -7.75169422e-01 -2.92622324e+00 -1.11865633e+00  1.77990124e+00
  6.05118359e-01  5.89895105e+00 -3.12801992e+00  7.54093011e-02
 -9.95738828e+00 -5.43801781e+00  5.19733276e+00 -1.79612292e+00
  1.66621565e+00  3.13779396e+00 -9.00871905e+00  8.38636964e-01
 -5.10818418e-01  1.54368895e+00 -3.82692445e+00 -1.01324914e-02
 -2.04181156e-01  2.73017624e+00  7.50806671e+00  5.78054355e+00
  1.07270361e+00  2.35552261e-01 -5.20224241e+00  8.91771100e+00
 -2.96707876e-01  3.26138605e+00 -6.98063727e+00  8.82859543e+00
  1.88648450e+00 -4.47417689e-01 -1.08366321e+01 -8.86649573e+00
 -2.51199428e+00  1.33181299e+00  1.60663367e+00  8.93968498e+00
  9.35301188e-01 -4.95179702e-01  4.92468329e-02 -5.95022383e-02
  1.72324579e-02  1.38835815e+00 -1.07866263e+00  1.22778397e+00
  1.93075437e-01 -3.83493039e-01  2.34834975e-01 -1.26614432e-01
 -1.44131617e+00  3.79117438e-01  1.63896572e-01 -6.89569481e-01
  1.13046318e+00  7.11602365e-01 -1.14254208e+00 -1.04247024e+00
 -1.01203689e-01 -2.46181028e-01 -1.38863261e-01  8.08559514e-02
  1.71009122e-01  4.34960468e-01  1.18524407e-01 -3.72076996e-01
  1.74084906e-02 -3.69651871e-01  3.08224398e-01 -6.08646937e-01
 -1.62286271e+00  2.21945053e+00 -7.53576570e-01  5.58486473e-01
  3.64075113e-01  1.76756909e-01  1.46610272e-01  3.41537895e-03
 -2.65262989e-01 -4.44516601e-01  7.69765231e-01  1.40197819e+00
 -4.75586407e-01 -9.00138886e-01 -1.08897427e-01 -3.92817894e-01
 -9.50701013e-02  7.80092509e-01 -2.33618019e-01]
[[6.81313186e-01 2.64530872e-01 3.40239258e-01 ... 2.69111722e-05
  1.80016943e-05 1.67135943e-01]
 [6.81313186e-01 2.64530872e-01 3.40239258e-01 ... 2.69111722e-05
  1.80016943e-05 1.67135943e-01]
 [6.81313186e-01 2.64530872e-01 3.40239258e-01 ... 2.69111722e-05
  1.80016943e-05 1.67135943e-01]
 ...
 [2.11464231e-01 8.54076567e-01 4.43576363e-01 ... 4.02397166e-01
  2.38573020e-01 5.96937971e-03]
 [2.44971094e-01 8.38688024e-01 4.46272903e-01 ... 3.83352183e-01
  2.27281640e-01 1.19424312e-02]
 [2.80368051e-01 8.13654131e-01 4.43576363e-01 ... 3.31456869e-01
  1.96513974e-01 2.16841473e-02]]
[ 2.00726263e+00 -1.00838326e+01  2.06545077e+01 -4.39946807e+00
 -1.04815781e+01  2.97440523e-01 -2.25820944e+00  3.46527229e+00
 -4.42267457e+00  7.13980471e-01  5.02245789e+00 -9.76710721e+00
 -6.95185824e+00 -5.03433705e+00  1.46704593e+01  2.17595158e+00
 -7.20892706e+00 -1.45881396e+01  1.50345977e+00 -6.23753138e+00
  2.19646340e+00  1.35077353e+01  3.37256701e+00  8.23470881e+00
 -5.81415624e-01  2.23605151e+00  1.20180396e+00 -2.21687287e-01
  5.03009963e+00 -1.84534574e+00 -2.24251744e-01  1.16549630e-01
 -7.75169422e-01 -2.92622324e+00 -1.11865633e+00  1.77990124e+00
  6.05118359e-01  5.89895105e+00 -3.12801992e+00  7.54093011e-02
 -9.95738828e+00 -5.43801781e+00  5.19733276e+00 -1.79612292e+00
  1.66621565e+00  3.13779396e+00 -9.00871905e+00  8.38636964e-01
 -5.10818418e-01  1.54368895e+00 -3.82692445e+00 -1.01324914e-02
 -2.04181156e-01  2.73017624e+00  7.50806671e+00  5.78054355e+00
  1.07270361e+00  2.35552261e-01 -5.20224241e+00  8.91771100e+00
 -2.96707876e-01  3.26138605e+00 -6.98063727e+00  8.82859543e+00
  1.88648450e+00 -4.47417689e-01 -1.08366321e+01 -8.86649573e+00
 -2.51199428e+00  1.33181299e+00  1.60663367e+00  8.93968498e+00
  9.35301188e-01 -4.95179702e-01  4.92468329e-02 -5.95022383e-02
  1.72324579e-02  1.38835815e+00 -1.07866263e+00  1.22778397e+00
  1.93075437e-01 -3.83493039e-01  2.34834975e-01 -1.26614432e-01
 -1.44131617e+00  3.79117438e-01  1.63896572e-01 -6.89569481e-01
  1.13046318e+00  7.11602365e-01 -1.14254208e+00 -1.04247024e+00
 -1.01203689e-01 -2.46181028e-01 -1.38863261e-01  8.08559514e-02
  1.71009122e-01  4.34960468e-01  1.18524407e-01 -3.72076996e-01
  1.74084906e-02 -3.69651871e-01  3.08224398e-01 -6.08646937e-01
 -1.62286271e+00  2.21945053e+00 -7.53576570e-01  5.58486473e-01
  3.64075113e-01  1.76756909e-01  1.46610272e-01  3.41537895e-03
 -2.65262989e-01 -4.44516601e-01  7.69765231e-01  1.40197819e+00
 -4.75586407e-01 -9.00138886e-01 -1.08897427e-01 -3.92817894e-01
 -9.50701013e-02  7.80092509e-01 -2.33618019e-01 -1.11310239e+00
 -6.10367424e-02 -3.08225265e-01  2.41998124e-01  1.80703107e-01
  4.01770516e-01  2.04471726e-01 -6.63547700e-01 -5.92970653e-01
  1.56379555e-01 -1.13318958e-01  6.76279379e-01 -3.07739887e-01
  1.29431075e-01 -2.14663617e-01  4.63390213e-02 -3.26134745e-02
  1.10488658e-01 -1.51162797e-01  3.38057644e-01  2.54320710e-01
 -5.80320021e-02  5.64821929e-01  5.30287413e-01 -1.19991240e-02
  2.11904457e-01 -4.16266397e-01 -2.31776695e-01 -4.19038615e-01
  2.11030382e-01  1.54462391e-01 -3.52167110e-01  3.50314835e-01
 -6.94587447e-02 -8.52926861e-02  6.24896627e-01 -4.38461202e-01
 -1.16684242e-01  3.18562243e-01 -1.28258748e-01 -1.38348953e-01
 -5.24641926e-01 -7.10460072e-01 -3.05698492e-01  4.56078835e-01
 -2.18343033e-01 -3.06779385e-01  3.84864456e-01  2.67624649e-01
  1.45952799e-01 -1.10291993e-01  4.03457869e-01 -1.05611711e-01
  7.24517454e-01 -2.07960947e-01  3.03539954e-01 -5.90190546e-01
  4.88123177e-01  9.22232402e-02 -1.24633862e-01 -1.66031592e-01
 -1.55322544e-01  9.86231962e-02  4.83455522e-02  1.24899575e-01]
[[6.81313186e-01 2.64530872e-01 3.40239258e-01 ... 5.61652789e-03
  2.36999138e-06 2.98544825e-02]
 [6.81313186e-01 2.64530872e-01 3.40239258e-01 ... 5.61652789e-03
  2.36999138e-06 2.98544825e-02]
 [6.81313186e-01 2.64530872e-01 3.40239258e-01 ... 5.61652789e-03
  2.36999138e-06 2.98544825e-02]
 ...
 [2.11464231e-01 8.54076567e-01 4.43576363e-01 ... 1.16082855e-03
  3.68492218e-02 6.77176675e-06]
 [2.44971094e-01 8.38688024e-01 4.46272903e-01 ... 3.87741161e-03
  7.13509290e-02 4.64457142e-05]
 [2.80368051e-01 8.13654131e-01 4.43576363e-01 ... 1.06681188e-02
  1.13800207e-01 2.62398537e-04]]
[ 2.00726263e+00 -1.00838326e+01  2.06545077e+01 -4.39946807e+00
 -1.04815781e+01  2.97440523e-01 -2.25820944e+00  3.46527229e+00
 -4.42267457e+00  7.13980471e-01  5.02245789e+00 -9.76710721e+00
 -6.95185824e+00 -5.03433705e+00  1.46704593e+01  2.17595158e+00
 -7.20892706e+00 -1.45881396e+01  1.50345977e+00 -6.23753138e+00
  2.19646340e+00  1.35077353e+01  3.37256701e+00  8.23470881e+00
 -5.81415624e-01  2.23605151e+00  1.20180396e+00 -2.21687287e-01
  5.03009963e+00 -1.84534574e+00 -2.24251744e-01  1.16549630e-01
 -7.75169422e-01 -2.92622324e+00 -1.11865633e+00  1.77990124e+00
  6.05118359e-01  5.89895105e+00 -3.12801992e+00  7.54093011e-02
 -9.95738828e+00 -5.43801781e+00  5.19733276e+00 -1.79612292e+00
  1.66621565e+00  3.13779396e+00 -9.00871905e+00  8.38636964e-01
 -5.10818418e-01  1.54368895e+00 -3.82692445e+00 -1.01324914e-02
 -2.04181156e-01  2.73017624e+00  7.50806671e+00  5.78054355e+00
  1.07270361e+00  2.35552261e-01 -5.20224241e+00  8.91771100e+00
 -2.96707876e-01  3.26138605e+00 -6.98063727e+00  8.82859543e+00
  1.88648450e+00 -4.47417689e-01 -1.08366321e+01 -8.86649573e+00
 -2.51199428e+00  1.33181299e+00  1.60663367e+00  8.93968498e+00
  9.35301188e-01 -4.95179702e-01  4.92468329e-02 -5.95022383e-02
  1.72324579e-02  1.38835815e+00 -1.07866263e+00  1.22778397e+00
  1.93075437e-01 -3.83493039e-01  2.34834975e-01 -1.26614432e-01
 -1.44131617e+00  3.79117438e-01  1.63896572e-01 -6.89569481e-01
  1.13046318e+00  7.11602365e-01 -1.14254208e+00 -1.04247024e+00
 -1.01203689e-01 -2.46181028e-01 -1.38863261e-01  8.08559514e-02
  1.71009122e-01  4.34960468e-01  1.18524407e-01 -3.72076996e-01
  1.74084906e-02 -3.69651871e-01  3.08224398e-01 -6.08646937e-01
 -1.62286271e+00  2.21945053e+00 -7.53576570e-01  5.58486473e-01
  3.64075113e-01  1.76756909e-01  1.46610272e-01  3.41537895e-03
 -2.65262989e-01 -4.44516601e-01  7.69765231e-01  1.40197819e+00
 -4.75586407e-01 -9.00138886e-01 -1.08897427e-01 -3.92817894e-01
 -9.50701013e-02  7.80092509e-01 -2.33618019e-01 -1.11310239e+00
 -6.10367424e-02 -3.08225265e-01  2.41998124e-01  1.80703107e-01
  4.01770516e-01  2.04471726e-01 -6.63547700e-01 -5.92970653e-01
  1.56379555e-01 -1.13318958e-01  6.76279379e-01 -3.07739887e-01
  1.29431075e-01 -2.14663617e-01  4.63390213e-02 -3.26134745e-02
  1.10488658e-01 -1.51162797e-01  3.38057644e-01  2.54320710e-01
 -5.80320021e-02  5.64821929e-01  5.30287413e-01 -1.19991240e-02
  2.11904457e-01 -4.16266397e-01 -2.31776695e-01 -4.19038615e-01
  2.11030382e-01  1.54462391e-01 -3.52167110e-01  3.50314835e-01
 -6.94587447e-02 -8.52926861e-02  6.24896627e-01 -4.38461202e-01
 -1.16684242e-01  3.18562243e-01 -1.28258748e-01 -1.38348953e-01
 -5.24641926e-01 -7.10460072e-01 -3.05698492e-01  4.56078835e-01
 -2.18343033e-01 -3.06779385e-01  3.84864456e-01  2.67624649e-01
  1.45952799e-01 -1.10291993e-01  4.03457869e-01 -1.05611711e-01
  7.24517454e-01 -2.07960947e-01  3.03539954e-01 -5.90190546e-01
  4.88123177e-01  9.22232402e-02 -1.24633862e-01 -1.66031592e-01
 -1.55322544e-01  9.86231962e-02  4.83455522e-02  1.24899575e-01
 -1.52552160e-01  1.64061111e-01  9.42510897e-02  6.39758847e-02
 -4.73867118e-02 -1.07604886e-01 -4.43056073e-02 -1.44480018e-01
  6.82668588e-02 -2.11785378e-01  1.33637958e-01 -1.20826634e-01
  1.66847343e-01  1.41334390e-02 -1.54637805e-01  8.92695234e-02
 -9.64307693e-02  2.08678343e-01 -9.35171865e-02  5.66038888e-02
  2.41515195e-02 -2.34969783e-01  7.49433832e-02 -5.10254340e-02
 -3.90404093e-01 -1.55503007e-02  2.21554953e-01  6.35333537e-02
  9.42143531e-02  1.43756866e-01 -1.33031019e-01 -6.03209543e-02
  6.21784922e-02 -9.18853279e-02  1.14762837e-01 -2.13236408e-01
  1.53936061e-01 -5.24579066e-02  1.03042811e-01  5.56723571e-02
  3.65856594e-02 -5.14966507e-02  5.75994837e-02 -1.05597188e-01
  9.78855449e-02 -8.44596459e-02  1.51925944e-01 -1.11930141e-01
  3.32880038e-02 -7.11929006e-02  6.61461649e-02  1.47498464e-01
 -2.10664271e-01  1.14478148e-01 -7.93545931e-02 -1.32518097e-01
 -3.65160882e-02  4.11982697e-02  5.36269741e-02  1.20827332e-01
  2.38083827e-01  8.39041087e-02  1.56321722e-01 -1.32097741e-01
 -1.52888864e-02 -1.02326078e-01 -9.09266435e-02 -5.41839944e-02
  1.13554736e-02 -1.03519865e-01  6.37535826e-02  1.95037993e-01
  1.67250302e-01  6.85772690e-02 -1.01367256e-01  4.19670881e-02
 -6.86932097e-02]
[[6.81313186e-01 2.64530872e-01 3.40239258e-01 ... 2.50908696e-04
  1.34909319e-07 6.18917247e-18]
 [6.81313186e-01 2.64530872e-01 3.40239258e-01 ... 2.50908696e-04
  1.34909319e-07 6.18917247e-18]
 [6.81313186e-01 2.64530872e-01 3.40239258e-01 ... 2.50908696e-04
  1.34909319e-07 6.18917247e-18]
 ...
 [2.11464231e-01 8.54076567e-01 4.43576363e-01 ... 4.68541930e-11
  1.52904683e-09 3.41456937e-02]
 [2.44971094e-01 8.38688024e-01 4.46272903e-01 ... 5.22752496e-10
  8.24867357e-09 2.81260050e-02]
 [2.80368051e-01 8.13654131e-01 4.43576363e-01 ... 3.95719989e-09
  3.01919850e-08 1.57189807e-02]]
[ 2.00726263e+00 -1.00838326e+01  2.06545077e+01 -4.39946807e+00
 -1.04815781e+01  2.97440523e-01 -2.25820944e+00  3.46527229e+00
 -4.42267457e+00  7.13980471e-01  5.02245789e+00 -9.76710721e+00
 -6.95185824e+00 -5.03433705e+00  1.46704593e+01  2.17595158e+00
 -7.20892706e+00 -1.45881396e+01  1.50345977e+00 -6.23753138e+00
  2.19646340e+00  1.35077353e+01  3.37256701e+00  8.23470881e+00
 -5.81415624e-01  2.23605151e+00  1.20180396e+00 -2.21687287e-01
  5.03009963e+00 -1.84534574e+00 -2.24251744e-01  1.16549630e-01
 -7.75169422e-01 -2.92622324e+00 -1.11865633e+00  1.77990124e+00
  6.05118359e-01  5.89895105e+00 -3.12801992e+00  7.54093011e-02
 -9.95738828e+00 -5.43801781e+00  5.19733276e+00 -1.79612292e+00
  1.66621565e+00  3.13779396e+00 -9.00871905e+00  8.38636964e-01
 -5.10818418e-01  1.54368895e+00 -3.82692445e+00 -1.01324914e-02
 -2.04181156e-01  2.73017624e+00  7.50806671e+00  5.78054355e+00
  1.07270361e+00  2.35552261e-01 -5.20224241e+00  8.91771100e+00
 -2.96707876e-01  3.26138605e+00 -6.98063727e+00  8.82859543e+00
  1.88648450e+00 -4.47417689e-01 -1.08366321e+01 -8.86649573e+00
 -2.51199428e+00  1.33181299e+00  1.60663367e+00  8.93968498e+00
  9.35301188e-01 -4.95179702e-01  4.92468329e-02 -5.95022383e-02
  1.72324579e-02  1.38835815e+00 -1.07866263e+00  1.22778397e+00
  1.93075437e-01 -3.83493039e-01  2.34834975e-01 -1.26614432e-01
 -1.44131617e+00  3.79117438e-01  1.63896572e-01 -6.89569481e-01
  1.13046318e+00  7.11602365e-01 -1.14254208e+00 -1.04247024e+00
 -1.01203689e-01 -2.46181028e-01 -1.38863261e-01  8.08559514e-02
  1.71009122e-01  4.34960468e-01  1.18524407e-01 -3.72076996e-01
  1.74084906e-02 -3.69651871e-01  3.08224398e-01 -6.08646937e-01
 -1.62286271e+00  2.21945053e+00 -7.53576570e-01  5.58486473e-01
  3.64075113e-01  1.76756909e-01  1.46610272e-01  3.41537895e-03
 -2.65262989e-01 -4.44516601e-01  7.69765231e-01  1.40197819e+00
 -4.75586407e-01 -9.00138886e-01 -1.08897427e-01 -3.92817894e-01
 -9.50701013e-02  7.80092509e-01 -2.33618019e-01 -1.11310239e+00
 -6.10367424e-02 -3.08225265e-01  2.41998124e-01  1.80703107e-01
  4.01770516e-01  2.04471726e-01 -6.63547700e-01 -5.92970653e-01
  1.56379555e-01 -1.13318958e-01  6.76279379e-01 -3.07739887e-01
  1.29431075e-01 -2.14663617e-01  4.63390213e-02 -3.26134745e-02
  1.10488658e-01 -1.51162797e-01  3.38057644e-01  2.54320710e-01
 -5.80320021e-02  5.64821929e-01  5.30287413e-01 -1.19991240e-02
  2.11904457e-01 -4.16266397e-01 -2.31776695e-01 -4.19038615e-01
  2.11030382e-01  1.54462391e-01 -3.52167110e-01  3.50314835e-01
 -6.94587447e-02 -8.52926861e-02  6.24896627e-01 -4.38461202e-01
 -1.16684242e-01  3.18562243e-01 -1.28258748e-01 -1.38348953e-01
 -5.24641926e-01 -7.10460072e-01 -3.05698492e-01  4.56078835e-01
 -2.18343033e-01 -3.06779385e-01  3.84864456e-01  2.67624649e-01
  1.45952799e-01 -1.10291993e-01  4.03457869e-01 -1.05611711e-01
  7.24517454e-01 -2.07960947e-01  3.03539954e-01 -5.90190546e-01
  4.88123177e-01  9.22232402e-02 -1.24633862e-01 -1.66031592e-01
 -1.55322544e-01  9.86231962e-02  4.83455522e-02  1.24899575e-01
 -1.52552160e-01  1.64061111e-01  9.42510897e-02  6.39758847e-02
 -4.73867118e-02 -1.07604886e-01 -4.43056073e-02 -1.44480018e-01
  6.82668588e-02 -2.11785378e-01  1.33637958e-01 -1.20826634e-01
  1.66847343e-01  1.41334390e-02 -1.54637805e-01  8.92695234e-02
 -9.64307693e-02  2.08678343e-01 -9.35171865e-02  5.66038888e-02
  2.41515195e-02 -2.34969783e-01  7.49433832e-02 -5.10254340e-02
 -3.90404093e-01 -1.55503007e-02  2.21554953e-01  6.35333537e-02
  9.42143531e-02  1.43756866e-01 -1.33031019e-01 -6.03209543e-02
  6.21784922e-02 -9.18853279e-02  1.14762837e-01 -2.13236408e-01
  1.53936061e-01 -5.24579066e-02  1.03042811e-01  5.56723571e-02
  3.65856594e-02 -5.14966507e-02  5.75994837e-02 -1.05597188e-01
  9.78855449e-02 -8.44596459e-02  1.51925944e-01 -1.11930141e-01
  3.32880038e-02 -7.11929006e-02  6.61461649e-02  1.47498464e-01
 -2.10664271e-01  1.14478148e-01 -7.93545931e-02 -1.32518097e-01
 -3.65160882e-02  4.11982697e-02  5.36269741e-02  1.20827332e-01
  2.38083827e-01  8.39041087e-02  1.56321722e-01 -1.32097741e-01
 -1.52888864e-02 -1.02326078e-01 -9.09266435e-02 -5.41839944e-02
  1.13554736e-02 -1.03519865e-01  6.37535826e-02  1.95037993e-01
  1.67250302e-01  6.85772690e-02 -1.01367256e-01  4.19670881e-02
 -6.86932097e-02 -8.29828859e-02  7.41478759e-02  3.37833433e-02
  7.34830673e-02 -5.77201746e-02 -6.04873974e-02  9.58051562e-02
 -7.64458184e-02 -2.31791775e-01  9.59567321e-02  4.50821769e-02
 -4.81260169e-02 -6.00182765e-02  3.16538137e-02  1.42215552e-01
 -3.42207153e-02  4.64244069e-02  1.16345509e-01 -6.89240329e-02
  7.62310616e-02  3.11706850e-02 -5.97437734e-02  3.69539055e-02
 -8.43783526e-02 -1.33120409e-02  7.61441210e-02  1.26119757e-01
 -8.94877641e-02 -9.95295204e-02  1.14492684e-01  3.90439187e-02
 -4.82383161e-01 -1.24218623e-01  8.21618315e-02  5.94199203e-02
  3.74231977e-02 -8.22385133e-02 -2.88838537e-02  6.44053415e-02
 -7.26292327e-02  7.32463896e-02 -1.05497569e-01  3.00972968e-02
  2.78522049e-02 -4.97127853e-02  6.38117752e-02 -3.16258004e-02
  5.54151044e-02 -5.94181865e-02  5.18705518e-02  5.19428655e-02
 -1.19050491e-01  1.43649219e-01  5.33296373e-02  5.63986998e-02
  4.49100810e-02 -1.61366549e-01  4.75300119e-02 -3.55720556e-01
  1.28132075e-02 -3.24232827e-02 -4.42676142e-02 -4.40929972e-02
 -4.69825633e-02  1.09423744e-01  7.07615778e-02 -6.54179312e-02
  7.02956463e-02  3.12943487e-01  2.00680884e-01 -6.16306225e-02
 -4.17725788e-02  3.34105869e-02 -4.63648709e-02  3.65786741e-02
 -5.44064210e-02  8.83363971e-02  1.52618551e-02 -5.92410030e-02
  1.28496710e-02  4.06218958e-02  4.61981173e-02 -2.32579039e-02
 -2.12791629e-02  2.08268046e-02 -1.58775554e-02 -8.37942331e-02
  4.54288544e-02  1.63510584e-01  4.36417929e-01 -2.36539472e-01
  1.06551116e-01 -6.61116334e-02 -3.49624716e-02  3.38093093e-02
 -3.05861061e-02  3.30723852e-02 -4.14756621e-02  2.93847144e-02
 -6.33004752e-02  3.76711822e-02  3.11785104e-02]
[[6.81313186e-01 2.64530872e-01 3.40239258e-01 ... 8.72042061e-14
  1.57862260e-09 6.85291923e-08]
 [6.81313186e-01 2.64530872e-01 3.40239258e-01 ... 8.72042061e-14
  1.57862260e-09 6.85291923e-08]
 [6.81313186e-01 2.64530872e-01 3.40239258e-01 ... 8.72042061e-14
  1.57862260e-09 6.85291923e-08]
 ...
 [2.11464231e-01 8.54076567e-01 4.43576363e-01 ... 9.34464837e-31
  2.08312220e-38 4.83697014e-50]
 [2.44971094e-01 8.38688024e-01 4.46272903e-01 ... 1.16321038e-28
  2.27221380e-35 5.92598538e-46]
 [2.80368051e-01 8.13654131e-01 4.43576363e-01 ... 6.66564249e-27
  1.14096436e-32 3.34222885e-42]]
[ 2.00726263e+00 -1.00838326e+01  2.06545077e+01 -4.39946807e+00
 -1.04815781e+01  2.97440523e-01 -2.25820944e+00  3.46527229e+00
 -4.42267457e+00  7.13980471e-01  5.02245789e+00 -9.76710721e+00
 -6.95185824e+00 -5.03433705e+00  1.46704593e+01  2.17595158e+00
 -7.20892706e+00 -1.45881396e+01  1.50345977e+00 -6.23753138e+00
  2.19646340e+00  1.35077353e+01  3.37256701e+00  8.23470881e+00
 -5.81415624e-01  2.23605151e+00  1.20180396e+00 -2.21687287e-01
  5.03009963e+00 -1.84534574e+00 -2.24251744e-01  1.16549630e-01
 -7.75169422e-01 -2.92622324e+00 -1.11865633e+00  1.77990124e+00
  6.05118359e-01  5.89895105e+00 -3.12801992e+00  7.54093011e-02
 -9.95738828e+00 -5.43801781e+00  5.19733276e+00 -1.79612292e+00
  1.66621565e+00  3.13779396e+00 -9.00871905e+00  8.38636964e-01
 -5.10818418e-01  1.54368895e+00 -3.82692445e+00 -1.01324914e-02
 -2.04181156e-01  2.73017624e+00  7.50806671e+00  5.78054355e+00
  1.07270361e+00  2.35552261e-01 -5.20224241e+00  8.91771100e+00
 -2.96707876e-01  3.26138605e+00 -6.98063727e+00  8.82859543e+00
  1.88648450e+00 -4.47417689e-01 -1.08366321e+01 -8.86649573e+00
 -2.51199428e+00  1.33181299e+00  1.60663367e+00  8.93968498e+00
  9.35301188e-01 -4.95179702e-01  4.92468329e-02 -5.95022383e-02
  1.72324579e-02  1.38835815e+00 -1.07866263e+00  1.22778397e+00
  1.93075437e-01 -3.83493039e-01  2.34834975e-01 -1.26614432e-01
 -1.44131617e+00  3.79117438e-01  1.63896572e-01 -6.89569481e-01
  1.13046318e+00  7.11602365e-01 -1.14254208e+00 -1.04247024e+00
 -1.01203689e-01 -2.46181028e-01 -1.38863261e-01  8.08559514e-02
  1.71009122e-01  4.34960468e-01  1.18524407e-01 -3.72076996e-01
  1.74084906e-02 -3.69651871e-01  3.08224398e-01 -6.08646937e-01
 -1.62286271e+00  2.21945053e+00 -7.53576570e-01  5.58486473e-01
  3.64075113e-01  1.76756909e-01  1.46610272e-01  3.41537895e-03
 -2.65262989e-01 -4.44516601e-01  7.69765231e-01  1.40197819e+00
 -4.75586407e-01 -9.00138886e-01 -1.08897427e-01 -3.92817894e-01
 -9.50701013e-02  7.80092509e-01 -2.33618019e-01 -1.11310239e+00
 -6.10367424e-02 -3.08225265e-01  2.41998124e-01  1.80703107e-01
  4.01770516e-01  2.04471726e-01 -6.63547700e-01 -5.92970653e-01
  1.56379555e-01 -1.13318958e-01  6.76279379e-01 -3.07739887e-01
  1.29431075e-01 -2.14663617e-01  4.63390213e-02 -3.26134745e-02
  1.10488658e-01 -1.51162797e-01  3.38057644e-01  2.54320710e-01
 -5.80320021e-02  5.64821929e-01  5.30287413e-01 -1.19991240e-02
  2.11904457e-01 -4.16266397e-01 -2.31776695e-01 -4.19038615e-01
  2.11030382e-01  1.54462391e-01 -3.52167110e-01  3.50314835e-01
 -6.94587447e-02 -8.52926861e-02  6.24896627e-01 -4.38461202e-01
 -1.16684242e-01  3.18562243e-01 -1.28258748e-01 -1.38348953e-01
 -5.24641926e-01 -7.10460072e-01 -3.05698492e-01  4.56078835e-01
 -2.18343033e-01 -3.06779385e-01  3.84864456e-01  2.67624649e-01
  1.45952799e-01 -1.10291993e-01  4.03457869e-01 -1.05611711e-01
  7.24517454e-01 -2.07960947e-01  3.03539954e-01 -5.90190546e-01
  4.88123177e-01  9.22232402e-02 -1.24633862e-01 -1.66031592e-01
 -1.55322544e-01  9.86231962e-02  4.83455522e-02  1.24899575e-01
 -1.52552160e-01  1.64061111e-01  9.42510897e-02  6.39758847e-02
 -4.73867118e-02 -1.07604886e-01 -4.43056073e-02 -1.44480018e-01
  6.82668588e-02 -2.11785378e-01  1.33637958e-01 -1.20826634e-01
  1.66847343e-01  1.41334390e-02 -1.54637805e-01  8.92695234e-02
 -9.64307693e-02  2.08678343e-01 -9.35171865e-02  5.66038888e-02
  2.41515195e-02 -2.34969783e-01  7.49433832e-02 -5.10254340e-02
 -3.90404093e-01 -1.55503007e-02  2.21554953e-01  6.35333537e-02
  9.42143531e-02  1.43756866e-01 -1.33031019e-01 -6.03209543e-02
  6.21784922e-02 -9.18853279e-02  1.14762837e-01 -2.13236408e-01
  1.53936061e-01 -5.24579066e-02  1.03042811e-01  5.56723571e-02
  3.65856594e-02 -5.14966507e-02  5.75994837e-02 -1.05597188e-01
  9.78855449e-02 -8.44596459e-02  1.51925944e-01 -1.11930141e-01
  3.32880038e-02 -7.11929006e-02  6.61461649e-02  1.47498464e-01
 -2.10664271e-01  1.14478148e-01 -7.93545931e-02 -1.32518097e-01
 -3.65160882e-02  4.11982697e-02  5.36269741e-02  1.20827332e-01
  2.38083827e-01  8.39041087e-02  1.56321722e-01 -1.32097741e-01
 -1.52888864e-02 -1.02326078e-01 -9.09266435e-02 -5.41839944e-02
  1.13554736e-02 -1.03519865e-01  6.37535826e-02  1.95037993e-01
  1.67250302e-01  6.85772690e-02 -1.01367256e-01  4.19670881e-02
 -6.86932097e-02 -8.29828859e-02  7.41478759e-02  3.37833433e-02
  7.34830673e-02 -5.77201746e-02 -6.04873974e-02  9.58051562e-02
 -7.64458184e-02 -2.31791775e-01  9.59567321e-02  4.50821769e-02
 -4.81260169e-02 -6.00182765e-02  3.16538137e-02  1.42215552e-01
 -3.42207153e-02  4.64244069e-02  1.16345509e-01 -6.89240329e-02
  7.62310616e-02  3.11706850e-02 -5.97437734e-02  3.69539055e-02
 -8.43783526e-02 -1.33120409e-02  7.61441210e-02  1.26119757e-01
 -8.94877641e-02 -9.95295204e-02  1.14492684e-01  3.90439187e-02
 -4.82383161e-01 -1.24218623e-01  8.21618315e-02  5.94199203e-02
  3.74231977e-02 -8.22385133e-02 -2.88838537e-02  6.44053415e-02
 -7.26292327e-02  7.32463896e-02 -1.05497569e-01  3.00972968e-02
  2.78522049e-02 -4.97127853e-02  6.38117752e-02 -3.16258004e-02
  5.54151044e-02 -5.94181865e-02  5.18705518e-02  5.19428655e-02
 -1.19050491e-01  1.43649219e-01  5.33296373e-02  5.63986998e-02
  4.49100810e-02 -1.61366549e-01  4.75300119e-02 -3.55720556e-01
  1.28132075e-02 -3.24232827e-02 -4.42676142e-02 -4.40929972e-02
 -4.69825633e-02  1.09423744e-01  7.07615778e-02 -6.54179312e-02
  7.02956463e-02  3.12943487e-01  2.00680884e-01 -6.16306225e-02
 -4.17725788e-02  3.34105869e-02 -4.63648709e-02  3.65786741e-02
 -5.44064210e-02  8.83363971e-02  1.52618551e-02 -5.92410030e-02
  1.28496710e-02  4.06218958e-02  4.61981173e-02 -2.32579039e-02
 -2.12791629e-02  2.08268046e-02 -1.58775554e-02 -8.37942331e-02
  4.54288544e-02  1.63510584e-01  4.36417929e-01 -2.36539472e-01
  1.06551116e-01 -6.61116334e-02 -3.49624716e-02  3.38093093e-02
 -3.05861061e-02  3.30723852e-02 -4.14756621e-02  2.93847144e-02
 -6.33004752e-02  3.76711822e-02  3.11785104e-02  7.31885591e-02
  8.43317803e-02 -2.75821203e-02  1.67795503e-02 -1.16963737e-01
  9.54942674e-02  7.26112471e-02 -8.07322978e-02 -4.42463187e-02
  8.02297521e-02 -2.62403711e-02 -5.56215119e-02 -2.84501979e-01
  1.09464685e-02  1.02371392e-01 -1.93425497e-02  5.17724590e-02
  1.49190960e-02 -2.36934182e-02 -6.05834513e-02  5.67254979e-02
 -5.22299777e-02  2.74558937e-02 -1.23198107e-01 -3.84784027e-01
  4.17324575e-02  5.42582757e-02  3.47887646e-01 -9.34660192e-02
  4.61097849e-02  7.28264529e-02 -1.79432179e-02 -4.14898594e-02
 -5.52719783e-02  5.26673653e-02 -8.43883643e-02  2.59559088e-01
  3.54869125e-02]
[[6.81313186e-01 2.64530872e-01 3.40239258e-01 ... 1.69704060e-12
  1.04964411e-15 9.71722040e-14]
 [6.81313186e-01 2.64530872e-01 3.40239258e-01 ... 1.69704060e-12
  1.04964411e-15 9.71722040e-14]
 [6.81313186e-01 2.64530872e-01 3.40239258e-01 ... 1.69704060e-12
  1.04964411e-15 9.71722040e-14]
 ...
 [2.11464231e-01 8.54076567e-01 4.43576363e-01 ... 5.36085932e-49
  2.61520037e-45 2.68386349e-49]
 [2.44971094e-01 8.38688024e-01 4.46272903e-01 ... 1.04644943e-41
  5.10491840e-38 3.19322349e-43]
 [2.80368051e-01 8.13654131e-01 4.43576363e-01 ... 4.32891401e-35
  2.11178411e-31 8.05146829e-38]]
[ 2.00726263e+00 -1.00838326e+01  2.06545077e+01 -4.39946807e+00
 -1.04815781e+01  2.97440523e-01 -2.25820944e+00  3.46527229e+00
 -4.42267457e+00  7.13980471e-01  5.02245789e+00 -9.76710721e+00
 -6.95185824e+00 -5.03433705e+00  1.46704593e+01  2.17595158e+00
 -7.20892706e+00 -1.45881396e+01  1.50345977e+00 -6.23753138e+00
  2.19646340e+00  1.35077353e+01  3.37256701e+00  8.23470881e+00
 -5.81415624e-01  2.23605151e+00  1.20180396e+00 -2.21687287e-01
  5.03009963e+00 -1.84534574e+00 -2.24251744e-01  1.16549630e-01
 -7.75169422e-01 -2.92622324e+00 -1.11865633e+00  1.77990124e+00
  6.05118359e-01  5.89895105e+00 -3.12801992e+00  7.54093011e-02
 -9.95738828e+00 -5.43801781e+00  5.19733276e+00 -1.79612292e+00
  1.66621565e+00  3.13779396e+00 -9.00871905e+00  8.38636964e-01
 -5.10818418e-01  1.54368895e+00 -3.82692445e+00 -1.01324914e-02
 -2.04181156e-01  2.73017624e+00  7.50806671e+00  5.78054355e+00
  1.07270361e+00  2.35552261e-01 -5.20224241e+00  8.91771100e+00
 -2.96707876e-01  3.26138605e+00 -6.98063727e+00  8.82859543e+00
  1.88648450e+00 -4.47417689e-01 -1.08366321e+01 -8.86649573e+00
 -2.51199428e+00  1.33181299e+00  1.60663367e+00  8.93968498e+00
  9.35301188e-01 -4.95179702e-01  4.92468329e-02 -5.95022383e-02
  1.72324579e-02  1.38835815e+00 -1.07866263e+00  1.22778397e+00
  1.93075437e-01 -3.83493039e-01  2.34834975e-01 -1.26614432e-01
 -1.44131617e+00  3.79117438e-01  1.63896572e-01 -6.89569481e-01
  1.13046318e+00  7.11602365e-01 -1.14254208e+00 -1.04247024e+00
 -1.01203689e-01 -2.46181028e-01 -1.38863261e-01  8.08559514e-02
  1.71009122e-01  4.34960468e-01  1.18524407e-01 -3.72076996e-01
  1.74084906e-02 -3.69651871e-01  3.08224398e-01 -6.08646937e-01
 -1.62286271e+00  2.21945053e+00 -7.53576570e-01  5.58486473e-01
  3.64075113e-01  1.76756909e-01  1.46610272e-01  3.41537895e-03
 -2.65262989e-01 -4.44516601e-01  7.69765231e-01  1.40197819e+00
 -4.75586407e-01 -9.00138886e-01 -1.08897427e-01 -3.92817894e-01
 -9.50701013e-02  7.80092509e-01 -2.33618019e-01 -1.11310239e+00
 -6.10367424e-02 -3.08225265e-01  2.41998124e-01  1.80703107e-01
  4.01770516e-01  2.04471726e-01 -6.63547700e-01 -5.92970653e-01
  1.56379555e-01 -1.13318958e-01  6.76279379e-01 -3.07739887e-01
  1.29431075e-01 -2.14663617e-01  4.63390213e-02 -3.26134745e-02
  1.10488658e-01 -1.51162797e-01  3.38057644e-01  2.54320710e-01
 -5.80320021e-02  5.64821929e-01  5.30287413e-01 -1.19991240e-02
  2.11904457e-01 -4.16266397e-01 -2.31776695e-01 -4.19038615e-01
  2.11030382e-01  1.54462391e-01 -3.52167110e-01  3.50314835e-01
 -6.94587447e-02 -8.52926861e-02  6.24896627e-01 -4.38461202e-01
 -1.16684242e-01  3.18562243e-01 -1.28258748e-01 -1.38348953e-01
 -5.24641926e-01 -7.10460072e-01 -3.05698492e-01  4.56078835e-01
 -2.18343033e-01 -3.06779385e-01  3.84864456e-01  2.67624649e-01
  1.45952799e-01 -1.10291993e-01  4.03457869e-01 -1.05611711e-01
  7.24517454e-01 -2.07960947e-01  3.03539954e-01 -5.90190546e-01
  4.88123177e-01  9.22232402e-02 -1.24633862e-01 -1.66031592e-01
 -1.55322544e-01  9.86231962e-02  4.83455522e-02  1.24899575e-01
 -1.52552160e-01  1.64061111e-01  9.42510897e-02  6.39758847e-02
 -4.73867118e-02 -1.07604886e-01 -4.43056073e-02 -1.44480018e-01
  6.82668588e-02 -2.11785378e-01  1.33637958e-01 -1.20826634e-01
  1.66847343e-01  1.41334390e-02 -1.54637805e-01  8.92695234e-02
 -9.64307693e-02  2.08678343e-01 -9.35171865e-02  5.66038888e-02
  2.41515195e-02 -2.34969783e-01  7.49433832e-02 -5.10254340e-02
 -3.90404093e-01 -1.55503007e-02  2.21554953e-01  6.35333537e-02
  9.42143531e-02  1.43756866e-01 -1.33031019e-01 -6.03209543e-02
  6.21784922e-02 -9.18853279e-02  1.14762837e-01 -2.13236408e-01
  1.53936061e-01 -5.24579066e-02  1.03042811e-01  5.56723571e-02
  3.65856594e-02 -5.14966507e-02  5.75994837e-02 -1.05597188e-01
  9.78855449e-02 -8.44596459e-02  1.51925944e-01 -1.11930141e-01
  3.32880038e-02 -7.11929006e-02  6.61461649e-02  1.47498464e-01
 -2.10664271e-01  1.14478148e-01 -7.93545931e-02 -1.32518097e-01
 -3.65160882e-02  4.11982697e-02  5.36269741e-02  1.20827332e-01
  2.38083827e-01  8.39041087e-02  1.56321722e-01 -1.32097741e-01
 -1.52888864e-02 -1.02326078e-01 -9.09266435e-02 -5.41839944e-02
  1.13554736e-02 -1.03519865e-01  6.37535826e-02  1.95037993e-01
  1.67250302e-01  6.85772690e-02 -1.01367256e-01  4.19670881e-02
 -6.86932097e-02 -8.29828859e-02  7.41478759e-02  3.37833433e-02
  7.34830673e-02 -5.77201746e-02 -6.04873974e-02  9.58051562e-02
 -7.64458184e-02 -2.31791775e-01  9.59567321e-02  4.50821769e-02
 -4.81260169e-02 -6.00182765e-02  3.16538137e-02  1.42215552e-01
 -3.42207153e-02  4.64244069e-02  1.16345509e-01 -6.89240329e-02
  7.62310616e-02  3.11706850e-02 -5.97437734e-02  3.69539055e-02
 -8.43783526e-02 -1.33120409e-02  7.61441210e-02  1.26119757e-01
 -8.94877641e-02 -9.95295204e-02  1.14492684e-01  3.90439187e-02
 -4.82383161e-01 -1.24218623e-01  8.21618315e-02  5.94199203e-02
  3.74231977e-02 -8.22385133e-02 -2.88838537e-02  6.44053415e-02
 -7.26292327e-02  7.32463896e-02 -1.05497569e-01  3.00972968e-02
  2.78522049e-02 -4.97127853e-02  6.38117752e-02 -3.16258004e-02
  5.54151044e-02 -5.94181865e-02  5.18705518e-02  5.19428655e-02
 -1.19050491e-01  1.43649219e-01  5.33296373e-02  5.63986998e-02
  4.49100810e-02 -1.61366549e-01  4.75300119e-02 -3.55720556e-01
  1.28132075e-02 -3.24232827e-02 -4.42676142e-02 -4.40929972e-02
 -4.69825633e-02  1.09423744e-01  7.07615778e-02 -6.54179312e-02
  7.02956463e-02  3.12943487e-01  2.00680884e-01 -6.16306225e-02
 -4.17725788e-02  3.34105869e-02 -4.63648709e-02  3.65786741e-02
 -5.44064210e-02  8.83363971e-02  1.52618551e-02 -5.92410030e-02
  1.28496710e-02  4.06218958e-02  4.61981173e-02 -2.32579039e-02
 -2.12791629e-02  2.08268046e-02 -1.58775554e-02 -8.37942331e-02
  4.54288544e-02  1.63510584e-01  4.36417929e-01 -2.36539472e-01
  1.06551116e-01 -6.61116334e-02 -3.49624716e-02  3.38093093e-02
 -3.05861061e-02  3.30723852e-02 -4.14756621e-02  2.93847144e-02
 -6.33004752e-02  3.76711822e-02  3.11785104e-02  7.31885591e-02
  8.43317803e-02 -2.75821203e-02  1.67795503e-02 -1.16963737e-01
  9.54942674e-02  7.26112471e-02 -8.07322978e-02 -4.42463187e-02
  8.02297521e-02 -2.62403711e-02 -5.56215119e-02 -2.84501979e-01
  1.09464685e-02  1.02371392e-01 -1.93425497e-02  5.17724590e-02
  1.49190960e-02 -2.36934182e-02 -6.05834513e-02  5.67254979e-02
 -5.22299777e-02  2.74558937e-02 -1.23198107e-01 -3.84784027e-01
  4.17324575e-02  5.42582757e-02  3.47887646e-01 -9.34660192e-02
  4.61097849e-02  7.28264529e-02 -1.79432179e-02 -4.14898594e-02
 -5.52719783e-02  5.26673653e-02 -8.43883643e-02  2.59559088e-01
  3.54869125e-02  7.99637807e-02 -4.04746902e-02 -4.04337181e-01
 -3.70860735e-02  1.03212311e-01  2.36681216e-01 -3.69123191e-02
 -3.58036052e-02  6.92238983e-02]
[[6.81313186e-001 2.64530872e-001 3.40239258e-001 ... 1.78164202e-034
  2.31798493e-032 1.09086953e-013]
 [6.81313186e-001 2.64530872e-001 3.40239258e-001 ... 1.78164202e-034
  2.31798493e-032 1.09086953e-013]
 [6.81313186e-001 2.64530872e-001 3.40239258e-001 ... 1.78164202e-034
  2.31798493e-032 1.09086953e-013]
 ...
 [2.11464231e-001 8.54076567e-001 4.43576363e-001 ... 5.26865325e-123
  4.58476320e-136 4.09042096e-161]
 [2.44971094e-001 8.38688024e-001 4.46272903e-001 ... 1.26356647e-109
  1.74696652e-121 1.55860361e-146]
 [2.80368051e-001 8.13654131e-001 4.43576363e-001 ... 1.36097556e-097
  2.98955128e-108 2.66720934e-133]]
[ 2.00726263e+00 -1.00838326e+01  2.06545077e+01 -4.39946807e+00
 -1.04815781e+01  2.97440523e-01 -2.25820944e+00  3.46527229e+00
 -4.42267457e+00  7.13980471e-01  5.02245789e+00 -9.76710721e+00
 -6.95185824e+00 -5.03433705e+00  1.46704593e+01  2.17595158e+00
 -7.20892706e+00 -1.45881396e+01  1.50345977e+00 -6.23753138e+00
  2.19646340e+00  1.35077353e+01  3.37256701e+00  8.23470881e+00
 -5.81415624e-01  2.23605151e+00  1.20180396e+00 -2.21687287e-01
  5.03009963e+00 -1.84534574e+00 -2.24251744e-01  1.16549630e-01
 -7.75169422e-01 -2.92622324e+00 -1.11865633e+00  1.77990124e+00
  6.05118359e-01  5.89895105e+00 -3.12801992e+00  7.54093011e-02
 -9.95738828e+00 -5.43801781e+00  5.19733276e+00 -1.79612292e+00
  1.66621565e+00  3.13779396e+00 -9.00871905e+00  8.38636964e-01
 -5.10818418e-01  1.54368895e+00 -3.82692445e+00 -1.01324914e-02
 -2.04181156e-01  2.73017624e+00  7.50806671e+00  5.78054355e+00
  1.07270361e+00  2.35552261e-01 -5.20224241e+00  8.91771100e+00
 -2.96707876e-01  3.26138605e+00 -6.98063727e+00  8.82859543e+00
  1.88648450e+00 -4.47417689e-01 -1.08366321e+01 -8.86649573e+00
 -2.51199428e+00  1.33181299e+00  1.60663367e+00  8.93968498e+00
  9.35301188e-01 -4.95179702e-01  4.92468329e-02 -5.95022383e-02
  1.72324579e-02  1.38835815e+00 -1.07866263e+00  1.22778397e+00
  1.93075437e-01 -3.83493039e-01  2.34834975e-01 -1.26614432e-01
 -1.44131617e+00  3.79117438e-01  1.63896572e-01 -6.89569481e-01
  1.13046318e+00  7.11602365e-01 -1.14254208e+00 -1.04247024e+00
 -1.01203689e-01 -2.46181028e-01 -1.38863261e-01  8.08559514e-02
  1.71009122e-01  4.34960468e-01  1.18524407e-01 -3.72076996e-01
  1.74084906e-02 -3.69651871e-01  3.08224398e-01 -6.08646937e-01
 -1.62286271e+00  2.21945053e+00 -7.53576570e-01  5.58486473e-01
  3.64075113e-01  1.76756909e-01  1.46610272e-01  3.41537895e-03
 -2.65262989e-01 -4.44516601e-01  7.69765231e-01  1.40197819e+00
 -4.75586407e-01 -9.00138886e-01 -1.08897427e-01 -3.92817894e-01
 -9.50701013e-02  7.80092509e-01 -2.33618019e-01 -1.11310239e+00
 -6.10367424e-02 -3.08225265e-01  2.41998124e-01  1.80703107e-01
  4.01770516e-01  2.04471726e-01 -6.63547700e-01 -5.92970653e-01
  1.56379555e-01 -1.13318958e-01  6.76279379e-01 -3.07739887e-01
  1.29431075e-01 -2.14663617e-01  4.63390213e-02 -3.26134745e-02
  1.10488658e-01 -1.51162797e-01  3.38057644e-01  2.54320710e-01
 -5.80320021e-02  5.64821929e-01  5.30287413e-01 -1.19991240e-02
  2.11904457e-01 -4.16266397e-01 -2.31776695e-01 -4.19038615e-01
  2.11030382e-01  1.54462391e-01 -3.52167110e-01  3.50314835e-01
 -6.94587447e-02 -8.52926861e-02  6.24896627e-01 -4.38461202e-01
 -1.16684242e-01  3.18562243e-01 -1.28258748e-01 -1.38348953e-01
 -5.24641926e-01 -7.10460072e-01 -3.05698492e-01  4.56078835e-01
 -2.18343033e-01 -3.06779385e-01  3.84864456e-01  2.67624649e-01
  1.45952799e-01 -1.10291993e-01  4.03457869e-01 -1.05611711e-01
  7.24517454e-01 -2.07960947e-01  3.03539954e-01 -5.90190546e-01
  4.88123177e-01  9.22232402e-02 -1.24633862e-01 -1.66031592e-01
 -1.55322544e-01  9.86231962e-02  4.83455522e-02  1.24899575e-01
 -1.52552160e-01  1.64061111e-01  9.42510897e-02  6.39758847e-02
 -4.73867118e-02 -1.07604886e-01 -4.43056073e-02 -1.44480018e-01
  6.82668588e-02 -2.11785378e-01  1.33637958e-01 -1.20826634e-01
  1.66847343e-01  1.41334390e-02 -1.54637805e-01  8.92695234e-02
 -9.64307693e-02  2.08678343e-01 -9.35171865e-02  5.66038888e-02
  2.41515195e-02 -2.34969783e-01  7.49433832e-02 -5.10254340e-02
 -3.90404093e-01 -1.55503007e-02  2.21554953e-01  6.35333537e-02
  9.42143531e-02  1.43756866e-01 -1.33031019e-01 -6.03209543e-02
  6.21784922e-02 -9.18853279e-02  1.14762837e-01 -2.13236408e-01
  1.53936061e-01 -5.24579066e-02  1.03042811e-01  5.56723571e-02
  3.65856594e-02 -5.14966507e-02  5.75994837e-02 -1.05597188e-01
  9.78855449e-02 -8.44596459e-02  1.51925944e-01 -1.11930141e-01
  3.32880038e-02 -7.11929006e-02  6.61461649e-02  1.47498464e-01
 -2.10664271e-01  1.14478148e-01 -7.93545931e-02 -1.32518097e-01
 -3.65160882e-02  4.11982697e-02  5.36269741e-02  1.20827332e-01
  2.38083827e-01  8.39041087e-02  1.56321722e-01 -1.32097741e-01
 -1.52888864e-02 -1.02326078e-01 -9.09266435e-02 -5.41839944e-02
  1.13554736e-02 -1.03519865e-01  6.37535826e-02  1.95037993e-01
  1.67250302e-01  6.85772690e-02 -1.01367256e-01  4.19670881e-02
 -6.86932097e-02 -8.29828859e-02  7.41478759e-02  3.37833433e-02
  7.34830673e-02 -5.77201746e-02 -6.04873974e-02  9.58051562e-02
 -7.64458184e-02 -2.31791775e-01  9.59567321e-02  4.50821769e-02
 -4.81260169e-02 -6.00182765e-02  3.16538137e-02  1.42215552e-01
 -3.42207153e-02  4.64244069e-02  1.16345509e-01 -6.89240329e-02
  7.62310616e-02  3.11706850e-02 -5.97437734e-02  3.69539055e-02
 -8.43783526e-02 -1.33120409e-02  7.61441210e-02  1.26119757e-01
 -8.94877641e-02 -9.95295204e-02  1.14492684e-01  3.90439187e-02
 -4.82383161e-01 -1.24218623e-01  8.21618315e-02  5.94199203e-02
  3.74231977e-02 -8.22385133e-02 -2.88838537e-02  6.44053415e-02
 -7.26292327e-02  7.32463896e-02 -1.05497569e-01  3.00972968e-02
  2.78522049e-02 -4.97127853e-02  6.38117752e-02 -3.16258004e-02
  5.54151044e-02 -5.94181865e-02  5.18705518e-02  5.19428655e-02
 -1.19050491e-01  1.43649219e-01  5.33296373e-02  5.63986998e-02
  4.49100810e-02 -1.61366549e-01  4.75300119e-02 -3.55720556e-01
  1.28132075e-02 -3.24232827e-02 -4.42676142e-02 -4.40929972e-02
 -4.69825633e-02  1.09423744e-01  7.07615778e-02 -6.54179312e-02
  7.02956463e-02  3.12943487e-01  2.00680884e-01 -6.16306225e-02
 -4.17725788e-02  3.34105869e-02 -4.63648709e-02  3.65786741e-02
 -5.44064210e-02  8.83363971e-02  1.52618551e-02 -5.92410030e-02
  1.28496710e-02  4.06218958e-02  4.61981173e-02 -2.32579039e-02
 -2.12791629e-02  2.08268046e-02 -1.58775554e-02 -8.37942331e-02
  4.54288544e-02  1.63510584e-01  4.36417929e-01 -2.36539472e-01
  1.06551116e-01 -6.61116334e-02 -3.49624716e-02  3.38093093e-02
 -3.05861061e-02  3.30723852e-02 -4.14756621e-02  2.93847144e-02
 -6.33004752e-02  3.76711822e-02  3.11785104e-02  7.31885591e-02
  8.43317803e-02 -2.75821203e-02  1.67795503e-02 -1.16963737e-01
  9.54942674e-02  7.26112471e-02 -8.07322978e-02 -4.42463187e-02
  8.02297521e-02 -2.62403711e-02 -5.56215119e-02 -2.84501979e-01
  1.09464685e-02  1.02371392e-01 -1.93425497e-02  5.17724590e-02
  1.49190960e-02 -2.36934182e-02 -6.05834513e-02  5.67254979e-02
 -5.22299777e-02  2.74558937e-02 -1.23198107e-01 -3.84784027e-01
  4.17324575e-02  5.42582757e-02  3.47887646e-01 -9.34660192e-02
  4.61097849e-02  7.28264529e-02 -1.79432179e-02 -4.14898594e-02
 -5.52719783e-02  5.26673653e-02 -8.43883643e-02  2.59559088e-01
  3.54869125e-02  7.99637807e-02 -4.04746902e-02 -4.04337181e-01
 -3.70860735e-02  1.03212311e-01  2.36681216e-01 -3.69123191e-02
 -3.58036052e-02  6.92238983e-02 -2.21903238e-01 -1.24210445e-01
 -2.51650084e-01 -1.88009028e-01 -1.77003762e-01 -2.57668821e-01
 -2.38569656e-01 -1.15045474e-01  2.19342057e-02 -1.12029096e-01
 -2.52196293e-01 -1.58007873e-01 -1.64942620e-01 -2.52244802e-01
  1.94154902e-01 -1.58104445e-01  2.99864834e-02  2.55400997e-02
 -1.03030180e-01 -2.07307241e-01 -2.20611967e-01  1.88958937e-02
 -1.50672566e-01  1.37687857e-01  2.26783460e-02 -9.40819009e-02
  2.42014625e-02  1.62580143e-01  1.96373652e-02  1.41923504e-01
 -9.10569470e-02  2.21679489e-02  2.23122849e-02 -8.98356878e-02
 -2.18801694e-01  1.74654107e-02  1.71282097e-02  1.31328844e-01
 -8.56905561e-02  1.30538082e-01 -1.33385102e-01 -8.29328045e-02
  1.17291027e-01 -8.20147190e-02 -8.16264907e-02  2.13879309e-02
  1.52076967e-01  1.58254801e-02 -1.30537913e-01  1.22810982e-01
  1.55591255e-02  1.52884090e-02 -7.80223928e-02 -7.77107918e-02
  1.16831331e-01  1.36420004e-01 -9.85667514e-02 -7.63147029e-02]
[[6.81313186e-001 2.64530872e-001 3.40239258e-001 ... 1.09086953e-013
  1.34593476e-064 6.76421580e-032]
 [6.81313186e-001 2.64530872e-001 3.40239258e-001 ... 1.09086953e-013
  1.34593476e-064 6.76421580e-032]
 [6.81313186e-001 2.64530872e-001 3.40239258e-001 ... 1.09086953e-013
  1.34593476e-064 6.76421580e-032]
 ...
 [2.11464231e-001 8.54076567e-001 4.43576363e-001 ... 4.09042096e-161
  0.00000000e+000 1.25768260e-279]
 [2.44971094e-001 8.38688024e-001 4.46272903e-001 ... 1.55860361e-146
  6.28329444e-300 6.38364030e-247]
 [2.80368051e-001 8.13654131e-001 4.43576363e-001 ... 2.66720934e-133
  7.28940157e-276 6.53541652e-217]]
[ 2.00726263e+00 -1.00838326e+01  2.06545077e+01 -4.39946807e+00
 -1.04815781e+01  2.97440523e-01 -2.25820944e+00  3.46527229e+00
 -4.42267457e+00  7.13980471e-01  5.02245789e+00 -9.76710721e+00
 -6.95185824e+00 -5.03433705e+00  1.46704593e+01  2.17595158e+00
 -7.20892706e+00 -1.45881396e+01  1.50345977e+00 -6.23753138e+00
  2.19646340e+00  1.35077353e+01  3.37256701e+00  8.23470881e+00
 -5.81415624e-01  2.23605151e+00  1.20180396e+00 -2.21687287e-01
  5.03009963e+00 -1.84534574e+00 -2.24251744e-01  1.16549630e-01
 -7.75169422e-01 -2.92622324e+00 -1.11865633e+00  1.77990124e+00
  6.05118359e-01  5.89895105e+00 -3.12801992e+00  7.54093011e-02
 -9.95738828e+00 -5.43801781e+00  5.19733276e+00 -1.79612292e+00
  1.66621565e+00  3.13779396e+00 -9.00871905e+00  8.38636964e-01
 -5.10818418e-01  1.54368895e+00 -3.82692445e+00 -1.01324914e-02
 -2.04181156e-01  2.73017624e+00  7.50806671e+00  5.78054355e+00
  1.07270361e+00  2.35552261e-01 -5.20224241e+00  8.91771100e+00
 -2.96707876e-01  3.26138605e+00 -6.98063727e+00  8.82859543e+00
  1.88648450e+00 -4.47417689e-01 -1.08366321e+01 -8.86649573e+00
 -2.51199428e+00  1.33181299e+00  1.60663367e+00  8.93968498e+00
  9.35301188e-01 -4.95179702e-01  4.92468329e-02 -5.95022383e-02
  1.72324579e-02  1.38835815e+00 -1.07866263e+00  1.22778397e+00
  1.93075437e-01 -3.83493039e-01  2.34834975e-01 -1.26614432e-01
 -1.44131617e+00  3.79117438e-01  1.63896572e-01 -6.89569481e-01
  1.13046318e+00  7.11602365e-01 -1.14254208e+00 -1.04247024e+00
 -1.01203689e-01 -2.46181028e-01 -1.38863261e-01  8.08559514e-02
  1.71009122e-01  4.34960468e-01  1.18524407e-01 -3.72076996e-01
  1.74084906e-02 -3.69651871e-01  3.08224398e-01 -6.08646937e-01
 -1.62286271e+00  2.21945053e+00 -7.53576570e-01  5.58486473e-01
  3.64075113e-01  1.76756909e-01  1.46610272e-01  3.41537895e-03
 -2.65262989e-01 -4.44516601e-01  7.69765231e-01  1.40197819e+00
 -4.75586407e-01 -9.00138886e-01 -1.08897427e-01 -3.92817894e-01
 -9.50701013e-02  7.80092509e-01 -2.33618019e-01 -1.11310239e+00
 -6.10367424e-02 -3.08225265e-01  2.41998124e-01  1.80703107e-01
  4.01770516e-01  2.04471726e-01 -6.63547700e-01 -5.92970653e-01
  1.56379555e-01 -1.13318958e-01  6.76279379e-01 -3.07739887e-01
  1.29431075e-01 -2.14663617e-01  4.63390213e-02 -3.26134745e-02
  1.10488658e-01 -1.51162797e-01  3.38057644e-01  2.54320710e-01
 -5.80320021e-02  5.64821929e-01  5.30287413e-01 -1.19991240e-02
  2.11904457e-01 -4.16266397e-01 -2.31776695e-01 -4.19038615e-01
  2.11030382e-01  1.54462391e-01 -3.52167110e-01  3.50314835e-01
 -6.94587447e-02 -8.52926861e-02  6.24896627e-01 -4.38461202e-01
 -1.16684242e-01  3.18562243e-01 -1.28258748e-01 -1.38348953e-01
 -5.24641926e-01 -7.10460072e-01 -3.05698492e-01  4.56078835e-01
 -2.18343033e-01 -3.06779385e-01  3.84864456e-01  2.67624649e-01
  1.45952799e-01 -1.10291993e-01  4.03457869e-01 -1.05611711e-01
  7.24517454e-01 -2.07960947e-01  3.03539954e-01 -5.90190546e-01
  4.88123177e-01  9.22232402e-02 -1.24633862e-01 -1.66031592e-01
 -1.55322544e-01  9.86231962e-02  4.83455522e-02  1.24899575e-01
 -1.52552160e-01  1.64061111e-01  9.42510897e-02  6.39758847e-02
 -4.73867118e-02 -1.07604886e-01 -4.43056073e-02 -1.44480018e-01
  6.82668588e-02 -2.11785378e-01  1.33637958e-01 -1.20826634e-01
  1.66847343e-01  1.41334390e-02 -1.54637805e-01  8.92695234e-02
 -9.64307693e-02  2.08678343e-01 -9.35171865e-02  5.66038888e-02
  2.41515195e-02 -2.34969783e-01  7.49433832e-02 -5.10254340e-02
 -3.90404093e-01 -1.55503007e-02  2.21554953e-01  6.35333537e-02
  9.42143531e-02  1.43756866e-01 -1.33031019e-01 -6.03209543e-02
  6.21784922e-02 -9.18853279e-02  1.14762837e-01 -2.13236408e-01
  1.53936061e-01 -5.24579066e-02  1.03042811e-01  5.56723571e-02
  3.65856594e-02 -5.14966507e-02  5.75994837e-02 -1.05597188e-01
  9.78855449e-02 -8.44596459e-02  1.51925944e-01 -1.11930141e-01
  3.32880038e-02 -7.11929006e-02  6.61461649e-02  1.47498464e-01
 -2.10664271e-01  1.14478148e-01 -7.93545931e-02 -1.32518097e-01
 -3.65160882e-02  4.11982697e-02  5.36269741e-02  1.20827332e-01
  2.38083827e-01  8.39041087e-02  1.56321722e-01 -1.32097741e-01
 -1.52888864e-02 -1.02326078e-01 -9.09266435e-02 -5.41839944e-02
  1.13554736e-02 -1.03519865e-01  6.37535826e-02  1.95037993e-01
  1.67250302e-01  6.85772690e-02 -1.01367256e-01  4.19670881e-02
 -6.86932097e-02 -8.29828859e-02  7.41478759e-02  3.37833433e-02
  7.34830673e-02 -5.77201746e-02 -6.04873974e-02  9.58051562e-02
 -7.64458184e-02 -2.31791775e-01  9.59567321e-02  4.50821769e-02
 -4.81260169e-02 -6.00182765e-02  3.16538137e-02  1.42215552e-01
 -3.42207153e-02  4.64244069e-02  1.16345509e-01 -6.89240329e-02
  7.62310616e-02  3.11706850e-02 -5.97437734e-02  3.69539055e-02
 -8.43783526e-02 -1.33120409e-02  7.61441210e-02  1.26119757e-01
 -8.94877641e-02 -9.95295204e-02  1.14492684e-01  3.90439187e-02
 -4.82383161e-01 -1.24218623e-01  8.21618315e-02  5.94199203e-02
  3.74231977e-02 -8.22385133e-02 -2.88838537e-02  6.44053415e-02
 -7.26292327e-02  7.32463896e-02 -1.05497569e-01  3.00972968e-02
  2.78522049e-02 -4.97127853e-02  6.38117752e-02 -3.16258004e-02
  5.54151044e-02 -5.94181865e-02  5.18705518e-02  5.19428655e-02
 -1.19050491e-01  1.43649219e-01  5.33296373e-02  5.63986998e-02
  4.49100810e-02 -1.61366549e-01  4.75300119e-02 -3.55720556e-01
  1.28132075e-02 -3.24232827e-02 -4.42676142e-02 -4.40929972e-02
 -4.69825633e-02  1.09423744e-01  7.07615778e-02 -6.54179312e-02
  7.02956463e-02  3.12943487e-01  2.00680884e-01 -6.16306225e-02
 -4.17725788e-02  3.34105869e-02 -4.63648709e-02  3.65786741e-02
 -5.44064210e-02  8.83363971e-02  1.52618551e-02 -5.92410030e-02
  1.28496710e-02  4.06218958e-02  4.61981173e-02 -2.32579039e-02
 -2.12791629e-02  2.08268046e-02 -1.58775554e-02 -8.37942331e-02
  4.54288544e-02  1.63510584e-01  4.36417929e-01 -2.36539472e-01
  1.06551116e-01 -6.61116334e-02 -3.49624716e-02  3.38093093e-02
 -3.05861061e-02  3.30723852e-02 -4.14756621e-02  2.93847144e-02
 -6.33004752e-02  3.76711822e-02  3.11785104e-02  7.31885591e-02
  8.43317803e-02 -2.75821203e-02  1.67795503e-02 -1.16963737e-01
  9.54942674e-02  7.26112471e-02 -8.07322978e-02 -4.42463187e-02
  8.02297521e-02 -2.62403711e-02 -5.56215119e-02 -2.84501979e-01
  1.09464685e-02  1.02371392e-01 -1.93425497e-02  5.17724590e-02
  1.49190960e-02 -2.36934182e-02 -6.05834513e-02  5.67254979e-02
 -5.22299777e-02  2.74558937e-02 -1.23198107e-01 -3.84784027e-01
  4.17324575e-02  5.42582757e-02  3.47887646e-01 -9.34660192e-02
  4.61097849e-02  7.28264529e-02 -1.79432179e-02 -4.14898594e-02
 -5.52719783e-02  5.26673653e-02 -8.43883643e-02  2.59559088e-01
  3.54869125e-02  7.99637807e-02 -4.04746902e-02 -4.04337181e-01
 -3.70860735e-02  1.03212311e-01  2.36681216e-01 -3.69123191e-02
 -3.58036052e-02  6.92238983e-02 -2.21903238e-01 -1.24210445e-01
 -2.51650084e-01 -1.88009028e-01 -1.77003762e-01 -2.57668821e-01
 -2.38569656e-01 -1.15045474e-01  2.19342057e-02 -1.12029096e-01
 -2.52196293e-01 -1.58007873e-01 -1.64942620e-01 -2.52244802e-01
  1.94154902e-01 -1.58104445e-01  2.99864834e-02  2.55400997e-02
 -1.03030180e-01 -2.07307241e-01 -2.20611967e-01  1.88958937e-02
 -1.50672566e-01  1.37687857e-01  2.26783460e-02 -9.40819009e-02
  2.42014625e-02  1.62580143e-01  1.96373652e-02  1.41923504e-01
 -9.10569470e-02  2.21679489e-02  2.23122849e-02 -8.98356878e-02
 -2.18801694e-01  1.74654107e-02  1.71282097e-02  1.31328844e-01
 -8.56905561e-02  1.30538082e-01 -1.33385102e-01 -8.29328045e-02
  1.17291027e-01 -8.20147190e-02 -8.16264907e-02  2.13879309e-02
  1.52076967e-01  1.58254801e-02 -1.30537913e-01  1.22810982e-01
  1.55591255e-02  1.52884090e-02 -7.80223928e-02 -7.77107918e-02
  1.16831331e-01  1.36420004e-01 -9.85667514e-02 -7.63147029e-02
  1.06636487e-01  1.23039956e-02]
[[6.81313186e-01 2.64530872e-01 3.40239258e-01 ... 3.67576967e-78
  1.18663317e-77 1.41731608e-63]
 [6.81313186e-01 2.64530872e-01 3.40239258e-01 ... 3.67576967e-78
  1.18663317e-77 1.41731608e-63]
 [6.81313186e-01 2.64530872e-01 3.40239258e-01 ... 3.67576967e-78
  1.18663317e-77 1.41731608e-63]
 ...
 [2.11464231e-01 8.54076567e-01 4.43576363e-01 ... 0.00000000e+00
  0.00000000e+00 0.00000000e+00]
 [2.44971094e-01 8.38688024e-01 4.46272903e-01 ... 0.00000000e+00
  0.00000000e+00 0.00000000e+00]
 [2.80368051e-01 8.13654131e-01 4.43576363e-01 ... 0.00000000e+00
  0.00000000e+00 0.00000000e+00]]
[ 2.00726263e+00 -1.00838326e+01  2.06545077e+01 -4.39946807e+00
 -1.04815781e+01  2.97440523e-01 -2.25820944e+00  3.46527229e+00
 -4.42267457e+00  7.13980471e-01  5.02245789e+00 -9.76710721e+00
 -6.95185824e+00 -5.03433705e+00  1.46704593e+01  2.17595158e+00
 -7.20892706e+00 -1.45881396e+01  1.50345977e+00 -6.23753138e+00
  2.19646340e+00  1.35077353e+01  3.37256701e+00  8.23470881e+00
 -5.81415624e-01  2.23605151e+00  1.20180396e+00 -2.21687287e-01
  5.03009963e+00 -1.84534574e+00 -2.24251744e-01  1.16549630e-01
 -7.75169422e-01 -2.92622324e+00 -1.11865633e+00  1.77990124e+00
  6.05118359e-01  5.89895105e+00 -3.12801992e+00  7.54093011e-02
 -9.95738828e+00 -5.43801781e+00  5.19733276e+00 -1.79612292e+00
  1.66621565e+00  3.13779396e+00 -9.00871905e+00  8.38636964e-01
 -5.10818418e-01  1.54368895e+00 -3.82692445e+00 -1.01324914e-02
 -2.04181156e-01  2.73017624e+00  7.50806671e+00  5.78054355e+00
  1.07270361e+00  2.35552261e-01 -5.20224241e+00  8.91771100e+00
 -2.96707876e-01  3.26138605e+00 -6.98063727e+00  8.82859543e+00
  1.88648450e+00 -4.47417689e-01 -1.08366321e+01 -8.86649573e+00
 -2.51199428e+00  1.33181299e+00  1.60663367e+00  8.93968498e+00
  9.35301188e-01 -4.95179702e-01  4.92468329e-02 -5.95022383e-02
  1.72324579e-02  1.38835815e+00 -1.07866263e+00  1.22778397e+00
  1.93075437e-01 -3.83493039e-01  2.34834975e-01 -1.26614432e-01
 -1.44131617e+00  3.79117438e-01  1.63896572e-01 -6.89569481e-01
  1.13046318e+00  7.11602365e-01 -1.14254208e+00 -1.04247024e+00
 -1.01203689e-01 -2.46181028e-01 -1.38863261e-01  8.08559514e-02
  1.71009122e-01  4.34960468e-01  1.18524407e-01 -3.72076996e-01
  1.74084906e-02 -3.69651871e-01  3.08224398e-01 -6.08646937e-01
 -1.62286271e+00  2.21945053e+00 -7.53576570e-01  5.58486473e-01
  3.64075113e-01  1.76756909e-01  1.46610272e-01  3.41537895e-03
 -2.65262989e-01 -4.44516601e-01  7.69765231e-01  1.40197819e+00
 -4.75586407e-01 -9.00138886e-01 -1.08897427e-01 -3.92817894e-01
 -9.50701013e-02  7.80092509e-01 -2.33618019e-01 -1.11310239e+00
 -6.10367424e-02 -3.08225265e-01  2.41998124e-01  1.80703107e-01
  4.01770516e-01  2.04471726e-01 -6.63547700e-01 -5.92970653e-01
  1.56379555e-01 -1.13318958e-01  6.76279379e-01 -3.07739887e-01
  1.29431075e-01 -2.14663617e-01  4.63390213e-02 -3.26134745e-02
  1.10488658e-01 -1.51162797e-01  3.38057644e-01  2.54320710e-01
 -5.80320021e-02  5.64821929e-01  5.30287413e-01 -1.19991240e-02
  2.11904457e-01 -4.16266397e-01 -2.31776695e-01 -4.19038615e-01
  2.11030382e-01  1.54462391e-01 -3.52167110e-01  3.50314835e-01
 -6.94587447e-02 -8.52926861e-02  6.24896627e-01 -4.38461202e-01
 -1.16684242e-01  3.18562243e-01 -1.28258748e-01 -1.38348953e-01
 -5.24641926e-01 -7.10460072e-01 -3.05698492e-01  4.56078835e-01
 -2.18343033e-01 -3.06779385e-01  3.84864456e-01  2.67624649e-01
  1.45952799e-01 -1.10291993e-01  4.03457869e-01 -1.05611711e-01
  7.24517454e-01 -2.07960947e-01  3.03539954e-01 -5.90190546e-01
  4.88123177e-01  9.22232402e-02 -1.24633862e-01 -1.66031592e-01
 -1.55322544e-01  9.86231962e-02  4.83455522e-02  1.24899575e-01
 -1.52552160e-01  1.64061111e-01  9.42510897e-02  6.39758847e-02
 -4.73867118e-02 -1.07604886e-01 -4.43056073e-02 -1.44480018e-01
  6.82668588e-02 -2.11785378e-01  1.33637958e-01 -1.20826634e-01
  1.66847343e-01  1.41334390e-02 -1.54637805e-01  8.92695234e-02
 -9.64307693e-02  2.08678343e-01 -9.35171865e-02  5.66038888e-02
  2.41515195e-02 -2.34969783e-01  7.49433832e-02 -5.10254340e-02
 -3.90404093e-01 -1.55503007e-02  2.21554953e-01  6.35333537e-02
  9.42143531e-02  1.43756866e-01 -1.33031019e-01 -6.03209543e-02
  6.21784922e-02 -9.18853279e-02  1.14762837e-01 -2.13236408e-01
  1.53936061e-01 -5.24579066e-02  1.03042811e-01  5.56723571e-02
  3.65856594e-02 -5.14966507e-02  5.75994837e-02 -1.05597188e-01
  9.78855449e-02 -8.44596459e-02  1.51925944e-01 -1.11930141e-01
  3.32880038e-02 -7.11929006e-02  6.61461649e-02  1.47498464e-01
 -2.10664271e-01  1.14478148e-01 -7.93545931e-02 -1.32518097e-01
 -3.65160882e-02  4.11982697e-02  5.36269741e-02  1.20827332e-01
  2.38083827e-01  8.39041087e-02  1.56321722e-01 -1.32097741e-01
 -1.52888864e-02 -1.02326078e-01 -9.09266435e-02 -5.41839944e-02
  1.13554736e-02 -1.03519865e-01  6.37535826e-02  1.95037993e-01
  1.67250302e-01  6.85772690e-02 -1.01367256e-01  4.19670881e-02
 -6.86932097e-02 -8.29828859e-02  7.41478759e-02  3.37833433e-02
  7.34830673e-02 -5.77201746e-02 -6.04873974e-02  9.58051562e-02
 -7.64458184e-02 -2.31791775e-01  9.59567321e-02  4.50821769e-02
 -4.81260169e-02 -6.00182765e-02  3.16538137e-02  1.42215552e-01
 -3.42207153e-02  4.64244069e-02  1.16345509e-01 -6.89240329e-02
  7.62310616e-02  3.11706850e-02 -5.97437734e-02  3.69539055e-02
 -8.43783526e-02 -1.33120409e-02  7.61441210e-02  1.26119757e-01
 -8.94877641e-02 -9.95295204e-02  1.14492684e-01  3.90439187e-02
 -4.82383161e-01 -1.24218623e-01  8.21618315e-02  5.94199203e-02
  3.74231977e-02 -8.22385133e-02 -2.88838537e-02  6.44053415e-02
 -7.26292327e-02  7.32463896e-02 -1.05497569e-01  3.00972968e-02
  2.78522049e-02 -4.97127853e-02  6.38117752e-02 -3.16258004e-02
  5.54151044e-02 -5.94181865e-02  5.18705518e-02  5.19428655e-02
 -1.19050491e-01  1.43649219e-01  5.33296373e-02  5.63986998e-02
  4.49100810e-02 -1.61366549e-01  4.75300119e-02 -3.55720556e-01
  1.28132075e-02 -3.24232827e-02 -4.42676142e-02 -4.40929972e-02
 -4.69825633e-02  1.09423744e-01  7.07615778e-02 -6.54179312e-02
  7.02956463e-02  3.12943487e-01  2.00680884e-01 -6.16306225e-02
 -4.17725788e-02  3.34105869e-02 -4.63648709e-02  3.65786741e-02
 -5.44064210e-02  8.83363971e-02  1.52618551e-02 -5.92410030e-02
  1.28496710e-02  4.06218958e-02  4.61981173e-02 -2.32579039e-02
 -2.12791629e-02  2.08268046e-02 -1.58775554e-02 -8.37942331e-02
  4.54288544e-02  1.63510584e-01  4.36417929e-01 -2.36539472e-01
  1.06551116e-01 -6.61116334e-02 -3.49624716e-02  3.38093093e-02
 -3.05861061e-02  3.30723852e-02 -4.14756621e-02  2.93847144e-02
 -6.33004752e-02  3.76711822e-02  3.11785104e-02  7.31885591e-02
  8.43317803e-02 -2.75821203e-02  1.67795503e-02 -1.16963737e-01
  9.54942674e-02  7.26112471e-02 -8.07322978e-02 -4.42463187e-02
  8.02297521e-02 -2.62403711e-02 -5.56215119e-02 -2.84501979e-01
  1.09464685e-02  1.02371392e-01 -1.93425497e-02  5.17724590e-02
  1.49190960e-02 -2.36934182e-02 -6.05834513e-02  5.67254979e-02
 -5.22299777e-02  2.74558937e-02 -1.23198107e-01 -3.84784027e-01
  4.17324575e-02  5.42582757e-02  3.47887646e-01 -9.34660192e-02
  4.61097849e-02  7.28264529e-02 -1.79432179e-02 -4.14898594e-02
 -5.52719783e-02  5.26673653e-02 -8.43883643e-02  2.59559088e-01
  3.54869125e-02  7.99637807e-02 -4.04746902e-02 -4.04337181e-01
 -3.70860735e-02  1.03212311e-01  2.36681216e-01 -3.69123191e-02
 -3.58036052e-02  6.92238983e-02 -2.21903238e-01 -1.24210445e-01
 -2.51650084e-01 -1.88009028e-01 -1.77003762e-01 -2.57668821e-01
 -2.38569656e-01 -1.15045474e-01  2.19342057e-02 -1.12029096e-01
 -2.52196293e-01 -1.58007873e-01 -1.64942620e-01 -2.52244802e-01
  1.94154902e-01 -1.58104445e-01  2.99864834e-02  2.55400997e-02
 -1.03030180e-01 -2.07307241e-01 -2.20611967e-01  1.88958937e-02
 -1.50672566e-01  1.37687857e-01  2.26783460e-02 -9.40819009e-02
  2.42014625e-02  1.62580143e-01  1.96373652e-02  1.41923504e-01
 -9.10569470e-02  2.21679489e-02  2.23122849e-02 -8.98356878e-02
 -2.18801694e-01  1.74654107e-02  1.71282097e-02  1.31328844e-01
 -8.56905561e-02  1.30538082e-01 -1.33385102e-01 -8.29328045e-02
  1.17291027e-01 -8.20147190e-02 -8.16264907e-02  2.13879309e-02
  1.52076967e-01  1.58254801e-02 -1.30537913e-01  1.22810982e-01
  1.55591255e-02  1.52884090e-02 -7.80223928e-02 -7.77107918e-02
  1.16831331e-01  1.36420004e-01 -9.85667514e-02 -7.63147029e-02
  1.06636487e-01  1.23039956e-02  1.09562886e-01  1.26094848e-01
 -3.59353125e-01  1.42594532e-01 -4.12146518e-01 -4.48204328e-01
  1.44829186e-01  1.11524408e-01 -4.01976932e-01  1.28604854e-01
 -3.99527747e-01  1.27804567e-01 -3.97771787e-01  1.27214289e-01
 -3.96659352e-01  1.26857696e-01  1.20174989e-01 -3.42462654e-01
  1.01155905e-01  1.00987529e-01  1.17862959e-01 -3.35677384e-01
 -3.81457409e-01  1.21939317e-01 -3.81672953e-01  1.22062586e-01
  9.84217823e-02 -3.13723666e-01 -3.92459293e-01  1.26449708e-01
 -3.61860765e-01  1.15743158e-01 -3.47683074e-02]
[[6.81313186e-001 2.64530872e-001 3.40239258e-001 ... 3.90567895e-076
  5.27488698e-203 6.77689351e-164]
 [6.81313186e-001 2.64530872e-001 3.40239258e-001 ... 3.90567895e-076
  5.27488698e-203 6.77689351e-164]
 [6.81313186e-001 2.64530872e-001 3.40239258e-001 ... 3.90567895e-076
  5.27488698e-203 6.77689351e-164]
 ...
 [2.11464231e-001 8.54076567e-001 4.43576363e-001 ... 0.00000000e+000
  0.00000000e+000 0.00000000e+000]
 [2.44971094e-001 8.38688024e-001 4.46272903e-001 ... 0.00000000e+000
  0.00000000e+000 0.00000000e+000]
 [2.80368051e-001 8.13654131e-001 4.43576363e-001 ... 0.00000000e+000
  0.00000000e+000 0.00000000e+000]]
[ 2.00726263e+00 -1.00838326e+01  2.06545077e+01 -4.39946807e+00
 -1.04815781e+01  2.97440523e-01 -2.25820944e+00  3.46527229e+00
 -4.42267457e+00  7.13980471e-01  5.02245789e+00 -9.76710721e+00
 -6.95185824e+00 -5.03433705e+00  1.46704593e+01  2.17595158e+00
 -7.20892706e+00 -1.45881396e+01  1.50345977e+00 -6.23753138e+00
  2.19646340e+00  1.35077353e+01  3.37256701e+00  8.23470881e+00
 -5.81415624e-01  2.23605151e+00  1.20180396e+00 -2.21687287e-01
  5.03009963e+00 -1.84534574e+00 -2.24251744e-01  1.16549630e-01
 -7.75169422e-01 -2.92622324e+00 -1.11865633e+00  1.77990124e+00
  6.05118359e-01  5.89895105e+00 -3.12801992e+00  7.54093011e-02
 -9.95738828e+00 -5.43801781e+00  5.19733276e+00 -1.79612292e+00
  1.66621565e+00  3.13779396e+00 -9.00871905e+00  8.38636964e-01
 -5.10818418e-01  1.54368895e+00 -3.82692445e+00 -1.01324914e-02
 -2.04181156e-01  2.73017624e+00  7.50806671e+00  5.78054355e+00
  1.07270361e+00  2.35552261e-01 -5.20224241e+00  8.91771100e+00
 -2.96707876e-01  3.26138605e+00 -6.98063727e+00  8.82859543e+00
  1.88648450e+00 -4.47417689e-01 -1.08366321e+01 -8.86649573e+00
 -2.51199428e+00  1.33181299e+00  1.60663367e+00  8.93968498e+00
  9.35301188e-01 -4.95179702e-01  4.92468329e-02 -5.95022383e-02
  1.72324579e-02  1.38835815e+00 -1.07866263e+00  1.22778397e+00
  1.93075437e-01 -3.83493039e-01  2.34834975e-01 -1.26614432e-01
 -1.44131617e+00  3.79117438e-01  1.63896572e-01 -6.89569481e-01
  1.13046318e+00  7.11602365e-01 -1.14254208e+00 -1.04247024e+00
 -1.01203689e-01 -2.46181028e-01 -1.38863261e-01  8.08559514e-02
  1.71009122e-01  4.34960468e-01  1.18524407e-01 -3.72076996e-01
  1.74084906e-02 -3.69651871e-01  3.08224398e-01 -6.08646937e-01
 -1.62286271e+00  2.21945053e+00 -7.53576570e-01  5.58486473e-01
  3.64075113e-01  1.76756909e-01  1.46610272e-01  3.41537895e-03
 -2.65262989e-01 -4.44516601e-01  7.69765231e-01  1.40197819e+00
 -4.75586407e-01 -9.00138886e-01 -1.08897427e-01 -3.92817894e-01
 -9.50701013e-02  7.80092509e-01 -2.33618019e-01 -1.11310239e+00
 -6.10367424e-02 -3.08225265e-01  2.41998124e-01  1.80703107e-01
  4.01770516e-01  2.04471726e-01 -6.63547700e-01 -5.92970653e-01
  1.56379555e-01 -1.13318958e-01  6.76279379e-01 -3.07739887e-01
  1.29431075e-01 -2.14663617e-01  4.63390213e-02 -3.26134745e-02
  1.10488658e-01 -1.51162797e-01  3.38057644e-01  2.54320710e-01
 -5.80320021e-02  5.64821929e-01  5.30287413e-01 -1.19991240e-02
  2.11904457e-01 -4.16266397e-01 -2.31776695e-01 -4.19038615e-01
  2.11030382e-01  1.54462391e-01 -3.52167110e-01  3.50314835e-01
 -6.94587447e-02 -8.52926861e-02  6.24896627e-01 -4.38461202e-01
 -1.16684242e-01  3.18562243e-01 -1.28258748e-01 -1.38348953e-01
 -5.24641926e-01 -7.10460072e-01 -3.05698492e-01  4.56078835e-01
 -2.18343033e-01 -3.06779385e-01  3.84864456e-01  2.67624649e-01
  1.45952799e-01 -1.10291993e-01  4.03457869e-01 -1.05611711e-01
  7.24517454e-01 -2.07960947e-01  3.03539954e-01 -5.90190546e-01
  4.88123177e-01  9.22232402e-02 -1.24633862e-01 -1.66031592e-01
 -1.55322544e-01  9.86231962e-02  4.83455522e-02  1.24899575e-01
 -1.52552160e-01  1.64061111e-01  9.42510897e-02  6.39758847e-02
 -4.73867118e-02 -1.07604886e-01 -4.43056073e-02 -1.44480018e-01
  6.82668588e-02 -2.11785378e-01  1.33637958e-01 -1.20826634e-01
  1.66847343e-01  1.41334390e-02 -1.54637805e-01  8.92695234e-02
 -9.64307693e-02  2.08678343e-01 -9.35171865e-02  5.66038888e-02
  2.41515195e-02 -2.34969783e-01  7.49433832e-02 -5.10254340e-02
 -3.90404093e-01 -1.55503007e-02  2.21554953e-01  6.35333537e-02
  9.42143531e-02  1.43756866e-01 -1.33031019e-01 -6.03209543e-02
  6.21784922e-02 -9.18853279e-02  1.14762837e-01 -2.13236408e-01
  1.53936061e-01 -5.24579066e-02  1.03042811e-01  5.56723571e-02
  3.65856594e-02 -5.14966507e-02  5.75994837e-02 -1.05597188e-01
  9.78855449e-02 -8.44596459e-02  1.51925944e-01 -1.11930141e-01
  3.32880038e-02 -7.11929006e-02  6.61461649e-02  1.47498464e-01
 -2.10664271e-01  1.14478148e-01 -7.93545931e-02 -1.32518097e-01
 -3.65160882e-02  4.11982697e-02  5.36269741e-02  1.20827332e-01
  2.38083827e-01  8.39041087e-02  1.56321722e-01 -1.32097741e-01
 -1.52888864e-02 -1.02326078e-01 -9.09266435e-02 -5.41839944e-02
  1.13554736e-02 -1.03519865e-01  6.37535826e-02  1.95037993e-01
  1.67250302e-01  6.85772690e-02 -1.01367256e-01  4.19670881e-02
 -6.86932097e-02 -8.29828859e-02  7.41478759e-02  3.37833433e-02
  7.34830673e-02 -5.77201746e-02 -6.04873974e-02  9.58051562e-02
 -7.64458184e-02 -2.31791775e-01  9.59567321e-02  4.50821769e-02
 -4.81260169e-02 -6.00182765e-02  3.16538137e-02  1.42215552e-01
 -3.42207153e-02  4.64244069e-02  1.16345509e-01 -6.89240329e-02
  7.62310616e-02  3.11706850e-02 -5.97437734e-02  3.69539055e-02
 -8.43783526e-02 -1.33120409e-02  7.61441210e-02  1.26119757e-01
 -8.94877641e-02 -9.95295204e-02  1.14492684e-01  3.90439187e-02
 -4.82383161e-01 -1.24218623e-01  8.21618315e-02  5.94199203e-02
  3.74231977e-02 -8.22385133e-02 -2.88838537e-02  6.44053415e-02
 -7.26292327e-02  7.32463896e-02 -1.05497569e-01  3.00972968e-02
  2.78522049e-02 -4.97127853e-02  6.38117752e-02 -3.16258004e-02
  5.54151044e-02 -5.94181865e-02  5.18705518e-02  5.19428655e-02
 -1.19050491e-01  1.43649219e-01  5.33296373e-02  5.63986998e-02
  4.49100810e-02 -1.61366549e-01  4.75300119e-02 -3.55720556e-01
  1.28132075e-02 -3.24232827e-02 -4.42676142e-02 -4.40929972e-02
 -4.69825633e-02  1.09423744e-01  7.07615778e-02 -6.54179312e-02
  7.02956463e-02  3.12943487e-01  2.00680884e-01 -6.16306225e-02
 -4.17725788e-02  3.34105869e-02 -4.63648709e-02  3.65786741e-02
 -5.44064210e-02  8.83363971e-02  1.52618551e-02 -5.92410030e-02
  1.28496710e-02  4.06218958e-02  4.61981173e-02 -2.32579039e-02
 -2.12791629e-02  2.08268046e-02 -1.58775554e-02 -8.37942331e-02
  4.54288544e-02  1.63510584e-01  4.36417929e-01 -2.36539472e-01
  1.06551116e-01 -6.61116334e-02 -3.49624716e-02  3.38093093e-02
 -3.05861061e-02  3.30723852e-02 -4.14756621e-02  2.93847144e-02
 -6.33004752e-02  3.76711822e-02  3.11785104e-02  7.31885591e-02
  8.43317803e-02 -2.75821203e-02  1.67795503e-02 -1.16963737e-01
  9.54942674e-02  7.26112471e-02 -8.07322978e-02 -4.42463187e-02
  8.02297521e-02 -2.62403711e-02 -5.56215119e-02 -2.84501979e-01
  1.09464685e-02  1.02371392e-01 -1.93425497e-02  5.17724590e-02
  1.49190960e-02 -2.36934182e-02 -6.05834513e-02  5.67254979e-02
 -5.22299777e-02  2.74558937e-02 -1.23198107e-01 -3.84784027e-01
  4.17324575e-02  5.42582757e-02  3.47887646e-01 -9.34660192e-02
  4.61097849e-02  7.28264529e-02 -1.79432179e-02 -4.14898594e-02
 -5.52719783e-02  5.26673653e-02 -8.43883643e-02  2.59559088e-01
  3.54869125e-02  7.99637807e-02 -4.04746902e-02 -4.04337181e-01
 -3.70860735e-02  1.03212311e-01  2.36681216e-01 -3.69123191e-02
 -3.58036052e-02  6.92238983e-02 -2.21903238e-01 -1.24210445e-01
 -2.51650084e-01 -1.88009028e-01 -1.77003762e-01 -2.57668821e-01
 -2.38569656e-01 -1.15045474e-01  2.19342057e-02 -1.12029096e-01
 -2.52196293e-01 -1.58007873e-01 -1.64942620e-01 -2.52244802e-01
  1.94154902e-01 -1.58104445e-01  2.99864834e-02  2.55400997e-02
 -1.03030180e-01 -2.07307241e-01 -2.20611967e-01  1.88958937e-02
 -1.50672566e-01  1.37687857e-01  2.26783460e-02 -9.40819009e-02
  2.42014625e-02  1.62580143e-01  1.96373652e-02  1.41923504e-01
 -9.10569470e-02  2.21679489e-02  2.23122849e-02 -8.98356878e-02
 -2.18801694e-01  1.74654107e-02  1.71282097e-02  1.31328844e-01
 -8.56905561e-02  1.30538082e-01 -1.33385102e-01 -8.29328045e-02
  1.17291027e-01 -8.20147190e-02 -8.16264907e-02  2.13879309e-02
  1.52076967e-01  1.58254801e-02 -1.30537913e-01  1.22810982e-01
  1.55591255e-02  1.52884090e-02 -7.80223928e-02 -7.77107918e-02
  1.16831331e-01  1.36420004e-01 -9.85667514e-02 -7.63147029e-02
  1.06636487e-01  1.23039956e-02  1.09562886e-01  1.26094848e-01
 -3.59353125e-01  1.42594532e-01 -4.12146518e-01 -4.48204328e-01
  1.44829186e-01  1.11524408e-01 -4.01976932e-01  1.28604854e-01
 -3.99527747e-01  1.27804567e-01 -3.97771787e-01  1.27214289e-01
 -3.96659352e-01  1.26857696e-01  1.20174989e-01 -3.42462654e-01
  1.01155905e-01  1.00987529e-01  1.17862959e-01 -3.35677384e-01
 -3.81457409e-01  1.21939317e-01 -3.81672953e-01  1.22062586e-01
  9.84217823e-02 -3.13723666e-01 -3.92459293e-01  1.26449708e-01
 -3.61860765e-01  1.15743158e-01 -3.47683074e-02 -3.23278175e-01
 -3.21456404e-01 -3.75829422e-01  4.82671312e-02 -2.97360613e-01
 -2.96494254e-01 -2.94884422e-01 -3.41270729e-01  4.36064977e-02
 -3.06525927e-01 -2.76017551e-01 -2.77801958e-01 -3.28450776e-01
  4.28073841e-02 -2.84732813e-01 -3.29879081e-01  4.36390759e-02
 -3.04643317e-01 -3.06141838e-01 -2.95975388e-01 -2.49793079e-01
 -2.89990019e-01 -2.77699954e-01 -2.73047767e-01 -2.60556889e-01
 -2.60302373e-01  3.82063980e-02 -2.60741199e-01 -2.84462686e-01
  3.75723446e-02 -2.75217015e-01 -3.06632191e-01  4.12520464e-02
 -2.81401147e-01 -2.97412623e-01  3.91708528e-02 -2.48582129e-01
  3.58627432e-02  3.51214558e-02  3.49447801e-02 -2.86010338e-01
  3.77673475e-02  3.46088888e-02  3.45993410e-02  3.45544535e-02
  3.44266298e-02 -2.88273331e-01  3.87679562e-02 -2.96866982e-01
  4.11118328e-02 -2.69122652e-01  3.43597483e-02  3.31068538e-02
 -2.13752255e-01 -2.66433054e-01  3.48214064e-02 -2.62392274e-01
  3.40006696e-02  3.18243089e-02  3.18078496e-02  3.17553967e-02
  3.15581738e-02  3.15320519e-02  3.10196576e-02 -1.20712716e-01
 -2.25906321e-01  2.99103849e-02 -2.73110438e-01  3.95793945e-02
 -2.12946711e-01  2.85597827e-02  2.82891466e-02  2.79063432e-02
  2.78738911e-02  2.71657002e-02  2.69953822e-02 -2.23284315e-01
  2.99451836e-02 -2.01715413e-01 -1.01828771e-01  2.51057828e-02
 -1.92416698e-01  2.47742774e-02 -2.22289368e-01  3.16447917e-02
 -9.63274827e-02  2.42762984e-02  2.40440845e-02 -2.23034566e-01
  3.30021238e-02 -1.72741446e-01  2.14837128e-02 -8.06502397e-02
 -1.61782000e-01  2.06781864e-02  2.03229855e-02  9.23180881e-02]
[[6.81313186e-001 2.64530872e-001 3.40239258e-001 ... 3.90567895e-076
  5.27488698e-203 6.77689351e-164]
 [6.81313186e-001 2.64530872e-001 3.40239258e-001 ... 3.90567895e-076
  5.27488698e-203 6.77689351e-164]
 [6.81313186e-001 2.64530872e-001 3.40239258e-001 ... 3.90567895e-076
  5.27488698e-203 6.77689351e-164]
 ...
 [2.11464231e-001 8.54076567e-001 4.43576363e-001 ... 0.00000000e+000
  0.00000000e+000 0.00000000e+000]
 [2.44971094e-001 8.38688024e-001 4.46272903e-001 ... 0.00000000e+000
  0.00000000e+000 0.00000000e+000]
 [2.80368051e-001 8.13654131e-001 4.43576363e-001 ... 0.00000000e+000
  0.00000000e+000 0.00000000e+000]]
[ 2.00726263e+00 -1.00838326e+01  2.06545077e+01 -4.39946807e+00
 -1.04815781e+01  2.97440523e-01 -2.25820944e+00  3.46527229e+00
 -4.42267457e+00  7.13980471e-01  5.02245789e+00 -9.76710721e+00
 -6.95185824e+00 -5.03433705e+00  1.46704593e+01  2.17595158e+00
 -7.20892706e+00 -1.45881396e+01  1.50345977e+00 -6.23753138e+00
  2.19646340e+00  1.35077353e+01  3.37256701e+00  8.23470881e+00
 -5.81415624e-01  2.23605151e+00  1.20180396e+00 -2.21687287e-01
  5.03009963e+00 -1.84534574e+00 -2.24251744e-01  1.16549630e-01
 -7.75169422e-01 -2.92622324e+00 -1.11865633e+00  1.77990124e+00
  6.05118359e-01  5.89895105e+00 -3.12801992e+00  7.54093011e-02
 -9.95738828e+00 -5.43801781e+00  5.19733276e+00 -1.79612292e+00
  1.66621565e+00  3.13779396e+00 -9.00871905e+00  8.38636964e-01
 -5.10818418e-01  1.54368895e+00 -3.82692445e+00 -1.01324914e-02
 -2.04181156e-01  2.73017624e+00  7.50806671e+00  5.78054355e+00
  1.07270361e+00  2.35552261e-01 -5.20224241e+00  8.91771100e+00
 -2.96707876e-01  3.26138605e+00 -6.98063727e+00  8.82859543e+00
  1.88648450e+00 -4.47417689e-01 -1.08366321e+01 -8.86649573e+00
 -2.51199428e+00  1.33181299e+00  1.60663367e+00  8.93968498e+00
  9.35301188e-01 -4.95179702e-01  4.92468329e-02 -5.95022383e-02
  1.72324579e-02  1.38835815e+00 -1.07866263e+00  1.22778397e+00
  1.93075437e-01 -3.83493039e-01  2.34834975e-01 -1.26614432e-01
 -1.44131617e+00  3.79117438e-01  1.63896572e-01 -6.89569481e-01
  1.13046318e+00  7.11602365e-01 -1.14254208e+00 -1.04247024e+00
 -1.01203689e-01 -2.46181028e-01 -1.38863261e-01  8.08559514e-02
  1.71009122e-01  4.34960468e-01  1.18524407e-01 -3.72076996e-01
  1.74084906e-02 -3.69651871e-01  3.08224398e-01 -6.08646937e-01
 -1.62286271e+00  2.21945053e+00 -7.53576570e-01  5.58486473e-01
  3.64075113e-01  1.76756909e-01  1.46610272e-01  3.41537895e-03
 -2.65262989e-01 -4.44516601e-01  7.69765231e-01  1.40197819e+00
 -4.75586407e-01 -9.00138886e-01 -1.08897427e-01 -3.92817894e-01
 -9.50701013e-02  7.80092509e-01 -2.33618019e-01 -1.11310239e+00
 -6.10367424e-02 -3.08225265e-01  2.41998124e-01  1.80703107e-01
  4.01770516e-01  2.04471726e-01 -6.63547700e-01 -5.92970653e-01
  1.56379555e-01 -1.13318958e-01  6.76279379e-01 -3.07739887e-01
  1.29431075e-01 -2.14663617e-01  4.63390213e-02 -3.26134745e-02
  1.10488658e-01 -1.51162797e-01  3.38057644e-01  2.54320710e-01
 -5.80320021e-02  5.64821929e-01  5.30287413e-01 -1.19991240e-02
  2.11904457e-01 -4.16266397e-01 -2.31776695e-01 -4.19038615e-01
  2.11030382e-01  1.54462391e-01 -3.52167110e-01  3.50314835e-01
 -6.94587447e-02 -8.52926861e-02  6.24896627e-01 -4.38461202e-01
 -1.16684242e-01  3.18562243e-01 -1.28258748e-01 -1.38348953e-01
 -5.24641926e-01 -7.10460072e-01 -3.05698492e-01  4.56078835e-01
 -2.18343033e-01 -3.06779385e-01  3.84864456e-01  2.67624649e-01
  1.45952799e-01 -1.10291993e-01  4.03457869e-01 -1.05611711e-01
  7.24517454e-01 -2.07960947e-01  3.03539954e-01 -5.90190546e-01
  4.88123177e-01  9.22232402e-02 -1.24633862e-01 -1.66031592e-01
 -1.55322544e-01  9.86231962e-02  4.83455522e-02  1.24899575e-01
 -1.52552160e-01  1.64061111e-01  9.42510897e-02  6.39758847e-02
 -4.73867118e-02 -1.07604886e-01 -4.43056073e-02 -1.44480018e-01
  6.82668588e-02 -2.11785378e-01  1.33637958e-01 -1.20826634e-01
  1.66847343e-01  1.41334390e-02 -1.54637805e-01  8.92695234e-02
 -9.64307693e-02  2.08678343e-01 -9.35171865e-02  5.66038888e-02
  2.41515195e-02 -2.34969783e-01  7.49433832e-02 -5.10254340e-02
 -3.90404093e-01 -1.55503007e-02  2.21554953e-01  6.35333537e-02
  9.42143531e-02  1.43756866e-01 -1.33031019e-01 -6.03209543e-02
  6.21784922e-02 -9.18853279e-02  1.14762837e-01 -2.13236408e-01
  1.53936061e-01 -5.24579066e-02  1.03042811e-01  5.56723571e-02
  3.65856594e-02 -5.14966507e-02  5.75994837e-02 -1.05597188e-01
  9.78855449e-02 -8.44596459e-02  1.51925944e-01 -1.11930141e-01
  3.32880038e-02 -7.11929006e-02  6.61461649e-02  1.47498464e-01
 -2.10664271e-01  1.14478148e-01 -7.93545931e-02 -1.32518097e-01
 -3.65160882e-02  4.11982697e-02  5.36269741e-02  1.20827332e-01
  2.38083827e-01  8.39041087e-02  1.56321722e-01 -1.32097741e-01
 -1.52888864e-02 -1.02326078e-01 -9.09266435e-02 -5.41839944e-02
  1.13554736e-02 -1.03519865e-01  6.37535826e-02  1.95037993e-01
  1.67250302e-01  6.85772690e-02 -1.01367256e-01  4.19670881e-02
 -6.86932097e-02 -8.29828859e-02  7.41478759e-02  3.37833433e-02
  7.34830673e-02 -5.77201746e-02 -6.04873974e-02  9.58051562e-02
 -7.64458184e-02 -2.31791775e-01  9.59567321e-02  4.50821769e-02
 -4.81260169e-02 -6.00182765e-02  3.16538137e-02  1.42215552e-01
 -3.42207153e-02  4.64244069e-02  1.16345509e-01 -6.89240329e-02
  7.62310616e-02  3.11706850e-02 -5.97437734e-02  3.69539055e-02
 -8.43783526e-02 -1.33120409e-02  7.61441210e-02  1.26119757e-01
 -8.94877641e-02 -9.95295204e-02  1.14492684e-01  3.90439187e-02
 -4.82383161e-01 -1.24218623e-01  8.21618315e-02  5.94199203e-02
  3.74231977e-02 -8.22385133e-02 -2.88838537e-02  6.44053415e-02
 -7.26292327e-02  7.32463896e-02 -1.05497569e-01  3.00972968e-02
  2.78522049e-02 -4.97127853e-02  6.38117752e-02 -3.16258004e-02
  5.54151044e-02 -5.94181865e-02  5.18705518e-02  5.19428655e-02
 -1.19050491e-01  1.43649219e-01  5.33296373e-02  5.63986998e-02
  4.49100810e-02 -1.61366549e-01  4.75300119e-02 -3.55720556e-01
  1.28132075e-02 -3.24232827e-02 -4.42676142e-02 -4.40929972e-02
 -4.69825633e-02  1.09423744e-01  7.07615778e-02 -6.54179312e-02
  7.02956463e-02  3.12943487e-01  2.00680884e-01 -6.16306225e-02
 -4.17725788e-02  3.34105869e-02 -4.63648709e-02  3.65786741e-02
 -5.44064210e-02  8.83363971e-02  1.52618551e-02 -5.92410030e-02
  1.28496710e-02  4.06218958e-02  4.61981173e-02 -2.32579039e-02
 -2.12791629e-02  2.08268046e-02 -1.58775554e-02 -8.37942331e-02
  4.54288544e-02  1.63510584e-01  4.36417929e-01 -2.36539472e-01
  1.06551116e-01 -6.61116334e-02 -3.49624716e-02  3.38093093e-02
 -3.05861061e-02  3.30723852e-02 -4.14756621e-02  2.93847144e-02
 -6.33004752e-02  3.76711822e-02  3.11785104e-02  7.31885591e-02
  8.43317803e-02 -2.75821203e-02  1.67795503e-02 -1.16963737e-01
  9.54942674e-02  7.26112471e-02 -8.07322978e-02 -4.42463187e-02
  8.02297521e-02 -2.62403711e-02 -5.56215119e-02 -2.84501979e-01
  1.09464685e-02  1.02371392e-01 -1.93425497e-02  5.17724590e-02
  1.49190960e-02 -2.36934182e-02 -6.05834513e-02  5.67254979e-02
 -5.22299777e-02  2.74558937e-02 -1.23198107e-01 -3.84784027e-01
  4.17324575e-02  5.42582757e-02  3.47887646e-01 -9.34660192e-02
  4.61097849e-02  7.28264529e-02 -1.79432179e-02 -4.14898594e-02
 -5.52719783e-02  5.26673653e-02 -8.43883643e-02  2.59559088e-01
  3.54869125e-02  7.99637807e-02 -4.04746902e-02 -4.04337181e-01
 -3.70860735e-02  1.03212311e-01  2.36681216e-01 -3.69123191e-02
 -3.58036052e-02  6.92238983e-02 -2.21903238e-01 -1.24210445e-01
 -2.51650084e-01 -1.88009028e-01 -1.77003762e-01 -2.57668821e-01
 -2.38569656e-01 -1.15045474e-01  2.19342057e-02 -1.12029096e-01
 -2.52196293e-01 -1.58007873e-01 -1.64942620e-01 -2.52244802e-01
  1.94154902e-01 -1.58104445e-01  2.99864834e-02  2.55400997e-02
 -1.03030180e-01 -2.07307241e-01 -2.20611967e-01  1.88958937e-02
 -1.50672566e-01  1.37687857e-01  2.26783460e-02 -9.40819009e-02
  2.42014625e-02  1.62580143e-01  1.96373652e-02  1.41923504e-01
 -9.10569470e-02  2.21679489e-02  2.23122849e-02 -8.98356878e-02
 -2.18801694e-01  1.74654107e-02  1.71282097e-02  1.31328844e-01
 -8.56905561e-02  1.30538082e-01 -1.33385102e-01 -8.29328045e-02
  1.17291027e-01 -8.20147190e-02 -8.16264907e-02  2.13879309e-02
  1.52076967e-01  1.58254801e-02 -1.30537913e-01  1.22810982e-01
  1.55591255e-02  1.52884090e-02 -7.80223928e-02 -7.77107918e-02
  1.16831331e-01  1.36420004e-01 -9.85667514e-02 -7.63147029e-02
  1.06636487e-01  1.23039956e-02  1.09562886e-01  1.26094848e-01
 -3.59353125e-01  1.42594532e-01 -4.12146518e-01 -4.48204328e-01
  1.44829186e-01  1.11524408e-01 -4.01976932e-01  1.28604854e-01
 -3.99527747e-01  1.27804567e-01 -3.97771787e-01  1.27214289e-01
 -3.96659352e-01  1.26857696e-01  1.20174989e-01 -3.42462654e-01
  1.01155905e-01  1.00987529e-01  1.17862959e-01 -3.35677384e-01
 -3.81457409e-01  1.21939317e-01 -3.81672953e-01  1.22062586e-01
  9.84217823e-02 -3.13723666e-01 -3.92459293e-01  1.26449708e-01
 -3.61860765e-01  1.15743158e-01 -3.47683074e-02 -3.23278175e-01
 -3.21456404e-01 -3.75829422e-01  4.82671312e-02 -2.97360613e-01
 -2.96494254e-01 -2.94884422e-01 -3.41270729e-01  4.36064977e-02
 -3.06525927e-01 -2.76017551e-01 -2.77801958e-01 -3.28450776e-01
  4.28073841e-02 -2.84732813e-01 -3.29879081e-01  4.36390759e-02
 -3.04643317e-01 -3.06141838e-01 -2.95975388e-01 -2.49793079e-01
 -2.89990019e-01 -2.77699954e-01 -2.73047767e-01 -2.60556889e-01
 -2.60302373e-01  3.82063980e-02 -2.60741199e-01 -2.84462686e-01
  3.75723446e-02 -2.75217015e-01 -3.06632191e-01  4.12520464e-02
 -2.81401147e-01 -2.97412623e-01  3.91708528e-02 -2.48582129e-01
  3.58627432e-02  3.51214558e-02  3.49447801e-02 -2.86010338e-01
  3.77673475e-02  3.46088888e-02  3.45993410e-02  3.45544535e-02
  3.44266298e-02 -2.88273331e-01  3.87679562e-02 -2.96866982e-01
  4.11118328e-02 -2.69122652e-01  3.43597483e-02  3.31068538e-02
 -2.13752255e-01 -2.66433054e-01  3.48214064e-02 -2.62392274e-01
  3.40006696e-02  3.18243089e-02  3.18078496e-02  3.17553967e-02
  3.15581738e-02  3.15320519e-02  3.10196576e-02 -1.20712716e-01
 -2.25906321e-01  2.99103849e-02 -2.73110438e-01  3.95793945e-02
 -2.12946711e-01  2.85597827e-02  2.82891466e-02  2.79063432e-02
  2.78738911e-02  2.71657002e-02  2.69953822e-02 -2.23284315e-01
  2.99451836e-02 -2.01715413e-01 -1.01828771e-01  2.51057828e-02
 -1.92416698e-01  2.47742774e-02 -2.22289368e-01  3.16447917e-02
 -9.63274827e-02  2.42762984e-02  2.40440845e-02 -2.23034566e-01
  3.30021238e-02 -1.72741446e-01  2.14837128e-02 -8.06502397e-02
 -1.61782000e-01  2.06781864e-02  2.03229855e-02  9.23180881e-02]
[[0.00131836 0.06100617]
 [0.00351563 0.05995452]
 [0.00600586 0.0594104 ]
 [0.00917969 0.05880855]
 [0.01293945 0.05841085]
 [0.01791992 0.05811304]
 [0.01977539 0.05804537]
 [0.02021484 0.0580188 ]
 [0.02304688 0.05783539]
 [0.02314453 0.05783121]
 [0.02475586 0.05748526]
 [0.02949219 0.05677   ]
 [0.02949219 0.05677   ]]
