12
0.0004
rdot
MMA
sample
[[ 1.          0.97873908  0.76356524 ...  0.9782      0.59105727
   0.27531309]
 [ 1.          0.97873908  0.76356524 ...  0.9782      0.59105727
   0.37814505]
 [ 1.          0.97873908  0.76356524 ...  0.9782      0.59105727
   0.39295525]
 ...
 [ 0.10612479  0.9834187   0.93762584 ...  0.66369007  0.95890836
  -0.11330898]
 [ 0.17687465  0.9834187   0.93762584 ...  0.66369007  0.95890836
  -0.11745745]
 [ 0.24762451  0.9834187   0.93762584 ...  0.66369007  0.95890836
  -0.12113016]]
20480
1.728875940718133e-05
[[0.68131319 0.26453087 0.34023926 ... 0.57037815 0.2229224  0.29331928]
 [0.68131319 0.26453087 0.34023926 ... 0.57037815 0.2229224  0.29331928]
 [0.68131319 0.26453087 0.34023926 ... 0.57037815 0.2229224  0.29331928]
 ...
 [0.21146423 0.85407657 0.44357636 ... 0.66663317 0.99395765 0.72683343]
 [0.24497109 0.83868802 0.4462729  ... 0.69474052 0.97604876 0.71373752]
 [0.28036805 0.81365413 0.44357636 ... 0.71530966 0.9469148  0.69243326]]
[  0.59168091  -0.78744131  13.12788088   1.1144324   -4.46628148
   0.46546505  -3.43264453   1.08598299  -3.49318308  -1.63401668
  -1.46982619   2.80876667  -1.00968801  -2.20101339  -1.32573718
   1.59942318 -10.12760433  -3.58140007   5.47833844  -4.87945933
   3.15745552   8.43485856  -0.46028927   7.63380893 -22.22458018
   0.23644505   1.37940475  -5.27493831  -7.78138455  18.09269372
  -1.09042012  17.78059304   4.04755635 -11.2440611 ]
[[0.68131319 0.26453087 0.34023926 ... 0.81898072 0.08912206 0.08400794]
 [0.68131319 0.26453087 0.34023926 ... 0.81898072 0.08912206 0.08400794]
 [0.68131319 0.26453087 0.34023926 ... 0.81898072 0.08912206 0.08400794]
 ...
 [0.21146423 0.85407657 0.44357636 ... 0.07723709 0.18331169 0.73358883]
 [0.24497109 0.83868802 0.4462729  ... 0.10365297 0.18110311 0.70739173]
 [0.28036805 0.81365413 0.44357636 ... 0.13577166 0.17463576 0.66579229]]
[  0.59168091  -0.78744131  13.12788088   1.1144324   -4.46628148
   0.46546505  -3.43264453   1.08598299  -3.49318308  -1.63401668
  -1.46982619   2.80876667  -1.00968801  -2.20101339  -1.32573718
   1.59942318 -10.12760433  -3.58140007   5.47833844  -4.87945933
   3.15745552   8.43485856  -0.46028927   7.63380893 -22.22458018
   0.23644505   1.37940475  -5.27493831  -7.78138455  18.09269372
  -1.09042012  17.78059304   4.04755635 -11.2440611    5.87871141
   4.63803401   4.07508696   0.75245132   7.04726718   3.15492982
   2.93228899  -0.66447839   0.44420049   0.22212033  -1.66717778
  -1.82821104   4.08604658  -5.20349702  -0.52585929   1.60019575
   2.0346663   -1.68962556 -11.74067256  -1.05034195  -2.98901143
   2.1757339   -3.72481336  -2.73958565   0.27017171  11.25110351
  -3.2588375   -2.86975809   4.51300524  -4.27960603   2.20654387
   1.75986268 -26.47007738   8.64245593  -2.01517678   9.52200972
  -2.74348754  -5.43219969  -0.19047514   2.79047867  -4.85003971
   4.91408761  -3.06547568  -2.34811842  -9.6412276   -0.28562516
  -0.12596781   1.92837983   6.86340453   9.6726597   -7.65860026
   1.06843816   4.4942264    2.3613169   -6.77846919   8.30683801]
[[0.68131319 0.26453087 0.34023926 ... 0.22479045 0.00831237 0.45407029]
 [0.68131319 0.26453087 0.34023926 ... 0.22479045 0.00831237 0.45407029]
 [0.68131319 0.26453087 0.34023926 ... 0.22479045 0.00831237 0.45407029]
 ...
 [0.21146423 0.85407657 0.44357636 ... 0.14669737 0.03039688 0.02121436]
 [0.24497109 0.83868802 0.4462729  ... 0.19831967 0.02966884 0.03584739]
 [0.28036805 0.81365413 0.44357636 ... 0.25541845 0.02758768 0.05770697]]
[ 5.91680908e-01 -7.87441308e-01  1.31278809e+01  1.11443240e+00
 -4.46628148e+00  4.65465051e-01 -3.43264453e+00  1.08598299e+00
 -3.49318308e+00 -1.63401668e+00 -1.46982619e+00  2.80876667e+00
 -1.00968801e+00 -2.20101339e+00 -1.32573718e+00  1.59942318e+00
 -1.01276043e+01 -3.58140007e+00  5.47833844e+00 -4.87945933e+00
  3.15745552e+00  8.43485856e+00 -4.60289267e-01  7.63380893e+00
 -2.22245802e+01  2.36445045e-01  1.37940475e+00 -5.27493831e+00
 -7.78138455e+00  1.80926937e+01 -1.09042012e+00  1.77805930e+01
  4.04755635e+00 -1.12440611e+01  5.87871141e+00  4.63803401e+00
  4.07508696e+00  7.52451321e-01  7.04726718e+00  3.15492982e+00
  2.93228899e+00 -6.64478386e-01  4.44200486e-01  2.22120331e-01
 -1.66717778e+00 -1.82821104e+00  4.08604658e+00 -5.20349702e+00
 -5.25859288e-01  1.60019575e+00  2.03466630e+00 -1.68962556e+00
 -1.17406726e+01 -1.05034195e+00 -2.98901143e+00  2.17573390e+00
 -3.72481336e+00 -2.73958565e+00  2.70171709e-01  1.12511035e+01
 -3.25883750e+00 -2.86975809e+00  4.51300524e+00 -4.27960603e+00
  2.20654387e+00  1.75986268e+00 -2.64700774e+01  8.64245593e+00
 -2.01517678e+00  9.52200972e+00 -2.74348754e+00 -5.43219969e+00
 -1.90475138e-01  2.79047867e+00 -4.85003971e+00  4.91408761e+00
 -3.06547568e+00 -2.34811842e+00 -9.64122760e+00 -2.85625158e-01
 -1.25967812e-01  1.92837983e+00  6.86340453e+00  9.67265970e+00
 -7.65860026e+00  1.06843816e+00  4.49422640e+00  2.36131690e+00
 -6.77846919e+00  8.30683801e+00  2.14255658e+00 -2.72457304e-01
 -6.73389490e-01  4.29540285e-01 -4.25867045e-01 -1.28179321e+00
 -3.45440782e+00  6.74030100e-01 -5.50982117e-01  6.64440621e-01
 -1.96676339e+00 -1.30394509e+00 -3.36577488e-01 -5.79448436e-01
 -3.27271286e-01 -5.26534442e-01 -1.20223878e-01 -5.37374521e-01
 -2.12557471e-01  1.29962342e-01  1.96320888e-01  1.49354398e-01
 -6.50793887e-01 -1.15039750e+00  5.00951727e-01 -1.27819138e-01
  8.28851669e-02  4.24986907e-01 -2.98587585e-01  2.04346960e+00
 -1.31962710e+00  4.43495588e-01  1.49754642e+00 -5.27644330e-01
 -1.21065420e+00  8.67523640e-01 -1.65163268e-01  1.15935397e+00
  1.01500377e-01 -9.66866327e-01  3.06388205e-01  1.90922008e+00
 -2.70923518e-01  9.97404205e-01 -2.73500532e-03  1.28612469e+00
 -9.57133285e-01  7.91301612e-01 -2.41854718e+00  2.66360123e+00
  1.23987848e+00  8.21105333e-01  1.38318365e+00 -5.62058258e-01
  3.47415620e-01  3.94342588e-01 -4.06524782e-01  8.33856554e-01
 -1.55718855e+00 -5.60228555e-01 -4.14915237e-01 -1.55811420e+00
  5.48191078e-01  3.08050911e+00 -1.66022133e+00  4.12314687e-01
  5.58996457e-01 -1.35857384e-01]
[[6.81313186e-01 2.64530872e-01 3.40239258e-01 ... 6.09371504e-04
  4.36758472e-05 1.93335818e-05]
 [6.81313186e-01 2.64530872e-01 3.40239258e-01 ... 6.09371504e-04
  4.36758472e-05 1.93335818e-05]
 [6.81313186e-01 2.64530872e-01 3.40239258e-01 ... 6.09371504e-04
  4.36758472e-05 1.93335818e-05]
 ...
 [2.11464231e-01 8.54076567e-01 4.43576363e-01 ... 1.96155886e-02
  2.42643588e-03 8.80240047e-04]
 [2.44971094e-01 8.38688024e-01 4.46272903e-01 ... 2.26867488e-02
  2.09796337e-03 7.61079818e-04]
 [2.80368051e-01 8.13654131e-01 4.43576363e-01 ... 2.38138293e-02
  1.64631539e-03 5.97235126e-04]]
[ 5.91680908e-01 -7.87441308e-01  1.31278809e+01  1.11443240e+00
 -4.46628148e+00  4.65465051e-01 -3.43264453e+00  1.08598299e+00
 -3.49318308e+00 -1.63401668e+00 -1.46982619e+00  2.80876667e+00
 -1.00968801e+00 -2.20101339e+00 -1.32573718e+00  1.59942318e+00
 -1.01276043e+01 -3.58140007e+00  5.47833844e+00 -4.87945933e+00
  3.15745552e+00  8.43485856e+00 -4.60289267e-01  7.63380893e+00
 -2.22245802e+01  2.36445045e-01  1.37940475e+00 -5.27493831e+00
 -7.78138455e+00  1.80926937e+01 -1.09042012e+00  1.77805930e+01
  4.04755635e+00 -1.12440611e+01  5.87871141e+00  4.63803401e+00
  4.07508696e+00  7.52451321e-01  7.04726718e+00  3.15492982e+00
  2.93228899e+00 -6.64478386e-01  4.44200486e-01  2.22120331e-01
 -1.66717778e+00 -1.82821104e+00  4.08604658e+00 -5.20349702e+00
 -5.25859288e-01  1.60019575e+00  2.03466630e+00 -1.68962556e+00
 -1.17406726e+01 -1.05034195e+00 -2.98901143e+00  2.17573390e+00
 -3.72481336e+00 -2.73958565e+00  2.70171709e-01  1.12511035e+01
 -3.25883750e+00 -2.86975809e+00  4.51300524e+00 -4.27960603e+00
  2.20654387e+00  1.75986268e+00 -2.64700774e+01  8.64245593e+00
 -2.01517678e+00  9.52200972e+00 -2.74348754e+00 -5.43219969e+00
 -1.90475138e-01  2.79047867e+00 -4.85003971e+00  4.91408761e+00
 -3.06547568e+00 -2.34811842e+00 -9.64122760e+00 -2.85625158e-01
 -1.25967812e-01  1.92837983e+00  6.86340453e+00  9.67265970e+00
 -7.65860026e+00  1.06843816e+00  4.49422640e+00  2.36131690e+00
 -6.77846919e+00  8.30683801e+00  2.14255658e+00 -2.72457304e-01
 -6.73389490e-01  4.29540285e-01 -4.25867045e-01 -1.28179321e+00
 -3.45440782e+00  6.74030100e-01 -5.50982117e-01  6.64440621e-01
 -1.96676339e+00 -1.30394509e+00 -3.36577488e-01 -5.79448436e-01
 -3.27271286e-01 -5.26534442e-01 -1.20223878e-01 -5.37374521e-01
 -2.12557471e-01  1.29962342e-01  1.96320888e-01  1.49354398e-01
 -6.50793887e-01 -1.15039750e+00  5.00951727e-01 -1.27819138e-01
  8.28851669e-02  4.24986907e-01 -2.98587585e-01  2.04346960e+00
 -1.31962710e+00  4.43495588e-01  1.49754642e+00 -5.27644330e-01
 -1.21065420e+00  8.67523640e-01 -1.65163268e-01  1.15935397e+00
  1.01500377e-01 -9.66866327e-01  3.06388205e-01  1.90922008e+00
 -2.70923518e-01  9.97404205e-01 -2.73500532e-03  1.28612469e+00
 -9.57133285e-01  7.91301612e-01 -2.41854718e+00  2.66360123e+00
  1.23987848e+00  8.21105333e-01  1.38318365e+00 -5.62058258e-01
  3.47415620e-01  3.94342588e-01 -4.06524782e-01  8.33856554e-01
 -1.55718855e+00 -5.60228555e-01 -4.14915237e-01 -1.55811420e+00
  5.48191078e-01  3.08050911e+00 -1.66022133e+00  4.12314687e-01
  5.58996457e-01 -1.35857384e-01 -1.84477168e-01 -1.06921875e-02
  9.27866010e-01 -1.01818977e-01  2.38432820e-01 -2.36576405e-01
 -1.30243732e+00  2.66626240e-02 -8.25631922e-01  9.45217224e-01
  8.47666567e-01 -1.97602120e-01  4.11298210e-02 -3.41945057e-01
  4.76359727e-01  4.69042461e-01 -9.23172284e-02  4.91077173e-01
  1.63696395e-01 -4.96487435e-01 -1.16092860e-01  2.03467035e-03
 -9.10714474e-02  2.50583506e-01  6.20281853e-01  4.71803601e-01
  5.02122693e-03  2.53983241e-02  2.34412919e-01 -7.46752112e-02
 -9.87435587e-03 -2.63866299e-01  4.63633295e-01 -2.67913687e-01
  3.47864333e-02 -2.59328569e-03 -3.61238176e-02 -1.07048927e+00
 -1.13342640e-01 -2.59621801e-02 -2.97929746e-01  5.62567307e-02
  4.54662051e-01 -4.36810875e-01 -2.41594344e-02  5.16651921e-01
 -2.15257119e-01 -4.26155129e-01 -3.31152416e-01  7.53451120e-02
  1.05610131e-01  7.85598583e-03 -5.84940314e-02  1.09330626e-01
  1.99774779e-01  9.38758041e-01 -1.79133489e-01 -7.46083306e-01
  1.16412094e+00 -6.05944735e-01  1.24245956e-02 -3.94809045e-01
 -4.09550139e-01 -4.36718615e-01 -6.35073221e-01 -4.80022519e-02
  7.33799561e-02 -2.51375751e-01  1.88230527e-01  8.43542789e-02
  2.93996193e-01 -4.61899131e-01 -1.16930701e+00  1.64190321e-01
 -5.48497709e-02  1.68996779e-01  4.93017545e-01 -5.86148109e-02
  1.17908806e-02 -2.75632017e-01 -6.68878074e-01  6.62760781e-01
  5.47617427e-02 -1.91805522e-01 -3.90673610e-01  4.64181918e-01
  2.66674285e-01 -7.96536259e-01  6.44791104e-01  2.04232586e-01
 -5.69164938e-01  4.05422433e-01  1.92652661e-01 -1.77194388e-01
  2.02648218e-01  3.65843418e-01  3.00239724e-01  3.92723535e-01
 -2.18120113e-01]
[[6.81313186e-01 2.64530872e-01 3.40239258e-01 ... 3.73787385e-10
  3.19748928e-11 2.57703746e-05]
 [6.81313186e-01 2.64530872e-01 3.40239258e-01 ... 3.73787385e-10
  3.19748928e-11 2.57703746e-05]
 [6.81313186e-01 2.64530872e-01 3.40239258e-01 ... 3.73787385e-10
  3.19748928e-11 2.57703746e-05]
 ...
 [2.11464231e-01 8.54076567e-01 4.43576363e-01 ... 7.74822540e-07
  7.65846378e-05 3.22407721e-03]
 [2.44971094e-01 8.38688024e-01 4.46272903e-01 ... 5.79242489e-07
  5.72532082e-05 5.20434875e-03]
 [2.80368051e-01 8.13654131e-01 4.43576363e-01 ... 3.56689796e-07
  3.52557617e-05 6.91989426e-03]]
[ 5.91680908e-01 -7.87441308e-01  1.31278809e+01  1.11443240e+00
 -4.46628148e+00  4.65465051e-01 -3.43264453e+00  1.08598299e+00
 -3.49318308e+00 -1.63401668e+00 -1.46982619e+00  2.80876667e+00
 -1.00968801e+00 -2.20101339e+00 -1.32573718e+00  1.59942318e+00
 -1.01276043e+01 -3.58140007e+00  5.47833844e+00 -4.87945933e+00
  3.15745552e+00  8.43485856e+00 -4.60289267e-01  7.63380893e+00
 -2.22245802e+01  2.36445045e-01  1.37940475e+00 -5.27493831e+00
 -7.78138455e+00  1.80926937e+01 -1.09042012e+00  1.77805930e+01
  4.04755635e+00 -1.12440611e+01  5.87871141e+00  4.63803401e+00
  4.07508696e+00  7.52451321e-01  7.04726718e+00  3.15492982e+00
  2.93228899e+00 -6.64478386e-01  4.44200486e-01  2.22120331e-01
 -1.66717778e+00 -1.82821104e+00  4.08604658e+00 -5.20349702e+00
 -5.25859288e-01  1.60019575e+00  2.03466630e+00 -1.68962556e+00
 -1.17406726e+01 -1.05034195e+00 -2.98901143e+00  2.17573390e+00
 -3.72481336e+00 -2.73958565e+00  2.70171709e-01  1.12511035e+01
 -3.25883750e+00 -2.86975809e+00  4.51300524e+00 -4.27960603e+00
  2.20654387e+00  1.75986268e+00 -2.64700774e+01  8.64245593e+00
 -2.01517678e+00  9.52200972e+00 -2.74348754e+00 -5.43219969e+00
 -1.90475138e-01  2.79047867e+00 -4.85003971e+00  4.91408761e+00
 -3.06547568e+00 -2.34811842e+00 -9.64122760e+00 -2.85625158e-01
 -1.25967812e-01  1.92837983e+00  6.86340453e+00  9.67265970e+00
 -7.65860026e+00  1.06843816e+00  4.49422640e+00  2.36131690e+00
 -6.77846919e+00  8.30683801e+00  2.14255658e+00 -2.72457304e-01
 -6.73389490e-01  4.29540285e-01 -4.25867045e-01 -1.28179321e+00
 -3.45440782e+00  6.74030100e-01 -5.50982117e-01  6.64440621e-01
 -1.96676339e+00 -1.30394509e+00 -3.36577488e-01 -5.79448436e-01
 -3.27271286e-01 -5.26534442e-01 -1.20223878e-01 -5.37374521e-01
 -2.12557471e-01  1.29962342e-01  1.96320888e-01  1.49354398e-01
 -6.50793887e-01 -1.15039750e+00  5.00951727e-01 -1.27819138e-01
  8.28851669e-02  4.24986907e-01 -2.98587585e-01  2.04346960e+00
 -1.31962710e+00  4.43495588e-01  1.49754642e+00 -5.27644330e-01
 -1.21065420e+00  8.67523640e-01 -1.65163268e-01  1.15935397e+00
  1.01500377e-01 -9.66866327e-01  3.06388205e-01  1.90922008e+00
 -2.70923518e-01  9.97404205e-01 -2.73500532e-03  1.28612469e+00
 -9.57133285e-01  7.91301612e-01 -2.41854718e+00  2.66360123e+00
  1.23987848e+00  8.21105333e-01  1.38318365e+00 -5.62058258e-01
  3.47415620e-01  3.94342588e-01 -4.06524782e-01  8.33856554e-01
 -1.55718855e+00 -5.60228555e-01 -4.14915237e-01 -1.55811420e+00
  5.48191078e-01  3.08050911e+00 -1.66022133e+00  4.12314687e-01
  5.58996457e-01 -1.35857384e-01 -1.84477168e-01 -1.06921875e-02
  9.27866010e-01 -1.01818977e-01  2.38432820e-01 -2.36576405e-01
 -1.30243732e+00  2.66626240e-02 -8.25631922e-01  9.45217224e-01
  8.47666567e-01 -1.97602120e-01  4.11298210e-02 -3.41945057e-01
  4.76359727e-01  4.69042461e-01 -9.23172284e-02  4.91077173e-01
  1.63696395e-01 -4.96487435e-01 -1.16092860e-01  2.03467035e-03
 -9.10714474e-02  2.50583506e-01  6.20281853e-01  4.71803601e-01
  5.02122693e-03  2.53983241e-02  2.34412919e-01 -7.46752112e-02
 -9.87435587e-03 -2.63866299e-01  4.63633295e-01 -2.67913687e-01
  3.47864333e-02 -2.59328569e-03 -3.61238176e-02 -1.07048927e+00
 -1.13342640e-01 -2.59621801e-02 -2.97929746e-01  5.62567307e-02
  4.54662051e-01 -4.36810875e-01 -2.41594344e-02  5.16651921e-01
 -2.15257119e-01 -4.26155129e-01 -3.31152416e-01  7.53451120e-02
  1.05610131e-01  7.85598583e-03 -5.84940314e-02  1.09330626e-01
  1.99774779e-01  9.38758041e-01 -1.79133489e-01 -7.46083306e-01
  1.16412094e+00 -6.05944735e-01  1.24245956e-02 -3.94809045e-01
 -4.09550139e-01 -4.36718615e-01 -6.35073221e-01 -4.80022519e-02
  7.33799561e-02 -2.51375751e-01  1.88230527e-01  8.43542789e-02
  2.93996193e-01 -4.61899131e-01 -1.16930701e+00  1.64190321e-01
 -5.48497709e-02  1.68996779e-01  4.93017545e-01 -5.86148109e-02
  1.17908806e-02 -2.75632017e-01 -6.68878074e-01  6.62760781e-01
  5.47617427e-02 -1.91805522e-01 -3.90673610e-01  4.64181918e-01
  2.66674285e-01 -7.96536259e-01  6.44791104e-01  2.04232586e-01
 -5.69164938e-01  4.05422433e-01  1.92652661e-01 -1.77194388e-01
  2.02648218e-01  3.65843418e-01  3.00239724e-01  3.92723535e-01
 -2.18120113e-01  2.20009157e-01 -1.53263454e-01 -1.51896495e-01
  1.41598384e-01  1.71419810e-02 -6.62543105e-04 -1.15825572e-01
 -8.30620828e-02 -1.80958708e-01  1.92510890e-01 -3.00443837e-01
  1.18885931e-01 -1.71246900e-01  1.92170486e-01 -2.25438205e-01
  4.16843516e-01  2.53630441e-01 -3.04091542e-01  1.74614298e-01
  1.98185367e-01 -1.62325122e-01 -7.85028095e-02  1.74868121e-01
  2.43402649e-02 -3.59210249e-03  1.04342793e-01 -3.11829721e-01
  1.39458276e-01  6.77936588e-02 -2.73842041e-02 -1.02423041e-01
  8.64225345e-02  8.26931735e-02 -3.75007055e-02  8.25575171e-02
 -3.78035788e-02  4.57097955e-02  8.53968308e-02 -1.08159778e-01
  1.89310368e-01 -1.83419684e-01  1.92526066e-01 -2.32503990e-01
 -1.66581635e-01  4.97872800e-02  2.41827675e-02  9.39645415e-02
  2.02788294e-02  5.58733660e-02 -1.34160285e-01  2.95242929e-01
  3.75840965e-02  1.83643021e-02 -1.24495360e-01  3.30730294e-02
 -2.74710852e-01  8.77863763e-02  9.38144803e-02  2.70538190e-02
  3.41404418e-01  2.58829679e-01 -1.01984816e-01  1.12206225e-01
 -3.56103539e-02  1.81327527e-01  2.58521365e-01  8.95276714e-02
 -1.89116500e-01  5.01923155e-02 -4.48459514e-01 -1.58102190e-01
  2.38533202e-01 -9.79133808e-02  4.07959108e-01 -9.65516216e-02
 -1.02448305e-01  3.65067479e-02 -4.92920531e-02  1.01868387e-02
 -5.81026668e-02 -7.86148653e-02 -8.31046590e-02 -2.62651716e-01
  3.93853333e-01  2.12420327e-01 -2.35748248e-01  1.35343591e-01
 -4.12013953e-01  2.00741214e-01 -9.36527021e-02 -4.58194911e-02
  9.76783114e-02  1.42829829e-01  3.10925766e-02 -2.37584193e-01
 -8.44560259e-02 -9.64327235e-02  3.19217586e-02  2.75643831e-02
 -4.35803811e-02  3.09453298e-01 -1.36956960e-01 -1.26124713e-02
  5.03608260e-02  6.50634455e-02  2.71705102e-02  7.00131675e-02
  2.34261612e-01  1.16798391e-01 -8.48515415e-02 -7.58739927e-02
 -4.28975727e-02  1.20473312e-01  2.43511197e-01 -3.36392653e-01
 -1.38209630e-01 -1.17359416e-01  2.29536186e-02 -3.96941332e-01
  1.18040180e-01  2.04441744e-01 -1.94941393e-01 -1.27008625e-01
 -3.29299192e-01 -1.16604936e-01 -3.69569816e-01  4.30557933e-01
  7.62875069e-02  6.30559638e-02  7.48912244e-02 -1.32241742e-01
  2.41091554e-01 -2.00891012e-01  2.33584050e-01 -1.85275670e-01
  1.14376447e-01  4.02501414e-02 -7.23179643e-02]
[[6.81313186e-01 2.64530872e-01 3.40239258e-01 ... 1.06410422e-08
  4.88010215e-02 4.09617834e-02]
 [6.81313186e-01 2.64530872e-01 3.40239258e-01 ... 1.06410422e-08
  4.88010215e-02 4.09617834e-02]
 [6.81313186e-01 2.64530872e-01 3.40239258e-01 ... 1.06410422e-08
  4.88010215e-02 4.09617834e-02]
 ...
 [2.11464231e-01 8.54076567e-01 4.43576363e-01 ... 6.45366933e-10
  2.17673065e-17 1.60403798e-18]
 [2.44971094e-01 8.38688024e-01 4.46272903e-01 ... 3.48152918e-09
  1.44685714e-15 1.77544913e-16]
 [2.80368051e-01 8.13654131e-01 4.43576363e-01 ... 1.27431733e-08
  6.52515495e-14 1.33335575e-14]]
[ 5.91680908e-01 -7.87441308e-01  1.31278809e+01  1.11443240e+00
 -4.46628148e+00  4.65465051e-01 -3.43264453e+00  1.08598299e+00
 -3.49318308e+00 -1.63401668e+00 -1.46982619e+00  2.80876667e+00
 -1.00968801e+00 -2.20101339e+00 -1.32573718e+00  1.59942318e+00
 -1.01276043e+01 -3.58140007e+00  5.47833844e+00 -4.87945933e+00
  3.15745552e+00  8.43485856e+00 -4.60289267e-01  7.63380893e+00
 -2.22245802e+01  2.36445045e-01  1.37940475e+00 -5.27493831e+00
 -7.78138455e+00  1.80926937e+01 -1.09042012e+00  1.77805930e+01
  4.04755635e+00 -1.12440611e+01  5.87871141e+00  4.63803401e+00
  4.07508696e+00  7.52451321e-01  7.04726718e+00  3.15492982e+00
  2.93228899e+00 -6.64478386e-01  4.44200486e-01  2.22120331e-01
 -1.66717778e+00 -1.82821104e+00  4.08604658e+00 -5.20349702e+00
 -5.25859288e-01  1.60019575e+00  2.03466630e+00 -1.68962556e+00
 -1.17406726e+01 -1.05034195e+00 -2.98901143e+00  2.17573390e+00
 -3.72481336e+00 -2.73958565e+00  2.70171709e-01  1.12511035e+01
 -3.25883750e+00 -2.86975809e+00  4.51300524e+00 -4.27960603e+00
  2.20654387e+00  1.75986268e+00 -2.64700774e+01  8.64245593e+00
 -2.01517678e+00  9.52200972e+00 -2.74348754e+00 -5.43219969e+00
 -1.90475138e-01  2.79047867e+00 -4.85003971e+00  4.91408761e+00
 -3.06547568e+00 -2.34811842e+00 -9.64122760e+00 -2.85625158e-01
 -1.25967812e-01  1.92837983e+00  6.86340453e+00  9.67265970e+00
 -7.65860026e+00  1.06843816e+00  4.49422640e+00  2.36131690e+00
 -6.77846919e+00  8.30683801e+00  2.14255658e+00 -2.72457304e-01
 -6.73389490e-01  4.29540285e-01 -4.25867045e-01 -1.28179321e+00
 -3.45440782e+00  6.74030100e-01 -5.50982117e-01  6.64440621e-01
 -1.96676339e+00 -1.30394509e+00 -3.36577488e-01 -5.79448436e-01
 -3.27271286e-01 -5.26534442e-01 -1.20223878e-01 -5.37374521e-01
 -2.12557471e-01  1.29962342e-01  1.96320888e-01  1.49354398e-01
 -6.50793887e-01 -1.15039750e+00  5.00951727e-01 -1.27819138e-01
  8.28851669e-02  4.24986907e-01 -2.98587585e-01  2.04346960e+00
 -1.31962710e+00  4.43495588e-01  1.49754642e+00 -5.27644330e-01
 -1.21065420e+00  8.67523640e-01 -1.65163268e-01  1.15935397e+00
  1.01500377e-01 -9.66866327e-01  3.06388205e-01  1.90922008e+00
 -2.70923518e-01  9.97404205e-01 -2.73500532e-03  1.28612469e+00
 -9.57133285e-01  7.91301612e-01 -2.41854718e+00  2.66360123e+00
  1.23987848e+00  8.21105333e-01  1.38318365e+00 -5.62058258e-01
  3.47415620e-01  3.94342588e-01 -4.06524782e-01  8.33856554e-01
 -1.55718855e+00 -5.60228555e-01 -4.14915237e-01 -1.55811420e+00
  5.48191078e-01  3.08050911e+00 -1.66022133e+00  4.12314687e-01
  5.58996457e-01 -1.35857384e-01 -1.84477168e-01 -1.06921875e-02
  9.27866010e-01 -1.01818977e-01  2.38432820e-01 -2.36576405e-01
 -1.30243732e+00  2.66626240e-02 -8.25631922e-01  9.45217224e-01
  8.47666567e-01 -1.97602120e-01  4.11298210e-02 -3.41945057e-01
  4.76359727e-01  4.69042461e-01 -9.23172284e-02  4.91077173e-01
  1.63696395e-01 -4.96487435e-01 -1.16092860e-01  2.03467035e-03
 -9.10714474e-02  2.50583506e-01  6.20281853e-01  4.71803601e-01
  5.02122693e-03  2.53983241e-02  2.34412919e-01 -7.46752112e-02
 -9.87435587e-03 -2.63866299e-01  4.63633295e-01 -2.67913687e-01
  3.47864333e-02 -2.59328569e-03 -3.61238176e-02 -1.07048927e+00
 -1.13342640e-01 -2.59621801e-02 -2.97929746e-01  5.62567307e-02
  4.54662051e-01 -4.36810875e-01 -2.41594344e-02  5.16651921e-01
 -2.15257119e-01 -4.26155129e-01 -3.31152416e-01  7.53451120e-02
  1.05610131e-01  7.85598583e-03 -5.84940314e-02  1.09330626e-01
  1.99774779e-01  9.38758041e-01 -1.79133489e-01 -7.46083306e-01
  1.16412094e+00 -6.05944735e-01  1.24245956e-02 -3.94809045e-01
 -4.09550139e-01 -4.36718615e-01 -6.35073221e-01 -4.80022519e-02
  7.33799561e-02 -2.51375751e-01  1.88230527e-01  8.43542789e-02
  2.93996193e-01 -4.61899131e-01 -1.16930701e+00  1.64190321e-01
 -5.48497709e-02  1.68996779e-01  4.93017545e-01 -5.86148109e-02
  1.17908806e-02 -2.75632017e-01 -6.68878074e-01  6.62760781e-01
  5.47617427e-02 -1.91805522e-01 -3.90673610e-01  4.64181918e-01
  2.66674285e-01 -7.96536259e-01  6.44791104e-01  2.04232586e-01
 -5.69164938e-01  4.05422433e-01  1.92652661e-01 -1.77194388e-01
  2.02648218e-01  3.65843418e-01  3.00239724e-01  3.92723535e-01
 -2.18120113e-01  2.20009157e-01 -1.53263454e-01 -1.51896495e-01
  1.41598384e-01  1.71419810e-02 -6.62543105e-04 -1.15825572e-01
 -8.30620828e-02 -1.80958708e-01  1.92510890e-01 -3.00443837e-01
  1.18885931e-01 -1.71246900e-01  1.92170486e-01 -2.25438205e-01
  4.16843516e-01  2.53630441e-01 -3.04091542e-01  1.74614298e-01
  1.98185367e-01 -1.62325122e-01 -7.85028095e-02  1.74868121e-01
  2.43402649e-02 -3.59210249e-03  1.04342793e-01 -3.11829721e-01
  1.39458276e-01  6.77936588e-02 -2.73842041e-02 -1.02423041e-01
  8.64225345e-02  8.26931735e-02 -3.75007055e-02  8.25575171e-02
 -3.78035788e-02  4.57097955e-02  8.53968308e-02 -1.08159778e-01
  1.89310368e-01 -1.83419684e-01  1.92526066e-01 -2.32503990e-01
 -1.66581635e-01  4.97872800e-02  2.41827675e-02  9.39645415e-02
  2.02788294e-02  5.58733660e-02 -1.34160285e-01  2.95242929e-01
  3.75840965e-02  1.83643021e-02 -1.24495360e-01  3.30730294e-02
 -2.74710852e-01  8.77863763e-02  9.38144803e-02  2.70538190e-02
  3.41404418e-01  2.58829679e-01 -1.01984816e-01  1.12206225e-01
 -3.56103539e-02  1.81327527e-01  2.58521365e-01  8.95276714e-02
 -1.89116500e-01  5.01923155e-02 -4.48459514e-01 -1.58102190e-01
  2.38533202e-01 -9.79133808e-02  4.07959108e-01 -9.65516216e-02
 -1.02448305e-01  3.65067479e-02 -4.92920531e-02  1.01868387e-02
 -5.81026668e-02 -7.86148653e-02 -8.31046590e-02 -2.62651716e-01
  3.93853333e-01  2.12420327e-01 -2.35748248e-01  1.35343591e-01
 -4.12013953e-01  2.00741214e-01 -9.36527021e-02 -4.58194911e-02
  9.76783114e-02  1.42829829e-01  3.10925766e-02 -2.37584193e-01
 -8.44560259e-02 -9.64327235e-02  3.19217586e-02  2.75643831e-02
 -4.35803811e-02  3.09453298e-01 -1.36956960e-01 -1.26124713e-02
  5.03608260e-02  6.50634455e-02  2.71705102e-02  7.00131675e-02
  2.34261612e-01  1.16798391e-01 -8.48515415e-02 -7.58739927e-02
 -4.28975727e-02  1.20473312e-01  2.43511197e-01 -3.36392653e-01
 -1.38209630e-01 -1.17359416e-01  2.29536186e-02 -3.96941332e-01
  1.18040180e-01  2.04441744e-01 -1.94941393e-01 -1.27008625e-01
 -3.29299192e-01 -1.16604936e-01 -3.69569816e-01  4.30557933e-01
  7.62875069e-02  6.30559638e-02  7.48912244e-02 -1.32241742e-01
  2.41091554e-01 -2.00891012e-01  2.33584050e-01 -1.85275670e-01
  1.14376447e-01  4.02501414e-02 -7.23179643e-02  3.28167516e-01
 -7.78109829e-02 -1.93326628e-01 -4.76292296e-02 -1.77722925e-02
  9.77607676e-02  8.24626946e-02 -5.28339171e-02  2.68951856e-02
  5.47000865e-02  2.45230846e-01 -9.14883584e-02 -1.24328509e-01
  6.52458414e-02  1.19120764e-02  3.00001517e-03 -5.41514034e-02
  1.76038778e-01 -1.01773300e-01 -8.37078074e-02 -4.34738065e-02
 -1.04719541e-01  1.30161860e-01 -9.51294448e-02 -3.53647159e-02
 -3.01047400e-02 -1.28419316e-01  5.04783847e-02 -7.23827832e-03
  4.19897834e-02 -6.14921241e-02  7.73465473e-02  4.84171663e-02
  1.57331784e-02  1.20164905e-01 -1.31494448e-01  1.04297430e-01
 -1.58837872e-01  8.03896717e-02  2.00831727e-02  4.41259141e-02
 -4.81866704e-02  9.24121857e-02 -9.08696158e-02 -4.98521006e-02
  3.46414304e-02  4.04145234e-02 -2.53248676e-02  5.54296687e-02
 -2.80067863e-02  9.46571046e-02  1.27220221e-02 -1.41490667e-02
  2.80318628e-02 -7.03332982e-02 -2.23916209e-02 -1.87115666e-02
  9.62108938e-02 -1.01948221e-01  1.60875203e-02  5.98981332e-02
 -3.19998846e-02  2.57309799e-02  1.30593783e-01  6.41991937e-02
 -7.54431984e-02 -1.28939274e-01  3.04471624e-02  3.18861875e-02
  4.43091063e-02  5.77551233e-02  9.01689548e-02 -5.66685884e-02
  6.39174640e-02  4.59047246e-02 -5.08986663e-02 -5.79404419e-02
  2.19607847e-02  3.41261069e-02 -2.99480584e-02  3.24298418e-02
 -2.10562279e-02 -1.45420874e-02  1.23799423e-02  9.25380480e-04
 -1.76254062e-01 -4.29448918e-02  5.21414529e-02 -4.50245743e-02
  7.00644245e-02 -3.94335329e-02 -1.35177038e-01  2.32556273e-02
 -5.81011687e-02  2.45820251e-02 -1.88724080e-02 -1.52016489e-02
 -7.87913709e-03 -3.27587983e-02 -8.11199840e-02  5.91736442e-02
 -3.17442380e-02  2.51822600e-02 -2.22346978e-02  7.58842949e-02
 -3.08040551e-02 -5.53900889e-02 -4.84734397e-02  5.68384338e-02
  3.52544936e-02 -2.46358792e-02  8.03855733e-03]
[[6.81313186e-01 2.64530872e-01 3.40239258e-01 ... 3.93197324e-13
  1.14942817e-19 2.35720399e-06]
 [6.81313186e-01 2.64530872e-01 3.40239258e-01 ... 3.93197324e-13
  1.14942817e-19 2.35720399e-06]
 [6.81313186e-01 2.64530872e-01 3.40239258e-01 ... 3.93197324e-13
  1.14942817e-19 2.35720399e-06]
 ...
 [2.11464231e-01 8.54076567e-01 4.43576363e-01 ... 4.56393317e-14
  5.72919193e-21 1.06602778e-37]
 [2.44971094e-01 8.38688024e-01 4.46272903e-01 ... 1.32820753e-12
  8.05338786e-20 2.35908258e-34]
 [2.80368051e-01 8.13654131e-01 4.43576363e-01 ... 1.77943052e-11
  5.21137468e-19 2.40329012e-31]]
[ 5.91680908e-01 -7.87441308e-01  1.31278809e+01  1.11443240e+00
 -4.46628148e+00  4.65465051e-01 -3.43264453e+00  1.08598299e+00
 -3.49318308e+00 -1.63401668e+00 -1.46982619e+00  2.80876667e+00
 -1.00968801e+00 -2.20101339e+00 -1.32573718e+00  1.59942318e+00
 -1.01276043e+01 -3.58140007e+00  5.47833844e+00 -4.87945933e+00
  3.15745552e+00  8.43485856e+00 -4.60289267e-01  7.63380893e+00
 -2.22245802e+01  2.36445045e-01  1.37940475e+00 -5.27493831e+00
 -7.78138455e+00  1.80926937e+01 -1.09042012e+00  1.77805930e+01
  4.04755635e+00 -1.12440611e+01  5.87871141e+00  4.63803401e+00
  4.07508696e+00  7.52451321e-01  7.04726718e+00  3.15492982e+00
  2.93228899e+00 -6.64478386e-01  4.44200486e-01  2.22120331e-01
 -1.66717778e+00 -1.82821104e+00  4.08604658e+00 -5.20349702e+00
 -5.25859288e-01  1.60019575e+00  2.03466630e+00 -1.68962556e+00
 -1.17406726e+01 -1.05034195e+00 -2.98901143e+00  2.17573390e+00
 -3.72481336e+00 -2.73958565e+00  2.70171709e-01  1.12511035e+01
 -3.25883750e+00 -2.86975809e+00  4.51300524e+00 -4.27960603e+00
  2.20654387e+00  1.75986268e+00 -2.64700774e+01  8.64245593e+00
 -2.01517678e+00  9.52200972e+00 -2.74348754e+00 -5.43219969e+00
 -1.90475138e-01  2.79047867e+00 -4.85003971e+00  4.91408761e+00
 -3.06547568e+00 -2.34811842e+00 -9.64122760e+00 -2.85625158e-01
 -1.25967812e-01  1.92837983e+00  6.86340453e+00  9.67265970e+00
 -7.65860026e+00  1.06843816e+00  4.49422640e+00  2.36131690e+00
 -6.77846919e+00  8.30683801e+00  2.14255658e+00 -2.72457304e-01
 -6.73389490e-01  4.29540285e-01 -4.25867045e-01 -1.28179321e+00
 -3.45440782e+00  6.74030100e-01 -5.50982117e-01  6.64440621e-01
 -1.96676339e+00 -1.30394509e+00 -3.36577488e-01 -5.79448436e-01
 -3.27271286e-01 -5.26534442e-01 -1.20223878e-01 -5.37374521e-01
 -2.12557471e-01  1.29962342e-01  1.96320888e-01  1.49354398e-01
 -6.50793887e-01 -1.15039750e+00  5.00951727e-01 -1.27819138e-01
  8.28851669e-02  4.24986907e-01 -2.98587585e-01  2.04346960e+00
 -1.31962710e+00  4.43495588e-01  1.49754642e+00 -5.27644330e-01
 -1.21065420e+00  8.67523640e-01 -1.65163268e-01  1.15935397e+00
  1.01500377e-01 -9.66866327e-01  3.06388205e-01  1.90922008e+00
 -2.70923518e-01  9.97404205e-01 -2.73500532e-03  1.28612469e+00
 -9.57133285e-01  7.91301612e-01 -2.41854718e+00  2.66360123e+00
  1.23987848e+00  8.21105333e-01  1.38318365e+00 -5.62058258e-01
  3.47415620e-01  3.94342588e-01 -4.06524782e-01  8.33856554e-01
 -1.55718855e+00 -5.60228555e-01 -4.14915237e-01 -1.55811420e+00
  5.48191078e-01  3.08050911e+00 -1.66022133e+00  4.12314687e-01
  5.58996457e-01 -1.35857384e-01 -1.84477168e-01 -1.06921875e-02
  9.27866010e-01 -1.01818977e-01  2.38432820e-01 -2.36576405e-01
 -1.30243732e+00  2.66626240e-02 -8.25631922e-01  9.45217224e-01
  8.47666567e-01 -1.97602120e-01  4.11298210e-02 -3.41945057e-01
  4.76359727e-01  4.69042461e-01 -9.23172284e-02  4.91077173e-01
  1.63696395e-01 -4.96487435e-01 -1.16092860e-01  2.03467035e-03
 -9.10714474e-02  2.50583506e-01  6.20281853e-01  4.71803601e-01
  5.02122693e-03  2.53983241e-02  2.34412919e-01 -7.46752112e-02
 -9.87435587e-03 -2.63866299e-01  4.63633295e-01 -2.67913687e-01
  3.47864333e-02 -2.59328569e-03 -3.61238176e-02 -1.07048927e+00
 -1.13342640e-01 -2.59621801e-02 -2.97929746e-01  5.62567307e-02
  4.54662051e-01 -4.36810875e-01 -2.41594344e-02  5.16651921e-01
 -2.15257119e-01 -4.26155129e-01 -3.31152416e-01  7.53451120e-02
  1.05610131e-01  7.85598583e-03 -5.84940314e-02  1.09330626e-01
  1.99774779e-01  9.38758041e-01 -1.79133489e-01 -7.46083306e-01
  1.16412094e+00 -6.05944735e-01  1.24245956e-02 -3.94809045e-01
 -4.09550139e-01 -4.36718615e-01 -6.35073221e-01 -4.80022519e-02
  7.33799561e-02 -2.51375751e-01  1.88230527e-01  8.43542789e-02
  2.93996193e-01 -4.61899131e-01 -1.16930701e+00  1.64190321e-01
 -5.48497709e-02  1.68996779e-01  4.93017545e-01 -5.86148109e-02
  1.17908806e-02 -2.75632017e-01 -6.68878074e-01  6.62760781e-01
  5.47617427e-02 -1.91805522e-01 -3.90673610e-01  4.64181918e-01
  2.66674285e-01 -7.96536259e-01  6.44791104e-01  2.04232586e-01
 -5.69164938e-01  4.05422433e-01  1.92652661e-01 -1.77194388e-01
  2.02648218e-01  3.65843418e-01  3.00239724e-01  3.92723535e-01
 -2.18120113e-01  2.20009157e-01 -1.53263454e-01 -1.51896495e-01
  1.41598384e-01  1.71419810e-02 -6.62543105e-04 -1.15825572e-01
 -8.30620828e-02 -1.80958708e-01  1.92510890e-01 -3.00443837e-01
  1.18885931e-01 -1.71246900e-01  1.92170486e-01 -2.25438205e-01
  4.16843516e-01  2.53630441e-01 -3.04091542e-01  1.74614298e-01
  1.98185367e-01 -1.62325122e-01 -7.85028095e-02  1.74868121e-01
  2.43402649e-02 -3.59210249e-03  1.04342793e-01 -3.11829721e-01
  1.39458276e-01  6.77936588e-02 -2.73842041e-02 -1.02423041e-01
  8.64225345e-02  8.26931735e-02 -3.75007055e-02  8.25575171e-02
 -3.78035788e-02  4.57097955e-02  8.53968308e-02 -1.08159778e-01
  1.89310368e-01 -1.83419684e-01  1.92526066e-01 -2.32503990e-01
 -1.66581635e-01  4.97872800e-02  2.41827675e-02  9.39645415e-02
  2.02788294e-02  5.58733660e-02 -1.34160285e-01  2.95242929e-01
  3.75840965e-02  1.83643021e-02 -1.24495360e-01  3.30730294e-02
 -2.74710852e-01  8.77863763e-02  9.38144803e-02  2.70538190e-02
  3.41404418e-01  2.58829679e-01 -1.01984816e-01  1.12206225e-01
 -3.56103539e-02  1.81327527e-01  2.58521365e-01  8.95276714e-02
 -1.89116500e-01  5.01923155e-02 -4.48459514e-01 -1.58102190e-01
  2.38533202e-01 -9.79133808e-02  4.07959108e-01 -9.65516216e-02
 -1.02448305e-01  3.65067479e-02 -4.92920531e-02  1.01868387e-02
 -5.81026668e-02 -7.86148653e-02 -8.31046590e-02 -2.62651716e-01
  3.93853333e-01  2.12420327e-01 -2.35748248e-01  1.35343591e-01
 -4.12013953e-01  2.00741214e-01 -9.36527021e-02 -4.58194911e-02
  9.76783114e-02  1.42829829e-01  3.10925766e-02 -2.37584193e-01
 -8.44560259e-02 -9.64327235e-02  3.19217586e-02  2.75643831e-02
 -4.35803811e-02  3.09453298e-01 -1.36956960e-01 -1.26124713e-02
  5.03608260e-02  6.50634455e-02  2.71705102e-02  7.00131675e-02
  2.34261612e-01  1.16798391e-01 -8.48515415e-02 -7.58739927e-02
 -4.28975727e-02  1.20473312e-01  2.43511197e-01 -3.36392653e-01
 -1.38209630e-01 -1.17359416e-01  2.29536186e-02 -3.96941332e-01
  1.18040180e-01  2.04441744e-01 -1.94941393e-01 -1.27008625e-01
 -3.29299192e-01 -1.16604936e-01 -3.69569816e-01  4.30557933e-01
  7.62875069e-02  6.30559638e-02  7.48912244e-02 -1.32241742e-01
  2.41091554e-01 -2.00891012e-01  2.33584050e-01 -1.85275670e-01
  1.14376447e-01  4.02501414e-02 -7.23179643e-02  3.28167516e-01
 -7.78109829e-02 -1.93326628e-01 -4.76292296e-02 -1.77722925e-02
  9.77607676e-02  8.24626946e-02 -5.28339171e-02  2.68951856e-02
  5.47000865e-02  2.45230846e-01 -9.14883584e-02 -1.24328509e-01
  6.52458414e-02  1.19120764e-02  3.00001517e-03 -5.41514034e-02
  1.76038778e-01 -1.01773300e-01 -8.37078074e-02 -4.34738065e-02
 -1.04719541e-01  1.30161860e-01 -9.51294448e-02 -3.53647159e-02
 -3.01047400e-02 -1.28419316e-01  5.04783847e-02 -7.23827832e-03
  4.19897834e-02 -6.14921241e-02  7.73465473e-02  4.84171663e-02
  1.57331784e-02  1.20164905e-01 -1.31494448e-01  1.04297430e-01
 -1.58837872e-01  8.03896717e-02  2.00831727e-02  4.41259141e-02
 -4.81866704e-02  9.24121857e-02 -9.08696158e-02 -4.98521006e-02
  3.46414304e-02  4.04145234e-02 -2.53248676e-02  5.54296687e-02
 -2.80067863e-02  9.46571046e-02  1.27220221e-02 -1.41490667e-02
  2.80318628e-02 -7.03332982e-02 -2.23916209e-02 -1.87115666e-02
  9.62108938e-02 -1.01948221e-01  1.60875203e-02  5.98981332e-02
 -3.19998846e-02  2.57309799e-02  1.30593783e-01  6.41991937e-02
 -7.54431984e-02 -1.28939274e-01  3.04471624e-02  3.18861875e-02
  4.43091063e-02  5.77551233e-02  9.01689548e-02 -5.66685884e-02
  6.39174640e-02  4.59047246e-02 -5.08986663e-02 -5.79404419e-02
  2.19607847e-02  3.41261069e-02 -2.99480584e-02  3.24298418e-02
 -2.10562279e-02 -1.45420874e-02  1.23799423e-02  9.25380480e-04
 -1.76254062e-01 -4.29448918e-02  5.21414529e-02 -4.50245743e-02
  7.00644245e-02 -3.94335329e-02 -1.35177038e-01  2.32556273e-02
 -5.81011687e-02  2.45820251e-02 -1.88724080e-02 -1.52016489e-02
 -7.87913709e-03 -3.27587983e-02 -8.11199840e-02  5.91736442e-02
 -3.17442380e-02  2.51822600e-02 -2.22346978e-02  7.58842949e-02
 -3.08040551e-02 -5.53900889e-02 -4.84734397e-02  5.68384338e-02
  3.52544936e-02 -2.46358792e-02  8.03855733e-03  3.35158712e-01
  8.65452246e-02  2.61493823e-01 -2.53965509e-01  1.40028701e-01
 -6.62546693e-02 -3.82869397e-02 -3.22350095e-01 -3.61765731e-01
  5.11065084e-02 -1.11284516e-02  6.64458326e-02  8.52798036e-02
  4.61471879e-02 -2.91833467e-02  1.09019647e-02  1.00186403e-02
 -3.72881234e-02 -1.03927683e-02 -3.40579531e-02  6.69972140e-02
 -2.17280723e-02  1.51089562e-01 -4.23831634e-02  7.25666321e-03
  6.14834852e-02 -1.74821235e-01  6.83284993e-02 -5.56860100e-02
  3.79926236e-02  8.86731179e-03  3.44602198e-02 -2.75867931e-01
 -1.35664570e-01 -4.60883802e-02 -1.14129725e-02 -1.22118102e-01
  1.26937709e-01  1.49273229e-02 -5.66557075e-02 -1.43645709e-02
  2.32594889e-01  3.31000568e-02 -4.01989393e-02  5.41608116e-03
  6.46926490e-02  3.63026983e-02 -8.24416610e-02  7.72045092e-02
 -4.93863802e-02  1.95862026e-02 -8.08326533e-02  4.73675247e-02
  4.74615428e-02  2.47473851e-02  1.64547200e-01 -5.49105856e-02
 -5.72892290e-02  1.41330126e-02 -2.15887261e-02  9.40356867e-03
 -1.04048120e-02 -1.00894492e-01  6.74995689e-02  1.79273687e-01
  4.53039516e-02 -1.73867522e-02 -1.34533411e-02 -4.68197825e-02
  3.46972075e-02 -3.31979438e-02  2.76003116e-02 -1.97004982e-02
 -1.26857316e-02  3.55531233e-02  5.01233488e-02  4.25063869e-02
 -2.86405094e-01  3.05206885e-01 -1.19531601e-01  4.12732804e-02
  6.90420119e-02 -8.18523341e-02  1.39481487e-02 -9.39286528e-03
 -2.86343005e-02 -8.89331467e-03  4.93866215e-03  2.48442048e-02
  1.37555384e-01  4.96459415e-02 -2.53516585e-02  2.70913127e-02
 -2.79402561e-02  2.69931949e-02 -3.48927773e-02  1.79748404e-01
 -3.48339377e-01  2.38943186e-01 -1.40219235e-01  7.64579699e-02
 -3.53444043e-02 -1.11164341e-01  6.23648182e-03  6.55374091e-03
 -1.21732722e-02 -3.96497991e-02  2.37350411e-02  2.54636625e-02
  2.80116540e-02  2.49012704e-02 -2.82740577e-02  1.90001210e-01
  2.23714383e-02 -9.55996678e-03 -3.13769469e-02 -2.84012481e-01
  1.74114871e-01 -8.66174480e-02  5.99107102e-02 -5.72902834e-02
 -2.65132876e-02 -2.33627562e-02 -1.81334794e-02]
[[6.81313186e-01 2.64530872e-01 3.40239258e-01 ... 3.69878544e-10
  8.55775338e-12 1.05734705e-16]
 [6.81313186e-01 2.64530872e-01 3.40239258e-01 ... 3.69878544e-10
  8.55775338e-12 1.05734705e-16]
 [6.81313186e-01 2.64530872e-01 3.40239258e-01 ... 3.69878544e-10
  8.55775338e-12 1.05734705e-16]
 ...
 [2.11464231e-01 8.54076567e-01 4.43576363e-01 ... 2.60221733e-53
  3.49281389e-47 1.10126165e-33]
 [2.44971094e-01 8.38688024e-01 4.46272903e-01 ... 1.27436197e-46
  4.15570144e-41 1.31026582e-27]
 [2.80368051e-01 8.13654131e-01 4.43576363e-01 ... 1.32257077e-40
  1.04782827e-35 3.30373483e-22]]
[ 5.91680908e-01 -7.87441308e-01  1.31278809e+01  1.11443240e+00
 -4.46628148e+00  4.65465051e-01 -3.43264453e+00  1.08598299e+00
 -3.49318308e+00 -1.63401668e+00 -1.46982619e+00  2.80876667e+00
 -1.00968801e+00 -2.20101339e+00 -1.32573718e+00  1.59942318e+00
 -1.01276043e+01 -3.58140007e+00  5.47833844e+00 -4.87945933e+00
  3.15745552e+00  8.43485856e+00 -4.60289267e-01  7.63380893e+00
 -2.22245802e+01  2.36445045e-01  1.37940475e+00 -5.27493831e+00
 -7.78138455e+00  1.80926937e+01 -1.09042012e+00  1.77805930e+01
  4.04755635e+00 -1.12440611e+01  5.87871141e+00  4.63803401e+00
  4.07508696e+00  7.52451321e-01  7.04726718e+00  3.15492982e+00
  2.93228899e+00 -6.64478386e-01  4.44200486e-01  2.22120331e-01
 -1.66717778e+00 -1.82821104e+00  4.08604658e+00 -5.20349702e+00
 -5.25859288e-01  1.60019575e+00  2.03466630e+00 -1.68962556e+00
 -1.17406726e+01 -1.05034195e+00 -2.98901143e+00  2.17573390e+00
 -3.72481336e+00 -2.73958565e+00  2.70171709e-01  1.12511035e+01
 -3.25883750e+00 -2.86975809e+00  4.51300524e+00 -4.27960603e+00
  2.20654387e+00  1.75986268e+00 -2.64700774e+01  8.64245593e+00
 -2.01517678e+00  9.52200972e+00 -2.74348754e+00 -5.43219969e+00
 -1.90475138e-01  2.79047867e+00 -4.85003971e+00  4.91408761e+00
 -3.06547568e+00 -2.34811842e+00 -9.64122760e+00 -2.85625158e-01
 -1.25967812e-01  1.92837983e+00  6.86340453e+00  9.67265970e+00
 -7.65860026e+00  1.06843816e+00  4.49422640e+00  2.36131690e+00
 -6.77846919e+00  8.30683801e+00  2.14255658e+00 -2.72457304e-01
 -6.73389490e-01  4.29540285e-01 -4.25867045e-01 -1.28179321e+00
 -3.45440782e+00  6.74030100e-01 -5.50982117e-01  6.64440621e-01
 -1.96676339e+00 -1.30394509e+00 -3.36577488e-01 -5.79448436e-01
 -3.27271286e-01 -5.26534442e-01 -1.20223878e-01 -5.37374521e-01
 -2.12557471e-01  1.29962342e-01  1.96320888e-01  1.49354398e-01
 -6.50793887e-01 -1.15039750e+00  5.00951727e-01 -1.27819138e-01
  8.28851669e-02  4.24986907e-01 -2.98587585e-01  2.04346960e+00
 -1.31962710e+00  4.43495588e-01  1.49754642e+00 -5.27644330e-01
 -1.21065420e+00  8.67523640e-01 -1.65163268e-01  1.15935397e+00
  1.01500377e-01 -9.66866327e-01  3.06388205e-01  1.90922008e+00
 -2.70923518e-01  9.97404205e-01 -2.73500532e-03  1.28612469e+00
 -9.57133285e-01  7.91301612e-01 -2.41854718e+00  2.66360123e+00
  1.23987848e+00  8.21105333e-01  1.38318365e+00 -5.62058258e-01
  3.47415620e-01  3.94342588e-01 -4.06524782e-01  8.33856554e-01
 -1.55718855e+00 -5.60228555e-01 -4.14915237e-01 -1.55811420e+00
  5.48191078e-01  3.08050911e+00 -1.66022133e+00  4.12314687e-01
  5.58996457e-01 -1.35857384e-01 -1.84477168e-01 -1.06921875e-02
  9.27866010e-01 -1.01818977e-01  2.38432820e-01 -2.36576405e-01
 -1.30243732e+00  2.66626240e-02 -8.25631922e-01  9.45217224e-01
  8.47666567e-01 -1.97602120e-01  4.11298210e-02 -3.41945057e-01
  4.76359727e-01  4.69042461e-01 -9.23172284e-02  4.91077173e-01
  1.63696395e-01 -4.96487435e-01 -1.16092860e-01  2.03467035e-03
 -9.10714474e-02  2.50583506e-01  6.20281853e-01  4.71803601e-01
  5.02122693e-03  2.53983241e-02  2.34412919e-01 -7.46752112e-02
 -9.87435587e-03 -2.63866299e-01  4.63633295e-01 -2.67913687e-01
  3.47864333e-02 -2.59328569e-03 -3.61238176e-02 -1.07048927e+00
 -1.13342640e-01 -2.59621801e-02 -2.97929746e-01  5.62567307e-02
  4.54662051e-01 -4.36810875e-01 -2.41594344e-02  5.16651921e-01
 -2.15257119e-01 -4.26155129e-01 -3.31152416e-01  7.53451120e-02
  1.05610131e-01  7.85598583e-03 -5.84940314e-02  1.09330626e-01
  1.99774779e-01  9.38758041e-01 -1.79133489e-01 -7.46083306e-01
  1.16412094e+00 -6.05944735e-01  1.24245956e-02 -3.94809045e-01
 -4.09550139e-01 -4.36718615e-01 -6.35073221e-01 -4.80022519e-02
  7.33799561e-02 -2.51375751e-01  1.88230527e-01  8.43542789e-02
  2.93996193e-01 -4.61899131e-01 -1.16930701e+00  1.64190321e-01
 -5.48497709e-02  1.68996779e-01  4.93017545e-01 -5.86148109e-02
  1.17908806e-02 -2.75632017e-01 -6.68878074e-01  6.62760781e-01
  5.47617427e-02 -1.91805522e-01 -3.90673610e-01  4.64181918e-01
  2.66674285e-01 -7.96536259e-01  6.44791104e-01  2.04232586e-01
 -5.69164938e-01  4.05422433e-01  1.92652661e-01 -1.77194388e-01
  2.02648218e-01  3.65843418e-01  3.00239724e-01  3.92723535e-01
 -2.18120113e-01  2.20009157e-01 -1.53263454e-01 -1.51896495e-01
  1.41598384e-01  1.71419810e-02 -6.62543105e-04 -1.15825572e-01
 -8.30620828e-02 -1.80958708e-01  1.92510890e-01 -3.00443837e-01
  1.18885931e-01 -1.71246900e-01  1.92170486e-01 -2.25438205e-01
  4.16843516e-01  2.53630441e-01 -3.04091542e-01  1.74614298e-01
  1.98185367e-01 -1.62325122e-01 -7.85028095e-02  1.74868121e-01
  2.43402649e-02 -3.59210249e-03  1.04342793e-01 -3.11829721e-01
  1.39458276e-01  6.77936588e-02 -2.73842041e-02 -1.02423041e-01
  8.64225345e-02  8.26931735e-02 -3.75007055e-02  8.25575171e-02
 -3.78035788e-02  4.57097955e-02  8.53968308e-02 -1.08159778e-01
  1.89310368e-01 -1.83419684e-01  1.92526066e-01 -2.32503990e-01
 -1.66581635e-01  4.97872800e-02  2.41827675e-02  9.39645415e-02
  2.02788294e-02  5.58733660e-02 -1.34160285e-01  2.95242929e-01
  3.75840965e-02  1.83643021e-02 -1.24495360e-01  3.30730294e-02
 -2.74710852e-01  8.77863763e-02  9.38144803e-02  2.70538190e-02
  3.41404418e-01  2.58829679e-01 -1.01984816e-01  1.12206225e-01
 -3.56103539e-02  1.81327527e-01  2.58521365e-01  8.95276714e-02
 -1.89116500e-01  5.01923155e-02 -4.48459514e-01 -1.58102190e-01
  2.38533202e-01 -9.79133808e-02  4.07959108e-01 -9.65516216e-02
 -1.02448305e-01  3.65067479e-02 -4.92920531e-02  1.01868387e-02
 -5.81026668e-02 -7.86148653e-02 -8.31046590e-02 -2.62651716e-01
  3.93853333e-01  2.12420327e-01 -2.35748248e-01  1.35343591e-01
 -4.12013953e-01  2.00741214e-01 -9.36527021e-02 -4.58194911e-02
  9.76783114e-02  1.42829829e-01  3.10925766e-02 -2.37584193e-01
 -8.44560259e-02 -9.64327235e-02  3.19217586e-02  2.75643831e-02
 -4.35803811e-02  3.09453298e-01 -1.36956960e-01 -1.26124713e-02
  5.03608260e-02  6.50634455e-02  2.71705102e-02  7.00131675e-02
  2.34261612e-01  1.16798391e-01 -8.48515415e-02 -7.58739927e-02
 -4.28975727e-02  1.20473312e-01  2.43511197e-01 -3.36392653e-01
 -1.38209630e-01 -1.17359416e-01  2.29536186e-02 -3.96941332e-01
  1.18040180e-01  2.04441744e-01 -1.94941393e-01 -1.27008625e-01
 -3.29299192e-01 -1.16604936e-01 -3.69569816e-01  4.30557933e-01
  7.62875069e-02  6.30559638e-02  7.48912244e-02 -1.32241742e-01
  2.41091554e-01 -2.00891012e-01  2.33584050e-01 -1.85275670e-01
  1.14376447e-01  4.02501414e-02 -7.23179643e-02  3.28167516e-01
 -7.78109829e-02 -1.93326628e-01 -4.76292296e-02 -1.77722925e-02
  9.77607676e-02  8.24626946e-02 -5.28339171e-02  2.68951856e-02
  5.47000865e-02  2.45230846e-01 -9.14883584e-02 -1.24328509e-01
  6.52458414e-02  1.19120764e-02  3.00001517e-03 -5.41514034e-02
  1.76038778e-01 -1.01773300e-01 -8.37078074e-02 -4.34738065e-02
 -1.04719541e-01  1.30161860e-01 -9.51294448e-02 -3.53647159e-02
 -3.01047400e-02 -1.28419316e-01  5.04783847e-02 -7.23827832e-03
  4.19897834e-02 -6.14921241e-02  7.73465473e-02  4.84171663e-02
  1.57331784e-02  1.20164905e-01 -1.31494448e-01  1.04297430e-01
 -1.58837872e-01  8.03896717e-02  2.00831727e-02  4.41259141e-02
 -4.81866704e-02  9.24121857e-02 -9.08696158e-02 -4.98521006e-02
  3.46414304e-02  4.04145234e-02 -2.53248676e-02  5.54296687e-02
 -2.80067863e-02  9.46571046e-02  1.27220221e-02 -1.41490667e-02
  2.80318628e-02 -7.03332982e-02 -2.23916209e-02 -1.87115666e-02
  9.62108938e-02 -1.01948221e-01  1.60875203e-02  5.98981332e-02
 -3.19998846e-02  2.57309799e-02  1.30593783e-01  6.41991937e-02
 -7.54431984e-02 -1.28939274e-01  3.04471624e-02  3.18861875e-02
  4.43091063e-02  5.77551233e-02  9.01689548e-02 -5.66685884e-02
  6.39174640e-02  4.59047246e-02 -5.08986663e-02 -5.79404419e-02
  2.19607847e-02  3.41261069e-02 -2.99480584e-02  3.24298418e-02
 -2.10562279e-02 -1.45420874e-02  1.23799423e-02  9.25380480e-04
 -1.76254062e-01 -4.29448918e-02  5.21414529e-02 -4.50245743e-02
  7.00644245e-02 -3.94335329e-02 -1.35177038e-01  2.32556273e-02
 -5.81011687e-02  2.45820251e-02 -1.88724080e-02 -1.52016489e-02
 -7.87913709e-03 -3.27587983e-02 -8.11199840e-02  5.91736442e-02
 -3.17442380e-02  2.51822600e-02 -2.22346978e-02  7.58842949e-02
 -3.08040551e-02 -5.53900889e-02 -4.84734397e-02  5.68384338e-02
  3.52544936e-02 -2.46358792e-02  8.03855733e-03  3.35158712e-01
  8.65452246e-02  2.61493823e-01 -2.53965509e-01  1.40028701e-01
 -6.62546693e-02 -3.82869397e-02 -3.22350095e-01 -3.61765731e-01
  5.11065084e-02 -1.11284516e-02  6.64458326e-02  8.52798036e-02
  4.61471879e-02 -2.91833467e-02  1.09019647e-02  1.00186403e-02
 -3.72881234e-02 -1.03927683e-02 -3.40579531e-02  6.69972140e-02
 -2.17280723e-02  1.51089562e-01 -4.23831634e-02  7.25666321e-03
  6.14834852e-02 -1.74821235e-01  6.83284993e-02 -5.56860100e-02
  3.79926236e-02  8.86731179e-03  3.44602198e-02 -2.75867931e-01
 -1.35664570e-01 -4.60883802e-02 -1.14129725e-02 -1.22118102e-01
  1.26937709e-01  1.49273229e-02 -5.66557075e-02 -1.43645709e-02
  2.32594889e-01  3.31000568e-02 -4.01989393e-02  5.41608116e-03
  6.46926490e-02  3.63026983e-02 -8.24416610e-02  7.72045092e-02
 -4.93863802e-02  1.95862026e-02 -8.08326533e-02  4.73675247e-02
  4.74615428e-02  2.47473851e-02  1.64547200e-01 -5.49105856e-02
 -5.72892290e-02  1.41330126e-02 -2.15887261e-02  9.40356867e-03
 -1.04048120e-02 -1.00894492e-01  6.74995689e-02  1.79273687e-01
  4.53039516e-02 -1.73867522e-02 -1.34533411e-02 -4.68197825e-02
  3.46972075e-02 -3.31979438e-02  2.76003116e-02 -1.97004982e-02
 -1.26857316e-02  3.55531233e-02  5.01233488e-02  4.25063869e-02
 -2.86405094e-01  3.05206885e-01 -1.19531601e-01  4.12732804e-02
  6.90420119e-02 -8.18523341e-02  1.39481487e-02 -9.39286528e-03
 -2.86343005e-02 -8.89331467e-03  4.93866215e-03  2.48442048e-02
  1.37555384e-01  4.96459415e-02 -2.53516585e-02  2.70913127e-02
 -2.79402561e-02  2.69931949e-02 -3.48927773e-02  1.79748404e-01
 -3.48339377e-01  2.38943186e-01 -1.40219235e-01  7.64579699e-02
 -3.53444043e-02 -1.11164341e-01  6.23648182e-03  6.55374091e-03
 -1.21732722e-02 -3.96497991e-02  2.37350411e-02  2.54636625e-02
  2.80116540e-02  2.49012704e-02 -2.82740577e-02  1.90001210e-01
  2.23714383e-02 -9.55996678e-03 -3.13769469e-02 -2.84012481e-01
  1.74114871e-01 -8.66174480e-02  5.99107102e-02 -5.72902834e-02
 -2.65132876e-02 -2.33627562e-02 -1.81334794e-02  1.24277353e-01
 -1.53252951e-01 -4.08270593e-01  6.19025833e-03  2.07548807e-01
 -1.68519383e-01  1.07311195e-01 -1.51970575e-01  5.30313842e-02
 -4.57435805e-01 -1.49088913e-01  1.11511954e-01  4.43906875e-01
  2.00786564e-01 -1.65392794e-01  1.12832758e-01 -3.92429349e-02
  1.07557373e-01 -3.85398537e-02 -4.46257877e-01  1.11864833e-01
  4.06475887e-01 -3.38189281e-01  5.11157329e-02  5.26675386e-02
 -3.59570038e-01 -2.57176038e-01  9.49322298e-02  3.65707716e-01
 -1.74883998e-01 -1.12600707e-01 -1.38166537e-01  5.15450430e-02
 -3.01046603e-01  8.73904899e-02  3.44546262e-01 -2.03416182e-02
 -2.73864756e-02  3.95856804e-02  4.51654211e-02  4.14390828e-02
  7.43995657e-02  2.68536723e-01 -2.66264571e-01  7.01643259e-02
  1.58318954e-01 -3.92784225e-02 -2.58989233e-02 -1.18302077e-01
  6.43261346e-02  1.80029025e-01 -3.42863909e-01 -4.26883506e-02
 -9.55235703e-02 -3.78341929e-01  9.65522063e-02  3.28171860e-01
 -1.97191302e-02 -3.75388160e-01  3.93626945e-01  9.06575647e-02
 -1.45535039e-01  3.56236129e-02 -1.80906712e-02 -1.22264180e-01
  8.15002915e-02  3.37227159e-01 -1.83063733e-02 -4.02412044e-01
  1.02602515e-01  3.69816643e-01 -3.65830470e-01  9.28652033e-02
  3.23524117e-01 -3.61812891e-02 -3.53389521e-01  3.90116377e-01
  8.45722041e-02 -1.68682390e-01 -1.37190956e-01 -4.33117625e-01
  1.10567225e-01  4.01913110e-01 -1.07055177e-01  3.25060929e-02
  4.07918108e-02 -3.51747901e-02  8.35500329e-02  3.41781616e-01
 -1.26449698e-01 -1.03251378e-01]
[[6.81313186e-001 2.64530872e-001 3.40239258e-001 ... 2.85881775e-014
  1.71841488e-019 1.32080244e-021]
 [6.81313186e-001 2.64530872e-001 3.40239258e-001 ... 2.85881775e-014
  1.71841488e-019 1.32080244e-021]
 [6.81313186e-001 2.64530872e-001 3.40239258e-001 ... 2.85881775e-014
  1.71841488e-019 1.32080244e-021]
 ...
 [2.11464231e-001 8.54076567e-001 4.43576363e-001 ... 4.86698477e-138
  1.01435284e-098 1.16565963e-085]
 [2.44971094e-001 8.38688024e-001 4.46272903e-001 ... 1.09650007e-121
  3.86506428e-084 2.79556912e-072]
 [2.80368051e-001 8.13654131e-001 4.43576363e-001 ... 1.10945859e-106
  6.61421255e-071 3.01108120e-060]]
[ 5.91680908e-01 -7.87441308e-01  1.31278809e+01  1.11443240e+00
 -4.46628148e+00  4.65465051e-01 -3.43264453e+00  1.08598299e+00
 -3.49318308e+00 -1.63401668e+00 -1.46982619e+00  2.80876667e+00
 -1.00968801e+00 -2.20101339e+00 -1.32573718e+00  1.59942318e+00
 -1.01276043e+01 -3.58140007e+00  5.47833844e+00 -4.87945933e+00
  3.15745552e+00  8.43485856e+00 -4.60289267e-01  7.63380893e+00
 -2.22245802e+01  2.36445045e-01  1.37940475e+00 -5.27493831e+00
 -7.78138455e+00  1.80926937e+01 -1.09042012e+00  1.77805930e+01
  4.04755635e+00 -1.12440611e+01  5.87871141e+00  4.63803401e+00
  4.07508696e+00  7.52451321e-01  7.04726718e+00  3.15492982e+00
  2.93228899e+00 -6.64478386e-01  4.44200486e-01  2.22120331e-01
 -1.66717778e+00 -1.82821104e+00  4.08604658e+00 -5.20349702e+00
 -5.25859288e-01  1.60019575e+00  2.03466630e+00 -1.68962556e+00
 -1.17406726e+01 -1.05034195e+00 -2.98901143e+00  2.17573390e+00
 -3.72481336e+00 -2.73958565e+00  2.70171709e-01  1.12511035e+01
 -3.25883750e+00 -2.86975809e+00  4.51300524e+00 -4.27960603e+00
  2.20654387e+00  1.75986268e+00 -2.64700774e+01  8.64245593e+00
 -2.01517678e+00  9.52200972e+00 -2.74348754e+00 -5.43219969e+00
 -1.90475138e-01  2.79047867e+00 -4.85003971e+00  4.91408761e+00
 -3.06547568e+00 -2.34811842e+00 -9.64122760e+00 -2.85625158e-01
 -1.25967812e-01  1.92837983e+00  6.86340453e+00  9.67265970e+00
 -7.65860026e+00  1.06843816e+00  4.49422640e+00  2.36131690e+00
 -6.77846919e+00  8.30683801e+00  2.14255658e+00 -2.72457304e-01
 -6.73389490e-01  4.29540285e-01 -4.25867045e-01 -1.28179321e+00
 -3.45440782e+00  6.74030100e-01 -5.50982117e-01  6.64440621e-01
 -1.96676339e+00 -1.30394509e+00 -3.36577488e-01 -5.79448436e-01
 -3.27271286e-01 -5.26534442e-01 -1.20223878e-01 -5.37374521e-01
 -2.12557471e-01  1.29962342e-01  1.96320888e-01  1.49354398e-01
 -6.50793887e-01 -1.15039750e+00  5.00951727e-01 -1.27819138e-01
  8.28851669e-02  4.24986907e-01 -2.98587585e-01  2.04346960e+00
 -1.31962710e+00  4.43495588e-01  1.49754642e+00 -5.27644330e-01
 -1.21065420e+00  8.67523640e-01 -1.65163268e-01  1.15935397e+00
  1.01500377e-01 -9.66866327e-01  3.06388205e-01  1.90922008e+00
 -2.70923518e-01  9.97404205e-01 -2.73500532e-03  1.28612469e+00
 -9.57133285e-01  7.91301612e-01 -2.41854718e+00  2.66360123e+00
  1.23987848e+00  8.21105333e-01  1.38318365e+00 -5.62058258e-01
  3.47415620e-01  3.94342588e-01 -4.06524782e-01  8.33856554e-01
 -1.55718855e+00 -5.60228555e-01 -4.14915237e-01 -1.55811420e+00
  5.48191078e-01  3.08050911e+00 -1.66022133e+00  4.12314687e-01
  5.58996457e-01 -1.35857384e-01 -1.84477168e-01 -1.06921875e-02
  9.27866010e-01 -1.01818977e-01  2.38432820e-01 -2.36576405e-01
 -1.30243732e+00  2.66626240e-02 -8.25631922e-01  9.45217224e-01
  8.47666567e-01 -1.97602120e-01  4.11298210e-02 -3.41945057e-01
  4.76359727e-01  4.69042461e-01 -9.23172284e-02  4.91077173e-01
  1.63696395e-01 -4.96487435e-01 -1.16092860e-01  2.03467035e-03
 -9.10714474e-02  2.50583506e-01  6.20281853e-01  4.71803601e-01
  5.02122693e-03  2.53983241e-02  2.34412919e-01 -7.46752112e-02
 -9.87435587e-03 -2.63866299e-01  4.63633295e-01 -2.67913687e-01
  3.47864333e-02 -2.59328569e-03 -3.61238176e-02 -1.07048927e+00
 -1.13342640e-01 -2.59621801e-02 -2.97929746e-01  5.62567307e-02
  4.54662051e-01 -4.36810875e-01 -2.41594344e-02  5.16651921e-01
 -2.15257119e-01 -4.26155129e-01 -3.31152416e-01  7.53451120e-02
  1.05610131e-01  7.85598583e-03 -5.84940314e-02  1.09330626e-01
  1.99774779e-01  9.38758041e-01 -1.79133489e-01 -7.46083306e-01
  1.16412094e+00 -6.05944735e-01  1.24245956e-02 -3.94809045e-01
 -4.09550139e-01 -4.36718615e-01 -6.35073221e-01 -4.80022519e-02
  7.33799561e-02 -2.51375751e-01  1.88230527e-01  8.43542789e-02
  2.93996193e-01 -4.61899131e-01 -1.16930701e+00  1.64190321e-01
 -5.48497709e-02  1.68996779e-01  4.93017545e-01 -5.86148109e-02
  1.17908806e-02 -2.75632017e-01 -6.68878074e-01  6.62760781e-01
  5.47617427e-02 -1.91805522e-01 -3.90673610e-01  4.64181918e-01
  2.66674285e-01 -7.96536259e-01  6.44791104e-01  2.04232586e-01
 -5.69164938e-01  4.05422433e-01  1.92652661e-01 -1.77194388e-01
  2.02648218e-01  3.65843418e-01  3.00239724e-01  3.92723535e-01
 -2.18120113e-01  2.20009157e-01 -1.53263454e-01 -1.51896495e-01
  1.41598384e-01  1.71419810e-02 -6.62543105e-04 -1.15825572e-01
 -8.30620828e-02 -1.80958708e-01  1.92510890e-01 -3.00443837e-01
  1.18885931e-01 -1.71246900e-01  1.92170486e-01 -2.25438205e-01
  4.16843516e-01  2.53630441e-01 -3.04091542e-01  1.74614298e-01
  1.98185367e-01 -1.62325122e-01 -7.85028095e-02  1.74868121e-01
  2.43402649e-02 -3.59210249e-03  1.04342793e-01 -3.11829721e-01
  1.39458276e-01  6.77936588e-02 -2.73842041e-02 -1.02423041e-01
  8.64225345e-02  8.26931735e-02 -3.75007055e-02  8.25575171e-02
 -3.78035788e-02  4.57097955e-02  8.53968308e-02 -1.08159778e-01
  1.89310368e-01 -1.83419684e-01  1.92526066e-01 -2.32503990e-01
 -1.66581635e-01  4.97872800e-02  2.41827675e-02  9.39645415e-02
  2.02788294e-02  5.58733660e-02 -1.34160285e-01  2.95242929e-01
  3.75840965e-02  1.83643021e-02 -1.24495360e-01  3.30730294e-02
 -2.74710852e-01  8.77863763e-02  9.38144803e-02  2.70538190e-02
  3.41404418e-01  2.58829679e-01 -1.01984816e-01  1.12206225e-01
 -3.56103539e-02  1.81327527e-01  2.58521365e-01  8.95276714e-02
 -1.89116500e-01  5.01923155e-02 -4.48459514e-01 -1.58102190e-01
  2.38533202e-01 -9.79133808e-02  4.07959108e-01 -9.65516216e-02
 -1.02448305e-01  3.65067479e-02 -4.92920531e-02  1.01868387e-02
 -5.81026668e-02 -7.86148653e-02 -8.31046590e-02 -2.62651716e-01
  3.93853333e-01  2.12420327e-01 -2.35748248e-01  1.35343591e-01
 -4.12013953e-01  2.00741214e-01 -9.36527021e-02 -4.58194911e-02
  9.76783114e-02  1.42829829e-01  3.10925766e-02 -2.37584193e-01
 -8.44560259e-02 -9.64327235e-02  3.19217586e-02  2.75643831e-02
 -4.35803811e-02  3.09453298e-01 -1.36956960e-01 -1.26124713e-02
  5.03608260e-02  6.50634455e-02  2.71705102e-02  7.00131675e-02
  2.34261612e-01  1.16798391e-01 -8.48515415e-02 -7.58739927e-02
 -4.28975727e-02  1.20473312e-01  2.43511197e-01 -3.36392653e-01
 -1.38209630e-01 -1.17359416e-01  2.29536186e-02 -3.96941332e-01
  1.18040180e-01  2.04441744e-01 -1.94941393e-01 -1.27008625e-01
 -3.29299192e-01 -1.16604936e-01 -3.69569816e-01  4.30557933e-01
  7.62875069e-02  6.30559638e-02  7.48912244e-02 -1.32241742e-01
  2.41091554e-01 -2.00891012e-01  2.33584050e-01 -1.85275670e-01
  1.14376447e-01  4.02501414e-02 -7.23179643e-02  3.28167516e-01
 -7.78109829e-02 -1.93326628e-01 -4.76292296e-02 -1.77722925e-02
  9.77607676e-02  8.24626946e-02 -5.28339171e-02  2.68951856e-02
  5.47000865e-02  2.45230846e-01 -9.14883584e-02 -1.24328509e-01
  6.52458414e-02  1.19120764e-02  3.00001517e-03 -5.41514034e-02
  1.76038778e-01 -1.01773300e-01 -8.37078074e-02 -4.34738065e-02
 -1.04719541e-01  1.30161860e-01 -9.51294448e-02 -3.53647159e-02
 -3.01047400e-02 -1.28419316e-01  5.04783847e-02 -7.23827832e-03
  4.19897834e-02 -6.14921241e-02  7.73465473e-02  4.84171663e-02
  1.57331784e-02  1.20164905e-01 -1.31494448e-01  1.04297430e-01
 -1.58837872e-01  8.03896717e-02  2.00831727e-02  4.41259141e-02
 -4.81866704e-02  9.24121857e-02 -9.08696158e-02 -4.98521006e-02
  3.46414304e-02  4.04145234e-02 -2.53248676e-02  5.54296687e-02
 -2.80067863e-02  9.46571046e-02  1.27220221e-02 -1.41490667e-02
  2.80318628e-02 -7.03332982e-02 -2.23916209e-02 -1.87115666e-02
  9.62108938e-02 -1.01948221e-01  1.60875203e-02  5.98981332e-02
 -3.19998846e-02  2.57309799e-02  1.30593783e-01  6.41991937e-02
 -7.54431984e-02 -1.28939274e-01  3.04471624e-02  3.18861875e-02
  4.43091063e-02  5.77551233e-02  9.01689548e-02 -5.66685884e-02
  6.39174640e-02  4.59047246e-02 -5.08986663e-02 -5.79404419e-02
  2.19607847e-02  3.41261069e-02 -2.99480584e-02  3.24298418e-02
 -2.10562279e-02 -1.45420874e-02  1.23799423e-02  9.25380480e-04
 -1.76254062e-01 -4.29448918e-02  5.21414529e-02 -4.50245743e-02
  7.00644245e-02 -3.94335329e-02 -1.35177038e-01  2.32556273e-02
 -5.81011687e-02  2.45820251e-02 -1.88724080e-02 -1.52016489e-02
 -7.87913709e-03 -3.27587983e-02 -8.11199840e-02  5.91736442e-02
 -3.17442380e-02  2.51822600e-02 -2.22346978e-02  7.58842949e-02
 -3.08040551e-02 -5.53900889e-02 -4.84734397e-02  5.68384338e-02
  3.52544936e-02 -2.46358792e-02  8.03855733e-03  3.35158712e-01
  8.65452246e-02  2.61493823e-01 -2.53965509e-01  1.40028701e-01
 -6.62546693e-02 -3.82869397e-02 -3.22350095e-01 -3.61765731e-01
  5.11065084e-02 -1.11284516e-02  6.64458326e-02  8.52798036e-02
  4.61471879e-02 -2.91833467e-02  1.09019647e-02  1.00186403e-02
 -3.72881234e-02 -1.03927683e-02 -3.40579531e-02  6.69972140e-02
 -2.17280723e-02  1.51089562e-01 -4.23831634e-02  7.25666321e-03
  6.14834852e-02 -1.74821235e-01  6.83284993e-02 -5.56860100e-02
  3.79926236e-02  8.86731179e-03  3.44602198e-02 -2.75867931e-01
 -1.35664570e-01 -4.60883802e-02 -1.14129725e-02 -1.22118102e-01
  1.26937709e-01  1.49273229e-02 -5.66557075e-02 -1.43645709e-02
  2.32594889e-01  3.31000568e-02 -4.01989393e-02  5.41608116e-03
  6.46926490e-02  3.63026983e-02 -8.24416610e-02  7.72045092e-02
 -4.93863802e-02  1.95862026e-02 -8.08326533e-02  4.73675247e-02
  4.74615428e-02  2.47473851e-02  1.64547200e-01 -5.49105856e-02
 -5.72892290e-02  1.41330126e-02 -2.15887261e-02  9.40356867e-03
 -1.04048120e-02 -1.00894492e-01  6.74995689e-02  1.79273687e-01
  4.53039516e-02 -1.73867522e-02 -1.34533411e-02 -4.68197825e-02
  3.46972075e-02 -3.31979438e-02  2.76003116e-02 -1.97004982e-02
 -1.26857316e-02  3.55531233e-02  5.01233488e-02  4.25063869e-02
 -2.86405094e-01  3.05206885e-01 -1.19531601e-01  4.12732804e-02
  6.90420119e-02 -8.18523341e-02  1.39481487e-02 -9.39286528e-03
 -2.86343005e-02 -8.89331467e-03  4.93866215e-03  2.48442048e-02
  1.37555384e-01  4.96459415e-02 -2.53516585e-02  2.70913127e-02
 -2.79402561e-02  2.69931949e-02 -3.48927773e-02  1.79748404e-01
 -3.48339377e-01  2.38943186e-01 -1.40219235e-01  7.64579699e-02
 -3.53444043e-02 -1.11164341e-01  6.23648182e-03  6.55374091e-03
 -1.21732722e-02 -3.96497991e-02  2.37350411e-02  2.54636625e-02
  2.80116540e-02  2.49012704e-02 -2.82740577e-02  1.90001210e-01
  2.23714383e-02 -9.55996678e-03 -3.13769469e-02 -2.84012481e-01
  1.74114871e-01 -8.66174480e-02  5.99107102e-02 -5.72902834e-02
 -2.65132876e-02 -2.33627562e-02 -1.81334794e-02  1.24277353e-01
 -1.53252951e-01 -4.08270593e-01  6.19025833e-03  2.07548807e-01
 -1.68519383e-01  1.07311195e-01 -1.51970575e-01  5.30313842e-02
 -4.57435805e-01 -1.49088913e-01  1.11511954e-01  4.43906875e-01
  2.00786564e-01 -1.65392794e-01  1.12832758e-01 -3.92429349e-02
  1.07557373e-01 -3.85398537e-02 -4.46257877e-01  1.11864833e-01
  4.06475887e-01 -3.38189281e-01  5.11157329e-02  5.26675386e-02
 -3.59570038e-01 -2.57176038e-01  9.49322298e-02  3.65707716e-01
 -1.74883998e-01 -1.12600707e-01 -1.38166537e-01  5.15450430e-02
 -3.01046603e-01  8.73904899e-02  3.44546262e-01 -2.03416182e-02
 -2.73864756e-02  3.95856804e-02  4.51654211e-02  4.14390828e-02
  7.43995657e-02  2.68536723e-01 -2.66264571e-01  7.01643259e-02
  1.58318954e-01 -3.92784225e-02 -2.58989233e-02 -1.18302077e-01
  6.43261346e-02  1.80029025e-01 -3.42863909e-01 -4.26883506e-02
 -9.55235703e-02 -3.78341929e-01  9.65522063e-02  3.28171860e-01
 -1.97191302e-02 -3.75388160e-01  3.93626945e-01  9.06575647e-02
 -1.45535039e-01  3.56236129e-02 -1.80906712e-02 -1.22264180e-01
  8.15002915e-02  3.37227159e-01 -1.83063733e-02 -4.02412044e-01
  1.02602515e-01  3.69816643e-01 -3.65830470e-01  9.28652033e-02
  3.23524117e-01 -3.61812891e-02 -3.53389521e-01  3.90116377e-01
  8.45722041e-02 -1.68682390e-01 -1.37190956e-01 -4.33117625e-01
  1.10567225e-01  4.01913110e-01 -1.07055177e-01  3.25060929e-02
  4.07918108e-02 -3.51747901e-02  8.35500329e-02  3.41781616e-01
 -1.26449698e-01 -1.03251378e-01 -1.69541980e-01 -1.58765767e-01
  1.65319032e-02 -1.48886572e-01  9.72596209e-02 -1.61429287e-01
  1.30618843e-01  1.51272038e-02  1.81272635e-01 -1.44208557e-01
  1.16852071e-01  1.58700338e-02  1.80886349e-01 -1.35239698e-01
 -1.34302461e-01 -1.30303005e-01 -1.34729386e-01 -1.32331097e-01
  1.11460555e-01 -9.40644325e-02  1.04589427e-01  1.31856597e-02
  1.35240824e-02 -1.46999393e-01  1.22877971e-01  1.38639839e-02
 -1.38114514e-01  1.03397082e-01  1.38059287e-02 -1.08126960e-01
  1.70595062e-01 -1.53381235e-01  1.21213181e-02  9.75874454e-02
  1.20077971e-02  7.89256923e-02 -7.39990468e-02  9.27180075e-02
  1.07278611e-02  9.38655462e-02 -7.43412384e-02 -1.10884621e-01
 -8.40058969e-02  1.09987812e-02  1.02965863e-02 -4.71112686e-02
  9.82552167e-03 -7.16522142e-02 -7.80135557e-02  8.13655754e-02
 -4.40453561e-02 -7.00152545e-02  6.70520308e-02 -7.56761894e-02
  8.49875011e-02  5.82383248e-02  1.00949463e-02  1.01818021e-01
 -1.13332321e-01  1.31735096e-02 -3.96185810e-02  7.47630472e-02
  1.00276969e-02 -3.83956440e-02  5.85354554e-02  9.36500659e-02
 -1.01085496e-01  1.17547579e-02 -6.18378278e-02  6.07356197e-02]
[[6.81313186e-001 2.64530872e-001 3.40239258e-001 ... 1.26726559e-035
  2.70720291e-058 2.27826548e-060]
 [6.81313186e-001 2.64530872e-001 3.40239258e-001 ... 1.26726559e-035
  2.70720291e-058 2.27826548e-060]
 [6.81313186e-001 2.64530872e-001 3.40239258e-001 ... 1.26726559e-035
  2.70720291e-058 2.27826548e-060]
 ...
 [2.11464231e-001 8.54076567e-001 4.43576363e-001 ... 4.60085646e-282
  0.00000000e+000 0.00000000e+000]
 [2.44971094e-001 8.38688024e-001 4.46272903e-001 ... 2.64627905e-255
  0.00000000e+000 9.88131292e-324]
 [2.80368051e-001 8.13654131e-001 4.43576363e-001 ... 3.07001221e-231
  2.47279856e-320 3.51724998e-297]]
[ 5.91680908e-01 -7.87441308e-01  1.31278809e+01  1.11443240e+00
 -4.46628148e+00  4.65465051e-01 -3.43264453e+00  1.08598299e+00
 -3.49318308e+00 -1.63401668e+00 -1.46982619e+00  2.80876667e+00
 -1.00968801e+00 -2.20101339e+00 -1.32573718e+00  1.59942318e+00
 -1.01276043e+01 -3.58140007e+00  5.47833844e+00 -4.87945933e+00
  3.15745552e+00  8.43485856e+00 -4.60289267e-01  7.63380893e+00
 -2.22245802e+01  2.36445045e-01  1.37940475e+00 -5.27493831e+00
 -7.78138455e+00  1.80926937e+01 -1.09042012e+00  1.77805930e+01
  4.04755635e+00 -1.12440611e+01  5.87871141e+00  4.63803401e+00
  4.07508696e+00  7.52451321e-01  7.04726718e+00  3.15492982e+00
  2.93228899e+00 -6.64478386e-01  4.44200486e-01  2.22120331e-01
 -1.66717778e+00 -1.82821104e+00  4.08604658e+00 -5.20349702e+00
 -5.25859288e-01  1.60019575e+00  2.03466630e+00 -1.68962556e+00
 -1.17406726e+01 -1.05034195e+00 -2.98901143e+00  2.17573390e+00
 -3.72481336e+00 -2.73958565e+00  2.70171709e-01  1.12511035e+01
 -3.25883750e+00 -2.86975809e+00  4.51300524e+00 -4.27960603e+00
  2.20654387e+00  1.75986268e+00 -2.64700774e+01  8.64245593e+00
 -2.01517678e+00  9.52200972e+00 -2.74348754e+00 -5.43219969e+00
 -1.90475138e-01  2.79047867e+00 -4.85003971e+00  4.91408761e+00
 -3.06547568e+00 -2.34811842e+00 -9.64122760e+00 -2.85625158e-01
 -1.25967812e-01  1.92837983e+00  6.86340453e+00  9.67265970e+00
 -7.65860026e+00  1.06843816e+00  4.49422640e+00  2.36131690e+00
 -6.77846919e+00  8.30683801e+00  2.14255658e+00 -2.72457304e-01
 -6.73389490e-01  4.29540285e-01 -4.25867045e-01 -1.28179321e+00
 -3.45440782e+00  6.74030100e-01 -5.50982117e-01  6.64440621e-01
 -1.96676339e+00 -1.30394509e+00 -3.36577488e-01 -5.79448436e-01
 -3.27271286e-01 -5.26534442e-01 -1.20223878e-01 -5.37374521e-01
 -2.12557471e-01  1.29962342e-01  1.96320888e-01  1.49354398e-01
 -6.50793887e-01 -1.15039750e+00  5.00951727e-01 -1.27819138e-01
  8.28851669e-02  4.24986907e-01 -2.98587585e-01  2.04346960e+00
 -1.31962710e+00  4.43495588e-01  1.49754642e+00 -5.27644330e-01
 -1.21065420e+00  8.67523640e-01 -1.65163268e-01  1.15935397e+00
  1.01500377e-01 -9.66866327e-01  3.06388205e-01  1.90922008e+00
 -2.70923518e-01  9.97404205e-01 -2.73500532e-03  1.28612469e+00
 -9.57133285e-01  7.91301612e-01 -2.41854718e+00  2.66360123e+00
  1.23987848e+00  8.21105333e-01  1.38318365e+00 -5.62058258e-01
  3.47415620e-01  3.94342588e-01 -4.06524782e-01  8.33856554e-01
 -1.55718855e+00 -5.60228555e-01 -4.14915237e-01 -1.55811420e+00
  5.48191078e-01  3.08050911e+00 -1.66022133e+00  4.12314687e-01
  5.58996457e-01 -1.35857384e-01 -1.84477168e-01 -1.06921875e-02
  9.27866010e-01 -1.01818977e-01  2.38432820e-01 -2.36576405e-01
 -1.30243732e+00  2.66626240e-02 -8.25631922e-01  9.45217224e-01
  8.47666567e-01 -1.97602120e-01  4.11298210e-02 -3.41945057e-01
  4.76359727e-01  4.69042461e-01 -9.23172284e-02  4.91077173e-01
  1.63696395e-01 -4.96487435e-01 -1.16092860e-01  2.03467035e-03
 -9.10714474e-02  2.50583506e-01  6.20281853e-01  4.71803601e-01
  5.02122693e-03  2.53983241e-02  2.34412919e-01 -7.46752112e-02
 -9.87435587e-03 -2.63866299e-01  4.63633295e-01 -2.67913687e-01
  3.47864333e-02 -2.59328569e-03 -3.61238176e-02 -1.07048927e+00
 -1.13342640e-01 -2.59621801e-02 -2.97929746e-01  5.62567307e-02
  4.54662051e-01 -4.36810875e-01 -2.41594344e-02  5.16651921e-01
 -2.15257119e-01 -4.26155129e-01 -3.31152416e-01  7.53451120e-02
  1.05610131e-01  7.85598583e-03 -5.84940314e-02  1.09330626e-01
  1.99774779e-01  9.38758041e-01 -1.79133489e-01 -7.46083306e-01
  1.16412094e+00 -6.05944735e-01  1.24245956e-02 -3.94809045e-01
 -4.09550139e-01 -4.36718615e-01 -6.35073221e-01 -4.80022519e-02
  7.33799561e-02 -2.51375751e-01  1.88230527e-01  8.43542789e-02
  2.93996193e-01 -4.61899131e-01 -1.16930701e+00  1.64190321e-01
 -5.48497709e-02  1.68996779e-01  4.93017545e-01 -5.86148109e-02
  1.17908806e-02 -2.75632017e-01 -6.68878074e-01  6.62760781e-01
  5.47617427e-02 -1.91805522e-01 -3.90673610e-01  4.64181918e-01
  2.66674285e-01 -7.96536259e-01  6.44791104e-01  2.04232586e-01
 -5.69164938e-01  4.05422433e-01  1.92652661e-01 -1.77194388e-01
  2.02648218e-01  3.65843418e-01  3.00239724e-01  3.92723535e-01
 -2.18120113e-01  2.20009157e-01 -1.53263454e-01 -1.51896495e-01
  1.41598384e-01  1.71419810e-02 -6.62543105e-04 -1.15825572e-01
 -8.30620828e-02 -1.80958708e-01  1.92510890e-01 -3.00443837e-01
  1.18885931e-01 -1.71246900e-01  1.92170486e-01 -2.25438205e-01
  4.16843516e-01  2.53630441e-01 -3.04091542e-01  1.74614298e-01
  1.98185367e-01 -1.62325122e-01 -7.85028095e-02  1.74868121e-01
  2.43402649e-02 -3.59210249e-03  1.04342793e-01 -3.11829721e-01
  1.39458276e-01  6.77936588e-02 -2.73842041e-02 -1.02423041e-01
  8.64225345e-02  8.26931735e-02 -3.75007055e-02  8.25575171e-02
 -3.78035788e-02  4.57097955e-02  8.53968308e-02 -1.08159778e-01
  1.89310368e-01 -1.83419684e-01  1.92526066e-01 -2.32503990e-01
 -1.66581635e-01  4.97872800e-02  2.41827675e-02  9.39645415e-02
  2.02788294e-02  5.58733660e-02 -1.34160285e-01  2.95242929e-01
  3.75840965e-02  1.83643021e-02 -1.24495360e-01  3.30730294e-02
 -2.74710852e-01  8.77863763e-02  9.38144803e-02  2.70538190e-02
  3.41404418e-01  2.58829679e-01 -1.01984816e-01  1.12206225e-01
 -3.56103539e-02  1.81327527e-01  2.58521365e-01  8.95276714e-02
 -1.89116500e-01  5.01923155e-02 -4.48459514e-01 -1.58102190e-01
  2.38533202e-01 -9.79133808e-02  4.07959108e-01 -9.65516216e-02
 -1.02448305e-01  3.65067479e-02 -4.92920531e-02  1.01868387e-02
 -5.81026668e-02 -7.86148653e-02 -8.31046590e-02 -2.62651716e-01
  3.93853333e-01  2.12420327e-01 -2.35748248e-01  1.35343591e-01
 -4.12013953e-01  2.00741214e-01 -9.36527021e-02 -4.58194911e-02
  9.76783114e-02  1.42829829e-01  3.10925766e-02 -2.37584193e-01
 -8.44560259e-02 -9.64327235e-02  3.19217586e-02  2.75643831e-02
 -4.35803811e-02  3.09453298e-01 -1.36956960e-01 -1.26124713e-02
  5.03608260e-02  6.50634455e-02  2.71705102e-02  7.00131675e-02
  2.34261612e-01  1.16798391e-01 -8.48515415e-02 -7.58739927e-02
 -4.28975727e-02  1.20473312e-01  2.43511197e-01 -3.36392653e-01
 -1.38209630e-01 -1.17359416e-01  2.29536186e-02 -3.96941332e-01
  1.18040180e-01  2.04441744e-01 -1.94941393e-01 -1.27008625e-01
 -3.29299192e-01 -1.16604936e-01 -3.69569816e-01  4.30557933e-01
  7.62875069e-02  6.30559638e-02  7.48912244e-02 -1.32241742e-01
  2.41091554e-01 -2.00891012e-01  2.33584050e-01 -1.85275670e-01
  1.14376447e-01  4.02501414e-02 -7.23179643e-02  3.28167516e-01
 -7.78109829e-02 -1.93326628e-01 -4.76292296e-02 -1.77722925e-02
  9.77607676e-02  8.24626946e-02 -5.28339171e-02  2.68951856e-02
  5.47000865e-02  2.45230846e-01 -9.14883584e-02 -1.24328509e-01
  6.52458414e-02  1.19120764e-02  3.00001517e-03 -5.41514034e-02
  1.76038778e-01 -1.01773300e-01 -8.37078074e-02 -4.34738065e-02
 -1.04719541e-01  1.30161860e-01 -9.51294448e-02 -3.53647159e-02
 -3.01047400e-02 -1.28419316e-01  5.04783847e-02 -7.23827832e-03
  4.19897834e-02 -6.14921241e-02  7.73465473e-02  4.84171663e-02
  1.57331784e-02  1.20164905e-01 -1.31494448e-01  1.04297430e-01
 -1.58837872e-01  8.03896717e-02  2.00831727e-02  4.41259141e-02
 -4.81866704e-02  9.24121857e-02 -9.08696158e-02 -4.98521006e-02
  3.46414304e-02  4.04145234e-02 -2.53248676e-02  5.54296687e-02
 -2.80067863e-02  9.46571046e-02  1.27220221e-02 -1.41490667e-02
  2.80318628e-02 -7.03332982e-02 -2.23916209e-02 -1.87115666e-02
  9.62108938e-02 -1.01948221e-01  1.60875203e-02  5.98981332e-02
 -3.19998846e-02  2.57309799e-02  1.30593783e-01  6.41991937e-02
 -7.54431984e-02 -1.28939274e-01  3.04471624e-02  3.18861875e-02
  4.43091063e-02  5.77551233e-02  9.01689548e-02 -5.66685884e-02
  6.39174640e-02  4.59047246e-02 -5.08986663e-02 -5.79404419e-02
  2.19607847e-02  3.41261069e-02 -2.99480584e-02  3.24298418e-02
 -2.10562279e-02 -1.45420874e-02  1.23799423e-02  9.25380480e-04
 -1.76254062e-01 -4.29448918e-02  5.21414529e-02 -4.50245743e-02
  7.00644245e-02 -3.94335329e-02 -1.35177038e-01  2.32556273e-02
 -5.81011687e-02  2.45820251e-02 -1.88724080e-02 -1.52016489e-02
 -7.87913709e-03 -3.27587983e-02 -8.11199840e-02  5.91736442e-02
 -3.17442380e-02  2.51822600e-02 -2.22346978e-02  7.58842949e-02
 -3.08040551e-02 -5.53900889e-02 -4.84734397e-02  5.68384338e-02
  3.52544936e-02 -2.46358792e-02  8.03855733e-03  3.35158712e-01
  8.65452246e-02  2.61493823e-01 -2.53965509e-01  1.40028701e-01
 -6.62546693e-02 -3.82869397e-02 -3.22350095e-01 -3.61765731e-01
  5.11065084e-02 -1.11284516e-02  6.64458326e-02  8.52798036e-02
  4.61471879e-02 -2.91833467e-02  1.09019647e-02  1.00186403e-02
 -3.72881234e-02 -1.03927683e-02 -3.40579531e-02  6.69972140e-02
 -2.17280723e-02  1.51089562e-01 -4.23831634e-02  7.25666321e-03
  6.14834852e-02 -1.74821235e-01  6.83284993e-02 -5.56860100e-02
  3.79926236e-02  8.86731179e-03  3.44602198e-02 -2.75867931e-01
 -1.35664570e-01 -4.60883802e-02 -1.14129725e-02 -1.22118102e-01
  1.26937709e-01  1.49273229e-02 -5.66557075e-02 -1.43645709e-02
  2.32594889e-01  3.31000568e-02 -4.01989393e-02  5.41608116e-03
  6.46926490e-02  3.63026983e-02 -8.24416610e-02  7.72045092e-02
 -4.93863802e-02  1.95862026e-02 -8.08326533e-02  4.73675247e-02
  4.74615428e-02  2.47473851e-02  1.64547200e-01 -5.49105856e-02
 -5.72892290e-02  1.41330126e-02 -2.15887261e-02  9.40356867e-03
 -1.04048120e-02 -1.00894492e-01  6.74995689e-02  1.79273687e-01
  4.53039516e-02 -1.73867522e-02 -1.34533411e-02 -4.68197825e-02
  3.46972075e-02 -3.31979438e-02  2.76003116e-02 -1.97004982e-02
 -1.26857316e-02  3.55531233e-02  5.01233488e-02  4.25063869e-02
 -2.86405094e-01  3.05206885e-01 -1.19531601e-01  4.12732804e-02
  6.90420119e-02 -8.18523341e-02  1.39481487e-02 -9.39286528e-03
 -2.86343005e-02 -8.89331467e-03  4.93866215e-03  2.48442048e-02
  1.37555384e-01  4.96459415e-02 -2.53516585e-02  2.70913127e-02
 -2.79402561e-02  2.69931949e-02 -3.48927773e-02  1.79748404e-01
 -3.48339377e-01  2.38943186e-01 -1.40219235e-01  7.64579699e-02
 -3.53444043e-02 -1.11164341e-01  6.23648182e-03  6.55374091e-03
 -1.21732722e-02 -3.96497991e-02  2.37350411e-02  2.54636625e-02
  2.80116540e-02  2.49012704e-02 -2.82740577e-02  1.90001210e-01
  2.23714383e-02 -9.55996678e-03 -3.13769469e-02 -2.84012481e-01
  1.74114871e-01 -8.66174480e-02  5.99107102e-02 -5.72902834e-02
 -2.65132876e-02 -2.33627562e-02 -1.81334794e-02  1.24277353e-01
 -1.53252951e-01 -4.08270593e-01  6.19025833e-03  2.07548807e-01
 -1.68519383e-01  1.07311195e-01 -1.51970575e-01  5.30313842e-02
 -4.57435805e-01 -1.49088913e-01  1.11511954e-01  4.43906875e-01
  2.00786564e-01 -1.65392794e-01  1.12832758e-01 -3.92429349e-02
  1.07557373e-01 -3.85398537e-02 -4.46257877e-01  1.11864833e-01
  4.06475887e-01 -3.38189281e-01  5.11157329e-02  5.26675386e-02
 -3.59570038e-01 -2.57176038e-01  9.49322298e-02  3.65707716e-01
 -1.74883998e-01 -1.12600707e-01 -1.38166537e-01  5.15450430e-02
 -3.01046603e-01  8.73904899e-02  3.44546262e-01 -2.03416182e-02
 -2.73864756e-02  3.95856804e-02  4.51654211e-02  4.14390828e-02
  7.43995657e-02  2.68536723e-01 -2.66264571e-01  7.01643259e-02
  1.58318954e-01 -3.92784225e-02 -2.58989233e-02 -1.18302077e-01
  6.43261346e-02  1.80029025e-01 -3.42863909e-01 -4.26883506e-02
 -9.55235703e-02 -3.78341929e-01  9.65522063e-02  3.28171860e-01
 -1.97191302e-02 -3.75388160e-01  3.93626945e-01  9.06575647e-02
 -1.45535039e-01  3.56236129e-02 -1.80906712e-02 -1.22264180e-01
  8.15002915e-02  3.37227159e-01 -1.83063733e-02 -4.02412044e-01
  1.02602515e-01  3.69816643e-01 -3.65830470e-01  9.28652033e-02
  3.23524117e-01 -3.61812891e-02 -3.53389521e-01  3.90116377e-01
  8.45722041e-02 -1.68682390e-01 -1.37190956e-01 -4.33117625e-01
  1.10567225e-01  4.01913110e-01 -1.07055177e-01  3.25060929e-02
  4.07918108e-02 -3.51747901e-02  8.35500329e-02  3.41781616e-01
 -1.26449698e-01 -1.03251378e-01 -1.69541980e-01 -1.58765767e-01
  1.65319032e-02 -1.48886572e-01  9.72596209e-02 -1.61429287e-01
  1.30618843e-01  1.51272038e-02  1.81272635e-01 -1.44208557e-01
  1.16852071e-01  1.58700338e-02  1.80886349e-01 -1.35239698e-01
 -1.34302461e-01 -1.30303005e-01 -1.34729386e-01 -1.32331097e-01
  1.11460555e-01 -9.40644325e-02  1.04589427e-01  1.31856597e-02
  1.35240824e-02 -1.46999393e-01  1.22877971e-01  1.38639839e-02
 -1.38114514e-01  1.03397082e-01  1.38059287e-02 -1.08126960e-01
  1.70595062e-01 -1.53381235e-01  1.21213181e-02  9.75874454e-02
  1.20077971e-02  7.89256923e-02 -7.39990468e-02  9.27180075e-02
  1.07278611e-02  9.38655462e-02 -7.43412384e-02 -1.10884621e-01
 -8.40058969e-02  1.09987812e-02  1.02965863e-02 -4.71112686e-02
  9.82552167e-03 -7.16522142e-02 -7.80135557e-02  8.13655754e-02
 -4.40453561e-02 -7.00152545e-02  6.70520308e-02 -7.56761894e-02
  8.49875011e-02  5.82383248e-02  1.00949463e-02  1.01818021e-01
 -1.13332321e-01  1.31735096e-02 -3.96185810e-02  7.47630472e-02
  1.00276969e-02 -3.83956440e-02  5.85354554e-02  9.36500659e-02
 -1.01085496e-01  1.17547579e-02 -6.18378278e-02  6.07356197e-02
  1.11755625e-01  1.10270836e-01  1.04032740e-01  1.03341980e-01
  9.99660778e-02  9.56033924e-02  9.47837360e-02  7.96432115e-02
  7.91306644e-02  7.86616406e-02  7.85906365e-02  7.80925323e-02
  6.47112303e-02  6.28395407e-02 -6.12159554e-02 -6.04537944e-02
  5.86565315e-02  5.75216390e-02  5.58312991e-02 -5.71797443e-02
  5.52123658e-02 -5.62919361e-02  5.42854451e-02 -5.58701025e-02
  5.36171458e-02 -5.46485931e-02  5.23183191e-02  6.32380483e-03
  5.05392796e-02  2.81586016e-01  6.28397313e-03  6.26645174e-03
  6.25277638e-03  6.22431028e-03  2.88418462e-01 -5.02462205e-01
  7.31648729e-02  6.19117429e-03  6.18371463e-03 -5.07734558e-02
 -4.90083648e-01  6.56763177e-02]
[[6.81313186e-001 2.64530872e-001 3.40239258e-001 ... 3.50326600e-076
  1.90254718e-115 2.84469962e-134]
 [6.81313186e-001 2.64530872e-001 3.40239258e-001 ... 3.50326600e-076
  1.90254718e-115 2.84469962e-134]
 [6.81313186e-001 2.64530872e-001 3.40239258e-001 ... 3.50326600e-076
  1.90254718e-115 2.84469962e-134]
 ...
 [2.11464231e-001 8.54076567e-001 4.43576363e-001 ... 0.00000000e+000
  2.05337890e-313 0.00000000e+000]
 [2.44971094e-001 8.38688024e-001 4.46272903e-001 ... 0.00000000e+000
  6.79302175e-260 2.96616237e-287]
 [2.80368051e-001 8.13654131e-001 4.43576363e-001 ... 9.36155586e-320
  9.14264663e-212 3.99212241e-239]]
[ 5.91680908e-01 -7.87441308e-01  1.31278809e+01  1.11443240e+00
 -4.46628148e+00  4.65465051e-01 -3.43264453e+00  1.08598299e+00
 -3.49318308e+00 -1.63401668e+00 -1.46982619e+00  2.80876667e+00
 -1.00968801e+00 -2.20101339e+00 -1.32573718e+00  1.59942318e+00
 -1.01276043e+01 -3.58140007e+00  5.47833844e+00 -4.87945933e+00
  3.15745552e+00  8.43485856e+00 -4.60289267e-01  7.63380893e+00
 -2.22245802e+01  2.36445045e-01  1.37940475e+00 -5.27493831e+00
 -7.78138455e+00  1.80926937e+01 -1.09042012e+00  1.77805930e+01
  4.04755635e+00 -1.12440611e+01  5.87871141e+00  4.63803401e+00
  4.07508696e+00  7.52451321e-01  7.04726718e+00  3.15492982e+00
  2.93228899e+00 -6.64478386e-01  4.44200486e-01  2.22120331e-01
 -1.66717778e+00 -1.82821104e+00  4.08604658e+00 -5.20349702e+00
 -5.25859288e-01  1.60019575e+00  2.03466630e+00 -1.68962556e+00
 -1.17406726e+01 -1.05034195e+00 -2.98901143e+00  2.17573390e+00
 -3.72481336e+00 -2.73958565e+00  2.70171709e-01  1.12511035e+01
 -3.25883750e+00 -2.86975809e+00  4.51300524e+00 -4.27960603e+00
  2.20654387e+00  1.75986268e+00 -2.64700774e+01  8.64245593e+00
 -2.01517678e+00  9.52200972e+00 -2.74348754e+00 -5.43219969e+00
 -1.90475138e-01  2.79047867e+00 -4.85003971e+00  4.91408761e+00
 -3.06547568e+00 -2.34811842e+00 -9.64122760e+00 -2.85625158e-01
 -1.25967812e-01  1.92837983e+00  6.86340453e+00  9.67265970e+00
 -7.65860026e+00  1.06843816e+00  4.49422640e+00  2.36131690e+00
 -6.77846919e+00  8.30683801e+00  2.14255658e+00 -2.72457304e-01
 -6.73389490e-01  4.29540285e-01 -4.25867045e-01 -1.28179321e+00
 -3.45440782e+00  6.74030100e-01 -5.50982117e-01  6.64440621e-01
 -1.96676339e+00 -1.30394509e+00 -3.36577488e-01 -5.79448436e-01
 -3.27271286e-01 -5.26534442e-01 -1.20223878e-01 -5.37374521e-01
 -2.12557471e-01  1.29962342e-01  1.96320888e-01  1.49354398e-01
 -6.50793887e-01 -1.15039750e+00  5.00951727e-01 -1.27819138e-01
  8.28851669e-02  4.24986907e-01 -2.98587585e-01  2.04346960e+00
 -1.31962710e+00  4.43495588e-01  1.49754642e+00 -5.27644330e-01
 -1.21065420e+00  8.67523640e-01 -1.65163268e-01  1.15935397e+00
  1.01500377e-01 -9.66866327e-01  3.06388205e-01  1.90922008e+00
 -2.70923518e-01  9.97404205e-01 -2.73500532e-03  1.28612469e+00
 -9.57133285e-01  7.91301612e-01 -2.41854718e+00  2.66360123e+00
  1.23987848e+00  8.21105333e-01  1.38318365e+00 -5.62058258e-01
  3.47415620e-01  3.94342588e-01 -4.06524782e-01  8.33856554e-01
 -1.55718855e+00 -5.60228555e-01 -4.14915237e-01 -1.55811420e+00
  5.48191078e-01  3.08050911e+00 -1.66022133e+00  4.12314687e-01
  5.58996457e-01 -1.35857384e-01 -1.84477168e-01 -1.06921875e-02
  9.27866010e-01 -1.01818977e-01  2.38432820e-01 -2.36576405e-01
 -1.30243732e+00  2.66626240e-02 -8.25631922e-01  9.45217224e-01
  8.47666567e-01 -1.97602120e-01  4.11298210e-02 -3.41945057e-01
  4.76359727e-01  4.69042461e-01 -9.23172284e-02  4.91077173e-01
  1.63696395e-01 -4.96487435e-01 -1.16092860e-01  2.03467035e-03
 -9.10714474e-02  2.50583506e-01  6.20281853e-01  4.71803601e-01
  5.02122693e-03  2.53983241e-02  2.34412919e-01 -7.46752112e-02
 -9.87435587e-03 -2.63866299e-01  4.63633295e-01 -2.67913687e-01
  3.47864333e-02 -2.59328569e-03 -3.61238176e-02 -1.07048927e+00
 -1.13342640e-01 -2.59621801e-02 -2.97929746e-01  5.62567307e-02
  4.54662051e-01 -4.36810875e-01 -2.41594344e-02  5.16651921e-01
 -2.15257119e-01 -4.26155129e-01 -3.31152416e-01  7.53451120e-02
  1.05610131e-01  7.85598583e-03 -5.84940314e-02  1.09330626e-01
  1.99774779e-01  9.38758041e-01 -1.79133489e-01 -7.46083306e-01
  1.16412094e+00 -6.05944735e-01  1.24245956e-02 -3.94809045e-01
 -4.09550139e-01 -4.36718615e-01 -6.35073221e-01 -4.80022519e-02
  7.33799561e-02 -2.51375751e-01  1.88230527e-01  8.43542789e-02
  2.93996193e-01 -4.61899131e-01 -1.16930701e+00  1.64190321e-01
 -5.48497709e-02  1.68996779e-01  4.93017545e-01 -5.86148109e-02
  1.17908806e-02 -2.75632017e-01 -6.68878074e-01  6.62760781e-01
  5.47617427e-02 -1.91805522e-01 -3.90673610e-01  4.64181918e-01
  2.66674285e-01 -7.96536259e-01  6.44791104e-01  2.04232586e-01
 -5.69164938e-01  4.05422433e-01  1.92652661e-01 -1.77194388e-01
  2.02648218e-01  3.65843418e-01  3.00239724e-01  3.92723535e-01
 -2.18120113e-01  2.20009157e-01 -1.53263454e-01 -1.51896495e-01
  1.41598384e-01  1.71419810e-02 -6.62543105e-04 -1.15825572e-01
 -8.30620828e-02 -1.80958708e-01  1.92510890e-01 -3.00443837e-01
  1.18885931e-01 -1.71246900e-01  1.92170486e-01 -2.25438205e-01
  4.16843516e-01  2.53630441e-01 -3.04091542e-01  1.74614298e-01
  1.98185367e-01 -1.62325122e-01 -7.85028095e-02  1.74868121e-01
  2.43402649e-02 -3.59210249e-03  1.04342793e-01 -3.11829721e-01
  1.39458276e-01  6.77936588e-02 -2.73842041e-02 -1.02423041e-01
  8.64225345e-02  8.26931735e-02 -3.75007055e-02  8.25575171e-02
 -3.78035788e-02  4.57097955e-02  8.53968308e-02 -1.08159778e-01
  1.89310368e-01 -1.83419684e-01  1.92526066e-01 -2.32503990e-01
 -1.66581635e-01  4.97872800e-02  2.41827675e-02  9.39645415e-02
  2.02788294e-02  5.58733660e-02 -1.34160285e-01  2.95242929e-01
  3.75840965e-02  1.83643021e-02 -1.24495360e-01  3.30730294e-02
 -2.74710852e-01  8.77863763e-02  9.38144803e-02  2.70538190e-02
  3.41404418e-01  2.58829679e-01 -1.01984816e-01  1.12206225e-01
 -3.56103539e-02  1.81327527e-01  2.58521365e-01  8.95276714e-02
 -1.89116500e-01  5.01923155e-02 -4.48459514e-01 -1.58102190e-01
  2.38533202e-01 -9.79133808e-02  4.07959108e-01 -9.65516216e-02
 -1.02448305e-01  3.65067479e-02 -4.92920531e-02  1.01868387e-02
 -5.81026668e-02 -7.86148653e-02 -8.31046590e-02 -2.62651716e-01
  3.93853333e-01  2.12420327e-01 -2.35748248e-01  1.35343591e-01
 -4.12013953e-01  2.00741214e-01 -9.36527021e-02 -4.58194911e-02
  9.76783114e-02  1.42829829e-01  3.10925766e-02 -2.37584193e-01
 -8.44560259e-02 -9.64327235e-02  3.19217586e-02  2.75643831e-02
 -4.35803811e-02  3.09453298e-01 -1.36956960e-01 -1.26124713e-02
  5.03608260e-02  6.50634455e-02  2.71705102e-02  7.00131675e-02
  2.34261612e-01  1.16798391e-01 -8.48515415e-02 -7.58739927e-02
 -4.28975727e-02  1.20473312e-01  2.43511197e-01 -3.36392653e-01
 -1.38209630e-01 -1.17359416e-01  2.29536186e-02 -3.96941332e-01
  1.18040180e-01  2.04441744e-01 -1.94941393e-01 -1.27008625e-01
 -3.29299192e-01 -1.16604936e-01 -3.69569816e-01  4.30557933e-01
  7.62875069e-02  6.30559638e-02  7.48912244e-02 -1.32241742e-01
  2.41091554e-01 -2.00891012e-01  2.33584050e-01 -1.85275670e-01
  1.14376447e-01  4.02501414e-02 -7.23179643e-02  3.28167516e-01
 -7.78109829e-02 -1.93326628e-01 -4.76292296e-02 -1.77722925e-02
  9.77607676e-02  8.24626946e-02 -5.28339171e-02  2.68951856e-02
  5.47000865e-02  2.45230846e-01 -9.14883584e-02 -1.24328509e-01
  6.52458414e-02  1.19120764e-02  3.00001517e-03 -5.41514034e-02
  1.76038778e-01 -1.01773300e-01 -8.37078074e-02 -4.34738065e-02
 -1.04719541e-01  1.30161860e-01 -9.51294448e-02 -3.53647159e-02
 -3.01047400e-02 -1.28419316e-01  5.04783847e-02 -7.23827832e-03
  4.19897834e-02 -6.14921241e-02  7.73465473e-02  4.84171663e-02
  1.57331784e-02  1.20164905e-01 -1.31494448e-01  1.04297430e-01
 -1.58837872e-01  8.03896717e-02  2.00831727e-02  4.41259141e-02
 -4.81866704e-02  9.24121857e-02 -9.08696158e-02 -4.98521006e-02
  3.46414304e-02  4.04145234e-02 -2.53248676e-02  5.54296687e-02
 -2.80067863e-02  9.46571046e-02  1.27220221e-02 -1.41490667e-02
  2.80318628e-02 -7.03332982e-02 -2.23916209e-02 -1.87115666e-02
  9.62108938e-02 -1.01948221e-01  1.60875203e-02  5.98981332e-02
 -3.19998846e-02  2.57309799e-02  1.30593783e-01  6.41991937e-02
 -7.54431984e-02 -1.28939274e-01  3.04471624e-02  3.18861875e-02
  4.43091063e-02  5.77551233e-02  9.01689548e-02 -5.66685884e-02
  6.39174640e-02  4.59047246e-02 -5.08986663e-02 -5.79404419e-02
  2.19607847e-02  3.41261069e-02 -2.99480584e-02  3.24298418e-02
 -2.10562279e-02 -1.45420874e-02  1.23799423e-02  9.25380480e-04
 -1.76254062e-01 -4.29448918e-02  5.21414529e-02 -4.50245743e-02
  7.00644245e-02 -3.94335329e-02 -1.35177038e-01  2.32556273e-02
 -5.81011687e-02  2.45820251e-02 -1.88724080e-02 -1.52016489e-02
 -7.87913709e-03 -3.27587983e-02 -8.11199840e-02  5.91736442e-02
 -3.17442380e-02  2.51822600e-02 -2.22346978e-02  7.58842949e-02
 -3.08040551e-02 -5.53900889e-02 -4.84734397e-02  5.68384338e-02
  3.52544936e-02 -2.46358792e-02  8.03855733e-03  3.35158712e-01
  8.65452246e-02  2.61493823e-01 -2.53965509e-01  1.40028701e-01
 -6.62546693e-02 -3.82869397e-02 -3.22350095e-01 -3.61765731e-01
  5.11065084e-02 -1.11284516e-02  6.64458326e-02  8.52798036e-02
  4.61471879e-02 -2.91833467e-02  1.09019647e-02  1.00186403e-02
 -3.72881234e-02 -1.03927683e-02 -3.40579531e-02  6.69972140e-02
 -2.17280723e-02  1.51089562e-01 -4.23831634e-02  7.25666321e-03
  6.14834852e-02 -1.74821235e-01  6.83284993e-02 -5.56860100e-02
  3.79926236e-02  8.86731179e-03  3.44602198e-02 -2.75867931e-01
 -1.35664570e-01 -4.60883802e-02 -1.14129725e-02 -1.22118102e-01
  1.26937709e-01  1.49273229e-02 -5.66557075e-02 -1.43645709e-02
  2.32594889e-01  3.31000568e-02 -4.01989393e-02  5.41608116e-03
  6.46926490e-02  3.63026983e-02 -8.24416610e-02  7.72045092e-02
 -4.93863802e-02  1.95862026e-02 -8.08326533e-02  4.73675247e-02
  4.74615428e-02  2.47473851e-02  1.64547200e-01 -5.49105856e-02
 -5.72892290e-02  1.41330126e-02 -2.15887261e-02  9.40356867e-03
 -1.04048120e-02 -1.00894492e-01  6.74995689e-02  1.79273687e-01
  4.53039516e-02 -1.73867522e-02 -1.34533411e-02 -4.68197825e-02
  3.46972075e-02 -3.31979438e-02  2.76003116e-02 -1.97004982e-02
 -1.26857316e-02  3.55531233e-02  5.01233488e-02  4.25063869e-02
 -2.86405094e-01  3.05206885e-01 -1.19531601e-01  4.12732804e-02
  6.90420119e-02 -8.18523341e-02  1.39481487e-02 -9.39286528e-03
 -2.86343005e-02 -8.89331467e-03  4.93866215e-03  2.48442048e-02
  1.37555384e-01  4.96459415e-02 -2.53516585e-02  2.70913127e-02
 -2.79402561e-02  2.69931949e-02 -3.48927773e-02  1.79748404e-01
 -3.48339377e-01  2.38943186e-01 -1.40219235e-01  7.64579699e-02
 -3.53444043e-02 -1.11164341e-01  6.23648182e-03  6.55374091e-03
 -1.21732722e-02 -3.96497991e-02  2.37350411e-02  2.54636625e-02
  2.80116540e-02  2.49012704e-02 -2.82740577e-02  1.90001210e-01
  2.23714383e-02 -9.55996678e-03 -3.13769469e-02 -2.84012481e-01
  1.74114871e-01 -8.66174480e-02  5.99107102e-02 -5.72902834e-02
 -2.65132876e-02 -2.33627562e-02 -1.81334794e-02  1.24277353e-01
 -1.53252951e-01 -4.08270593e-01  6.19025833e-03  2.07548807e-01
 -1.68519383e-01  1.07311195e-01 -1.51970575e-01  5.30313842e-02
 -4.57435805e-01 -1.49088913e-01  1.11511954e-01  4.43906875e-01
  2.00786564e-01 -1.65392794e-01  1.12832758e-01 -3.92429349e-02
  1.07557373e-01 -3.85398537e-02 -4.46257877e-01  1.11864833e-01
  4.06475887e-01 -3.38189281e-01  5.11157329e-02  5.26675386e-02
 -3.59570038e-01 -2.57176038e-01  9.49322298e-02  3.65707716e-01
 -1.74883998e-01 -1.12600707e-01 -1.38166537e-01  5.15450430e-02
 -3.01046603e-01  8.73904899e-02  3.44546262e-01 -2.03416182e-02
 -2.73864756e-02  3.95856804e-02  4.51654211e-02  4.14390828e-02
  7.43995657e-02  2.68536723e-01 -2.66264571e-01  7.01643259e-02
  1.58318954e-01 -3.92784225e-02 -2.58989233e-02 -1.18302077e-01
  6.43261346e-02  1.80029025e-01 -3.42863909e-01 -4.26883506e-02
 -9.55235703e-02 -3.78341929e-01  9.65522063e-02  3.28171860e-01
 -1.97191302e-02 -3.75388160e-01  3.93626945e-01  9.06575647e-02
 -1.45535039e-01  3.56236129e-02 -1.80906712e-02 -1.22264180e-01
  8.15002915e-02  3.37227159e-01 -1.83063733e-02 -4.02412044e-01
  1.02602515e-01  3.69816643e-01 -3.65830470e-01  9.28652033e-02
  3.23524117e-01 -3.61812891e-02 -3.53389521e-01  3.90116377e-01
  8.45722041e-02 -1.68682390e-01 -1.37190956e-01 -4.33117625e-01
  1.10567225e-01  4.01913110e-01 -1.07055177e-01  3.25060929e-02
  4.07918108e-02 -3.51747901e-02  8.35500329e-02  3.41781616e-01
 -1.26449698e-01 -1.03251378e-01 -1.69541980e-01 -1.58765767e-01
  1.65319032e-02 -1.48886572e-01  9.72596209e-02 -1.61429287e-01
  1.30618843e-01  1.51272038e-02  1.81272635e-01 -1.44208557e-01
  1.16852071e-01  1.58700338e-02  1.80886349e-01 -1.35239698e-01
 -1.34302461e-01 -1.30303005e-01 -1.34729386e-01 -1.32331097e-01
  1.11460555e-01 -9.40644325e-02  1.04589427e-01  1.31856597e-02
  1.35240824e-02 -1.46999393e-01  1.22877971e-01  1.38639839e-02
 -1.38114514e-01  1.03397082e-01  1.38059287e-02 -1.08126960e-01
  1.70595062e-01 -1.53381235e-01  1.21213181e-02  9.75874454e-02
  1.20077971e-02  7.89256923e-02 -7.39990468e-02  9.27180075e-02
  1.07278611e-02  9.38655462e-02 -7.43412384e-02 -1.10884621e-01
 -8.40058969e-02  1.09987812e-02  1.02965863e-02 -4.71112686e-02
  9.82552167e-03 -7.16522142e-02 -7.80135557e-02  8.13655754e-02
 -4.40453561e-02 -7.00152545e-02  6.70520308e-02 -7.56761894e-02
  8.49875011e-02  5.82383248e-02  1.00949463e-02  1.01818021e-01
 -1.13332321e-01  1.31735096e-02 -3.96185810e-02  7.47630472e-02
  1.00276969e-02 -3.83956440e-02  5.85354554e-02  9.36500659e-02
 -1.01085496e-01  1.17547579e-02 -6.18378278e-02  6.07356197e-02
  1.11755625e-01  1.10270836e-01  1.04032740e-01  1.03341980e-01
  9.99660778e-02  9.56033924e-02  9.47837360e-02  7.96432115e-02
  7.91306644e-02  7.86616406e-02  7.85906365e-02  7.80925323e-02
  6.47112303e-02  6.28395407e-02 -6.12159554e-02 -6.04537944e-02
  5.86565315e-02  5.75216390e-02  5.58312991e-02 -5.71797443e-02
  5.52123658e-02 -5.62919361e-02  5.42854451e-02 -5.58701025e-02
  5.36171458e-02 -5.46485931e-02  5.23183191e-02  6.32380483e-03
  5.05392796e-02  2.81586016e-01  6.28397313e-03  6.26645174e-03
  6.25277638e-03  6.22431028e-03  2.88418462e-01 -5.02462205e-01
  7.31648729e-02  6.19117429e-03  6.18371463e-03 -5.07734558e-02
 -4.90083648e-01  6.56763177e-02 -3.59165083e-01  1.14029697e-01
 -3.63930130e-01  1.16071996e-01 -3.61089520e-01  1.15181191e-01
 -3.53176845e-01  1.12646671e-01 -3.46540363e-01  1.10538223e-01
 -3.42825239e-01  1.09339133e-01 -3.40268273e-01  1.08540045e-01
 -3.23832393e-01  1.02812127e-01 -3.31875275e-01  1.05849143e-01
 -3.16245182e-01  1.00408630e-01 -3.14773710e-01  1.00128017e-01
 -3.03334999e-01  9.63027878e-02 -2.91545523e-01  9.25598532e-02
 -2.91897356e-01  9.27688228e-02 -2.83519457e-01  9.00116573e-02
 -3.03438738e-01  9.70432766e-02 -2.85962880e-01  9.09820380e-02
 -2.95093216e-01  9.43592876e-02 -2.74092148e-01  8.70192904e-02
 -2.85654992e-01  9.11740750e-02  7.48653170e-02 -2.57721480e-01
  8.14193807e-02 -2.67142953e-01  8.48997339e-02 -1.84416573e-01
  7.27321222e-02  7.18573789e-02 -2.61665638e-01  8.33235164e-02
 -2.59091601e-01  8.24839610e-02 -2.80751147e-01  9.01963754e-02
 -2.69836859e-01  8.62908346e-02 -2.68569127e-01  8.58954550e-02
 -2.51629266e-01  8.00618537e-02  6.78755159e-02 -2.62563130e-01
  8.39723665e-02 -2.60891662e-01  8.34093421e-02 -2.49385776e-01
  7.94014012e-02 -2.42686811e-01  7.71640520e-02  6.64669184e-02
 -2.35492019e-01  7.46243547e-02  6.60363843e-02 -2.55250562e-01
  8.16340597e-02  6.47423832e-02  6.42144320e-02 -2.35570670e-01
  7.51048918e-02 -2.32986266e-01  7.43056952e-02 -3.44062972e-01
  1.13781635e-01 -2.14758398e-01  6.81696919e-02 -2.21350377e-02
 -3.48468223e-01  1.15583158e-01 -2.06385830e-01  6.55236592e-02
 -2.09648668e-01  6.67436524e-02 -2.01085672e-01  6.37149280e-02
  9.56589361e-02 -2.82247339e-01 -2.18219167e-01  6.97882416e-02
  8.33740351e-02 -2.43830848e-01  8.83298293e-02 -2.59663689e-01
  5.43270930e-02 -2.84925817e-01  9.39132467e-02 -2.01230028e-01
  6.43557783e-02  9.88396344e-02 -2.94290027e-01  7.84824295e-02
 -2.29613172e-01  5.57050122e-02  4.99386267e-02  4.98924598e-02
 -2.75997271e-01  9.11814807e-02  4.95057845e-02 -4.93575542e-02
 -4.92135447e-02 -3.02650538e-01  1.00717169e-01 -4.83162657e-02
 -4.67454522e-02 -4.65708291e-02]
[[6.81313186e-001 2.64530872e-001 3.40239258e-001 ... 0.00000000e+000
  0.00000000e+000 0.00000000e+000]
 [6.81313186e-001 2.64530872e-001 3.40239258e-001 ... 0.00000000e+000
  0.00000000e+000 0.00000000e+000]
 [6.81313186e-001 2.64530872e-001 3.40239258e-001 ... 0.00000000e+000
  0.00000000e+000 0.00000000e+000]
 ...
 [2.11464231e-001 8.54076567e-001 4.43576363e-001 ... 0.00000000e+000
  0.00000000e+000 1.97493693e-152]
 [2.44971094e-001 8.38688024e-001 4.46272903e-001 ... 0.00000000e+000
  0.00000000e+000 2.93297346e-136]
 [2.80368051e-001 8.13654131e-001 4.43576363e-001 ... 0.00000000e+000
  0.00000000e+000 7.20930003e-131]]
[ 5.91680908e-01 -7.87441308e-01  1.31278809e+01 ... -6.16836115e-03
 -6.12763271e-03 -6.10491728e-03]
[[6.81313186e-001 2.64530872e-001 3.40239258e-001 ... 0.00000000e+000
  0.00000000e+000 0.00000000e+000]
 [6.81313186e-001 2.64530872e-001 3.40239258e-001 ... 0.00000000e+000
  0.00000000e+000 0.00000000e+000]
 [6.81313186e-001 2.64530872e-001 3.40239258e-001 ... 0.00000000e+000
  0.00000000e+000 0.00000000e+000]
 ...
 [2.11464231e-001 8.54076567e-001 4.43576363e-001 ... 0.00000000e+000
  0.00000000e+000 1.97493693e-152]
 [2.44971094e-001 8.38688024e-001 4.46272903e-001 ... 0.00000000e+000
  0.00000000e+000 2.93297346e-136]
 [2.80368051e-001 8.13654131e-001 4.43576363e-001 ... 0.00000000e+000
  0.00000000e+000 7.20930003e-131]]
[ 5.91680908e-01 -7.87441308e-01  1.31278809e+01 ... -6.16836115e-03
 -6.12763271e-03 -6.10491728e-03]
[[0.00166016 0.06056127]
 [0.00439453 0.05931359]
 [0.00771484 0.05900785]
 [0.01254883 0.05840546]
 [0.01928711 0.05800987]
 [0.02475586 0.05787679]
 [0.03081055 0.05776104]
 [0.03525391 0.05758896]
 [0.03867188 0.05751459]
 [0.04072266 0.05743676]
 [0.04677734 0.05674681]
 [0.07456055 0.05665023]
 [0.07456055 0.05665023]]
