6
8e-05
rdot
MMA
sample
[[ 1.          0.97873908  0.76356524 ...  0.9782      0.59105727
   0.27531309]
 [ 1.          0.97873908  0.76356524 ...  0.9782      0.59105727
   0.37814505]
 [ 1.          0.97873908  0.76356524 ...  0.9782      0.59105727
   0.39295525]
 ...
 [ 0.10612479  0.9834187   0.93762584 ...  0.66369007  0.95890836
  -0.11330898]
 [ 0.17687465  0.9834187   0.93762584 ...  0.66369007  0.95890836
  -0.11745745]
 [ 0.24762451  0.9834187   0.93762584 ...  0.66369007  0.95890836
  -0.12113016]]
20480
4.244144720140062e-06
[[0.68131319 0.26453087 0.34023926 ... 0.85475478 0.59095655 0.89424476]
 [0.68131319 0.26453087 0.34023926 ... 0.85475478 0.59095655 0.89424476]
 [0.68131319 0.26453087 0.34023926 ... 0.85475478 0.59095655 0.89424476]
 ...
 [0.21146423 0.85407657 0.44357636 ... 0.28217164 0.7810577  0.32749481]
 [0.24497109 0.83868802 0.4462729  ... 0.31825745 0.82329783 0.37938691]
 [0.28036805 0.81365413 0.44357636 ... 0.35463335 0.85736664 0.4342062 ]]
[ 7.56140016e+00  4.71008737e+01  4.57958217e+00 -4.61728608e+01
  3.00470747e+01 -1.53920779e+00  1.67097199e+02  3.32643268e+01
  4.43310311e+01  2.23644912e+00 -8.57328510e+00  1.00895691e+02
 -4.68910891e+00 -4.37264184e+01 -3.05248570e+01  5.54144820e+01
 -5.99288604e+01  1.46716446e+01  1.13304799e+01  2.98745367e+00
  7.32496900e+01 -1.65875597e+02  2.94968578e+01  2.99742811e+00
 -6.27866743e+01 -1.13382557e-01 -9.06351074e+00 -2.04539564e+01
 -4.47778036e+00  5.20082381e+01  7.44822524e+01  8.98126562e+00
 -3.90689198e+00 -2.00877381e+01 -6.03615859e+01  3.53510182e+01
 -2.73430450e+01 -5.32685102e+00 -1.75885372e+01 -6.03190759e+01
  1.53518397e+01  1.62784484e+01  5.67852792e+00 -1.00005356e+02
 -1.26444365e+02  4.17480761e+00 -9.28185100e+01 -1.57060813e+01
  2.06947181e+01  5.35632836e+01 -4.09107200e+01  1.75553232e+02
 -5.86788405e+01 -2.21809305e+01 -2.26633026e+01  3.92538295e+01
  1.08968582e+01]
[[0.68131319 0.26453087 0.34023926 ... 0.5943728  0.17965099 0.26692552]
 [0.68131319 0.26453087 0.34023926 ... 0.5943728  0.17965099 0.26692552]
 [0.68131319 0.26453087 0.34023926 ... 0.5943728  0.17965099 0.26692552]
 ...
 [0.21146423 0.85407657 0.44357636 ... 0.15646722 0.24891402 0.48814706]
 [0.24497109 0.83868802 0.4462729  ... 0.20778014 0.25813215 0.51825774]
 [0.28036805 0.81365413 0.44357636 ... 0.26931231 0.2612801  0.53704717]]
[ 7.56140016e+00  4.71008737e+01  4.57958217e+00 -4.61728608e+01
  3.00470747e+01 -1.53920779e+00  1.67097199e+02  3.32643268e+01
  4.43310311e+01  2.23644912e+00 -8.57328510e+00  1.00895691e+02
 -4.68910891e+00 -4.37264184e+01 -3.05248570e+01  5.54144820e+01
 -5.99288604e+01  1.46716446e+01  1.13304799e+01  2.98745367e+00
  7.32496900e+01 -1.65875597e+02  2.94968578e+01  2.99742811e+00
 -6.27866743e+01 -1.13382557e-01 -9.06351074e+00 -2.04539564e+01
 -4.47778036e+00  5.20082381e+01  7.44822524e+01  8.98126562e+00
 -3.90689198e+00 -2.00877381e+01 -6.03615859e+01  3.53510182e+01
 -2.73430450e+01 -5.32685102e+00 -1.75885372e+01 -6.03190759e+01
  1.53518397e+01  1.62784484e+01  5.67852792e+00 -1.00005356e+02
 -1.26444365e+02  4.17480761e+00 -9.28185100e+01 -1.57060813e+01
  2.06947181e+01  5.35632836e+01 -4.09107200e+01  1.75553232e+02
 -5.86788405e+01 -2.21809305e+01 -2.26633026e+01  3.92538295e+01
  1.08968582e+01 -2.60460024e+00  3.03580685e+00  1.05660541e+00
 -1.00840980e+00 -5.66690759e+00  1.62110948e-01 -1.03027182e+00
  2.78756971e+00  6.57838305e-01  4.07549391e+00 -5.87310924e-01
  1.80138594e+00  3.48916798e-01  1.68146459e+00 -6.18010734e+00
  7.46646376e-01  1.70300902e+00 -1.35479375e+00 -3.26607427e+00
 -1.42016975e+01 -4.43336282e+00 -9.56277882e-01 -2.61893066e+00
  9.22627824e+00  1.28630151e+00  1.24800904e+00  6.73439017e+00
 -5.02399566e+00  5.66778481e-01 -3.19458305e+00  2.95185192e+00
  1.57997034e-01 -8.33224387e+00  2.59906249e+00  2.83275156e+00
  4.82151728e+00  9.59114606e+00 -6.23346557e+00 -3.62077432e+00
  2.32388942e+00  1.17136732e+01 -2.34765278e+00  2.36137292e+00
  1.14637527e+00  7.00339800e-01  2.56795477e+00 -1.14782057e+00
  5.14867376e+00  2.48026082e-01 -3.81034984e+00  7.04952256e+00
  1.35394444e+00  4.57946302e+00 -4.90220784e+00 -2.77305706e+00
 -1.49939649e+00  5.37436833e+00 -1.28316985e+00 -3.53446907e+00
 -3.85558171e+00  3.11193662e+00  1.77089585e+00 -2.14924615e+00
 -7.18443475e-01 -4.22790777e+00 -5.25477930e+00]
[[0.68131319 0.26453087 0.34023926 ... 0.50062098 0.01399365 0.01281627]
 [0.68131319 0.26453087 0.34023926 ... 0.50062098 0.01399365 0.01281627]
 [0.68131319 0.26453087 0.34023926 ... 0.50062098 0.01399365 0.01281627]
 ...
 [0.21146423 0.85407657 0.44357636 ... 0.00142428 0.28593549 0.34285041]
 [0.24497109 0.83868802 0.4462729  ... 0.00256512 0.27908698 0.33463871]
 [0.28036805 0.81365413 0.44357636 ... 0.00440112 0.25951001 0.31116499]]
[ 7.56140016e+00  4.71008737e+01  4.57958217e+00 -4.61728608e+01
  3.00470747e+01 -1.53920779e+00  1.67097199e+02  3.32643268e+01
  4.43310311e+01  2.23644912e+00 -8.57328510e+00  1.00895691e+02
 -4.68910891e+00 -4.37264184e+01 -3.05248570e+01  5.54144820e+01
 -5.99288604e+01  1.46716446e+01  1.13304799e+01  2.98745367e+00
  7.32496900e+01 -1.65875597e+02  2.94968578e+01  2.99742811e+00
 -6.27866743e+01 -1.13382557e-01 -9.06351074e+00 -2.04539564e+01
 -4.47778036e+00  5.20082381e+01  7.44822524e+01  8.98126562e+00
 -3.90689198e+00 -2.00877381e+01 -6.03615859e+01  3.53510182e+01
 -2.73430450e+01 -5.32685102e+00 -1.75885372e+01 -6.03190759e+01
  1.53518397e+01  1.62784484e+01  5.67852792e+00 -1.00005356e+02
 -1.26444365e+02  4.17480761e+00 -9.28185100e+01 -1.57060813e+01
  2.06947181e+01  5.35632836e+01 -4.09107200e+01  1.75553232e+02
 -5.86788405e+01 -2.21809305e+01 -2.26633026e+01  3.92538295e+01
  1.08968582e+01 -2.60460024e+00  3.03580685e+00  1.05660541e+00
 -1.00840980e+00 -5.66690759e+00  1.62110948e-01 -1.03027182e+00
  2.78756971e+00  6.57838305e-01  4.07549391e+00 -5.87310924e-01
  1.80138594e+00  3.48916798e-01  1.68146459e+00 -6.18010734e+00
  7.46646376e-01  1.70300902e+00 -1.35479375e+00 -3.26607427e+00
 -1.42016975e+01 -4.43336282e+00 -9.56277882e-01 -2.61893066e+00
  9.22627824e+00  1.28630151e+00  1.24800904e+00  6.73439017e+00
 -5.02399566e+00  5.66778481e-01 -3.19458305e+00  2.95185192e+00
  1.57997034e-01 -8.33224387e+00  2.59906249e+00  2.83275156e+00
  4.82151728e+00  9.59114606e+00 -6.23346557e+00 -3.62077432e+00
  2.32388942e+00  1.17136732e+01 -2.34765278e+00  2.36137292e+00
  1.14637527e+00  7.00339800e-01  2.56795477e+00 -1.14782057e+00
  5.14867376e+00  2.48026082e-01 -3.81034984e+00  7.04952256e+00
  1.35394444e+00  4.57946302e+00 -4.90220784e+00 -2.77305706e+00
 -1.49939649e+00  5.37436833e+00 -1.28316985e+00 -3.53446907e+00
 -3.85558171e+00  3.11193662e+00  1.77089585e+00 -2.14924615e+00
 -7.18443475e-01 -4.22790777e+00 -5.25477930e+00  7.99824043e-01
 -2.72929555e+00  4.48972202e+00  2.84757254e-01  7.96838095e-01
 -6.08600213e+00  1.71226097e+00 -2.39227843e+00  2.84572056e+00
  2.30940583e-01 -2.34150681e-01  3.49043155e+00  3.85553480e-01
  1.04273684e+00  3.80589360e-01 -5.74120481e-01 -4.07889599e-01
 -1.32935906e+00 -4.28003452e+00  3.01740029e+00 -2.57946551e+00
 -1.66248141e+00  4.22618923e-01  1.65895053e+00  5.84827177e+00
  5.82140777e-01 -1.94340616e+00 -2.12946691e+00  5.98934945e-01
 -1.60833855e+00  7.10458713e-01  1.71478639e+00 -5.78181283e-01
 -1.42294056e+00 -3.37939903e+00  5.33445664e-01 -1.04468666e+00
  3.06252888e+00 -4.95585193e-02  1.30950926e+00  5.32460225e-01
  1.69061383e+00 -5.89707677e-01 -1.12428720e+00 -4.21070814e+00
 -2.46498639e-01 -2.06533421e+00 -4.49016765e-01  5.09254892e+00
  1.86780531e+00 -2.54460210e+00  1.87820729e+00  5.77512253e+00
 -2.69724582e-01 -5.55973434e+00  6.69168711e-01 -3.00785959e+00
  6.43204733e+00 -2.35703245e+00  3.08098558e+00 -1.05054167e+00
  5.89454735e+00 -2.70226918e+00 -6.78215161e-01  1.00844140e+00
  1.95159429e+00 -5.89316938e-01 -2.55935951e+00 -1.97777139e+00
 -1.45533674e+00 -3.43481365e+00  2.78888114e+00  2.63822880e+00
 -7.83657993e-01 -3.07908450e-01  2.58268622e-01  1.55718104e+00
 -5.07016590e-01  1.17586610e-01 -1.26863880e+00  3.86171337e+00
 -9.88651222e+00 -5.40582263e-02 -2.39862329e+00 -6.22346377e+00
  4.61273123e+00 -4.08931160e+00 -3.87277430e+00 -3.18584229e-01
 -2.36359378e+00  2.18942188e+00  3.40919029e+00 -1.65080628e+00
 -4.23620815e+00  3.55420581e+00 -1.79059678e+00 -5.63782629e+00
  2.33612846e+00 -2.77457519e-02 -1.83299598e+00  8.44941587e-01
  6.22107505e+00  7.06397120e-01  3.56965287e+00  2.09825520e+00
 -1.84858252e+00  4.28224493e+00  7.01615993e+00 -2.83431860e+00
 -2.91862073e+00 -3.81557947e+00  8.34186788e-01  2.30494130e+00
  2.37085692e+00]
[[6.81313186e-01 2.64530872e-01 3.40239258e-01 ... 6.04770157e-03
  1.93131105e-01 1.27266006e-02]
 [6.81313186e-01 2.64530872e-01 3.40239258e-01 ... 6.04770157e-03
  1.93131105e-01 1.27266006e-02]
 [6.81313186e-01 2.64530872e-01 3.40239258e-01 ... 6.04770157e-03
  1.93131105e-01 1.27266006e-02]
 ...
 [2.11464231e-01 8.54076567e-01 4.43576363e-01 ... 1.37725472e-01
  1.36286138e-04 1.62592934e-02]
 [2.44971094e-01 8.38688024e-01 4.46272903e-01 ... 2.09896454e-01
  2.98463934e-04 2.26249342e-02]
 [2.80368051e-01 8.13654131e-01 4.43576363e-01 ... 2.90323365e-01
  5.93223148e-04 2.85732101e-02]]
[ 7.56140016e+00  4.71008737e+01  4.57958217e+00 -4.61728608e+01
  3.00470747e+01 -1.53920779e+00  1.67097199e+02  3.32643268e+01
  4.43310311e+01  2.23644912e+00 -8.57328510e+00  1.00895691e+02
 -4.68910891e+00 -4.37264184e+01 -3.05248570e+01  5.54144820e+01
 -5.99288604e+01  1.46716446e+01  1.13304799e+01  2.98745367e+00
  7.32496900e+01 -1.65875597e+02  2.94968578e+01  2.99742811e+00
 -6.27866743e+01 -1.13382557e-01 -9.06351074e+00 -2.04539564e+01
 -4.47778036e+00  5.20082381e+01  7.44822524e+01  8.98126562e+00
 -3.90689198e+00 -2.00877381e+01 -6.03615859e+01  3.53510182e+01
 -2.73430450e+01 -5.32685102e+00 -1.75885372e+01 -6.03190759e+01
  1.53518397e+01  1.62784484e+01  5.67852792e+00 -1.00005356e+02
 -1.26444365e+02  4.17480761e+00 -9.28185100e+01 -1.57060813e+01
  2.06947181e+01  5.35632836e+01 -4.09107200e+01  1.75553232e+02
 -5.86788405e+01 -2.21809305e+01 -2.26633026e+01  3.92538295e+01
  1.08968582e+01 -2.60460024e+00  3.03580685e+00  1.05660541e+00
 -1.00840980e+00 -5.66690759e+00  1.62110948e-01 -1.03027182e+00
  2.78756971e+00  6.57838305e-01  4.07549391e+00 -5.87310924e-01
  1.80138594e+00  3.48916798e-01  1.68146459e+00 -6.18010734e+00
  7.46646376e-01  1.70300902e+00 -1.35479375e+00 -3.26607427e+00
 -1.42016975e+01 -4.43336282e+00 -9.56277882e-01 -2.61893066e+00
  9.22627824e+00  1.28630151e+00  1.24800904e+00  6.73439017e+00
 -5.02399566e+00  5.66778481e-01 -3.19458305e+00  2.95185192e+00
  1.57997034e-01 -8.33224387e+00  2.59906249e+00  2.83275156e+00
  4.82151728e+00  9.59114606e+00 -6.23346557e+00 -3.62077432e+00
  2.32388942e+00  1.17136732e+01 -2.34765278e+00  2.36137292e+00
  1.14637527e+00  7.00339800e-01  2.56795477e+00 -1.14782057e+00
  5.14867376e+00  2.48026082e-01 -3.81034984e+00  7.04952256e+00
  1.35394444e+00  4.57946302e+00 -4.90220784e+00 -2.77305706e+00
 -1.49939649e+00  5.37436833e+00 -1.28316985e+00 -3.53446907e+00
 -3.85558171e+00  3.11193662e+00  1.77089585e+00 -2.14924615e+00
 -7.18443475e-01 -4.22790777e+00 -5.25477930e+00  7.99824043e-01
 -2.72929555e+00  4.48972202e+00  2.84757254e-01  7.96838095e-01
 -6.08600213e+00  1.71226097e+00 -2.39227843e+00  2.84572056e+00
  2.30940583e-01 -2.34150681e-01  3.49043155e+00  3.85553480e-01
  1.04273684e+00  3.80589360e-01 -5.74120481e-01 -4.07889599e-01
 -1.32935906e+00 -4.28003452e+00  3.01740029e+00 -2.57946551e+00
 -1.66248141e+00  4.22618923e-01  1.65895053e+00  5.84827177e+00
  5.82140777e-01 -1.94340616e+00 -2.12946691e+00  5.98934945e-01
 -1.60833855e+00  7.10458713e-01  1.71478639e+00 -5.78181283e-01
 -1.42294056e+00 -3.37939903e+00  5.33445664e-01 -1.04468666e+00
  3.06252888e+00 -4.95585193e-02  1.30950926e+00  5.32460225e-01
  1.69061383e+00 -5.89707677e-01 -1.12428720e+00 -4.21070814e+00
 -2.46498639e-01 -2.06533421e+00 -4.49016765e-01  5.09254892e+00
  1.86780531e+00 -2.54460210e+00  1.87820729e+00  5.77512253e+00
 -2.69724582e-01 -5.55973434e+00  6.69168711e-01 -3.00785959e+00
  6.43204733e+00 -2.35703245e+00  3.08098558e+00 -1.05054167e+00
  5.89454735e+00 -2.70226918e+00 -6.78215161e-01  1.00844140e+00
  1.95159429e+00 -5.89316938e-01 -2.55935951e+00 -1.97777139e+00
 -1.45533674e+00 -3.43481365e+00  2.78888114e+00  2.63822880e+00
 -7.83657993e-01 -3.07908450e-01  2.58268622e-01  1.55718104e+00
 -5.07016590e-01  1.17586610e-01 -1.26863880e+00  3.86171337e+00
 -9.88651222e+00 -5.40582263e-02 -2.39862329e+00 -6.22346377e+00
  4.61273123e+00 -4.08931160e+00 -3.87277430e+00 -3.18584229e-01
 -2.36359378e+00  2.18942188e+00  3.40919029e+00 -1.65080628e+00
 -4.23620815e+00  3.55420581e+00 -1.79059678e+00 -5.63782629e+00
  2.33612846e+00 -2.77457519e-02 -1.83299598e+00  8.44941587e-01
  6.22107505e+00  7.06397120e-01  3.56965287e+00  2.09825520e+00
 -1.84858252e+00  4.28224493e+00  7.01615993e+00 -2.83431860e+00
 -2.91862073e+00 -3.81557947e+00  8.34186788e-01  2.30494130e+00
  2.37085692e+00 -1.24992411e+00  4.96983418e-01  1.03367691e-01
 -9.75938459e-02  3.89907738e-01  3.90170564e-02  1.14258858e+00
 -1.10524758e-01  2.19266011e-02 -7.50380830e-01  3.92314133e-01
 -7.75347374e-01  2.67404580e-01 -5.58963507e-01 -2.24194348e+00
  2.51310224e-01  3.75120095e-02 -2.33981645e-01 -6.62327146e-01
  4.65444198e-01 -1.54590075e+00 -2.63231910e-01  9.43534906e-01
  1.02323623e+00  1.48683131e+00 -2.93722378e-01  5.12607751e-01
 -3.47184636e-02  7.98989014e-01 -8.25364727e-03 -8.16430110e-01
  3.28256054e-01 -4.51537963e-01  4.34972538e-01 -2.11552021e-01
  1.16685412e-01  1.50837764e+00  3.66684543e-01 -3.21584566e-01
  1.18594451e-01 -3.56284582e-02 -4.41507204e-01 -8.98380710e-02
  2.37170123e-01  9.89339519e-01 -4.02666318e-01 -1.60327001e-01
 -1.23436319e+00 -5.17438654e-01  1.81044090e-01 -4.82166243e-01
  6.59420152e-01  5.35877238e-02  2.14410981e-02  9.68182868e-02
  7.43446739e-02 -1.77130923e-01  3.95014260e-01 -2.39756224e-02
  4.63461576e-01  4.92483860e-02  2.04660650e+00 -7.59058211e-01
  2.67064668e-03  7.23702579e-01  2.20274434e-01  5.47820331e-02
 -1.60094660e+00 -1.68820292e-01  9.40818201e-02  4.05849188e-01
  4.26055108e-01  3.62071020e-01  2.60729794e-01 -1.90857421e-01
 -1.46188830e+00 -1.34107589e-01  5.33212717e-01  8.95630720e-01
  5.41895564e-01 -2.78008623e+00 -9.76119773e-02 -1.20737511e-01
 -5.74545979e-01  2.93777277e-01  1.64460893e+00 -7.05627005e-01
  2.23067514e-01 -1.29802662e-01  2.85955586e-01 -3.71080907e-01
  1.20172033e+00 -9.66948841e-01 -5.13213205e-01  2.70232402e+00
 -1.34141807e-01 -2.86476658e-02 -2.41794943e-01 -5.66094692e-01
  2.43440586e-01 -2.44492844e-01 -4.83279983e-01 -3.40047049e-01
 -7.82915952e-01 -1.52542414e+00  3.68660061e-02  1.14101123e+00
  2.40671510e-01  9.25915538e-01 -7.80819434e-01  2.63356140e-01
 -1.93544405e+00 -1.08772177e+00  5.73970327e-01  1.65296375e-01
 -1.54173685e-01 -9.25935507e-01 -1.13823271e+00  4.25994306e-01
  1.62806575e+00  5.82520494e-01  2.93693509e-02 -5.09103401e-01
  1.28957088e+00  1.43496764e+00 -9.59649456e-01 -7.06641108e-01
 -1.71972076e-01 -3.45017794e-01  1.04276014e+00  4.64040215e-01
  3.35530345e-01  1.57020763e-01  6.09719738e-01 -1.75441366e+00
  1.34599881e+00  4.56653843e-02  1.88767132e+00 -1.25619515e+00
  7.21648111e-01  1.53226396e-01 -1.50462582e+00 -3.16990397e-01
  2.32107796e-01  8.24102976e-01 -1.49718921e+00  7.66514458e-01
 -5.08206606e-01  6.11167876e-01  6.75173678e-01 -1.82456979e+00
  9.26016502e-01 -3.58711160e-01  3.62441630e-01 -7.95423075e-02
 -6.55596611e-01 -3.55249621e-01  5.70202365e-01  3.34695760e-01]
[[6.81313186e-01 2.64530872e-01 3.40239258e-01 ... 1.42765131e-06
  1.22597544e-09 3.83430722e-10]
 [6.81313186e-01 2.64530872e-01 3.40239258e-01 ... 1.42765131e-06
  1.22597544e-09 3.83430722e-10]
 [6.81313186e-01 2.64530872e-01 3.40239258e-01 ... 1.42765131e-06
  1.22597544e-09 3.83430722e-10]
 ...
 [2.11464231e-01 8.54076567e-01 4.43576363e-01 ... 4.36978025e-02
  5.84522769e-02 4.48799086e-01]
 [2.44971094e-01 8.38688024e-01 4.46272903e-01 ... 5.84522769e-02
  4.36978025e-02 3.35513600e-01]
 [2.80368051e-01 8.13654131e-01 4.43576363e-01 ... 6.44043762e-02
  2.69085238e-02 2.06604798e-01]]
[ 7.56140016e+00  4.71008737e+01  4.57958217e+00 -4.61728608e+01
  3.00470747e+01 -1.53920779e+00  1.67097199e+02  3.32643268e+01
  4.43310311e+01  2.23644912e+00 -8.57328510e+00  1.00895691e+02
 -4.68910891e+00 -4.37264184e+01 -3.05248570e+01  5.54144820e+01
 -5.99288604e+01  1.46716446e+01  1.13304799e+01  2.98745367e+00
  7.32496900e+01 -1.65875597e+02  2.94968578e+01  2.99742811e+00
 -6.27866743e+01 -1.13382557e-01 -9.06351074e+00 -2.04539564e+01
 -4.47778036e+00  5.20082381e+01  7.44822524e+01  8.98126562e+00
 -3.90689198e+00 -2.00877381e+01 -6.03615859e+01  3.53510182e+01
 -2.73430450e+01 -5.32685102e+00 -1.75885372e+01 -6.03190759e+01
  1.53518397e+01  1.62784484e+01  5.67852792e+00 -1.00005356e+02
 -1.26444365e+02  4.17480761e+00 -9.28185100e+01 -1.57060813e+01
  2.06947181e+01  5.35632836e+01 -4.09107200e+01  1.75553232e+02
 -5.86788405e+01 -2.21809305e+01 -2.26633026e+01  3.92538295e+01
  1.08968582e+01 -2.60460024e+00  3.03580685e+00  1.05660541e+00
 -1.00840980e+00 -5.66690759e+00  1.62110948e-01 -1.03027182e+00
  2.78756971e+00  6.57838305e-01  4.07549391e+00 -5.87310924e-01
  1.80138594e+00  3.48916798e-01  1.68146459e+00 -6.18010734e+00
  7.46646376e-01  1.70300902e+00 -1.35479375e+00 -3.26607427e+00
 -1.42016975e+01 -4.43336282e+00 -9.56277882e-01 -2.61893066e+00
  9.22627824e+00  1.28630151e+00  1.24800904e+00  6.73439017e+00
 -5.02399566e+00  5.66778481e-01 -3.19458305e+00  2.95185192e+00
  1.57997034e-01 -8.33224387e+00  2.59906249e+00  2.83275156e+00
  4.82151728e+00  9.59114606e+00 -6.23346557e+00 -3.62077432e+00
  2.32388942e+00  1.17136732e+01 -2.34765278e+00  2.36137292e+00
  1.14637527e+00  7.00339800e-01  2.56795477e+00 -1.14782057e+00
  5.14867376e+00  2.48026082e-01 -3.81034984e+00  7.04952256e+00
  1.35394444e+00  4.57946302e+00 -4.90220784e+00 -2.77305706e+00
 -1.49939649e+00  5.37436833e+00 -1.28316985e+00 -3.53446907e+00
 -3.85558171e+00  3.11193662e+00  1.77089585e+00 -2.14924615e+00
 -7.18443475e-01 -4.22790777e+00 -5.25477930e+00  7.99824043e-01
 -2.72929555e+00  4.48972202e+00  2.84757254e-01  7.96838095e-01
 -6.08600213e+00  1.71226097e+00 -2.39227843e+00  2.84572056e+00
  2.30940583e-01 -2.34150681e-01  3.49043155e+00  3.85553480e-01
  1.04273684e+00  3.80589360e-01 -5.74120481e-01 -4.07889599e-01
 -1.32935906e+00 -4.28003452e+00  3.01740029e+00 -2.57946551e+00
 -1.66248141e+00  4.22618923e-01  1.65895053e+00  5.84827177e+00
  5.82140777e-01 -1.94340616e+00 -2.12946691e+00  5.98934945e-01
 -1.60833855e+00  7.10458713e-01  1.71478639e+00 -5.78181283e-01
 -1.42294056e+00 -3.37939903e+00  5.33445664e-01 -1.04468666e+00
  3.06252888e+00 -4.95585193e-02  1.30950926e+00  5.32460225e-01
  1.69061383e+00 -5.89707677e-01 -1.12428720e+00 -4.21070814e+00
 -2.46498639e-01 -2.06533421e+00 -4.49016765e-01  5.09254892e+00
  1.86780531e+00 -2.54460210e+00  1.87820729e+00  5.77512253e+00
 -2.69724582e-01 -5.55973434e+00  6.69168711e-01 -3.00785959e+00
  6.43204733e+00 -2.35703245e+00  3.08098558e+00 -1.05054167e+00
  5.89454735e+00 -2.70226918e+00 -6.78215161e-01  1.00844140e+00
  1.95159429e+00 -5.89316938e-01 -2.55935951e+00 -1.97777139e+00
 -1.45533674e+00 -3.43481365e+00  2.78888114e+00  2.63822880e+00
 -7.83657993e-01 -3.07908450e-01  2.58268622e-01  1.55718104e+00
 -5.07016590e-01  1.17586610e-01 -1.26863880e+00  3.86171337e+00
 -9.88651222e+00 -5.40582263e-02 -2.39862329e+00 -6.22346377e+00
  4.61273123e+00 -4.08931160e+00 -3.87277430e+00 -3.18584229e-01
 -2.36359378e+00  2.18942188e+00  3.40919029e+00 -1.65080628e+00
 -4.23620815e+00  3.55420581e+00 -1.79059678e+00 -5.63782629e+00
  2.33612846e+00 -2.77457519e-02 -1.83299598e+00  8.44941587e-01
  6.22107505e+00  7.06397120e-01  3.56965287e+00  2.09825520e+00
 -1.84858252e+00  4.28224493e+00  7.01615993e+00 -2.83431860e+00
 -2.91862073e+00 -3.81557947e+00  8.34186788e-01  2.30494130e+00
  2.37085692e+00 -1.24992411e+00  4.96983418e-01  1.03367691e-01
 -9.75938459e-02  3.89907738e-01  3.90170564e-02  1.14258858e+00
 -1.10524758e-01  2.19266011e-02 -7.50380830e-01  3.92314133e-01
 -7.75347374e-01  2.67404580e-01 -5.58963507e-01 -2.24194348e+00
  2.51310224e-01  3.75120095e-02 -2.33981645e-01 -6.62327146e-01
  4.65444198e-01 -1.54590075e+00 -2.63231910e-01  9.43534906e-01
  1.02323623e+00  1.48683131e+00 -2.93722378e-01  5.12607751e-01
 -3.47184636e-02  7.98989014e-01 -8.25364727e-03 -8.16430110e-01
  3.28256054e-01 -4.51537963e-01  4.34972538e-01 -2.11552021e-01
  1.16685412e-01  1.50837764e+00  3.66684543e-01 -3.21584566e-01
  1.18594451e-01 -3.56284582e-02 -4.41507204e-01 -8.98380710e-02
  2.37170123e-01  9.89339519e-01 -4.02666318e-01 -1.60327001e-01
 -1.23436319e+00 -5.17438654e-01  1.81044090e-01 -4.82166243e-01
  6.59420152e-01  5.35877238e-02  2.14410981e-02  9.68182868e-02
  7.43446739e-02 -1.77130923e-01  3.95014260e-01 -2.39756224e-02
  4.63461576e-01  4.92483860e-02  2.04660650e+00 -7.59058211e-01
  2.67064668e-03  7.23702579e-01  2.20274434e-01  5.47820331e-02
 -1.60094660e+00 -1.68820292e-01  9.40818201e-02  4.05849188e-01
  4.26055108e-01  3.62071020e-01  2.60729794e-01 -1.90857421e-01
 -1.46188830e+00 -1.34107589e-01  5.33212717e-01  8.95630720e-01
  5.41895564e-01 -2.78008623e+00 -9.76119773e-02 -1.20737511e-01
 -5.74545979e-01  2.93777277e-01  1.64460893e+00 -7.05627005e-01
  2.23067514e-01 -1.29802662e-01  2.85955586e-01 -3.71080907e-01
  1.20172033e+00 -9.66948841e-01 -5.13213205e-01  2.70232402e+00
 -1.34141807e-01 -2.86476658e-02 -2.41794943e-01 -5.66094692e-01
  2.43440586e-01 -2.44492844e-01 -4.83279983e-01 -3.40047049e-01
 -7.82915952e-01 -1.52542414e+00  3.68660061e-02  1.14101123e+00
  2.40671510e-01  9.25915538e-01 -7.80819434e-01  2.63356140e-01
 -1.93544405e+00 -1.08772177e+00  5.73970327e-01  1.65296375e-01
 -1.54173685e-01 -9.25935507e-01 -1.13823271e+00  4.25994306e-01
  1.62806575e+00  5.82520494e-01  2.93693509e-02 -5.09103401e-01
  1.28957088e+00  1.43496764e+00 -9.59649456e-01 -7.06641108e-01
 -1.71972076e-01 -3.45017794e-01  1.04276014e+00  4.64040215e-01
  3.35530345e-01  1.57020763e-01  6.09719738e-01 -1.75441366e+00
  1.34599881e+00  4.56653843e-02  1.88767132e+00 -1.25619515e+00
  7.21648111e-01  1.53226396e-01 -1.50462582e+00 -3.16990397e-01
  2.32107796e-01  8.24102976e-01 -1.49718921e+00  7.66514458e-01
 -5.08206606e-01  6.11167876e-01  6.75173678e-01 -1.82456979e+00
  9.26016502e-01 -3.58711160e-01  3.62441630e-01 -7.95423075e-02
 -6.55596611e-01 -3.55249621e-01  5.70202365e-01  3.34695760e-01
 -3.14887176e-01 -6.66106341e-03  1.38845830e-01  3.50311424e-01
 -5.54397069e-01 -1.12113982e-01  1.40935132e-01 -3.16573439e-01
 -9.91499405e-02  2.35589120e-03 -1.91089923e-01 -9.51745269e-03
  4.17746366e-03  1.27057047e-01  7.38214315e-02  4.89181779e-01
 -1.09928884e-01  2.05514474e-01 -6.45447636e-02  3.49744249e-01
  2.62827844e-01 -8.46834099e-02  1.46079815e-02 -5.26326231e-02
  2.31206228e-01 -1.79100180e-01  1.05972453e-01  2.30322255e-01
  1.33317507e-03 -4.36531923e-01 -1.16346027e-01 -8.79537624e-02
 -1.51507689e-01  1.14765413e-01 -9.99935385e-03  4.25342763e-02
 -5.18667642e-03  2.26555765e-01  1.32934846e-02  1.41719338e-02
  1.65629781e-01 -6.59711324e-02 -1.37632277e-01 -4.99606988e-02
 -2.51747594e-02  1.38321659e-01  2.78811891e-03 -8.96283879e-02
  3.57033969e-03 -7.68996340e-02  2.21217949e-01 -3.81056465e-01
  1.78529386e-01 -1.04513295e-02 -2.25493950e-02  2.24039078e-01
 -7.17669064e-02  6.18892857e-02  1.24672636e-01  3.66677339e-02
  5.25894545e-01  9.31275923e-02  5.67404044e-01 -6.36141337e-02
  3.76410478e-01  4.79172477e-02 -2.38286241e-01 -1.68205608e-01
 -6.51479982e-02  1.55215046e-01  1.25239152e-01  9.42705360e-02
  1.81120400e-01  4.13868908e-01 -7.83756451e-02  6.78084971e-02
  3.43483248e-02  1.91902657e-01 -1.06736441e-01 -2.15898954e-01
  3.12397096e-02  1.80832067e-01  2.22598027e-02  1.25331922e-02
  4.22915319e-01 -2.08786029e-01 -6.99075585e-02 -1.88437142e-01
 -5.14043022e-02  1.59099423e-01  4.58695338e-02 -5.23586215e-02
 -2.07399902e-01 -1.13586812e-01 -8.03275038e-02 -6.15225657e-03
  7.75508849e-02 -9.46131691e-02  4.13925790e-01  1.10912054e+00
 -2.45219697e-01  1.76333001e-01 -1.55036055e-01 -8.99205875e-02
  2.28086544e-01 -2.21207502e-01  1.78915441e-01 -2.29952203e-01
 -3.23534132e-01 -1.71312350e-01 -2.92584946e-01  7.15012602e-02
 -2.52008809e-01 -9.47834377e-02  1.08030217e-01 -3.78460037e-01
  1.01074649e-01  1.66207587e-02 -1.33081084e-01 -2.44929251e-02
  4.20638476e-01  6.75318734e-02 -1.36232609e-01 -3.42982354e-01
 -5.60308498e-02 -2.57193256e-01  1.09468820e-01 -6.40465080e-02
 -2.74121271e-01 -1.01439031e-02 -6.84571425e-03 -8.06444832e-01
 -5.94220916e-02  9.56584867e-02  1.40137296e-01  1.24496933e+00
 -2.26895395e-01  2.09624738e-02 -3.67928563e-02  1.36139305e-01
 -1.34585819e-01 -1.39330641e-01 -3.02035175e-01 -2.86136560e-01
  1.26223113e-01  2.61380007e-01  6.14794761e-02  1.16657722e-01
  2.33258200e-01  2.75643234e-02 -5.65464743e-01  2.96860478e-01
  4.93477827e-02 -6.45941707e-01 -2.32868697e-01 -5.95884127e-02
 -1.02651612e+00 -1.12605173e+00 -5.30319640e-02 -1.15743278e-02
 -3.45314174e-01 -4.24109334e-01  5.79559102e-01 -3.17079060e-01
  5.66015560e-03 -1.48622147e-01  6.71230527e-02 -1.14033421e-01
 -1.03287168e-01  1.12999745e-01  5.61714691e-02  3.03164346e-01
 -1.01479746e-02 -2.02607332e-03  1.37106273e-01 -5.52542294e-02
  1.50644039e-01  1.27031160e-01  2.98810945e-02 -1.60692914e-01
  7.01430438e-01 -1.31303132e-01  2.07565461e-01  1.22236086e-01
 -1.35264434e-01 -3.60897237e-01 -1.42801997e-01  4.09925681e-01
 -1.02764625e-01 -1.26876752e-01 -2.07324473e-01  9.45369828e-02
  1.82868809e-02 -6.20535218e-02 -2.18717480e-01  1.85802077e-01
  3.44482990e-01 -5.79503565e-02  4.48868717e-02 -1.43754693e-01
  2.35786281e-01  1.41235819e-01 -1.83733540e-01  1.46233697e-01
  5.04929788e-01 -8.43173249e-02  1.15427055e-01  6.11870246e-02
  3.99358865e-01 -1.48444773e-01  1.08478183e-01  5.37548030e-02]
[[6.81313186e-01 2.64530872e-01 3.40239258e-01 ... 9.70988292e-20
  2.92538740e-06 9.03479277e-18]
 [6.81313186e-01 2.64530872e-01 3.40239258e-01 ... 9.70988292e-20
  2.92538740e-06 9.03479277e-18]
 [6.81313186e-01 2.64530872e-01 3.40239258e-01 ... 9.70988292e-20
  2.92538740e-06 9.03479277e-18]
 ...
 [2.11464231e-01 8.54076567e-01 4.43576363e-01 ... 1.33910509e-12
  1.16293502e-16 4.43344412e-01]
 [2.44971094e-01 8.38688024e-01 4.46272903e-01 ... 7.48395196e-13
  1.28720890e-14 3.65185352e-01]
 [2.80368051e-01 8.13654131e-01 4.43576363e-01 ... 2.83786375e-13
  9.66689139e-13 2.04093737e-01]]
[ 7.56140016e+00  4.71008737e+01  4.57958217e+00 -4.61728608e+01
  3.00470747e+01 -1.53920779e+00  1.67097199e+02  3.32643268e+01
  4.43310311e+01  2.23644912e+00 -8.57328510e+00  1.00895691e+02
 -4.68910891e+00 -4.37264184e+01 -3.05248570e+01  5.54144820e+01
 -5.99288604e+01  1.46716446e+01  1.13304799e+01  2.98745367e+00
  7.32496900e+01 -1.65875597e+02  2.94968578e+01  2.99742811e+00
 -6.27866743e+01 -1.13382557e-01 -9.06351074e+00 -2.04539564e+01
 -4.47778036e+00  5.20082381e+01  7.44822524e+01  8.98126562e+00
 -3.90689198e+00 -2.00877381e+01 -6.03615859e+01  3.53510182e+01
 -2.73430450e+01 -5.32685102e+00 -1.75885372e+01 -6.03190759e+01
  1.53518397e+01  1.62784484e+01  5.67852792e+00 -1.00005356e+02
 -1.26444365e+02  4.17480761e+00 -9.28185100e+01 -1.57060813e+01
  2.06947181e+01  5.35632836e+01 -4.09107200e+01  1.75553232e+02
 -5.86788405e+01 -2.21809305e+01 -2.26633026e+01  3.92538295e+01
  1.08968582e+01 -2.60460024e+00  3.03580685e+00  1.05660541e+00
 -1.00840980e+00 -5.66690759e+00  1.62110948e-01 -1.03027182e+00
  2.78756971e+00  6.57838305e-01  4.07549391e+00 -5.87310924e-01
  1.80138594e+00  3.48916798e-01  1.68146459e+00 -6.18010734e+00
  7.46646376e-01  1.70300902e+00 -1.35479375e+00 -3.26607427e+00
 -1.42016975e+01 -4.43336282e+00 -9.56277882e-01 -2.61893066e+00
  9.22627824e+00  1.28630151e+00  1.24800904e+00  6.73439017e+00
 -5.02399566e+00  5.66778481e-01 -3.19458305e+00  2.95185192e+00
  1.57997034e-01 -8.33224387e+00  2.59906249e+00  2.83275156e+00
  4.82151728e+00  9.59114606e+00 -6.23346557e+00 -3.62077432e+00
  2.32388942e+00  1.17136732e+01 -2.34765278e+00  2.36137292e+00
  1.14637527e+00  7.00339800e-01  2.56795477e+00 -1.14782057e+00
  5.14867376e+00  2.48026082e-01 -3.81034984e+00  7.04952256e+00
  1.35394444e+00  4.57946302e+00 -4.90220784e+00 -2.77305706e+00
 -1.49939649e+00  5.37436833e+00 -1.28316985e+00 -3.53446907e+00
 -3.85558171e+00  3.11193662e+00  1.77089585e+00 -2.14924615e+00
 -7.18443475e-01 -4.22790777e+00 -5.25477930e+00  7.99824043e-01
 -2.72929555e+00  4.48972202e+00  2.84757254e-01  7.96838095e-01
 -6.08600213e+00  1.71226097e+00 -2.39227843e+00  2.84572056e+00
  2.30940583e-01 -2.34150681e-01  3.49043155e+00  3.85553480e-01
  1.04273684e+00  3.80589360e-01 -5.74120481e-01 -4.07889599e-01
 -1.32935906e+00 -4.28003452e+00  3.01740029e+00 -2.57946551e+00
 -1.66248141e+00  4.22618923e-01  1.65895053e+00  5.84827177e+00
  5.82140777e-01 -1.94340616e+00 -2.12946691e+00  5.98934945e-01
 -1.60833855e+00  7.10458713e-01  1.71478639e+00 -5.78181283e-01
 -1.42294056e+00 -3.37939903e+00  5.33445664e-01 -1.04468666e+00
  3.06252888e+00 -4.95585193e-02  1.30950926e+00  5.32460225e-01
  1.69061383e+00 -5.89707677e-01 -1.12428720e+00 -4.21070814e+00
 -2.46498639e-01 -2.06533421e+00 -4.49016765e-01  5.09254892e+00
  1.86780531e+00 -2.54460210e+00  1.87820729e+00  5.77512253e+00
 -2.69724582e-01 -5.55973434e+00  6.69168711e-01 -3.00785959e+00
  6.43204733e+00 -2.35703245e+00  3.08098558e+00 -1.05054167e+00
  5.89454735e+00 -2.70226918e+00 -6.78215161e-01  1.00844140e+00
  1.95159429e+00 -5.89316938e-01 -2.55935951e+00 -1.97777139e+00
 -1.45533674e+00 -3.43481365e+00  2.78888114e+00  2.63822880e+00
 -7.83657993e-01 -3.07908450e-01  2.58268622e-01  1.55718104e+00
 -5.07016590e-01  1.17586610e-01 -1.26863880e+00  3.86171337e+00
 -9.88651222e+00 -5.40582263e-02 -2.39862329e+00 -6.22346377e+00
  4.61273123e+00 -4.08931160e+00 -3.87277430e+00 -3.18584229e-01
 -2.36359378e+00  2.18942188e+00  3.40919029e+00 -1.65080628e+00
 -4.23620815e+00  3.55420581e+00 -1.79059678e+00 -5.63782629e+00
  2.33612846e+00 -2.77457519e-02 -1.83299598e+00  8.44941587e-01
  6.22107505e+00  7.06397120e-01  3.56965287e+00  2.09825520e+00
 -1.84858252e+00  4.28224493e+00  7.01615993e+00 -2.83431860e+00
 -2.91862073e+00 -3.81557947e+00  8.34186788e-01  2.30494130e+00
  2.37085692e+00 -1.24992411e+00  4.96983418e-01  1.03367691e-01
 -9.75938459e-02  3.89907738e-01  3.90170564e-02  1.14258858e+00
 -1.10524758e-01  2.19266011e-02 -7.50380830e-01  3.92314133e-01
 -7.75347374e-01  2.67404580e-01 -5.58963507e-01 -2.24194348e+00
  2.51310224e-01  3.75120095e-02 -2.33981645e-01 -6.62327146e-01
  4.65444198e-01 -1.54590075e+00 -2.63231910e-01  9.43534906e-01
  1.02323623e+00  1.48683131e+00 -2.93722378e-01  5.12607751e-01
 -3.47184636e-02  7.98989014e-01 -8.25364727e-03 -8.16430110e-01
  3.28256054e-01 -4.51537963e-01  4.34972538e-01 -2.11552021e-01
  1.16685412e-01  1.50837764e+00  3.66684543e-01 -3.21584566e-01
  1.18594451e-01 -3.56284582e-02 -4.41507204e-01 -8.98380710e-02
  2.37170123e-01  9.89339519e-01 -4.02666318e-01 -1.60327001e-01
 -1.23436319e+00 -5.17438654e-01  1.81044090e-01 -4.82166243e-01
  6.59420152e-01  5.35877238e-02  2.14410981e-02  9.68182868e-02
  7.43446739e-02 -1.77130923e-01  3.95014260e-01 -2.39756224e-02
  4.63461576e-01  4.92483860e-02  2.04660650e+00 -7.59058211e-01
  2.67064668e-03  7.23702579e-01  2.20274434e-01  5.47820331e-02
 -1.60094660e+00 -1.68820292e-01  9.40818201e-02  4.05849188e-01
  4.26055108e-01  3.62071020e-01  2.60729794e-01 -1.90857421e-01
 -1.46188830e+00 -1.34107589e-01  5.33212717e-01  8.95630720e-01
  5.41895564e-01 -2.78008623e+00 -9.76119773e-02 -1.20737511e-01
 -5.74545979e-01  2.93777277e-01  1.64460893e+00 -7.05627005e-01
  2.23067514e-01 -1.29802662e-01  2.85955586e-01 -3.71080907e-01
  1.20172033e+00 -9.66948841e-01 -5.13213205e-01  2.70232402e+00
 -1.34141807e-01 -2.86476658e-02 -2.41794943e-01 -5.66094692e-01
  2.43440586e-01 -2.44492844e-01 -4.83279983e-01 -3.40047049e-01
 -7.82915952e-01 -1.52542414e+00  3.68660061e-02  1.14101123e+00
  2.40671510e-01  9.25915538e-01 -7.80819434e-01  2.63356140e-01
 -1.93544405e+00 -1.08772177e+00  5.73970327e-01  1.65296375e-01
 -1.54173685e-01 -9.25935507e-01 -1.13823271e+00  4.25994306e-01
  1.62806575e+00  5.82520494e-01  2.93693509e-02 -5.09103401e-01
  1.28957088e+00  1.43496764e+00 -9.59649456e-01 -7.06641108e-01
 -1.71972076e-01 -3.45017794e-01  1.04276014e+00  4.64040215e-01
  3.35530345e-01  1.57020763e-01  6.09719738e-01 -1.75441366e+00
  1.34599881e+00  4.56653843e-02  1.88767132e+00 -1.25619515e+00
  7.21648111e-01  1.53226396e-01 -1.50462582e+00 -3.16990397e-01
  2.32107796e-01  8.24102976e-01 -1.49718921e+00  7.66514458e-01
 -5.08206606e-01  6.11167876e-01  6.75173678e-01 -1.82456979e+00
  9.26016502e-01 -3.58711160e-01  3.62441630e-01 -7.95423075e-02
 -6.55596611e-01 -3.55249621e-01  5.70202365e-01  3.34695760e-01
 -3.14887176e-01 -6.66106341e-03  1.38845830e-01  3.50311424e-01
 -5.54397069e-01 -1.12113982e-01  1.40935132e-01 -3.16573439e-01
 -9.91499405e-02  2.35589120e-03 -1.91089923e-01 -9.51745269e-03
  4.17746366e-03  1.27057047e-01  7.38214315e-02  4.89181779e-01
 -1.09928884e-01  2.05514474e-01 -6.45447636e-02  3.49744249e-01
  2.62827844e-01 -8.46834099e-02  1.46079815e-02 -5.26326231e-02
  2.31206228e-01 -1.79100180e-01  1.05972453e-01  2.30322255e-01
  1.33317507e-03 -4.36531923e-01 -1.16346027e-01 -8.79537624e-02
 -1.51507689e-01  1.14765413e-01 -9.99935385e-03  4.25342763e-02
 -5.18667642e-03  2.26555765e-01  1.32934846e-02  1.41719338e-02
  1.65629781e-01 -6.59711324e-02 -1.37632277e-01 -4.99606988e-02
 -2.51747594e-02  1.38321659e-01  2.78811891e-03 -8.96283879e-02
  3.57033969e-03 -7.68996340e-02  2.21217949e-01 -3.81056465e-01
  1.78529386e-01 -1.04513295e-02 -2.25493950e-02  2.24039078e-01
 -7.17669064e-02  6.18892857e-02  1.24672636e-01  3.66677339e-02
  5.25894545e-01  9.31275923e-02  5.67404044e-01 -6.36141337e-02
  3.76410478e-01  4.79172477e-02 -2.38286241e-01 -1.68205608e-01
 -6.51479982e-02  1.55215046e-01  1.25239152e-01  9.42705360e-02
  1.81120400e-01  4.13868908e-01 -7.83756451e-02  6.78084971e-02
  3.43483248e-02  1.91902657e-01 -1.06736441e-01 -2.15898954e-01
  3.12397096e-02  1.80832067e-01  2.22598027e-02  1.25331922e-02
  4.22915319e-01 -2.08786029e-01 -6.99075585e-02 -1.88437142e-01
 -5.14043022e-02  1.59099423e-01  4.58695338e-02 -5.23586215e-02
 -2.07399902e-01 -1.13586812e-01 -8.03275038e-02 -6.15225657e-03
  7.75508849e-02 -9.46131691e-02  4.13925790e-01  1.10912054e+00
 -2.45219697e-01  1.76333001e-01 -1.55036055e-01 -8.99205875e-02
  2.28086544e-01 -2.21207502e-01  1.78915441e-01 -2.29952203e-01
 -3.23534132e-01 -1.71312350e-01 -2.92584946e-01  7.15012602e-02
 -2.52008809e-01 -9.47834377e-02  1.08030217e-01 -3.78460037e-01
  1.01074649e-01  1.66207587e-02 -1.33081084e-01 -2.44929251e-02
  4.20638476e-01  6.75318734e-02 -1.36232609e-01 -3.42982354e-01
 -5.60308498e-02 -2.57193256e-01  1.09468820e-01 -6.40465080e-02
 -2.74121271e-01 -1.01439031e-02 -6.84571425e-03 -8.06444832e-01
 -5.94220916e-02  9.56584867e-02  1.40137296e-01  1.24496933e+00
 -2.26895395e-01  2.09624738e-02 -3.67928563e-02  1.36139305e-01
 -1.34585819e-01 -1.39330641e-01 -3.02035175e-01 -2.86136560e-01
  1.26223113e-01  2.61380007e-01  6.14794761e-02  1.16657722e-01
  2.33258200e-01  2.75643234e-02 -5.65464743e-01  2.96860478e-01
  4.93477827e-02 -6.45941707e-01 -2.32868697e-01 -5.95884127e-02
 -1.02651612e+00 -1.12605173e+00 -5.30319640e-02 -1.15743278e-02
 -3.45314174e-01 -4.24109334e-01  5.79559102e-01 -3.17079060e-01
  5.66015560e-03 -1.48622147e-01  6.71230527e-02 -1.14033421e-01
 -1.03287168e-01  1.12999745e-01  5.61714691e-02  3.03164346e-01
 -1.01479746e-02 -2.02607332e-03  1.37106273e-01 -5.52542294e-02
  1.50644039e-01  1.27031160e-01  2.98810945e-02 -1.60692914e-01
  7.01430438e-01 -1.31303132e-01  2.07565461e-01  1.22236086e-01
 -1.35264434e-01 -3.60897237e-01 -1.42801997e-01  4.09925681e-01
 -1.02764625e-01 -1.26876752e-01 -2.07324473e-01  9.45369828e-02
  1.82868809e-02 -6.20535218e-02 -2.18717480e-01  1.85802077e-01
  3.44482990e-01 -5.79503565e-02  4.48868717e-02 -1.43754693e-01
  2.35786281e-01  1.41235819e-01 -1.83733540e-01  1.46233697e-01
  5.04929788e-01 -8.43173249e-02  1.15427055e-01  6.11870246e-02
  3.99358865e-01 -1.48444773e-01  1.08478183e-01  5.37548030e-02
  1.27915642e+00 -4.30336273e-02 -1.29704711e-01 -5.27133961e-02
  2.17326934e-02  1.16429547e-01  5.75726141e-02  6.86886286e-02
 -8.10933727e-02 -3.59765845e-02  8.14919189e-02 -4.14773864e-02
 -3.80507029e-02 -7.54224816e-02 -9.33749494e-01 -2.50979487e-01
  1.37440025e-01 -9.01705736e-01  2.66012315e-01  3.30456047e-02
 -5.15957948e-02 -1.11434686e-01  8.03873020e-02 -2.75267698e-03
 -8.48483681e-02  5.49688737e-02 -8.71306338e-01  8.49107210e-01
 -7.07741838e-01  4.34931280e-02  5.32377138e-01 -8.49294145e-02
  5.44599142e-02  3.21030948e-02 -6.50691132e-02  2.53508444e-02
  2.19238867e-01 -1.69807156e-01  1.34624859e-01 -1.59000162e-01
 -3.15143771e-02 -9.16138039e-01 -5.43909872e-02 -1.25070211e-02
 -2.57412657e-01  1.42836517e-02 -5.70579013e-02 -7.80150937e-03
 -3.53034868e-02 -8.89057332e-03 -2.91524125e-02  1.19530525e-02
  4.96892669e-01  4.08464804e-02  2.56404328e-01 -2.78079755e-03
 -3.06975083e-02  6.19821445e-02  2.10530519e-02  3.25530948e-02
  6.71108933e-03 -1.53242121e-02  3.12613602e-01  2.87813723e-02
 -1.61647217e-02  4.87274742e-02 -5.71179132e-03  3.98284689e-02
 -3.67486653e-02  1.95079200e-01  1.24364073e-02 -2.00967456e-02
 -2.51505410e-01  9.77326900e-02 -1.59260684e-02  7.91507246e-02
 -1.19078026e-01  4.62387834e-01 -4.60875159e-02  3.57653346e-02
 -1.85442195e-03  2.43669104e-02 -2.08626741e-02 -1.35200305e-03
 -6.62980113e-03 -3.83393702e-03 -2.11320123e-01  5.22842760e-02
  3.81952871e-02 -1.83734364e-02  2.80019484e-02 -1.20674717e-01
 -3.47060041e-02  4.83300974e-02  2.30976501e-02  1.04820937e-02
 -1.26436840e+00  1.69408340e-02  2.73312990e-02  1.78835115e-01
 -1.57826427e-01 -1.83149234e-01  5.82287045e-02 -1.72515898e-02
  1.43069222e-02  1.58786480e-02 -2.18397394e-02  1.10202995e-01
 -2.41875691e-02 -6.47645297e-02  6.05206824e-02 -2.71685280e-01
  5.72285213e-02  6.81903470e-02 -1.51382861e-01  1.68066152e-01
  4.70565678e-02  5.10356565e-03  1.76340542e-03  2.56912685e-02
 -1.54711697e-02  5.77887370e-03 -1.35610553e-01  7.97747626e-02
  8.54367690e-02 -2.12265520e-03  1.18450178e-02 -2.01818425e-02
  5.08137654e-02  1.30676974e-02 -4.87312975e-03  7.84321237e-01
  2.07189017e-02 -1.80402712e-01  8.98854179e-02 -1.08752630e-01
  3.86206351e-02  1.56132665e-02  9.21855253e-04 -1.90805859e-03
 -1.77586900e-01 -4.30449554e-02  7.06090598e-02 -6.93128684e-02
  3.59600917e-02  8.42072357e-02  1.59999972e-02  4.70297222e-02
 -1.38364770e-01 -3.76668306e-02 -2.42534322e-02 -4.80641509e-02
  3.63608276e-02 -2.72580688e-02 -6.73870733e-02  5.65970613e-02
 -1.84317191e-01 -1.23306924e+00  1.46384877e+00 -2.30650370e+00
 -7.29805081e-01 -3.29775285e-01 -1.78090568e-03 -5.09202411e-02
  5.32163431e-02  1.55946281e-01  9.85312643e-04 -6.19053424e-02
 -7.70179308e-03  2.13147552e-02 -8.65934270e-03  1.84593864e-01
  1.27714238e-02 -5.70857291e-03  1.57014233e-01 -3.34163650e-02
  3.72683906e-03 -9.18814751e-02 -3.91735569e-02 -1.66898223e-02
 -1.18337801e-02  1.51280610e-02  1.32247728e-02 -1.53131234e-01
  1.12227373e-01 -5.32614817e-02  4.09802476e-01 -1.48320641e-01
  6.29146413e-01  2.10953878e-01 -6.53787996e-03  6.09394962e-02
 -5.61041272e-02  2.07479809e-02  2.42462330e-02  2.91001881e-02
 -1.49029771e-01  8.55826672e-02  3.48377210e-02 -1.69841748e-01
 -2.07196978e-02  2.87082872e-02 -1.52298401e-02 -4.10292947e-02
 -5.18597246e-01  1.31039635e-01  1.51107521e-01 -6.82280680e-01
  2.53814459e-02  1.13997151e-02 -1.03405603e+00  5.91388494e-02
  9.37226533e-01 -9.64961505e-03  5.50276068e-03 -8.84165988e-03
 -2.35355271e-02 -6.26334976e-03 -1.34707997e-01 -6.97471597e-03
 -1.97130915e-01  8.67866229e-02  3.59762610e-01  1.85067191e-02
 -7.27606843e-02 -1.14834193e+00 -6.42978271e-03 -1.99137465e-02
 -7.50174811e-03 -1.74976277e-02  3.39771162e-02 -2.21937871e-02
  1.92224032e-02 -1.54290525e-01 -4.67772345e-02  2.62142613e-01
 -1.70719290e-01 -1.50054517e-02 -1.17030870e-02  6.89378088e-01
 -2.20782652e-01  8.59687813e-02  3.83438676e-02  3.29711389e-02
 -1.59146251e-02  1.12918301e+00 -4.96074430e-01  2.31985958e-01
 -2.30552724e-02  2.28111166e-02 -1.45378117e-02 -1.11018093e+00
  4.91215282e-01  2.91841788e-03 -8.45961478e-01 -6.81256276e-03
  9.86177177e-01  3.05544716e-01 -1.66906382e-01  8.29329524e-02
 -9.76660232e-02  9.54507873e-02 -1.05407324e-01 -6.07340484e-01
  2.85637203e-01 -2.36873555e-01 -1.00214518e-02 -8.79622086e-03
  9.37549580e-02 -1.50046214e+00 -1.92689503e-01  8.32853147e-01
  3.46224954e-02 -1.77114259e-01  6.52844193e-02 -1.44250159e-02
  5.84718225e-01  4.94434498e-01 -5.23037699e-01  2.95640051e-01
 -5.97285957e-01 -5.55649966e-02  2.68141256e-01  3.74405954e-03
 -1.24802882e-01  1.36211554e-01 -9.44177336e-02  9.98426566e-03
 -2.55654313e-02 -2.43402782e-02  3.00237862e-01  7.64689308e-02
 -9.10078241e-01  7.95240394e-01  9.26914675e-02 -2.35687973e-01
  1.11358156e-01  5.52295660e-01  6.89435437e-01 -4.46822448e-01
  2.52527688e-01 -9.12097749e-02 -1.41878793e-01  4.22158913e-02
 -6.10746544e-02 -5.74264256e-02 -4.30492901e-02  1.27956636e+00
  1.88114200e-01  3.61472709e-02  4.14603251e-02  6.92122921e-01
 -6.76054615e-02  6.10584617e-02  4.74156756e-03 -3.99563624e-02
  1.29721361e-02  1.07466552e-01  1.13007063e-01 -1.49645975e-02
  6.67147436e-03  1.08080638e+00  8.11385677e-01  2.08094900e-01
  9.15601907e-02 -1.00168149e-01 -2.11638143e-02  6.66745346e-03
  3.51351390e-02 -4.93819818e-02  2.93331003e-02 -1.01781834e+00
 -1.55258956e-01 -1.01717837e-01 -6.94149334e-02 -2.11362413e-01
  6.73148133e-01  1.99054875e+00 -3.01111509e-01  1.91104802e-01
 -9.96064862e-02  3.32612795e-01 -2.76375938e-01  1.03981990e-01
 -2.70171133e-02]
[[6.81313186e-01 2.64530872e-01 3.40239258e-01 ... 2.31729880e-34
  3.38808661e-12 4.31734352e-27]
 [6.81313186e-01 2.64530872e-01 3.40239258e-01 ... 2.31729880e-34
  3.38808661e-12 4.31734352e-27]
 [6.81313186e-01 2.64530872e-01 3.40239258e-01 ... 2.31729880e-34
  3.38808661e-12 4.31734352e-27]
 ...
 [2.11464231e-01 8.54076567e-01 4.43576363e-01 ... 1.74031575e-07
  4.11294423e-27 1.20157409e-21]
 [2.44971094e-01 8.38688024e-01 4.46272903e-01 ... 5.43576546e-08
  2.47811180e-25 1.77095014e-21]
 [2.80368051e-01 8.13654131e-01 4.43576363e-01 ... 7.81595065e-09
  6.87349167e-24 1.20157409e-21]]
[ 7.56140016e+00  4.71008737e+01  4.57958217e+00 ...  9.70689809e-03
  4.77319843e-01 -1.72660241e-02]
[[0.0027832  0.0594061 ]
 [0.00600586 0.05894106]
 [0.01157227 0.05830451]
 [0.01933594 0.05789798]
 [0.0296875  0.05768598]
 [0.0465332  0.0574749 ]
 [0.06606445 0.05723118]]
