12
0.003
rdot
MMA
sample
[[ 1.          0.97873908  0.76356524 ...  0.9782      0.59105727
   0.27531309]
 [ 1.          0.97873908  0.76356524 ...  0.9782      0.59105727
   0.37814505]
 [ 1.          0.97873908  0.76356524 ...  0.9782      0.59105727
   0.39295525]
 ...
 [ 0.10612479  0.9834187   0.93762584 ...  0.66369007  0.95890836
  -0.11330898]
 [ 0.17687465  0.9834187   0.93762584 ...  0.66369007  0.95890836
  -0.11745745]
 [ 0.24762451  0.9834187   0.93762584 ...  0.66369007  0.95890836
  -0.12113016]]
20480
0.00012966569555385998
[[0.68131319 0.26453087 0.34023926 ... 0.84650851 0.40233304 0.34330833]
 [0.68131319 0.26453087 0.34023926 ... 0.84650851 0.40233304 0.34330833]
 [0.68131319 0.26453087 0.34023926 ... 0.84650851 0.40233304 0.34330833]
 ...
 [0.21146423 0.85407657 0.44357636 ... 0.24491529 0.53430858 0.54307835]
 [0.24497109 0.83868802 0.4462729  ... 0.28372253 0.53755669 0.55304294]
 [0.28036805 0.81365413 0.44357636 ... 0.32471886 0.53430858 0.55640494]]
[  1.17682749 -12.43980922  16.88008352  -3.12548941 -14.24091397
   1.15291951  -1.25461057   2.36771173  -3.22680069  -0.33035716
   4.24483324  -7.8112624   -5.13987194  -1.48916701  16.92481347
   7.46922647  -6.36144458 -13.39091148   3.08727611  -5.71779561
   2.70760334  12.20589528   5.64458328]
[[0.68131319 0.26453087 0.34023926 ... 0.07432965 0.39074353 0.08772658]
 [0.68131319 0.26453087 0.34023926 ... 0.07432965 0.39074353 0.08772658]
 [0.68131319 0.26453087 0.34023926 ... 0.07432965 0.39074353 0.08772658]
 ...
 [0.21146423 0.85407657 0.44357636 ... 0.25813215 0.11523386 0.28548566]
 [0.24497109 0.83868802 0.4462729  ... 0.24891402 0.13398366 0.27529072]
 [0.28036805 0.81365413 0.44357636 ... 0.23427619 0.15205302 0.25910176]]
[ 1.17682749e+00 -1.24398092e+01  1.68800835e+01 -3.12548941e+00
 -1.42409140e+01  1.15291951e+00 -1.25461057e+00  2.36771173e+00
 -3.22680069e+00 -3.30357158e-01  4.24483324e+00 -7.81126240e+00
 -5.13987194e+00 -1.48916701e+00  1.69248135e+01  7.46922647e+00
 -6.36144458e+00 -1.33909115e+01  3.08727611e+00 -5.71779561e+00
  2.70760334e+00  1.22058953e+01  5.64458328e+00 -6.02229124e-01
  9.16870435e-01 -1.27633028e+00  1.71635711e+00 -2.40656884e-01
  5.10612446e-01  7.46410462e-01  5.46254080e-01 -8.11155762e-01
 -6.24804452e-01 -4.93112478e-03 -1.09086541e-01 -5.70952305e-01
  5.70215211e-01 -4.20791212e-01  6.99977821e-01  2.42174348e-01
  1.82481770e+00 -1.54423928e+00 -6.58225958e-01 -3.31144423e-01
  4.47217202e-01  1.17158344e+00 -1.11287677e+00 -1.04253479e+00]
[[0.68131319 0.26453087 0.34023926 ... 0.00934282 0.4151222  0.04950078]
 [0.68131319 0.26453087 0.34023926 ... 0.00934282 0.4151222  0.04950078]
 [0.68131319 0.26453087 0.34023926 ... 0.00934282 0.4151222  0.04950078]
 ...
 [0.21146423 0.85407657 0.44357636 ... 0.61915441 0.00164053 0.05425054]
 [0.24497109 0.83868802 0.4462729  ... 0.63434783 0.00295459 0.06697295]
 [0.28036805 0.81365413 0.44357636 ... 0.61915441 0.00506934 0.07876584]]
[ 1.17682749e+00 -1.24398092e+01  1.68800835e+01 -3.12548941e+00
 -1.42409140e+01  1.15291951e+00 -1.25461057e+00  2.36771173e+00
 -3.22680069e+00 -3.30357158e-01  4.24483324e+00 -7.81126240e+00
 -5.13987194e+00 -1.48916701e+00  1.69248135e+01  7.46922647e+00
 -6.36144458e+00 -1.33909115e+01  3.08727611e+00 -5.71779561e+00
  2.70760334e+00  1.22058953e+01  5.64458328e+00 -6.02229124e-01
  9.16870435e-01 -1.27633028e+00  1.71635711e+00 -2.40656884e-01
  5.10612446e-01  7.46410462e-01  5.46254080e-01 -8.11155762e-01
 -6.24804452e-01 -4.93112478e-03 -1.09086541e-01 -5.70952305e-01
  5.70215211e-01 -4.20791212e-01  6.99977821e-01  2.42174348e-01
  1.82481770e+00 -1.54423928e+00 -6.58225958e-01 -3.31144423e-01
  4.47217202e-01  1.17158344e+00 -1.11287677e+00 -1.04253479e+00
 -1.30378407e+00  4.73523509e-01 -6.16024547e-02  2.48928655e-01
  5.04939322e-01 -1.39915543e-01  1.71496147e+00  2.51930278e-01
 -1.20143955e+00 -9.77294963e-03  1.82650634e-01  3.53399321e-01
  4.73875582e-01 -3.47691111e-01 -5.74337902e-02  6.80434701e-02
  8.00514586e-02  2.76260715e-01  1.34620475e-01 -4.74503666e-01
 -2.58535829e-01 -4.18544139e-01 -1.09250496e-01 -2.39788687e-01
  2.06699205e-01 -3.82441075e-01  1.74245839e-01  2.57633434e-01]
[[6.81313186e-01 2.64530872e-01 3.40239258e-01 ... 4.28643792e-01
  1.11636597e-01 3.47705830e-04]
 [6.81313186e-01 2.64530872e-01 3.40239258e-01 ... 4.28643792e-01
  1.11636597e-01 3.47705830e-04]
 [6.81313186e-01 2.64530872e-01 3.40239258e-01 ... 4.28643792e-01
  1.11636597e-01 3.47705830e-04]
 ...
 [2.11464231e-01 8.54076567e-01 4.43576363e-01 ... 2.89205194e-04
  1.28092865e-05 7.08280607e-02]
 [2.44971094e-01 8.38688024e-01 4.46272903e-01 ... 6.93302704e-04
  4.15478289e-05 7.43468074e-02]
 [2.80368051e-01 8.13654131e-01 4.43576363e-01 ... 1.50843206e-03
  1.22308822e-04 7.08280607e-02]]
[ 1.17682749e+00 -1.24398092e+01  1.68800835e+01 -3.12548941e+00
 -1.42409140e+01  1.15291951e+00 -1.25461057e+00  2.36771173e+00
 -3.22680069e+00 -3.30357158e-01  4.24483324e+00 -7.81126240e+00
 -5.13987194e+00 -1.48916701e+00  1.69248135e+01  7.46922647e+00
 -6.36144458e+00 -1.33909115e+01  3.08727611e+00 -5.71779561e+00
  2.70760334e+00  1.22058953e+01  5.64458328e+00 -6.02229124e-01
  9.16870435e-01 -1.27633028e+00  1.71635711e+00 -2.40656884e-01
  5.10612446e-01  7.46410462e-01  5.46254080e-01 -8.11155762e-01
 -6.24804452e-01 -4.93112478e-03 -1.09086541e-01 -5.70952305e-01
  5.70215211e-01 -4.20791212e-01  6.99977821e-01  2.42174348e-01
  1.82481770e+00 -1.54423928e+00 -6.58225958e-01 -3.31144423e-01
  4.47217202e-01  1.17158344e+00 -1.11287677e+00 -1.04253479e+00
 -1.30378407e+00  4.73523509e-01 -6.16024547e-02  2.48928655e-01
  5.04939322e-01 -1.39915543e-01  1.71496147e+00  2.51930278e-01
 -1.20143955e+00 -9.77294963e-03  1.82650634e-01  3.53399321e-01
  4.73875582e-01 -3.47691111e-01 -5.74337902e-02  6.80434701e-02
  8.00514586e-02  2.76260715e-01  1.34620475e-01 -4.74503666e-01
 -2.58535829e-01 -4.18544139e-01 -1.09250496e-01 -2.39788687e-01
  2.06699205e-01 -3.82441075e-01  1.74245839e-01  2.57633434e-01
 -2.26685115e-01  1.14444387e-01 -2.28913222e-01  2.01742281e-01
  2.02034091e-01  1.86666180e-01 -2.57947062e-01 -1.70267335e-02
 -9.21024440e-02  2.13707303e-01  4.29144591e-02 -1.48562153e-01
  1.04133755e-01  7.65921090e-02 -1.51424333e-01 -1.20735530e-01
  7.85967205e-02  2.30389867e-01  1.58935496e-01 -4.80564612e-02
  3.69057272e-02  2.63943842e-01 -9.94762565e-02 -8.87461179e-02
 -1.25045895e-01  3.94732877e-02 -6.48532454e-02  3.48605970e-02
 -1.70948099e-01]
[[6.81313186e-01 2.64530872e-01 3.40239258e-01 ... 1.33304845e-04
  3.59536874e-03 9.71364959e-09]
 [6.81313186e-01 2.64530872e-01 3.40239258e-01 ... 1.33304845e-04
  3.59536874e-03 9.71364959e-09]
 [6.81313186e-01 2.64530872e-01 3.40239258e-01 ... 1.33304845e-04
  3.59536874e-03 9.71364959e-09]
 ...
 [2.11464231e-01 8.54076567e-01 4.43576363e-01 ... 2.64223315e-02
  7.88816867e-04 1.81498050e-01]
 [2.44971094e-01 8.38688024e-01 4.46272903e-01 ... 6.13695308e-02
  3.15720860e-03 1.64724431e-01]
 [2.80368051e-01 8.13654131e-01 4.43576363e-01 ... 1.17410403e-01
  1.04088434e-02 1.23144830e-01]]
[ 1.17682749e+00 -1.24398092e+01  1.68800835e+01 -3.12548941e+00
 -1.42409140e+01  1.15291951e+00 -1.25461057e+00  2.36771173e+00
 -3.22680069e+00 -3.30357158e-01  4.24483324e+00 -7.81126240e+00
 -5.13987194e+00 -1.48916701e+00  1.69248135e+01  7.46922647e+00
 -6.36144458e+00 -1.33909115e+01  3.08727611e+00 -5.71779561e+00
  2.70760334e+00  1.22058953e+01  5.64458328e+00 -6.02229124e-01
  9.16870435e-01 -1.27633028e+00  1.71635711e+00 -2.40656884e-01
  5.10612446e-01  7.46410462e-01  5.46254080e-01 -8.11155762e-01
 -6.24804452e-01 -4.93112478e-03 -1.09086541e-01 -5.70952305e-01
  5.70215211e-01 -4.20791212e-01  6.99977821e-01  2.42174348e-01
  1.82481770e+00 -1.54423928e+00 -6.58225958e-01 -3.31144423e-01
  4.47217202e-01  1.17158344e+00 -1.11287677e+00 -1.04253479e+00
 -1.30378407e+00  4.73523509e-01 -6.16024547e-02  2.48928655e-01
  5.04939322e-01 -1.39915543e-01  1.71496147e+00  2.51930278e-01
 -1.20143955e+00 -9.77294963e-03  1.82650634e-01  3.53399321e-01
  4.73875582e-01 -3.47691111e-01 -5.74337902e-02  6.80434701e-02
  8.00514586e-02  2.76260715e-01  1.34620475e-01 -4.74503666e-01
 -2.58535829e-01 -4.18544139e-01 -1.09250496e-01 -2.39788687e-01
  2.06699205e-01 -3.82441075e-01  1.74245839e-01  2.57633434e-01
 -2.26685115e-01  1.14444387e-01 -2.28913222e-01  2.01742281e-01
  2.02034091e-01  1.86666180e-01 -2.57947062e-01 -1.70267335e-02
 -9.21024440e-02  2.13707303e-01  4.29144591e-02 -1.48562153e-01
  1.04133755e-01  7.65921090e-02 -1.51424333e-01 -1.20735530e-01
  7.85967205e-02  2.30389867e-01  1.58935496e-01 -4.80564612e-02
  3.69057272e-02  2.63943842e-01 -9.94762565e-02 -8.87461179e-02
 -1.25045895e-01  3.94732877e-02 -6.48532454e-02  3.48605970e-02
 -1.70948099e-01 -1.52633069e-01  8.77277326e-02 -2.85653767e-01
  1.73205055e-01  9.95619688e-02  1.74473599e-02 -7.15529656e-02
  7.90485727e-02  1.45494240e-01 -1.80220020e-01 -1.13940206e-01
 -8.64561077e-02  1.13091669e-01  5.35168465e-02  4.57080451e-02
  1.03372355e-01  1.92263044e-01 -6.76546378e-02 -8.76676835e-02
 -1.29149429e-01  1.22898596e-01  7.43384180e-02]
[[6.81313186e-01 2.64530872e-01 3.40239258e-01 ... 1.51672067e-09
  1.29073291e-03 6.69722005e-05]
 [6.81313186e-01 2.64530872e-01 3.40239258e-01 ... 1.51672067e-09
  1.29073291e-03 6.69722005e-05]
 [6.81313186e-01 2.64530872e-01 3.40239258e-01 ... 1.51672067e-09
  1.29073291e-03 6.69722005e-05]
 ...
 [2.11464231e-01 8.54076567e-01 4.43576363e-01 ... 2.44308405e-11
  3.30437226e-12 3.82986410e-20]
 [2.44971094e-01 8.38688024e-01 4.46272903e-01 ... 9.15969536e-11
  7.60063132e-11 1.26488367e-18]
 [2.80368051e-01 8.13654131e-01 4.43576363e-01 ... 2.33006412e-10
  1.18619090e-09 2.83440581e-17]]
[ 1.17682749e+00 -1.24398092e+01  1.68800835e+01 -3.12548941e+00
 -1.42409140e+01  1.15291951e+00 -1.25461057e+00  2.36771173e+00
 -3.22680069e+00 -3.30357158e-01  4.24483324e+00 -7.81126240e+00
 -5.13987194e+00 -1.48916701e+00  1.69248135e+01  7.46922647e+00
 -6.36144458e+00 -1.33909115e+01  3.08727611e+00 -5.71779561e+00
  2.70760334e+00  1.22058953e+01  5.64458328e+00 -6.02229124e-01
  9.16870435e-01 -1.27633028e+00  1.71635711e+00 -2.40656884e-01
  5.10612446e-01  7.46410462e-01  5.46254080e-01 -8.11155762e-01
 -6.24804452e-01 -4.93112478e-03 -1.09086541e-01 -5.70952305e-01
  5.70215211e-01 -4.20791212e-01  6.99977821e-01  2.42174348e-01
  1.82481770e+00 -1.54423928e+00 -6.58225958e-01 -3.31144423e-01
  4.47217202e-01  1.17158344e+00 -1.11287677e+00 -1.04253479e+00
 -1.30378407e+00  4.73523509e-01 -6.16024547e-02  2.48928655e-01
  5.04939322e-01 -1.39915543e-01  1.71496147e+00  2.51930278e-01
 -1.20143955e+00 -9.77294963e-03  1.82650634e-01  3.53399321e-01
  4.73875582e-01 -3.47691111e-01 -5.74337902e-02  6.80434701e-02
  8.00514586e-02  2.76260715e-01  1.34620475e-01 -4.74503666e-01
 -2.58535829e-01 -4.18544139e-01 -1.09250496e-01 -2.39788687e-01
  2.06699205e-01 -3.82441075e-01  1.74245839e-01  2.57633434e-01
 -2.26685115e-01  1.14444387e-01 -2.28913222e-01  2.01742281e-01
  2.02034091e-01  1.86666180e-01 -2.57947062e-01 -1.70267335e-02
 -9.21024440e-02  2.13707303e-01  4.29144591e-02 -1.48562153e-01
  1.04133755e-01  7.65921090e-02 -1.51424333e-01 -1.20735530e-01
  7.85967205e-02  2.30389867e-01  1.58935496e-01 -4.80564612e-02
  3.69057272e-02  2.63943842e-01 -9.94762565e-02 -8.87461179e-02
 -1.25045895e-01  3.94732877e-02 -6.48532454e-02  3.48605970e-02
 -1.70948099e-01 -1.52633069e-01  8.77277326e-02 -2.85653767e-01
  1.73205055e-01  9.95619688e-02  1.74473599e-02 -7.15529656e-02
  7.90485727e-02  1.45494240e-01 -1.80220020e-01 -1.13940206e-01
 -8.64561077e-02  1.13091669e-01  5.35168465e-02  4.57080451e-02
  1.03372355e-01  1.92263044e-01 -6.76546378e-02 -8.76676835e-02
 -1.29149429e-01  1.22898596e-01  7.43384180e-02 -1.68635744e-01
  6.86253137e-02  1.14334297e-01 -7.08701002e-02  6.18885969e-02
  4.97528587e-02 -9.37010602e-02  3.93845007e-02 -1.56748614e-01
  5.42470967e-02  1.98112786e-01 -1.65415790e-01 -5.00801831e-02
  3.08340772e-02 -1.03340672e-01  1.42011628e-01 -9.33258041e-02]
[[6.81313186e-01 2.64530872e-01 3.40239258e-01 ... 2.70675599e-08
  3.26564806e-06 1.97893174e-05]
 [6.81313186e-01 2.64530872e-01 3.40239258e-01 ... 2.70675599e-08
  3.26564806e-06 1.97893174e-05]
 [6.81313186e-01 2.64530872e-01 3.40239258e-01 ... 2.70675599e-08
  3.26564806e-06 1.97893174e-05]
 ...
 [2.11464231e-01 8.54076567e-01 4.43576363e-01 ... 1.32185603e-26
  1.68298216e-27 8.12593427e-35]
 [2.44971094e-01 8.38688024e-01 4.46272903e-01 ... 2.92522162e-23
  7.43569266e-24 9.95544034e-31]
 [2.80368051e-01 8.13654131e-01 4.43576363e-01 ... 2.98003821e-20
  1.51234818e-20 5.61482315e-27]]
[ 1.17682749e+00 -1.24398092e+01  1.68800835e+01 -3.12548941e+00
 -1.42409140e+01  1.15291951e+00 -1.25461057e+00  2.36771173e+00
 -3.22680069e+00 -3.30357158e-01  4.24483324e+00 -7.81126240e+00
 -5.13987194e+00 -1.48916701e+00  1.69248135e+01  7.46922647e+00
 -6.36144458e+00 -1.33909115e+01  3.08727611e+00 -5.71779561e+00
  2.70760334e+00  1.22058953e+01  5.64458328e+00 -6.02229124e-01
  9.16870435e-01 -1.27633028e+00  1.71635711e+00 -2.40656884e-01
  5.10612446e-01  7.46410462e-01  5.46254080e-01 -8.11155762e-01
 -6.24804452e-01 -4.93112478e-03 -1.09086541e-01 -5.70952305e-01
  5.70215211e-01 -4.20791212e-01  6.99977821e-01  2.42174348e-01
  1.82481770e+00 -1.54423928e+00 -6.58225958e-01 -3.31144423e-01
  4.47217202e-01  1.17158344e+00 -1.11287677e+00 -1.04253479e+00
 -1.30378407e+00  4.73523509e-01 -6.16024547e-02  2.48928655e-01
  5.04939322e-01 -1.39915543e-01  1.71496147e+00  2.51930278e-01
 -1.20143955e+00 -9.77294963e-03  1.82650634e-01  3.53399321e-01
  4.73875582e-01 -3.47691111e-01 -5.74337902e-02  6.80434701e-02
  8.00514586e-02  2.76260715e-01  1.34620475e-01 -4.74503666e-01
 -2.58535829e-01 -4.18544139e-01 -1.09250496e-01 -2.39788687e-01
  2.06699205e-01 -3.82441075e-01  1.74245839e-01  2.57633434e-01
 -2.26685115e-01  1.14444387e-01 -2.28913222e-01  2.01742281e-01
  2.02034091e-01  1.86666180e-01 -2.57947062e-01 -1.70267335e-02
 -9.21024440e-02  2.13707303e-01  4.29144591e-02 -1.48562153e-01
  1.04133755e-01  7.65921090e-02 -1.51424333e-01 -1.20735530e-01
  7.85967205e-02  2.30389867e-01  1.58935496e-01 -4.80564612e-02
  3.69057272e-02  2.63943842e-01 -9.94762565e-02 -8.87461179e-02
 -1.25045895e-01  3.94732877e-02 -6.48532454e-02  3.48605970e-02
 -1.70948099e-01 -1.52633069e-01  8.77277326e-02 -2.85653767e-01
  1.73205055e-01  9.95619688e-02  1.74473599e-02 -7.15529656e-02
  7.90485727e-02  1.45494240e-01 -1.80220020e-01 -1.13940206e-01
 -8.64561077e-02  1.13091669e-01  5.35168465e-02  4.57080451e-02
  1.03372355e-01  1.92263044e-01 -6.76546378e-02 -8.76676835e-02
 -1.29149429e-01  1.22898596e-01  7.43384180e-02 -1.68635744e-01
  6.86253137e-02  1.14334297e-01 -7.08701002e-02  6.18885969e-02
  4.97528587e-02 -9.37010602e-02  3.93845007e-02 -1.56748614e-01
  5.42470967e-02  1.98112786e-01 -1.65415790e-01 -5.00801831e-02
  3.08340772e-02 -1.03340672e-01  1.42011628e-01 -9.33258041e-02
 -6.11692931e-02 -1.56213076e-01 -6.63890545e-02  3.34074612e-02]
[[6.81313186e-01 2.64530872e-01 3.40239258e-01 ... 1.97893174e-05
  1.59981431e-07 3.92644964e-12]
 [6.81313186e-01 2.64530872e-01 3.40239258e-01 ... 1.97893174e-05
  1.59981431e-07 3.92644964e-12]
 [6.81313186e-01 2.64530872e-01 3.40239258e-01 ... 1.97893174e-05
  1.59981431e-07 3.92644964e-12]
 ...
 [2.11464231e-01 8.54076567e-01 4.43576363e-01 ... 8.12593427e-35
  3.60101536e-52 6.60623980e-76]
 [2.44971094e-01 8.38688024e-01 4.46272903e-01 ... 9.95544034e-31
  7.02924708e-45 1.28954995e-68]
 [2.80368051e-01 8.13654131e-01 4.43576363e-01 ... 5.61482315e-27
  2.90783341e-38 5.33456342e-62]]
[ 1.17682749e+00 -1.24398092e+01  1.68800835e+01 -3.12548941e+00
 -1.42409140e+01  1.15291951e+00 -1.25461057e+00  2.36771173e+00
 -3.22680069e+00 -3.30357158e-01  4.24483324e+00 -7.81126240e+00
 -5.13987194e+00 -1.48916701e+00  1.69248135e+01  7.46922647e+00
 -6.36144458e+00 -1.33909115e+01  3.08727611e+00 -5.71779561e+00
  2.70760334e+00  1.22058953e+01  5.64458328e+00 -6.02229124e-01
  9.16870435e-01 -1.27633028e+00  1.71635711e+00 -2.40656884e-01
  5.10612446e-01  7.46410462e-01  5.46254080e-01 -8.11155762e-01
 -6.24804452e-01 -4.93112478e-03 -1.09086541e-01 -5.70952305e-01
  5.70215211e-01 -4.20791212e-01  6.99977821e-01  2.42174348e-01
  1.82481770e+00 -1.54423928e+00 -6.58225958e-01 -3.31144423e-01
  4.47217202e-01  1.17158344e+00 -1.11287677e+00 -1.04253479e+00
 -1.30378407e+00  4.73523509e-01 -6.16024547e-02  2.48928655e-01
  5.04939322e-01 -1.39915543e-01  1.71496147e+00  2.51930278e-01
 -1.20143955e+00 -9.77294963e-03  1.82650634e-01  3.53399321e-01
  4.73875582e-01 -3.47691111e-01 -5.74337902e-02  6.80434701e-02
  8.00514586e-02  2.76260715e-01  1.34620475e-01 -4.74503666e-01
 -2.58535829e-01 -4.18544139e-01 -1.09250496e-01 -2.39788687e-01
  2.06699205e-01 -3.82441075e-01  1.74245839e-01  2.57633434e-01
 -2.26685115e-01  1.14444387e-01 -2.28913222e-01  2.01742281e-01
  2.02034091e-01  1.86666180e-01 -2.57947062e-01 -1.70267335e-02
 -9.21024440e-02  2.13707303e-01  4.29144591e-02 -1.48562153e-01
  1.04133755e-01  7.65921090e-02 -1.51424333e-01 -1.20735530e-01
  7.85967205e-02  2.30389867e-01  1.58935496e-01 -4.80564612e-02
  3.69057272e-02  2.63943842e-01 -9.94762565e-02 -8.87461179e-02
 -1.25045895e-01  3.94732877e-02 -6.48532454e-02  3.48605970e-02
 -1.70948099e-01 -1.52633069e-01  8.77277326e-02 -2.85653767e-01
  1.73205055e-01  9.95619688e-02  1.74473599e-02 -7.15529656e-02
  7.90485727e-02  1.45494240e-01 -1.80220020e-01 -1.13940206e-01
 -8.64561077e-02  1.13091669e-01  5.35168465e-02  4.57080451e-02
  1.03372355e-01  1.92263044e-01 -6.76546378e-02 -8.76676835e-02
 -1.29149429e-01  1.22898596e-01  7.43384180e-02 -1.68635744e-01
  6.86253137e-02  1.14334297e-01 -7.08701002e-02  6.18885969e-02
  4.97528587e-02 -9.37010602e-02  3.93845007e-02 -1.56748614e-01
  5.42470967e-02  1.98112786e-01 -1.65415790e-01 -5.00801831e-02
  3.08340772e-02 -1.03340672e-01  1.42011628e-01 -9.33258041e-02
 -6.11692931e-02 -1.56213076e-01 -6.63890545e-02  3.34074612e-02
 -1.08927644e-01 -1.08307864e-01]
[[6.81313186e-001 2.64530872e-001 3.40239258e-001 ... 8.56606429e-025
  1.42270877e-028 2.03666621e-020]
 [6.81313186e-001 2.64530872e-001 3.40239258e-001 ... 8.56606429e-025
  1.42270877e-028 2.03666621e-020]
 [6.81313186e-001 2.64530872e-001 3.40239258e-001 ... 8.56606429e-025
  1.42270877e-028 2.03666621e-020]
 ...
 [2.11464231e-001 8.54076567e-001 4.43576363e-001 ... 9.07328627e-145
  5.24343106e-139 6.43562979e-136]
 [2.44971094e-001 8.38688024e-001 4.46272903e-001 ... 3.45726194e-130
  1.99794364e-124 2.45221602e-121]
 [2.80368051e-001 8.13654131e-001 4.43576363e-001 ... 5.91634799e-117
  3.41904376e-111 4.19643162e-108]]
[ 1.17682749e+00 -1.24398092e+01  1.68800835e+01 -3.12548941e+00
 -1.42409140e+01  1.15291951e+00 -1.25461057e+00  2.36771173e+00
 -3.22680069e+00 -3.30357158e-01  4.24483324e+00 -7.81126240e+00
 -5.13987194e+00 -1.48916701e+00  1.69248135e+01  7.46922647e+00
 -6.36144458e+00 -1.33909115e+01  3.08727611e+00 -5.71779561e+00
  2.70760334e+00  1.22058953e+01  5.64458328e+00 -6.02229124e-01
  9.16870435e-01 -1.27633028e+00  1.71635711e+00 -2.40656884e-01
  5.10612446e-01  7.46410462e-01  5.46254080e-01 -8.11155762e-01
 -6.24804452e-01 -4.93112478e-03 -1.09086541e-01 -5.70952305e-01
  5.70215211e-01 -4.20791212e-01  6.99977821e-01  2.42174348e-01
  1.82481770e+00 -1.54423928e+00 -6.58225958e-01 -3.31144423e-01
  4.47217202e-01  1.17158344e+00 -1.11287677e+00 -1.04253479e+00
 -1.30378407e+00  4.73523509e-01 -6.16024547e-02  2.48928655e-01
  5.04939322e-01 -1.39915543e-01  1.71496147e+00  2.51930278e-01
 -1.20143955e+00 -9.77294963e-03  1.82650634e-01  3.53399321e-01
  4.73875582e-01 -3.47691111e-01 -5.74337902e-02  6.80434701e-02
  8.00514586e-02  2.76260715e-01  1.34620475e-01 -4.74503666e-01
 -2.58535829e-01 -4.18544139e-01 -1.09250496e-01 -2.39788687e-01
  2.06699205e-01 -3.82441075e-01  1.74245839e-01  2.57633434e-01
 -2.26685115e-01  1.14444387e-01 -2.28913222e-01  2.01742281e-01
  2.02034091e-01  1.86666180e-01 -2.57947062e-01 -1.70267335e-02
 -9.21024440e-02  2.13707303e-01  4.29144591e-02 -1.48562153e-01
  1.04133755e-01  7.65921090e-02 -1.51424333e-01 -1.20735530e-01
  7.85967205e-02  2.30389867e-01  1.58935496e-01 -4.80564612e-02
  3.69057272e-02  2.63943842e-01 -9.94762565e-02 -8.87461179e-02
 -1.25045895e-01  3.94732877e-02 -6.48532454e-02  3.48605970e-02
 -1.70948099e-01 -1.52633069e-01  8.77277326e-02 -2.85653767e-01
  1.73205055e-01  9.95619688e-02  1.74473599e-02 -7.15529656e-02
  7.90485727e-02  1.45494240e-01 -1.80220020e-01 -1.13940206e-01
 -8.64561077e-02  1.13091669e-01  5.35168465e-02  4.57080451e-02
  1.03372355e-01  1.92263044e-01 -6.76546378e-02 -8.76676835e-02
 -1.29149429e-01  1.22898596e-01  7.43384180e-02 -1.68635744e-01
  6.86253137e-02  1.14334297e-01 -7.08701002e-02  6.18885969e-02
  4.97528587e-02 -9.37010602e-02  3.93845007e-02 -1.56748614e-01
  5.42470967e-02  1.98112786e-01 -1.65415790e-01 -5.00801831e-02
  3.08340772e-02 -1.03340672e-01  1.42011628e-01 -9.33258041e-02
 -6.11692931e-02 -1.56213076e-01 -6.63890545e-02  3.34074612e-02
 -1.08927644e-01 -1.08307864e-01 -2.93012973e-01 -2.60740410e-01
 -2.55340201e-01 -2.49797388e-01 -2.36866185e-01 -2.32465934e-01
 -2.31479415e-01]
[[6.81313186e-001 2.64530872e-001 3.40239258e-001 ... 1.42270877e-028
  2.03666621e-020 2.27826548e-060]
 [6.81313186e-001 2.64530872e-001 3.40239258e-001 ... 1.42270877e-028
  2.03666621e-020 2.27826548e-060]
 [6.81313186e-001 2.64530872e-001 3.40239258e-001 ... 1.42270877e-028
  2.03666621e-020 2.27826548e-060]
 ...
 [2.11464231e-001 8.54076567e-001 4.43576363e-001 ... 5.24343106e-139
  6.43562979e-136 0.00000000e+000]
 [2.44971094e-001 8.38688024e-001 4.46272903e-001 ... 1.99794364e-124
  2.45221602e-121 9.88131292e-324]
 [2.80368051e-001 8.13654131e-001 4.43576363e-001 ... 3.41904376e-111
  4.19643162e-108 3.51724998e-297]]
[ 1.17682749e+00 -1.24398092e+01  1.68800835e+01 -3.12548941e+00
 -1.42409140e+01  1.15291951e+00 -1.25461057e+00  2.36771173e+00
 -3.22680069e+00 -3.30357158e-01  4.24483324e+00 -7.81126240e+00
 -5.13987194e+00 -1.48916701e+00  1.69248135e+01  7.46922647e+00
 -6.36144458e+00 -1.33909115e+01  3.08727611e+00 -5.71779561e+00
  2.70760334e+00  1.22058953e+01  5.64458328e+00 -6.02229124e-01
  9.16870435e-01 -1.27633028e+00  1.71635711e+00 -2.40656884e-01
  5.10612446e-01  7.46410462e-01  5.46254080e-01 -8.11155762e-01
 -6.24804452e-01 -4.93112478e-03 -1.09086541e-01 -5.70952305e-01
  5.70215211e-01 -4.20791212e-01  6.99977821e-01  2.42174348e-01
  1.82481770e+00 -1.54423928e+00 -6.58225958e-01 -3.31144423e-01
  4.47217202e-01  1.17158344e+00 -1.11287677e+00 -1.04253479e+00
 -1.30378407e+00  4.73523509e-01 -6.16024547e-02  2.48928655e-01
  5.04939322e-01 -1.39915543e-01  1.71496147e+00  2.51930278e-01
 -1.20143955e+00 -9.77294963e-03  1.82650634e-01  3.53399321e-01
  4.73875582e-01 -3.47691111e-01 -5.74337902e-02  6.80434701e-02
  8.00514586e-02  2.76260715e-01  1.34620475e-01 -4.74503666e-01
 -2.58535829e-01 -4.18544139e-01 -1.09250496e-01 -2.39788687e-01
  2.06699205e-01 -3.82441075e-01  1.74245839e-01  2.57633434e-01
 -2.26685115e-01  1.14444387e-01 -2.28913222e-01  2.01742281e-01
  2.02034091e-01  1.86666180e-01 -2.57947062e-01 -1.70267335e-02
 -9.21024440e-02  2.13707303e-01  4.29144591e-02 -1.48562153e-01
  1.04133755e-01  7.65921090e-02 -1.51424333e-01 -1.20735530e-01
  7.85967205e-02  2.30389867e-01  1.58935496e-01 -4.80564612e-02
  3.69057272e-02  2.63943842e-01 -9.94762565e-02 -8.87461179e-02
 -1.25045895e-01  3.94732877e-02 -6.48532454e-02  3.48605970e-02
 -1.70948099e-01 -1.52633069e-01  8.77277326e-02 -2.85653767e-01
  1.73205055e-01  9.95619688e-02  1.74473599e-02 -7.15529656e-02
  7.90485727e-02  1.45494240e-01 -1.80220020e-01 -1.13940206e-01
 -8.64561077e-02  1.13091669e-01  5.35168465e-02  4.57080451e-02
  1.03372355e-01  1.92263044e-01 -6.76546378e-02 -8.76676835e-02
 -1.29149429e-01  1.22898596e-01  7.43384180e-02 -1.68635744e-01
  6.86253137e-02  1.14334297e-01 -7.08701002e-02  6.18885969e-02
  4.97528587e-02 -9.37010602e-02  3.93845007e-02 -1.56748614e-01
  5.42470967e-02  1.98112786e-01 -1.65415790e-01 -5.00801831e-02
  3.08340772e-02 -1.03340672e-01  1.42011628e-01 -9.33258041e-02
 -6.11692931e-02 -1.56213076e-01 -6.63890545e-02  3.34074612e-02
 -1.08927644e-01 -1.08307864e-01 -2.93012973e-01 -2.60740410e-01
 -2.55340201e-01 -2.49797388e-01 -2.36866185e-01 -2.32465934e-01
 -2.31479415e-01 -3.01556407e-01]
[[6.81313186e-001 2.64530872e-001 3.40239258e-001 ... 1.42270877e-028
  2.03666621e-020 2.27826548e-060]
 [6.81313186e-001 2.64530872e-001 3.40239258e-001 ... 1.42270877e-028
  2.03666621e-020 2.27826548e-060]
 [6.81313186e-001 2.64530872e-001 3.40239258e-001 ... 1.42270877e-028
  2.03666621e-020 2.27826548e-060]
 ...
 [2.11464231e-001 8.54076567e-001 4.43576363e-001 ... 5.24343106e-139
  6.43562979e-136 0.00000000e+000]
 [2.44971094e-001 8.38688024e-001 4.46272903e-001 ... 1.99794364e-124
  2.45221602e-121 9.88131292e-324]
 [2.80368051e-001 8.13654131e-001 4.43576363e-001 ... 3.41904376e-111
  4.19643162e-108 3.51724998e-297]]
[ 1.17682749e+00 -1.24398092e+01  1.68800835e+01 -3.12548941e+00
 -1.42409140e+01  1.15291951e+00 -1.25461057e+00  2.36771173e+00
 -3.22680069e+00 -3.30357158e-01  4.24483324e+00 -7.81126240e+00
 -5.13987194e+00 -1.48916701e+00  1.69248135e+01  7.46922647e+00
 -6.36144458e+00 -1.33909115e+01  3.08727611e+00 -5.71779561e+00
  2.70760334e+00  1.22058953e+01  5.64458328e+00 -6.02229124e-01
  9.16870435e-01 -1.27633028e+00  1.71635711e+00 -2.40656884e-01
  5.10612446e-01  7.46410462e-01  5.46254080e-01 -8.11155762e-01
 -6.24804452e-01 -4.93112478e-03 -1.09086541e-01 -5.70952305e-01
  5.70215211e-01 -4.20791212e-01  6.99977821e-01  2.42174348e-01
  1.82481770e+00 -1.54423928e+00 -6.58225958e-01 -3.31144423e-01
  4.47217202e-01  1.17158344e+00 -1.11287677e+00 -1.04253479e+00
 -1.30378407e+00  4.73523509e-01 -6.16024547e-02  2.48928655e-01
  5.04939322e-01 -1.39915543e-01  1.71496147e+00  2.51930278e-01
 -1.20143955e+00 -9.77294963e-03  1.82650634e-01  3.53399321e-01
  4.73875582e-01 -3.47691111e-01 -5.74337902e-02  6.80434701e-02
  8.00514586e-02  2.76260715e-01  1.34620475e-01 -4.74503666e-01
 -2.58535829e-01 -4.18544139e-01 -1.09250496e-01 -2.39788687e-01
  2.06699205e-01 -3.82441075e-01  1.74245839e-01  2.57633434e-01
 -2.26685115e-01  1.14444387e-01 -2.28913222e-01  2.01742281e-01
  2.02034091e-01  1.86666180e-01 -2.57947062e-01 -1.70267335e-02
 -9.21024440e-02  2.13707303e-01  4.29144591e-02 -1.48562153e-01
  1.04133755e-01  7.65921090e-02 -1.51424333e-01 -1.20735530e-01
  7.85967205e-02  2.30389867e-01  1.58935496e-01 -4.80564612e-02
  3.69057272e-02  2.63943842e-01 -9.94762565e-02 -8.87461179e-02
 -1.25045895e-01  3.94732877e-02 -6.48532454e-02  3.48605970e-02
 -1.70948099e-01 -1.52633069e-01  8.77277326e-02 -2.85653767e-01
  1.73205055e-01  9.95619688e-02  1.74473599e-02 -7.15529656e-02
  7.90485727e-02  1.45494240e-01 -1.80220020e-01 -1.13940206e-01
 -8.64561077e-02  1.13091669e-01  5.35168465e-02  4.57080451e-02
  1.03372355e-01  1.92263044e-01 -6.76546378e-02 -8.76676835e-02
 -1.29149429e-01  1.22898596e-01  7.43384180e-02 -1.68635744e-01
  6.86253137e-02  1.14334297e-01 -7.08701002e-02  6.18885969e-02
  4.97528587e-02 -9.37010602e-02  3.93845007e-02 -1.56748614e-01
  5.42470967e-02  1.98112786e-01 -1.65415790e-01 -5.00801831e-02
  3.08340772e-02 -1.03340672e-01  1.42011628e-01 -9.33258041e-02
 -6.11692931e-02 -1.56213076e-01 -6.63890545e-02  3.34074612e-02
 -1.08927644e-01 -1.08307864e-01 -2.93012973e-01 -2.60740410e-01
 -2.55340201e-01 -2.49797388e-01 -2.36866185e-01 -2.32465934e-01
 -2.31479415e-01 -3.01556407e-01]
[[6.81313186e-001 2.64530872e-001 3.40239258e-001 ... 2.27826548e-060
  3.99805178e-096 8.81992380e-067]
 [6.81313186e-001 2.64530872e-001 3.40239258e-001 ... 2.27826548e-060
  3.99805178e-096 8.81992380e-067]
 [6.81313186e-001 2.64530872e-001 3.40239258e-001 ... 2.27826548e-060
  3.99805178e-096 8.81992380e-067]
 ...
 [2.11464231e-001 8.54076567e-001 4.43576363e-001 ... 0.00000000e+000
  0.00000000e+000 0.00000000e+000]
 [2.44971094e-001 8.38688024e-001 4.46272903e-001 ... 9.88131292e-324
  0.00000000e+000 0.00000000e+000]
 [2.80368051e-001 8.13654131e-001 4.43576363e-001 ... 3.51724998e-297
  0.00000000e+000 0.00000000e+000]]
[ 1.17682749e+00 -1.24398092e+01  1.68800835e+01 -3.12548941e+00
 -1.42409140e+01  1.15291951e+00 -1.25461057e+00  2.36771173e+00
 -3.22680069e+00 -3.30357158e-01  4.24483324e+00 -7.81126240e+00
 -5.13987194e+00 -1.48916701e+00  1.69248135e+01  7.46922647e+00
 -6.36144458e+00 -1.33909115e+01  3.08727611e+00 -5.71779561e+00
  2.70760334e+00  1.22058953e+01  5.64458328e+00 -6.02229124e-01
  9.16870435e-01 -1.27633028e+00  1.71635711e+00 -2.40656884e-01
  5.10612446e-01  7.46410462e-01  5.46254080e-01 -8.11155762e-01
 -6.24804452e-01 -4.93112478e-03 -1.09086541e-01 -5.70952305e-01
  5.70215211e-01 -4.20791212e-01  6.99977821e-01  2.42174348e-01
  1.82481770e+00 -1.54423928e+00 -6.58225958e-01 -3.31144423e-01
  4.47217202e-01  1.17158344e+00 -1.11287677e+00 -1.04253479e+00
 -1.30378407e+00  4.73523509e-01 -6.16024547e-02  2.48928655e-01
  5.04939322e-01 -1.39915543e-01  1.71496147e+00  2.51930278e-01
 -1.20143955e+00 -9.77294963e-03  1.82650634e-01  3.53399321e-01
  4.73875582e-01 -3.47691111e-01 -5.74337902e-02  6.80434701e-02
  8.00514586e-02  2.76260715e-01  1.34620475e-01 -4.74503666e-01
 -2.58535829e-01 -4.18544139e-01 -1.09250496e-01 -2.39788687e-01
  2.06699205e-01 -3.82441075e-01  1.74245839e-01  2.57633434e-01
 -2.26685115e-01  1.14444387e-01 -2.28913222e-01  2.01742281e-01
  2.02034091e-01  1.86666180e-01 -2.57947062e-01 -1.70267335e-02
 -9.21024440e-02  2.13707303e-01  4.29144591e-02 -1.48562153e-01
  1.04133755e-01  7.65921090e-02 -1.51424333e-01 -1.20735530e-01
  7.85967205e-02  2.30389867e-01  1.58935496e-01 -4.80564612e-02
  3.69057272e-02  2.63943842e-01 -9.94762565e-02 -8.87461179e-02
 -1.25045895e-01  3.94732877e-02 -6.48532454e-02  3.48605970e-02
 -1.70948099e-01 -1.52633069e-01  8.77277326e-02 -2.85653767e-01
  1.73205055e-01  9.95619688e-02  1.74473599e-02 -7.15529656e-02
  7.90485727e-02  1.45494240e-01 -1.80220020e-01 -1.13940206e-01
 -8.64561077e-02  1.13091669e-01  5.35168465e-02  4.57080451e-02
  1.03372355e-01  1.92263044e-01 -6.76546378e-02 -8.76676835e-02
 -1.29149429e-01  1.22898596e-01  7.43384180e-02 -1.68635744e-01
  6.86253137e-02  1.14334297e-01 -7.08701002e-02  6.18885969e-02
  4.97528587e-02 -9.37010602e-02  3.93845007e-02 -1.56748614e-01
  5.42470967e-02  1.98112786e-01 -1.65415790e-01 -5.00801831e-02
  3.08340772e-02 -1.03340672e-01  1.42011628e-01 -9.33258041e-02
 -6.11692931e-02 -1.56213076e-01 -6.63890545e-02  3.34074612e-02
 -1.08927644e-01 -1.08307864e-01 -2.93012973e-01 -2.60740410e-01
 -2.55340201e-01 -2.49797388e-01 -2.36866185e-01 -2.32465934e-01
 -2.31479415e-01 -3.01556407e-01 -2.52333949e-01 -2.51627436e-01]
[[6.81313186e-001 2.64530872e-001 3.40239258e-001 ... 0.00000000e+000
  0.00000000e+000 1.03080022e-129]
 [6.81313186e-001 2.64530872e-001 3.40239258e-001 ... 0.00000000e+000
  0.00000000e+000 1.03080022e-129]
 [6.81313186e-001 2.64530872e-001 3.40239258e-001 ... 0.00000000e+000
  0.00000000e+000 1.03080022e-129]
 ...
 [2.11464231e-001 8.54076567e-001 4.43576363e-001 ... 0.00000000e+000
  0.00000000e+000 0.00000000e+000]
 [2.44971094e-001 8.38688024e-001 4.46272903e-001 ... 0.00000000e+000
  0.00000000e+000 0.00000000e+000]
 [2.80368051e-001 8.13654131e-001 4.43576363e-001 ... 0.00000000e+000
  0.00000000e+000 0.00000000e+000]]
[ 1.17682749e+00 -1.24398092e+01  1.68800835e+01 -3.12548941e+00
 -1.42409140e+01  1.15291951e+00 -1.25461057e+00  2.36771173e+00
 -3.22680069e+00 -3.30357158e-01  4.24483324e+00 -7.81126240e+00
 -5.13987194e+00 -1.48916701e+00  1.69248135e+01  7.46922647e+00
 -6.36144458e+00 -1.33909115e+01  3.08727611e+00 -5.71779561e+00
  2.70760334e+00  1.22058953e+01  5.64458328e+00 -6.02229124e-01
  9.16870435e-01 -1.27633028e+00  1.71635711e+00 -2.40656884e-01
  5.10612446e-01  7.46410462e-01  5.46254080e-01 -8.11155762e-01
 -6.24804452e-01 -4.93112478e-03 -1.09086541e-01 -5.70952305e-01
  5.70215211e-01 -4.20791212e-01  6.99977821e-01  2.42174348e-01
  1.82481770e+00 -1.54423928e+00 -6.58225958e-01 -3.31144423e-01
  4.47217202e-01  1.17158344e+00 -1.11287677e+00 -1.04253479e+00
 -1.30378407e+00  4.73523509e-01 -6.16024547e-02  2.48928655e-01
  5.04939322e-01 -1.39915543e-01  1.71496147e+00  2.51930278e-01
 -1.20143955e+00 -9.77294963e-03  1.82650634e-01  3.53399321e-01
  4.73875582e-01 -3.47691111e-01 -5.74337902e-02  6.80434701e-02
  8.00514586e-02  2.76260715e-01  1.34620475e-01 -4.74503666e-01
 -2.58535829e-01 -4.18544139e-01 -1.09250496e-01 -2.39788687e-01
  2.06699205e-01 -3.82441075e-01  1.74245839e-01  2.57633434e-01
 -2.26685115e-01  1.14444387e-01 -2.28913222e-01  2.01742281e-01
  2.02034091e-01  1.86666180e-01 -2.57947062e-01 -1.70267335e-02
 -9.21024440e-02  2.13707303e-01  4.29144591e-02 -1.48562153e-01
  1.04133755e-01  7.65921090e-02 -1.51424333e-01 -1.20735530e-01
  7.85967205e-02  2.30389867e-01  1.58935496e-01 -4.80564612e-02
  3.69057272e-02  2.63943842e-01 -9.94762565e-02 -8.87461179e-02
 -1.25045895e-01  3.94732877e-02 -6.48532454e-02  3.48605970e-02
 -1.70948099e-01 -1.52633069e-01  8.77277326e-02 -2.85653767e-01
  1.73205055e-01  9.95619688e-02  1.74473599e-02 -7.15529656e-02
  7.90485727e-02  1.45494240e-01 -1.80220020e-01 -1.13940206e-01
 -8.64561077e-02  1.13091669e-01  5.35168465e-02  4.57080451e-02
  1.03372355e-01  1.92263044e-01 -6.76546378e-02 -8.76676835e-02
 -1.29149429e-01  1.22898596e-01  7.43384180e-02 -1.68635744e-01
  6.86253137e-02  1.14334297e-01 -7.08701002e-02  6.18885969e-02
  4.97528587e-02 -9.37010602e-02  3.93845007e-02 -1.56748614e-01
  5.42470967e-02  1.98112786e-01 -1.65415790e-01 -5.00801831e-02
  3.08340772e-02 -1.03340672e-01  1.42011628e-01 -9.33258041e-02
 -6.11692931e-02 -1.56213076e-01 -6.63890545e-02  3.34074612e-02
 -1.08927644e-01 -1.08307864e-01 -2.93012973e-01 -2.60740410e-01
 -2.55340201e-01 -2.49797388e-01 -2.36866185e-01 -2.32465934e-01
 -2.31479415e-01 -3.01556407e-01 -2.52333949e-01 -2.51627436e-01
 -4.60678455e-01 -4.25339336e-01 -4.17329768e-01 -4.13904048e-01
 -4.13220521e-01 -4.11791369e-01 -4.05910137e-01 -4.04004501e-01
 -4.01395986e-01 -4.00286408e-01 -3.98255717e-01 -3.96700714e-01
 -3.84239431e-01 -3.78053082e-01 -3.77773605e-01 -3.74614955e-01
 -3.70393345e-01 -3.69929871e-01 -3.66493157e-01 -3.59865710e-01
 -3.57389772e-01 -3.56335909e-01 -3.55923771e-01 -3.53842351e-01]
[[0.00112305 0.06122252]
 [0.00234375 0.06076398]
 [0.00371094 0.06029149]
 [0.00512695 0.05987851]
 [0.00620117 0.05939379]
 [0.00703125 0.05906921]
 [0.00722656 0.05901319]
 [0.00732422 0.05898528]
 [0.00766602 0.05885661]
 [0.00771484 0.05883855]
 [0.00771484 0.05883855]
 [0.0078125  0.0587989 ]
 [0.00898437 0.05807966]]
