6
5e-05
rdot
MMA
sample
[[0.70590027 1.         0.98737823 ... 0.76488178 0.68129824 0.06561907]
 [0.75709935 1.         0.98737823 ... 0.76488178 0.68129824 0.06550133]
 [0.76771265 1.         0.98737823 ... 0.76488178 0.68129824 0.06420685]
 ...
 [0.22179105 0.10612479 0.98494404 ... 0.68782473 0.44799568 0.        ]
 [0.22936649 0.17687465 0.98494404 ... 0.68782473 0.44799568 0.01645269]
 [0.23694193 0.24762451 0.98494404 ... 0.68782473 0.44799568 0.04733215]]
4784
2.297650451729859e-06
1
2
[[0.36076505 0.71408496 0.27648268 ... 0.84447558 0.82894323 0.57511214]
 [0.36969954 0.68752404 0.26375409 ... 0.83579888 0.79883709 0.58935496]
 [0.37136228 0.68174489 0.26103733 ... 0.83352474 0.79227179 0.59200561]
 ...
 [0.49920156 0.36782012 0.77546185 ... 0.37549766 0.39339597 0.52700956]
 [0.49837419 0.4087174  0.76505216 ... 0.42057947 0.43889149 0.55076659]
 [0.49308549 0.45008844 0.74801229 ... 0.4668485  0.48525665 0.57043185]]
[-16.19764166  -4.78038747 -14.81040033   5.78138281   9.93050253
 -28.80969457  -1.66022507  -5.38469828 -11.73842519  -4.01520258
  17.95034231 -54.75286811  -4.30101393 -13.05584671  15.1464133
  -9.12664368 -19.79023884  -8.78947743   1.77737827 -13.24968255
 -34.97921788  -9.58797066  65.5435144   33.77343722  -4.57239876
   0.97147574   1.11832412   4.60948142   2.08410633  14.36014181
  68.43253115  13.2233832  -34.35819177 -56.274627    -0.71326413
   2.96970548   2.89227462  11.5810603   -1.31187639 -41.7814762
 -22.07620065  15.65204801  21.86079905  19.53546407  26.75727393
  22.66471956  49.39290181  29.77541213 -17.06558113  17.88115781
   3.23943162  27.82854393  17.08816414  35.21222835  -6.52856853
 -23.58399308  14.07333655 -11.0811454   10.51088723 -39.67426684
  25.84377185 -16.15008528 -15.55433453 -49.8069986   40.1652248
   6.47810385 -30.85830777 -11.58625967 -14.04798712  16.44822203
  -8.63212966  22.94972981  37.7510519    1.41904879 -51.88411765
   4.22091009   1.58147057  16.39430774  -7.14696173  17.41309913
   4.60402922  32.5392329  -10.18322016   0.65719601 -30.00859917
  -6.45205526  -9.98560069  20.7632364  -21.4282818   17.48154596
  -3.1046332   -4.67001611  -7.58636047  10.51645811   4.03072017
  -0.64881697  23.43356365 -26.47378677 -20.59554078   5.41334069
 -14.95026519  -7.83524365 -29.57840505  66.13226563 -25.37467939
  32.68064776 -12.65981494 -41.1507772 ]
[[0.36076505 0.71408496 0.27648268 ... 0.12703243 0.65534148 0.11944996]
 [0.36969954 0.68752404 0.26375409 ... 0.13340236 0.68820275 0.10885492]
 [0.37136228 0.68174489 0.26103733 ... 0.13460502 0.69440708 0.10665451]
 ...
 [0.49920156 0.36782012 0.77546185 ... 0.23185459 0.11279361 0.77812799]
 [0.49837419 0.4087174  0.76505216 ... 0.23108667 0.13696829 0.77114867]
 [0.49308549 0.45008844 0.74801229 ... 0.22620816 0.16335398 0.75058406]]
[-1.61976417e+01 -4.78038747e+00 -1.48104003e+01  5.78138281e+00
  9.93050253e+00 -2.88096946e+01 -1.66022507e+00 -5.38469828e+00
 -1.17384252e+01 -4.01520258e+00  1.79503423e+01 -5.47528681e+01
 -4.30101393e+00 -1.30558467e+01  1.51464133e+01 -9.12664368e+00
 -1.97902388e+01 -8.78947743e+00  1.77737827e+00 -1.32496825e+01
 -3.49792179e+01 -9.58797066e+00  6.55435144e+01  3.37734372e+01
 -4.57239876e+00  9.71475738e-01  1.11832412e+00  4.60948142e+00
  2.08410633e+00  1.43601418e+01  6.84325311e+01  1.32233832e+01
 -3.43581918e+01 -5.62746270e+01 -7.13264134e-01  2.96970548e+00
  2.89227462e+00  1.15810603e+01 -1.31187639e+00 -4.17814762e+01
 -2.20762007e+01  1.56520480e+01  2.18607990e+01  1.95354641e+01
  2.67572739e+01  2.26647196e+01  4.93929018e+01  2.97754121e+01
 -1.70655811e+01  1.78811578e+01  3.23943162e+00  2.78285439e+01
  1.70881641e+01  3.52122283e+01 -6.52856853e+00 -2.35839931e+01
  1.40733365e+01 -1.10811454e+01  1.05108872e+01 -3.96742668e+01
  2.58437718e+01 -1.61500853e+01 -1.55543345e+01 -4.98069986e+01
  4.01652248e+01  6.47810385e+00 -3.08583078e+01 -1.15862597e+01
 -1.40479871e+01  1.64482220e+01 -8.63212966e+00  2.29497298e+01
  3.77510519e+01  1.41904879e+00 -5.18841177e+01  4.22091009e+00
  1.58147057e+00  1.63943077e+01 -7.14696173e+00  1.74130991e+01
  4.60402922e+00  3.25392329e+01 -1.01832202e+01  6.57196006e-01
 -3.00085992e+01 -6.45205526e+00 -9.98560069e+00  2.07632364e+01
 -2.14282818e+01  1.74815460e+01 -3.10463320e+00 -4.67001611e+00
 -7.58636047e+00  1.05164581e+01  4.03072017e+00 -6.48816973e-01
  2.34335636e+01 -2.64737868e+01 -2.05955408e+01  5.41334069e+00
 -1.49502652e+01 -7.83524365e+00 -2.95784051e+01  6.61322656e+01
 -2.53746794e+01  3.26806478e+01 -1.26598149e+01 -4.11507772e+01
 -1.93740683e+01 -2.40819110e+01  4.29364638e+00 -1.18449739e+00
 -4.97995394e+00 -1.51634623e+01 -5.42047324e-02  1.04939491e+01
  8.92613125e+00  4.40920783e+00  3.16677990e+00 -2.45150718e+00
  5.44489472e+00  2.26738785e+00 -1.06247535e+00  1.03959742e+01
  5.54763820e+00 -8.89201846e+00  7.40751707e+00 -1.74156011e+01
  5.10734497e+00  1.90831216e+00 -4.70399807e+00 -5.54690791e+00
 -1.54638671e+01  1.44795636e+01 -1.57426190e-02  6.68948052e-01
  1.60106475e+00  1.87349708e+01  3.68604738e-01 -5.56606246e+00
 -1.95935081e+01 -1.97876911e+00 -4.20950952e+00  2.68947180e+01
 -4.36125333e+00  2.88224968e-01  2.04627606e+00 -1.38600961e+00
 -6.88088608e+00  7.64876792e+00 -2.63053009e+00  3.07973771e+00
 -6.20710939e-01 -2.08638006e+01  7.47626196e+00 -1.86739955e+01
  3.83514487e+00  1.68988950e+01 -1.19959730e+01  9.34407780e+00
  4.45235869e+00  8.27872809e+00  4.27803909e+00  2.95433537e+01
 -5.05218248e+01 -5.39614806e+00 -7.06771142e+00  8.59537268e+00
 -8.81986503e+00 -2.59274387e+01 -2.97156318e+00 -3.59602181e+00
 -1.55748599e-01  3.74193675e+00  5.61508061e+00 -6.35222831e+00
  7.62837237e+00  4.92570962e+00  3.29644468e+01  1.94294302e+01
 -1.46474913e+00  6.42806422e+00  1.40003773e+00 -7.04160797e-01
  4.23844987e+01  7.18699423e+01  1.37917312e+01  9.80630196e+00
 -1.48370227e+01 -3.62426400e+01  5.25660040e+00  1.82143513e+00
 -1.71766895e+01 -2.76699738e+01 -7.86970628e-01  1.15261569e+01
  8.17768282e+00 -2.82516935e+00 -1.45535688e+00  1.71462106e+01
 -1.48426396e+01 -1.76229690e+00 -1.43073422e+01 -1.80307435e+01
  1.90268044e+01  6.08982552e+00 -4.45270306e+00 -9.10697369e+00
 -6.77882236e+00 -8.49517389e+00  5.58516337e+00 -6.71897207e+00
 -6.38265483e+00 -4.95919229e+00 -2.22130603e+01  2.54476809e+01
 -6.34204642e-01  1.70426205e+01 -5.11551643e-01  1.76879795e-01
 -6.15284403e+00 -2.14490985e+01  8.01573035e+00  1.11897003e+01
 -5.82658890e+00 -7.63548597e+00  6.34844176e+00  1.26250353e+01
 -1.15525553e+01  2.47714658e+00 -8.43390908e+00 -9.14124961e+00
 -8.45438920e+00  1.40545239e+01  8.47192416e+00 -1.04849336e+01]
[[0.36076505 0.71408496 0.27648268 ... 0.18258555 0.35495776 0.01513336]
 [0.36969954 0.68752404 0.26375409 ... 0.20135573 0.30613318 0.01668911]
 [0.37136228 0.68174489 0.26103733 ... 0.20500265 0.29619266 0.01699139]
 ...
 [0.49920156 0.36782012 0.77546185 ... 0.01097471 0.02918272 0.04638735]
 [0.49837419 0.4087174  0.76505216 ... 0.01434951 0.04521003 0.04608059]
 [0.49308549 0.45008844 0.74801229 ... 0.01809795 0.06756039 0.04415549]]
[-1.61976417e+01 -4.78038747e+00 -1.48104003e+01  5.78138281e+00
  9.93050253e+00 -2.88096946e+01 -1.66022507e+00 -5.38469828e+00
 -1.17384252e+01 -4.01520258e+00  1.79503423e+01 -5.47528681e+01
 -4.30101393e+00 -1.30558467e+01  1.51464133e+01 -9.12664368e+00
 -1.97902388e+01 -8.78947743e+00  1.77737827e+00 -1.32496825e+01
 -3.49792179e+01 -9.58797066e+00  6.55435144e+01  3.37734372e+01
 -4.57239876e+00  9.71475738e-01  1.11832412e+00  4.60948142e+00
  2.08410633e+00  1.43601418e+01  6.84325311e+01  1.32233832e+01
 -3.43581918e+01 -5.62746270e+01 -7.13264134e-01  2.96970548e+00
  2.89227462e+00  1.15810603e+01 -1.31187639e+00 -4.17814762e+01
 -2.20762007e+01  1.56520480e+01  2.18607990e+01  1.95354641e+01
  2.67572739e+01  2.26647196e+01  4.93929018e+01  2.97754121e+01
 -1.70655811e+01  1.78811578e+01  3.23943162e+00  2.78285439e+01
  1.70881641e+01  3.52122283e+01 -6.52856853e+00 -2.35839931e+01
  1.40733365e+01 -1.10811454e+01  1.05108872e+01 -3.96742668e+01
  2.58437718e+01 -1.61500853e+01 -1.55543345e+01 -4.98069986e+01
  4.01652248e+01  6.47810385e+00 -3.08583078e+01 -1.15862597e+01
 -1.40479871e+01  1.64482220e+01 -8.63212966e+00  2.29497298e+01
  3.77510519e+01  1.41904879e+00 -5.18841177e+01  4.22091009e+00
  1.58147057e+00  1.63943077e+01 -7.14696173e+00  1.74130991e+01
  4.60402922e+00  3.25392329e+01 -1.01832202e+01  6.57196006e-01
 -3.00085992e+01 -6.45205526e+00 -9.98560069e+00  2.07632364e+01
 -2.14282818e+01  1.74815460e+01 -3.10463320e+00 -4.67001611e+00
 -7.58636047e+00  1.05164581e+01  4.03072017e+00 -6.48816973e-01
  2.34335636e+01 -2.64737868e+01 -2.05955408e+01  5.41334069e+00
 -1.49502652e+01 -7.83524365e+00 -2.95784051e+01  6.61322656e+01
 -2.53746794e+01  3.26806478e+01 -1.26598149e+01 -4.11507772e+01
 -1.93740683e+01 -2.40819110e+01  4.29364638e+00 -1.18449739e+00
 -4.97995394e+00 -1.51634623e+01 -5.42047324e-02  1.04939491e+01
  8.92613125e+00  4.40920783e+00  3.16677990e+00 -2.45150718e+00
  5.44489472e+00  2.26738785e+00 -1.06247535e+00  1.03959742e+01
  5.54763820e+00 -8.89201846e+00  7.40751707e+00 -1.74156011e+01
  5.10734497e+00  1.90831216e+00 -4.70399807e+00 -5.54690791e+00
 -1.54638671e+01  1.44795636e+01 -1.57426190e-02  6.68948052e-01
  1.60106475e+00  1.87349708e+01  3.68604738e-01 -5.56606246e+00
 -1.95935081e+01 -1.97876911e+00 -4.20950952e+00  2.68947180e+01
 -4.36125333e+00  2.88224968e-01  2.04627606e+00 -1.38600961e+00
 -6.88088608e+00  7.64876792e+00 -2.63053009e+00  3.07973771e+00
 -6.20710939e-01 -2.08638006e+01  7.47626196e+00 -1.86739955e+01
  3.83514487e+00  1.68988950e+01 -1.19959730e+01  9.34407780e+00
  4.45235869e+00  8.27872809e+00  4.27803909e+00  2.95433537e+01
 -5.05218248e+01 -5.39614806e+00 -7.06771142e+00  8.59537268e+00
 -8.81986503e+00 -2.59274387e+01 -2.97156318e+00 -3.59602181e+00
 -1.55748599e-01  3.74193675e+00  5.61508061e+00 -6.35222831e+00
  7.62837237e+00  4.92570962e+00  3.29644468e+01  1.94294302e+01
 -1.46474913e+00  6.42806422e+00  1.40003773e+00 -7.04160797e-01
  4.23844987e+01  7.18699423e+01  1.37917312e+01  9.80630196e+00
 -1.48370227e+01 -3.62426400e+01  5.25660040e+00  1.82143513e+00
 -1.71766895e+01 -2.76699738e+01 -7.86970628e-01  1.15261569e+01
  8.17768282e+00 -2.82516935e+00 -1.45535688e+00  1.71462106e+01
 -1.48426396e+01 -1.76229690e+00 -1.43073422e+01 -1.80307435e+01
  1.90268044e+01  6.08982552e+00 -4.45270306e+00 -9.10697369e+00
 -6.77882236e+00 -8.49517389e+00  5.58516337e+00 -6.71897207e+00
 -6.38265483e+00 -4.95919229e+00 -2.22130603e+01  2.54476809e+01
 -6.34204642e-01  1.70426205e+01 -5.11551643e-01  1.76879795e-01
 -6.15284403e+00 -2.14490985e+01  8.01573035e+00  1.11897003e+01
 -5.82658890e+00 -7.63548597e+00  6.34844176e+00  1.26250353e+01
 -1.15525553e+01  2.47714658e+00 -8.43390908e+00 -9.14124961e+00
 -8.45438920e+00  1.40545239e+01  8.47192416e+00 -1.04849336e+01
 -1.41507038e+01 -7.25828709e+00  1.23222788e+00  1.64342900e+00
 -2.30762772e+00 -8.81731760e-01  1.29610435e+00  4.55346584e-01
  9.33862772e-02 -7.01006606e+00  5.83895613e+00  2.18574688e+00
  3.35567863e+00 -1.00147041e+00 -3.55946824e-01 -1.51879707e-01
 -1.35111182e+01  2.17720201e+01 -9.90616494e-01 -2.18337392e+00
  5.45428105e+00  4.26126389e+00  1.32635527e+00  1.95480633e+00
 -4.45301503e+00  7.07964580e-01 -1.95908385e+00  6.35052647e-01
  2.41731627e-01 -1.99279495e-01  9.08752958e-01  6.03853574e-01
  1.62899608e-01 -7.68020885e-01  1.64809412e+00 -2.32929399e+00
  2.20620724e-01  2.58451599e+00 -6.46131127e-01  1.99887760e+00
 -4.35401864e+00  2.17597850e+00  7.91800820e-01  1.77857153e+01
 -1.71245393e+00  3.52589616e-01 -4.36808235e+00 -4.09983723e-01
 -2.95927627e-01  7.86861845e-01 -2.01821960e+00  3.71915414e-01
 -1.61701417e+00  4.45009755e-01  3.57679754e-01 -1.28770935e+00
  8.24923203e-01  2.06966644e+00  1.43679270e+00 -5.92733016e-01
  1.74967341e+01 -7.84418419e+00 -3.59792056e-01  1.00887172e-01
  1.34867696e-01 -2.64403683e+00 -4.22757965e-01 -7.85854566e+00
  5.57940965e+00  2.41890915e+00  1.15517961e+00  4.42896166e-01
  5.93222305e+00 -1.83281133e+00 -9.40142295e-01 -6.39268874e+01
  3.06020975e+00 -8.52491420e+00 -4.78595976e-01  1.44504341e+00
 -1.92669257e-01 -4.64379001e-01  3.98742598e+00 -2.72746980e+00
 -1.67823430e-01  6.46984382e-02 -2.61063590e+00 -6.19073759e-01
  3.87660953e-01  4.18079685e-01  4.16984970e-02  3.59103145e+00
 -3.29338969e+00 -3.61816809e+00 -1.14253299e+00  1.28008915e-01
 -6.64275383e-01 -6.88479314e+00 -2.99026991e-01  2.12572786e-01
 -4.74696257e+00 -2.87277212e-01 -9.93081667e-01  1.21712966e+00
 -7.72695034e+00  3.84470893e+00  4.79319331e-01  2.21026507e+00
  1.12196080e+00 -2.34933407e+00  9.89219223e-01 -4.74679551e+00
 -1.19188689e+01  6.94021682e-01 -5.23444828e+00 -1.37126240e-01
  4.29593586e+00 -1.33005772e+00  2.40224428e+01 -2.70323854e+00
 -2.08851374e+00  8.98252630e-01 -3.88701030e-01 -2.90012789e-01
  2.81525906e+00  2.80689841e+00 -4.50209536e-01  3.00073178e+00
  2.05192816e+00  1.35930547e+01  1.52963659e+00  5.46193379e+00
 -3.31658778e+00 -1.58321034e+01  7.64441835e+00 -5.44988687e+00
  1.02857301e+00 -1.84571924e+00  6.24691867e+00  3.78501411e+00
 -6.40716099e-01  8.42806753e-01  1.74225944e+00 -1.41702526e+00
  8.79718516e-01  2.96438716e+00  5.75348327e+00 -4.27866434e+00
 -1.02267265e+00  1.84358548e+00  2.26233410e+00 -7.52026703e-01
  1.37541465e+01  1.12330300e+00 -1.79734059e+00  2.16122359e-01
  4.24973736e-02 -2.07576573e+01 -2.65535712e+00 -6.97033209e-01
 -2.22603580e-01  5.07084610e+00  5.24010862e+00  1.22645117e+00
  1.19284185e+00  2.83112359e+00 -1.57130631e+00 -9.45408893e-01
  4.66227199e-01 -7.73771732e-02 -1.39376108e+00 -2.62001703e-02
 -3.86433178e-01  6.48965913e-01  1.50717748e+01  1.63184658e+00
 -2.44643371e+00 -5.09493681e-02  6.83376306e+00 -3.94893712e+00
 -6.00950843e+00  8.18761013e-01  2.50853530e+01  4.16728471e+00
 -1.01627468e+01  5.94425190e+00 -1.36619892e+01 -1.59560680e+01
 -3.90325495e+00 -2.21080078e+01  5.40890153e+00 -2.79199741e+00
  1.80548461e-01 -1.60645859e+01  1.01636208e-01  6.33660229e+01
 -3.44242308e+01  1.33485945e+01  5.80644000e+00 -2.01680090e+00
  1.81260849e+01  1.27342049e+01 -4.65136812e+00 -1.61158197e+00
 -4.01761510e+00 -1.81094002e+00  5.22295585e+00  4.05377431e+00
 -3.23968852e+00  1.21867413e+00 -3.77499503e+00  3.39117616e+00
 -6.35911766e-01 -4.65590137e+00  2.49088680e+00 -5.31208379e+00]
[[3.60765053e-01 7.14084961e-01 2.76482680e-01 ... 7.57537127e-05
  4.76321293e-03 2.39758801e-01]
 [3.69699538e-01 6.87524043e-01 2.63754087e-01 ... 5.19581961e-05
  3.33939732e-03 2.57257953e-01]
 [3.71362281e-01 6.81744892e-01 2.61037334e-01 ... 4.78279182e-05
  3.08793770e-03 2.59826090e-01]
 ...
 [4.99201562e-01 3.67820115e-01 7.75461847e-01 ... 3.53632728e-01
  5.76231840e-01 2.10483019e-04]
 [4.98374187e-01 4.08717401e-01 7.65052163e-01 ... 3.17393002e-01
  6.88471879e-01 5.33309856e-04]
 [4.93085486e-01 4.50088435e-01 7.48012291e-01 ... 2.65056734e-01
  7.65370567e-01 1.25729953e-03]]
[-1.61976417e+01 -4.78038747e+00 -1.48104003e+01  5.78138281e+00
  9.93050253e+00 -2.88096946e+01 -1.66022507e+00 -5.38469828e+00
 -1.17384252e+01 -4.01520258e+00  1.79503423e+01 -5.47528681e+01
 -4.30101393e+00 -1.30558467e+01  1.51464133e+01 -9.12664368e+00
 -1.97902388e+01 -8.78947743e+00  1.77737827e+00 -1.32496825e+01
 -3.49792179e+01 -9.58797066e+00  6.55435144e+01  3.37734372e+01
 -4.57239876e+00  9.71475738e-01  1.11832412e+00  4.60948142e+00
  2.08410633e+00  1.43601418e+01  6.84325311e+01  1.32233832e+01
 -3.43581918e+01 -5.62746270e+01 -7.13264134e-01  2.96970548e+00
  2.89227462e+00  1.15810603e+01 -1.31187639e+00 -4.17814762e+01
 -2.20762007e+01  1.56520480e+01  2.18607990e+01  1.95354641e+01
  2.67572739e+01  2.26647196e+01  4.93929018e+01  2.97754121e+01
 -1.70655811e+01  1.78811578e+01  3.23943162e+00  2.78285439e+01
  1.70881641e+01  3.52122283e+01 -6.52856853e+00 -2.35839931e+01
  1.40733365e+01 -1.10811454e+01  1.05108872e+01 -3.96742668e+01
  2.58437718e+01 -1.61500853e+01 -1.55543345e+01 -4.98069986e+01
  4.01652248e+01  6.47810385e+00 -3.08583078e+01 -1.15862597e+01
 -1.40479871e+01  1.64482220e+01 -8.63212966e+00  2.29497298e+01
  3.77510519e+01  1.41904879e+00 -5.18841177e+01  4.22091009e+00
  1.58147057e+00  1.63943077e+01 -7.14696173e+00  1.74130991e+01
  4.60402922e+00  3.25392329e+01 -1.01832202e+01  6.57196006e-01
 -3.00085992e+01 -6.45205526e+00 -9.98560069e+00  2.07632364e+01
 -2.14282818e+01  1.74815460e+01 -3.10463320e+00 -4.67001611e+00
 -7.58636047e+00  1.05164581e+01  4.03072017e+00 -6.48816973e-01
  2.34335636e+01 -2.64737868e+01 -2.05955408e+01  5.41334069e+00
 -1.49502652e+01 -7.83524365e+00 -2.95784051e+01  6.61322656e+01
 -2.53746794e+01  3.26806478e+01 -1.26598149e+01 -4.11507772e+01
 -1.93740683e+01 -2.40819110e+01  4.29364638e+00 -1.18449739e+00
 -4.97995394e+00 -1.51634623e+01 -5.42047324e-02  1.04939491e+01
  8.92613125e+00  4.40920783e+00  3.16677990e+00 -2.45150718e+00
  5.44489472e+00  2.26738785e+00 -1.06247535e+00  1.03959742e+01
  5.54763820e+00 -8.89201846e+00  7.40751707e+00 -1.74156011e+01
  5.10734497e+00  1.90831216e+00 -4.70399807e+00 -5.54690791e+00
 -1.54638671e+01  1.44795636e+01 -1.57426190e-02  6.68948052e-01
  1.60106475e+00  1.87349708e+01  3.68604738e-01 -5.56606246e+00
 -1.95935081e+01 -1.97876911e+00 -4.20950952e+00  2.68947180e+01
 -4.36125333e+00  2.88224968e-01  2.04627606e+00 -1.38600961e+00
 -6.88088608e+00  7.64876792e+00 -2.63053009e+00  3.07973771e+00
 -6.20710939e-01 -2.08638006e+01  7.47626196e+00 -1.86739955e+01
  3.83514487e+00  1.68988950e+01 -1.19959730e+01  9.34407780e+00
  4.45235869e+00  8.27872809e+00  4.27803909e+00  2.95433537e+01
 -5.05218248e+01 -5.39614806e+00 -7.06771142e+00  8.59537268e+00
 -8.81986503e+00 -2.59274387e+01 -2.97156318e+00 -3.59602181e+00
 -1.55748599e-01  3.74193675e+00  5.61508061e+00 -6.35222831e+00
  7.62837237e+00  4.92570962e+00  3.29644468e+01  1.94294302e+01
 -1.46474913e+00  6.42806422e+00  1.40003773e+00 -7.04160797e-01
  4.23844987e+01  7.18699423e+01  1.37917312e+01  9.80630196e+00
 -1.48370227e+01 -3.62426400e+01  5.25660040e+00  1.82143513e+00
 -1.71766895e+01 -2.76699738e+01 -7.86970628e-01  1.15261569e+01
  8.17768282e+00 -2.82516935e+00 -1.45535688e+00  1.71462106e+01
 -1.48426396e+01 -1.76229690e+00 -1.43073422e+01 -1.80307435e+01
  1.90268044e+01  6.08982552e+00 -4.45270306e+00 -9.10697369e+00
 -6.77882236e+00 -8.49517389e+00  5.58516337e+00 -6.71897207e+00
 -6.38265483e+00 -4.95919229e+00 -2.22130603e+01  2.54476809e+01
 -6.34204642e-01  1.70426205e+01 -5.11551643e-01  1.76879795e-01
 -6.15284403e+00 -2.14490985e+01  8.01573035e+00  1.11897003e+01
 -5.82658890e+00 -7.63548597e+00  6.34844176e+00  1.26250353e+01
 -1.15525553e+01  2.47714658e+00 -8.43390908e+00 -9.14124961e+00
 -8.45438920e+00  1.40545239e+01  8.47192416e+00 -1.04849336e+01
 -1.41507038e+01 -7.25828709e+00  1.23222788e+00  1.64342900e+00
 -2.30762772e+00 -8.81731760e-01  1.29610435e+00  4.55346584e-01
  9.33862772e-02 -7.01006606e+00  5.83895613e+00  2.18574688e+00
  3.35567863e+00 -1.00147041e+00 -3.55946824e-01 -1.51879707e-01
 -1.35111182e+01  2.17720201e+01 -9.90616494e-01 -2.18337392e+00
  5.45428105e+00  4.26126389e+00  1.32635527e+00  1.95480633e+00
 -4.45301503e+00  7.07964580e-01 -1.95908385e+00  6.35052647e-01
  2.41731627e-01 -1.99279495e-01  9.08752958e-01  6.03853574e-01
  1.62899608e-01 -7.68020885e-01  1.64809412e+00 -2.32929399e+00
  2.20620724e-01  2.58451599e+00 -6.46131127e-01  1.99887760e+00
 -4.35401864e+00  2.17597850e+00  7.91800820e-01  1.77857153e+01
 -1.71245393e+00  3.52589616e-01 -4.36808235e+00 -4.09983723e-01
 -2.95927627e-01  7.86861845e-01 -2.01821960e+00  3.71915414e-01
 -1.61701417e+00  4.45009755e-01  3.57679754e-01 -1.28770935e+00
  8.24923203e-01  2.06966644e+00  1.43679270e+00 -5.92733016e-01
  1.74967341e+01 -7.84418419e+00 -3.59792056e-01  1.00887172e-01
  1.34867696e-01 -2.64403683e+00 -4.22757965e-01 -7.85854566e+00
  5.57940965e+00  2.41890915e+00  1.15517961e+00  4.42896166e-01
  5.93222305e+00 -1.83281133e+00 -9.40142295e-01 -6.39268874e+01
  3.06020975e+00 -8.52491420e+00 -4.78595976e-01  1.44504341e+00
 -1.92669257e-01 -4.64379001e-01  3.98742598e+00 -2.72746980e+00
 -1.67823430e-01  6.46984382e-02 -2.61063590e+00 -6.19073759e-01
  3.87660953e-01  4.18079685e-01  4.16984970e-02  3.59103145e+00
 -3.29338969e+00 -3.61816809e+00 -1.14253299e+00  1.28008915e-01
 -6.64275383e-01 -6.88479314e+00 -2.99026991e-01  2.12572786e-01
 -4.74696257e+00 -2.87277212e-01 -9.93081667e-01  1.21712966e+00
 -7.72695034e+00  3.84470893e+00  4.79319331e-01  2.21026507e+00
  1.12196080e+00 -2.34933407e+00  9.89219223e-01 -4.74679551e+00
 -1.19188689e+01  6.94021682e-01 -5.23444828e+00 -1.37126240e-01
  4.29593586e+00 -1.33005772e+00  2.40224428e+01 -2.70323854e+00
 -2.08851374e+00  8.98252630e-01 -3.88701030e-01 -2.90012789e-01
  2.81525906e+00  2.80689841e+00 -4.50209536e-01  3.00073178e+00
  2.05192816e+00  1.35930547e+01  1.52963659e+00  5.46193379e+00
 -3.31658778e+00 -1.58321034e+01  7.64441835e+00 -5.44988687e+00
  1.02857301e+00 -1.84571924e+00  6.24691867e+00  3.78501411e+00
 -6.40716099e-01  8.42806753e-01  1.74225944e+00 -1.41702526e+00
  8.79718516e-01  2.96438716e+00  5.75348327e+00 -4.27866434e+00
 -1.02267265e+00  1.84358548e+00  2.26233410e+00 -7.52026703e-01
  1.37541465e+01  1.12330300e+00 -1.79734059e+00  2.16122359e-01
  4.24973736e-02 -2.07576573e+01 -2.65535712e+00 -6.97033209e-01
 -2.22603580e-01  5.07084610e+00  5.24010862e+00  1.22645117e+00
  1.19284185e+00  2.83112359e+00 -1.57130631e+00 -9.45408893e-01
  4.66227199e-01 -7.73771732e-02 -1.39376108e+00 -2.62001703e-02
 -3.86433178e-01  6.48965913e-01  1.50717748e+01  1.63184658e+00
 -2.44643371e+00 -5.09493681e-02  6.83376306e+00 -3.94893712e+00
 -6.00950843e+00  8.18761013e-01  2.50853530e+01  4.16728471e+00
 -1.01627468e+01  5.94425190e+00 -1.36619892e+01 -1.59560680e+01
 -3.90325495e+00 -2.21080078e+01  5.40890153e+00 -2.79199741e+00
  1.80548461e-01 -1.60645859e+01  1.01636208e-01  6.33660229e+01
 -3.44242308e+01  1.33485945e+01  5.80644000e+00 -2.01680090e+00
  1.81260849e+01  1.27342049e+01 -4.65136812e+00 -1.61158197e+00
 -4.01761510e+00 -1.81094002e+00  5.22295585e+00  4.05377431e+00
 -3.23968852e+00  1.21867413e+00 -3.77499503e+00  3.39117616e+00
 -6.35911766e-01 -4.65590137e+00  2.49088680e+00 -5.31208379e+00
 -8.37569238e+00 -5.93058770e-01 -3.29051185e-01  7.80192015e-01
 -4.45654692e-02 -1.22798141e+00 -3.60606175e-01  3.86466250e-01
  9.15553086e+00  2.54387142e-01 -1.49113772e-01  1.40279102e+00
  1.59142406e-01 -1.75639294e-02  1.45138976e-01 -1.86400538e+00
 -8.70885691e-01  7.72147776e-01 -1.71856100e+00 -2.05197107e-01
  2.07126647e+00 -2.32828769e+00 -5.90514326e-01  3.48511102e-01
  5.19364394e+00  6.70088484e-02 -8.20448541e-02  2.75108018e-01
 -1.65666542e+00  1.07953720e+00 -1.02908627e+00 -1.10063947e-01
 -1.01996319e+00 -2.51764904e-01  4.44481873e-02 -9.97431925e-02
 -7.21640687e-01  2.45657891e-01  3.81275363e-01 -3.86060746e-01
  9.07144196e-02  2.57160320e-01 -2.51378834e-01 -3.27243197e+00
 -2.94918913e-01 -4.94554560e+00  1.58049947e+00  5.23346509e-02
 -2.06628139e-01 -1.19867230e+00 -8.52338623e-01  5.77532139e-01
 -9.68835365e-01 -2.01724924e-01 -4.70548402e-02 -8.65004224e-03
  1.18831789e-01 -2.29720873e-01  1.88105542e-01 -5.15254568e-01
  4.22382016e-02  3.65988290e-01  3.77980192e-02 -1.74472586e+00
 -2.08171353e-01  2.68561309e-01 -2.13764335e-01  4.97559793e-01
  7.99631136e-02 -1.22389746e+01  2.24711983e-01 -1.87819625e-01
  2.53860330e+00 -1.69092275e-01 -2.70570968e-01 -2.00483448e-01
  3.82098490e-02  1.10660074e-01  2.72558360e-01 -6.18515135e-01
 -3.10405292e-01  1.76999781e-01  2.22954951e-01 -4.72678275e-02
  1.49829640e-01  5.56795271e+00 -2.16737169e+00  1.14419649e+00
  3.02006076e+00  8.65498129e-01  3.89674475e+00 -9.13682365e+00
 -1.16252629e-01 -6.21957536e-01  1.50392355e+00  1.04886431e-01
  1.68387980e+00 -3.94043584e-01  1.00775204e+00 -2.80457604e-01
 -1.92260953e+00  1.63305112e+00 -2.43755452e-01 -4.96039732e+00
  7.80914073e+00  4.16534785e-01 -1.79067436e-01 -1.19719437e+00
  1.22102996e+00 -5.49898184e-01 -2.88250129e+00  9.58919028e-02
 -8.25869458e-01 -2.66008604e-01  1.47597299e-01 -1.53237689e+00
  5.02838036e-01  2.09031893e-01 -3.20786177e-02  8.63568201e-02
 -3.19657345e+00 -8.04363467e-02  1.36544529e-01 -6.87695650e+00
  1.17100700e+00  4.31491723e+00  1.43518119e+00 -1.11470950e-01
 -1.22819731e-01  2.62595165e-01  4.63667942e+00 -5.76783172e+00
  9.50568957e-01  1.33820085e-01  5.73622703e-01 -1.80000679e+00
 -2.66520775e-01  1.07690384e-01  6.35941105e+00  3.87405084e+00
 -2.38475514e-01  2.71731311e-02 -4.49090819e-01 -2.83045645e-01
  1.60819653e-01  1.55863147e-01 -7.44527079e-02  1.44936054e-01
  1.13903652e-01  4.39707255e-01 -4.34044750e-01  5.67323767e-01
 -1.43584398e+00  5.06068532e+00 -3.15346904e-01  3.96497117e-01
  8.81889746e-02 -2.89895036e-02 -5.00774139e-01 -4.07923211e-02
  1.99897226e-01 -2.13091586e+00  1.41584170e+01  1.24198053e-01
  6.21233272e-01 -3.23453733e-01  1.71949289e+00  5.30925668e-02
  3.01525834e-02 -1.30308817e+00  2.41886716e+00  2.27838168e-01
 -6.12885966e-01  2.69535150e+00 -5.50953113e+00 -1.08977837e-01
 -3.40684500e-01 -5.44556970e+00  5.75166025e+00 -1.45386176e-01
 -7.07328399e-01 -1.24059388e+00  5.10535504e+00  6.15171203e+00
  9.21880204e+00  2.54930798e+00 -3.63000483e-02 -9.72103131e-01
  7.50163315e-01 -1.92091360e-01 -4.70966849e+00  3.20315632e-01
  1.23045275e+00  2.58698598e+00 -7.60765126e+00 -8.14342456e+00
  4.93070902e-01  1.34725546e+00 -1.91420587e+00  6.89916453e-01
  5.32659614e-01 -4.53351855e+00  4.63637124e-01  1.67641203e+00
  1.09264983e-02 -3.19660912e-02 -2.55489493e-01  5.22089801e-02
 -2.29807020e-01  6.00391896e-02  3.93466613e-03  3.55386687e-01
 -1.90258705e+00 -4.12525636e-02 -4.08442082e+00  1.62310447e+00
 -6.98531910e-01  4.05394155e-01  1.01901199e-01  1.84809041e+00
 -7.00553101e-01 -7.37637993e-01  3.06372850e-01 -2.52851400e-01
  3.40625390e-01  9.77406105e-01  2.43405604e-01 -3.61854202e-01
 -4.25915634e-01  3.55023970e-02  7.33113211e-02  1.89543633e+00
  7.33064794e-01 -1.63401381e-01 -4.43499153e-01  6.35510506e-02
  1.61453933e+00 -7.04174713e-01  2.58002401e-01 -6.62391463e-02
  2.74182979e-01 -1.04905638e-01  6.20188157e-02 -3.30236996e-02
 -6.70717727e-02 -7.84640551e-02  1.34368246e-01 -9.12155344e-01
 -1.22493367e-01  6.85886641e+00 -7.69330852e-01  7.59246371e-01
 -1.66229432e-02 -8.55755724e-01  3.57816321e-01 -1.12549351e+00
  3.64820499e-02 -1.78889542e+00 -2.62699291e-01 -7.98905392e+00
  7.73432983e-02 -3.26448308e+00  2.84649597e+00 -2.37840230e+00
 -4.98615608e-02 -1.71253998e-02 -6.12744982e+00 -6.21370460e+00
 -1.19855343e+00  4.97317398e-01 -7.48620246e-03 -1.15785433e+01
 -3.54243759e-01  2.98149434e+00  1.25384455e+00 -1.13439902e-02
 -5.56147590e-01  9.70999415e-02  3.44836296e-02 -6.65440596e+00
 -1.75929278e-01  1.85397586e+01 -1.05457086e+01 -1.71630084e+00
 -1.49677884e+00 -5.07473048e-01 -1.82596572e+00 -1.05925721e+01
  6.40479465e+00 -4.22900637e-01 -9.76456599e-01  5.82256144e-01
 -2.86757241e-01 -1.62716719e-01  1.23404966e+00  6.26686280e-01
  5.72982854e-01  2.79853677e+00  2.62018653e+00 -6.28863041e-01
 -1.20545994e+00  3.53908700e-01 -8.71710404e-01 -4.84872318e-01
 -6.92196249e-02  1.62787477e+01  6.66086012e+00  1.77688094e+00
  1.99284181e-01  2.22970484e+00 -1.33579085e+00  4.15914302e+00
  3.36329898e+00 -3.94704455e-01  4.39024667e-01  9.14878632e-02
  5.31231807e-02 -3.70317529e-02 -2.94144433e-01  4.09917761e+00
  2.54935923e+00 -1.59090003e-01 -2.81924477e-01 -4.31825070e-01
 -5.25039873e-01 -2.03052956e+00 -1.44371297e+00 -9.27250254e+00
  7.82510392e-01 -4.05428180e-01 -3.26746091e-01 -2.10767741e-01
  2.01993800e-01  8.90566996e-02  1.09315020e+00]
[[3.60765053e-01 7.14084961e-01 2.76482680e-01 ... 2.44093205e-07
  1.71793608e-02 9.61120707e-05]
 [3.69699538e-01 6.87524043e-01 2.63754087e-01 ... 1.17394623e-07
  2.54095620e-02 1.42157137e-04]
 [3.71362281e-01 6.81744892e-01 2.61037334e-01 ... 9.99289788e-08
  2.73010345e-02 1.52739269e-04]
 ...
 [4.99201562e-01 3.67820115e-01 7.75461847e-01 ... 2.32392412e-01
  8.18398944e-08 4.86123674e-06]
 [4.98374187e-01 4.08717401e-01 7.65052163e-01 ... 2.49761414e-01
  2.87367022e-07 8.19523078e-06]
 [4.93085486e-01 4.50088435e-01 7.48012291e-01 ... 2.32392412e-01
  8.73578610e-07 1.19610361e-05]]
[-16.19764166  -4.78038747 -14.81040033 ...  -0.44948727   0.61212337
   0.65781487]
[[3.60765053e-01 7.14084961e-01 2.76482680e-01 ... 3.77206267e-09
  3.82556229e-09 3.29318167e-17]
 [3.69699538e-01 6.87524043e-01 2.63754087e-01 ... 8.25202183e-09
  9.24203630e-10 7.28813251e-18]
 [3.71362281e-01 6.81744892e-01 2.61037334e-01 ... 9.52630426e-09
  6.75724109e-10 5.23270090e-18]
 ...
 [4.99201562e-01 3.67820115e-01 7.75461847e-01 ... 9.60905127e-13
  2.90648379e-03 1.56390297e-02]
 [4.98374187e-01 4.08717401e-01 7.65052163e-01 ... 2.73092230e-12
  5.92275435e-03 1.01482087e-02]
 [4.93085486e-01 4.50088435e-01 7.48012291e-01 ... 5.81734160e-12
  9.04619460e-03 4.93577515e-03]]
[-1.61976417e+01 -4.78038747e+00 -1.48104003e+01 ...  1.02799836e+01
  1.69807734e-03 -5.39643243e-03]
[[3.60765053e-01 7.14084961e-01 2.76482680e-01 ... 3.77206267e-09
  3.82556229e-09 3.29318167e-17]
 [3.69699538e-01 6.87524043e-01 2.63754087e-01 ... 8.25202183e-09
  9.24203630e-10 7.28813251e-18]
 [3.71362281e-01 6.81744892e-01 2.61037334e-01 ... 9.52630426e-09
  6.75724109e-10 5.23270090e-18]
 ...
 [4.99201562e-01 3.67820115e-01 7.75461847e-01 ... 9.60905127e-13
  2.90648379e-03 1.56390297e-02]
 [4.98374187e-01 4.08717401e-01 7.65052163e-01 ... 2.73092230e-12
  5.92275435e-03 1.01482087e-02]
 [4.93085486e-01 4.50088435e-01 7.48012291e-01 ... 5.81734160e-12
  9.04619460e-03 4.93577515e-03]]
[-1.61976417e+01 -4.78038747e+00 -1.48104003e+01 ...  1.02799836e+01
  1.69807734e-03 -5.39643243e-03]
[[2.25752508e-02 1.89521666e-03]
 [4.93311037e-02 1.12335156e-03]
 [9.44816054e-02 5.99402946e-04]
 [1.64506689e-01 2.97278269e-04]
 [2.85953177e-01 1.19826670e-04]
 [4.87667224e-01 5.12262388e-05]
 [4.87667224e-01 5.12262388e-05]]
