12
0.0002
rdot
MMA
sample
[[ 1.          0.97873908  0.76356524 ...  0.9782      0.59105727
   0.27531309]
 [ 1.          0.97873908  0.76356524 ...  0.9782      0.59105727
   0.37814505]
 [ 1.          0.97873908  0.76356524 ...  0.9782      0.59105727
   0.39295525]
 ...
 [ 0.10612479  0.9834187   0.93762584 ...  0.66369007  0.95890836
  -0.11330898]
 [ 0.17687465  0.9834187   0.93762584 ...  0.66369007  0.95890836
  -0.11745745]
 [ 0.24762451  0.9834187   0.93762584 ...  0.66369007  0.95890836
  -0.12113016]]
20480
8.644379703590664e-06
[[0.68131319 0.26453087 0.34023926 ... 0.71912621 0.27590711 0.30924544]
 [0.68131319 0.26453087 0.34023926 ... 0.71912621 0.27590711 0.30924544]
 [0.68131319 0.26453087 0.34023926 ... 0.71912621 0.27590711 0.30924544]
 ...
 [0.21146423 0.85407657 0.44357636 ... 0.51975198 0.80869346 0.62142574]
 [0.24497109 0.83868802 0.4462729  ... 0.57977669 0.79412262 0.61022904]
 [0.28036805 0.81365413 0.44357636 ... 0.63894151 0.77041895 0.59201439]]
[ 6.98987361e+00 -2.51955651e+00  6.22974368e+00 -1.23921683e+00
  3.88983884e+00 -1.29219037e+00 -9.42092759e+00  3.04651157e+00
  1.68872069e+00  2.96146719e+00 -1.30799158e+01  1.69467612e+01
 -3.04048789e-01 -4.15371057e+00 -1.39341676e+00 -1.78885304e+00
 -1.18322501e+01  7.31296262e+00  9.40074442e+00  7.79555804e+00
  3.50808086e+00 -7.10719080e+00 -5.21142517e-04  3.25304060e-01
 -3.37689824e+01 -5.41745519e+00  1.65910277e-02  1.66670624e+00
 -5.42420680e-01  2.73122953e+01 -1.38182351e+00  2.82842646e+01
  3.35041529e+00 -2.76825577e+01 -2.40619564e+01  7.92844962e+00
 -8.22573621e+00  5.43983820e-01 -7.83883608e+00  1.31254042e+01
  1.26552207e+01]
[[0.68131319 0.26453087 0.34023926 ... 0.5910391  0.08129434 0.06273771]
 [0.68131319 0.26453087 0.34023926 ... 0.5910391  0.08129434 0.06273771]
 [0.68131319 0.26453087 0.34023926 ... 0.5910391  0.08129434 0.06273771]
 ...
 [0.21146423 0.85407657 0.44357636 ... 0.17600975 0.22194338 0.19675999]
 [0.24497109 0.83868802 0.4462729  ... 0.22390675 0.21401759 0.18973352]
 [0.28036805 0.81365413 0.44357636 ... 0.2780156  0.2014319  0.1785759 ]]
[ 6.98987361e+00 -2.51955651e+00  6.22974368e+00 -1.23921683e+00
  3.88983884e+00 -1.29219037e+00 -9.42092759e+00  3.04651157e+00
  1.68872069e+00  2.96146719e+00 -1.30799158e+01  1.69467612e+01
 -3.04048789e-01 -4.15371057e+00 -1.39341676e+00 -1.78885304e+00
 -1.18322501e+01  7.31296262e+00  9.40074442e+00  7.79555804e+00
  3.50808086e+00 -7.10719080e+00 -5.21142517e-04  3.25304060e-01
 -3.37689824e+01 -5.41745519e+00  1.65910277e-02  1.66670624e+00
 -5.42420680e-01  2.73122953e+01 -1.38182351e+00  2.82842646e+01
  3.35041529e+00 -2.76825577e+01 -2.40619564e+01  7.92844962e+00
 -8.22573621e+00  5.43983820e-01 -7.83883608e+00  1.31254042e+01
  1.26552207e+01 -4.53636156e+00  6.42345140e+00 -5.47893863e+00
  1.34850260e-01 -9.27712954e-01 -2.70039058e+00 -5.26871109e-01
  1.70484921e+01  2.13875325e+00 -1.69403298e+00  4.39677142e-02
  3.50880902e+00 -1.87528411e+01 -7.57220235e-01 -2.63472835e+01
 -4.89454199e-01 -2.07368548e+00  2.70850186e+00 -2.49688054e+00
 -4.24687989e+00  4.72264209e+00 -7.44717900e+00 -7.39486630e-01
  2.81975713e+00 -2.21994454e+00  1.20257396e+00  4.35845918e+00
  1.76294643e+00  1.52148192e+01 -9.47455612e-01 -1.42316611e+01
 -1.09389220e+01  2.12126048e+01  3.43340272e+00  1.28107737e+01
  1.04757198e+01  2.07177191e+01  1.64475708e+01  3.39126222e+00
 -3.13543383e+00 -6.13420325e+00 -5.27503350e+00  2.88719693e+00
 -8.25618920e+00 -2.54159893e+00  6.76031299e+00  1.21265885e+01
 -7.05771962e+00 -5.55954469e+00 -8.39012508e+00 -4.61345621e-01
  5.63794584e+00  2.14173525e+00  1.54539162e+00  3.25116363e+00
 -2.57738421e+00  1.85077891e+00 -1.50671013e+01 -1.89932423e+00
 -3.09412062e+00 -1.19548579e+01  4.59186386e+00]
[[0.68131319 0.26453087 0.34023926 ... 0.39127175 0.41580016 0.00444366]
 [0.68131319 0.26453087 0.34023926 ... 0.39127175 0.41580016 0.00444366]
 [0.68131319 0.26453087 0.34023926 ... 0.39127175 0.41580016 0.00444366]
 ...
 [0.21146423 0.85407657 0.44357636 ... 0.01172343 0.01175164 0.42987411]
 [0.24497109 0.83868802 0.4462729  ... 0.0206736  0.02072334 0.39971996]
 [0.28036805 0.81365413 0.44357636 ... 0.03473125 0.03481482 0.35408979]]
[ 6.98987361e+00 -2.51955651e+00  6.22974368e+00 -1.23921683e+00
  3.88983884e+00 -1.29219037e+00 -9.42092759e+00  3.04651157e+00
  1.68872069e+00  2.96146719e+00 -1.30799158e+01  1.69467612e+01
 -3.04048789e-01 -4.15371057e+00 -1.39341676e+00 -1.78885304e+00
 -1.18322501e+01  7.31296262e+00  9.40074442e+00  7.79555804e+00
  3.50808086e+00 -7.10719080e+00 -5.21142517e-04  3.25304060e-01
 -3.37689824e+01 -5.41745519e+00  1.65910277e-02  1.66670624e+00
 -5.42420680e-01  2.73122953e+01 -1.38182351e+00  2.82842646e+01
  3.35041529e+00 -2.76825577e+01 -2.40619564e+01  7.92844962e+00
 -8.22573621e+00  5.43983820e-01 -7.83883608e+00  1.31254042e+01
  1.26552207e+01 -4.53636156e+00  6.42345140e+00 -5.47893863e+00
  1.34850260e-01 -9.27712954e-01 -2.70039058e+00 -5.26871109e-01
  1.70484921e+01  2.13875325e+00 -1.69403298e+00  4.39677142e-02
  3.50880902e+00 -1.87528411e+01 -7.57220235e-01 -2.63472835e+01
 -4.89454199e-01 -2.07368548e+00  2.70850186e+00 -2.49688054e+00
 -4.24687989e+00  4.72264209e+00 -7.44717900e+00 -7.39486630e-01
  2.81975713e+00 -2.21994454e+00  1.20257396e+00  4.35845918e+00
  1.76294643e+00  1.52148192e+01 -9.47455612e-01 -1.42316611e+01
 -1.09389220e+01  2.12126048e+01  3.43340272e+00  1.28107737e+01
  1.04757198e+01  2.07177191e+01  1.64475708e+01  3.39126222e+00
 -3.13543383e+00 -6.13420325e+00 -5.27503350e+00  2.88719693e+00
 -8.25618920e+00 -2.54159893e+00  6.76031299e+00  1.21265885e+01
 -7.05771962e+00 -5.55954469e+00 -8.39012508e+00 -4.61345621e-01
  5.63794584e+00  2.14173525e+00  1.54539162e+00  3.25116363e+00
 -2.57738421e+00  1.85077891e+00 -1.50671013e+01 -1.89932423e+00
 -3.09412062e+00 -1.19548579e+01  4.59186386e+00 -3.26396492e+00
  3.49121138e-03  6.23850202e-01  4.19500052e+00  9.83914742e-01
 -2.10456574e+00 -1.07519403e+00 -1.15921469e+00  1.08045010e+00
 -2.80064173e-01  2.17556697e+00  2.02028982e+00  2.42326303e-01
  1.33615730e+00  2.45045545e+00  8.09706683e-01 -9.99636714e-01
  2.53034331e+00 -2.23810697e+00 -1.18737839e+00  6.37827697e-01
  7.43676648e-01  3.97832690e-02 -6.96009891e-01 -2.92325821e+00
  6.71395574e-01 -1.30040333e+00 -3.12838155e-01 -1.37106917e+00
 -3.52646443e-01 -2.94909321e+00  1.03456863e+00  9.10972981e-01
  1.25064136e+00 -2.15786642e+00 -1.10962253e+01 -1.90218944e+00
  4.94339177e-01  1.58960266e-01  9.76935676e-01  9.19662291e-02
  4.62564522e+00 -4.30846556e+00  1.30227774e+00 -4.13331380e-02
  3.09392458e-01 -3.72125179e-01 -1.54593523e+00 -1.28017078e+00
 -2.18379404e-01 -2.68348110e+00  8.87828487e-01 -4.67693536e+00
  1.78188582e+00 -1.57220637e+00  2.41720567e+00  1.94686970e+00
  8.07336301e-01 -1.87020576e+00  2.28186650e+00 -3.37125680e+00
  9.00372788e-01  4.54238239e+00  5.48128012e+00 -4.50247127e+00
  6.77442003e+00  3.66009048e+00  1.51992700e+00 -3.11201545e+00
  5.74855377e-01  4.06781871e+00 -2.43040246e+00  2.64182253e+00
  5.25570435e+00  1.54549082e+00 -2.52523416e+00  4.70330243e+00
  2.44171747e+00  1.16270854e+00 -3.11227514e-03  5.85803626e-01
 -4.11866086e+00 -1.55226577e+00 -6.07726612e-01  9.07150740e-01
 -3.77199602e-01 -3.88291637e+00 -2.41846734e+00 -1.84990302e+00
 -6.25657097e-01 -2.36519413e+00 -9.26118198e-01  1.26475040e+00]
[[6.81313186e-01 2.64530872e-01 3.40239258e-01 ... 8.15100634e-05
  4.46123091e-04 5.90608625e-02]
 [6.81313186e-01 2.64530872e-01 3.40239258e-01 ... 8.15100634e-05
  4.46123091e-04 5.90608625e-02]
 [6.81313186e-01 2.64530872e-01 3.40239258e-01 ... 8.15100634e-05
  4.46123091e-04 5.90608625e-02]
 ...
 [2.11464231e-01 8.54076567e-01 4.43576363e-01 ... 7.22745099e-02
  1.55597110e-01 1.73920637e-02]
 [2.44971094e-01 8.38688024e-01 4.46272903e-01 ... 6.24905343e-02
  1.97688773e-01 3.47948254e-02]
 [2.80368051e-01 8.13654131e-01 4.43576363e-01 ... 4.90376190e-02
  2.27954694e-01 6.31777654e-02]]
[ 6.98987361e+00 -2.51955651e+00  6.22974368e+00 -1.23921683e+00
  3.88983884e+00 -1.29219037e+00 -9.42092759e+00  3.04651157e+00
  1.68872069e+00  2.96146719e+00 -1.30799158e+01  1.69467612e+01
 -3.04048789e-01 -4.15371057e+00 -1.39341676e+00 -1.78885304e+00
 -1.18322501e+01  7.31296262e+00  9.40074442e+00  7.79555804e+00
  3.50808086e+00 -7.10719080e+00 -5.21142517e-04  3.25304060e-01
 -3.37689824e+01 -5.41745519e+00  1.65910277e-02  1.66670624e+00
 -5.42420680e-01  2.73122953e+01 -1.38182351e+00  2.82842646e+01
  3.35041529e+00 -2.76825577e+01 -2.40619564e+01  7.92844962e+00
 -8.22573621e+00  5.43983820e-01 -7.83883608e+00  1.31254042e+01
  1.26552207e+01 -4.53636156e+00  6.42345140e+00 -5.47893863e+00
  1.34850260e-01 -9.27712954e-01 -2.70039058e+00 -5.26871109e-01
  1.70484921e+01  2.13875325e+00 -1.69403298e+00  4.39677142e-02
  3.50880902e+00 -1.87528411e+01 -7.57220235e-01 -2.63472835e+01
 -4.89454199e-01 -2.07368548e+00  2.70850186e+00 -2.49688054e+00
 -4.24687989e+00  4.72264209e+00 -7.44717900e+00 -7.39486630e-01
  2.81975713e+00 -2.21994454e+00  1.20257396e+00  4.35845918e+00
  1.76294643e+00  1.52148192e+01 -9.47455612e-01 -1.42316611e+01
 -1.09389220e+01  2.12126048e+01  3.43340272e+00  1.28107737e+01
  1.04757198e+01  2.07177191e+01  1.64475708e+01  3.39126222e+00
 -3.13543383e+00 -6.13420325e+00 -5.27503350e+00  2.88719693e+00
 -8.25618920e+00 -2.54159893e+00  6.76031299e+00  1.21265885e+01
 -7.05771962e+00 -5.55954469e+00 -8.39012508e+00 -4.61345621e-01
  5.63794584e+00  2.14173525e+00  1.54539162e+00  3.25116363e+00
 -2.57738421e+00  1.85077891e+00 -1.50671013e+01 -1.89932423e+00
 -3.09412062e+00 -1.19548579e+01  4.59186386e+00 -3.26396492e+00
  3.49121138e-03  6.23850202e-01  4.19500052e+00  9.83914742e-01
 -2.10456574e+00 -1.07519403e+00 -1.15921469e+00  1.08045010e+00
 -2.80064173e-01  2.17556697e+00  2.02028982e+00  2.42326303e-01
  1.33615730e+00  2.45045545e+00  8.09706683e-01 -9.99636714e-01
  2.53034331e+00 -2.23810697e+00 -1.18737839e+00  6.37827697e-01
  7.43676648e-01  3.97832690e-02 -6.96009891e-01 -2.92325821e+00
  6.71395574e-01 -1.30040333e+00 -3.12838155e-01 -1.37106917e+00
 -3.52646443e-01 -2.94909321e+00  1.03456863e+00  9.10972981e-01
  1.25064136e+00 -2.15786642e+00 -1.10962253e+01 -1.90218944e+00
  4.94339177e-01  1.58960266e-01  9.76935676e-01  9.19662291e-02
  4.62564522e+00 -4.30846556e+00  1.30227774e+00 -4.13331380e-02
  3.09392458e-01 -3.72125179e-01 -1.54593523e+00 -1.28017078e+00
 -2.18379404e-01 -2.68348110e+00  8.87828487e-01 -4.67693536e+00
  1.78188582e+00 -1.57220637e+00  2.41720567e+00  1.94686970e+00
  8.07336301e-01 -1.87020576e+00  2.28186650e+00 -3.37125680e+00
  9.00372788e-01  4.54238239e+00  5.48128012e+00 -4.50247127e+00
  6.77442003e+00  3.66009048e+00  1.51992700e+00 -3.11201545e+00
  5.74855377e-01  4.06781871e+00 -2.43040246e+00  2.64182253e+00
  5.25570435e+00  1.54549082e+00 -2.52523416e+00  4.70330243e+00
  2.44171747e+00  1.16270854e+00 -3.11227514e-03  5.85803626e-01
 -4.11866086e+00 -1.55226577e+00 -6.07726612e-01  9.07150740e-01
 -3.77199602e-01 -3.88291637e+00 -2.41846734e+00 -1.84990302e+00
 -6.25657097e-01 -2.36519413e+00 -9.26118198e-01  1.26475040e+00
 -6.64841400e-01 -8.78904812e-01  2.85844717e+00 -1.47942582e+00
 -5.84756586e-01  5.72281317e-02  8.56430928e-01  5.19466685e-01
  5.22169765e-01 -6.15912431e-01  1.58029366e-01 -1.66183655e-01
 -3.73395840e-01 -3.30960360e-01  1.00854111e-02  1.28263049e-01
 -1.59112381e-01  4.89806917e-01  2.05585091e-01  1.20824996e-01
 -3.58271671e-01 -1.70691931e-01 -1.03702774e+00 -2.15426970e-03
  1.10219675e+00 -1.33315044e-02 -1.36575241e-01  1.90573320e-01
 -2.02347531e-01  1.32676218e+00 -6.63043124e-02  2.98571144e-01
 -1.15370325e-01  3.11306032e-01  3.74548203e-01 -3.55372226e-01
 -2.56959007e-01 -7.88199868e-02 -1.41771078e-01 -1.29833534e-01
 -4.10709110e-01  3.40785160e-01 -1.64888472e+00  2.15641965e-01
  1.92075239e-02  9.86547172e-02 -3.26688515e-01 -1.66150576e-02
 -2.39266922e-01 -2.78487484e-01 -7.64701158e-02  2.77117623e-01
 -2.09296052e-01  1.51783929e-01  3.30635521e-01 -2.86777389e-01
 -2.85303432e-01  1.07499705e+00  2.31598913e-02 -1.83380824e+00
 -5.45213043e-01 -4.80894138e-01 -6.83270212e-01 -1.57616840e+00
  9.80229178e-02 -1.76581840e+00 -2.85530873e-01 -5.38300372e-01
  4.55638065e-01  2.42827117e-01 -3.32627896e-02 -8.39838761e-01
  3.35376774e+00  3.54913160e-01  6.48931192e-02 -1.58420635e+00
 -3.62607028e-01  4.09977744e-03  4.86695056e-01 -1.67285303e+00
  5.04944076e-01  6.64573000e-03  2.03706244e+00  6.88683257e-01
  6.94521690e-01  2.54396530e-01  7.72393595e-01 -1.93086457e-01
  1.12173490e+00 -2.31115666e-01  3.89737140e-02  1.48526733e+00
  3.74990331e-01  1.46196650e-01  6.27329807e-01 -4.37828780e-01
 -1.25163423e+00  1.15912708e+00  3.94617360e-01 -5.95755227e-01
  2.19567292e-01  7.96924359e-01  4.15381980e-01 -3.17449845e+00
 -7.55172666e-01 -1.76651566e+00  2.91968904e+00 -5.31516593e-01
  3.01713775e-03  1.51183674e+00  3.55249352e-01 -3.87631946e-01
 -8.07044607e-01  7.23126259e-01 -1.03002615e+00  1.18582877e+00
 -7.63002717e-01  5.53044570e-03 -2.31756551e-01  1.68426706e+00
 -8.08127518e-01  1.57439735e-01  5.70956827e-01 -1.34586946e+00
  3.65776596e-01 -1.15651260e+00  5.41901288e-01 -1.50706486e+00
  5.74701317e-01  5.89087430e-01  7.21319030e-01  2.63181767e-01
  5.74472743e-01  6.89175655e-01 -1.37422641e+00 -7.21586588e-01
  1.01376872e+00  6.17315193e-01 -2.87454854e-01  3.93631929e-01]
[[6.81313186e-01 2.64530872e-01 3.40239258e-01 ... 5.45653637e-02
  2.11605113e-07 2.15285087e-07]
 [6.81313186e-01 2.64530872e-01 3.40239258e-01 ... 5.45653637e-02
  2.11605113e-07 2.15285087e-07]
 [6.81313186e-01 2.64530872e-01 3.40239258e-01 ... 5.45653637e-02
  2.11605113e-07 2.15285087e-07]
 ...
 [2.11464231e-01 8.54076567e-01 4.43576363e-01 ... 1.27778693e-05
  9.21961063e-03 5.87569204e-04]
 [2.44971094e-01 8.38688024e-01 4.46272903e-01 ... 6.12828269e-05
  1.01584284e-02 7.85960753e-04]
 [2.80368051e-01 8.13654131e-01 4.43576363e-01 ... 2.42098027e-04
  9.21961063e-03 8.65993845e-04]]
[ 6.98987361e+00 -2.51955651e+00  6.22974368e+00 -1.23921683e+00
  3.88983884e+00 -1.29219037e+00 -9.42092759e+00  3.04651157e+00
  1.68872069e+00  2.96146719e+00 -1.30799158e+01  1.69467612e+01
 -3.04048789e-01 -4.15371057e+00 -1.39341676e+00 -1.78885304e+00
 -1.18322501e+01  7.31296262e+00  9.40074442e+00  7.79555804e+00
  3.50808086e+00 -7.10719080e+00 -5.21142517e-04  3.25304060e-01
 -3.37689824e+01 -5.41745519e+00  1.65910277e-02  1.66670624e+00
 -5.42420680e-01  2.73122953e+01 -1.38182351e+00  2.82842646e+01
  3.35041529e+00 -2.76825577e+01 -2.40619564e+01  7.92844962e+00
 -8.22573621e+00  5.43983820e-01 -7.83883608e+00  1.31254042e+01
  1.26552207e+01 -4.53636156e+00  6.42345140e+00 -5.47893863e+00
  1.34850260e-01 -9.27712954e-01 -2.70039058e+00 -5.26871109e-01
  1.70484921e+01  2.13875325e+00 -1.69403298e+00  4.39677142e-02
  3.50880902e+00 -1.87528411e+01 -7.57220235e-01 -2.63472835e+01
 -4.89454199e-01 -2.07368548e+00  2.70850186e+00 -2.49688054e+00
 -4.24687989e+00  4.72264209e+00 -7.44717900e+00 -7.39486630e-01
  2.81975713e+00 -2.21994454e+00  1.20257396e+00  4.35845918e+00
  1.76294643e+00  1.52148192e+01 -9.47455612e-01 -1.42316611e+01
 -1.09389220e+01  2.12126048e+01  3.43340272e+00  1.28107737e+01
  1.04757198e+01  2.07177191e+01  1.64475708e+01  3.39126222e+00
 -3.13543383e+00 -6.13420325e+00 -5.27503350e+00  2.88719693e+00
 -8.25618920e+00 -2.54159893e+00  6.76031299e+00  1.21265885e+01
 -7.05771962e+00 -5.55954469e+00 -8.39012508e+00 -4.61345621e-01
  5.63794584e+00  2.14173525e+00  1.54539162e+00  3.25116363e+00
 -2.57738421e+00  1.85077891e+00 -1.50671013e+01 -1.89932423e+00
 -3.09412062e+00 -1.19548579e+01  4.59186386e+00 -3.26396492e+00
  3.49121138e-03  6.23850202e-01  4.19500052e+00  9.83914742e-01
 -2.10456574e+00 -1.07519403e+00 -1.15921469e+00  1.08045010e+00
 -2.80064173e-01  2.17556697e+00  2.02028982e+00  2.42326303e-01
  1.33615730e+00  2.45045545e+00  8.09706683e-01 -9.99636714e-01
  2.53034331e+00 -2.23810697e+00 -1.18737839e+00  6.37827697e-01
  7.43676648e-01  3.97832690e-02 -6.96009891e-01 -2.92325821e+00
  6.71395574e-01 -1.30040333e+00 -3.12838155e-01 -1.37106917e+00
 -3.52646443e-01 -2.94909321e+00  1.03456863e+00  9.10972981e-01
  1.25064136e+00 -2.15786642e+00 -1.10962253e+01 -1.90218944e+00
  4.94339177e-01  1.58960266e-01  9.76935676e-01  9.19662291e-02
  4.62564522e+00 -4.30846556e+00  1.30227774e+00 -4.13331380e-02
  3.09392458e-01 -3.72125179e-01 -1.54593523e+00 -1.28017078e+00
 -2.18379404e-01 -2.68348110e+00  8.87828487e-01 -4.67693536e+00
  1.78188582e+00 -1.57220637e+00  2.41720567e+00  1.94686970e+00
  8.07336301e-01 -1.87020576e+00  2.28186650e+00 -3.37125680e+00
  9.00372788e-01  4.54238239e+00  5.48128012e+00 -4.50247127e+00
  6.77442003e+00  3.66009048e+00  1.51992700e+00 -3.11201545e+00
  5.74855377e-01  4.06781871e+00 -2.43040246e+00  2.64182253e+00
  5.25570435e+00  1.54549082e+00 -2.52523416e+00  4.70330243e+00
  2.44171747e+00  1.16270854e+00 -3.11227514e-03  5.85803626e-01
 -4.11866086e+00 -1.55226577e+00 -6.07726612e-01  9.07150740e-01
 -3.77199602e-01 -3.88291637e+00 -2.41846734e+00 -1.84990302e+00
 -6.25657097e-01 -2.36519413e+00 -9.26118198e-01  1.26475040e+00
 -6.64841400e-01 -8.78904812e-01  2.85844717e+00 -1.47942582e+00
 -5.84756586e-01  5.72281317e-02  8.56430928e-01  5.19466685e-01
  5.22169765e-01 -6.15912431e-01  1.58029366e-01 -1.66183655e-01
 -3.73395840e-01 -3.30960360e-01  1.00854111e-02  1.28263049e-01
 -1.59112381e-01  4.89806917e-01  2.05585091e-01  1.20824996e-01
 -3.58271671e-01 -1.70691931e-01 -1.03702774e+00 -2.15426970e-03
  1.10219675e+00 -1.33315044e-02 -1.36575241e-01  1.90573320e-01
 -2.02347531e-01  1.32676218e+00 -6.63043124e-02  2.98571144e-01
 -1.15370325e-01  3.11306032e-01  3.74548203e-01 -3.55372226e-01
 -2.56959007e-01 -7.88199868e-02 -1.41771078e-01 -1.29833534e-01
 -4.10709110e-01  3.40785160e-01 -1.64888472e+00  2.15641965e-01
  1.92075239e-02  9.86547172e-02 -3.26688515e-01 -1.66150576e-02
 -2.39266922e-01 -2.78487484e-01 -7.64701158e-02  2.77117623e-01
 -2.09296052e-01  1.51783929e-01  3.30635521e-01 -2.86777389e-01
 -2.85303432e-01  1.07499705e+00  2.31598913e-02 -1.83380824e+00
 -5.45213043e-01 -4.80894138e-01 -6.83270212e-01 -1.57616840e+00
  9.80229178e-02 -1.76581840e+00 -2.85530873e-01 -5.38300372e-01
  4.55638065e-01  2.42827117e-01 -3.32627896e-02 -8.39838761e-01
  3.35376774e+00  3.54913160e-01  6.48931192e-02 -1.58420635e+00
 -3.62607028e-01  4.09977744e-03  4.86695056e-01 -1.67285303e+00
  5.04944076e-01  6.64573000e-03  2.03706244e+00  6.88683257e-01
  6.94521690e-01  2.54396530e-01  7.72393595e-01 -1.93086457e-01
  1.12173490e+00 -2.31115666e-01  3.89737140e-02  1.48526733e+00
  3.74990331e-01  1.46196650e-01  6.27329807e-01 -4.37828780e-01
 -1.25163423e+00  1.15912708e+00  3.94617360e-01 -5.95755227e-01
  2.19567292e-01  7.96924359e-01  4.15381980e-01 -3.17449845e+00
 -7.55172666e-01 -1.76651566e+00  2.91968904e+00 -5.31516593e-01
  3.01713775e-03  1.51183674e+00  3.55249352e-01 -3.87631946e-01
 -8.07044607e-01  7.23126259e-01 -1.03002615e+00  1.18582877e+00
 -7.63002717e-01  5.53044570e-03 -2.31756551e-01  1.68426706e+00
 -8.08127518e-01  1.57439735e-01  5.70956827e-01 -1.34586946e+00
  3.65776596e-01 -1.15651260e+00  5.41901288e-01 -1.50706486e+00
  5.74701317e-01  5.89087430e-01  7.21319030e-01  2.63181767e-01
  5.74472743e-01  6.89175655e-01 -1.37422641e+00 -7.21586588e-01
  1.01376872e+00  6.17315193e-01 -2.87454854e-01  3.93631929e-01
 -4.42284468e-01  2.68568628e-01 -4.35548012e-01 -2.03011975e-01
  2.61738821e-02 -1.68235402e-01 -1.23070125e-01 -1.12879638e-02
  3.43968953e-01 -8.16246033e-02  2.86858569e-01 -1.12638846e-02
 -4.03187593e-01  4.30721924e-01 -2.06209003e-01 -1.70930561e-01
 -1.96309240e-01 -3.45715977e-02  2.88768913e-02 -2.10317909e-03
  3.85925682e-01 -2.18628248e-01  8.35765925e-02  3.43508357e-02
  2.24479674e-01 -2.36644261e-01 -5.19192292e-02  1.83235049e-01
 -4.81229303e-04  7.87241127e-01  5.32258164e-03  2.36112804e-02
 -1.18450921e-01  1.88564891e-01  2.15303365e-01 -1.60000007e-01
 -5.51050292e-01  8.21225508e-02  7.11587931e-02  1.72588940e-01
 -1.00282814e-01 -1.12945564e-01  8.34533841e-03  1.09851756e-01
 -1.36534178e-01  2.65336471e-02  6.13821983e-02 -8.83310304e-01
  3.50816249e-02  1.45964654e-01  9.59363764e-02  5.18573308e-02
 -2.24730724e-01 -7.01867805e-02  9.43532282e-03  2.31933505e-01
  4.02265901e-02 -2.35399394e-02  6.90772574e-01 -2.81632718e-01
  2.94472519e-01  2.12290067e-03  6.93715330e-02 -7.98840942e-02
  9.69935228e-02 -2.73597182e-01 -6.76363206e-02 -8.47083423e-03
 -2.00601948e-02 -5.79425447e-02  3.21861338e-02  2.34275445e-01
 -2.55994539e-01  2.87317317e-01  2.43671830e-01  6.00260951e-01
  8.83825668e-02 -2.97063416e-01 -7.66383357e-02 -1.00394131e-01
 -2.29929232e-01  1.31575633e-01  8.76763717e-02  7.08039447e-01
  1.98053766e-01  1.66042267e-01  2.52747327e-01 -2.30956998e-01
  1.29493683e-01 -5.58865142e-01 -3.42357241e-02  4.79317488e-02
  2.63117104e-02  1.60910229e-01 -2.83874113e-01  6.71446834e-02
 -8.02433953e-02  1.15158779e+00 -1.21477847e-01 -1.25624519e-01
  1.35916917e-01  6.34276560e-02 -1.02212668e-01 -1.52463334e-02
  3.90417100e-02  3.44569938e-01 -8.87548618e-02 -4.02467296e-02
 -6.09147099e-01  5.18493310e-02  2.59831041e-01 -1.69122733e-02
  1.35714159e-01  5.95858065e-02  1.30745863e-01 -3.55358404e-02
 -2.69090673e-01 -1.92227178e-02  7.70509132e-02  1.37197472e-01
  2.24958100e-02 -5.30216459e-02 -9.94368542e-02 -3.34760943e-01
  2.68172842e-01  1.68628928e-01  1.11618873e-01  9.60429646e-02
 -8.37413858e-02  1.75317331e-01  2.10850603e+00  1.92704972e-01
  1.46894621e-01 -9.96123725e-02 -3.77958551e-02 -4.18685225e-01
 -4.24355518e-02 -2.94472686e-02  2.71690716e-02  3.45913523e-01
 -8.04585782e-02  2.88282670e-01 -5.02392055e-02 -2.99761650e-01
  7.49511795e-02  8.24065703e-02 -5.52306337e-03 -2.25367306e-01
  1.60815592e-01 -2.34517252e-01 -3.12966714e-01 -1.14045331e-01
 -1.49886374e-01 -9.45338664e-01  4.17024031e-01 -2.29325371e-01
 -7.01761736e-02  1.01034553e-01 -1.14206794e-01  6.31078371e-01
  6.96142951e-01 -5.29423960e-02 -5.51323954e-02 -7.89576170e-02
  7.73839494e-02  1.86707163e-01 -1.74303683e+00 -1.62914577e+00
 -8.18208304e-01 -6.40837496e-02  9.87725480e-02 -2.76591704e-02
  2.43925171e-01  2.72288074e-01 -7.27010364e-02]
[[6.81313186e-01 2.64530872e-01 3.40239258e-01 ... 3.32284346e-06
  1.31672399e-13 7.06574053e-17]
 [6.81313186e-01 2.64530872e-01 3.40239258e-01 ... 3.32284346e-06
  1.31672399e-13 7.06574053e-17]
 [6.81313186e-01 2.64530872e-01 3.40239258e-01 ... 3.32284346e-06
  1.31672399e-13 7.06574053e-17]
 ...
 [2.11464231e-01 8.54076567e-01 4.43576363e-01 ... 1.14854025e-19
  7.48395197e-13 9.93924922e-09]
 [2.44971094e-01 8.38688024e-01 4.46272903e-01 ... 7.63426406e-18
  1.33910509e-12 8.18701697e-09]
 [2.80368051e-01 8.13654131e-01 4.43576363e-01 ... 3.44296300e-16
  1.62570803e-12 4.57553646e-09]]
[ 6.98987361e+00 -2.51955651e+00  6.22974368e+00 -1.23921683e+00
  3.88983884e+00 -1.29219037e+00 -9.42092759e+00  3.04651157e+00
  1.68872069e+00  2.96146719e+00 -1.30799158e+01  1.69467612e+01
 -3.04048789e-01 -4.15371057e+00 -1.39341676e+00 -1.78885304e+00
 -1.18322501e+01  7.31296262e+00  9.40074442e+00  7.79555804e+00
  3.50808086e+00 -7.10719080e+00 -5.21142517e-04  3.25304060e-01
 -3.37689824e+01 -5.41745519e+00  1.65910277e-02  1.66670624e+00
 -5.42420680e-01  2.73122953e+01 -1.38182351e+00  2.82842646e+01
  3.35041529e+00 -2.76825577e+01 -2.40619564e+01  7.92844962e+00
 -8.22573621e+00  5.43983820e-01 -7.83883608e+00  1.31254042e+01
  1.26552207e+01 -4.53636156e+00  6.42345140e+00 -5.47893863e+00
  1.34850260e-01 -9.27712954e-01 -2.70039058e+00 -5.26871109e-01
  1.70484921e+01  2.13875325e+00 -1.69403298e+00  4.39677142e-02
  3.50880902e+00 -1.87528411e+01 -7.57220235e-01 -2.63472835e+01
 -4.89454199e-01 -2.07368548e+00  2.70850186e+00 -2.49688054e+00
 -4.24687989e+00  4.72264209e+00 -7.44717900e+00 -7.39486630e-01
  2.81975713e+00 -2.21994454e+00  1.20257396e+00  4.35845918e+00
  1.76294643e+00  1.52148192e+01 -9.47455612e-01 -1.42316611e+01
 -1.09389220e+01  2.12126048e+01  3.43340272e+00  1.28107737e+01
  1.04757198e+01  2.07177191e+01  1.64475708e+01  3.39126222e+00
 -3.13543383e+00 -6.13420325e+00 -5.27503350e+00  2.88719693e+00
 -8.25618920e+00 -2.54159893e+00  6.76031299e+00  1.21265885e+01
 -7.05771962e+00 -5.55954469e+00 -8.39012508e+00 -4.61345621e-01
  5.63794584e+00  2.14173525e+00  1.54539162e+00  3.25116363e+00
 -2.57738421e+00  1.85077891e+00 -1.50671013e+01 -1.89932423e+00
 -3.09412062e+00 -1.19548579e+01  4.59186386e+00 -3.26396492e+00
  3.49121138e-03  6.23850202e-01  4.19500052e+00  9.83914742e-01
 -2.10456574e+00 -1.07519403e+00 -1.15921469e+00  1.08045010e+00
 -2.80064173e-01  2.17556697e+00  2.02028982e+00  2.42326303e-01
  1.33615730e+00  2.45045545e+00  8.09706683e-01 -9.99636714e-01
  2.53034331e+00 -2.23810697e+00 -1.18737839e+00  6.37827697e-01
  7.43676648e-01  3.97832690e-02 -6.96009891e-01 -2.92325821e+00
  6.71395574e-01 -1.30040333e+00 -3.12838155e-01 -1.37106917e+00
 -3.52646443e-01 -2.94909321e+00  1.03456863e+00  9.10972981e-01
  1.25064136e+00 -2.15786642e+00 -1.10962253e+01 -1.90218944e+00
  4.94339177e-01  1.58960266e-01  9.76935676e-01  9.19662291e-02
  4.62564522e+00 -4.30846556e+00  1.30227774e+00 -4.13331380e-02
  3.09392458e-01 -3.72125179e-01 -1.54593523e+00 -1.28017078e+00
 -2.18379404e-01 -2.68348110e+00  8.87828487e-01 -4.67693536e+00
  1.78188582e+00 -1.57220637e+00  2.41720567e+00  1.94686970e+00
  8.07336301e-01 -1.87020576e+00  2.28186650e+00 -3.37125680e+00
  9.00372788e-01  4.54238239e+00  5.48128012e+00 -4.50247127e+00
  6.77442003e+00  3.66009048e+00  1.51992700e+00 -3.11201545e+00
  5.74855377e-01  4.06781871e+00 -2.43040246e+00  2.64182253e+00
  5.25570435e+00  1.54549082e+00 -2.52523416e+00  4.70330243e+00
  2.44171747e+00  1.16270854e+00 -3.11227514e-03  5.85803626e-01
 -4.11866086e+00 -1.55226577e+00 -6.07726612e-01  9.07150740e-01
 -3.77199602e-01 -3.88291637e+00 -2.41846734e+00 -1.84990302e+00
 -6.25657097e-01 -2.36519413e+00 -9.26118198e-01  1.26475040e+00
 -6.64841400e-01 -8.78904812e-01  2.85844717e+00 -1.47942582e+00
 -5.84756586e-01  5.72281317e-02  8.56430928e-01  5.19466685e-01
  5.22169765e-01 -6.15912431e-01  1.58029366e-01 -1.66183655e-01
 -3.73395840e-01 -3.30960360e-01  1.00854111e-02  1.28263049e-01
 -1.59112381e-01  4.89806917e-01  2.05585091e-01  1.20824996e-01
 -3.58271671e-01 -1.70691931e-01 -1.03702774e+00 -2.15426970e-03
  1.10219675e+00 -1.33315044e-02 -1.36575241e-01  1.90573320e-01
 -2.02347531e-01  1.32676218e+00 -6.63043124e-02  2.98571144e-01
 -1.15370325e-01  3.11306032e-01  3.74548203e-01 -3.55372226e-01
 -2.56959007e-01 -7.88199868e-02 -1.41771078e-01 -1.29833534e-01
 -4.10709110e-01  3.40785160e-01 -1.64888472e+00  2.15641965e-01
  1.92075239e-02  9.86547172e-02 -3.26688515e-01 -1.66150576e-02
 -2.39266922e-01 -2.78487484e-01 -7.64701158e-02  2.77117623e-01
 -2.09296052e-01  1.51783929e-01  3.30635521e-01 -2.86777389e-01
 -2.85303432e-01  1.07499705e+00  2.31598913e-02 -1.83380824e+00
 -5.45213043e-01 -4.80894138e-01 -6.83270212e-01 -1.57616840e+00
  9.80229178e-02 -1.76581840e+00 -2.85530873e-01 -5.38300372e-01
  4.55638065e-01  2.42827117e-01 -3.32627896e-02 -8.39838761e-01
  3.35376774e+00  3.54913160e-01  6.48931192e-02 -1.58420635e+00
 -3.62607028e-01  4.09977744e-03  4.86695056e-01 -1.67285303e+00
  5.04944076e-01  6.64573000e-03  2.03706244e+00  6.88683257e-01
  6.94521690e-01  2.54396530e-01  7.72393595e-01 -1.93086457e-01
  1.12173490e+00 -2.31115666e-01  3.89737140e-02  1.48526733e+00
  3.74990331e-01  1.46196650e-01  6.27329807e-01 -4.37828780e-01
 -1.25163423e+00  1.15912708e+00  3.94617360e-01 -5.95755227e-01
  2.19567292e-01  7.96924359e-01  4.15381980e-01 -3.17449845e+00
 -7.55172666e-01 -1.76651566e+00  2.91968904e+00 -5.31516593e-01
  3.01713775e-03  1.51183674e+00  3.55249352e-01 -3.87631946e-01
 -8.07044607e-01  7.23126259e-01 -1.03002615e+00  1.18582877e+00
 -7.63002717e-01  5.53044570e-03 -2.31756551e-01  1.68426706e+00
 -8.08127518e-01  1.57439735e-01  5.70956827e-01 -1.34586946e+00
  3.65776596e-01 -1.15651260e+00  5.41901288e-01 -1.50706486e+00
  5.74701317e-01  5.89087430e-01  7.21319030e-01  2.63181767e-01
  5.74472743e-01  6.89175655e-01 -1.37422641e+00 -7.21586588e-01
  1.01376872e+00  6.17315193e-01 -2.87454854e-01  3.93631929e-01
 -4.42284468e-01  2.68568628e-01 -4.35548012e-01 -2.03011975e-01
  2.61738821e-02 -1.68235402e-01 -1.23070125e-01 -1.12879638e-02
  3.43968953e-01 -8.16246033e-02  2.86858569e-01 -1.12638846e-02
 -4.03187593e-01  4.30721924e-01 -2.06209003e-01 -1.70930561e-01
 -1.96309240e-01 -3.45715977e-02  2.88768913e-02 -2.10317909e-03
  3.85925682e-01 -2.18628248e-01  8.35765925e-02  3.43508357e-02
  2.24479674e-01 -2.36644261e-01 -5.19192292e-02  1.83235049e-01
 -4.81229303e-04  7.87241127e-01  5.32258164e-03  2.36112804e-02
 -1.18450921e-01  1.88564891e-01  2.15303365e-01 -1.60000007e-01
 -5.51050292e-01  8.21225508e-02  7.11587931e-02  1.72588940e-01
 -1.00282814e-01 -1.12945564e-01  8.34533841e-03  1.09851756e-01
 -1.36534178e-01  2.65336471e-02  6.13821983e-02 -8.83310304e-01
  3.50816249e-02  1.45964654e-01  9.59363764e-02  5.18573308e-02
 -2.24730724e-01 -7.01867805e-02  9.43532282e-03  2.31933505e-01
  4.02265901e-02 -2.35399394e-02  6.90772574e-01 -2.81632718e-01
  2.94472519e-01  2.12290067e-03  6.93715330e-02 -7.98840942e-02
  9.69935228e-02 -2.73597182e-01 -6.76363206e-02 -8.47083423e-03
 -2.00601948e-02 -5.79425447e-02  3.21861338e-02  2.34275445e-01
 -2.55994539e-01  2.87317317e-01  2.43671830e-01  6.00260951e-01
  8.83825668e-02 -2.97063416e-01 -7.66383357e-02 -1.00394131e-01
 -2.29929232e-01  1.31575633e-01  8.76763717e-02  7.08039447e-01
  1.98053766e-01  1.66042267e-01  2.52747327e-01 -2.30956998e-01
  1.29493683e-01 -5.58865142e-01 -3.42357241e-02  4.79317488e-02
  2.63117104e-02  1.60910229e-01 -2.83874113e-01  6.71446834e-02
 -8.02433953e-02  1.15158779e+00 -1.21477847e-01 -1.25624519e-01
  1.35916917e-01  6.34276560e-02 -1.02212668e-01 -1.52463334e-02
  3.90417100e-02  3.44569938e-01 -8.87548618e-02 -4.02467296e-02
 -6.09147099e-01  5.18493310e-02  2.59831041e-01 -1.69122733e-02
  1.35714159e-01  5.95858065e-02  1.30745863e-01 -3.55358404e-02
 -2.69090673e-01 -1.92227178e-02  7.70509132e-02  1.37197472e-01
  2.24958100e-02 -5.30216459e-02 -9.94368542e-02 -3.34760943e-01
  2.68172842e-01  1.68628928e-01  1.11618873e-01  9.60429646e-02
 -8.37413858e-02  1.75317331e-01  2.10850603e+00  1.92704972e-01
  1.46894621e-01 -9.96123725e-02 -3.77958551e-02 -4.18685225e-01
 -4.24355518e-02 -2.94472686e-02  2.71690716e-02  3.45913523e-01
 -8.04585782e-02  2.88282670e-01 -5.02392055e-02 -2.99761650e-01
  7.49511795e-02  8.24065703e-02 -5.52306337e-03 -2.25367306e-01
  1.60815592e-01 -2.34517252e-01 -3.12966714e-01 -1.14045331e-01
 -1.49886374e-01 -9.45338664e-01  4.17024031e-01 -2.29325371e-01
 -7.01761736e-02  1.01034553e-01 -1.14206794e-01  6.31078371e-01
  6.96142951e-01 -5.29423960e-02 -5.51323954e-02 -7.89576170e-02
  7.73839494e-02  1.86707163e-01 -1.74303683e+00 -1.62914577e+00
 -8.18208304e-01 -6.40837496e-02  9.87725480e-02 -2.76591704e-02
  2.43925171e-01  2.72288074e-01 -7.27010364e-02 -7.76819888e-02
  2.04306577e-01  8.76570007e-02 -9.14510584e-02  8.35204237e-02
 -1.47874798e-01  3.45351040e-01 -2.80237320e-02 -8.25649830e-02
 -6.25143812e-02  1.24864384e-01  3.87628456e-02 -2.39048125e-01
  6.97621521e-02  3.70213742e-02 -9.16067355e-02 -7.37366116e-02
 -3.18801577e-02  1.68989719e-02  8.02983098e-03 -1.00195902e-01
 -5.71968227e-02  1.29569342e-01  4.69083116e-02  1.13363121e-02
  7.85835939e-02  6.19728129e-02  5.36344122e-02 -4.68257177e-01
 -3.84099982e-02  1.83984283e-02  4.55462508e-01 -2.66397863e-02
 -2.78773459e-02  6.95615305e-02 -6.28142516e-02 -1.80023330e-01
 -8.92316464e-02  4.97825182e-02  1.72314941e-02 -7.26310577e-02
  2.67582133e-02  1.30907602e-02  2.88981545e-02  3.71435301e-01
 -1.21064331e-02  5.72404997e-02 -1.04227628e-02  7.10243610e-02
 -1.52633851e-02 -5.49372125e-02  2.73000685e-01 -3.48090236e-02
 -7.89973044e-03 -1.42386295e-02 -1.57397232e-02 -1.03590182e-01
 -6.33242599e-02 -3.82684177e-03  2.61815515e-02  1.23297807e-01
  5.18959625e-02  1.01728149e-01 -1.26068577e-01  6.27613332e-03
 -4.86405692e-02  7.11741949e-03  1.17452589e-02  1.72787227e-01
 -5.74520301e-02  1.82325846e-01  3.46646572e-01 -1.53136875e-02
 -1.89155187e-01 -5.09268264e-03  2.19800844e-01 -3.14493744e-02
 -4.55004296e-02  7.87218087e-02  3.75555128e-02 -6.20968792e-02
 -4.55330088e-02  6.08705348e-02 -4.09010913e-02 -1.08752497e-01
  7.24557597e-02 -5.00853447e-02 -4.20253446e-02  7.61464999e-02
 -4.99930408e-02 -2.15797717e-01 -2.51551109e-02 -9.86786213e-02
  3.71020092e-02  7.47581969e-02 -6.40607583e-02 -3.17170072e-01
  2.66691432e-01 -8.82109199e-02 -5.99273800e-02  1.13021163e-01
 -3.90065147e-02  9.19542674e-02 -2.83278773e-02  1.10708539e-01
 -1.56755766e-01 -1.23708976e-02  5.99365872e-02  1.31921016e-02
  2.43724912e-02  3.37249756e-02  8.46557661e-03 -1.45993591e-02
 -1.08029578e-02 -3.26206460e-02  3.58008646e-02 -1.11169024e-01
 -8.95130154e-02  9.02335255e-02  1.43413720e-01 -2.09630308e-02
 -3.81783695e-01  3.15644887e-02  1.12434844e-01 -1.54520826e-01
 -2.20793337e-01  1.00426369e-01 -3.12070143e-02  7.00613436e-02
 -1.04528046e-01  2.72544481e-02 -2.48256505e-01  3.13461378e-02
 -2.38874936e-02 -7.42511396e-02  3.27331038e-02  8.55225922e-02
  2.02983549e-02 -1.96240982e-01 -7.12805371e-02  2.56580141e-02
  1.06036326e-01 -2.83874384e-02  3.10346072e-02 -5.68603548e-02
  1.01949619e-02  1.50257716e-02 -5.60682055e-02  6.48636716e-02
 -1.68257606e-02  1.73235531e-02  2.48598579e-01 -6.85895445e-02
  2.95936478e-02 -2.49075659e-02  1.00869048e-02  8.30467262e-02
 -1.98926582e-01  3.84463836e-02 -1.02322146e-02 -3.18873607e-02
  8.45926963e-02  2.41305331e-01 -3.03860867e-02  8.23747208e-02
  1.41289008e-01 -1.26065613e-01  3.84643723e-02 -1.12350936e-01
 -3.00242290e-01  7.93709771e-02  1.61773187e-01 -2.44610691e-02
 -1.20478814e-01  2.88772147e-01 -3.10287929e-02  5.62968690e-02
  3.11236832e-02 -1.96408899e-02 -1.76998094e-02 -7.12029014e-02
  6.87772021e-02 -1.79452926e-01  8.70536924e-02 -3.98191078e-02
  2.73850601e-02  1.60470875e-02 -5.64283701e-02  4.70126746e-02
 -1.51800855e-02 -5.20659891e-02  4.98966993e-02 -6.87546636e-02
  2.13113974e-02  2.17332103e-02  5.05396172e-02 -6.61668017e-02
  3.89905635e-02  1.13114743e-01  1.13986242e-01 -2.24594133e-01
  1.43395363e-01 -1.14465085e-01 -3.34756462e-02  2.03533776e-01
  3.85080177e-02  3.86668857e-02  7.90919707e-02 -2.22189828e-02
  2.75202089e-02  1.67831370e-02  5.97651009e-02  5.41881062e-02
  1.85638613e-02 -1.62175322e-01  1.82085195e-01 -1.32925249e-01
  6.06705364e-02  3.94604430e-02  1.60443763e-01 -1.74047928e-02
 -2.18386958e-02  1.97792793e-02 -1.34317253e-02 -8.11980023e-02
 -3.29703585e-01  2.92628725e-02  4.42416206e-02  3.28191694e-02
  4.57577566e-02 -3.87330544e-02  5.63075736e-02 -1.72481778e-01
  1.13729333e-01 -6.03064357e-02  1.74316662e-02 -1.04315218e-01
  1.03370357e-01 -2.79493064e-01  2.96158656e-01 -1.33475956e-01
 -2.16262317e-01 -5.91080876e-02 -1.92710672e-01  2.38930375e-01
 -1.22360095e-01 -1.75430322e-01  9.00905224e-02 -2.04072836e-02
  5.33465875e-02 -4.59490890e-02]
[[6.81313186e-01 2.64530872e-01 3.40239258e-01 ... 1.16136025e-23
  3.24688089e-07 2.14197866e-22]
 [6.81313186e-01 2.64530872e-01 3.40239258e-01 ... 1.16136025e-23
  3.24688089e-07 2.14197866e-22]
 [6.81313186e-01 2.64530872e-01 3.40239258e-01 ... 1.16136025e-23
  3.24688089e-07 2.14197866e-22]
 ...
 [2.11464231e-01 8.54076567e-01 4.43576363e-01 ... 6.43463731e-03
  1.93619956e-33 6.99450558e-10]
 [2.44971094e-01 8.38688024e-01 4.46272903e-01 ... 4.36885772e-02
  2.37212345e-29 2.23936230e-09]
 [2.80368051e-01 8.13654131e-01 4.43576363e-01 ... 1.36552662e-01
  1.33786685e-25 3.30050308e-09]]
[ 6.98987361e+00 -2.51955651e+00  6.22974368e+00 ...  1.82451201e-02
  2.45576239e-03  1.16158482e-02]
[[6.81313186e-01 2.64530872e-01 3.40239258e-01 ... 7.37784851e-13
  3.91503038e-16 2.44678803e-07]
 [6.81313186e-01 2.64530872e-01 3.40239258e-01 ... 7.37784851e-13
  3.91503038e-16 2.44678803e-07]
 [6.81313186e-01 2.64530872e-01 3.40239258e-01 ... 7.37784851e-13
  3.91503038e-16 2.44678803e-07]
 ...
 [2.11464231e-01 8.54076567e-01 4.43576363e-01 ... 4.04855633e-66
  7.50901320e-43 5.38285793e-65]
 [2.44971094e-01 8.38688024e-01 4.46272903e-01 ... 6.07679415e-58
  8.93411959e-37 1.05074360e-57]
 [2.80368051e-01 8.13654131e-01 4.43576363e-01 ... 1.93297279e-50
  2.25266978e-31 4.34667797e-51]]
[ 6.98987361 -2.51955651  6.22974368 ...  0.04969182 -0.0866735
 -0.0082993 ]
[[6.81313186e-001 2.64530872e-001 3.40239258e-001 ... 6.54528039e-012
  1.74648257e-024 7.32351430e-023]
 [6.81313186e-001 2.64530872e-001 3.40239258e-001 ... 6.54528039e-012
  1.74648257e-024 7.32351430e-023]
 [6.81313186e-001 2.64530872e-001 3.40239258e-001 ... 6.54528039e-012
  1.74648257e-024 7.32351430e-023]
 ...
 [2.11464231e-001 8.54076567e-001 4.43576363e-001 ... 4.46368597e-156
  1.74817122e-097 1.21997489e-093]
 [2.44971094e-001 8.38688024e-001 4.46272903e-001 ... 1.70083156e-141
  2.47469541e-085 1.72698544e-081]
 [2.80368051e-001 8.13654131e-001 4.43576363e-001 ... 2.91060138e-128
  1.57330635e-074 1.09794407e-070]]
[ 6.98987361 -2.51955651  6.22974368 ...  0.01884221  0.02929201
  0.02900817]
[[6.81313186e-001 2.64530872e-001 3.40239258e-001 ... 8.39211659e-021
  2.28833807e-007 3.89916092e-032]
 [6.81313186e-001 2.64530872e-001 3.40239258e-001 ... 8.39211659e-021
  2.28833807e-007 3.89916092e-032]
 [6.81313186e-001 2.64530872e-001 3.40239258e-001 ... 8.39211659e-021
  2.28833807e-007 3.89916092e-032]
 ...
 [2.11464231e-001 8.54076567e-001 4.43576363e-001 ... 2.99208317e-268
  8.85525864e-245 4.54350729e-180]
 [2.44971094e-001 8.38688024e-001 4.46272903e-001 ... 1.72095936e-241
  1.28569097e-215 9.10472436e-156]
 [2.80368051e-001 8.13654131e-001 4.43576363e-001 ... 1.99652651e-217
  3.76512539e-189 3.68001752e-134]]
[ 6.98987361 -2.51955651  6.22974368 ... -0.02524897  0.02429496
 -0.02423562]
[[6.81313186e-001 2.64530872e-001 3.40239258e-001 ... 8.91843757e-105
  6.65119159e-038 8.15074029e-126]
 [6.81313186e-001 2.64530872e-001 3.40239258e-001 ... 8.91843757e-105
  6.65119159e-038 8.15074029e-126]
 [6.81313186e-001 2.64530872e-001 3.40239258e-001 ... 8.91843757e-105
  6.65119159e-038 8.15074029e-126]
 ...
 [2.11464231e-001 8.54076567e-001 4.43576363e-001 ... 5.78445105e-264
  0.00000000e+000 0.00000000e+000]
 [2.44971094e-001 8.38688024e-001 4.46272903e-001 ... 2.04736748e-225
  0.00000000e+000 0.00000000e+000]
 [2.80368051e-001 8.13654131e-001 4.43576363e-001 ... 2.94811537e-192
  0.00000000e+000 9.29451154e-282]]
[ 6.98987361 -2.51955651  6.22974368 ...  0.02216215  0.022142
  0.02198152]
[[6.81313186e-001 2.64530872e-001 3.40239258e-001 ... 0.00000000e+000
  2.23448903e-189 5.63159716e-178]
 [6.81313186e-001 2.64530872e-001 3.40239258e-001 ... 0.00000000e+000
  2.23448903e-189 5.63159716e-178]
 [6.81313186e-001 2.64530872e-001 3.40239258e-001 ... 0.00000000e+000
  2.23448903e-189 5.63159716e-178]
 ...
 [2.11464231e-001 8.54076567e-001 4.43576363e-001 ... 0.00000000e+000
  0.00000000e+000 0.00000000e+000]
 [2.44971094e-001 8.38688024e-001 4.46272903e-001 ... 0.00000000e+000
  0.00000000e+000 0.00000000e+000]
 [2.80368051e-001 8.13654131e-001 4.43576363e-001 ... 0.00000000e+000
  0.00000000e+000 0.00000000e+000]]
[ 6.98987361e+00 -2.51955651e+00  6.22974368e+00 ...  3.08965381e-03
  3.08813390e-03  3.07257858e-03]
[[6.81313186e-001 2.64530872e-001 3.40239258e-001 ... 0.00000000e+000
  2.23448903e-189 5.63159716e-178]
 [6.81313186e-001 2.64530872e-001 3.40239258e-001 ... 0.00000000e+000
  2.23448903e-189 5.63159716e-178]
 [6.81313186e-001 2.64530872e-001 3.40239258e-001 ... 0.00000000e+000
  2.23448903e-189 5.63159716e-178]
 ...
 [2.11464231e-001 8.54076567e-001 4.43576363e-001 ... 0.00000000e+000
  0.00000000e+000 0.00000000e+000]
 [2.44971094e-001 8.38688024e-001 4.46272903e-001 ... 0.00000000e+000
  0.00000000e+000 0.00000000e+000]
 [2.80368051e-001 8.13654131e-001 4.43576363e-001 ... 0.00000000e+000
  0.00000000e+000 0.00000000e+000]]
[ 6.98987361e+00 -2.51955651e+00  6.22974368e+00 ...  3.08965381e-03
  3.08813390e-03  3.07257858e-03]
[[0.00200195 0.06028097]
 [0.0050293  0.05908529]
 [0.00957031 0.05859883]
 [0.01640625 0.05812069]
 [0.02495117 0.05783657]
 [0.03720703 0.05766424]
 [0.04916992 0.05751892]
 [0.06132812 0.05731967]
 [0.06962891 0.05727888]
 [0.07421875 0.05714119]
 [0.08139648 0.05666466]
 [0.10922852 0.05664969]
 [0.10922852 0.05664969]]
