6
5e-05
rdot
MMA
location
[[0.70590027 1.         0.98425392 ... 0.60404715 0.41521124 0.08856634]
 [0.75709935 1.         0.98425392 ... 0.60404715 0.41521124 0.09040222]
 [0.76771265 1.         0.98425392 ... 0.60404715 0.41521124 0.09051005]
 ...
 [0.25849509 0.44891751 0.98494404 ... 0.68782473 0.44799568 0.07694679]
 [0.21421561 0.03537493 0.98494404 ... 0.68782473 0.44799568 0.        ]
 [0.22179105 0.10612479 0.98494404 ... 0.68782473 0.44799568 0.        ]]
3146
2.389687963007459e-06
1
2
[[0.3348747  0.56593849 0.28133887 ... 0.49237734 0.36585651 0.73857215]
 [0.34350536 0.54457455 0.26787913 ... 0.47015896 0.34860347 0.73068041]
 [0.34511249 0.53991993 0.26500966 ... 0.46539753 0.34492063 0.72861254]
 ...
 [0.43657498 0.50665924 0.67536873 ... 0.84724678 0.76599448 0.49286669]
 [0.47674045 0.2815774  0.79262819 ... 0.80004502 0.85106744 0.26741943]
 [0.48039974 0.31849608 0.78892273 ... 0.82648253 0.85506478 0.30372577]]
[ 23.41442596   0.31332653 -29.16902375  33.01090682   0.85357076
 -24.55041271  15.12299473  -4.40034311  -1.84224552   1.86171755
  33.48615644  -4.47662455  13.36736605   1.58898844   8.03111399
   1.48294594   0.51997436   3.84882035  22.05363962  -7.33277641
 -21.06316635  28.28674993  16.71163359   4.38387081  -7.00437084
  42.23194519  -2.05534449   9.59581456  -5.08799544  17.08499825
 -24.9314485    1.19748901 -32.09085104   4.08308135  14.13824491
   1.03660788  31.68191935  29.74309869   2.24433806  -6.43731694
 -19.17025101  12.21606279  11.86100462 -20.1835512  -23.34707
  -5.5098349  -55.1739469   28.8662185   -6.94970397  20.38831404
 -12.88407167  29.066798   -12.05708008 -22.3613464  -21.28088046
   7.09876621 -12.78214618  -3.9078484  -44.85379766  21.22799654
  31.84645248 -34.5892756    9.86573142 -12.27839882  14.79253898
  15.71127593   5.30068306   4.40008187   9.05832495   4.90216177
  10.26213271 -31.51005539 -24.73552845  -6.52657371 -20.40412839
  -5.50853622 -12.40771752  -1.02007784   8.68542988   4.26504866
   2.71725874 -14.75638427   3.413459    13.00162912 -17.04500172
   9.83194396 -13.31522814  14.55538413 -24.4727214  -18.42653711
  13.59166961]
[[0.3348747  0.56593849 0.28133887 ... 0.19214431 0.73123048 0.14766245]
 [0.34350536 0.54457455 0.26787913 ... 0.17519466 0.67706522 0.13406393]
 [0.34511249 0.53991993 0.26500966 ... 0.17166413 0.66554058 0.13124623]
 ...
 [0.43657498 0.50665924 0.67536873 ... 0.62454782 0.47368095 0.67725821]
 [0.47674045 0.2815774  0.79262819 ... 0.55689676 0.14630177 0.8360475 ]
 [0.48039974 0.31849608 0.78892273 ... 0.59431022 0.18718118 0.84391954]]
[ 23.41442596   0.31332653 -29.16902375  33.01090682   0.85357076
 -24.55041271  15.12299473  -4.40034311  -1.84224552   1.86171755
  33.48615644  -4.47662455  13.36736605   1.58898844   8.03111399
   1.48294594   0.51997436   3.84882035  22.05363962  -7.33277641
 -21.06316635  28.28674993  16.71163359   4.38387081  -7.00437084
  42.23194519  -2.05534449   9.59581456  -5.08799544  17.08499825
 -24.9314485    1.19748901 -32.09085104   4.08308135  14.13824491
   1.03660788  31.68191935  29.74309869   2.24433806  -6.43731694
 -19.17025101  12.21606279  11.86100462 -20.1835512  -23.34707
  -5.5098349  -55.1739469   28.8662185   -6.94970397  20.38831404
 -12.88407167  29.066798   -12.05708008 -22.3613464  -21.28088046
   7.09876621 -12.78214618  -3.9078484  -44.85379766  21.22799654
  31.84645248 -34.5892756    9.86573142 -12.27839882  14.79253898
  15.71127593   5.30068306   4.40008187   9.05832495   4.90216177
  10.26213271 -31.51005539 -24.73552845  -6.52657371 -20.40412839
  -5.50853622 -12.40771752  -1.02007784   8.68542988   4.26504866
   2.71725874 -14.75638427   3.413459    13.00162912 -17.04500172
   9.83194396 -13.31522814  14.55538413 -24.4727214  -18.42653711
  13.59166961 -11.26659452  -6.81780036  -9.35200358  -2.46732274
  -0.05731511  -0.32275842  -4.44802021  -1.5367994   -1.48049662
   2.15761288 -11.6757801   21.67166878   1.84821295  -4.50882427
   3.8405187   -1.31653757   5.71343998  -7.25526867  10.81868529
  -3.9862521   -5.92816454  -2.06429193  -2.36633535  -2.11384607
  -3.04425381  15.03237304  -6.3993394    0.14830113  -0.93651552
   3.60330597   2.44559387  -3.25518009  -7.59326839   8.86675925
  -3.59194644   2.77398419   5.50151834  -3.67480799   0.73619997
  -1.62056601  -2.33709001   1.19273038 -12.95833416  -0.58573859
   7.57044652  -7.46906202  -0.45946009  -0.44869249   8.167253
  -1.24334246  -3.60971236   1.58036763  -3.59414815  -0.27462755
  -0.07170194  -0.90141841   8.5969427   -3.05582219   2.31686227
   0.17291382   7.52708811  13.64852269   0.40344058  -4.36959413
  20.38684733   3.56681633  -0.80875028   9.3307509   -1.42136327
  -0.22033598   4.73036991   5.31610978   3.68236489  -0.18238318
   4.53546136  -9.66583316  -5.94332704 -16.88834836   2.20043976
   1.85818713   4.16096199   1.31104117  -0.10976352  16.91714932
  -0.66595097   1.14032892   4.61298751   3.58667792   0.6228567
  -5.72428119 -17.13213642  -5.7819586    5.61472547  -5.22477831
   2.30218804 -21.08684923   2.72425012 -15.46930065   8.24417218
   5.26214272   3.13091756  -5.76752131  -5.10327484   4.98458196
  -2.69633683   4.59041667   1.9514919    7.13468103  -4.39414043
   3.05466046  -3.62336351   1.5588795    1.92690394]
[[0.3348747  0.56593849 0.28133887 ... 0.01351577 0.34583414 0.24270599]
 [0.34350536 0.54457455 0.26787913 ... 0.01114101 0.38288843 0.20614382]
 [0.34511249 0.53991993 0.26500966 ... 0.01067762 0.39010437 0.19879993]
 ...
 [0.43657498 0.50665924 0.67536873 ... 0.31334618 0.0319313  0.31043053]
 [0.47674045 0.2815774  0.79262819 ... 0.47750481 0.00311519 0.04814451]
 [0.48039974 0.31849608 0.78892273 ... 0.4865393  0.00507975 0.07252107]]
[ 2.34144260e+01  3.13326529e-01 -2.91690237e+01  3.30109068e+01
  8.53570755e-01 -2.45504127e+01  1.51229947e+01 -4.40034311e+00
 -1.84224552e+00  1.86171755e+00  3.34861564e+01 -4.47662455e+00
  1.33673660e+01  1.58898844e+00  8.03111399e+00  1.48294594e+00
  5.19974358e-01  3.84882035e+00  2.20536396e+01 -7.33277641e+00
 -2.10631663e+01  2.82867499e+01  1.67116336e+01  4.38387081e+00
 -7.00437084e+00  4.22319452e+01 -2.05534449e+00  9.59581456e+00
 -5.08799544e+00  1.70849982e+01 -2.49314485e+01  1.19748901e+00
 -3.20908510e+01  4.08308135e+00  1.41382449e+01  1.03660788e+00
  3.16819193e+01  2.97430987e+01  2.24433806e+00 -6.43731694e+00
 -1.91702510e+01  1.22160628e+01  1.18610046e+01 -2.01835512e+01
 -2.33470700e+01 -5.50983490e+00 -5.51739469e+01  2.88662185e+01
 -6.94970397e+00  2.03883140e+01 -1.28840717e+01  2.90667980e+01
 -1.20570801e+01 -2.23613464e+01 -2.12808805e+01  7.09876621e+00
 -1.27821462e+01 -3.90784840e+00 -4.48537977e+01  2.12279965e+01
  3.18464525e+01 -3.45892756e+01  9.86573142e+00 -1.22783988e+01
  1.47925390e+01  1.57112759e+01  5.30068306e+00  4.40008187e+00
  9.05832495e+00  4.90216177e+00  1.02621327e+01 -3.15100554e+01
 -2.47355284e+01 -6.52657371e+00 -2.04041284e+01 -5.50853622e+00
 -1.24077175e+01 -1.02007784e+00  8.68542988e+00  4.26504866e+00
  2.71725874e+00 -1.47563843e+01  3.41345900e+00  1.30016291e+01
 -1.70450017e+01  9.83194396e+00 -1.33152281e+01  1.45553841e+01
 -2.44727214e+01 -1.84265371e+01  1.35916696e+01 -1.12665945e+01
 -6.81780036e+00 -9.35200358e+00 -2.46732274e+00 -5.73151147e-02
 -3.22758420e-01 -4.44802021e+00 -1.53679940e+00 -1.48049662e+00
  2.15761288e+00 -1.16757801e+01  2.16716688e+01  1.84821295e+00
 -4.50882427e+00  3.84051870e+00 -1.31653757e+00  5.71343998e+00
 -7.25526867e+00  1.08186853e+01 -3.98625210e+00 -5.92816454e+00
 -2.06429193e+00 -2.36633535e+00 -2.11384607e+00 -3.04425381e+00
  1.50323730e+01 -6.39933940e+00  1.48301131e-01 -9.36515518e-01
  3.60330597e+00  2.44559387e+00 -3.25518009e+00 -7.59326839e+00
  8.86675925e+00 -3.59194644e+00  2.77398419e+00  5.50151834e+00
 -3.67480799e+00  7.36199972e-01 -1.62056601e+00 -2.33709001e+00
  1.19273038e+00 -1.29583342e+01 -5.85738588e-01  7.57044652e+00
 -7.46906202e+00 -4.59460092e-01 -4.48692486e-01  8.16725300e+00
 -1.24334246e+00 -3.60971236e+00  1.58036763e+00 -3.59414815e+00
 -2.74627549e-01 -7.17019442e-02 -9.01418413e-01  8.59694270e+00
 -3.05582219e+00  2.31686227e+00  1.72913822e-01  7.52708811e+00
  1.36485227e+01  4.03440579e-01 -4.36959413e+00  2.03868473e+01
  3.56681633e+00 -8.08750281e-01  9.33075090e+00 -1.42136327e+00
 -2.20335981e-01  4.73036991e+00  5.31610978e+00  3.68236489e+00
 -1.82383181e-01  4.53546136e+00 -9.66583316e+00 -5.94332704e+00
 -1.68883484e+01  2.20043976e+00  1.85818713e+00  4.16096199e+00
  1.31104117e+00 -1.09763522e-01  1.69171493e+01 -6.65950966e-01
  1.14032892e+00  4.61298751e+00  3.58667792e+00  6.22856704e-01
 -5.72428119e+00 -1.71321364e+01 -5.78195860e+00  5.61472547e+00
 -5.22477831e+00  2.30218804e+00 -2.10868492e+01  2.72425012e+00
 -1.54693006e+01  8.24417218e+00  5.26214272e+00  3.13091756e+00
 -5.76752131e+00 -5.10327484e+00  4.98458196e+00 -2.69633683e+00
  4.59041667e+00  1.95149190e+00  7.13468103e+00 -4.39414043e+00
  3.05466046e+00 -3.62336351e+00  1.55887950e+00  1.92690394e+00
 -1.91728809e+01  4.89429232e+00 -2.12040895e+00 -7.45300586e-01
  2.26265850e+00 -3.50169800e+00  4.82111913e-01  6.32175081e-01
  6.62557602e-01  1.27836664e-02 -1.73197903e+00 -2.37012485e+00
  1.61262379e-01 -5.57225448e+00 -5.57387179e+00 -1.38964062e+00
  1.68045843e+00 -2.43091438e+00  3.09018789e+00 -6.87942265e-01
 -5.00760318e+00 -1.16587232e+00 -5.22925224e+00  2.05432586e+00
 -1.17758258e+01 -3.41712443e+00 -6.99371480e+00  9.23387688e+00
 -1.82789445e+00 -1.09762602e+00 -1.46904212e+00 -8.84228752e-01
 -2.96730461e-01 -5.65683949e-01  4.21004230e-01 -6.77311372e-01
 -9.01488067e-01 -5.96382860e-01 -2.94592608e-01  9.83325343e-01
 -2.89624236e-02  1.72320000e+01  1.60020764e+00 -2.19163557e+00
  1.56051979e+00 -1.07398425e+00  2.00017363e+00  6.53565478e-01
  1.40546241e+00  7.55831155e+00  1.18698536e+00  4.55123645e-01
 -8.54312536e-01  3.69037585e-02 -6.89107841e-01  1.17106590e-01
  1.87559982e+00 -1.44217569e-01  4.88041635e-01  6.73047191e-02
 -1.77964155e-01 -2.13209442e-01  1.81666134e-01 -2.24156812e+00
 -3.08882602e-01  3.47154212e-01 -3.20232879e-01  6.48723101e-01
  1.46932968e-01 -2.31719273e-01 -3.15992841e-02  1.99890782e+00
 -8.46974674e-01  5.12761939e+00  1.64210822e-01 -1.44855164e+00
 -1.18563419e+00 -5.75310150e+00  6.48193346e-02  4.37837139e-01
 -3.00049507e-01  6.30849952e-01  1.97041719e+00  2.24204714e+00
  3.40151086e+00  8.76286364e-01 -3.16157758e+00  5.30574306e-01
  7.84146009e-01 -2.30266355e+00  1.94886260e-01 -5.79764504e+00
  5.85591479e-01  5.09124289e-01 -8.02294702e-01 -5.46084454e-01
  2.83785752e-01  2.46351303e+00 -4.02210542e+00 -2.86418811e-01
  1.94033959e-01 -9.06630619e-01  7.35211728e-02 -5.08134522e-01
  9.72554069e-01  1.56912051e+00  2.03217752e-02 -5.19722491e+00
  4.11095975e+00 -1.79904821e+00 -4.46997642e+00  6.33966660e-01
  5.07324407e-01 -1.29076742e+00  4.08108022e+00 -1.58311395e-01
 -6.33848110e+00  1.62247042e+00 -2.69264918e+00  5.33963093e+00
 -2.89450717e+00  3.23998437e+00 -1.32188569e+01 -5.80869800e-01
  1.00989259e-01  9.71362659e-01  7.20930209e+00  4.68049973e-01
 -1.07213785e+00  5.47724726e-01  1.44120735e-01 -1.36361148e-01
 -1.71892470e+00 -4.35890572e-01  3.47261202e+00 -2.46522661e+00
  5.08543368e-01  2.43602965e+00 -1.90122630e+00  9.14187331e-01
  8.30961828e+00  3.45178585e-01 -2.35243247e-01  3.49160120e+00
 -4.35730259e-01 -1.42080017e+00 -5.69400171e+00  2.79871064e+00
  1.93335029e-02 -1.39905664e+00 -6.91571149e-01  4.15475301e+00
 -6.62550323e+00 -5.18894545e-01  7.68959180e-01  3.73677446e-01
  4.68842556e+00 -3.20013451e+00  9.19360259e+00  1.24367938e+00
  4.81368307e+00 -1.15893235e+00  3.28579271e+00 -6.59591333e+00
  9.58813316e+00 -5.37369226e-01 -1.42648934e+00  4.83371417e+00
 -3.02581713e+00  2.26571879e-01 -3.60477134e-01  4.09023546e-01
 -6.81371226e+00  3.98055938e+00  1.74004481e+00  5.91657646e+00
  6.61769965e+00  7.68831041e-01 -6.26516169e-01 -5.88832591e-01
 -1.12812025e+00 -1.15106394e+00 -3.57363174e+00  3.25651890e+00
  1.35353872e+00  1.20429042e+00  2.63669145e+00  8.66205869e-01
  2.55358440e+00 -8.47508493e-01  6.84677590e-01 -7.07931559e-01
 -1.29170696e+01  4.35737456e+00  8.18174785e-01  1.63506900e+00
  1.45236347e+00  1.61627019e+00 -1.10994682e+00  3.63202436e+00
  8.29680748e+00  4.05756077e-01 -6.26720821e+00 -5.22691712e+00
  2.86143931e+00 -5.00191664e-01 -2.70401790e+00  9.29427677e+00
 -2.71106153e+00  2.83611163e-01 -4.59850142e+00  3.86385870e-01
  5.15608222e-01  3.49205104e+00  6.50644606e-01]
[[3.34874699e-01 5.65938490e-01 2.81338875e-01 ... 1.39927536e-02
  7.82940005e-02 2.75276626e-04]
 [3.43505361e-01 5.44574550e-01 2.67879129e-01 ... 9.98807552e-03
  5.75484136e-02 1.87040980e-04]
 [3.45112492e-01 5.39919930e-01 2.65009656e-01 ... 9.26872246e-03
  5.37290920e-02 1.71805237e-04]
 ...
 [4.36574982e-01 5.06659237e-01 6.75368732e-01 ... 1.23191351e-01
  2.73336447e-02 2.53795815e-01]
 [4.76740455e-01 2.81577398e-01 7.92628194e-01 ... 6.64974178e-03
  2.48743737e-04 5.89374244e-01]
 [4.80399742e-01 3.18496081e-01 7.88922735e-01 ... 1.31395174e-02
  6.66503701e-04 6.11887402e-01]]
[ 2.34144260e+01  3.13326529e-01 -2.91690237e+01  3.30109068e+01
  8.53570755e-01 -2.45504127e+01  1.51229947e+01 -4.40034311e+00
 -1.84224552e+00  1.86171755e+00  3.34861564e+01 -4.47662455e+00
  1.33673660e+01  1.58898844e+00  8.03111399e+00  1.48294594e+00
  5.19974358e-01  3.84882035e+00  2.20536396e+01 -7.33277641e+00
 -2.10631663e+01  2.82867499e+01  1.67116336e+01  4.38387081e+00
 -7.00437084e+00  4.22319452e+01 -2.05534449e+00  9.59581456e+00
 -5.08799544e+00  1.70849982e+01 -2.49314485e+01  1.19748901e+00
 -3.20908510e+01  4.08308135e+00  1.41382449e+01  1.03660788e+00
  3.16819193e+01  2.97430987e+01  2.24433806e+00 -6.43731694e+00
 -1.91702510e+01  1.22160628e+01  1.18610046e+01 -2.01835512e+01
 -2.33470700e+01 -5.50983490e+00 -5.51739469e+01  2.88662185e+01
 -6.94970397e+00  2.03883140e+01 -1.28840717e+01  2.90667980e+01
 -1.20570801e+01 -2.23613464e+01 -2.12808805e+01  7.09876621e+00
 -1.27821462e+01 -3.90784840e+00 -4.48537977e+01  2.12279965e+01
  3.18464525e+01 -3.45892756e+01  9.86573142e+00 -1.22783988e+01
  1.47925390e+01  1.57112759e+01  5.30068306e+00  4.40008187e+00
  9.05832495e+00  4.90216177e+00  1.02621327e+01 -3.15100554e+01
 -2.47355284e+01 -6.52657371e+00 -2.04041284e+01 -5.50853622e+00
 -1.24077175e+01 -1.02007784e+00  8.68542988e+00  4.26504866e+00
  2.71725874e+00 -1.47563843e+01  3.41345900e+00  1.30016291e+01
 -1.70450017e+01  9.83194396e+00 -1.33152281e+01  1.45553841e+01
 -2.44727214e+01 -1.84265371e+01  1.35916696e+01 -1.12665945e+01
 -6.81780036e+00 -9.35200358e+00 -2.46732274e+00 -5.73151147e-02
 -3.22758420e-01 -4.44802021e+00 -1.53679940e+00 -1.48049662e+00
  2.15761288e+00 -1.16757801e+01  2.16716688e+01  1.84821295e+00
 -4.50882427e+00  3.84051870e+00 -1.31653757e+00  5.71343998e+00
 -7.25526867e+00  1.08186853e+01 -3.98625210e+00 -5.92816454e+00
 -2.06429193e+00 -2.36633535e+00 -2.11384607e+00 -3.04425381e+00
  1.50323730e+01 -6.39933940e+00  1.48301131e-01 -9.36515518e-01
  3.60330597e+00  2.44559387e+00 -3.25518009e+00 -7.59326839e+00
  8.86675925e+00 -3.59194644e+00  2.77398419e+00  5.50151834e+00
 -3.67480799e+00  7.36199972e-01 -1.62056601e+00 -2.33709001e+00
  1.19273038e+00 -1.29583342e+01 -5.85738588e-01  7.57044652e+00
 -7.46906202e+00 -4.59460092e-01 -4.48692486e-01  8.16725300e+00
 -1.24334246e+00 -3.60971236e+00  1.58036763e+00 -3.59414815e+00
 -2.74627549e-01 -7.17019442e-02 -9.01418413e-01  8.59694270e+00
 -3.05582219e+00  2.31686227e+00  1.72913822e-01  7.52708811e+00
  1.36485227e+01  4.03440579e-01 -4.36959413e+00  2.03868473e+01
  3.56681633e+00 -8.08750281e-01  9.33075090e+00 -1.42136327e+00
 -2.20335981e-01  4.73036991e+00  5.31610978e+00  3.68236489e+00
 -1.82383181e-01  4.53546136e+00 -9.66583316e+00 -5.94332704e+00
 -1.68883484e+01  2.20043976e+00  1.85818713e+00  4.16096199e+00
  1.31104117e+00 -1.09763522e-01  1.69171493e+01 -6.65950966e-01
  1.14032892e+00  4.61298751e+00  3.58667792e+00  6.22856704e-01
 -5.72428119e+00 -1.71321364e+01 -5.78195860e+00  5.61472547e+00
 -5.22477831e+00  2.30218804e+00 -2.10868492e+01  2.72425012e+00
 -1.54693006e+01  8.24417218e+00  5.26214272e+00  3.13091756e+00
 -5.76752131e+00 -5.10327484e+00  4.98458196e+00 -2.69633683e+00
  4.59041667e+00  1.95149190e+00  7.13468103e+00 -4.39414043e+00
  3.05466046e+00 -3.62336351e+00  1.55887950e+00  1.92690394e+00
 -1.91728809e+01  4.89429232e+00 -2.12040895e+00 -7.45300586e-01
  2.26265850e+00 -3.50169800e+00  4.82111913e-01  6.32175081e-01
  6.62557602e-01  1.27836664e-02 -1.73197903e+00 -2.37012485e+00
  1.61262379e-01 -5.57225448e+00 -5.57387179e+00 -1.38964062e+00
  1.68045843e+00 -2.43091438e+00  3.09018789e+00 -6.87942265e-01
 -5.00760318e+00 -1.16587232e+00 -5.22925224e+00  2.05432586e+00
 -1.17758258e+01 -3.41712443e+00 -6.99371480e+00  9.23387688e+00
 -1.82789445e+00 -1.09762602e+00 -1.46904212e+00 -8.84228752e-01
 -2.96730461e-01 -5.65683949e-01  4.21004230e-01 -6.77311372e-01
 -9.01488067e-01 -5.96382860e-01 -2.94592608e-01  9.83325343e-01
 -2.89624236e-02  1.72320000e+01  1.60020764e+00 -2.19163557e+00
  1.56051979e+00 -1.07398425e+00  2.00017363e+00  6.53565478e-01
  1.40546241e+00  7.55831155e+00  1.18698536e+00  4.55123645e-01
 -8.54312536e-01  3.69037585e-02 -6.89107841e-01  1.17106590e-01
  1.87559982e+00 -1.44217569e-01  4.88041635e-01  6.73047191e-02
 -1.77964155e-01 -2.13209442e-01  1.81666134e-01 -2.24156812e+00
 -3.08882602e-01  3.47154212e-01 -3.20232879e-01  6.48723101e-01
  1.46932968e-01 -2.31719273e-01 -3.15992841e-02  1.99890782e+00
 -8.46974674e-01  5.12761939e+00  1.64210822e-01 -1.44855164e+00
 -1.18563419e+00 -5.75310150e+00  6.48193346e-02  4.37837139e-01
 -3.00049507e-01  6.30849952e-01  1.97041719e+00  2.24204714e+00
  3.40151086e+00  8.76286364e-01 -3.16157758e+00  5.30574306e-01
  7.84146009e-01 -2.30266355e+00  1.94886260e-01 -5.79764504e+00
  5.85591479e-01  5.09124289e-01 -8.02294702e-01 -5.46084454e-01
  2.83785752e-01  2.46351303e+00 -4.02210542e+00 -2.86418811e-01
  1.94033959e-01 -9.06630619e-01  7.35211728e-02 -5.08134522e-01
  9.72554069e-01  1.56912051e+00  2.03217752e-02 -5.19722491e+00
  4.11095975e+00 -1.79904821e+00 -4.46997642e+00  6.33966660e-01
  5.07324407e-01 -1.29076742e+00  4.08108022e+00 -1.58311395e-01
 -6.33848110e+00  1.62247042e+00 -2.69264918e+00  5.33963093e+00
 -2.89450717e+00  3.23998437e+00 -1.32188569e+01 -5.80869800e-01
  1.00989259e-01  9.71362659e-01  7.20930209e+00  4.68049973e-01
 -1.07213785e+00  5.47724726e-01  1.44120735e-01 -1.36361148e-01
 -1.71892470e+00 -4.35890572e-01  3.47261202e+00 -2.46522661e+00
  5.08543368e-01  2.43602965e+00 -1.90122630e+00  9.14187331e-01
  8.30961828e+00  3.45178585e-01 -2.35243247e-01  3.49160120e+00
 -4.35730259e-01 -1.42080017e+00 -5.69400171e+00  2.79871064e+00
  1.93335029e-02 -1.39905664e+00 -6.91571149e-01  4.15475301e+00
 -6.62550323e+00 -5.18894545e-01  7.68959180e-01  3.73677446e-01
  4.68842556e+00 -3.20013451e+00  9.19360259e+00  1.24367938e+00
  4.81368307e+00 -1.15893235e+00  3.28579271e+00 -6.59591333e+00
  9.58813316e+00 -5.37369226e-01 -1.42648934e+00  4.83371417e+00
 -3.02581713e+00  2.26571879e-01 -3.60477134e-01  4.09023546e-01
 -6.81371226e+00  3.98055938e+00  1.74004481e+00  5.91657646e+00
  6.61769965e+00  7.68831041e-01 -6.26516169e-01 -5.88832591e-01
 -1.12812025e+00 -1.15106394e+00 -3.57363174e+00  3.25651890e+00
  1.35353872e+00  1.20429042e+00  2.63669145e+00  8.66205869e-01
  2.55358440e+00 -8.47508493e-01  6.84677590e-01 -7.07931559e-01
 -1.29170696e+01  4.35737456e+00  8.18174785e-01  1.63506900e+00
  1.45236347e+00  1.61627019e+00 -1.10994682e+00  3.63202436e+00
  8.29680748e+00  4.05756077e-01 -6.26720821e+00 -5.22691712e+00
  2.86143931e+00 -5.00191664e-01 -2.70401790e+00  9.29427677e+00
 -2.71106153e+00  2.83611163e-01 -4.59850142e+00  3.86385870e-01
  5.15608222e-01  3.49205104e+00  6.50644606e-01  1.16658029e-01
  1.82585199e-01  2.29419964e-01 -8.77901768e-01  8.75104390e-02
  8.08851310e-02  6.02211687e-01 -1.30429653e-01  7.37520275e+00
 -3.44594956e-01  4.20178318e-01 -3.23501224e-01  3.46130426e-03
  5.29111653e-02 -2.91813794e+00 -2.80424552e-01 -1.29906372e+00
 -6.40506417e-02 -3.74937464e+00 -1.97605741e-01  2.04826850e-01
 -1.97254301e+00  8.81255298e-01  1.16084634e+00 -4.98526613e-02
  1.38812255e-01  2.32097119e-01 -4.54527213e-01 -1.04231665e+00
 -3.88317331e-01 -3.45668441e-02  4.00104650e-02  2.41529186e-01
  1.56761355e+00 -1.02548942e+00 -3.63142278e-01 -2.82944250e-01
 -5.64037595e-03 -4.12780808e-02 -2.47831764e-01 -4.14868977e-02
 -3.28761545e-01 -1.94728210e-04 -4.99316701e-01  5.00757851e+00
  4.07252979e-02 -2.97056811e-01  1.19524187e+00  2.27740286e-01
  4.77837808e-01 -1.91655450e-01  1.21356245e+00  2.04558211e+00
  1.30158944e+00 -1.15629799e-01 -7.02810474e-02 -1.83108243e-01
  1.16495155e+00  6.17776217e-01 -2.90403130e+00 -1.51699819e-01
 -3.70248785e-01  1.04374050e-02 -2.79951913e-03  1.33332984e-02
  6.28031105e-01 -1.60538968e-01 -1.96934884e-01  4.92060984e-02
 -3.69885233e-01 -1.73799662e+00 -4.43053626e-02  2.35154478e-01
 -3.49207551e-02  1.21416536e-01  1.70190086e+00 -1.12023253e+00
 -9.34785104e-02 -2.94857346e+00 -3.64374897e-02 -1.96631966e-01
  1.38158376e+00  7.57253507e-02  1.03338757e-02  3.64510642e-01
 -1.17144788e+00 -6.17580458e-01 -1.34666442e-01  2.83794243e+00
  2.37766213e+00 -5.87314728e-01  5.09334798e-02 -3.80939124e-01
  3.95172763e-02  1.87318687e-01  2.08131183e-01  2.77120336e-01
 -1.04803748e+00 -4.94107059e-03  3.68616123e-01  2.10385320e-02
  5.67161927e-02 -1.15610620e-01 -9.05054201e-02  2.72421294e-02
  4.32952301e-02  5.80892290e-01  3.60117955e-01 -5.36496810e-03
  7.23602234e-02 -2.06332351e+00 -4.26476808e-01 -1.92494812e-01
  7.12517784e-01  6.50281392e-01 -1.26595786e-01  5.47367527e-02
  1.60355641e-01 -2.60497756e-01  4.50154853e-02  1.74051163e-01
  2.93537148e-01  1.68310401e+00 -5.24570464e-02  1.49987027e-01
  9.73754821e-02 -5.70960883e-01  2.53371133e-01  9.78201653e-02
  4.01148288e-02  1.66601820e-01 -9.13360108e-01 -1.64485429e-01
  1.90241454e-02 -4.86531256e-01 -1.27019621e+00  1.18109325e-01
 -1.10022834e+00  1.25804994e+00  7.10169984e-02 -1.10509118e-01
 -2.67368496e-01  4.56177678e-03 -4.83469629e-02  1.62223643e-01
 -1.46265953e-01 -4.13752244e-01  2.04163484e-01  1.11860801e-01
  3.17612177e-02  5.67078847e-01  6.05782287e-02 -7.97410808e-01
  4.40853903e+00  1.29499710e-01 -4.53896315e-01 -5.66519946e-02
 -1.56901180e-01 -5.02392401e-02 -5.97304008e-02 -9.59757834e-02
  6.29248870e-02 -2.46611457e-02 -2.99042957e-02 -2.53533891e-02
 -2.91647718e-01 -2.16445153e+00 -2.10010868e+00  3.03550741e-01
  9.46332056e-01 -1.38137648e+00 -3.41954416e-01 -6.47802551e-01
  1.47006382e-01 -1.71694591e+00 -1.28957607e+00 -3.66968509e+00
  9.23727170e-01 -1.24358629e+00 -6.12278970e-02 -8.08408079e-02
  2.89872026e+00 -8.85480583e-01 -7.63526195e-02  8.42585545e-01
 -1.08094659e-01  2.22594610e-01 -2.08839189e+00  3.70303655e-01
 -5.86206069e-03  1.22724346e+00 -5.56403871e-01  7.47857179e-03
 -1.16783645e-01 -3.32144575e-02  6.87608613e-01 -1.59009833e+00
 -1.06393002e+00  1.30402790e-01  4.89281283e-01 -1.16746815e-01
  1.12260019e+00 -1.18153528e+00 -3.42753468e+00  1.37167805e+00
 -2.35620766e+00 -5.09109615e-02  2.69494942e-01  1.73357494e+00
  1.12181509e+00  1.64948520e-01 -1.86291880e+00  8.11573326e-01
 -1.64462587e-01  1.30994249e-01  1.16655222e-01 -4.74379889e-02
 -6.55853700e-02  1.03625118e-01 -2.00230515e+00  3.22616146e+00
  1.51359473e+00  1.29980577e-01  2.12036512e-01 -1.47787118e-01
  1.00369395e-01 -8.16072886e-02 -6.11845369e-02  2.35861088e-01
  3.15776089e-01  2.71005497e+00  5.88144950e+00  1.35773919e+00
  4.42018476e-01  3.01092610e-01 -1.64838223e+00 -2.01777269e+00
  5.01903480e+00 -4.22427353e-01 -3.93460583e-01 -3.04473408e+00
  7.91159942e-01  1.04390230e-01 -3.41282264e+00 -7.17754387e-04
  4.84642502e-01 -1.79020462e-01  1.14228253e-01 -3.31922336e-01
 -1.29188455e-01  5.23739956e+00 -1.13164976e+00 -6.48911229e+00
 -2.43203484e+00 -2.58225779e+00  4.34647041e-01  4.25261210e+00
 -2.93060755e-03 -1.72540865e-01  9.36003324e-01 -6.40616999e+00
 -1.12609783e+00  6.16965766e-02  1.23679398e-01 -6.17599342e-02
 -2.58975504e-01  1.99843748e-01 -6.21991848e-02 -1.45529987e-01
  8.00212753e-03  6.57641794e-03  1.17904089e+00 -8.35174150e-01
  2.08010249e+00 -3.99925325e-01 -1.87518894e-01 -1.55843280e+00
  2.53977862e+00  1.10405636e+00  1.05282951e+00 -1.20407670e+00
  3.76222725e-01  6.14031775e-01  8.41017269e-01 -2.50373818e-02
  1.56599027e-01 -6.24711974e-02  2.18770872e+00 -2.23132452e+00
  7.86387827e-02 -3.51446816e-01 -1.02773413e-01  1.58935506e-01
  7.43129582e+00  2.70369581e-01 -9.58667643e-01 -6.88937308e-01
  7.96463842e-01 -1.63076157e-01  2.26248666e+00  5.38071291e-01
 -1.83292079e+00  4.72825634e-02 -8.14605172e-01 -7.74599165e-01
  2.63385955e-01  1.49646151e-01 -3.82425090e+00 -4.95149460e+00
  7.56201207e-01  1.05357532e+00 -2.99218602e-01 -8.54095693e-01
  1.43888987e+00  1.60976238e-01  2.05115273e-01  7.97385400e-02
  6.28319299e-02  3.17235184e-01  6.69659067e-02  4.42004470e-01
  1.37323552e-01 -2.31616814e-01  1.16362051e-01  2.60238569e-01
  5.19936714e-01 -1.70703577e+00 -3.97140322e+00  1.71261904e-01
 -9.97015107e-02 -5.80547467e-02  5.16827097e+00 -2.91377267e+00
  1.62859735e-01 -7.78127941e-01  1.98153756e+00  8.75215933e-01
  2.31035254e-01 -9.99911519e-02 -8.52904920e-02]
[[3.34874699e-01 5.65938490e-01 2.81338875e-01 ... 8.37762027e-04
  1.59672211e-02 2.51451913e-06]
 [3.43505361e-01 5.44574550e-01 2.67879129e-01 ... 4.52616534e-04
  8.30976317e-03 3.77809985e-06]
 [3.45112492e-01 5.39919930e-01 2.65009656e-01 ... 3.94532427e-04
  7.18740809e-03 4.07106384e-06]
 ...
 [4.36574982e-01 5.06659237e-01 6.75368732e-01 ... 3.39657625e-05
  5.96839083e-02 9.76592886e-06]
 [4.76740455e-01 2.81577398e-01 7.92628194e-01 ... 2.81287600e-09
  3.45292158e-05 1.41969201e-06]
 [4.80399742e-01 3.18496081e-01 7.88922735e-01 ... 2.01953511e-08
  1.77769112e-04 2.83948836e-06]]
[ 23.41442596   0.31332653 -29.16902375 ...   0.11003326  -0.03146953
   0.84836662]
[[3.34874699e-01 5.65938490e-01 2.81338875e-01 ... 1.93058311e-06
  5.68522284e-08 1.58377066e-06]
 [3.43505361e-01 5.44574550e-01 2.67879129e-01 ... 4.80167128e-07
  2.08690046e-08 2.79267178e-06]
 [3.45112492e-01 5.39919930e-01 2.65009656e-01 ... 3.52928545e-07
  1.66279748e-08 3.08066288e-06]
 ...
 [4.36574982e-01 5.06659237e-01 6.75368732e-01 ... 9.90747694e-02
  2.22461282e-10 1.04672606e-13]
 [4.76740455e-01 2.81577398e-01 7.92628194e-01 ... 2.21236403e-05
  1.25138318e-18 1.51534215e-22]
 [4.80399742e-01 3.18496081e-01 7.88922735e-01 ... 1.92760885e-04
  6.67296991e-17 1.01926119e-20]]
[ 2.34144260e+01  3.13326529e-01 -2.91690237e+01 ... -2.86268578e-03
 -5.86602611e-02 -1.27433370e-01]
[[3.34874699e-01 5.65938490e-01 2.81338875e-01 ... 1.93058311e-06
  5.68522284e-08 1.58377066e-06]
 [3.43505361e-01 5.44574550e-01 2.67879129e-01 ... 4.80167128e-07
  2.08690046e-08 2.79267178e-06]
 [3.45112492e-01 5.39919930e-01 2.65009656e-01 ... 3.52928545e-07
  1.66279748e-08 3.08066288e-06]
 ...
 [4.36574982e-01 5.06659237e-01 6.75368732e-01 ... 9.90747694e-02
  2.22461282e-10 1.04672606e-13]
 [4.76740455e-01 2.81577398e-01 7.92628194e-01 ... 2.21236403e-05
  1.25138318e-18 1.51534215e-22]
 [4.80399742e-01 3.18496081e-01 7.88922735e-01 ... 1.92760885e-04
  6.67296991e-17 1.01926119e-20]]
[ 2.34144260e+01  3.13326529e-01 -2.91690237e+01 ... -2.86268578e-03
 -5.86602611e-02 -1.27433370e-01]
[[2.89256198e-02 1.00274299e-03]
 [6.48442467e-02 6.66010292e-04]
 [1.33184997e-01 3.14743830e-04]
 [2.41258741e-01 1.46477911e-04]
 [4.33248570e-01 5.08474146e-05]
 [7.39669421e-01 1.97885358e-05]
 [7.39669421e-01 1.97885358e-05]]
