[[2.57893438e+02 6.61950300e-03 2.66696894e+01 3.83093000e-03]
 [1.17192216e+02 6.98329000e-03 1.44727820e+01 6.30352000e-03]
 [1.17435754e+02 8.45934000e-03 1.53151483e+01 8.03008000e-03]
 ...
 [1.15380800e+02 6.75225800e-03 2.70289840e+01 5.35750000e-03]
 [1.81754126e+02 6.60062400e-03 2.46118875e+01 4.16289000e-03]
 [2.58394867e+02 5.82451800e-03 2.32431039e+01 3.39543000e-03]]
[[0.95620153 0.66213563 0.89005588 0.28294263]
 [0.43451813 0.69852452 0.48300468 0.46556176]
 [0.43542111 0.84617084 0.51111723 0.59308104]
 ...
 [0.42780188 0.67541485 0.90204673 0.39569116]
 [0.67389684 0.6602472  0.82138021 0.30746034]
 [0.95806069 0.58261487 0.77569937 0.25077772]]
4.6003539043907004e-05
1
2
[[0.37015505 0.27681473 0.57522238 ... 0.54960689 0.52788436 0.90112547]
 [0.85756289 0.7889807  0.5374385  ... 0.90243213 0.82526263 0.49848562]
 [0.94220047 0.6258592  0.47016085 ... 0.95166754 0.77126614 0.44753119]
 ...
 [0.53165336 0.4907565  0.31951685 ... 0.86889323 0.95822052 0.49913551]
 [0.57189201 0.49246778 0.54874038 ... 0.83131054 0.84132805 0.78239808]
 [0.40063    0.3609389  0.71779616 ... 0.54928659 0.54114401 0.98048536]]
[  1.34008941  -1.40390648  -0.48853903   1.28046908   7.0365416
   2.81261078   0.75436795   1.46694969  -3.90083238   2.87306284
   1.26273936 -11.33188583   2.50250142  -2.16665902]
[[0.37015505 0.27681473 0.57522238 ... 0.51494671 0.57403382 0.20717452]
 [0.85756289 0.7889807  0.5374385  ... 0.44135368 0.27557525 0.92247181]
 [0.94220047 0.6258592  0.47016085 ... 0.58119786 0.20682886 0.99067771]
 ...
 [0.53165336 0.4907565  0.31951685 ... 0.45729399 0.63566795 0.59211554]
 [0.57189201 0.49246778 0.54874038 ... 0.65361847 0.75022597 0.54450476]
 [0.40063    0.3609389  0.71779616 ... 0.45542054 0.58135054 0.23007162]]
[  1.34008941  -1.40390648  -0.48853903   1.28046908   7.0365416
   2.81261078   0.75436795   1.46694969  -3.90083238   2.87306284
   1.26273936 -11.33188583   2.50250142  -2.16665902   1.4525857
   0.24969819  -0.92792981   0.90956211  -1.06682361   0.04500138
   1.38291718   0.26291137  -0.18937763  -0.36642551   0.19515934
  -1.89820327  -0.70221913   0.24952578   1.62221542  -0.09255671
   0.98897079  -1.08771105  -0.95839499]
[[0.37015505 0.27681473 0.57522238 ... 0.0058716  0.05270467 0.20932375]
 [0.85756289 0.7889807  0.5374385  ... 0.38749448 0.5472244  0.21518559]
 [0.94220047 0.6258592  0.47016085 ... 0.15342869 0.39374957 0.13809721]
 ...
 [0.53165336 0.4907565  0.31951685 ... 0.05800484 0.71021473 0.72815834]
 [0.57189201 0.49246778 0.54874038 ... 0.05881814 0.4068833  0.66874431]
 [0.40063    0.3609389  0.71779616 ... 0.01697207 0.06511389 0.22111144]]
[  1.34008941  -1.40390648  -0.48853903   1.28046908   7.0365416
   2.81261078   0.75436795   1.46694969  -3.90083238   2.87306284
   1.26273936 -11.33188583   2.50250142  -2.16665902   1.4525857
   0.24969819  -0.92792981   0.90956211  -1.06682361   0.04500138
   1.38291718   0.26291137  -0.18937763  -0.36642551   0.19515934
  -1.89820327  -0.70221913   0.24952578   1.62221542  -0.09255671
   0.98897079  -1.08771105  -0.95839499   0.49808335   0.66458481
  -0.72053842   0.39672675  -0.10590395   0.10862165   0.03277248
  -0.83706734   0.17635145   1.20871611   0.66527001   0.74542942
   0.82894936   0.52804288  -0.29946167  -0.0221977   -0.46195465
  -0.26855289  -0.02160846   0.75676576  -0.74073004  -0.71667303
  -0.67476229  -1.0450352    0.18865201  -0.59790837  -0.78225504
   0.44636771   0.34224718   0.52820368  -0.51289842]
[[3.70155047e-01 2.76814732e-01 5.75222378e-01 ... 9.23889489e-01
  2.30362081e-01 7.58148674e-03]
 [8.57562892e-01 7.88980700e-01 5.37438502e-01 ... 1.46699304e-03
  4.33951284e-03 2.53176721e-02]
 [9.42200473e-01 6.25859201e-01 4.70160851e-01 ... 1.49944548e-03
  1.01831653e-02 5.80364936e-02]
 ...
 [5.31653357e-01 4.90756499e-01 3.19516848e-01 ... 8.61537012e-03
  1.22086900e-01 6.71961086e-04]
 [5.71892009e-01 4.92467778e-01 5.48740382e-01 ... 2.09086038e-01
  3.22400778e-01 1.36283048e-02]
 [4.00629996e-01 3.60938897e-01 7.17796159e-01 ... 7.22517770e-01
  7.69108421e-02 1.31554928e-02]]
[ 1.34008941e+00 -1.40390648e+00 -4.88539034e-01  1.28046908e+00
  7.03654160e+00  2.81261078e+00  7.54367947e-01  1.46694969e+00
 -3.90083238e+00  2.87306284e+00  1.26273936e+00 -1.13318858e+01
  2.50250142e+00 -2.16665902e+00  1.45258570e+00  2.49698186e-01
 -9.27929814e-01  9.09562110e-01 -1.06682361e+00  4.50013845e-02
  1.38291718e+00  2.62911367e-01 -1.89377635e-01 -3.66425512e-01
  1.95159336e-01 -1.89820327e+00 -7.02219128e-01  2.49525782e-01
  1.62221542e+00 -9.25567073e-02  9.88970792e-01 -1.08771105e+00
 -9.58394993e-01  4.98083351e-01  6.64584807e-01 -7.20538421e-01
  3.96726750e-01 -1.05903947e-01  1.08621649e-01  3.27724750e-02
 -8.37067344e-01  1.76351452e-01  1.20871611e+00  6.65270009e-01
  7.45429421e-01  8.28949365e-01  5.28042876e-01 -2.99461668e-01
 -2.21977026e-02 -4.61954647e-01 -2.68552885e-01 -2.16084564e-02
  7.56765762e-01 -7.40730036e-01 -7.16673027e-01 -6.74762292e-01
 -1.04503520e+00  1.88652013e-01 -5.97908371e-01 -7.82255038e-01
  4.46367714e-01  3.42247177e-01  5.28203676e-01 -5.12898421e-01
  1.17479681e-01  6.22717575e-01  1.16228310e-01 -3.77869504e-01
  7.72236542e-02  3.78071780e-01  2.59496024e-02  7.50577683e-02
  3.83289168e-01 -1.85488537e-01 -1.73772975e-02  1.59079026e-01
 -6.15090485e-02  5.67293402e-01  1.18264623e-02 -2.92561151e-02
 -3.15845366e-02  2.26654502e-01 -1.80521692e-01  3.15952152e-01
  3.02256469e-01  1.96786752e-01 -1.08369361e-01 -8.45776962e-02
 -1.42492105e-01  4.86421743e-02 -2.50422319e-01  2.38873492e-01
 -5.07403572e-01 -2.28532055e-01  3.38991436e-02 -7.59503465e-03
  5.87042988e-02  3.55288037e-02 -1.38410316e-01 -2.13242187e-01
  3.86142050e-01 -1.40754550e-01  1.43841634e-01  4.96114680e-02
 -6.72895094e-01 -1.79391724e-01 -5.03465620e-02 -2.83920787e-01
  2.11538349e-01 -4.57828956e-01  8.43006473e-02 -4.65515253e-01
  6.61378713e-01  2.38590756e-01 -1.34432006e-01 -3.84265812e-01
 -2.44819090e-01]
[[3.70155047e-01 2.76814732e-01 5.75222378e-01 ... 2.88543399e-07
  9.68188448e-06 9.46937372e-05]
 [8.57562892e-01 7.88980700e-01 5.37438502e-01 ... 3.68113941e-01
  2.11993989e-02 1.81627723e-01]
 [9.42200473e-01 6.25859201e-01 4.70160851e-01 ... 2.23149679e-01
  3.44641068e-02 2.92053189e-01]
 ...
 [5.31653357e-01 4.90756499e-01 3.19516848e-01 ... 4.53992145e-02
  5.23652465e-01 2.38241015e-01]
 [5.71892009e-01 4.92467778e-01 5.48740382e-01 ... 3.79725087e-03
  2.62911312e-02 8.25985857e-02]
 [4.00629996e-01 3.60938897e-01 7.17796159e-01 ... 8.74369297e-07
  4.81434059e-06 9.46975348e-05]]
[ 1.34008941e+00 -1.40390648e+00 -4.88539034e-01  1.28046908e+00
  7.03654160e+00  2.81261078e+00  7.54367947e-01  1.46694969e+00
 -3.90083238e+00  2.87306284e+00  1.26273936e+00 -1.13318858e+01
  2.50250142e+00 -2.16665902e+00  1.45258570e+00  2.49698186e-01
 -9.27929814e-01  9.09562110e-01 -1.06682361e+00  4.50013845e-02
  1.38291718e+00  2.62911367e-01 -1.89377635e-01 -3.66425512e-01
  1.95159336e-01 -1.89820327e+00 -7.02219128e-01  2.49525782e-01
  1.62221542e+00 -9.25567073e-02  9.88970792e-01 -1.08771105e+00
 -9.58394993e-01  4.98083351e-01  6.64584807e-01 -7.20538421e-01
  3.96726750e-01 -1.05903947e-01  1.08621649e-01  3.27724750e-02
 -8.37067344e-01  1.76351452e-01  1.20871611e+00  6.65270009e-01
  7.45429421e-01  8.28949365e-01  5.28042876e-01 -2.99461668e-01
 -2.21977026e-02 -4.61954647e-01 -2.68552885e-01 -2.16084564e-02
  7.56765762e-01 -7.40730036e-01 -7.16673027e-01 -6.74762292e-01
 -1.04503520e+00  1.88652013e-01 -5.97908371e-01 -7.82255038e-01
  4.46367714e-01  3.42247177e-01  5.28203676e-01 -5.12898421e-01
  1.17479681e-01  6.22717575e-01  1.16228310e-01 -3.77869504e-01
  7.72236542e-02  3.78071780e-01  2.59496024e-02  7.50577683e-02
  3.83289168e-01 -1.85488537e-01 -1.73772975e-02  1.59079026e-01
 -6.15090485e-02  5.67293402e-01  1.18264623e-02 -2.92561151e-02
 -3.15845366e-02  2.26654502e-01 -1.80521692e-01  3.15952152e-01
  3.02256469e-01  1.96786752e-01 -1.08369361e-01 -8.45776962e-02
 -1.42492105e-01  4.86421743e-02 -2.50422319e-01  2.38873492e-01
 -5.07403572e-01 -2.28532055e-01  3.38991436e-02 -7.59503465e-03
  5.87042988e-02  3.55288037e-02 -1.38410316e-01 -2.13242187e-01
  3.86142050e-01 -1.40754550e-01  1.43841634e-01  4.96114680e-02
 -6.72895094e-01 -1.79391724e-01 -5.03465620e-02 -2.83920787e-01
  2.11538349e-01 -4.57828956e-01  8.43006473e-02 -4.65515253e-01
  6.61378713e-01  2.38590756e-01 -1.34432006e-01 -3.84265812e-01
 -2.44819090e-01 -8.36338258e-02  8.18182363e-02 -4.01562388e-01
 -6.78417625e-02  7.36784428e-02 -4.22719397e-01  7.09882161e-02
 -6.70566104e-02 -3.54384300e-02 -4.64732877e-02 -2.46613002e-02
 -5.31739598e-01 -1.19661418e-02  1.84957936e-01 -4.47074429e-02
 -1.22444856e-02 -2.01693501e-02  1.72996186e-02 -2.00552223e-02
  2.66262191e-03  2.59096985e-02  5.66301567e-02  3.75020396e-03
  1.14158047e-01 -7.29971773e-02  6.30145212e-01  9.30041775e-02
  7.80040845e-03 -5.97180256e-03 -2.42524768e-02  3.22750923e-02
  8.95354519e-02  4.83718607e-02  2.77978521e-02 -1.94657866e-01
 -1.35439612e-01  7.49614027e-02  5.21098219e-02 -3.87149024e-02
  8.89129417e-02 -1.92898692e-02 -8.34263124e-02 -8.06360548e-02
  3.50917207e-03 -3.05610066e-02  5.10873446e-02  2.97251193e-01
  5.51796206e-02  1.40082897e-02  5.42997822e-03  2.54661328e-02
 -3.53454281e-02  2.54385501e-02  1.04302798e-01 -5.45806131e-03
  1.01262960e-02 -7.75439337e-03  1.76146339e-01  4.12145818e-02
 -2.56575009e-02 -4.71585367e-02 -3.00460066e-02  4.39340829e-01
  6.65393120e-02  1.76221475e-01 -1.89750182e-01 -9.93070578e-02
  6.12935328e-02  1.32244712e-02  4.25947454e-02 -5.11832755e-03
 -2.06332672e-01 -1.06690017e-01 -5.04407025e-02  3.13694896e-02]
[[3.70155047e-01 2.76814732e-01 5.75222378e-01 ... 3.83550639e-16
  4.94478189e-11 1.91237415e-09]
 [8.57562892e-01 7.88980700e-01 5.37438502e-01 ... 1.55687958e-01
  6.10869178e-05 1.52624837e-04]
 [9.42200473e-01 6.25859201e-01 4.70160851e-01 ... 3.82197323e-01
  3.14424156e-03 1.12449618e-02]
 ...
 [5.31653357e-01 4.90756499e-01 3.19516848e-01 ... 7.30416960e-08
  8.15820907e-03 1.41208041e-03]
 [5.71892009e-01 4.92467778e-01 5.48740382e-01 ... 2.49868061e-08
  7.81304064e-05 2.55606055e-04]
 [4.00629996e-01 3.60938897e-01 7.17796159e-01 ... 1.35646870e-14
  3.17809989e-12 1.88454852e-10]]
[ 1.34008941e+00 -1.40390648e+00 -4.88539034e-01  1.28046908e+00
  7.03654160e+00  2.81261078e+00  7.54367947e-01  1.46694969e+00
 -3.90083238e+00  2.87306284e+00  1.26273936e+00 -1.13318858e+01
  2.50250142e+00 -2.16665902e+00  1.45258570e+00  2.49698186e-01
 -9.27929814e-01  9.09562110e-01 -1.06682361e+00  4.50013845e-02
  1.38291718e+00  2.62911367e-01 -1.89377635e-01 -3.66425512e-01
  1.95159336e-01 -1.89820327e+00 -7.02219128e-01  2.49525782e-01
  1.62221542e+00 -9.25567073e-02  9.88970792e-01 -1.08771105e+00
 -9.58394993e-01  4.98083351e-01  6.64584807e-01 -7.20538421e-01
  3.96726750e-01 -1.05903947e-01  1.08621649e-01  3.27724750e-02
 -8.37067344e-01  1.76351452e-01  1.20871611e+00  6.65270009e-01
  7.45429421e-01  8.28949365e-01  5.28042876e-01 -2.99461668e-01
 -2.21977026e-02 -4.61954647e-01 -2.68552885e-01 -2.16084564e-02
  7.56765762e-01 -7.40730036e-01 -7.16673027e-01 -6.74762292e-01
 -1.04503520e+00  1.88652013e-01 -5.97908371e-01 -7.82255038e-01
  4.46367714e-01  3.42247177e-01  5.28203676e-01 -5.12898421e-01
  1.17479681e-01  6.22717575e-01  1.16228310e-01 -3.77869504e-01
  7.72236542e-02  3.78071780e-01  2.59496024e-02  7.50577683e-02
  3.83289168e-01 -1.85488537e-01 -1.73772975e-02  1.59079026e-01
 -6.15090485e-02  5.67293402e-01  1.18264623e-02 -2.92561151e-02
 -3.15845366e-02  2.26654502e-01 -1.80521692e-01  3.15952152e-01
  3.02256469e-01  1.96786752e-01 -1.08369361e-01 -8.45776962e-02
 -1.42492105e-01  4.86421743e-02 -2.50422319e-01  2.38873492e-01
 -5.07403572e-01 -2.28532055e-01  3.38991436e-02 -7.59503465e-03
  5.87042988e-02  3.55288037e-02 -1.38410316e-01 -2.13242187e-01
  3.86142050e-01 -1.40754550e-01  1.43841634e-01  4.96114680e-02
 -6.72895094e-01 -1.79391724e-01 -5.03465620e-02 -2.83920787e-01
  2.11538349e-01 -4.57828956e-01  8.43006473e-02 -4.65515253e-01
  6.61378713e-01  2.38590756e-01 -1.34432006e-01 -3.84265812e-01
 -2.44819090e-01 -8.36338258e-02  8.18182363e-02 -4.01562388e-01
 -6.78417625e-02  7.36784428e-02 -4.22719397e-01  7.09882161e-02
 -6.70566104e-02 -3.54384300e-02 -4.64732877e-02 -2.46613002e-02
 -5.31739598e-01 -1.19661418e-02  1.84957936e-01 -4.47074429e-02
 -1.22444856e-02 -2.01693501e-02  1.72996186e-02 -2.00552223e-02
  2.66262191e-03  2.59096985e-02  5.66301567e-02  3.75020396e-03
  1.14158047e-01 -7.29971773e-02  6.30145212e-01  9.30041775e-02
  7.80040845e-03 -5.97180256e-03 -2.42524768e-02  3.22750923e-02
  8.95354519e-02  4.83718607e-02  2.77978521e-02 -1.94657866e-01
 -1.35439612e-01  7.49614027e-02  5.21098219e-02 -3.87149024e-02
  8.89129417e-02 -1.92898692e-02 -8.34263124e-02 -8.06360548e-02
  3.50917207e-03 -3.05610066e-02  5.10873446e-02  2.97251193e-01
  5.51796206e-02  1.40082897e-02  5.42997822e-03  2.54661328e-02
 -3.53454281e-02  2.54385501e-02  1.04302798e-01 -5.45806131e-03
  1.01262960e-02 -7.75439337e-03  1.76146339e-01  4.12145818e-02
 -2.56575009e-02 -4.71585367e-02 -3.00460066e-02  4.39340829e-01
  6.65393120e-02  1.76221475e-01 -1.89750182e-01 -9.93070578e-02
  6.12935328e-02  1.32244712e-02  4.25947454e-02 -5.11832755e-03
 -2.06332672e-01 -1.06690017e-01 -5.04407025e-02  3.13694896e-02
 -1.94697142e-02 -6.57950054e-03  2.86447761e-01 -7.55151530e-03
 -1.21408852e-01  3.79854334e-03 -5.57347643e-03 -5.64993112e-02
  9.34724337e-04 -7.65579212e-03  2.54735853e-03 -2.47721687e-02
  1.90278653e-02 -9.11594106e-02  2.54934860e-02 -4.70639291e-02
 -1.91738530e-02  2.33981334e-03 -6.35683017e-02  6.94380180e-02
  1.10729976e-01  8.12501016e-03 -1.15961968e-01  5.18222966e-02
 -1.45170340e-03  6.56777298e-03 -9.77440893e-03  1.05334694e-02
 -8.08362741e-03 -8.34736067e-03  5.99265119e-02 -1.12161611e-01
  2.78787003e-02  9.75116411e-03 -3.08199964e-03 -3.97771310e-03
  1.53548357e-02  8.41902367e-03 -1.08374950e-02  2.27745084e-03
  4.10857287e-01 -2.71188115e-01  4.24322511e-02  6.06733816e-02
 -3.74265601e-02 -3.13406439e-02  2.03575936e-02  3.33780763e-02
  2.47999174e-02  5.29208976e-02 -2.51712580e-02 -3.96840206e-02
 -2.44498559e-02  2.24471190e-02 -1.35944009e-03 -4.60869544e-03
 -3.00010782e-03  3.99427942e-02 -5.11074188e-02  2.73439162e-02
  1.41112050e-02 -9.16211663e-03 -4.13734644e-03  1.91492097e-01
  2.05940012e-02  8.16418290e-03  8.78672581e-03  1.48443270e-02
 -5.94541038e-02  1.52220116e-02  1.72083289e-02 -1.07321682e-02
 -4.35080597e-01 -9.07194882e-02 -3.15449157e-02 -3.79480436e-03
  7.54410380e-03  2.58229446e-03 -1.98767413e-02 -4.69914529e-03
 -3.08044340e-03  8.26042112e-03 -5.86168877e-03 -7.32076566e-03
  6.07727813e-02 -7.40201583e-03 -8.50035730e-03 -2.32131330e-02
  2.63746104e-02 -1.95479476e-02  1.31085553e-02  5.42272030e-02
  7.49384519e-03  2.85678920e-02 -6.90655892e-03  2.56585602e-03
 -2.60726110e-02  5.80252805e-03  4.41709323e-03 -8.83964346e-03
 -4.81472519e-03  7.08597356e-03 -4.39206798e-02  7.97974855e-02
  7.89966810e-02 -2.32583476e-02  5.77018285e-03  6.59969435e-03
  1.00664055e-02  1.45799270e-02  3.05207249e-02 -1.90149498e-02
 -2.22976317e-02  2.06690774e-02 -3.87002419e-03  7.85327022e-02
  3.04642338e-02 -8.75035737e-02 -2.85699262e-02 -2.19726936e-02
  2.29274898e-03 -2.40307647e-02  1.75546185e-02  1.23561558e-01
 -6.63005902e-02]
[[3.70155047e-01 2.76814732e-01 5.75222378e-01 ... 1.15484612e-10
  8.58723234e-21 7.11564571e-23]
 [8.57562892e-01 7.88980700e-01 5.37438502e-01 ... 1.04654244e-13
  1.65440707e-10 1.75560739e-14]
 [9.42200473e-01 6.25859201e-01 4.70160851e-01 ... 2.20177310e-12
  1.08532410e-07 2.29436219e-10]
 ...
 [5.31653357e-01 4.90756499e-01 3.19516848e-01 ... 5.21584697e-02
  2.74041651e-03 2.88345152e-05]
 [5.71892009e-01 4.92467778e-01 5.48740382e-01 ... 1.51994708e-03
  2.77718792e-08 9.05858561e-11]
 [4.00629996e-01 3.60938897e-01 7.17796159e-01 ... 1.42489253e-13
  1.59081800e-23 8.03299765e-27]]
[ 1.34008941e+00 -1.40390648e+00 -4.88539034e-01  1.28046908e+00
  7.03654160e+00  2.81261078e+00  7.54367947e-01  1.46694969e+00
 -3.90083238e+00  2.87306284e+00  1.26273936e+00 -1.13318858e+01
  2.50250142e+00 -2.16665902e+00  1.45258570e+00  2.49698186e-01
 -9.27929814e-01  9.09562110e-01 -1.06682361e+00  4.50013845e-02
  1.38291718e+00  2.62911367e-01 -1.89377635e-01 -3.66425512e-01
  1.95159336e-01 -1.89820327e+00 -7.02219128e-01  2.49525782e-01
  1.62221542e+00 -9.25567073e-02  9.88970792e-01 -1.08771105e+00
 -9.58394993e-01  4.98083351e-01  6.64584807e-01 -7.20538421e-01
  3.96726750e-01 -1.05903947e-01  1.08621649e-01  3.27724750e-02
 -8.37067344e-01  1.76351452e-01  1.20871611e+00  6.65270009e-01
  7.45429421e-01  8.28949365e-01  5.28042876e-01 -2.99461668e-01
 -2.21977026e-02 -4.61954647e-01 -2.68552885e-01 -2.16084564e-02
  7.56765762e-01 -7.40730036e-01 -7.16673027e-01 -6.74762292e-01
 -1.04503520e+00  1.88652013e-01 -5.97908371e-01 -7.82255038e-01
  4.46367714e-01  3.42247177e-01  5.28203676e-01 -5.12898421e-01
  1.17479681e-01  6.22717575e-01  1.16228310e-01 -3.77869504e-01
  7.72236542e-02  3.78071780e-01  2.59496024e-02  7.50577683e-02
  3.83289168e-01 -1.85488537e-01 -1.73772975e-02  1.59079026e-01
 -6.15090485e-02  5.67293402e-01  1.18264623e-02 -2.92561151e-02
 -3.15845366e-02  2.26654502e-01 -1.80521692e-01  3.15952152e-01
  3.02256469e-01  1.96786752e-01 -1.08369361e-01 -8.45776962e-02
 -1.42492105e-01  4.86421743e-02 -2.50422319e-01  2.38873492e-01
 -5.07403572e-01 -2.28532055e-01  3.38991436e-02 -7.59503465e-03
  5.87042988e-02  3.55288037e-02 -1.38410316e-01 -2.13242187e-01
  3.86142050e-01 -1.40754550e-01  1.43841634e-01  4.96114680e-02
 -6.72895094e-01 -1.79391724e-01 -5.03465620e-02 -2.83920787e-01
  2.11538349e-01 -4.57828956e-01  8.43006473e-02 -4.65515253e-01
  6.61378713e-01  2.38590756e-01 -1.34432006e-01 -3.84265812e-01
 -2.44819090e-01 -8.36338258e-02  8.18182363e-02 -4.01562388e-01
 -6.78417625e-02  7.36784428e-02 -4.22719397e-01  7.09882161e-02
 -6.70566104e-02 -3.54384300e-02 -4.64732877e-02 -2.46613002e-02
 -5.31739598e-01 -1.19661418e-02  1.84957936e-01 -4.47074429e-02
 -1.22444856e-02 -2.01693501e-02  1.72996186e-02 -2.00552223e-02
  2.66262191e-03  2.59096985e-02  5.66301567e-02  3.75020396e-03
  1.14158047e-01 -7.29971773e-02  6.30145212e-01  9.30041775e-02
  7.80040845e-03 -5.97180256e-03 -2.42524768e-02  3.22750923e-02
  8.95354519e-02  4.83718607e-02  2.77978521e-02 -1.94657866e-01
 -1.35439612e-01  7.49614027e-02  5.21098219e-02 -3.87149024e-02
  8.89129417e-02 -1.92898692e-02 -8.34263124e-02 -8.06360548e-02
  3.50917207e-03 -3.05610066e-02  5.10873446e-02  2.97251193e-01
  5.51796206e-02  1.40082897e-02  5.42997822e-03  2.54661328e-02
 -3.53454281e-02  2.54385501e-02  1.04302798e-01 -5.45806131e-03
  1.01262960e-02 -7.75439337e-03  1.76146339e-01  4.12145818e-02
 -2.56575009e-02 -4.71585367e-02 -3.00460066e-02  4.39340829e-01
  6.65393120e-02  1.76221475e-01 -1.89750182e-01 -9.93070578e-02
  6.12935328e-02  1.32244712e-02  4.25947454e-02 -5.11832755e-03
 -2.06332672e-01 -1.06690017e-01 -5.04407025e-02  3.13694896e-02
 -1.94697142e-02 -6.57950054e-03  2.86447761e-01 -7.55151530e-03
 -1.21408852e-01  3.79854334e-03 -5.57347643e-03 -5.64993112e-02
  9.34724337e-04 -7.65579212e-03  2.54735853e-03 -2.47721687e-02
  1.90278653e-02 -9.11594106e-02  2.54934860e-02 -4.70639291e-02
 -1.91738530e-02  2.33981334e-03 -6.35683017e-02  6.94380180e-02
  1.10729976e-01  8.12501016e-03 -1.15961968e-01  5.18222966e-02
 -1.45170340e-03  6.56777298e-03 -9.77440893e-03  1.05334694e-02
 -8.08362741e-03 -8.34736067e-03  5.99265119e-02 -1.12161611e-01
  2.78787003e-02  9.75116411e-03 -3.08199964e-03 -3.97771310e-03
  1.53548357e-02  8.41902367e-03 -1.08374950e-02  2.27745084e-03
  4.10857287e-01 -2.71188115e-01  4.24322511e-02  6.06733816e-02
 -3.74265601e-02 -3.13406439e-02  2.03575936e-02  3.33780763e-02
  2.47999174e-02  5.29208976e-02 -2.51712580e-02 -3.96840206e-02
 -2.44498559e-02  2.24471190e-02 -1.35944009e-03 -4.60869544e-03
 -3.00010782e-03  3.99427942e-02 -5.11074188e-02  2.73439162e-02
  1.41112050e-02 -9.16211663e-03 -4.13734644e-03  1.91492097e-01
  2.05940012e-02  8.16418290e-03  8.78672581e-03  1.48443270e-02
 -5.94541038e-02  1.52220116e-02  1.72083289e-02 -1.07321682e-02
 -4.35080597e-01 -9.07194882e-02 -3.15449157e-02 -3.79480436e-03
  7.54410380e-03  2.58229446e-03 -1.98767413e-02 -4.69914529e-03
 -3.08044340e-03  8.26042112e-03 -5.86168877e-03 -7.32076566e-03
  6.07727813e-02 -7.40201583e-03 -8.50035730e-03 -2.32131330e-02
  2.63746104e-02 -1.95479476e-02  1.31085553e-02  5.42272030e-02
  7.49384519e-03  2.85678920e-02 -6.90655892e-03  2.56585602e-03
 -2.60726110e-02  5.80252805e-03  4.41709323e-03 -8.83964346e-03
 -4.81472519e-03  7.08597356e-03 -4.39206798e-02  7.97974855e-02
  7.89966810e-02 -2.32583476e-02  5.77018285e-03  6.59969435e-03
  1.00664055e-02  1.45799270e-02  3.05207249e-02 -1.90149498e-02
 -2.22976317e-02  2.06690774e-02 -3.87002419e-03  7.85327022e-02
  3.04642338e-02 -8.75035737e-02 -2.85699262e-02 -2.19726936e-02
  2.29274898e-03 -2.40307647e-02  1.75546185e-02  1.23561558e-01
 -6.63005902e-02 -2.54016227e-02  4.07481317e-02  5.28765371e-03
  1.59829069e-02 -3.13321753e-02 -1.84510776e-02 -2.69009214e-02
  1.69349719e-02 -8.32683148e-03  6.56976437e-03 -6.50392859e-03
 -8.95070831e-03  7.28549246e-02  2.57350484e-03 -7.48484285e-03
  1.68875138e-02  1.90015481e-02  2.62814618e-02  2.72445092e-03
  3.16238830e-02 -3.22991030e-02 -1.93326454e-02 -2.97420539e-02
  1.67635145e-02  3.30458798e-02  3.13788937e-02 -1.46634275e-02
 -3.47105930e-02 -2.74232177e-03  1.50934811e-03  2.61852610e-02
  2.70108400e-02  4.34028300e-03  1.74605167e-02  1.27995755e-02
 -1.55095613e-02  9.48889772e-03 -3.76359886e-02  1.53525887e-02
 -3.71766794e-03  1.65856757e-02 -6.16891030e-03 -6.69572397e-03
 -4.51507038e-03  1.15036575e-02 -6.42824222e-03 -1.10154156e-03
 -3.10685391e-02  2.51207431e-02  7.02631251e-03  5.30478822e-02
  3.10630306e-03  6.33910985e-04 -5.43135739e-03  1.74305033e-03
 -7.22987203e-03  6.53079200e-03  5.80359783e-03 -5.89431910e-03
 -5.06164400e-03 -2.63252649e-02 -8.94125702e-03  3.50946827e-03
 -2.13407640e-03  4.99286353e-03  5.72555694e-03  2.20036412e-03
  6.36976971e-03 -4.49862944e-03  1.17755325e-03 -2.32358472e-03
  3.28084998e-03 -8.09250736e-02  1.81420660e-03 -1.16096934e-02
 -5.11663581e-02  9.57357781e-03 -1.65132322e-02  1.88236602e-02
 -8.41545750e-03 -2.93898552e-02 -1.09596517e-02  5.40925927e-03
 -7.52686357e-03  4.40238529e-03  9.94755738e-03 -1.12299525e-02
 -3.93252549e-03  7.29430378e-03 -2.15269982e-03 -9.76291096e-04
  5.06222197e-03  2.06641169e-02  1.61356783e-02 -4.85576982e-03
  4.66154076e-03  3.11097714e-02 -5.57835454e-03  2.51037785e-03
 -1.49775875e-03  4.22652072e-03 -2.32524203e-03 -2.74447934e-03
  4.59565284e-03 -2.52961718e-03  5.01651505e-03  1.25674217e-03
  2.31025727e-02  8.52409907e-03 -3.34497671e-02  6.47788006e-03
  4.61186231e-03  3.10056337e-03  3.77878436e-03  2.66231679e-02
 -8.41623002e-03  2.24439433e-03 -5.00716054e-03  4.21252365e-03
  7.78688869e-03  1.25393667e-03  5.69512427e-03 -7.07758650e-03
  3.51529069e-03 -3.39248237e-03 -2.66808622e-03  1.44241205e-03
 -3.00121556e-03 -4.77449231e-03 -9.09194601e-03  2.43275455e-02
  6.12188456e-03 -2.78216496e-02  7.05571032e-03 -2.12940592e-03
 -1.73845338e-03  1.97430658e-02 -2.26837860e-03 -2.77906438e-03
 -4.90539778e-02 -1.32996696e-02  2.09365894e-03  1.92293254e-03
  6.49032779e-03 -2.02795355e-02  4.23434954e-02 -4.41088539e-03
  1.14764929e-03  3.39026062e-03 -2.01754324e-03 -1.26810134e-02
 -7.51339946e-03  1.37567210e-03  3.44297118e-03 -4.11753745e-03
 -2.19702895e-03 -5.96371136e-03 -5.83565227e-03  1.93088883e-03]
[[3.70155047e-01 2.76814732e-01 5.75222378e-01 ... 1.14126387e-02
  2.22853387e-67 2.27418045e-54]
 [8.57562892e-01 7.88980700e-01 5.37438502e-01 ... 4.34531903e-38
  1.17131008e-08 9.25949534e-07]
 [9.42200473e-01 6.25859201e-01 4.70160851e-01 ... 4.92101454e-42
  7.75263962e-19 2.16063624e-16]
 ...
 [5.31653357e-01 4.90756499e-01 3.19516848e-01 ... 2.45915337e-31
  3.40557717e-36 7.17264681e-27]
 [5.71892009e-01 4.92467778e-01 5.48740382e-01 ... 1.26996518e-09
  9.67925917e-36 4.81853283e-26]
 [4.00629996e-01 3.60938897e-01 7.17796159e-01 ... 1.00000000e+00
  6.56684592e-54 5.99035177e-43]]
[ 1.34008941e+00 -1.40390648e+00 -4.88539034e-01  1.28046908e+00
  7.03654160e+00  2.81261078e+00  7.54367947e-01  1.46694969e+00
 -3.90083238e+00  2.87306284e+00  1.26273936e+00 -1.13318858e+01
  2.50250142e+00 -2.16665902e+00  1.45258570e+00  2.49698186e-01
 -9.27929814e-01  9.09562110e-01 -1.06682361e+00  4.50013845e-02
  1.38291718e+00  2.62911367e-01 -1.89377635e-01 -3.66425512e-01
  1.95159336e-01 -1.89820327e+00 -7.02219128e-01  2.49525782e-01
  1.62221542e+00 -9.25567073e-02  9.88970792e-01 -1.08771105e+00
 -9.58394993e-01  4.98083351e-01  6.64584807e-01 -7.20538421e-01
  3.96726750e-01 -1.05903947e-01  1.08621649e-01  3.27724750e-02
 -8.37067344e-01  1.76351452e-01  1.20871611e+00  6.65270009e-01
  7.45429421e-01  8.28949365e-01  5.28042876e-01 -2.99461668e-01
 -2.21977026e-02 -4.61954647e-01 -2.68552885e-01 -2.16084564e-02
  7.56765762e-01 -7.40730036e-01 -7.16673027e-01 -6.74762292e-01
 -1.04503520e+00  1.88652013e-01 -5.97908371e-01 -7.82255038e-01
  4.46367714e-01  3.42247177e-01  5.28203676e-01 -5.12898421e-01
  1.17479681e-01  6.22717575e-01  1.16228310e-01 -3.77869504e-01
  7.72236542e-02  3.78071780e-01  2.59496024e-02  7.50577683e-02
  3.83289168e-01 -1.85488537e-01 -1.73772975e-02  1.59079026e-01
 -6.15090485e-02  5.67293402e-01  1.18264623e-02 -2.92561151e-02
 -3.15845366e-02  2.26654502e-01 -1.80521692e-01  3.15952152e-01
  3.02256469e-01  1.96786752e-01 -1.08369361e-01 -8.45776962e-02
 -1.42492105e-01  4.86421743e-02 -2.50422319e-01  2.38873492e-01
 -5.07403572e-01 -2.28532055e-01  3.38991436e-02 -7.59503465e-03
  5.87042988e-02  3.55288037e-02 -1.38410316e-01 -2.13242187e-01
  3.86142050e-01 -1.40754550e-01  1.43841634e-01  4.96114680e-02
 -6.72895094e-01 -1.79391724e-01 -5.03465620e-02 -2.83920787e-01
  2.11538349e-01 -4.57828956e-01  8.43006473e-02 -4.65515253e-01
  6.61378713e-01  2.38590756e-01 -1.34432006e-01 -3.84265812e-01
 -2.44819090e-01 -8.36338258e-02  8.18182363e-02 -4.01562388e-01
 -6.78417625e-02  7.36784428e-02 -4.22719397e-01  7.09882161e-02
 -6.70566104e-02 -3.54384300e-02 -4.64732877e-02 -2.46613002e-02
 -5.31739598e-01 -1.19661418e-02  1.84957936e-01 -4.47074429e-02
 -1.22444856e-02 -2.01693501e-02  1.72996186e-02 -2.00552223e-02
  2.66262191e-03  2.59096985e-02  5.66301567e-02  3.75020396e-03
  1.14158047e-01 -7.29971773e-02  6.30145212e-01  9.30041775e-02
  7.80040845e-03 -5.97180256e-03 -2.42524768e-02  3.22750923e-02
  8.95354519e-02  4.83718607e-02  2.77978521e-02 -1.94657866e-01
 -1.35439612e-01  7.49614027e-02  5.21098219e-02 -3.87149024e-02
  8.89129417e-02 -1.92898692e-02 -8.34263124e-02 -8.06360548e-02
  3.50917207e-03 -3.05610066e-02  5.10873446e-02  2.97251193e-01
  5.51796206e-02  1.40082897e-02  5.42997822e-03  2.54661328e-02
 -3.53454281e-02  2.54385501e-02  1.04302798e-01 -5.45806131e-03
  1.01262960e-02 -7.75439337e-03  1.76146339e-01  4.12145818e-02
 -2.56575009e-02 -4.71585367e-02 -3.00460066e-02  4.39340829e-01
  6.65393120e-02  1.76221475e-01 -1.89750182e-01 -9.93070578e-02
  6.12935328e-02  1.32244712e-02  4.25947454e-02 -5.11832755e-03
 -2.06332672e-01 -1.06690017e-01 -5.04407025e-02  3.13694896e-02
 -1.94697142e-02 -6.57950054e-03  2.86447761e-01 -7.55151530e-03
 -1.21408852e-01  3.79854334e-03 -5.57347643e-03 -5.64993112e-02
  9.34724337e-04 -7.65579212e-03  2.54735853e-03 -2.47721687e-02
  1.90278653e-02 -9.11594106e-02  2.54934860e-02 -4.70639291e-02
 -1.91738530e-02  2.33981334e-03 -6.35683017e-02  6.94380180e-02
  1.10729976e-01  8.12501016e-03 -1.15961968e-01  5.18222966e-02
 -1.45170340e-03  6.56777298e-03 -9.77440893e-03  1.05334694e-02
 -8.08362741e-03 -8.34736067e-03  5.99265119e-02 -1.12161611e-01
  2.78787003e-02  9.75116411e-03 -3.08199964e-03 -3.97771310e-03
  1.53548357e-02  8.41902367e-03 -1.08374950e-02  2.27745084e-03
  4.10857287e-01 -2.71188115e-01  4.24322511e-02  6.06733816e-02
 -3.74265601e-02 -3.13406439e-02  2.03575936e-02  3.33780763e-02
  2.47999174e-02  5.29208976e-02 -2.51712580e-02 -3.96840206e-02
 -2.44498559e-02  2.24471190e-02 -1.35944009e-03 -4.60869544e-03
 -3.00010782e-03  3.99427942e-02 -5.11074188e-02  2.73439162e-02
  1.41112050e-02 -9.16211663e-03 -4.13734644e-03  1.91492097e-01
  2.05940012e-02  8.16418290e-03  8.78672581e-03  1.48443270e-02
 -5.94541038e-02  1.52220116e-02  1.72083289e-02 -1.07321682e-02
 -4.35080597e-01 -9.07194882e-02 -3.15449157e-02 -3.79480436e-03
  7.54410380e-03  2.58229446e-03 -1.98767413e-02 -4.69914529e-03
 -3.08044340e-03  8.26042112e-03 -5.86168877e-03 -7.32076566e-03
  6.07727813e-02 -7.40201583e-03 -8.50035730e-03 -2.32131330e-02
  2.63746104e-02 -1.95479476e-02  1.31085553e-02  5.42272030e-02
  7.49384519e-03  2.85678920e-02 -6.90655892e-03  2.56585602e-03
 -2.60726110e-02  5.80252805e-03  4.41709323e-03 -8.83964346e-03
 -4.81472519e-03  7.08597356e-03 -4.39206798e-02  7.97974855e-02
  7.89966810e-02 -2.32583476e-02  5.77018285e-03  6.59969435e-03
  1.00664055e-02  1.45799270e-02  3.05207249e-02 -1.90149498e-02
 -2.22976317e-02  2.06690774e-02 -3.87002419e-03  7.85327022e-02
  3.04642338e-02 -8.75035737e-02 -2.85699262e-02 -2.19726936e-02
  2.29274898e-03 -2.40307647e-02  1.75546185e-02  1.23561558e-01
 -6.63005902e-02 -2.54016227e-02  4.07481317e-02  5.28765371e-03
  1.59829069e-02 -3.13321753e-02 -1.84510776e-02 -2.69009214e-02
  1.69349719e-02 -8.32683148e-03  6.56976437e-03 -6.50392859e-03
 -8.95070831e-03  7.28549246e-02  2.57350484e-03 -7.48484285e-03
  1.68875138e-02  1.90015481e-02  2.62814618e-02  2.72445092e-03
  3.16238830e-02 -3.22991030e-02 -1.93326454e-02 -2.97420539e-02
  1.67635145e-02  3.30458798e-02  3.13788937e-02 -1.46634275e-02
 -3.47105930e-02 -2.74232177e-03  1.50934811e-03  2.61852610e-02
  2.70108400e-02  4.34028300e-03  1.74605167e-02  1.27995755e-02
 -1.55095613e-02  9.48889772e-03 -3.76359886e-02  1.53525887e-02
 -3.71766794e-03  1.65856757e-02 -6.16891030e-03 -6.69572397e-03
 -4.51507038e-03  1.15036575e-02 -6.42824222e-03 -1.10154156e-03
 -3.10685391e-02  2.51207431e-02  7.02631251e-03  5.30478822e-02
  3.10630306e-03  6.33910985e-04 -5.43135739e-03  1.74305033e-03
 -7.22987203e-03  6.53079200e-03  5.80359783e-03 -5.89431910e-03
 -5.06164400e-03 -2.63252649e-02 -8.94125702e-03  3.50946827e-03
 -2.13407640e-03  4.99286353e-03  5.72555694e-03  2.20036412e-03
  6.36976971e-03 -4.49862944e-03  1.17755325e-03 -2.32358472e-03
  3.28084998e-03 -8.09250736e-02  1.81420660e-03 -1.16096934e-02
 -5.11663581e-02  9.57357781e-03 -1.65132322e-02  1.88236602e-02
 -8.41545750e-03 -2.93898552e-02 -1.09596517e-02  5.40925927e-03
 -7.52686357e-03  4.40238529e-03  9.94755738e-03 -1.12299525e-02
 -3.93252549e-03  7.29430378e-03 -2.15269982e-03 -9.76291096e-04
  5.06222197e-03  2.06641169e-02  1.61356783e-02 -4.85576982e-03
  4.66154076e-03  3.11097714e-02 -5.57835454e-03  2.51037785e-03
 -1.49775875e-03  4.22652072e-03 -2.32524203e-03 -2.74447934e-03
  4.59565284e-03 -2.52961718e-03  5.01651505e-03  1.25674217e-03
  2.31025727e-02  8.52409907e-03 -3.34497671e-02  6.47788006e-03
  4.61186231e-03  3.10056337e-03  3.77878436e-03  2.66231679e-02
 -8.41623002e-03  2.24439433e-03 -5.00716054e-03  4.21252365e-03
  7.78688869e-03  1.25393667e-03  5.69512427e-03 -7.07758650e-03
  3.51529069e-03 -3.39248237e-03 -2.66808622e-03  1.44241205e-03
 -3.00121556e-03 -4.77449231e-03 -9.09194601e-03  2.43275455e-02
  6.12188456e-03 -2.78216496e-02  7.05571032e-03 -2.12940592e-03
 -1.73845338e-03  1.97430658e-02 -2.26837860e-03 -2.77906438e-03
 -4.90539778e-02 -1.32996696e-02  2.09365894e-03  1.92293254e-03
  6.49032779e-03 -2.02795355e-02  4.23434954e-02 -4.41088539e-03
  1.14764929e-03  3.39026062e-03 -2.01754324e-03 -1.26810134e-02
 -7.51339946e-03  1.37567210e-03  3.44297118e-03 -4.11753745e-03
 -2.19702895e-03 -5.96371136e-03 -5.83565227e-03  1.93088883e-03
 -1.94600422e-02  1.10645380e-02  9.14143939e-03  6.52901215e-03
  4.62059870e-03 -2.41989190e-03 -1.92042860e-02  1.86297168e-02
  5.76607094e-03  6.45449024e-03 -3.59005457e-03 -4.37168803e-03
  3.84265732e-03 -3.62700792e-03 -1.11832504e-02  2.46986893e-03
 -3.30974994e-03 -1.13919576e-02  5.24765382e-03  5.67037825e-03
  4.99178606e-03 -1.84201626e-03 -5.98043312e-03  5.65146098e-03
 -1.85891480e-03 -7.04702024e-03  2.09322262e-03 -2.96238253e-03
 -6.65774433e-03 -2.17590430e-03  1.58443391e-03 -2.62772067e-02
  2.64500900e-02 -3.38101765e-03  1.14769630e-03  4.61217527e-03
 -3.36527857e-03 -1.56138913e-03 -1.22454267e-02  1.85421845e-02
 -3.34806164e-03 -1.00927849e-02  2.41225665e-02  4.84436909e-03
  1.61879793e-03  1.72322380e-03 -4.19893021e-03  4.73043479e-03
  1.48679401e-03 -1.96682817e-03  1.31765846e-03 -2.26373630e-03
  2.84282148e-03 -2.43261181e-03  1.48704204e-03 -2.68333234e-03
  1.95754620e-03 -2.27222570e-02 -2.85927223e-03  2.66340874e-03
 -8.88057081e-03  4.28787868e-03  2.15382549e-03 -2.87763220e-03
  3.84312872e-03 -5.49650134e-03  1.99204005e-03 -2.09218297e-03
  4.39279316e-03  1.03821544e-02 -7.58172566e-03 -1.95370393e-03
  1.33118744e-03  3.29438823e-03 -3.92023972e-03  3.32433693e-03
 -7.23600379e-04 -1.00842773e-03  1.53568348e-03 -2.05158697e-03
  1.35858470e-03  1.56070209e-03 -1.17813503e-03  9.33485290e-04
  1.87290312e-03 -4.26670762e-03  2.71859307e-03  3.87525740e-03
 -3.08433744e-03  1.64616755e-03 -5.79114029e-03  3.39001926e-03
 -2.51828323e-03  2.30972132e-03  2.43618780e-03  1.51462435e-03
 -1.48050771e-03  1.09690405e-03  2.82871329e-03  9.25940557e-03
  2.59705926e-03 -3.37644639e-03 -2.00785636e-03  1.61436775e-03
  1.26182836e-03 -1.14925614e-03 -1.16552639e-03 -8.24130980e-04
 -9.91252659e-04  9.25013954e-04  1.14505512e-03 -1.01070174e-03
 -1.20290880e-03  7.21386107e-04  4.46851091e-03 -6.55667264e-04
 -6.22863709e-04  1.94090785e-03  1.99472257e-03  3.21277904e-03
 -2.14167623e-01  2.34207321e-01 -4.38392597e-02  6.57669264e-03
 -4.49711171e-03  2.24395194e-03 -1.98722085e-03 -4.87768278e-03
  5.73660334e-03 -8.97043113e-04  1.40444510e-03  8.05832225e-04
 -9.18085845e-04 -8.23793716e-03  9.49522027e-04  2.14002514e-03
 -1.20114935e-03  8.37714646e-04  6.90536197e-04  1.09481569e-03
 -7.65707502e-04 -6.16014608e-04 -8.15927443e-04 -3.76682108e-03
  4.90885370e-03 -1.27327889e-03  8.78178427e-04  1.37710074e-03
 -8.79836991e-04 -6.26865778e-04 -6.11200226e-04 -1.31826124e-03
  3.25655640e-03 -9.32496812e-04  5.21235596e-03  4.91897183e-03]
[[3.70155047e-01 2.76814732e-01 5.75222378e-01 ... 1.14126387e-02
  2.22853387e-67 2.27418045e-54]
 [8.57562892e-01 7.88980700e-01 5.37438502e-01 ... 4.34531903e-38
  1.17131008e-08 9.25949534e-07]
 [9.42200473e-01 6.25859201e-01 4.70160851e-01 ... 4.92101454e-42
  7.75263962e-19 2.16063624e-16]
 ...
 [5.31653357e-01 4.90756499e-01 3.19516848e-01 ... 2.45915337e-31
  3.40557717e-36 7.17264681e-27]
 [5.71892009e-01 4.92467778e-01 5.48740382e-01 ... 1.26996518e-09
  9.67925917e-36 4.81853283e-26]
 [4.00629996e-01 3.60938897e-01 7.17796159e-01 ... 1.00000000e+00
  6.56684592e-54 5.99035177e-43]]
[ 1.34008941e+00 -1.40390648e+00 -4.88539034e-01  1.28046908e+00
  7.03654160e+00  2.81261078e+00  7.54367947e-01  1.46694969e+00
 -3.90083238e+00  2.87306284e+00  1.26273936e+00 -1.13318858e+01
  2.50250142e+00 -2.16665902e+00  1.45258570e+00  2.49698186e-01
 -9.27929814e-01  9.09562110e-01 -1.06682361e+00  4.50013845e-02
  1.38291718e+00  2.62911367e-01 -1.89377635e-01 -3.66425512e-01
  1.95159336e-01 -1.89820327e+00 -7.02219128e-01  2.49525782e-01
  1.62221542e+00 -9.25567073e-02  9.88970792e-01 -1.08771105e+00
 -9.58394993e-01  4.98083351e-01  6.64584807e-01 -7.20538421e-01
  3.96726750e-01 -1.05903947e-01  1.08621649e-01  3.27724750e-02
 -8.37067344e-01  1.76351452e-01  1.20871611e+00  6.65270009e-01
  7.45429421e-01  8.28949365e-01  5.28042876e-01 -2.99461668e-01
 -2.21977026e-02 -4.61954647e-01 -2.68552885e-01 -2.16084564e-02
  7.56765762e-01 -7.40730036e-01 -7.16673027e-01 -6.74762292e-01
 -1.04503520e+00  1.88652013e-01 -5.97908371e-01 -7.82255038e-01
  4.46367714e-01  3.42247177e-01  5.28203676e-01 -5.12898421e-01
  1.17479681e-01  6.22717575e-01  1.16228310e-01 -3.77869504e-01
  7.72236542e-02  3.78071780e-01  2.59496024e-02  7.50577683e-02
  3.83289168e-01 -1.85488537e-01 -1.73772975e-02  1.59079026e-01
 -6.15090485e-02  5.67293402e-01  1.18264623e-02 -2.92561151e-02
 -3.15845366e-02  2.26654502e-01 -1.80521692e-01  3.15952152e-01
  3.02256469e-01  1.96786752e-01 -1.08369361e-01 -8.45776962e-02
 -1.42492105e-01  4.86421743e-02 -2.50422319e-01  2.38873492e-01
 -5.07403572e-01 -2.28532055e-01  3.38991436e-02 -7.59503465e-03
  5.87042988e-02  3.55288037e-02 -1.38410316e-01 -2.13242187e-01
  3.86142050e-01 -1.40754550e-01  1.43841634e-01  4.96114680e-02
 -6.72895094e-01 -1.79391724e-01 -5.03465620e-02 -2.83920787e-01
  2.11538349e-01 -4.57828956e-01  8.43006473e-02 -4.65515253e-01
  6.61378713e-01  2.38590756e-01 -1.34432006e-01 -3.84265812e-01
 -2.44819090e-01 -8.36338258e-02  8.18182363e-02 -4.01562388e-01
 -6.78417625e-02  7.36784428e-02 -4.22719397e-01  7.09882161e-02
 -6.70566104e-02 -3.54384300e-02 -4.64732877e-02 -2.46613002e-02
 -5.31739598e-01 -1.19661418e-02  1.84957936e-01 -4.47074429e-02
 -1.22444856e-02 -2.01693501e-02  1.72996186e-02 -2.00552223e-02
  2.66262191e-03  2.59096985e-02  5.66301567e-02  3.75020396e-03
  1.14158047e-01 -7.29971773e-02  6.30145212e-01  9.30041775e-02
  7.80040845e-03 -5.97180256e-03 -2.42524768e-02  3.22750923e-02
  8.95354519e-02  4.83718607e-02  2.77978521e-02 -1.94657866e-01
 -1.35439612e-01  7.49614027e-02  5.21098219e-02 -3.87149024e-02
  8.89129417e-02 -1.92898692e-02 -8.34263124e-02 -8.06360548e-02
  3.50917207e-03 -3.05610066e-02  5.10873446e-02  2.97251193e-01
  5.51796206e-02  1.40082897e-02  5.42997822e-03  2.54661328e-02
 -3.53454281e-02  2.54385501e-02  1.04302798e-01 -5.45806131e-03
  1.01262960e-02 -7.75439337e-03  1.76146339e-01  4.12145818e-02
 -2.56575009e-02 -4.71585367e-02 -3.00460066e-02  4.39340829e-01
  6.65393120e-02  1.76221475e-01 -1.89750182e-01 -9.93070578e-02
  6.12935328e-02  1.32244712e-02  4.25947454e-02 -5.11832755e-03
 -2.06332672e-01 -1.06690017e-01 -5.04407025e-02  3.13694896e-02
 -1.94697142e-02 -6.57950054e-03  2.86447761e-01 -7.55151530e-03
 -1.21408852e-01  3.79854334e-03 -5.57347643e-03 -5.64993112e-02
  9.34724337e-04 -7.65579212e-03  2.54735853e-03 -2.47721687e-02
  1.90278653e-02 -9.11594106e-02  2.54934860e-02 -4.70639291e-02
 -1.91738530e-02  2.33981334e-03 -6.35683017e-02  6.94380180e-02
  1.10729976e-01  8.12501016e-03 -1.15961968e-01  5.18222966e-02
 -1.45170340e-03  6.56777298e-03 -9.77440893e-03  1.05334694e-02
 -8.08362741e-03 -8.34736067e-03  5.99265119e-02 -1.12161611e-01
  2.78787003e-02  9.75116411e-03 -3.08199964e-03 -3.97771310e-03
  1.53548357e-02  8.41902367e-03 -1.08374950e-02  2.27745084e-03
  4.10857287e-01 -2.71188115e-01  4.24322511e-02  6.06733816e-02
 -3.74265601e-02 -3.13406439e-02  2.03575936e-02  3.33780763e-02
  2.47999174e-02  5.29208976e-02 -2.51712580e-02 -3.96840206e-02
 -2.44498559e-02  2.24471190e-02 -1.35944009e-03 -4.60869544e-03
 -3.00010782e-03  3.99427942e-02 -5.11074188e-02  2.73439162e-02
  1.41112050e-02 -9.16211663e-03 -4.13734644e-03  1.91492097e-01
  2.05940012e-02  8.16418290e-03  8.78672581e-03  1.48443270e-02
 -5.94541038e-02  1.52220116e-02  1.72083289e-02 -1.07321682e-02
 -4.35080597e-01 -9.07194882e-02 -3.15449157e-02 -3.79480436e-03
  7.54410380e-03  2.58229446e-03 -1.98767413e-02 -4.69914529e-03
 -3.08044340e-03  8.26042112e-03 -5.86168877e-03 -7.32076566e-03
  6.07727813e-02 -7.40201583e-03 -8.50035730e-03 -2.32131330e-02
  2.63746104e-02 -1.95479476e-02  1.31085553e-02  5.42272030e-02
  7.49384519e-03  2.85678920e-02 -6.90655892e-03  2.56585602e-03
 -2.60726110e-02  5.80252805e-03  4.41709323e-03 -8.83964346e-03
 -4.81472519e-03  7.08597356e-03 -4.39206798e-02  7.97974855e-02
  7.89966810e-02 -2.32583476e-02  5.77018285e-03  6.59969435e-03
  1.00664055e-02  1.45799270e-02  3.05207249e-02 -1.90149498e-02
 -2.22976317e-02  2.06690774e-02 -3.87002419e-03  7.85327022e-02
  3.04642338e-02 -8.75035737e-02 -2.85699262e-02 -2.19726936e-02
  2.29274898e-03 -2.40307647e-02  1.75546185e-02  1.23561558e-01
 -6.63005902e-02 -2.54016227e-02  4.07481317e-02  5.28765371e-03
  1.59829069e-02 -3.13321753e-02 -1.84510776e-02 -2.69009214e-02
  1.69349719e-02 -8.32683148e-03  6.56976437e-03 -6.50392859e-03
 -8.95070831e-03  7.28549246e-02  2.57350484e-03 -7.48484285e-03
  1.68875138e-02  1.90015481e-02  2.62814618e-02  2.72445092e-03
  3.16238830e-02 -3.22991030e-02 -1.93326454e-02 -2.97420539e-02
  1.67635145e-02  3.30458798e-02  3.13788937e-02 -1.46634275e-02
 -3.47105930e-02 -2.74232177e-03  1.50934811e-03  2.61852610e-02
  2.70108400e-02  4.34028300e-03  1.74605167e-02  1.27995755e-02
 -1.55095613e-02  9.48889772e-03 -3.76359886e-02  1.53525887e-02
 -3.71766794e-03  1.65856757e-02 -6.16891030e-03 -6.69572397e-03
 -4.51507038e-03  1.15036575e-02 -6.42824222e-03 -1.10154156e-03
 -3.10685391e-02  2.51207431e-02  7.02631251e-03  5.30478822e-02
  3.10630306e-03  6.33910985e-04 -5.43135739e-03  1.74305033e-03
 -7.22987203e-03  6.53079200e-03  5.80359783e-03 -5.89431910e-03
 -5.06164400e-03 -2.63252649e-02 -8.94125702e-03  3.50946827e-03
 -2.13407640e-03  4.99286353e-03  5.72555694e-03  2.20036412e-03
  6.36976971e-03 -4.49862944e-03  1.17755325e-03 -2.32358472e-03
  3.28084998e-03 -8.09250736e-02  1.81420660e-03 -1.16096934e-02
 -5.11663581e-02  9.57357781e-03 -1.65132322e-02  1.88236602e-02
 -8.41545750e-03 -2.93898552e-02 -1.09596517e-02  5.40925927e-03
 -7.52686357e-03  4.40238529e-03  9.94755738e-03 -1.12299525e-02
 -3.93252549e-03  7.29430378e-03 -2.15269982e-03 -9.76291096e-04
  5.06222197e-03  2.06641169e-02  1.61356783e-02 -4.85576982e-03
  4.66154076e-03  3.11097714e-02 -5.57835454e-03  2.51037785e-03
 -1.49775875e-03  4.22652072e-03 -2.32524203e-03 -2.74447934e-03
  4.59565284e-03 -2.52961718e-03  5.01651505e-03  1.25674217e-03
  2.31025727e-02  8.52409907e-03 -3.34497671e-02  6.47788006e-03
  4.61186231e-03  3.10056337e-03  3.77878436e-03  2.66231679e-02
 -8.41623002e-03  2.24439433e-03 -5.00716054e-03  4.21252365e-03
  7.78688869e-03  1.25393667e-03  5.69512427e-03 -7.07758650e-03
  3.51529069e-03 -3.39248237e-03 -2.66808622e-03  1.44241205e-03
 -3.00121556e-03 -4.77449231e-03 -9.09194601e-03  2.43275455e-02
  6.12188456e-03 -2.78216496e-02  7.05571032e-03 -2.12940592e-03
 -1.73845338e-03  1.97430658e-02 -2.26837860e-03 -2.77906438e-03
 -4.90539778e-02 -1.32996696e-02  2.09365894e-03  1.92293254e-03
  6.49032779e-03 -2.02795355e-02  4.23434954e-02 -4.41088539e-03
  1.14764929e-03  3.39026062e-03 -2.01754324e-03 -1.26810134e-02
 -7.51339946e-03  1.37567210e-03  3.44297118e-03 -4.11753745e-03
 -2.19702895e-03 -5.96371136e-03 -5.83565227e-03  1.93088883e-03
 -1.94600422e-02  1.10645380e-02  9.14143939e-03  6.52901215e-03
  4.62059870e-03 -2.41989190e-03 -1.92042860e-02  1.86297168e-02
  5.76607094e-03  6.45449024e-03 -3.59005457e-03 -4.37168803e-03
  3.84265732e-03 -3.62700792e-03 -1.11832504e-02  2.46986893e-03
 -3.30974994e-03 -1.13919576e-02  5.24765382e-03  5.67037825e-03
  4.99178606e-03 -1.84201626e-03 -5.98043312e-03  5.65146098e-03
 -1.85891480e-03 -7.04702024e-03  2.09322262e-03 -2.96238253e-03
 -6.65774433e-03 -2.17590430e-03  1.58443391e-03 -2.62772067e-02
  2.64500900e-02 -3.38101765e-03  1.14769630e-03  4.61217527e-03
 -3.36527857e-03 -1.56138913e-03 -1.22454267e-02  1.85421845e-02
 -3.34806164e-03 -1.00927849e-02  2.41225665e-02  4.84436909e-03
  1.61879793e-03  1.72322380e-03 -4.19893021e-03  4.73043479e-03
  1.48679401e-03 -1.96682817e-03  1.31765846e-03 -2.26373630e-03
  2.84282148e-03 -2.43261181e-03  1.48704204e-03 -2.68333234e-03
  1.95754620e-03 -2.27222570e-02 -2.85927223e-03  2.66340874e-03
 -8.88057081e-03  4.28787868e-03  2.15382549e-03 -2.87763220e-03
  3.84312872e-03 -5.49650134e-03  1.99204005e-03 -2.09218297e-03
  4.39279316e-03  1.03821544e-02 -7.58172566e-03 -1.95370393e-03
  1.33118744e-03  3.29438823e-03 -3.92023972e-03  3.32433693e-03
 -7.23600379e-04 -1.00842773e-03  1.53568348e-03 -2.05158697e-03
  1.35858470e-03  1.56070209e-03 -1.17813503e-03  9.33485290e-04
  1.87290312e-03 -4.26670762e-03  2.71859307e-03  3.87525740e-03
 -3.08433744e-03  1.64616755e-03 -5.79114029e-03  3.39001926e-03
 -2.51828323e-03  2.30972132e-03  2.43618780e-03  1.51462435e-03
 -1.48050771e-03  1.09690405e-03  2.82871329e-03  9.25940557e-03
  2.59705926e-03 -3.37644639e-03 -2.00785636e-03  1.61436775e-03
  1.26182836e-03 -1.14925614e-03 -1.16552639e-03 -8.24130980e-04
 -9.91252659e-04  9.25013954e-04  1.14505512e-03 -1.01070174e-03
 -1.20290880e-03  7.21386107e-04  4.46851091e-03 -6.55667264e-04
 -6.22863709e-04  1.94090785e-03  1.99472257e-03  3.21277904e-03
 -2.14167623e-01  2.34207321e-01 -4.38392597e-02  6.57669264e-03
 -4.49711171e-03  2.24395194e-03 -1.98722085e-03 -4.87768278e-03
  5.73660334e-03 -8.97043113e-04  1.40444510e-03  8.05832225e-04
 -9.18085845e-04 -8.23793716e-03  9.49522027e-04  2.14002514e-03
 -1.20114935e-03  8.37714646e-04  6.90536197e-04  1.09481569e-03
 -7.65707502e-04 -6.16014608e-04 -8.15927443e-04 -3.76682108e-03
  4.90885370e-03 -1.27327889e-03  8.78178427e-04  1.37710074e-03
 -8.79836991e-04 -6.26865778e-04 -6.11200226e-04 -1.31826124e-03
  3.25655640e-03 -9.32496812e-04  5.21235596e-03  4.91897183e-03]
[[3.70155047e-01 2.76814732e-01 5.75222378e-01 ... 1.14126387e-02
  2.22853387e-67 2.27418045e-54]
 [8.57562892e-01 7.88980700e-01 5.37438502e-01 ... 4.34531903e-38
  1.17131008e-08 9.25949534e-07]
 [9.42200473e-01 6.25859201e-01 4.70160851e-01 ... 4.92101454e-42
  7.75263962e-19 2.16063624e-16]
 ...
 [5.31653357e-01 4.90756499e-01 3.19516848e-01 ... 2.45915337e-31
  3.40557717e-36 7.17264681e-27]
 [5.71892009e-01 4.92467778e-01 5.48740382e-01 ... 1.26996518e-09
  9.67925917e-36 4.81853283e-26]
 [4.00629996e-01 3.60938897e-01 7.17796159e-01 ... 1.00000000e+00
  6.56684592e-54 5.99035177e-43]]
[ 1.34008941e+00 -1.40390648e+00 -4.88539034e-01  1.28046908e+00
  7.03654160e+00  2.81261078e+00  7.54367947e-01  1.46694969e+00
 -3.90083238e+00  2.87306284e+00  1.26273936e+00 -1.13318858e+01
  2.50250142e+00 -2.16665902e+00  1.45258570e+00  2.49698186e-01
 -9.27929814e-01  9.09562110e-01 -1.06682361e+00  4.50013845e-02
  1.38291718e+00  2.62911367e-01 -1.89377635e-01 -3.66425512e-01
  1.95159336e-01 -1.89820327e+00 -7.02219128e-01  2.49525782e-01
  1.62221542e+00 -9.25567073e-02  9.88970792e-01 -1.08771105e+00
 -9.58394993e-01  4.98083351e-01  6.64584807e-01 -7.20538421e-01
  3.96726750e-01 -1.05903947e-01  1.08621649e-01  3.27724750e-02
 -8.37067344e-01  1.76351452e-01  1.20871611e+00  6.65270009e-01
  7.45429421e-01  8.28949365e-01  5.28042876e-01 -2.99461668e-01
 -2.21977026e-02 -4.61954647e-01 -2.68552885e-01 -2.16084564e-02
  7.56765762e-01 -7.40730036e-01 -7.16673027e-01 -6.74762292e-01
 -1.04503520e+00  1.88652013e-01 -5.97908371e-01 -7.82255038e-01
  4.46367714e-01  3.42247177e-01  5.28203676e-01 -5.12898421e-01
  1.17479681e-01  6.22717575e-01  1.16228310e-01 -3.77869504e-01
  7.72236542e-02  3.78071780e-01  2.59496024e-02  7.50577683e-02
  3.83289168e-01 -1.85488537e-01 -1.73772975e-02  1.59079026e-01
 -6.15090485e-02  5.67293402e-01  1.18264623e-02 -2.92561151e-02
 -3.15845366e-02  2.26654502e-01 -1.80521692e-01  3.15952152e-01
  3.02256469e-01  1.96786752e-01 -1.08369361e-01 -8.45776962e-02
 -1.42492105e-01  4.86421743e-02 -2.50422319e-01  2.38873492e-01
 -5.07403572e-01 -2.28532055e-01  3.38991436e-02 -7.59503465e-03
  5.87042988e-02  3.55288037e-02 -1.38410316e-01 -2.13242187e-01
  3.86142050e-01 -1.40754550e-01  1.43841634e-01  4.96114680e-02
 -6.72895094e-01 -1.79391724e-01 -5.03465620e-02 -2.83920787e-01
  2.11538349e-01 -4.57828956e-01  8.43006473e-02 -4.65515253e-01
  6.61378713e-01  2.38590756e-01 -1.34432006e-01 -3.84265812e-01
 -2.44819090e-01 -8.36338258e-02  8.18182363e-02 -4.01562388e-01
 -6.78417625e-02  7.36784428e-02 -4.22719397e-01  7.09882161e-02
 -6.70566104e-02 -3.54384300e-02 -4.64732877e-02 -2.46613002e-02
 -5.31739598e-01 -1.19661418e-02  1.84957936e-01 -4.47074429e-02
 -1.22444856e-02 -2.01693501e-02  1.72996186e-02 -2.00552223e-02
  2.66262191e-03  2.59096985e-02  5.66301567e-02  3.75020396e-03
  1.14158047e-01 -7.29971773e-02  6.30145212e-01  9.30041775e-02
  7.80040845e-03 -5.97180256e-03 -2.42524768e-02  3.22750923e-02
  8.95354519e-02  4.83718607e-02  2.77978521e-02 -1.94657866e-01
 -1.35439612e-01  7.49614027e-02  5.21098219e-02 -3.87149024e-02
  8.89129417e-02 -1.92898692e-02 -8.34263124e-02 -8.06360548e-02
  3.50917207e-03 -3.05610066e-02  5.10873446e-02  2.97251193e-01
  5.51796206e-02  1.40082897e-02  5.42997822e-03  2.54661328e-02
 -3.53454281e-02  2.54385501e-02  1.04302798e-01 -5.45806131e-03
  1.01262960e-02 -7.75439337e-03  1.76146339e-01  4.12145818e-02
 -2.56575009e-02 -4.71585367e-02 -3.00460066e-02  4.39340829e-01
  6.65393120e-02  1.76221475e-01 -1.89750182e-01 -9.93070578e-02
  6.12935328e-02  1.32244712e-02  4.25947454e-02 -5.11832755e-03
 -2.06332672e-01 -1.06690017e-01 -5.04407025e-02  3.13694896e-02
 -1.94697142e-02 -6.57950054e-03  2.86447761e-01 -7.55151530e-03
 -1.21408852e-01  3.79854334e-03 -5.57347643e-03 -5.64993112e-02
  9.34724337e-04 -7.65579212e-03  2.54735853e-03 -2.47721687e-02
  1.90278653e-02 -9.11594106e-02  2.54934860e-02 -4.70639291e-02
 -1.91738530e-02  2.33981334e-03 -6.35683017e-02  6.94380180e-02
  1.10729976e-01  8.12501016e-03 -1.15961968e-01  5.18222966e-02
 -1.45170340e-03  6.56777298e-03 -9.77440893e-03  1.05334694e-02
 -8.08362741e-03 -8.34736067e-03  5.99265119e-02 -1.12161611e-01
  2.78787003e-02  9.75116411e-03 -3.08199964e-03 -3.97771310e-03
  1.53548357e-02  8.41902367e-03 -1.08374950e-02  2.27745084e-03
  4.10857287e-01 -2.71188115e-01  4.24322511e-02  6.06733816e-02
 -3.74265601e-02 -3.13406439e-02  2.03575936e-02  3.33780763e-02
  2.47999174e-02  5.29208976e-02 -2.51712580e-02 -3.96840206e-02
 -2.44498559e-02  2.24471190e-02 -1.35944009e-03 -4.60869544e-03
 -3.00010782e-03  3.99427942e-02 -5.11074188e-02  2.73439162e-02
  1.41112050e-02 -9.16211663e-03 -4.13734644e-03  1.91492097e-01
  2.05940012e-02  8.16418290e-03  8.78672581e-03  1.48443270e-02
 -5.94541038e-02  1.52220116e-02  1.72083289e-02 -1.07321682e-02
 -4.35080597e-01 -9.07194882e-02 -3.15449157e-02 -3.79480436e-03
  7.54410380e-03  2.58229446e-03 -1.98767413e-02 -4.69914529e-03
 -3.08044340e-03  8.26042112e-03 -5.86168877e-03 -7.32076566e-03
  6.07727813e-02 -7.40201583e-03 -8.50035730e-03 -2.32131330e-02
  2.63746104e-02 -1.95479476e-02  1.31085553e-02  5.42272030e-02
  7.49384519e-03  2.85678920e-02 -6.90655892e-03  2.56585602e-03
 -2.60726110e-02  5.80252805e-03  4.41709323e-03 -8.83964346e-03
 -4.81472519e-03  7.08597356e-03 -4.39206798e-02  7.97974855e-02
  7.89966810e-02 -2.32583476e-02  5.77018285e-03  6.59969435e-03
  1.00664055e-02  1.45799270e-02  3.05207249e-02 -1.90149498e-02
 -2.22976317e-02  2.06690774e-02 -3.87002419e-03  7.85327022e-02
  3.04642338e-02 -8.75035737e-02 -2.85699262e-02 -2.19726936e-02
  2.29274898e-03 -2.40307647e-02  1.75546185e-02  1.23561558e-01
 -6.63005902e-02 -2.54016227e-02  4.07481317e-02  5.28765371e-03
  1.59829069e-02 -3.13321753e-02 -1.84510776e-02 -2.69009214e-02
  1.69349719e-02 -8.32683148e-03  6.56976437e-03 -6.50392859e-03
 -8.95070831e-03  7.28549246e-02  2.57350484e-03 -7.48484285e-03
  1.68875138e-02  1.90015481e-02  2.62814618e-02  2.72445092e-03
  3.16238830e-02 -3.22991030e-02 -1.93326454e-02 -2.97420539e-02
  1.67635145e-02  3.30458798e-02  3.13788937e-02 -1.46634275e-02
 -3.47105930e-02 -2.74232177e-03  1.50934811e-03  2.61852610e-02
  2.70108400e-02  4.34028300e-03  1.74605167e-02  1.27995755e-02
 -1.55095613e-02  9.48889772e-03 -3.76359886e-02  1.53525887e-02
 -3.71766794e-03  1.65856757e-02 -6.16891030e-03 -6.69572397e-03
 -4.51507038e-03  1.15036575e-02 -6.42824222e-03 -1.10154156e-03
 -3.10685391e-02  2.51207431e-02  7.02631251e-03  5.30478822e-02
  3.10630306e-03  6.33910985e-04 -5.43135739e-03  1.74305033e-03
 -7.22987203e-03  6.53079200e-03  5.80359783e-03 -5.89431910e-03
 -5.06164400e-03 -2.63252649e-02 -8.94125702e-03  3.50946827e-03
 -2.13407640e-03  4.99286353e-03  5.72555694e-03  2.20036412e-03
  6.36976971e-03 -4.49862944e-03  1.17755325e-03 -2.32358472e-03
  3.28084998e-03 -8.09250736e-02  1.81420660e-03 -1.16096934e-02
 -5.11663581e-02  9.57357781e-03 -1.65132322e-02  1.88236602e-02
 -8.41545750e-03 -2.93898552e-02 -1.09596517e-02  5.40925927e-03
 -7.52686357e-03  4.40238529e-03  9.94755738e-03 -1.12299525e-02
 -3.93252549e-03  7.29430378e-03 -2.15269982e-03 -9.76291096e-04
  5.06222197e-03  2.06641169e-02  1.61356783e-02 -4.85576982e-03
  4.66154076e-03  3.11097714e-02 -5.57835454e-03  2.51037785e-03
 -1.49775875e-03  4.22652072e-03 -2.32524203e-03 -2.74447934e-03
  4.59565284e-03 -2.52961718e-03  5.01651505e-03  1.25674217e-03
  2.31025727e-02  8.52409907e-03 -3.34497671e-02  6.47788006e-03
  4.61186231e-03  3.10056337e-03  3.77878436e-03  2.66231679e-02
 -8.41623002e-03  2.24439433e-03 -5.00716054e-03  4.21252365e-03
  7.78688869e-03  1.25393667e-03  5.69512427e-03 -7.07758650e-03
  3.51529069e-03 -3.39248237e-03 -2.66808622e-03  1.44241205e-03
 -3.00121556e-03 -4.77449231e-03 -9.09194601e-03  2.43275455e-02
  6.12188456e-03 -2.78216496e-02  7.05571032e-03 -2.12940592e-03
 -1.73845338e-03  1.97430658e-02 -2.26837860e-03 -2.77906438e-03
 -4.90539778e-02 -1.32996696e-02  2.09365894e-03  1.92293254e-03
  6.49032779e-03 -2.02795355e-02  4.23434954e-02 -4.41088539e-03
  1.14764929e-03  3.39026062e-03 -2.01754324e-03 -1.26810134e-02
 -7.51339946e-03  1.37567210e-03  3.44297118e-03 -4.11753745e-03
 -2.19702895e-03 -5.96371136e-03 -5.83565227e-03  1.93088883e-03
 -1.94600422e-02  1.10645380e-02  9.14143939e-03  6.52901215e-03
  4.62059870e-03 -2.41989190e-03 -1.92042860e-02  1.86297168e-02
  5.76607094e-03  6.45449024e-03 -3.59005457e-03 -4.37168803e-03
  3.84265732e-03 -3.62700792e-03 -1.11832504e-02  2.46986893e-03
 -3.30974994e-03 -1.13919576e-02  5.24765382e-03  5.67037825e-03
  4.99178606e-03 -1.84201626e-03 -5.98043312e-03  5.65146098e-03
 -1.85891480e-03 -7.04702024e-03  2.09322262e-03 -2.96238253e-03
 -6.65774433e-03 -2.17590430e-03  1.58443391e-03 -2.62772067e-02
  2.64500900e-02 -3.38101765e-03  1.14769630e-03  4.61217527e-03
 -3.36527857e-03 -1.56138913e-03 -1.22454267e-02  1.85421845e-02
 -3.34806164e-03 -1.00927849e-02  2.41225665e-02  4.84436909e-03
  1.61879793e-03  1.72322380e-03 -4.19893021e-03  4.73043479e-03
  1.48679401e-03 -1.96682817e-03  1.31765846e-03 -2.26373630e-03
  2.84282148e-03 -2.43261181e-03  1.48704204e-03 -2.68333234e-03
  1.95754620e-03 -2.27222570e-02 -2.85927223e-03  2.66340874e-03
 -8.88057081e-03  4.28787868e-03  2.15382549e-03 -2.87763220e-03
  3.84312872e-03 -5.49650134e-03  1.99204005e-03 -2.09218297e-03
  4.39279316e-03  1.03821544e-02 -7.58172566e-03 -1.95370393e-03
  1.33118744e-03  3.29438823e-03 -3.92023972e-03  3.32433693e-03
 -7.23600379e-04 -1.00842773e-03  1.53568348e-03 -2.05158697e-03
  1.35858470e-03  1.56070209e-03 -1.17813503e-03  9.33485290e-04
  1.87290312e-03 -4.26670762e-03  2.71859307e-03  3.87525740e-03
 -3.08433744e-03  1.64616755e-03 -5.79114029e-03  3.39001926e-03
 -2.51828323e-03  2.30972132e-03  2.43618780e-03  1.51462435e-03
 -1.48050771e-03  1.09690405e-03  2.82871329e-03  9.25940557e-03
  2.59705926e-03 -3.37644639e-03 -2.00785636e-03  1.61436775e-03
  1.26182836e-03 -1.14925614e-03 -1.16552639e-03 -8.24130980e-04
 -9.91252659e-04  9.25013954e-04  1.14505512e-03 -1.01070174e-03
 -1.20290880e-03  7.21386107e-04  4.46851091e-03 -6.55667264e-04
 -6.22863709e-04  1.94090785e-03  1.99472257e-03  3.21277904e-03
 -2.14167623e-01  2.34207321e-01 -4.38392597e-02  6.57669264e-03
 -4.49711171e-03  2.24395194e-03 -1.98722085e-03 -4.87768278e-03
  5.73660334e-03 -8.97043113e-04  1.40444510e-03  8.05832225e-04
 -9.18085845e-04 -8.23793716e-03  9.49522027e-04  2.14002514e-03
 -1.20114935e-03  8.37714646e-04  6.90536197e-04  1.09481569e-03
 -7.65707502e-04 -6.16014608e-04 -8.15927443e-04 -3.76682108e-03
  4.90885370e-03 -1.27327889e-03  8.78178427e-04  1.37710074e-03
 -8.79836991e-04 -6.26865778e-04 -6.11200226e-04 -1.31826124e-03
  3.25655640e-03 -9.32496812e-04  5.21235596e-03  4.91897183e-03]
[[3.70155047e-01 2.76814732e-01 5.75222378e-01 ... 1.14126387e-02
  2.22853387e-67 2.27418045e-54]
 [8.57562892e-01 7.88980700e-01 5.37438502e-01 ... 4.34531903e-38
  1.17131008e-08 9.25949534e-07]
 [9.42200473e-01 6.25859201e-01 4.70160851e-01 ... 4.92101454e-42
  7.75263962e-19 2.16063624e-16]
 ...
 [5.31653357e-01 4.90756499e-01 3.19516848e-01 ... 2.45915337e-31
  3.40557717e-36 7.17264681e-27]
 [5.71892009e-01 4.92467778e-01 5.48740382e-01 ... 1.26996518e-09
  9.67925917e-36 4.81853283e-26]
 [4.00629996e-01 3.60938897e-01 7.17796159e-01 ... 1.00000000e+00
  6.56684592e-54 5.99035177e-43]]
[ 1.34008941e+00 -1.40390648e+00 -4.88539034e-01  1.28046908e+00
  7.03654160e+00  2.81261078e+00  7.54367947e-01  1.46694969e+00
 -3.90083238e+00  2.87306284e+00  1.26273936e+00 -1.13318858e+01
  2.50250142e+00 -2.16665902e+00  1.45258570e+00  2.49698186e-01
 -9.27929814e-01  9.09562110e-01 -1.06682361e+00  4.50013845e-02
  1.38291718e+00  2.62911367e-01 -1.89377635e-01 -3.66425512e-01
  1.95159336e-01 -1.89820327e+00 -7.02219128e-01  2.49525782e-01
  1.62221542e+00 -9.25567073e-02  9.88970792e-01 -1.08771105e+00
 -9.58394993e-01  4.98083351e-01  6.64584807e-01 -7.20538421e-01
  3.96726750e-01 -1.05903947e-01  1.08621649e-01  3.27724750e-02
 -8.37067344e-01  1.76351452e-01  1.20871611e+00  6.65270009e-01
  7.45429421e-01  8.28949365e-01  5.28042876e-01 -2.99461668e-01
 -2.21977026e-02 -4.61954647e-01 -2.68552885e-01 -2.16084564e-02
  7.56765762e-01 -7.40730036e-01 -7.16673027e-01 -6.74762292e-01
 -1.04503520e+00  1.88652013e-01 -5.97908371e-01 -7.82255038e-01
  4.46367714e-01  3.42247177e-01  5.28203676e-01 -5.12898421e-01
  1.17479681e-01  6.22717575e-01  1.16228310e-01 -3.77869504e-01
  7.72236542e-02  3.78071780e-01  2.59496024e-02  7.50577683e-02
  3.83289168e-01 -1.85488537e-01 -1.73772975e-02  1.59079026e-01
 -6.15090485e-02  5.67293402e-01  1.18264623e-02 -2.92561151e-02
 -3.15845366e-02  2.26654502e-01 -1.80521692e-01  3.15952152e-01
  3.02256469e-01  1.96786752e-01 -1.08369361e-01 -8.45776962e-02
 -1.42492105e-01  4.86421743e-02 -2.50422319e-01  2.38873492e-01
 -5.07403572e-01 -2.28532055e-01  3.38991436e-02 -7.59503465e-03
  5.87042988e-02  3.55288037e-02 -1.38410316e-01 -2.13242187e-01
  3.86142050e-01 -1.40754550e-01  1.43841634e-01  4.96114680e-02
 -6.72895094e-01 -1.79391724e-01 -5.03465620e-02 -2.83920787e-01
  2.11538349e-01 -4.57828956e-01  8.43006473e-02 -4.65515253e-01
  6.61378713e-01  2.38590756e-01 -1.34432006e-01 -3.84265812e-01
 -2.44819090e-01 -8.36338258e-02  8.18182363e-02 -4.01562388e-01
 -6.78417625e-02  7.36784428e-02 -4.22719397e-01  7.09882161e-02
 -6.70566104e-02 -3.54384300e-02 -4.64732877e-02 -2.46613002e-02
 -5.31739598e-01 -1.19661418e-02  1.84957936e-01 -4.47074429e-02
 -1.22444856e-02 -2.01693501e-02  1.72996186e-02 -2.00552223e-02
  2.66262191e-03  2.59096985e-02  5.66301567e-02  3.75020396e-03
  1.14158047e-01 -7.29971773e-02  6.30145212e-01  9.30041775e-02
  7.80040845e-03 -5.97180256e-03 -2.42524768e-02  3.22750923e-02
  8.95354519e-02  4.83718607e-02  2.77978521e-02 -1.94657866e-01
 -1.35439612e-01  7.49614027e-02  5.21098219e-02 -3.87149024e-02
  8.89129417e-02 -1.92898692e-02 -8.34263124e-02 -8.06360548e-02
  3.50917207e-03 -3.05610066e-02  5.10873446e-02  2.97251193e-01
  5.51796206e-02  1.40082897e-02  5.42997822e-03  2.54661328e-02
 -3.53454281e-02  2.54385501e-02  1.04302798e-01 -5.45806131e-03
  1.01262960e-02 -7.75439337e-03  1.76146339e-01  4.12145818e-02
 -2.56575009e-02 -4.71585367e-02 -3.00460066e-02  4.39340829e-01
  6.65393120e-02  1.76221475e-01 -1.89750182e-01 -9.93070578e-02
  6.12935328e-02  1.32244712e-02  4.25947454e-02 -5.11832755e-03
 -2.06332672e-01 -1.06690017e-01 -5.04407025e-02  3.13694896e-02
 -1.94697142e-02 -6.57950054e-03  2.86447761e-01 -7.55151530e-03
 -1.21408852e-01  3.79854334e-03 -5.57347643e-03 -5.64993112e-02
  9.34724337e-04 -7.65579212e-03  2.54735853e-03 -2.47721687e-02
  1.90278653e-02 -9.11594106e-02  2.54934860e-02 -4.70639291e-02
 -1.91738530e-02  2.33981334e-03 -6.35683017e-02  6.94380180e-02
  1.10729976e-01  8.12501016e-03 -1.15961968e-01  5.18222966e-02
 -1.45170340e-03  6.56777298e-03 -9.77440893e-03  1.05334694e-02
 -8.08362741e-03 -8.34736067e-03  5.99265119e-02 -1.12161611e-01
  2.78787003e-02  9.75116411e-03 -3.08199964e-03 -3.97771310e-03
  1.53548357e-02  8.41902367e-03 -1.08374950e-02  2.27745084e-03
  4.10857287e-01 -2.71188115e-01  4.24322511e-02  6.06733816e-02
 -3.74265601e-02 -3.13406439e-02  2.03575936e-02  3.33780763e-02
  2.47999174e-02  5.29208976e-02 -2.51712580e-02 -3.96840206e-02
 -2.44498559e-02  2.24471190e-02 -1.35944009e-03 -4.60869544e-03
 -3.00010782e-03  3.99427942e-02 -5.11074188e-02  2.73439162e-02
  1.41112050e-02 -9.16211663e-03 -4.13734644e-03  1.91492097e-01
  2.05940012e-02  8.16418290e-03  8.78672581e-03  1.48443270e-02
 -5.94541038e-02  1.52220116e-02  1.72083289e-02 -1.07321682e-02
 -4.35080597e-01 -9.07194882e-02 -3.15449157e-02 -3.79480436e-03
  7.54410380e-03  2.58229446e-03 -1.98767413e-02 -4.69914529e-03
 -3.08044340e-03  8.26042112e-03 -5.86168877e-03 -7.32076566e-03
  6.07727813e-02 -7.40201583e-03 -8.50035730e-03 -2.32131330e-02
  2.63746104e-02 -1.95479476e-02  1.31085553e-02  5.42272030e-02
  7.49384519e-03  2.85678920e-02 -6.90655892e-03  2.56585602e-03
 -2.60726110e-02  5.80252805e-03  4.41709323e-03 -8.83964346e-03
 -4.81472519e-03  7.08597356e-03 -4.39206798e-02  7.97974855e-02
  7.89966810e-02 -2.32583476e-02  5.77018285e-03  6.59969435e-03
  1.00664055e-02  1.45799270e-02  3.05207249e-02 -1.90149498e-02
 -2.22976317e-02  2.06690774e-02 -3.87002419e-03  7.85327022e-02
  3.04642338e-02 -8.75035737e-02 -2.85699262e-02 -2.19726936e-02
  2.29274898e-03 -2.40307647e-02  1.75546185e-02  1.23561558e-01
 -6.63005902e-02 -2.54016227e-02  4.07481317e-02  5.28765371e-03
  1.59829069e-02 -3.13321753e-02 -1.84510776e-02 -2.69009214e-02
  1.69349719e-02 -8.32683148e-03  6.56976437e-03 -6.50392859e-03
 -8.95070831e-03  7.28549246e-02  2.57350484e-03 -7.48484285e-03
  1.68875138e-02  1.90015481e-02  2.62814618e-02  2.72445092e-03
  3.16238830e-02 -3.22991030e-02 -1.93326454e-02 -2.97420539e-02
  1.67635145e-02  3.30458798e-02  3.13788937e-02 -1.46634275e-02
 -3.47105930e-02 -2.74232177e-03  1.50934811e-03  2.61852610e-02
  2.70108400e-02  4.34028300e-03  1.74605167e-02  1.27995755e-02
 -1.55095613e-02  9.48889772e-03 -3.76359886e-02  1.53525887e-02
 -3.71766794e-03  1.65856757e-02 -6.16891030e-03 -6.69572397e-03
 -4.51507038e-03  1.15036575e-02 -6.42824222e-03 -1.10154156e-03
 -3.10685391e-02  2.51207431e-02  7.02631251e-03  5.30478822e-02
  3.10630306e-03  6.33910985e-04 -5.43135739e-03  1.74305033e-03
 -7.22987203e-03  6.53079200e-03  5.80359783e-03 -5.89431910e-03
 -5.06164400e-03 -2.63252649e-02 -8.94125702e-03  3.50946827e-03
 -2.13407640e-03  4.99286353e-03  5.72555694e-03  2.20036412e-03
  6.36976971e-03 -4.49862944e-03  1.17755325e-03 -2.32358472e-03
  3.28084998e-03 -8.09250736e-02  1.81420660e-03 -1.16096934e-02
 -5.11663581e-02  9.57357781e-03 -1.65132322e-02  1.88236602e-02
 -8.41545750e-03 -2.93898552e-02 -1.09596517e-02  5.40925927e-03
 -7.52686357e-03  4.40238529e-03  9.94755738e-03 -1.12299525e-02
 -3.93252549e-03  7.29430378e-03 -2.15269982e-03 -9.76291096e-04
  5.06222197e-03  2.06641169e-02  1.61356783e-02 -4.85576982e-03
  4.66154076e-03  3.11097714e-02 -5.57835454e-03  2.51037785e-03
 -1.49775875e-03  4.22652072e-03 -2.32524203e-03 -2.74447934e-03
  4.59565284e-03 -2.52961718e-03  5.01651505e-03  1.25674217e-03
  2.31025727e-02  8.52409907e-03 -3.34497671e-02  6.47788006e-03
  4.61186231e-03  3.10056337e-03  3.77878436e-03  2.66231679e-02
 -8.41623002e-03  2.24439433e-03 -5.00716054e-03  4.21252365e-03
  7.78688869e-03  1.25393667e-03  5.69512427e-03 -7.07758650e-03
  3.51529069e-03 -3.39248237e-03 -2.66808622e-03  1.44241205e-03
 -3.00121556e-03 -4.77449231e-03 -9.09194601e-03  2.43275455e-02
  6.12188456e-03 -2.78216496e-02  7.05571032e-03 -2.12940592e-03
 -1.73845338e-03  1.97430658e-02 -2.26837860e-03 -2.77906438e-03
 -4.90539778e-02 -1.32996696e-02  2.09365894e-03  1.92293254e-03
  6.49032779e-03 -2.02795355e-02  4.23434954e-02 -4.41088539e-03
  1.14764929e-03  3.39026062e-03 -2.01754324e-03 -1.26810134e-02
 -7.51339946e-03  1.37567210e-03  3.44297118e-03 -4.11753745e-03
 -2.19702895e-03 -5.96371136e-03 -5.83565227e-03  1.93088883e-03
 -1.94600422e-02  1.10645380e-02  9.14143939e-03  6.52901215e-03
  4.62059870e-03 -2.41989190e-03 -1.92042860e-02  1.86297168e-02
  5.76607094e-03  6.45449024e-03 -3.59005457e-03 -4.37168803e-03
  3.84265732e-03 -3.62700792e-03 -1.11832504e-02  2.46986893e-03
 -3.30974994e-03 -1.13919576e-02  5.24765382e-03  5.67037825e-03
  4.99178606e-03 -1.84201626e-03 -5.98043312e-03  5.65146098e-03
 -1.85891480e-03 -7.04702024e-03  2.09322262e-03 -2.96238253e-03
 -6.65774433e-03 -2.17590430e-03  1.58443391e-03 -2.62772067e-02
  2.64500900e-02 -3.38101765e-03  1.14769630e-03  4.61217527e-03
 -3.36527857e-03 -1.56138913e-03 -1.22454267e-02  1.85421845e-02
 -3.34806164e-03 -1.00927849e-02  2.41225665e-02  4.84436909e-03
  1.61879793e-03  1.72322380e-03 -4.19893021e-03  4.73043479e-03
  1.48679401e-03 -1.96682817e-03  1.31765846e-03 -2.26373630e-03
  2.84282148e-03 -2.43261181e-03  1.48704204e-03 -2.68333234e-03
  1.95754620e-03 -2.27222570e-02 -2.85927223e-03  2.66340874e-03
 -8.88057081e-03  4.28787868e-03  2.15382549e-03 -2.87763220e-03
  3.84312872e-03 -5.49650134e-03  1.99204005e-03 -2.09218297e-03
  4.39279316e-03  1.03821544e-02 -7.58172566e-03 -1.95370393e-03
  1.33118744e-03  3.29438823e-03 -3.92023972e-03  3.32433693e-03
 -7.23600379e-04 -1.00842773e-03  1.53568348e-03 -2.05158697e-03
  1.35858470e-03  1.56070209e-03 -1.17813503e-03  9.33485290e-04
  1.87290312e-03 -4.26670762e-03  2.71859307e-03  3.87525740e-03
 -3.08433744e-03  1.64616755e-03 -5.79114029e-03  3.39001926e-03
 -2.51828323e-03  2.30972132e-03  2.43618780e-03  1.51462435e-03
 -1.48050771e-03  1.09690405e-03  2.82871329e-03  9.25940557e-03
  2.59705926e-03 -3.37644639e-03 -2.00785636e-03  1.61436775e-03
  1.26182836e-03 -1.14925614e-03 -1.16552639e-03 -8.24130980e-04
 -9.91252659e-04  9.25013954e-04  1.14505512e-03 -1.01070174e-03
 -1.20290880e-03  7.21386107e-04  4.46851091e-03 -6.55667264e-04
 -6.22863709e-04  1.94090785e-03  1.99472257e-03  3.21277904e-03
 -2.14167623e-01  2.34207321e-01 -4.38392597e-02  6.57669264e-03
 -4.49711171e-03  2.24395194e-03 -1.98722085e-03 -4.87768278e-03
  5.73660334e-03 -8.97043113e-04  1.40444510e-03  8.05832225e-04
 -9.18085845e-04 -8.23793716e-03  9.49522027e-04  2.14002514e-03
 -1.20114935e-03  8.37714646e-04  6.90536197e-04  1.09481569e-03
 -7.65707502e-04 -6.16014608e-04 -8.15927443e-04 -3.76682108e-03
  4.90885370e-03 -1.27327889e-03  8.78178427e-04  1.37710074e-03
 -8.79836991e-04 -6.26865778e-04 -6.11200226e-04 -1.31826124e-03
  3.25655640e-03 -9.32496812e-04  5.21235596e-03  4.91897183e-03]
[[3.70155047e-01 2.76814732e-01 5.75222378e-01 ... 1.14126387e-02
  2.22853387e-67 2.27418045e-54]
 [8.57562892e-01 7.88980700e-01 5.37438502e-01 ... 4.34531903e-38
  1.17131008e-08 9.25949534e-07]
 [9.42200473e-01 6.25859201e-01 4.70160851e-01 ... 4.92101454e-42
  7.75263962e-19 2.16063624e-16]
 ...
 [5.31653357e-01 4.90756499e-01 3.19516848e-01 ... 2.45915337e-31
  3.40557717e-36 7.17264681e-27]
 [5.71892009e-01 4.92467778e-01 5.48740382e-01 ... 1.26996518e-09
  9.67925917e-36 4.81853283e-26]
 [4.00629996e-01 3.60938897e-01 7.17796159e-01 ... 1.00000000e+00
  6.56684592e-54 5.99035177e-43]]
[ 1.34008941e+00 -1.40390648e+00 -4.88539034e-01  1.28046908e+00
  7.03654160e+00  2.81261078e+00  7.54367947e-01  1.46694969e+00
 -3.90083238e+00  2.87306284e+00  1.26273936e+00 -1.13318858e+01
  2.50250142e+00 -2.16665902e+00  1.45258570e+00  2.49698186e-01
 -9.27929814e-01  9.09562110e-01 -1.06682361e+00  4.50013845e-02
  1.38291718e+00  2.62911367e-01 -1.89377635e-01 -3.66425512e-01
  1.95159336e-01 -1.89820327e+00 -7.02219128e-01  2.49525782e-01
  1.62221542e+00 -9.25567073e-02  9.88970792e-01 -1.08771105e+00
 -9.58394993e-01  4.98083351e-01  6.64584807e-01 -7.20538421e-01
  3.96726750e-01 -1.05903947e-01  1.08621649e-01  3.27724750e-02
 -8.37067344e-01  1.76351452e-01  1.20871611e+00  6.65270009e-01
  7.45429421e-01  8.28949365e-01  5.28042876e-01 -2.99461668e-01
 -2.21977026e-02 -4.61954647e-01 -2.68552885e-01 -2.16084564e-02
  7.56765762e-01 -7.40730036e-01 -7.16673027e-01 -6.74762292e-01
 -1.04503520e+00  1.88652013e-01 -5.97908371e-01 -7.82255038e-01
  4.46367714e-01  3.42247177e-01  5.28203676e-01 -5.12898421e-01
  1.17479681e-01  6.22717575e-01  1.16228310e-01 -3.77869504e-01
  7.72236542e-02  3.78071780e-01  2.59496024e-02  7.50577683e-02
  3.83289168e-01 -1.85488537e-01 -1.73772975e-02  1.59079026e-01
 -6.15090485e-02  5.67293402e-01  1.18264623e-02 -2.92561151e-02
 -3.15845366e-02  2.26654502e-01 -1.80521692e-01  3.15952152e-01
  3.02256469e-01  1.96786752e-01 -1.08369361e-01 -8.45776962e-02
 -1.42492105e-01  4.86421743e-02 -2.50422319e-01  2.38873492e-01
 -5.07403572e-01 -2.28532055e-01  3.38991436e-02 -7.59503465e-03
  5.87042988e-02  3.55288037e-02 -1.38410316e-01 -2.13242187e-01
  3.86142050e-01 -1.40754550e-01  1.43841634e-01  4.96114680e-02
 -6.72895094e-01 -1.79391724e-01 -5.03465620e-02 -2.83920787e-01
  2.11538349e-01 -4.57828956e-01  8.43006473e-02 -4.65515253e-01
  6.61378713e-01  2.38590756e-01 -1.34432006e-01 -3.84265812e-01
 -2.44819090e-01 -8.36338258e-02  8.18182363e-02 -4.01562388e-01
 -6.78417625e-02  7.36784428e-02 -4.22719397e-01  7.09882161e-02
 -6.70566104e-02 -3.54384300e-02 -4.64732877e-02 -2.46613002e-02
 -5.31739598e-01 -1.19661418e-02  1.84957936e-01 -4.47074429e-02
 -1.22444856e-02 -2.01693501e-02  1.72996186e-02 -2.00552223e-02
  2.66262191e-03  2.59096985e-02  5.66301567e-02  3.75020396e-03
  1.14158047e-01 -7.29971773e-02  6.30145212e-01  9.30041775e-02
  7.80040845e-03 -5.97180256e-03 -2.42524768e-02  3.22750923e-02
  8.95354519e-02  4.83718607e-02  2.77978521e-02 -1.94657866e-01
 -1.35439612e-01  7.49614027e-02  5.21098219e-02 -3.87149024e-02
  8.89129417e-02 -1.92898692e-02 -8.34263124e-02 -8.06360548e-02
  3.50917207e-03 -3.05610066e-02  5.10873446e-02  2.97251193e-01
  5.51796206e-02  1.40082897e-02  5.42997822e-03  2.54661328e-02
 -3.53454281e-02  2.54385501e-02  1.04302798e-01 -5.45806131e-03
  1.01262960e-02 -7.75439337e-03  1.76146339e-01  4.12145818e-02
 -2.56575009e-02 -4.71585367e-02 -3.00460066e-02  4.39340829e-01
  6.65393120e-02  1.76221475e-01 -1.89750182e-01 -9.93070578e-02
  6.12935328e-02  1.32244712e-02  4.25947454e-02 -5.11832755e-03
 -2.06332672e-01 -1.06690017e-01 -5.04407025e-02  3.13694896e-02
 -1.94697142e-02 -6.57950054e-03  2.86447761e-01 -7.55151530e-03
 -1.21408852e-01  3.79854334e-03 -5.57347643e-03 -5.64993112e-02
  9.34724337e-04 -7.65579212e-03  2.54735853e-03 -2.47721687e-02
  1.90278653e-02 -9.11594106e-02  2.54934860e-02 -4.70639291e-02
 -1.91738530e-02  2.33981334e-03 -6.35683017e-02  6.94380180e-02
  1.10729976e-01  8.12501016e-03 -1.15961968e-01  5.18222966e-02
 -1.45170340e-03  6.56777298e-03 -9.77440893e-03  1.05334694e-02
 -8.08362741e-03 -8.34736067e-03  5.99265119e-02 -1.12161611e-01
  2.78787003e-02  9.75116411e-03 -3.08199964e-03 -3.97771310e-03
  1.53548357e-02  8.41902367e-03 -1.08374950e-02  2.27745084e-03
  4.10857287e-01 -2.71188115e-01  4.24322511e-02  6.06733816e-02
 -3.74265601e-02 -3.13406439e-02  2.03575936e-02  3.33780763e-02
  2.47999174e-02  5.29208976e-02 -2.51712580e-02 -3.96840206e-02
 -2.44498559e-02  2.24471190e-02 -1.35944009e-03 -4.60869544e-03
 -3.00010782e-03  3.99427942e-02 -5.11074188e-02  2.73439162e-02
  1.41112050e-02 -9.16211663e-03 -4.13734644e-03  1.91492097e-01
  2.05940012e-02  8.16418290e-03  8.78672581e-03  1.48443270e-02
 -5.94541038e-02  1.52220116e-02  1.72083289e-02 -1.07321682e-02
 -4.35080597e-01 -9.07194882e-02 -3.15449157e-02 -3.79480436e-03
  7.54410380e-03  2.58229446e-03 -1.98767413e-02 -4.69914529e-03
 -3.08044340e-03  8.26042112e-03 -5.86168877e-03 -7.32076566e-03
  6.07727813e-02 -7.40201583e-03 -8.50035730e-03 -2.32131330e-02
  2.63746104e-02 -1.95479476e-02  1.31085553e-02  5.42272030e-02
  7.49384519e-03  2.85678920e-02 -6.90655892e-03  2.56585602e-03
 -2.60726110e-02  5.80252805e-03  4.41709323e-03 -8.83964346e-03
 -4.81472519e-03  7.08597356e-03 -4.39206798e-02  7.97974855e-02
  7.89966810e-02 -2.32583476e-02  5.77018285e-03  6.59969435e-03
  1.00664055e-02  1.45799270e-02  3.05207249e-02 -1.90149498e-02
 -2.22976317e-02  2.06690774e-02 -3.87002419e-03  7.85327022e-02
  3.04642338e-02 -8.75035737e-02 -2.85699262e-02 -2.19726936e-02
  2.29274898e-03 -2.40307647e-02  1.75546185e-02  1.23561558e-01
 -6.63005902e-02 -2.54016227e-02  4.07481317e-02  5.28765371e-03
  1.59829069e-02 -3.13321753e-02 -1.84510776e-02 -2.69009214e-02
  1.69349719e-02 -8.32683148e-03  6.56976437e-03 -6.50392859e-03
 -8.95070831e-03  7.28549246e-02  2.57350484e-03 -7.48484285e-03
  1.68875138e-02  1.90015481e-02  2.62814618e-02  2.72445092e-03
  3.16238830e-02 -3.22991030e-02 -1.93326454e-02 -2.97420539e-02
  1.67635145e-02  3.30458798e-02  3.13788937e-02 -1.46634275e-02
 -3.47105930e-02 -2.74232177e-03  1.50934811e-03  2.61852610e-02
  2.70108400e-02  4.34028300e-03  1.74605167e-02  1.27995755e-02
 -1.55095613e-02  9.48889772e-03 -3.76359886e-02  1.53525887e-02
 -3.71766794e-03  1.65856757e-02 -6.16891030e-03 -6.69572397e-03
 -4.51507038e-03  1.15036575e-02 -6.42824222e-03 -1.10154156e-03
 -3.10685391e-02  2.51207431e-02  7.02631251e-03  5.30478822e-02
  3.10630306e-03  6.33910985e-04 -5.43135739e-03  1.74305033e-03
 -7.22987203e-03  6.53079200e-03  5.80359783e-03 -5.89431910e-03
 -5.06164400e-03 -2.63252649e-02 -8.94125702e-03  3.50946827e-03
 -2.13407640e-03  4.99286353e-03  5.72555694e-03  2.20036412e-03
  6.36976971e-03 -4.49862944e-03  1.17755325e-03 -2.32358472e-03
  3.28084998e-03 -8.09250736e-02  1.81420660e-03 -1.16096934e-02
 -5.11663581e-02  9.57357781e-03 -1.65132322e-02  1.88236602e-02
 -8.41545750e-03 -2.93898552e-02 -1.09596517e-02  5.40925927e-03
 -7.52686357e-03  4.40238529e-03  9.94755738e-03 -1.12299525e-02
 -3.93252549e-03  7.29430378e-03 -2.15269982e-03 -9.76291096e-04
  5.06222197e-03  2.06641169e-02  1.61356783e-02 -4.85576982e-03
  4.66154076e-03  3.11097714e-02 -5.57835454e-03  2.51037785e-03
 -1.49775875e-03  4.22652072e-03 -2.32524203e-03 -2.74447934e-03
  4.59565284e-03 -2.52961718e-03  5.01651505e-03  1.25674217e-03
  2.31025727e-02  8.52409907e-03 -3.34497671e-02  6.47788006e-03
  4.61186231e-03  3.10056337e-03  3.77878436e-03  2.66231679e-02
 -8.41623002e-03  2.24439433e-03 -5.00716054e-03  4.21252365e-03
  7.78688869e-03  1.25393667e-03  5.69512427e-03 -7.07758650e-03
  3.51529069e-03 -3.39248237e-03 -2.66808622e-03  1.44241205e-03
 -3.00121556e-03 -4.77449231e-03 -9.09194601e-03  2.43275455e-02
  6.12188456e-03 -2.78216496e-02  7.05571032e-03 -2.12940592e-03
 -1.73845338e-03  1.97430658e-02 -2.26837860e-03 -2.77906438e-03
 -4.90539778e-02 -1.32996696e-02  2.09365894e-03  1.92293254e-03
  6.49032779e-03 -2.02795355e-02  4.23434954e-02 -4.41088539e-03
  1.14764929e-03  3.39026062e-03 -2.01754324e-03 -1.26810134e-02
 -7.51339946e-03  1.37567210e-03  3.44297118e-03 -4.11753745e-03
 -2.19702895e-03 -5.96371136e-03 -5.83565227e-03  1.93088883e-03
 -1.94600422e-02  1.10645380e-02  9.14143939e-03  6.52901215e-03
  4.62059870e-03 -2.41989190e-03 -1.92042860e-02  1.86297168e-02
  5.76607094e-03  6.45449024e-03 -3.59005457e-03 -4.37168803e-03
  3.84265732e-03 -3.62700792e-03 -1.11832504e-02  2.46986893e-03
 -3.30974994e-03 -1.13919576e-02  5.24765382e-03  5.67037825e-03
  4.99178606e-03 -1.84201626e-03 -5.98043312e-03  5.65146098e-03
 -1.85891480e-03 -7.04702024e-03  2.09322262e-03 -2.96238253e-03
 -6.65774433e-03 -2.17590430e-03  1.58443391e-03 -2.62772067e-02
  2.64500900e-02 -3.38101765e-03  1.14769630e-03  4.61217527e-03
 -3.36527857e-03 -1.56138913e-03 -1.22454267e-02  1.85421845e-02
 -3.34806164e-03 -1.00927849e-02  2.41225665e-02  4.84436909e-03
  1.61879793e-03  1.72322380e-03 -4.19893021e-03  4.73043479e-03
  1.48679401e-03 -1.96682817e-03  1.31765846e-03 -2.26373630e-03
  2.84282148e-03 -2.43261181e-03  1.48704204e-03 -2.68333234e-03
  1.95754620e-03 -2.27222570e-02 -2.85927223e-03  2.66340874e-03
 -8.88057081e-03  4.28787868e-03  2.15382549e-03 -2.87763220e-03
  3.84312872e-03 -5.49650134e-03  1.99204005e-03 -2.09218297e-03
  4.39279316e-03  1.03821544e-02 -7.58172566e-03 -1.95370393e-03
  1.33118744e-03  3.29438823e-03 -3.92023972e-03  3.32433693e-03
 -7.23600379e-04 -1.00842773e-03  1.53568348e-03 -2.05158697e-03
  1.35858470e-03  1.56070209e-03 -1.17813503e-03  9.33485290e-04
  1.87290312e-03 -4.26670762e-03  2.71859307e-03  3.87525740e-03
 -3.08433744e-03  1.64616755e-03 -5.79114029e-03  3.39001926e-03
 -2.51828323e-03  2.30972132e-03  2.43618780e-03  1.51462435e-03
 -1.48050771e-03  1.09690405e-03  2.82871329e-03  9.25940557e-03
  2.59705926e-03 -3.37644639e-03 -2.00785636e-03  1.61436775e-03
  1.26182836e-03 -1.14925614e-03 -1.16552639e-03 -8.24130980e-04
 -9.91252659e-04  9.25013954e-04  1.14505512e-03 -1.01070174e-03
 -1.20290880e-03  7.21386107e-04  4.46851091e-03 -6.55667264e-04
 -6.22863709e-04  1.94090785e-03  1.99472257e-03  3.21277904e-03
 -2.14167623e-01  2.34207321e-01 -4.38392597e-02  6.57669264e-03
 -4.49711171e-03  2.24395194e-03 -1.98722085e-03 -4.87768278e-03
  5.73660334e-03 -8.97043113e-04  1.40444510e-03  8.05832225e-04
 -9.18085845e-04 -8.23793716e-03  9.49522027e-04  2.14002514e-03
 -1.20114935e-03  8.37714646e-04  6.90536197e-04  1.09481569e-03
 -7.65707502e-04 -6.16014608e-04 -8.15927443e-04 -3.76682108e-03
  4.90885370e-03 -1.27327889e-03  8.78178427e-04  1.37710074e-03
 -8.79836991e-04 -6.26865778e-04 -6.11200226e-04 -1.31826124e-03
  3.25655640e-03 -9.32496812e-04  5.21235596e-03  4.91897183e-03]
[[3.70155047e-01 2.76814732e-01 5.75222378e-01 ... 1.14126387e-02
  2.22853387e-67 2.27418045e-54]
 [8.57562892e-01 7.88980700e-01 5.37438502e-01 ... 4.34531903e-38
  1.17131008e-08 9.25949534e-07]
 [9.42200473e-01 6.25859201e-01 4.70160851e-01 ... 4.92101454e-42
  7.75263962e-19 2.16063624e-16]
 ...
 [5.31653357e-01 4.90756499e-01 3.19516848e-01 ... 2.45915337e-31
  3.40557717e-36 7.17264681e-27]
 [5.71892009e-01 4.92467778e-01 5.48740382e-01 ... 1.26996518e-09
  9.67925917e-36 4.81853283e-26]
 [4.00629996e-01 3.60938897e-01 7.17796159e-01 ... 1.00000000e+00
  6.56684592e-54 5.99035177e-43]]
[ 1.34008941e+00 -1.40390648e+00 -4.88539034e-01  1.28046908e+00
  7.03654160e+00  2.81261078e+00  7.54367947e-01  1.46694969e+00
 -3.90083238e+00  2.87306284e+00  1.26273936e+00 -1.13318858e+01
  2.50250142e+00 -2.16665902e+00  1.45258570e+00  2.49698186e-01
 -9.27929814e-01  9.09562110e-01 -1.06682361e+00  4.50013845e-02
  1.38291718e+00  2.62911367e-01 -1.89377635e-01 -3.66425512e-01
  1.95159336e-01 -1.89820327e+00 -7.02219128e-01  2.49525782e-01
  1.62221542e+00 -9.25567073e-02  9.88970792e-01 -1.08771105e+00
 -9.58394993e-01  4.98083351e-01  6.64584807e-01 -7.20538421e-01
  3.96726750e-01 -1.05903947e-01  1.08621649e-01  3.27724750e-02
 -8.37067344e-01  1.76351452e-01  1.20871611e+00  6.65270009e-01
  7.45429421e-01  8.28949365e-01  5.28042876e-01 -2.99461668e-01
 -2.21977026e-02 -4.61954647e-01 -2.68552885e-01 -2.16084564e-02
  7.56765762e-01 -7.40730036e-01 -7.16673027e-01 -6.74762292e-01
 -1.04503520e+00  1.88652013e-01 -5.97908371e-01 -7.82255038e-01
  4.46367714e-01  3.42247177e-01  5.28203676e-01 -5.12898421e-01
  1.17479681e-01  6.22717575e-01  1.16228310e-01 -3.77869504e-01
  7.72236542e-02  3.78071780e-01  2.59496024e-02  7.50577683e-02
  3.83289168e-01 -1.85488537e-01 -1.73772975e-02  1.59079026e-01
 -6.15090485e-02  5.67293402e-01  1.18264623e-02 -2.92561151e-02
 -3.15845366e-02  2.26654502e-01 -1.80521692e-01  3.15952152e-01
  3.02256469e-01  1.96786752e-01 -1.08369361e-01 -8.45776962e-02
 -1.42492105e-01  4.86421743e-02 -2.50422319e-01  2.38873492e-01
 -5.07403572e-01 -2.28532055e-01  3.38991436e-02 -7.59503465e-03
  5.87042988e-02  3.55288037e-02 -1.38410316e-01 -2.13242187e-01
  3.86142050e-01 -1.40754550e-01  1.43841634e-01  4.96114680e-02
 -6.72895094e-01 -1.79391724e-01 -5.03465620e-02 -2.83920787e-01
  2.11538349e-01 -4.57828956e-01  8.43006473e-02 -4.65515253e-01
  6.61378713e-01  2.38590756e-01 -1.34432006e-01 -3.84265812e-01
 -2.44819090e-01 -8.36338258e-02  8.18182363e-02 -4.01562388e-01
 -6.78417625e-02  7.36784428e-02 -4.22719397e-01  7.09882161e-02
 -6.70566104e-02 -3.54384300e-02 -4.64732877e-02 -2.46613002e-02
 -5.31739598e-01 -1.19661418e-02  1.84957936e-01 -4.47074429e-02
 -1.22444856e-02 -2.01693501e-02  1.72996186e-02 -2.00552223e-02
  2.66262191e-03  2.59096985e-02  5.66301567e-02  3.75020396e-03
  1.14158047e-01 -7.29971773e-02  6.30145212e-01  9.30041775e-02
  7.80040845e-03 -5.97180256e-03 -2.42524768e-02  3.22750923e-02
  8.95354519e-02  4.83718607e-02  2.77978521e-02 -1.94657866e-01
 -1.35439612e-01  7.49614027e-02  5.21098219e-02 -3.87149024e-02
  8.89129417e-02 -1.92898692e-02 -8.34263124e-02 -8.06360548e-02
  3.50917207e-03 -3.05610066e-02  5.10873446e-02  2.97251193e-01
  5.51796206e-02  1.40082897e-02  5.42997822e-03  2.54661328e-02
 -3.53454281e-02  2.54385501e-02  1.04302798e-01 -5.45806131e-03
  1.01262960e-02 -7.75439337e-03  1.76146339e-01  4.12145818e-02
 -2.56575009e-02 -4.71585367e-02 -3.00460066e-02  4.39340829e-01
  6.65393120e-02  1.76221475e-01 -1.89750182e-01 -9.93070578e-02
  6.12935328e-02  1.32244712e-02  4.25947454e-02 -5.11832755e-03
 -2.06332672e-01 -1.06690017e-01 -5.04407025e-02  3.13694896e-02
 -1.94697142e-02 -6.57950054e-03  2.86447761e-01 -7.55151530e-03
 -1.21408852e-01  3.79854334e-03 -5.57347643e-03 -5.64993112e-02
  9.34724337e-04 -7.65579212e-03  2.54735853e-03 -2.47721687e-02
  1.90278653e-02 -9.11594106e-02  2.54934860e-02 -4.70639291e-02
 -1.91738530e-02  2.33981334e-03 -6.35683017e-02  6.94380180e-02
  1.10729976e-01  8.12501016e-03 -1.15961968e-01  5.18222966e-02
 -1.45170340e-03  6.56777298e-03 -9.77440893e-03  1.05334694e-02
 -8.08362741e-03 -8.34736067e-03  5.99265119e-02 -1.12161611e-01
  2.78787003e-02  9.75116411e-03 -3.08199964e-03 -3.97771310e-03
  1.53548357e-02  8.41902367e-03 -1.08374950e-02  2.27745084e-03
  4.10857287e-01 -2.71188115e-01  4.24322511e-02  6.06733816e-02
 -3.74265601e-02 -3.13406439e-02  2.03575936e-02  3.33780763e-02
  2.47999174e-02  5.29208976e-02 -2.51712580e-02 -3.96840206e-02
 -2.44498559e-02  2.24471190e-02 -1.35944009e-03 -4.60869544e-03
 -3.00010782e-03  3.99427942e-02 -5.11074188e-02  2.73439162e-02
  1.41112050e-02 -9.16211663e-03 -4.13734644e-03  1.91492097e-01
  2.05940012e-02  8.16418290e-03  8.78672581e-03  1.48443270e-02
 -5.94541038e-02  1.52220116e-02  1.72083289e-02 -1.07321682e-02
 -4.35080597e-01 -9.07194882e-02 -3.15449157e-02 -3.79480436e-03
  7.54410380e-03  2.58229446e-03 -1.98767413e-02 -4.69914529e-03
 -3.08044340e-03  8.26042112e-03 -5.86168877e-03 -7.32076566e-03
  6.07727813e-02 -7.40201583e-03 -8.50035730e-03 -2.32131330e-02
  2.63746104e-02 -1.95479476e-02  1.31085553e-02  5.42272030e-02
  7.49384519e-03  2.85678920e-02 -6.90655892e-03  2.56585602e-03
 -2.60726110e-02  5.80252805e-03  4.41709323e-03 -8.83964346e-03
 -4.81472519e-03  7.08597356e-03 -4.39206798e-02  7.97974855e-02
  7.89966810e-02 -2.32583476e-02  5.77018285e-03  6.59969435e-03
  1.00664055e-02  1.45799270e-02  3.05207249e-02 -1.90149498e-02
 -2.22976317e-02  2.06690774e-02 -3.87002419e-03  7.85327022e-02
  3.04642338e-02 -8.75035737e-02 -2.85699262e-02 -2.19726936e-02
  2.29274898e-03 -2.40307647e-02  1.75546185e-02  1.23561558e-01
 -6.63005902e-02 -2.54016227e-02  4.07481317e-02  5.28765371e-03
  1.59829069e-02 -3.13321753e-02 -1.84510776e-02 -2.69009214e-02
  1.69349719e-02 -8.32683148e-03  6.56976437e-03 -6.50392859e-03
 -8.95070831e-03  7.28549246e-02  2.57350484e-03 -7.48484285e-03
  1.68875138e-02  1.90015481e-02  2.62814618e-02  2.72445092e-03
  3.16238830e-02 -3.22991030e-02 -1.93326454e-02 -2.97420539e-02
  1.67635145e-02  3.30458798e-02  3.13788937e-02 -1.46634275e-02
 -3.47105930e-02 -2.74232177e-03  1.50934811e-03  2.61852610e-02
  2.70108400e-02  4.34028300e-03  1.74605167e-02  1.27995755e-02
 -1.55095613e-02  9.48889772e-03 -3.76359886e-02  1.53525887e-02
 -3.71766794e-03  1.65856757e-02 -6.16891030e-03 -6.69572397e-03
 -4.51507038e-03  1.15036575e-02 -6.42824222e-03 -1.10154156e-03
 -3.10685391e-02  2.51207431e-02  7.02631251e-03  5.30478822e-02
  3.10630306e-03  6.33910985e-04 -5.43135739e-03  1.74305033e-03
 -7.22987203e-03  6.53079200e-03  5.80359783e-03 -5.89431910e-03
 -5.06164400e-03 -2.63252649e-02 -8.94125702e-03  3.50946827e-03
 -2.13407640e-03  4.99286353e-03  5.72555694e-03  2.20036412e-03
  6.36976971e-03 -4.49862944e-03  1.17755325e-03 -2.32358472e-03
  3.28084998e-03 -8.09250736e-02  1.81420660e-03 -1.16096934e-02
 -5.11663581e-02  9.57357781e-03 -1.65132322e-02  1.88236602e-02
 -8.41545750e-03 -2.93898552e-02 -1.09596517e-02  5.40925927e-03
 -7.52686357e-03  4.40238529e-03  9.94755738e-03 -1.12299525e-02
 -3.93252549e-03  7.29430378e-03 -2.15269982e-03 -9.76291096e-04
  5.06222197e-03  2.06641169e-02  1.61356783e-02 -4.85576982e-03
  4.66154076e-03  3.11097714e-02 -5.57835454e-03  2.51037785e-03
 -1.49775875e-03  4.22652072e-03 -2.32524203e-03 -2.74447934e-03
  4.59565284e-03 -2.52961718e-03  5.01651505e-03  1.25674217e-03
  2.31025727e-02  8.52409907e-03 -3.34497671e-02  6.47788006e-03
  4.61186231e-03  3.10056337e-03  3.77878436e-03  2.66231679e-02
 -8.41623002e-03  2.24439433e-03 -5.00716054e-03  4.21252365e-03
  7.78688869e-03  1.25393667e-03  5.69512427e-03 -7.07758650e-03
  3.51529069e-03 -3.39248237e-03 -2.66808622e-03  1.44241205e-03
 -3.00121556e-03 -4.77449231e-03 -9.09194601e-03  2.43275455e-02
  6.12188456e-03 -2.78216496e-02  7.05571032e-03 -2.12940592e-03
 -1.73845338e-03  1.97430658e-02 -2.26837860e-03 -2.77906438e-03
 -4.90539778e-02 -1.32996696e-02  2.09365894e-03  1.92293254e-03
  6.49032779e-03 -2.02795355e-02  4.23434954e-02 -4.41088539e-03
  1.14764929e-03  3.39026062e-03 -2.01754324e-03 -1.26810134e-02
 -7.51339946e-03  1.37567210e-03  3.44297118e-03 -4.11753745e-03
 -2.19702895e-03 -5.96371136e-03 -5.83565227e-03  1.93088883e-03
 -1.94600422e-02  1.10645380e-02  9.14143939e-03  6.52901215e-03
  4.62059870e-03 -2.41989190e-03 -1.92042860e-02  1.86297168e-02
  5.76607094e-03  6.45449024e-03 -3.59005457e-03 -4.37168803e-03
  3.84265732e-03 -3.62700792e-03 -1.11832504e-02  2.46986893e-03
 -3.30974994e-03 -1.13919576e-02  5.24765382e-03  5.67037825e-03
  4.99178606e-03 -1.84201626e-03 -5.98043312e-03  5.65146098e-03
 -1.85891480e-03 -7.04702024e-03  2.09322262e-03 -2.96238253e-03
 -6.65774433e-03 -2.17590430e-03  1.58443391e-03 -2.62772067e-02
  2.64500900e-02 -3.38101765e-03  1.14769630e-03  4.61217527e-03
 -3.36527857e-03 -1.56138913e-03 -1.22454267e-02  1.85421845e-02
 -3.34806164e-03 -1.00927849e-02  2.41225665e-02  4.84436909e-03
  1.61879793e-03  1.72322380e-03 -4.19893021e-03  4.73043479e-03
  1.48679401e-03 -1.96682817e-03  1.31765846e-03 -2.26373630e-03
  2.84282148e-03 -2.43261181e-03  1.48704204e-03 -2.68333234e-03
  1.95754620e-03 -2.27222570e-02 -2.85927223e-03  2.66340874e-03
 -8.88057081e-03  4.28787868e-03  2.15382549e-03 -2.87763220e-03
  3.84312872e-03 -5.49650134e-03  1.99204005e-03 -2.09218297e-03
  4.39279316e-03  1.03821544e-02 -7.58172566e-03 -1.95370393e-03
  1.33118744e-03  3.29438823e-03 -3.92023972e-03  3.32433693e-03
 -7.23600379e-04 -1.00842773e-03  1.53568348e-03 -2.05158697e-03
  1.35858470e-03  1.56070209e-03 -1.17813503e-03  9.33485290e-04
  1.87290312e-03 -4.26670762e-03  2.71859307e-03  3.87525740e-03
 -3.08433744e-03  1.64616755e-03 -5.79114029e-03  3.39001926e-03
 -2.51828323e-03  2.30972132e-03  2.43618780e-03  1.51462435e-03
 -1.48050771e-03  1.09690405e-03  2.82871329e-03  9.25940557e-03
  2.59705926e-03 -3.37644639e-03 -2.00785636e-03  1.61436775e-03
  1.26182836e-03 -1.14925614e-03 -1.16552639e-03 -8.24130980e-04
 -9.91252659e-04  9.25013954e-04  1.14505512e-03 -1.01070174e-03
 -1.20290880e-03  7.21386107e-04  4.46851091e-03 -6.55667264e-04
 -6.22863709e-04  1.94090785e-03  1.99472257e-03  3.21277904e-03
 -2.14167623e-01  2.34207321e-01 -4.38392597e-02  6.57669264e-03
 -4.49711171e-03  2.24395194e-03 -1.98722085e-03 -4.87768278e-03
  5.73660334e-03 -8.97043113e-04  1.40444510e-03  8.05832225e-04
 -9.18085845e-04 -8.23793716e-03  9.49522027e-04  2.14002514e-03
 -1.20114935e-03  8.37714646e-04  6.90536197e-04  1.09481569e-03
 -7.65707502e-04 -6.16014608e-04 -8.15927443e-04 -3.76682108e-03
  4.90885370e-03 -1.27327889e-03  8.78178427e-04  1.37710074e-03
 -8.79836991e-04 -6.26865778e-04 -6.11200226e-04 -1.31826124e-03
  3.25655640e-03 -9.32496812e-04  5.21235596e-03  4.91897183e-03]
[[3.60824742e-02 8.57941094e-04]
 [8.50515464e-02 3.83979906e-04]
 [1.64948454e-01 1.82604534e-04]
 [3.01546392e-01 8.30400062e-05]
 [4.94845361e-01 3.77869004e-05]
 [8.17010309e-01 1.17912470e-05]
 [1.22680412e+00 3.84966112e-06]
 [1.62886598e+00 8.83550299e-07]
 [1.62886598e+00 8.83550299e-07]
 [1.62886598e+00 8.83550299e-07]
 [1.62886598e+00 8.83550299e-07]
 [1.62886598e+00 8.83550299e-07]
 [1.62886598e+00 8.83550299e-07]]
