12
0.009
rdot
MMA
sample
[[ 1.          0.97873908  0.76356524 ...  0.9782      0.59105727
   0.27531309]
 [ 1.          0.97873908  0.76356524 ...  0.9782      0.59105727
   0.37814505]
 [ 1.          0.97873908  0.76356524 ...  0.9782      0.59105727
   0.39295525]
 ...
 [ 0.10612479  0.9834187   0.93762584 ...  0.66369007  0.95890836
  -0.11330898]
 [ 0.17687465  0.9834187   0.93762584 ...  0.66369007  0.95890836
  -0.11745745]
 [ 0.24762451  0.9834187   0.93762584 ...  0.66369007  0.95890836
  -0.12113016]]
20480
0.00038899708666157985
[[0.68131319 0.26453087 0.34023926 ... 0.41671027 0.33646541 0.257507  ]
 [0.68131319 0.26453087 0.34023926 ... 0.41671027 0.33646541 0.257507  ]
 [0.68131319 0.26453087 0.34023926 ... 0.41671027 0.33646541 0.257507  ]
 ...
 [0.21146423 0.85407657 0.44357636 ... 0.8966742  0.76520213 0.41502584]
 [0.24497109 0.83868802 0.4462729  ... 0.91312669 0.7605785  0.40754801]
 [0.28036805 0.81365413 0.44357636 ... 0.91867767 0.74687458 0.39538316]]
[ 1.52100942 -5.35632694  4.17690927 -2.6859476  -5.82426949  0.25238177
 -2.34290103  2.33231675 -5.7343885   1.24191114  1.57767394 -1.32174005
 -2.42109138  2.88694598  8.20978409  8.13958599 -4.44684112]
[[0.68131319 0.26453087 0.34023926 ... 0.12660952 0.26912304 0.07488951]
 [0.68131319 0.26453087 0.34023926 ... 0.12660952 0.26912304 0.07488951]
 [0.68131319 0.26453087 0.34023926 ... 0.12660952 0.26912304 0.07488951]
 ...
 [0.21146423 0.85407657 0.44357636 ... 0.75876407 0.25968304 0.58847418]
 [0.24497109 0.83868802 0.4462729  ... 0.78686365 0.27570124 0.56745926]
 [0.28036805 0.81365413 0.44357636 ... 0.79645956 0.28569678 0.5340888 ]]
[ 1.52100942 -5.35632694  4.17690927 -2.6859476  -5.82426949  0.25238177
 -2.34290103  2.33231675 -5.7343885   1.24191114  1.57767394 -1.32174005
 -2.42109138  2.88694598  8.20978409  8.13958599 -4.44684112  1.56617241
 -1.02246174 -1.34438422  0.33978117  1.14571179  0.28645666  1.30408937
 -0.64990686 -1.29908858  0.3247641   0.5165946   0.39733059 -1.04064732
 -0.24648285 -3.07121105  0.62186399 -0.73716541  0.30881237  1.22298259
  1.7965783  -0.46362755]
[[0.68131319 0.26453087 0.34023926 ... 0.00420147 0.40351794 0.00449543]
 [0.68131319 0.26453087 0.34023926 ... 0.00420147 0.40351794 0.00449543]
 [0.68131319 0.26453087 0.34023926 ... 0.00420147 0.40351794 0.00449543]
 ...
 [0.21146423 0.85407657 0.44357636 ... 0.03279834 0.01483464 0.09584377]
 [0.24497109 0.83868802 0.4462729  ... 0.03049765 0.02195316 0.0935482 ]
 [0.28036805 0.81365413 0.44357636 ... 0.02701618 0.03094996 0.08698612]]
[ 1.52100942 -5.35632694  4.17690927 -2.6859476  -5.82426949  0.25238177
 -2.34290103  2.33231675 -5.7343885   1.24191114  1.57767394 -1.32174005
 -2.42109138  2.88694598  8.20978409  8.13958599 -4.44684112  1.56617241
 -1.02246174 -1.34438422  0.33978117  1.14571179  0.28645666  1.30408937
 -0.64990686 -1.29908858  0.3247641   0.5165946   0.39733059 -1.04064732
 -0.24648285 -3.07121105  0.62186399 -0.73716541  0.30881237  1.22298259
  1.7965783  -0.46362755 -0.09221897  0.14252545 -0.10856216  0.0974932
 -0.02225819  0.03278778  0.13409197 -0.07115147 -0.10214274]
[[6.81313186e-01 2.64530872e-01 3.40239258e-01 ... 4.03517942e-01
  4.49542695e-03 6.04708727e-02]
 [6.81313186e-01 2.64530872e-01 3.40239258e-01 ... 4.03517942e-01
  4.49542695e-03 6.04708727e-02]
 [6.81313186e-01 2.64530872e-01 3.40239258e-01 ... 4.03517942e-01
  4.49542695e-03 6.04708727e-02]
 ...
 [2.11464231e-01 8.54076567e-01 4.43576363e-01 ... 1.48346367e-02
  9.58437730e-02 2.84557768e-04]
 [2.44971094e-01 8.38688024e-01 4.46272903e-01 ... 2.19531580e-02
  9.35481957e-02 6.82161573e-04]
 [2.80368051e-01 8.13654131e-01 4.43576363e-01 ... 3.09499618e-02
  8.69861195e-02 1.48419209e-03]]
[ 1.52100942 -5.35632694  4.17690927 -2.6859476  -5.82426949  0.25238177
 -2.34290103  2.33231675 -5.7343885   1.24191114  1.57767394 -1.32174005
 -2.42109138  2.88694598  8.20978409  8.13958599 -4.44684112  1.56617241
 -1.02246174 -1.34438422  0.33978117  1.14571179  0.28645666  1.30408937
 -0.64990686 -1.29908858  0.3247641   0.5165946   0.39733059 -1.04064732
 -0.24648285 -3.07121105  0.62186399 -0.73716541  0.30881237  1.22298259
  1.7965783  -0.46362755 -0.09221897  0.14252545 -0.10856216  0.0974932
 -0.02225819  0.03278778  0.13409197 -0.07115147 -0.10214274 -0.0142837 ]
[[6.81313186e-01 2.64530872e-01 3.40239258e-01 ... 7.32259636e-07
  5.29871107e-03 1.91223683e-03]
 [6.81313186e-01 2.64530872e-01 3.40239258e-01 ... 7.32259636e-07
  5.29871107e-03 1.91223683e-03]
 [6.81313186e-01 2.64530872e-01 3.40239258e-01 ... 7.32259636e-07
  5.29871107e-03 1.91223683e-03]
 ...
 [2.11464231e-01 8.54076567e-01 4.43576363e-01 ... 7.65506409e-02
  8.95787474e-04 4.16155708e-07]
 [2.44971094e-01 8.38688024e-01 4.46272903e-01 ... 1.02397810e-01
  2.99211866e-03 1.99588818e-06]
 [2.80368051e-01 8.13654131e-01 4.43576363e-01 ... 1.12824810e-01
  8.23236748e-03 7.88476338e-06]]
[ 1.52100942 -5.35632694  4.17690927 -2.6859476  -5.82426949  0.25238177
 -2.34290103  2.33231675 -5.7343885   1.24191114  1.57767394 -1.32174005
 -2.42109138  2.88694598  8.20978409  8.13958599 -4.44684112  1.56617241
 -1.02246174 -1.34438422  0.33978117  1.14571179  0.28645666  1.30408937
 -0.64990686 -1.29908858  0.3247641   0.5165946   0.39733059 -1.04064732
 -0.24648285 -3.07121105  0.62186399 -0.73716541  0.30881237  1.22298259
  1.7965783  -0.46362755 -0.09221897  0.14252545 -0.10856216  0.0974932
 -0.02225819  0.03278778  0.13409197 -0.07115147 -0.10214274 -0.0142837
  0.15553356 -0.18263704  0.28154057 -0.1583665   0.11690018 -0.12239515]
[[6.81313186e-01 2.64530872e-01 3.40239258e-01 ... 5.29871107e-03
  1.91223683e-03 2.58149598e-02]
 [6.81313186e-01 2.64530872e-01 3.40239258e-01 ... 5.29871107e-03
  1.91223683e-03 2.58149598e-02]
 [6.81313186e-01 2.64530872e-01 3.40239258e-01 ... 5.29871107e-03
  1.91223683e-03 2.58149598e-02]
 ...
 [2.11464231e-01 8.54076567e-01 4.43576363e-01 ... 8.95787474e-04
  4.16155708e-07 1.38711545e-11]
 [2.44971094e-01 8.38688024e-01 4.46272903e-01 ... 2.99211866e-03
  1.99588818e-06 6.52529150e-10]
 [2.80368051e-01 8.13654131e-01 4.43576363e-01 ... 8.23236748e-03
  7.88476338e-06 2.08272268e-08]]
[ 1.52100942 -5.35632694  4.17690927 -2.6859476  -5.82426949  0.25238177
 -2.34290103  2.33231675 -5.7343885   1.24191114  1.57767394 -1.32174005
 -2.42109138  2.88694598  8.20978409  8.13958599 -4.44684112  1.56617241
 -1.02246174 -1.34438422  0.33978117  1.14571179  0.28645666  1.30408937
 -0.64990686 -1.29908858  0.3247641   0.5165946   0.39733059 -1.04064732
 -0.24648285 -3.07121105  0.62186399 -0.73716541  0.30881237  1.22298259
  1.7965783  -0.46362755 -0.09221897  0.14252545 -0.10856216  0.0974932
 -0.02225819  0.03278778  0.13409197 -0.07115147 -0.10214274 -0.0142837
  0.15553356 -0.18263704  0.28154057 -0.1583665   0.11690018 -0.12239515
 -0.14059761]
[[6.81313186e-01 2.64530872e-01 3.40239258e-01 ... 5.29871107e-03
  1.91223683e-03 2.58149598e-02]
 [6.81313186e-01 2.64530872e-01 3.40239258e-01 ... 5.29871107e-03
  1.91223683e-03 2.58149598e-02]
 [6.81313186e-01 2.64530872e-01 3.40239258e-01 ... 5.29871107e-03
  1.91223683e-03 2.58149598e-02]
 ...
 [2.11464231e-01 8.54076567e-01 4.43576363e-01 ... 8.95787474e-04
  4.16155708e-07 1.38711545e-11]
 [2.44971094e-01 8.38688024e-01 4.46272903e-01 ... 2.99211866e-03
  1.99588818e-06 6.52529150e-10]
 [2.80368051e-01 8.13654131e-01 4.43576363e-01 ... 8.23236748e-03
  7.88476338e-06 2.08272268e-08]]
[ 1.52100942 -5.35632694  4.17690927 -2.6859476  -5.82426949  0.25238177
 -2.34290103  2.33231675 -5.7343885   1.24191114  1.57767394 -1.32174005
 -2.42109138  2.88694598  8.20978409  8.13958599 -4.44684112  1.56617241
 -1.02246174 -1.34438422  0.33978117  1.14571179  0.28645666  1.30408937
 -0.64990686 -1.29908858  0.3247641   0.5165946   0.39733059 -1.04064732
 -0.24648285 -3.07121105  0.62186399 -0.73716541  0.30881237  1.22298259
  1.7965783  -0.46362755 -0.09221897  0.14252545 -0.10856216  0.0974932
 -0.02225819  0.03278778  0.13409197 -0.07115147 -0.10214274 -0.0142837
  0.15553356 -0.18263704  0.28154057 -0.1583665   0.11690018 -0.12239515
 -0.14059761]
[[6.81313186e-01 2.64530872e-01 3.40239258e-01 ... 5.29871107e-03
  1.91223683e-03 2.58149598e-02]
 [6.81313186e-01 2.64530872e-01 3.40239258e-01 ... 5.29871107e-03
  1.91223683e-03 2.58149598e-02]
 [6.81313186e-01 2.64530872e-01 3.40239258e-01 ... 5.29871107e-03
  1.91223683e-03 2.58149598e-02]
 ...
 [2.11464231e-01 8.54076567e-01 4.43576363e-01 ... 8.95787474e-04
  4.16155708e-07 1.38711545e-11]
 [2.44971094e-01 8.38688024e-01 4.46272903e-01 ... 2.99211866e-03
  1.99588818e-06 6.52529150e-10]
 [2.80368051e-01 8.13654131e-01 4.43576363e-01 ... 8.23236748e-03
  7.88476338e-06 2.08272268e-08]]
[ 1.52100942 -5.35632694  4.17690927 -2.6859476  -5.82426949  0.25238177
 -2.34290103  2.33231675 -5.7343885   1.24191114  1.57767394 -1.32174005
 -2.42109138  2.88694598  8.20978409  8.13958599 -4.44684112  1.56617241
 -1.02246174 -1.34438422  0.33978117  1.14571179  0.28645666  1.30408937
 -0.64990686 -1.29908858  0.3247641   0.5165946   0.39733059 -1.04064732
 -0.24648285 -3.07121105  0.62186399 -0.73716541  0.30881237  1.22298259
  1.7965783  -0.46362755 -0.09221897  0.14252545 -0.10856216  0.0974932
 -0.02225819  0.03278778  0.13409197 -0.07115147 -0.10214274 -0.0142837
  0.15553356 -0.18263704  0.28154057 -0.1583665   0.11690018 -0.12239515
 -0.14059761]
[[6.81313186e-01 2.64530872e-01 3.40239258e-01 ... 5.29871107e-03
  1.91223683e-03 2.58149598e-02]
 [6.81313186e-01 2.64530872e-01 3.40239258e-01 ... 5.29871107e-03
  1.91223683e-03 2.58149598e-02]
 [6.81313186e-01 2.64530872e-01 3.40239258e-01 ... 5.29871107e-03
  1.91223683e-03 2.58149598e-02]
 ...
 [2.11464231e-01 8.54076567e-01 4.43576363e-01 ... 8.95787474e-04
  4.16155708e-07 1.38711545e-11]
 [2.44971094e-01 8.38688024e-01 4.46272903e-01 ... 2.99211866e-03
  1.99588818e-06 6.52529150e-10]
 [2.80368051e-01 8.13654131e-01 4.43576363e-01 ... 8.23236748e-03
  7.88476338e-06 2.08272268e-08]]
[ 1.52100942 -5.35632694  4.17690927 -2.6859476  -5.82426949  0.25238177
 -2.34290103  2.33231675 -5.7343885   1.24191114  1.57767394 -1.32174005
 -2.42109138  2.88694598  8.20978409  8.13958599 -4.44684112  1.56617241
 -1.02246174 -1.34438422  0.33978117  1.14571179  0.28645666  1.30408937
 -0.64990686 -1.29908858  0.3247641   0.5165946   0.39733059 -1.04064732
 -0.24648285 -3.07121105  0.62186399 -0.73716541  0.30881237  1.22298259
  1.7965783  -0.46362755 -0.09221897  0.14252545 -0.10856216  0.0974932
 -0.02225819  0.03278778  0.13409197 -0.07115147 -0.10214274 -0.0142837
  0.15553356 -0.18263704  0.28154057 -0.1583665   0.11690018 -0.12239515
 -0.14059761]
[[6.81313186e-01 2.64530872e-01 3.40239258e-01 ... 5.29871107e-03
  1.91223683e-03 2.58149598e-02]
 [6.81313186e-01 2.64530872e-01 3.40239258e-01 ... 5.29871107e-03
  1.91223683e-03 2.58149598e-02]
 [6.81313186e-01 2.64530872e-01 3.40239258e-01 ... 5.29871107e-03
  1.91223683e-03 2.58149598e-02]
 ...
 [2.11464231e-01 8.54076567e-01 4.43576363e-01 ... 8.95787474e-04
  4.16155708e-07 1.38711545e-11]
 [2.44971094e-01 8.38688024e-01 4.46272903e-01 ... 2.99211866e-03
  1.99588818e-06 6.52529150e-10]
 [2.80368051e-01 8.13654131e-01 4.43576363e-01 ... 8.23236748e-03
  7.88476338e-06 2.08272268e-08]]
[ 1.52100942 -5.35632694  4.17690927 -2.6859476  -5.82426949  0.25238177
 -2.34290103  2.33231675 -5.7343885   1.24191114  1.57767394 -1.32174005
 -2.42109138  2.88694598  8.20978409  8.13958599 -4.44684112  1.56617241
 -1.02246174 -1.34438422  0.33978117  1.14571179  0.28645666  1.30408937
 -0.64990686 -1.29908858  0.3247641   0.5165946   0.39733059 -1.04064732
 -0.24648285 -3.07121105  0.62186399 -0.73716541  0.30881237  1.22298259
  1.7965783  -0.46362755 -0.09221897  0.14252545 -0.10856216  0.0974932
 -0.02225819  0.03278778  0.13409197 -0.07115147 -0.10214274 -0.0142837
  0.15553356 -0.18263704  0.28154057 -0.1583665   0.11690018 -0.12239515
 -0.14059761]
[[6.81313186e-01 2.64530872e-01 3.40239258e-01 ... 5.29871107e-03
  1.91223683e-03 2.58149598e-02]
 [6.81313186e-01 2.64530872e-01 3.40239258e-01 ... 5.29871107e-03
  1.91223683e-03 2.58149598e-02]
 [6.81313186e-01 2.64530872e-01 3.40239258e-01 ... 5.29871107e-03
  1.91223683e-03 2.58149598e-02]
 ...
 [2.11464231e-01 8.54076567e-01 4.43576363e-01 ... 8.95787474e-04
  4.16155708e-07 1.38711545e-11]
 [2.44971094e-01 8.38688024e-01 4.46272903e-01 ... 2.99211866e-03
  1.99588818e-06 6.52529150e-10]
 [2.80368051e-01 8.13654131e-01 4.43576363e-01 ... 8.23236748e-03
  7.88476338e-06 2.08272268e-08]]
[ 1.52100942 -5.35632694  4.17690927 -2.6859476  -5.82426949  0.25238177
 -2.34290103  2.33231675 -5.7343885   1.24191114  1.57767394 -1.32174005
 -2.42109138  2.88694598  8.20978409  8.13958599 -4.44684112  1.56617241
 -1.02246174 -1.34438422  0.33978117  1.14571179  0.28645666  1.30408937
 -0.64990686 -1.29908858  0.3247641   0.5165946   0.39733059 -1.04064732
 -0.24648285 -3.07121105  0.62186399 -0.73716541  0.30881237  1.22298259
  1.7965783  -0.46362755 -0.09221897  0.14252545 -0.10856216  0.0974932
 -0.02225819  0.03278778  0.13409197 -0.07115147 -0.10214274 -0.0142837
  0.15553356 -0.18263704  0.28154057 -0.1583665   0.11690018 -0.12239515
 -0.14059761]
[[6.81313186e-01 2.64530872e-01 3.40239258e-01 ... 5.29871107e-03
  1.91223683e-03 2.58149598e-02]
 [6.81313186e-01 2.64530872e-01 3.40239258e-01 ... 5.29871107e-03
  1.91223683e-03 2.58149598e-02]
 [6.81313186e-01 2.64530872e-01 3.40239258e-01 ... 5.29871107e-03
  1.91223683e-03 2.58149598e-02]
 ...
 [2.11464231e-01 8.54076567e-01 4.43576363e-01 ... 8.95787474e-04
  4.16155708e-07 1.38711545e-11]
 [2.44971094e-01 8.38688024e-01 4.46272903e-01 ... 2.99211866e-03
  1.99588818e-06 6.52529150e-10]
 [2.80368051e-01 8.13654131e-01 4.43576363e-01 ... 8.23236748e-03
  7.88476338e-06 2.08272268e-08]]
[ 1.52100942 -5.35632694  4.17690927 -2.6859476  -5.82426949  0.25238177
 -2.34290103  2.33231675 -5.7343885   1.24191114  1.57767394 -1.32174005
 -2.42109138  2.88694598  8.20978409  8.13958599 -4.44684112  1.56617241
 -1.02246174 -1.34438422  0.33978117  1.14571179  0.28645666  1.30408937
 -0.64990686 -1.29908858  0.3247641   0.5165946   0.39733059 -1.04064732
 -0.24648285 -3.07121105  0.62186399 -0.73716541  0.30881237  1.22298259
  1.7965783  -0.46362755 -0.09221897  0.14252545 -0.10856216  0.0974932
 -0.02225819  0.03278778  0.13409197 -0.07115147 -0.10214274 -0.0142837
  0.15553356 -0.18263704  0.28154057 -0.1583665   0.11690018 -0.12239515
 -0.14059761]
[[6.81313186e-01 2.64530872e-01 3.40239258e-01 ... 5.29871107e-03
  1.91223683e-03 2.58149598e-02]
 [6.81313186e-01 2.64530872e-01 3.40239258e-01 ... 5.29871107e-03
  1.91223683e-03 2.58149598e-02]
 [6.81313186e-01 2.64530872e-01 3.40239258e-01 ... 5.29871107e-03
  1.91223683e-03 2.58149598e-02]
 ...
 [2.11464231e-01 8.54076567e-01 4.43576363e-01 ... 8.95787474e-04
  4.16155708e-07 1.38711545e-11]
 [2.44971094e-01 8.38688024e-01 4.46272903e-01 ... 2.99211866e-03
  1.99588818e-06 6.52529150e-10]
 [2.80368051e-01 8.13654131e-01 4.43576363e-01 ... 8.23236748e-03
  7.88476338e-06 2.08272268e-08]]
[ 1.52100942 -5.35632694  4.17690927 -2.6859476  -5.82426949  0.25238177
 -2.34290103  2.33231675 -5.7343885   1.24191114  1.57767394 -1.32174005
 -2.42109138  2.88694598  8.20978409  8.13958599 -4.44684112  1.56617241
 -1.02246174 -1.34438422  0.33978117  1.14571179  0.28645666  1.30408937
 -0.64990686 -1.29908858  0.3247641   0.5165946   0.39733059 -1.04064732
 -0.24648285 -3.07121105  0.62186399 -0.73716541  0.30881237  1.22298259
  1.7965783  -0.46362755 -0.09221897  0.14252545 -0.10856216  0.0974932
 -0.02225819  0.03278778  0.13409197 -0.07115147 -0.10214274 -0.0142837
  0.15553356 -0.18263704  0.28154057 -0.1583665   0.11690018 -0.12239515
 -0.14059761]
[[0.00083008 0.06256914]
 [0.00185547 0.0610518 ]
 [0.00229492 0.06094309]
 [0.00234375 0.06093474]
 [0.00263672 0.06070511]
 [0.00268555 0.06062369]
 [0.00268555 0.06062369]
 [0.00268555 0.06062369]
 [0.00268555 0.06062369]
 [0.00268555 0.06062369]
 [0.00268555 0.06062369]
 [0.00268555 0.06062369]
 [0.00268555 0.06062369]]
