12
0.0001
rdot
MMA
sample
[[ 1.          0.97873908  0.76356524 ...  0.9782      0.59105727
   0.27531309]
 [ 1.          0.97873908  0.76356524 ...  0.9782      0.59105727
   0.37814505]
 [ 1.          0.97873908  0.76356524 ...  0.9782      0.59105727
   0.39295525]
 ...
 [ 0.10612479  0.9834187   0.93762584 ...  0.66369007  0.95890836
  -0.11330898]
 [ 0.17687465  0.9834187   0.93762584 ...  0.66369007  0.95890836
  -0.11745745]
 [ 0.24762451  0.9834187   0.93762584 ...  0.66369007  0.95890836
  -0.12113016]]
20480
4.322189851795332e-06
[[0.68131319 0.26453087 0.34023926 ... 0.85475478 0.59095655 0.89424476]
 [0.68131319 0.26453087 0.34023926 ... 0.85475478 0.59095655 0.89424476]
 [0.68131319 0.26453087 0.34023926 ... 0.85475478 0.59095655 0.89424476]
 ...
 [0.21146423 0.85407657 0.44357636 ... 0.28217164 0.7810577  0.32749481]
 [0.24497109 0.83868802 0.4462729  ... 0.31825745 0.82329783 0.37938691]
 [0.28036805 0.81365413 0.44357636 ... 0.35463335 0.85736664 0.4342062 ]]
[ 7.56140016e+00  4.71008737e+01  4.57958217e+00 -4.61728608e+01
  3.00470747e+01 -1.53920779e+00  1.67097199e+02  3.32643268e+01
  4.43310311e+01  2.23644912e+00 -8.57328510e+00  1.00895691e+02
 -4.68910891e+00 -4.37264184e+01 -3.05248570e+01  5.54144820e+01
 -5.99288604e+01  1.46716446e+01  1.13304799e+01  2.98745367e+00
  7.32496900e+01 -1.65875597e+02  2.94968578e+01  2.99742811e+00
 -6.27866743e+01 -1.13382557e-01 -9.06351074e+00 -2.04539564e+01
 -4.47778036e+00  5.20082381e+01  7.44822524e+01  8.98126562e+00
 -3.90689198e+00 -2.00877381e+01 -6.03615859e+01  3.53510182e+01
 -2.73430450e+01 -5.32685102e+00 -1.75885372e+01 -6.03190759e+01
  1.53518397e+01  1.62784484e+01  5.67852792e+00 -1.00005356e+02
 -1.26444365e+02  4.17480761e+00 -9.28185100e+01 -1.57060813e+01
  2.06947181e+01  5.35632836e+01 -4.09107200e+01  1.75553232e+02
 -5.86788405e+01 -2.21809305e+01 -2.26633026e+01  3.92538295e+01
  1.08968582e+01]
[[0.68131319 0.26453087 0.34023926 ... 0.5943728  0.17965099 0.26692552]
 [0.68131319 0.26453087 0.34023926 ... 0.5943728  0.17965099 0.26692552]
 [0.68131319 0.26453087 0.34023926 ... 0.5943728  0.17965099 0.26692552]
 ...
 [0.21146423 0.85407657 0.44357636 ... 0.15646722 0.24891402 0.48814706]
 [0.24497109 0.83868802 0.4462729  ... 0.20778014 0.25813215 0.51825774]
 [0.28036805 0.81365413 0.44357636 ... 0.26931231 0.2612801  0.53704717]]
[ 7.56140016e+00  4.71008737e+01  4.57958217e+00 -4.61728608e+01
  3.00470747e+01 -1.53920779e+00  1.67097199e+02  3.32643268e+01
  4.43310311e+01  2.23644912e+00 -8.57328510e+00  1.00895691e+02
 -4.68910891e+00 -4.37264184e+01 -3.05248570e+01  5.54144820e+01
 -5.99288604e+01  1.46716446e+01  1.13304799e+01  2.98745367e+00
  7.32496900e+01 -1.65875597e+02  2.94968578e+01  2.99742811e+00
 -6.27866743e+01 -1.13382557e-01 -9.06351074e+00 -2.04539564e+01
 -4.47778036e+00  5.20082381e+01  7.44822524e+01  8.98126562e+00
 -3.90689198e+00 -2.00877381e+01 -6.03615859e+01  3.53510182e+01
 -2.73430450e+01 -5.32685102e+00 -1.75885372e+01 -6.03190759e+01
  1.53518397e+01  1.62784484e+01  5.67852792e+00 -1.00005356e+02
 -1.26444365e+02  4.17480761e+00 -9.28185100e+01 -1.57060813e+01
  2.06947181e+01  5.35632836e+01 -4.09107200e+01  1.75553232e+02
 -5.86788405e+01 -2.21809305e+01 -2.26633026e+01  3.92538295e+01
  1.08968582e+01 -2.60460024e+00  3.03580685e+00  1.05660541e+00
 -1.00840980e+00 -5.66690759e+00  1.62110948e-01 -1.03027182e+00
  2.78756971e+00  6.57838305e-01  4.07549391e+00 -5.87310924e-01
  1.80138594e+00  3.48916798e-01  1.68146459e+00 -6.18010734e+00
  7.46646376e-01  1.70300902e+00 -1.35479375e+00 -3.26607427e+00
 -1.42016975e+01 -4.43336282e+00 -9.56277882e-01 -2.61893066e+00
  9.22627824e+00  1.28630151e+00  1.24800904e+00  6.73439017e+00
 -5.02399566e+00  5.66778481e-01 -3.19458305e+00  2.95185192e+00
  1.57997034e-01 -8.33224387e+00  2.59906249e+00  2.83275156e+00
  4.82151728e+00  9.59114606e+00 -6.23346557e+00 -3.62077432e+00
  2.32388942e+00  1.17136732e+01 -2.34765278e+00  2.36137292e+00
  1.14637527e+00  7.00339800e-01  2.56795477e+00 -1.14782057e+00
  5.14867376e+00  2.48026082e-01 -3.81034984e+00  7.04952256e+00
  1.35394444e+00  4.57946302e+00 -4.90220784e+00 -2.77305706e+00
 -1.49939649e+00  5.37436833e+00 -1.28316985e+00 -3.53446907e+00
 -3.85558171e+00  3.11193662e+00  1.77089585e+00 -2.14924615e+00
 -7.18443475e-01 -4.22790777e+00 -5.25477930e+00]
[[0.68131319 0.26453087 0.34023926 ... 0.28760473 0.31264077 0.14112462]
 [0.68131319 0.26453087 0.34023926 ... 0.28760473 0.31264077 0.14112462]
 [0.68131319 0.26453087 0.34023926 ... 0.28760473 0.31264077 0.14112462]
 ...
 [0.21146423 0.85407657 0.44357636 ... 0.10600444 0.07680093 0.19406393]
 [0.24497109 0.83868802 0.4462729  ... 0.14993597 0.10862962 0.2395743 ]
 [0.28036805 0.81365413 0.44357636 ... 0.20203687 0.14637707 0.28175957]]
[ 7.56140016e+00  4.71008737e+01  4.57958217e+00 -4.61728608e+01
  3.00470747e+01 -1.53920779e+00  1.67097199e+02  3.32643268e+01
  4.43310311e+01  2.23644912e+00 -8.57328510e+00  1.00895691e+02
 -4.68910891e+00 -4.37264184e+01 -3.05248570e+01  5.54144820e+01
 -5.99288604e+01  1.46716446e+01  1.13304799e+01  2.98745367e+00
  7.32496900e+01 -1.65875597e+02  2.94968578e+01  2.99742811e+00
 -6.27866743e+01 -1.13382557e-01 -9.06351074e+00 -2.04539564e+01
 -4.47778036e+00  5.20082381e+01  7.44822524e+01  8.98126562e+00
 -3.90689198e+00 -2.00877381e+01 -6.03615859e+01  3.53510182e+01
 -2.73430450e+01 -5.32685102e+00 -1.75885372e+01 -6.03190759e+01
  1.53518397e+01  1.62784484e+01  5.67852792e+00 -1.00005356e+02
 -1.26444365e+02  4.17480761e+00 -9.28185100e+01 -1.57060813e+01
  2.06947181e+01  5.35632836e+01 -4.09107200e+01  1.75553232e+02
 -5.86788405e+01 -2.21809305e+01 -2.26633026e+01  3.92538295e+01
  1.08968582e+01 -2.60460024e+00  3.03580685e+00  1.05660541e+00
 -1.00840980e+00 -5.66690759e+00  1.62110948e-01 -1.03027182e+00
  2.78756971e+00  6.57838305e-01  4.07549391e+00 -5.87310924e-01
  1.80138594e+00  3.48916798e-01  1.68146459e+00 -6.18010734e+00
  7.46646376e-01  1.70300902e+00 -1.35479375e+00 -3.26607427e+00
 -1.42016975e+01 -4.43336282e+00 -9.56277882e-01 -2.61893066e+00
  9.22627824e+00  1.28630151e+00  1.24800904e+00  6.73439017e+00
 -5.02399566e+00  5.66778481e-01 -3.19458305e+00  2.95185192e+00
  1.57997034e-01 -8.33224387e+00  2.59906249e+00  2.83275156e+00
  4.82151728e+00  9.59114606e+00 -6.23346557e+00 -3.62077432e+00
  2.32388942e+00  1.17136732e+01 -2.34765278e+00  2.36137292e+00
  1.14637527e+00  7.00339800e-01  2.56795477e+00 -1.14782057e+00
  5.14867376e+00  2.48026082e-01 -3.81034984e+00  7.04952256e+00
  1.35394444e+00  4.57946302e+00 -4.90220784e+00 -2.77305706e+00
 -1.49939649e+00  5.37436833e+00 -1.28316985e+00 -3.53446907e+00
 -3.85558171e+00  3.11193662e+00  1.77089585e+00 -2.14924615e+00
 -7.18443475e-01 -4.22790777e+00 -5.25477930e+00 -4.27486985e-01
 -2.42821961e+00  6.19468667e+00  3.21390584e-01  7.37256522e-01
 -4.29041519e+00  2.30592176e+00 -1.51909823e+00  3.67646616e+00
  4.24023457e-01 -2.96227927e-01  3.23565980e+00  1.52533496e-01
  8.13681955e-02  3.21264367e-01 -9.68028583e-01 -6.46820366e-01
 -1.34120736e+00 -4.20346939e+00  2.10889801e+00 -2.88399783e+00
 -1.77733088e+00 -4.89655066e-03  1.76713274e+00  5.89796323e+00
 -1.62445228e-01 -1.68127333e+00 -2.13720158e+00  4.59341806e-02
 -1.31578661e+00 -5.63875681e-01  1.91564887e+00 -6.71693054e-01
 -1.32383858e+00 -1.34813117e+00  9.95439830e-01 -1.49017283e-01
  3.62199989e+00 -2.26578558e-01  1.44824040e+00  3.43019461e-01
  2.26850062e+00 -2.71912056e+00 -1.06804510e+00 -5.25194033e+00
  6.72678342e-02 -2.08140032e+00 -1.09909660e-01  7.94026256e+00
  2.86901374e+00 -2.62829360e+00  1.99211362e+00  4.47247247e+00
  5.93240079e-01 -5.43650491e+00  7.22725357e-01 -1.67433026e+00
  4.67136736e+00 -8.45234913e-01  3.05931358e+00 -7.10674028e-01
  6.08514566e+00 -2.07859439e+00 -7.15594565e-01  9.13722672e-01
  1.47205633e+00 -8.69732954e-01 -2.38377660e+00 -2.03258610e+00
 -1.58221357e+00 -2.17455050e+00  2.82781055e+00  2.79900621e+00
 -4.01858763e-01  3.10404716e-02 -5.87268334e-01  1.68750662e+00
 -2.99550629e-01 -7.49265801e-01 -1.01783971e+00  3.64763577e+00
 -1.01795738e+01 -1.83473822e-01 -2.78717779e+00 -7.81985026e+00
  5.04107336e+00 -3.09067281e+00 -4.29548393e+00 -6.86941936e-01
 -3.53918056e+00  2.61952906e+00  3.53255291e+00 -1.52377489e+00
 -4.94554905e+00  3.60262248e+00 -2.79032464e+00 -4.88935967e+00
  2.70267751e+00 -3.99019125e-02 -1.81873637e+00  7.29756308e-01
  5.43093946e+00  4.19454700e-01  2.93033735e+00  1.83512630e+00
 -2.72318873e+00  2.63585266e+00  5.31989144e+00 -2.33002423e+00]
[[6.81313186e-01 2.64530872e-01 3.40239258e-01 ... 5.06293178e-04
  5.80339444e-02 1.52249328e-01]
 [6.81313186e-01 2.64530872e-01 3.40239258e-01 ... 5.06293178e-04
  5.80339444e-02 1.52249328e-01]
 [6.81313186e-01 2.64530872e-01 3.40239258e-01 ... 5.06293178e-04
  5.80339444e-02 1.52249328e-01]
 ...
 [2.11464231e-01 8.54076567e-01 4.43576363e-01 ... 2.42643588e-03
  9.48423989e-03 2.20192304e-02]
 [2.44971094e-01 8.38688024e-01 4.46272903e-01 ... 2.54698151e-03
  1.58306424e-02 4.40520050e-02]
 [2.80368051e-01 8.13654131e-01 4.43576363e-01 ... 2.42643588e-03
  2.39817353e-02 7.99862395e-02]]
[ 7.56140016e+00  4.71008737e+01  4.57958217e+00 -4.61728608e+01
  3.00470747e+01 -1.53920779e+00  1.67097199e+02  3.32643268e+01
  4.43310311e+01  2.23644912e+00 -8.57328510e+00  1.00895691e+02
 -4.68910891e+00 -4.37264184e+01 -3.05248570e+01  5.54144820e+01
 -5.99288604e+01  1.46716446e+01  1.13304799e+01  2.98745367e+00
  7.32496900e+01 -1.65875597e+02  2.94968578e+01  2.99742811e+00
 -6.27866743e+01 -1.13382557e-01 -9.06351074e+00 -2.04539564e+01
 -4.47778036e+00  5.20082381e+01  7.44822524e+01  8.98126562e+00
 -3.90689198e+00 -2.00877381e+01 -6.03615859e+01  3.53510182e+01
 -2.73430450e+01 -5.32685102e+00 -1.75885372e+01 -6.03190759e+01
  1.53518397e+01  1.62784484e+01  5.67852792e+00 -1.00005356e+02
 -1.26444365e+02  4.17480761e+00 -9.28185100e+01 -1.57060813e+01
  2.06947181e+01  5.35632836e+01 -4.09107200e+01  1.75553232e+02
 -5.86788405e+01 -2.21809305e+01 -2.26633026e+01  3.92538295e+01
  1.08968582e+01 -2.60460024e+00  3.03580685e+00  1.05660541e+00
 -1.00840980e+00 -5.66690759e+00  1.62110948e-01 -1.03027182e+00
  2.78756971e+00  6.57838305e-01  4.07549391e+00 -5.87310924e-01
  1.80138594e+00  3.48916798e-01  1.68146459e+00 -6.18010734e+00
  7.46646376e-01  1.70300902e+00 -1.35479375e+00 -3.26607427e+00
 -1.42016975e+01 -4.43336282e+00 -9.56277882e-01 -2.61893066e+00
  9.22627824e+00  1.28630151e+00  1.24800904e+00  6.73439017e+00
 -5.02399566e+00  5.66778481e-01 -3.19458305e+00  2.95185192e+00
  1.57997034e-01 -8.33224387e+00  2.59906249e+00  2.83275156e+00
  4.82151728e+00  9.59114606e+00 -6.23346557e+00 -3.62077432e+00
  2.32388942e+00  1.17136732e+01 -2.34765278e+00  2.36137292e+00
  1.14637527e+00  7.00339800e-01  2.56795477e+00 -1.14782057e+00
  5.14867376e+00  2.48026082e-01 -3.81034984e+00  7.04952256e+00
  1.35394444e+00  4.57946302e+00 -4.90220784e+00 -2.77305706e+00
 -1.49939649e+00  5.37436833e+00 -1.28316985e+00 -3.53446907e+00
 -3.85558171e+00  3.11193662e+00  1.77089585e+00 -2.14924615e+00
 -7.18443475e-01 -4.22790777e+00 -5.25477930e+00 -4.27486985e-01
 -2.42821961e+00  6.19468667e+00  3.21390584e-01  7.37256522e-01
 -4.29041519e+00  2.30592176e+00 -1.51909823e+00  3.67646616e+00
  4.24023457e-01 -2.96227927e-01  3.23565980e+00  1.52533496e-01
  8.13681955e-02  3.21264367e-01 -9.68028583e-01 -6.46820366e-01
 -1.34120736e+00 -4.20346939e+00  2.10889801e+00 -2.88399783e+00
 -1.77733088e+00 -4.89655066e-03  1.76713274e+00  5.89796323e+00
 -1.62445228e-01 -1.68127333e+00 -2.13720158e+00  4.59341806e-02
 -1.31578661e+00 -5.63875681e-01  1.91564887e+00 -6.71693054e-01
 -1.32383858e+00 -1.34813117e+00  9.95439830e-01 -1.49017283e-01
  3.62199989e+00 -2.26578558e-01  1.44824040e+00  3.43019461e-01
  2.26850062e+00 -2.71912056e+00 -1.06804510e+00 -5.25194033e+00
  6.72678342e-02 -2.08140032e+00 -1.09909660e-01  7.94026256e+00
  2.86901374e+00 -2.62829360e+00  1.99211362e+00  4.47247247e+00
  5.93240079e-01 -5.43650491e+00  7.22725357e-01 -1.67433026e+00
  4.67136736e+00 -8.45234913e-01  3.05931358e+00 -7.10674028e-01
  6.08514566e+00 -2.07859439e+00 -7.15594565e-01  9.13722672e-01
  1.47205633e+00 -8.69732954e-01 -2.38377660e+00 -2.03258610e+00
 -1.58221357e+00 -2.17455050e+00  2.82781055e+00  2.79900621e+00
 -4.01858763e-01  3.10404716e-02 -5.87268334e-01  1.68750662e+00
 -2.99550629e-01 -7.49265801e-01 -1.01783971e+00  3.64763577e+00
 -1.01795738e+01 -1.83473822e-01 -2.78717779e+00 -7.81985026e+00
  5.04107336e+00 -3.09067281e+00 -4.29548393e+00 -6.86941936e-01
 -3.53918056e+00  2.61952906e+00  3.53255291e+00 -1.52377489e+00
 -4.94554905e+00  3.60262248e+00 -2.79032464e+00 -4.88935967e+00
  2.70267751e+00 -3.99019125e-02 -1.81873637e+00  7.29756308e-01
  5.43093946e+00  4.19454700e-01  2.93033735e+00  1.83512630e+00
 -2.72318873e+00  2.63585266e+00  5.31989144e+00 -2.33002423e+00
  2.50106991e+00  9.87334044e-02 -2.29654401e+00 -4.82100435e-01
  1.73469401e-01 -5.51741842e-01 -4.78425778e-01  7.55729689e-01
 -4.10099200e-01 -6.03397735e-02  7.25751555e-01 -2.35441589e-01
  1.14126413e-01 -8.81206537e-01  3.52331656e-01 -7.37465921e-02
 -8.08352904e-01 -8.58817920e-03  2.31416953e-01  1.83856393e+00
 -2.39816377e+00 -8.15129805e-02  4.09407399e+00 -3.39362486e-03
 -4.74297469e-01  5.64820109e-02  2.12431067e-01 -9.64143005e-01
  3.88058221e-02  7.62660746e-01  4.06447881e-01 -3.73301607e-02
 -7.58627718e-01 -6.86004344e-02 -6.74781192e-01 -6.68862808e-01
  1.43184206e-01 -8.49865469e-02 -5.22609590e-01 -1.05315117e+00
  3.86435036e-01  2.57744485e-02  8.21174882e-01  1.46487153e-01
  1.03200825e+00 -4.26690660e-01  2.63223467e-01  1.34439903e-01
  2.92550775e-01 -1.89002998e-01 -3.38872858e-01 -6.50289739e-01
  4.50167552e+00 -1.05625478e+00  8.75166624e-02 -9.41169729e-03
  1.03555559e-01  1.07168169e-01 -5.51092093e-01 -5.17617810e-01
 -2.37476257e-01  3.03601078e-01  4.34953777e-01  1.42515609e-01
 -3.66678230e-01 -8.15969673e-01 -5.81250626e-01  2.96775581e-01
 -6.47595606e-01 -4.38289453e-02  3.40339705e-01  7.10486849e-01
 -9.22281610e-02  2.45374100e-01 -3.38180132e-01  2.79183556e-01
 -2.44762042e-01 -2.23500332e-01  3.63694604e-01 -7.83625055e-02
  1.55706361e-01  2.12841824e-01  2.52507410e-01  5.66620533e-01
 -1.77958596e+00 -9.31815061e-01  2.67099899e-01 -1.03199088e+00
 -8.02569211e-02  7.57468723e-01  1.22242088e-01 -4.09053044e-01
  1.51995107e+00  2.61284208e-01  1.37271319e-01  1.20130384e+00
 -1.47662082e+00  1.00257290e-01  1.01633609e+00  1.08388597e+00
  7.36397525e-01  1.42315149e-01  2.41068560e+00  1.71878265e-01
  6.27388771e-02 -8.60005698e-01  9.52559247e-01 -3.23553049e-01
  6.81101762e-01  2.91498727e+00  9.80651312e-01 -1.53870078e+00
  5.66817413e-01 -7.51014439e-01 -5.79867043e-02 -1.04429386e+00
 -3.49379873e-01 -2.55790341e+00 -2.61599673e-01 -2.48628707e-01
 -1.96126985e+00  1.27148443e+00  6.03651452e-01 -1.03032527e+00
  6.28689173e-01  9.36072157e-01 -4.91228027e-01  2.06396310e-01
 -1.15612737e+00 -1.55346992e+00  1.61007790e+00  3.54761126e-01
 -2.50740439e-01  4.12639958e-01  2.21107925e-01  7.28618737e-01
  4.84905950e-01  7.15483857e-01  5.46088350e+00 -1.63465981e-01
  1.51491224e-02 -5.98505631e-01 -6.94005801e+00 -5.42365864e-01
  3.33611186e-01  9.20218918e-02  4.46577482e-01  5.59770046e-01
  1.19311006e+01 -1.17153678e+01  2.18321633e+00  1.11097311e+00
 -7.27599385e+00 -1.01968844e+00 -4.99023915e-01  8.98266111e-01]
[[6.81313186e-01 2.64530872e-01 3.40239258e-01 ... 1.12773316e-09
  1.28379480e-04 8.96602183e-10]
 [6.81313186e-01 2.64530872e-01 3.40239258e-01 ... 1.12773316e-09
  1.28379480e-04 8.96602183e-10]
 [6.81313186e-01 2.64530872e-01 3.40239258e-01 ... 1.12773316e-09
  1.28379480e-04 8.96602183e-10]
 ...
 [2.11464231e-01 8.54076567e-01 4.43576363e-01 ... 3.34613078e-02
  2.03395944e-03 4.41812779e-02]
 [2.44971094e-01 8.38688024e-01 4.46272903e-01 ... 2.50150327e-02
  6.79385250e-03 3.30290771e-02]
 [2.80368051e-01 8.13654131e-01 4.43576363e-01 ... 1.54039234e-02
  1.86922702e-02 2.03388650e-02]]
[ 7.56140016e+00  4.71008737e+01  4.57958217e+00 -4.61728608e+01
  3.00470747e+01 -1.53920779e+00  1.67097199e+02  3.32643268e+01
  4.43310311e+01  2.23644912e+00 -8.57328510e+00  1.00895691e+02
 -4.68910891e+00 -4.37264184e+01 -3.05248570e+01  5.54144820e+01
 -5.99288604e+01  1.46716446e+01  1.13304799e+01  2.98745367e+00
  7.32496900e+01 -1.65875597e+02  2.94968578e+01  2.99742811e+00
 -6.27866743e+01 -1.13382557e-01 -9.06351074e+00 -2.04539564e+01
 -4.47778036e+00  5.20082381e+01  7.44822524e+01  8.98126562e+00
 -3.90689198e+00 -2.00877381e+01 -6.03615859e+01  3.53510182e+01
 -2.73430450e+01 -5.32685102e+00 -1.75885372e+01 -6.03190759e+01
  1.53518397e+01  1.62784484e+01  5.67852792e+00 -1.00005356e+02
 -1.26444365e+02  4.17480761e+00 -9.28185100e+01 -1.57060813e+01
  2.06947181e+01  5.35632836e+01 -4.09107200e+01  1.75553232e+02
 -5.86788405e+01 -2.21809305e+01 -2.26633026e+01  3.92538295e+01
  1.08968582e+01 -2.60460024e+00  3.03580685e+00  1.05660541e+00
 -1.00840980e+00 -5.66690759e+00  1.62110948e-01 -1.03027182e+00
  2.78756971e+00  6.57838305e-01  4.07549391e+00 -5.87310924e-01
  1.80138594e+00  3.48916798e-01  1.68146459e+00 -6.18010734e+00
  7.46646376e-01  1.70300902e+00 -1.35479375e+00 -3.26607427e+00
 -1.42016975e+01 -4.43336282e+00 -9.56277882e-01 -2.61893066e+00
  9.22627824e+00  1.28630151e+00  1.24800904e+00  6.73439017e+00
 -5.02399566e+00  5.66778481e-01 -3.19458305e+00  2.95185192e+00
  1.57997034e-01 -8.33224387e+00  2.59906249e+00  2.83275156e+00
  4.82151728e+00  9.59114606e+00 -6.23346557e+00 -3.62077432e+00
  2.32388942e+00  1.17136732e+01 -2.34765278e+00  2.36137292e+00
  1.14637527e+00  7.00339800e-01  2.56795477e+00 -1.14782057e+00
  5.14867376e+00  2.48026082e-01 -3.81034984e+00  7.04952256e+00
  1.35394444e+00  4.57946302e+00 -4.90220784e+00 -2.77305706e+00
 -1.49939649e+00  5.37436833e+00 -1.28316985e+00 -3.53446907e+00
 -3.85558171e+00  3.11193662e+00  1.77089585e+00 -2.14924615e+00
 -7.18443475e-01 -4.22790777e+00 -5.25477930e+00 -4.27486985e-01
 -2.42821961e+00  6.19468667e+00  3.21390584e-01  7.37256522e-01
 -4.29041519e+00  2.30592176e+00 -1.51909823e+00  3.67646616e+00
  4.24023457e-01 -2.96227927e-01  3.23565980e+00  1.52533496e-01
  8.13681955e-02  3.21264367e-01 -9.68028583e-01 -6.46820366e-01
 -1.34120736e+00 -4.20346939e+00  2.10889801e+00 -2.88399783e+00
 -1.77733088e+00 -4.89655066e-03  1.76713274e+00  5.89796323e+00
 -1.62445228e-01 -1.68127333e+00 -2.13720158e+00  4.59341806e-02
 -1.31578661e+00 -5.63875681e-01  1.91564887e+00 -6.71693054e-01
 -1.32383858e+00 -1.34813117e+00  9.95439830e-01 -1.49017283e-01
  3.62199989e+00 -2.26578558e-01  1.44824040e+00  3.43019461e-01
  2.26850062e+00 -2.71912056e+00 -1.06804510e+00 -5.25194033e+00
  6.72678342e-02 -2.08140032e+00 -1.09909660e-01  7.94026256e+00
  2.86901374e+00 -2.62829360e+00  1.99211362e+00  4.47247247e+00
  5.93240079e-01 -5.43650491e+00  7.22725357e-01 -1.67433026e+00
  4.67136736e+00 -8.45234913e-01  3.05931358e+00 -7.10674028e-01
  6.08514566e+00 -2.07859439e+00 -7.15594565e-01  9.13722672e-01
  1.47205633e+00 -8.69732954e-01 -2.38377660e+00 -2.03258610e+00
 -1.58221357e+00 -2.17455050e+00  2.82781055e+00  2.79900621e+00
 -4.01858763e-01  3.10404716e-02 -5.87268334e-01  1.68750662e+00
 -2.99550629e-01 -7.49265801e-01 -1.01783971e+00  3.64763577e+00
 -1.01795738e+01 -1.83473822e-01 -2.78717779e+00 -7.81985026e+00
  5.04107336e+00 -3.09067281e+00 -4.29548393e+00 -6.86941936e-01
 -3.53918056e+00  2.61952906e+00  3.53255291e+00 -1.52377489e+00
 -4.94554905e+00  3.60262248e+00 -2.79032464e+00 -4.88935967e+00
  2.70267751e+00 -3.99019125e-02 -1.81873637e+00  7.29756308e-01
  5.43093946e+00  4.19454700e-01  2.93033735e+00  1.83512630e+00
 -2.72318873e+00  2.63585266e+00  5.31989144e+00 -2.33002423e+00
  2.50106991e+00  9.87334044e-02 -2.29654401e+00 -4.82100435e-01
  1.73469401e-01 -5.51741842e-01 -4.78425778e-01  7.55729689e-01
 -4.10099200e-01 -6.03397735e-02  7.25751555e-01 -2.35441589e-01
  1.14126413e-01 -8.81206537e-01  3.52331656e-01 -7.37465921e-02
 -8.08352904e-01 -8.58817920e-03  2.31416953e-01  1.83856393e+00
 -2.39816377e+00 -8.15129805e-02  4.09407399e+00 -3.39362486e-03
 -4.74297469e-01  5.64820109e-02  2.12431067e-01 -9.64143005e-01
  3.88058221e-02  7.62660746e-01  4.06447881e-01 -3.73301607e-02
 -7.58627718e-01 -6.86004344e-02 -6.74781192e-01 -6.68862808e-01
  1.43184206e-01 -8.49865469e-02 -5.22609590e-01 -1.05315117e+00
  3.86435036e-01  2.57744485e-02  8.21174882e-01  1.46487153e-01
  1.03200825e+00 -4.26690660e-01  2.63223467e-01  1.34439903e-01
  2.92550775e-01 -1.89002998e-01 -3.38872858e-01 -6.50289739e-01
  4.50167552e+00 -1.05625478e+00  8.75166624e-02 -9.41169729e-03
  1.03555559e-01  1.07168169e-01 -5.51092093e-01 -5.17617810e-01
 -2.37476257e-01  3.03601078e-01  4.34953777e-01  1.42515609e-01
 -3.66678230e-01 -8.15969673e-01 -5.81250626e-01  2.96775581e-01
 -6.47595606e-01 -4.38289453e-02  3.40339705e-01  7.10486849e-01
 -9.22281610e-02  2.45374100e-01 -3.38180132e-01  2.79183556e-01
 -2.44762042e-01 -2.23500332e-01  3.63694604e-01 -7.83625055e-02
  1.55706361e-01  2.12841824e-01  2.52507410e-01  5.66620533e-01
 -1.77958596e+00 -9.31815061e-01  2.67099899e-01 -1.03199088e+00
 -8.02569211e-02  7.57468723e-01  1.22242088e-01 -4.09053044e-01
  1.51995107e+00  2.61284208e-01  1.37271319e-01  1.20130384e+00
 -1.47662082e+00  1.00257290e-01  1.01633609e+00  1.08388597e+00
  7.36397525e-01  1.42315149e-01  2.41068560e+00  1.71878265e-01
  6.27388771e-02 -8.60005698e-01  9.52559247e-01 -3.23553049e-01
  6.81101762e-01  2.91498727e+00  9.80651312e-01 -1.53870078e+00
  5.66817413e-01 -7.51014439e-01 -5.79867043e-02 -1.04429386e+00
 -3.49379873e-01 -2.55790341e+00 -2.61599673e-01 -2.48628707e-01
 -1.96126985e+00  1.27148443e+00  6.03651452e-01 -1.03032527e+00
  6.28689173e-01  9.36072157e-01 -4.91228027e-01  2.06396310e-01
 -1.15612737e+00 -1.55346992e+00  1.61007790e+00  3.54761126e-01
 -2.50740439e-01  4.12639958e-01  2.21107925e-01  7.28618737e-01
  4.84905950e-01  7.15483857e-01  5.46088350e+00 -1.63465981e-01
  1.51491224e-02 -5.98505631e-01 -6.94005801e+00 -5.42365864e-01
  3.33611186e-01  9.20218918e-02  4.46577482e-01  5.59770046e-01
  1.19311006e+01 -1.17153678e+01  2.18321633e+00  1.11097311e+00
 -7.27599385e+00 -1.01968844e+00 -4.99023915e-01  8.98266111e-01
  2.35267111e-01  5.35246644e-01 -2.52392344e-01  1.84219100e-01
 -6.70416059e-02  2.43638127e-01 -1.31296416e-01  9.01320652e-02
 -3.05257223e-01  9.07358494e-02  1.10809572e-01  8.45123060e-02
 -9.24536416e-02 -3.27629492e-03 -1.13218722e-01 -2.21203194e-01
  5.19109542e-02  9.76487883e-02 -8.74376194e-02 -1.16388897e-01
  4.06498713e-01 -3.21740573e-01 -1.50493934e-01 -1.02573201e-01
 -2.31328208e-02 -4.56717859e-01  2.49546914e-01 -5.13657490e-02
 -6.28006848e-02  4.34715080e-01  3.42412626e-02 -1.75605474e-01
  4.10550875e-01 -2.20007268e-01  1.06293189e-01  1.82819838e-02
 -4.85291536e-01 -6.63039805e-03  1.06811556e-01  3.88636382e-02
 -1.18426420e-02  3.01247807e-02 -6.67196461e-03 -9.70652212e-02
  5.08721226e-02 -4.13785407e-02  6.33566038e-02 -7.36868220e-02
 -6.71028297e-02 -1.95727738e-01  2.23392700e-01  2.02026221e-01
 -6.08384353e-01 -2.39099756e-01  1.89592453e-01 -1.59164091e-01
 -3.84516196e-02 -3.20641552e-02 -3.50113498e-01  5.35696172e-01
  5.16244621e-03 -3.68363203e-02  8.36256528e-02 -8.71734702e-02
 -1.19202403e-01 -1.94919067e-01  1.20069813e-01  6.71323531e-02
  2.59783802e-01  2.16489361e-02  3.50822364e-01 -5.60827102e-02
 -7.02068101e-02  6.74481826e-02 -2.82309998e-01 -5.18495645e-02
 -4.52915349e-02  1.64078775e-01 -3.62651910e-02 -2.20341392e-01
  1.30648372e-01 -5.52964384e-03 -4.61614652e-01  8.58295415e-02
 -1.61159445e-01  4.15696398e-02 -8.89914606e-02  8.14683022e-02
  4.40391135e-02 -4.43769607e-02  1.94545260e-01 -2.10283778e-01
  2.24850952e-01 -5.45331684e-02  2.08929225e-01 -4.41907819e-03
 -2.51259752e-01 -2.45547637e-01 -1.17538340e-01 -2.92464237e-01
 -2.33019353e-01 -1.56952580e-01  1.24667938e-01 -3.68620284e-02
 -6.67995993e-02  1.39408166e-01 -3.43965302e-02 -4.43180140e-02
  3.77776202e-02  2.34294890e-02 -2.24489277e-02  2.14845099e-01
  6.04341813e-02 -2.21039129e-01 -3.85589501e-01  1.25904471e-01
  2.18111518e-01 -9.76997785e-02  3.30102614e-01  5.81931721e-02
 -2.44347762e-02  4.53133977e-02 -5.41251063e-02 -5.60402118e-01
 -8.21340737e-01  8.57139050e-02 -4.76827295e-02  2.77343548e-01
  9.84488243e-02 -2.98523078e-02 -8.82967189e-02  7.68324763e-02
 -3.62536905e-01  5.04654620e-02 -5.68296568e-01  4.57318898e-01
  7.63794335e-02 -3.57949893e-02  2.23298239e-02 -9.13932896e-02
 -8.89240693e-02 -9.66063701e-02 -9.94615101e-02  9.18098228e-02
 -8.02711426e-02 -1.12710285e-01  1.31491665e-01  5.63902435e-01
  3.56101722e-01 -3.31970617e-01  1.72583004e-01 -5.78828080e-02
  2.58263569e-02  4.12572158e-03 -1.58832187e-03  1.49238584e-01
  4.48144582e-02  1.68258894e-01 -1.80180635e-01 -6.38348279e-02
 -9.77099304e-02  4.10147037e-03  5.45819928e-02  2.77601307e-02
  1.49429036e-01 -4.18745935e-02 -1.39467637e-01 -1.59822792e-02
  1.40342742e-01 -1.03010718e-01  2.27471824e-02  1.39567687e-02
  3.12166931e-01 -1.75594386e-01  7.57881311e-02  2.80000808e-01
  3.43646061e-01 -3.05880384e-02 -2.00041484e-01 -1.74635883e-01
 -1.54234348e-02 -1.08232185e-01 -7.48685902e-01  2.70753563e-01
  3.54732667e-01  4.17282043e-02  1.57845391e-01  2.31744266e-01
  3.21706593e-02 -1.85507763e-01 -5.37838239e-02 -4.26578348e-01
  1.62697199e-01  8.22763077e-02 -1.82264242e-01  3.33281203e-01
  8.30348600e-01  2.05145220e-02 -7.56576546e-02 -1.24550317e-01
 -4.52584989e-01  1.08942216e-01 -2.74246634e-01  4.20073385e-01
 -8.19629749e-02  3.00884150e-01  6.32814637e-02 -5.62577456e-02
  1.51264265e-01  1.44082099e-01 -2.26417452e-01  8.49428157e-02
 -3.47408771e-02  9.14756881e-01 -7.22513333e-01  6.57184827e-02
  2.84501251e-01  4.04747798e-01  3.77864686e-01 -5.96976791e-02
 -8.92645692e-02  7.76830088e-02]
[[6.81313186e-01 2.64530872e-01 3.40239258e-01 ... 3.79387676e-20
  1.76066277e-15 1.19410668e-11]
 [6.81313186e-01 2.64530872e-01 3.40239258e-01 ... 3.79387676e-20
  1.76066277e-15 1.19410668e-11]
 [6.81313186e-01 2.64530872e-01 3.40239258e-01 ... 3.79387676e-20
  1.76066277e-15 1.19410668e-11]
 ...
 [2.11464231e-01 8.54076567e-01 4.43576363e-01 ... 2.81260050e-02
  5.74500050e-05 2.64442038e-10]
 [2.44971094e-01 8.38688024e-01 4.46272903e-01 ... 1.57189807e-02
  4.73219008e-05 6.89052654e-10]
 [2.80368051e-01 8.13654131e-01 4.43576363e-01 ... 5.96053070e-03
  2.64471276e-05 1.21819986e-09]]
[ 7.56140016e+00  4.71008737e+01  4.57958217e+00 -4.61728608e+01
  3.00470747e+01 -1.53920779e+00  1.67097199e+02  3.32643268e+01
  4.43310311e+01  2.23644912e+00 -8.57328510e+00  1.00895691e+02
 -4.68910891e+00 -4.37264184e+01 -3.05248570e+01  5.54144820e+01
 -5.99288604e+01  1.46716446e+01  1.13304799e+01  2.98745367e+00
  7.32496900e+01 -1.65875597e+02  2.94968578e+01  2.99742811e+00
 -6.27866743e+01 -1.13382557e-01 -9.06351074e+00 -2.04539564e+01
 -4.47778036e+00  5.20082381e+01  7.44822524e+01  8.98126562e+00
 -3.90689198e+00 -2.00877381e+01 -6.03615859e+01  3.53510182e+01
 -2.73430450e+01 -5.32685102e+00 -1.75885372e+01 -6.03190759e+01
  1.53518397e+01  1.62784484e+01  5.67852792e+00 -1.00005356e+02
 -1.26444365e+02  4.17480761e+00 -9.28185100e+01 -1.57060813e+01
  2.06947181e+01  5.35632836e+01 -4.09107200e+01  1.75553232e+02
 -5.86788405e+01 -2.21809305e+01 -2.26633026e+01  3.92538295e+01
  1.08968582e+01 -2.60460024e+00  3.03580685e+00  1.05660541e+00
 -1.00840980e+00 -5.66690759e+00  1.62110948e-01 -1.03027182e+00
  2.78756971e+00  6.57838305e-01  4.07549391e+00 -5.87310924e-01
  1.80138594e+00  3.48916798e-01  1.68146459e+00 -6.18010734e+00
  7.46646376e-01  1.70300902e+00 -1.35479375e+00 -3.26607427e+00
 -1.42016975e+01 -4.43336282e+00 -9.56277882e-01 -2.61893066e+00
  9.22627824e+00  1.28630151e+00  1.24800904e+00  6.73439017e+00
 -5.02399566e+00  5.66778481e-01 -3.19458305e+00  2.95185192e+00
  1.57997034e-01 -8.33224387e+00  2.59906249e+00  2.83275156e+00
  4.82151728e+00  9.59114606e+00 -6.23346557e+00 -3.62077432e+00
  2.32388942e+00  1.17136732e+01 -2.34765278e+00  2.36137292e+00
  1.14637527e+00  7.00339800e-01  2.56795477e+00 -1.14782057e+00
  5.14867376e+00  2.48026082e-01 -3.81034984e+00  7.04952256e+00
  1.35394444e+00  4.57946302e+00 -4.90220784e+00 -2.77305706e+00
 -1.49939649e+00  5.37436833e+00 -1.28316985e+00 -3.53446907e+00
 -3.85558171e+00  3.11193662e+00  1.77089585e+00 -2.14924615e+00
 -7.18443475e-01 -4.22790777e+00 -5.25477930e+00 -4.27486985e-01
 -2.42821961e+00  6.19468667e+00  3.21390584e-01  7.37256522e-01
 -4.29041519e+00  2.30592176e+00 -1.51909823e+00  3.67646616e+00
  4.24023457e-01 -2.96227927e-01  3.23565980e+00  1.52533496e-01
  8.13681955e-02  3.21264367e-01 -9.68028583e-01 -6.46820366e-01
 -1.34120736e+00 -4.20346939e+00  2.10889801e+00 -2.88399783e+00
 -1.77733088e+00 -4.89655066e-03  1.76713274e+00  5.89796323e+00
 -1.62445228e-01 -1.68127333e+00 -2.13720158e+00  4.59341806e-02
 -1.31578661e+00 -5.63875681e-01  1.91564887e+00 -6.71693054e-01
 -1.32383858e+00 -1.34813117e+00  9.95439830e-01 -1.49017283e-01
  3.62199989e+00 -2.26578558e-01  1.44824040e+00  3.43019461e-01
  2.26850062e+00 -2.71912056e+00 -1.06804510e+00 -5.25194033e+00
  6.72678342e-02 -2.08140032e+00 -1.09909660e-01  7.94026256e+00
  2.86901374e+00 -2.62829360e+00  1.99211362e+00  4.47247247e+00
  5.93240079e-01 -5.43650491e+00  7.22725357e-01 -1.67433026e+00
  4.67136736e+00 -8.45234913e-01  3.05931358e+00 -7.10674028e-01
  6.08514566e+00 -2.07859439e+00 -7.15594565e-01  9.13722672e-01
  1.47205633e+00 -8.69732954e-01 -2.38377660e+00 -2.03258610e+00
 -1.58221357e+00 -2.17455050e+00  2.82781055e+00  2.79900621e+00
 -4.01858763e-01  3.10404716e-02 -5.87268334e-01  1.68750662e+00
 -2.99550629e-01 -7.49265801e-01 -1.01783971e+00  3.64763577e+00
 -1.01795738e+01 -1.83473822e-01 -2.78717779e+00 -7.81985026e+00
  5.04107336e+00 -3.09067281e+00 -4.29548393e+00 -6.86941936e-01
 -3.53918056e+00  2.61952906e+00  3.53255291e+00 -1.52377489e+00
 -4.94554905e+00  3.60262248e+00 -2.79032464e+00 -4.88935967e+00
  2.70267751e+00 -3.99019125e-02 -1.81873637e+00  7.29756308e-01
  5.43093946e+00  4.19454700e-01  2.93033735e+00  1.83512630e+00
 -2.72318873e+00  2.63585266e+00  5.31989144e+00 -2.33002423e+00
  2.50106991e+00  9.87334044e-02 -2.29654401e+00 -4.82100435e-01
  1.73469401e-01 -5.51741842e-01 -4.78425778e-01  7.55729689e-01
 -4.10099200e-01 -6.03397735e-02  7.25751555e-01 -2.35441589e-01
  1.14126413e-01 -8.81206537e-01  3.52331656e-01 -7.37465921e-02
 -8.08352904e-01 -8.58817920e-03  2.31416953e-01  1.83856393e+00
 -2.39816377e+00 -8.15129805e-02  4.09407399e+00 -3.39362486e-03
 -4.74297469e-01  5.64820109e-02  2.12431067e-01 -9.64143005e-01
  3.88058221e-02  7.62660746e-01  4.06447881e-01 -3.73301607e-02
 -7.58627718e-01 -6.86004344e-02 -6.74781192e-01 -6.68862808e-01
  1.43184206e-01 -8.49865469e-02 -5.22609590e-01 -1.05315117e+00
  3.86435036e-01  2.57744485e-02  8.21174882e-01  1.46487153e-01
  1.03200825e+00 -4.26690660e-01  2.63223467e-01  1.34439903e-01
  2.92550775e-01 -1.89002998e-01 -3.38872858e-01 -6.50289739e-01
  4.50167552e+00 -1.05625478e+00  8.75166624e-02 -9.41169729e-03
  1.03555559e-01  1.07168169e-01 -5.51092093e-01 -5.17617810e-01
 -2.37476257e-01  3.03601078e-01  4.34953777e-01  1.42515609e-01
 -3.66678230e-01 -8.15969673e-01 -5.81250626e-01  2.96775581e-01
 -6.47595606e-01 -4.38289453e-02  3.40339705e-01  7.10486849e-01
 -9.22281610e-02  2.45374100e-01 -3.38180132e-01  2.79183556e-01
 -2.44762042e-01 -2.23500332e-01  3.63694604e-01 -7.83625055e-02
  1.55706361e-01  2.12841824e-01  2.52507410e-01  5.66620533e-01
 -1.77958596e+00 -9.31815061e-01  2.67099899e-01 -1.03199088e+00
 -8.02569211e-02  7.57468723e-01  1.22242088e-01 -4.09053044e-01
  1.51995107e+00  2.61284208e-01  1.37271319e-01  1.20130384e+00
 -1.47662082e+00  1.00257290e-01  1.01633609e+00  1.08388597e+00
  7.36397525e-01  1.42315149e-01  2.41068560e+00  1.71878265e-01
  6.27388771e-02 -8.60005698e-01  9.52559247e-01 -3.23553049e-01
  6.81101762e-01  2.91498727e+00  9.80651312e-01 -1.53870078e+00
  5.66817413e-01 -7.51014439e-01 -5.79867043e-02 -1.04429386e+00
 -3.49379873e-01 -2.55790341e+00 -2.61599673e-01 -2.48628707e-01
 -1.96126985e+00  1.27148443e+00  6.03651452e-01 -1.03032527e+00
  6.28689173e-01  9.36072157e-01 -4.91228027e-01  2.06396310e-01
 -1.15612737e+00 -1.55346992e+00  1.61007790e+00  3.54761126e-01
 -2.50740439e-01  4.12639958e-01  2.21107925e-01  7.28618737e-01
  4.84905950e-01  7.15483857e-01  5.46088350e+00 -1.63465981e-01
  1.51491224e-02 -5.98505631e-01 -6.94005801e+00 -5.42365864e-01
  3.33611186e-01  9.20218918e-02  4.46577482e-01  5.59770046e-01
  1.19311006e+01 -1.17153678e+01  2.18321633e+00  1.11097311e+00
 -7.27599385e+00 -1.01968844e+00 -4.99023915e-01  8.98266111e-01
  2.35267111e-01  5.35246644e-01 -2.52392344e-01  1.84219100e-01
 -6.70416059e-02  2.43638127e-01 -1.31296416e-01  9.01320652e-02
 -3.05257223e-01  9.07358494e-02  1.10809572e-01  8.45123060e-02
 -9.24536416e-02 -3.27629492e-03 -1.13218722e-01 -2.21203194e-01
  5.19109542e-02  9.76487883e-02 -8.74376194e-02 -1.16388897e-01
  4.06498713e-01 -3.21740573e-01 -1.50493934e-01 -1.02573201e-01
 -2.31328208e-02 -4.56717859e-01  2.49546914e-01 -5.13657490e-02
 -6.28006848e-02  4.34715080e-01  3.42412626e-02 -1.75605474e-01
  4.10550875e-01 -2.20007268e-01  1.06293189e-01  1.82819838e-02
 -4.85291536e-01 -6.63039805e-03  1.06811556e-01  3.88636382e-02
 -1.18426420e-02  3.01247807e-02 -6.67196461e-03 -9.70652212e-02
  5.08721226e-02 -4.13785407e-02  6.33566038e-02 -7.36868220e-02
 -6.71028297e-02 -1.95727738e-01  2.23392700e-01  2.02026221e-01
 -6.08384353e-01 -2.39099756e-01  1.89592453e-01 -1.59164091e-01
 -3.84516196e-02 -3.20641552e-02 -3.50113498e-01  5.35696172e-01
  5.16244621e-03 -3.68363203e-02  8.36256528e-02 -8.71734702e-02
 -1.19202403e-01 -1.94919067e-01  1.20069813e-01  6.71323531e-02
  2.59783802e-01  2.16489361e-02  3.50822364e-01 -5.60827102e-02
 -7.02068101e-02  6.74481826e-02 -2.82309998e-01 -5.18495645e-02
 -4.52915349e-02  1.64078775e-01 -3.62651910e-02 -2.20341392e-01
  1.30648372e-01 -5.52964384e-03 -4.61614652e-01  8.58295415e-02
 -1.61159445e-01  4.15696398e-02 -8.89914606e-02  8.14683022e-02
  4.40391135e-02 -4.43769607e-02  1.94545260e-01 -2.10283778e-01
  2.24850952e-01 -5.45331684e-02  2.08929225e-01 -4.41907819e-03
 -2.51259752e-01 -2.45547637e-01 -1.17538340e-01 -2.92464237e-01
 -2.33019353e-01 -1.56952580e-01  1.24667938e-01 -3.68620284e-02
 -6.67995993e-02  1.39408166e-01 -3.43965302e-02 -4.43180140e-02
  3.77776202e-02  2.34294890e-02 -2.24489277e-02  2.14845099e-01
  6.04341813e-02 -2.21039129e-01 -3.85589501e-01  1.25904471e-01
  2.18111518e-01 -9.76997785e-02  3.30102614e-01  5.81931721e-02
 -2.44347762e-02  4.53133977e-02 -5.41251063e-02 -5.60402118e-01
 -8.21340737e-01  8.57139050e-02 -4.76827295e-02  2.77343548e-01
  9.84488243e-02 -2.98523078e-02 -8.82967189e-02  7.68324763e-02
 -3.62536905e-01  5.04654620e-02 -5.68296568e-01  4.57318898e-01
  7.63794335e-02 -3.57949893e-02  2.23298239e-02 -9.13932896e-02
 -8.89240693e-02 -9.66063701e-02 -9.94615101e-02  9.18098228e-02
 -8.02711426e-02 -1.12710285e-01  1.31491665e-01  5.63902435e-01
  3.56101722e-01 -3.31970617e-01  1.72583004e-01 -5.78828080e-02
  2.58263569e-02  4.12572158e-03 -1.58832187e-03  1.49238584e-01
  4.48144582e-02  1.68258894e-01 -1.80180635e-01 -6.38348279e-02
 -9.77099304e-02  4.10147037e-03  5.45819928e-02  2.77601307e-02
  1.49429036e-01 -4.18745935e-02 -1.39467637e-01 -1.59822792e-02
  1.40342742e-01 -1.03010718e-01  2.27471824e-02  1.39567687e-02
  3.12166931e-01 -1.75594386e-01  7.57881311e-02  2.80000808e-01
  3.43646061e-01 -3.05880384e-02 -2.00041484e-01 -1.74635883e-01
 -1.54234348e-02 -1.08232185e-01 -7.48685902e-01  2.70753563e-01
  3.54732667e-01  4.17282043e-02  1.57845391e-01  2.31744266e-01
  3.21706593e-02 -1.85507763e-01 -5.37838239e-02 -4.26578348e-01
  1.62697199e-01  8.22763077e-02 -1.82264242e-01  3.33281203e-01
  8.30348600e-01  2.05145220e-02 -7.56576546e-02 -1.24550317e-01
 -4.52584989e-01  1.08942216e-01 -2.74246634e-01  4.20073385e-01
 -8.19629749e-02  3.00884150e-01  6.32814637e-02 -5.62577456e-02
  1.51264265e-01  1.44082099e-01 -2.26417452e-01  8.49428157e-02
 -3.47408771e-02  9.14756881e-01 -7.22513333e-01  6.57184827e-02
  2.84501251e-01  4.04747798e-01  3.77864686e-01 -5.96976791e-02
 -8.92645692e-02  7.76830088e-02  7.79412656e-02 -8.79345519e-02
 -1.36956614e-02  6.39659562e-02 -8.90431086e-02  8.94181812e-02
 -4.99263348e-02 -1.06371595e-01  1.04407205e-01 -1.83263131e-02
  4.36799864e-02  9.07302669e-02  1.86058548e-02  5.90347281e-01
 -2.88520064e-01 -5.25233322e-03  3.12571286e-02  1.50572685e-01
 -2.04900705e+00  5.90555261e-02  2.60845920e-02 -2.23213049e-02
  1.94136440e-01 -7.08022343e-02  7.69890145e-02 -4.09502825e-02
 -4.93281547e-02 -1.44093165e-02 -6.92036745e-01  2.87462348e-01
  2.25176564e-02 -1.45120677e-02 -2.35150851e-02  9.84193770e-02
 -1.75622300e-02 -9.74759508e-02 -8.62383843e-02  5.51020821e-02
 -2.69993907e+00  1.45776182e-02 -2.53712543e-02  3.32426876e-02
 -5.43844918e-02 -3.45801433e+00  4.03359938e-02  5.89717045e-02
 -1.02355408e-01 -2.79125437e-02 -4.85551237e-03  2.88843107e-02
  7.15121630e-02 -1.45832731e-02 -3.99382210e-02  3.71956482e-02
  4.44464873e-02  4.41398498e-02 -1.45801201e-01  5.36637637e-02
  6.80469776e-02  1.66774976e-01  2.68240666e-02  1.10004358e+00
  1.79450290e-01 -1.44638211e-01 -1.55727132e-01 -2.77323575e-02
  1.11497191e-01  3.34646526e-02  9.47986265e-02 -5.50101493e-02
  1.19482440e-01 -2.04801751e-02  1.76172848e-02 -1.62952247e-02
  6.73604653e-02  6.61250799e-03  8.09254422e-03 -1.89028967e-02
  1.29522193e-02 -8.36838868e-02  1.42505646e-01  8.89439930e-02
 -5.48768505e-02 -3.07278009e-02  1.39821291e-01  1.89490020e-01
 -2.00071828e-01  1.33093178e-01 -7.74866211e-03 -1.80013737e-02
 -2.48978668e-02 -8.44647260e-02 -3.50721283e-02 -1.12990025e+00
 -8.20269595e-03 -7.87376410e-03 -9.00659249e-02  3.44384233e-02
  2.88852206e-01  1.00215054e-02  1.42273154e-03 -3.92189692e-03
 -3.01908548e-02  2.42866084e-01 -1.67415995e-02 -3.25393581e-02
  1.78735297e-02 -2.61109893e-02  6.86650739e-01  3.07412050e-02
  4.64407438e-02 -1.05741278e-02 -1.13936179e-02 -2.11337619e-01
  2.75472223e-03 -1.66461529e-01 -2.45050829e-02  1.36064340e+00
 -8.74228746e-01 -2.76490000e-02  3.47393691e-02  1.81433527e-02
  4.73475666e-02  5.16188269e-02 -6.89795414e-02  4.39814802e-03
  3.50777974e-02 -5.63007827e-02  1.51635169e-02 -5.69561449e-02
  3.49424866e-02 -2.49520127e-02  1.07015036e-02 -2.00378065e+00
 -8.87729404e-03 -8.74769378e-02  4.25515671e-02  1.04008846e-01
  1.65376833e-01 -7.74109091e-02  6.52042526e-02 -7.57227956e-02
 -1.83153530e-01  7.27747927e-02  1.92319215e-02  3.45332458e-02
 -2.95534994e-03 -6.91319696e-02  3.23370586e-02 -1.43361948e-02
 -1.62699564e-02  1.64447080e-01 -1.34553592e-01 -2.60194440e-02
 -5.08577354e-02  2.96953815e-02  1.48474379e-02 -7.06405899e-03
 -2.11247434e-02  6.18241032e-02 -9.20896334e-03  1.84429847e-02
  1.57923626e-01  1.00641448e-02 -6.88687254e-03 -4.96761706e-01
 -2.30232453e-02  1.65384716e-02 -1.91934522e-02  1.85877711e-02
  2.51471607e-02  5.30882083e-02 -1.47220971e-02  3.45802386e-02
 -2.33031443e-02 -1.15932230e-01 -4.41564971e-02  6.52570222e-02
 -3.07441985e-02 -1.30239123e-01  1.42721210e-01 -1.20420400e-02
 -3.34843525e-01 -1.65879713e-01  9.94049612e-02 -1.61458889e-01
 -5.72747689e-02 -1.33498210e-01  6.56593770e-02  9.16772420e-02
 -6.16910054e-02  3.55521871e-02 -3.71149754e-03 -2.02872530e-02
 -4.93435822e-02  2.35890260e-02 -4.53338567e-02  2.35860887e-02
  9.41112970e-02 -9.64205408e-02  2.71120345e-01 -1.89693046e-01
  2.03521683e-01 -1.35409070e-01  6.79913019e-02 -5.00224201e-02
 -3.20071627e-01  7.29085679e-01  1.46871170e-02 -4.53619829e-02
 -1.10420074e-01 -4.71581843e-01  2.56742754e-02  4.71312532e-01
  1.80970904e-02 -2.74062329e-02  6.35816690e-02  2.75765515e-02
 -3.89057238e-02 -4.46144148e-01  4.71477124e-02 -1.52176114e-02
  1.53751877e-01 -8.47253818e-02 -2.63364620e-02  1.58920441e-02
 -6.80026123e-02  3.89028368e-02 -6.95265950e-01  4.08128465e-02
 -4.45327940e-02  4.33169275e-02  1.07354960e+00  1.04870275e+00
  3.12003258e+00 -5.85182826e-01  5.79585862e-02  2.24393060e-02
  5.48501028e-02 -1.44210062e-01 -1.40499299e-02  2.75383641e-02
 -2.15853004e-02  3.59652382e-02 -1.46339816e-01  9.95639145e-02
  1.97370147e-02 -1.46558365e-02  6.85187546e-02 -2.90718112e-02
  5.23611012e-03 -5.88765722e-02  2.44769224e-02 -1.56737485e-02
  4.46541045e-02  4.55200352e-02  8.08920801e-03  4.61049150e-02
  2.17069099e-02 -8.23540854e-01  3.97635720e-01  6.05745564e-01
 -1.07691252e-01 -3.45929881e-02 -4.41226715e-02 -8.96589404e-02
  4.51270124e-02  5.04059884e-02  2.08050111e-01  1.85824802e-02
  2.58018959e-01 -1.27183283e-02 -1.26911414e+00  3.17441470e-03
  1.54656933e-01 -1.44016142e-02 -6.28839034e-01  2.68974749e-01
 -2.97133957e-02  1.96495894e-03  1.25704928e-01 -1.49062797e-01
 -2.61672824e-01  1.86914736e-01  2.71784181e-02 -1.89953191e-02
 -3.71326976e-02 -8.54976056e-02  4.23825512e-02  2.64715848e-02
 -4.76434131e-02  6.48098050e-02  6.45101945e-02  3.62880092e+00
  1.05000884e+00 -2.35844064e-02  2.15261742e+00 -1.37586526e-01
  1.37022767e-02 -1.40644832e-02 -2.42390303e-02  1.81582585e-02
 -2.45581498e-02  1.34382947e-01 -1.79722369e-01 -1.08842832e-01
  7.66345222e-02 -4.25918949e-02 -2.88947359e-02 -3.49124841e-02
  1.04265326e-02 -1.60483881e-02  2.10911485e-02]
[[6.81313186e-01 2.64530872e-01 3.40239258e-01 ... 1.09956742e-08
  7.88280809e-10 9.15557372e-17]
 [6.81313186e-01 2.64530872e-01 3.40239258e-01 ... 1.09956742e-08
  7.88280809e-10 9.15557372e-17]
 [6.81313186e-01 2.64530872e-01 3.40239258e-01 ... 1.09956742e-08
  7.88280809e-10 9.15557372e-17]
 ...
 [2.11464231e-01 8.54076567e-01 4.43576363e-01 ... 1.11223895e-21
  6.43902248e-13 6.93687830e-08]
 [2.44971094e-01 8.38688024e-01 4.46272903e-01 ... 1.21320040e-18
  8.01521632e-11 9.75100367e-07]
 [2.80368051e-01 8.13654131e-01 4.43576363e-01 ... 6.09193740e-16
  4.59302695e-09 6.30990765e-06]]
[ 7.56140016e+00  4.71008737e+01  4.57958217e+00 ...  5.52945336e-03
  9.43753273e-03 -8.24430113e-03]
[[6.81313186e-01 2.64530872e-01 3.40239258e-01 ... 4.80256032e-18
  1.28381578e-41 6.43375979e-11]
 [6.81313186e-01 2.64530872e-01 3.40239258e-01 ... 4.80256032e-18
  1.28381578e-41 6.43375979e-11]
 [6.81313186e-01 2.64530872e-01 3.40239258e-01 ... 4.80256032e-18
  1.28381578e-41 6.43375979e-11]
 ...
 [2.11464231e-01 8.54076567e-01 4.43576363e-01 ... 6.46204463e-32
  5.40788943e-20 4.97235032e-49]
 [2.44971094e-01 8.38688024e-01 4.46272903e-01 ... 4.25585340e-27
  5.54322472e-19 1.39188873e-43]
 [2.80368051e-01 8.13654131e-01 4.43576363e-01 ... 5.93991518e-23
  1.20413185e-18 8.25703633e-39]]
[ 7.56140016e+00  4.71008737e+01  4.57958217e+00 ... -2.58430251e-02
 -8.84745644e-03  1.10638636e-01]
[[6.81313186e-001 2.64530872e-001 3.40239258e-001 ... 2.14775153e-053
  4.22054026e-038 1.77452683e-024]
 [6.81313186e-001 2.64530872e-001 3.40239258e-001 ... 2.14775153e-053
  4.22054026e-038 1.77452683e-024]
 [6.81313186e-001 2.64530872e-001 3.40239258e-001 ... 2.14775153e-053
  4.22054026e-038 1.77452683e-024]
 ...
 [2.11464231e-001 8.54076567e-001 4.43576363e-001 ... 2.24784275e-050
  4.96800028e-052 6.28182111e-104]
 [2.44971094e-001 8.38688024e-001 4.46272903e-001 ... 1.76137377e-039
  2.15483998e-042 2.39360915e-089]
 [2.80368051e-001 8.13654131e-001 4.43576363e-001 ... 6.19856101e-030
  4.19761104e-034 4.09613877e-076]]
[ 7.56140016e+00  4.71008737e+01  4.57958217e+00 ... -1.54732589e-02
 -1.10944360e-02  9.53440982e-03]
[[6.81313186e-001 2.64530872e-001 3.40239258e-001 ... 1.74052565e-057
  1.42031948e-101 2.54314626e-092]
 [6.81313186e-001 2.64530872e-001 3.40239258e-001 ... 1.74052565e-057
  1.42031948e-101 2.54314626e-092]
 [6.81313186e-001 2.64530872e-001 3.40239258e-001 ... 1.74052565e-057
  1.42031948e-101 2.54314626e-092]
 ...
 [2.11464231e-001 8.54076567e-001 4.43576363e-001 ... 3.87993056e-138
  3.51333488e-250 1.40438156e-180]
 [2.44971094e-001 8.38688024e-001 4.46272903e-001 ... 2.38229287e-116
  2.02526567e-233 2.43910065e-166]
 [2.80368051e-001 8.13654131e-001 4.43576363e-001 ... 2.95035218e-097
  2.35478884e-219 8.54440531e-155]]
[ 7.56140016e+00  4.71008737e+01  4.57958217e+00 ... -1.15913267e-02
  1.15684465e-02 -1.15425426e-02]
[[6.81313186e-001 2.64530872e-001 3.40239258e-001 ... 1.24248598e-064
  0.00000000e+000 5.75654585e-156]
 [6.81313186e-001 2.64530872e-001 3.40239258e-001 ... 1.24248598e-064
  0.00000000e+000 5.75654585e-156]
 [6.81313186e-001 2.64530872e-001 3.40239258e-001 ... 1.24248598e-064
  0.00000000e+000 5.75654585e-156]
 ...
 [2.11464231e-001 8.54076567e-001 4.43576363e-001 ... 3.71756431e-299
  4.42026429e-031 0.00000000e+000]
 [2.44971094e-001 8.38688024e-001 4.46272903e-001 ... 1.49282753e-250
  5.38673596e-023 0.00000000e+000]
 [2.80368051e-001 8.13654131e-001 4.43576363e-001 ... 2.43879785e-207
  2.67065735e-020 0.00000000e+000]]
[ 7.56140016e+00  4.71008737e+01  4.57958217e+00 ...  5.43421900e-03
 -5.41735365e-03  2.01328949e-03]
[[6.81313186e-001 2.64530872e-001 3.40239258e-001 ... 0.00000000e+000
  0.00000000e+000 0.00000000e+000]
 [6.81313186e-001 2.64530872e-001 3.40239258e-001 ... 0.00000000e+000
  0.00000000e+000 0.00000000e+000]
 [6.81313186e-001 2.64530872e-001 3.40239258e-001 ... 0.00000000e+000
  0.00000000e+000 0.00000000e+000]
 ...
 [2.11464231e-001 8.54076567e-001 4.43576363e-001 ... 3.33979760e-312
  0.00000000e+000 2.93297345e-136]
 [2.44971094e-001 8.38688024e-001 4.46272903e-001 ... 1.80321688e-275
  0.00000000e+000 7.20930003e-131]
 [2.80368051e-001 8.13654131e-001 4.43576363e-001 ... 1.61140919e-249
  0.00000000e+000 2.93297346e-136]]
[ 7.56140016e+00  4.71008737e+01  4.57958217e+00 ...  3.56524057e-03
 -3.56434540e-03 -3.54021291e-03]
[[6.81313186e-001 2.64530872e-001 3.40239258e-001 ... 0.00000000e+000
  0.00000000e+000 0.00000000e+000]
 [6.81313186e-001 2.64530872e-001 3.40239258e-001 ... 0.00000000e+000
  0.00000000e+000 0.00000000e+000]
 [6.81313186e-001 2.64530872e-001 3.40239258e-001 ... 0.00000000e+000
  0.00000000e+000 0.00000000e+000]
 ...
 [2.11464231e-001 8.54076567e-001 4.43576363e-001 ... 3.33979760e-312
  0.00000000e+000 2.93297345e-136]
 [2.44971094e-001 8.38688024e-001 4.46272903e-001 ... 1.80321688e-275
  0.00000000e+000 7.20930003e-131]
 [2.80368051e-001 8.13654131e-001 4.43576363e-001 ... 1.61140919e-249
  0.00000000e+000 2.93297346e-136]]
[ 7.56140016e+00  4.71008737e+01  4.57958217e+00 ...  3.56524057e-03
 -3.56434540e-03 -3.54021291e-03]
[[0.0027832  0.0594061 ]
 [0.00600586 0.05894106]
 [0.01132812 0.05834836]
 [0.01894531 0.05788664]
 [0.02978516 0.05765514]
 [0.04506836 0.05748027]
 [0.06416016 0.0572289 ]
 [0.08198242 0.05713415]
 [0.09580078 0.05687371]
 [0.10361328 0.05667804]
 [0.11357422 0.0566505 ]
 [0.12045898 0.05664986]
 [0.12045898 0.05664986]]
