sparseRep_1.py:65: FutureWarning: arrays to stack must be passed as a "sequence" type such as list or tuple. Support for non-sequence iterables such as generators is deprecated as of NumPy 1.16 and will raise an error in the future.
  Data = np.vstack((boundary for boundary in boundaries))
[[5.85712217e-02 8.60000000e-03 1.55402297e+04 ... 6.32475349e+05
  6.39360520e+00 2.52597914e+05]
 [6.28194029e-02 8.60000000e-03 1.55402297e+04 ... 6.32475349e+05
  6.39360520e+00 2.57833967e+05]
 [6.37000290e-02 8.60000000e-03 1.55402297e+04 ... 6.32475349e+05
  6.39360520e+00 2.58141518e+05]
 ...
 [1.84028445e-02 9.12673192e-04 1.55511258e+04 ... 7.20195736e+05
  6.89843433e+00 0.00000000e+00]
 [1.90314074e-02 1.52112199e-03 1.55511258e+04 ... 7.20195736e+05
  6.89843433e+00 5.06169195e+04]
 [1.96599704e-02 2.12957078e-03 1.55511258e+04 ... 7.20195736e+05
  6.89843433e+00 1.45617970e+05]]
[[0.70590027 1.         0.98425392 ... 0.60404715 0.41521124 0.08399836]
 [0.75709935 1.         0.98425392 ... 0.60404715 0.41521124 0.08573955]
 [0.76771265 1.         0.98425392 ... 0.60404715 0.41521124 0.08584182]
 ...
 [0.22179105 0.10612479 0.98494404 ... 0.68782473 0.44799568 0.        ]
 [0.22936649 0.17687465 0.98494404 ... 0.68782473 0.44799568 0.01683204]
 [0.23694193 0.24762451 0.98494404 ... 0.68782473 0.44799568 0.04842348]]
0.00017385015307749344
1
2
[[0.36596292 0.66451961 0.31376389 ... 0.30548882 0.31852297 0.86017933]
 [0.37503496 0.63977898 0.29930539 ... 0.31306174 0.32641899 0.82890923]
 [0.37672332 0.63439601 0.29621949 ... 0.31447111 0.3278885  0.82209025]
 ...
 [0.52446076 0.40667461 0.83708435 ... 0.41185475 0.4652152  0.4465243 ]
 [0.52359068 0.4519379  0.82583672 ... 0.41117148 0.46444341 0.49821648]
 [0.51802907 0.49772996 0.8074255  ... 0.40680399 0.45951006 0.55090205]]
[-4.95908977  4.62612538  0.69159387  3.82567106 -3.89080496  1.08645718
  2.49219534  2.92707917  3.64151167  1.67794176 -3.3904491  -5.48892232
  2.90789865 -4.14615862  0.19071646 -3.74466138  2.9950761  -1.37391929
 -0.52277375  2.98476171 -2.67786639  0.86108432]
[[0.36596292 0.66451961 0.31376389 ... 0.13286137 0.15195708 0.20782689]
 [0.37503496 0.63977898 0.29930539 ... 0.13953015 0.13846633 0.21825843]
 [0.37672332 0.63439601 0.29621949 ... 0.14078927 0.13566467 0.220228  ]
 ...
 [0.52446076 0.40667461 0.83708435 ... 0.22582302 0.84357355 0.21180683]
 [0.52359068 0.4519379  0.82583672 ... 0.22507437 0.83599997 0.22099306]
 [0.51802907 0.49772996 0.8074255  ... 0.22031826 0.81368478 0.22645604]]
[ -4.95908977   4.62612538   0.69159387   3.82567106  -3.89080496
   1.08645718   2.49219534   2.92707917   3.64151167   1.67794176
  -3.3904491   -5.48892232   2.90789865  -4.14615862   0.19071646
  -3.74466138   2.9950761   -1.37391929  -0.52277375   2.98476171
  -2.67786639   0.86108432  -1.74566192   1.66183537   0.01877331
   0.41489771  -0.83064019   0.17583954  -0.866974    -0.07818694
  -0.32014861  -0.09941289  -2.75476324   0.32546089  -3.90173174
  -0.49726005   1.10135666 -10.72508249  -1.37077289  -0.09764333
  -1.20993603   0.3463211   -0.12987029   5.17939641   7.43829408
  -4.42551236  -1.30836489  -1.66115465   6.24730137  -0.1778838
   0.18967369  -0.43873975  -1.56094959  -1.23009165   3.88616972
   2.04369983   1.15608503   1.97087223   1.75476893   0.92411252
   2.89609613   0.90215906  -2.79185074]
[[0.36596292 0.66451961 0.31376389 ... 0.11536793 0.00552452 0.7976578 ]
 [0.37503496 0.63977898 0.29930539 ... 0.09948486 0.00609303 0.73526008]
 [0.37672332 0.63439601 0.29621949 ... 0.0962514  0.0062035  0.72126155]
 ...
 [0.52446076 0.40667461 0.83708435 ... 0.01329874 0.0271626  0.03083776]
 [0.52359068 0.4519379  0.82583672 ... 0.02061116 0.0269828  0.04826792]
 [0.51802907 0.49772996 0.8074255  ... 0.03081255 0.02585448 0.07287316]]
[ -4.95908977   4.62612538   0.69159387   3.82567106  -3.89080496
   1.08645718   2.49219534   2.92707917   3.64151167   1.67794176
  -3.3904491   -5.48892232   2.90789865  -4.14615862   0.19071646
  -3.74466138   2.9950761   -1.37391929  -0.52277375   2.98476171
  -2.67786639   0.86108432  -1.74566192   1.66183537   0.01877331
   0.41489771  -0.83064019   0.17583954  -0.866974    -0.07818694
  -0.32014861  -0.09941289  -2.75476324   0.32546089  -3.90173174
  -0.49726005   1.10135666 -10.72508249  -1.37077289  -0.09764333
  -1.20993603   0.3463211   -0.12987029   5.17939641   7.43829408
  -4.42551236  -1.30836489  -1.66115465   6.24730137  -0.1778838
   0.18967369  -0.43873975  -1.56094959  -1.23009165   3.88616972
   2.04369983   1.15608503   1.97087223   1.75476893   0.92411252
   2.89609613   0.90215906  -2.79185074  -1.11318112   0.61110085
   0.38074661  -0.38923663   0.20833035  -2.66975965  -0.27161196
   0.41896925   0.16266222  -0.0782092    0.98661516   1.08624459
  -0.19269156  -0.10826492   0.150125    -0.51630861   0.08014006
  -0.07861842  -0.31240977   0.52553207  -0.38930856  -0.03877694
   0.06789266  -0.24210007   0.18582618  -0.45801118   1.08854234
  -0.79238998  -0.74193433   1.53482249  -0.41852387   0.25415338
  -2.31838606   1.13903304   0.19627125  -0.17146434  -0.15945531
   0.08367005  -0.60688813   1.79678734   0.34492105   1.83293282
  -0.70311961  -0.84698336  -0.46515122  -1.28382116  -0.38849598
   0.53830025  -0.47139149  -0.11888186   0.22631891  -0.02360588
   2.03897631   0.15576183]
[[3.65962916e-01 6.64519614e-01 3.13763892e-01 ... 2.28054724e-02
  9.04145027e-02 9.50337045e-02]
 [3.75034956e-01 6.39778981e-01 2.99305389e-01 ... 2.77406149e-02
  1.09980302e-01 1.15599090e-01]
 [3.76723322e-01 6.34396010e-01 2.96219494e-01 ... 2.87555763e-02
  1.14004202e-01 1.19828565e-01]
 ...
 [5.24460758e-01 4.06674608e-01 8.37084354e-01 ... 2.48113565e-03
  3.50478928e-04 4.41661719e-05]
 [5.23590682e-01 4.51937902e-01 8.25836720e-01 ... 3.87147766e-03
  7.12052054e-04 9.61073230e-05]
 [5.18029069e-01 4.97729960e-01 8.07425504e-01 ... 5.62042924e-03
  1.34594729e-03 1.94576183e-04]]
[-4.95908977e+00  4.62612538e+00  6.91593875e-01  3.82567106e+00
 -3.89080496e+00  1.08645718e+00  2.49219534e+00  2.92707917e+00
  3.64151167e+00  1.67794176e+00 -3.39044910e+00 -5.48892232e+00
  2.90789865e+00 -4.14615862e+00  1.90716464e-01 -3.74466138e+00
  2.99507610e+00 -1.37391929e+00 -5.22773746e-01  2.98476171e+00
 -2.67786639e+00  8.61084324e-01 -1.74566192e+00  1.66183537e+00
  1.87733097e-02  4.14897715e-01 -8.30640191e-01  1.75839535e-01
 -8.66974002e-01 -7.81869445e-02 -3.20148612e-01 -9.94128862e-02
 -2.75476324e+00  3.25460894e-01 -3.90173174e+00 -4.97260048e-01
  1.10135666e+00 -1.07250825e+01 -1.37077289e+00 -9.76433267e-02
 -1.20993603e+00  3.46321099e-01 -1.29870288e-01  5.17939641e+00
  7.43829408e+00 -4.42551236e+00 -1.30836489e+00 -1.66115465e+00
  6.24730137e+00 -1.77883800e-01  1.89673686e-01 -4.38739747e-01
 -1.56094959e+00 -1.23009165e+00  3.88616972e+00  2.04369983e+00
  1.15608503e+00  1.97087223e+00  1.75476893e+00  9.24112523e-01
  2.89609613e+00  9.02159062e-01 -2.79185074e+00 -1.11318112e+00
  6.11100849e-01  3.80746613e-01 -3.89236633e-01  2.08330349e-01
 -2.66975965e+00 -2.71611957e-01  4.18969248e-01  1.62662217e-01
 -7.82091992e-02  9.86615163e-01  1.08624459e+00 -1.92691561e-01
 -1.08264924e-01  1.50125005e-01 -5.16308606e-01  8.01400604e-02
 -7.86184155e-02 -3.12409770e-01  5.25532067e-01 -3.89308556e-01
 -3.87769386e-02  6.78926579e-02 -2.42100068e-01  1.85826183e-01
 -4.58011185e-01  1.08854234e+00 -7.92389983e-01 -7.41934331e-01
  1.53482249e+00 -4.18523866e-01  2.54153379e-01 -2.31838606e+00
  1.13903304e+00  1.96271249e-01 -1.71464337e-01 -1.59455305e-01
  8.36700472e-02 -6.06888130e-01  1.79678734e+00  3.44921049e-01
  1.83293282e+00 -7.03119605e-01 -8.46983357e-01 -4.65151222e-01
 -1.28382116e+00 -3.88495980e-01  5.38300249e-01 -4.71391492e-01
 -1.18881863e-01  2.26318913e-01 -2.36058833e-02  2.03897631e+00
  1.55761830e-01 -6.03963390e-01  1.32305549e+00  9.28773949e-02
 -2.34280010e-01 -4.60901795e-01  3.92066936e-01 -2.31286926e-01
  1.77236547e-01 -6.08318881e-01  1.02142538e+00 -1.77887460e-01
 -1.72147293e-01  8.53345179e-02 -3.23356725e-01 -1.11537131e-01
  2.34881640e-01 -2.67795087e-01  4.38171874e-02  1.16619771e-01
 -4.79057109e-01 -1.46136216e-01  1.94397325e-01  4.08127320e-01
 -2.67939864e-01  5.48390402e-03 -3.73735497e-02  1.90467510e-02
 -8.89320350e-02 -3.37259391e-01 -2.65832535e-01  1.61805423e-01
  6.24023200e-02 -5.79058830e-02  2.63188001e-02 -2.42909473e-01
 -6.72744473e-02 -4.73453636e-01 -4.70390443e-01 -1.14354825e-01
 -3.34143366e-01 -6.64358594e-01 -6.25919297e-02  4.74155076e-01
  8.11975653e-02 -3.72639577e-02  3.14662947e-02  4.02800407e-02
 -4.10596255e-01 -7.10931143e-02 -3.84805086e-02  4.46573257e-02
  1.79513233e-01  3.48856281e-01  1.26995717e-01  6.72122268e-02
 -5.32200394e-02  3.34810904e-02  1.25180525e-01  2.35358856e-01
  1.29573297e-01  8.87560593e-02  6.26135231e-01 -4.46960711e-02
  4.43379542e-01 -6.92640705e-01  4.86559602e-01  1.00447441e-01]
[[3.65962916e-01 6.64519614e-01 3.13763892e-01 ... 7.77056539e-06
  4.50110583e-10 2.66287012e-04]
 [3.75034956e-01 6.39778981e-01 2.99305389e-01 ... 1.14975890e-05
  6.65999555e-10 3.94007061e-04]
 [3.76723322e-01 6.34396010e-01 2.96219494e-01 ... 1.23543185e-05
  7.15625930e-10 4.23366013e-04]
 ...
 [5.24460758e-01 4.06674608e-01 8.37084354e-01 ... 1.05810027e-06
  8.66646579e-07 2.49550344e-06]
 [5.23590682e-01 4.51937902e-01 8.25836720e-01 ... 2.14391329e-06
  8.43926465e-07 6.07590075e-06]
 [5.18029069e-01 4.97729960e-01 8.07425504e-01 ... 3.76028325e-06
  7.11377528e-07 1.28054878e-05]]
[-4.95908977e+00  4.62612538e+00  6.91593875e-01  3.82567106e+00
 -3.89080496e+00  1.08645718e+00  2.49219534e+00  2.92707917e+00
  3.64151167e+00  1.67794176e+00 -3.39044910e+00 -5.48892232e+00
  2.90789865e+00 -4.14615862e+00  1.90716464e-01 -3.74466138e+00
  2.99507610e+00 -1.37391929e+00 -5.22773746e-01  2.98476171e+00
 -2.67786639e+00  8.61084324e-01 -1.74566192e+00  1.66183537e+00
  1.87733097e-02  4.14897715e-01 -8.30640191e-01  1.75839535e-01
 -8.66974002e-01 -7.81869445e-02 -3.20148612e-01 -9.94128862e-02
 -2.75476324e+00  3.25460894e-01 -3.90173174e+00 -4.97260048e-01
  1.10135666e+00 -1.07250825e+01 -1.37077289e+00 -9.76433267e-02
 -1.20993603e+00  3.46321099e-01 -1.29870288e-01  5.17939641e+00
  7.43829408e+00 -4.42551236e+00 -1.30836489e+00 -1.66115465e+00
  6.24730137e+00 -1.77883800e-01  1.89673686e-01 -4.38739747e-01
 -1.56094959e+00 -1.23009165e+00  3.88616972e+00  2.04369983e+00
  1.15608503e+00  1.97087223e+00  1.75476893e+00  9.24112523e-01
  2.89609613e+00  9.02159062e-01 -2.79185074e+00 -1.11318112e+00
  6.11100849e-01  3.80746613e-01 -3.89236633e-01  2.08330349e-01
 -2.66975965e+00 -2.71611957e-01  4.18969248e-01  1.62662217e-01
 -7.82091992e-02  9.86615163e-01  1.08624459e+00 -1.92691561e-01
 -1.08264924e-01  1.50125005e-01 -5.16308606e-01  8.01400604e-02
 -7.86184155e-02 -3.12409770e-01  5.25532067e-01 -3.89308556e-01
 -3.87769386e-02  6.78926579e-02 -2.42100068e-01  1.85826183e-01
 -4.58011185e-01  1.08854234e+00 -7.92389983e-01 -7.41934331e-01
  1.53482249e+00 -4.18523866e-01  2.54153379e-01 -2.31838606e+00
  1.13903304e+00  1.96271249e-01 -1.71464337e-01 -1.59455305e-01
  8.36700472e-02 -6.06888130e-01  1.79678734e+00  3.44921049e-01
  1.83293282e+00 -7.03119605e-01 -8.46983357e-01 -4.65151222e-01
 -1.28382116e+00 -3.88495980e-01  5.38300249e-01 -4.71391492e-01
 -1.18881863e-01  2.26318913e-01 -2.36058833e-02  2.03897631e+00
  1.55761830e-01 -6.03963390e-01  1.32305549e+00  9.28773949e-02
 -2.34280010e-01 -4.60901795e-01  3.92066936e-01 -2.31286926e-01
  1.77236547e-01 -6.08318881e-01  1.02142538e+00 -1.77887460e-01
 -1.72147293e-01  8.53345179e-02 -3.23356725e-01 -1.11537131e-01
  2.34881640e-01 -2.67795087e-01  4.38171874e-02  1.16619771e-01
 -4.79057109e-01 -1.46136216e-01  1.94397325e-01  4.08127320e-01
 -2.67939864e-01  5.48390402e-03 -3.73735497e-02  1.90467510e-02
 -8.89320350e-02 -3.37259391e-01 -2.65832535e-01  1.61805423e-01
  6.24023200e-02 -5.79058830e-02  2.63188001e-02 -2.42909473e-01
 -6.72744473e-02 -4.73453636e-01 -4.70390443e-01 -1.14354825e-01
 -3.34143366e-01 -6.64358594e-01 -6.25919297e-02  4.74155076e-01
  8.11975653e-02 -3.72639577e-02  3.14662947e-02  4.02800407e-02
 -4.10596255e-01 -7.10931143e-02 -3.84805086e-02  4.46573257e-02
  1.79513233e-01  3.48856281e-01  1.26995717e-01  6.72122268e-02
 -5.32200394e-02  3.34810904e-02  1.25180525e-01  2.35358856e-01
  1.29573297e-01  8.87560593e-02  6.26135231e-01 -4.46960711e-02
  4.43379542e-01 -6.92640705e-01  4.86559602e-01  1.00447441e-01
 -1.95783687e-01  2.80597104e-01  1.15868858e-01 -2.30863600e-01
 -1.52938033e-01  1.84585483e-01  2.20908152e-01 -1.13692356e-01
 -3.19995359e-01  9.58306681e-02  1.96085632e-01 -3.03320164e-01
  6.31344151e-02  1.07780162e-01  2.89773164e-01 -2.19613274e-03
 -4.42274949e-01  9.58534345e-02 -1.43880547e-01  6.32347478e-01
 -6.38278499e-02 -7.30478249e-02  1.03026658e-02 -5.43475997e-02
  2.49952594e-02 -3.66466417e-01  2.33201224e-01 -2.58200170e-01
  5.30454869e-02  2.97407459e-01 -7.86303995e-03 -1.64127199e-01
  1.61057713e-01 -1.60942066e-01 -1.05856837e-01 -4.55881121e-01
  2.31717535e-01 -7.63547816e-02  1.95922961e-02  1.46011978e-01
  3.28865517e-02 -4.19517266e-02 -2.83973280e-02 -2.80441932e-02
  4.39389675e-01  2.06995731e-01 -2.08036085e-01 -1.09617434e-01
  5.61462856e-02  2.82993763e-01  1.90706275e-01  1.08500028e-01
 -5.75087850e-02  2.74041177e-01 -3.07651788e-01  2.75339359e-01
 -1.03290307e-01 -1.15863080e-01  1.75781972e-01 -1.12625110e-01
 -7.11828703e-02 -4.08098299e-02  2.00636824e-01  9.73063379e-02
 -9.79028165e-02 -2.31167113e-01  4.50938211e-02  3.24235048e-02
 -3.41647197e-02 -1.86432496e-02 -4.47173363e-01  3.66283489e-02
 -3.34922066e-01 -2.48024922e-02 -2.35127464e-01 -2.13990158e-02
  1.72310033e-02  1.28184601e-01  5.69185981e-02 -4.47575791e-02
  2.19764986e-02 -1.37420880e-01  5.13927252e-01 -3.71298874e-01
  5.07438231e-02 -2.16900650e-01  1.39937597e-01  1.99355280e-01
  1.00492536e-01]
[[3.65962916e-01 6.64519614e-01 3.13763892e-01 ... 1.43762960e-06
  2.64474785e-08 1.39970701e-11]
 [3.75034956e-01 6.39778981e-01 2.99305389e-01 ... 1.50262113e-06
  6.51432997e-09 3.30530735e-12]
 [3.76723322e-01 6.34396010e-01 2.96219494e-01 ... 1.48836665e-06
  4.78197919e-09 2.40521581e-12]
 ...
 [5.24460758e-01 4.06674608e-01 8.37084354e-01 ... 2.64184143e-19
  7.26669206e-03 2.22224811e-01]
 [5.23590682e-01 4.51937902e-01 8.25836720e-01 ... 1.05493995e-17
  1.94249652e-02 3.42604985e-01]
 [5.18029069e-01 4.97729960e-01 8.07425504e-01 ... 3.15656433e-16
  3.89089626e-02 3.95786268e-01]]
[-4.95908977e+00  4.62612538e+00  6.91593875e-01  3.82567106e+00
 -3.89080496e+00  1.08645718e+00  2.49219534e+00  2.92707917e+00
  3.64151167e+00  1.67794176e+00 -3.39044910e+00 -5.48892232e+00
  2.90789865e+00 -4.14615862e+00  1.90716464e-01 -3.74466138e+00
  2.99507610e+00 -1.37391929e+00 -5.22773746e-01  2.98476171e+00
 -2.67786639e+00  8.61084324e-01 -1.74566192e+00  1.66183537e+00
  1.87733097e-02  4.14897715e-01 -8.30640191e-01  1.75839535e-01
 -8.66974002e-01 -7.81869445e-02 -3.20148612e-01 -9.94128862e-02
 -2.75476324e+00  3.25460894e-01 -3.90173174e+00 -4.97260048e-01
  1.10135666e+00 -1.07250825e+01 -1.37077289e+00 -9.76433267e-02
 -1.20993603e+00  3.46321099e-01 -1.29870288e-01  5.17939641e+00
  7.43829408e+00 -4.42551236e+00 -1.30836489e+00 -1.66115465e+00
  6.24730137e+00 -1.77883800e-01  1.89673686e-01 -4.38739747e-01
 -1.56094959e+00 -1.23009165e+00  3.88616972e+00  2.04369983e+00
  1.15608503e+00  1.97087223e+00  1.75476893e+00  9.24112523e-01
  2.89609613e+00  9.02159062e-01 -2.79185074e+00 -1.11318112e+00
  6.11100849e-01  3.80746613e-01 -3.89236633e-01  2.08330349e-01
 -2.66975965e+00 -2.71611957e-01  4.18969248e-01  1.62662217e-01
 -7.82091992e-02  9.86615163e-01  1.08624459e+00 -1.92691561e-01
 -1.08264924e-01  1.50125005e-01 -5.16308606e-01  8.01400604e-02
 -7.86184155e-02 -3.12409770e-01  5.25532067e-01 -3.89308556e-01
 -3.87769386e-02  6.78926579e-02 -2.42100068e-01  1.85826183e-01
 -4.58011185e-01  1.08854234e+00 -7.92389983e-01 -7.41934331e-01
  1.53482249e+00 -4.18523866e-01  2.54153379e-01 -2.31838606e+00
  1.13903304e+00  1.96271249e-01 -1.71464337e-01 -1.59455305e-01
  8.36700472e-02 -6.06888130e-01  1.79678734e+00  3.44921049e-01
  1.83293282e+00 -7.03119605e-01 -8.46983357e-01 -4.65151222e-01
 -1.28382116e+00 -3.88495980e-01  5.38300249e-01 -4.71391492e-01
 -1.18881863e-01  2.26318913e-01 -2.36058833e-02  2.03897631e+00
  1.55761830e-01 -6.03963390e-01  1.32305549e+00  9.28773949e-02
 -2.34280010e-01 -4.60901795e-01  3.92066936e-01 -2.31286926e-01
  1.77236547e-01 -6.08318881e-01  1.02142538e+00 -1.77887460e-01
 -1.72147293e-01  8.53345179e-02 -3.23356725e-01 -1.11537131e-01
  2.34881640e-01 -2.67795087e-01  4.38171874e-02  1.16619771e-01
 -4.79057109e-01 -1.46136216e-01  1.94397325e-01  4.08127320e-01
 -2.67939864e-01  5.48390402e-03 -3.73735497e-02  1.90467510e-02
 -8.89320350e-02 -3.37259391e-01 -2.65832535e-01  1.61805423e-01
  6.24023200e-02 -5.79058830e-02  2.63188001e-02 -2.42909473e-01
 -6.72744473e-02 -4.73453636e-01 -4.70390443e-01 -1.14354825e-01
 -3.34143366e-01 -6.64358594e-01 -6.25919297e-02  4.74155076e-01
  8.11975653e-02 -3.72639577e-02  3.14662947e-02  4.02800407e-02
 -4.10596255e-01 -7.10931143e-02 -3.84805086e-02  4.46573257e-02
  1.79513233e-01  3.48856281e-01  1.26995717e-01  6.72122268e-02
 -5.32200394e-02  3.34810904e-02  1.25180525e-01  2.35358856e-01
  1.29573297e-01  8.87560593e-02  6.26135231e-01 -4.46960711e-02
  4.43379542e-01 -6.92640705e-01  4.86559602e-01  1.00447441e-01
 -1.95783687e-01  2.80597104e-01  1.15868858e-01 -2.30863600e-01
 -1.52938033e-01  1.84585483e-01  2.20908152e-01 -1.13692356e-01
 -3.19995359e-01  9.58306681e-02  1.96085632e-01 -3.03320164e-01
  6.31344151e-02  1.07780162e-01  2.89773164e-01 -2.19613274e-03
 -4.42274949e-01  9.58534345e-02 -1.43880547e-01  6.32347478e-01
 -6.38278499e-02 -7.30478249e-02  1.03026658e-02 -5.43475997e-02
  2.49952594e-02 -3.66466417e-01  2.33201224e-01 -2.58200170e-01
  5.30454869e-02  2.97407459e-01 -7.86303995e-03 -1.64127199e-01
  1.61057713e-01 -1.60942066e-01 -1.05856837e-01 -4.55881121e-01
  2.31717535e-01 -7.63547816e-02  1.95922961e-02  1.46011978e-01
  3.28865517e-02 -4.19517266e-02 -2.83973280e-02 -2.80441932e-02
  4.39389675e-01  2.06995731e-01 -2.08036085e-01 -1.09617434e-01
  5.61462856e-02  2.82993763e-01  1.90706275e-01  1.08500028e-01
 -5.75087850e-02  2.74041177e-01 -3.07651788e-01  2.75339359e-01
 -1.03290307e-01 -1.15863080e-01  1.75781972e-01 -1.12625110e-01
 -7.11828703e-02 -4.08098299e-02  2.00636824e-01  9.73063379e-02
 -9.79028165e-02 -2.31167113e-01  4.50938211e-02  3.24235048e-02
 -3.41647197e-02 -1.86432496e-02 -4.47173363e-01  3.66283489e-02
 -3.34922066e-01 -2.48024922e-02 -2.35127464e-01 -2.13990158e-02
  1.72310033e-02  1.28184601e-01  5.69185981e-02 -4.47575791e-02
  2.19764986e-02 -1.37420880e-01  5.13927252e-01 -3.71298874e-01
  5.07438231e-02 -2.16900650e-01  1.39937597e-01  1.99355280e-01
  1.00492536e-01 -2.05093887e-01  1.46802641e-01  2.33211869e-01
 -2.80870934e-02  1.09726773e-01 -3.15491230e-01  1.07912667e-01
 -1.95866489e-01  4.98182799e-02 -3.94861782e-02  2.30371835e-01
 -3.23394783e-01  1.73164389e-01 -2.84384965e-01 -1.50313800e-01
  5.61621286e-02  9.95523647e-02  1.20102833e-01 -1.49453037e-01
  8.59235674e-02  3.45217112e-01 -3.29102628e-01 -8.22088146e-02
  2.41836451e-01  2.01072581e-01 -1.54111214e-01  1.88617770e-01
 -8.65838522e-02 -8.19926567e-02  2.60315657e-01 -8.84882307e-02
 -1.73817725e-01  9.38958493e-02  4.77578511e-01  1.65691395e-02
 -4.42642028e-02  3.26032668e-02  1.15633784e-01 -1.34290744e-01
 -2.07387894e-02  2.83175639e-02  1.14119178e-01 -1.66488555e-01
 -3.44512143e-02 -9.91509596e-02  2.59705745e-01 -2.97920996e-01
 -1.19824507e-01  2.91032470e-02 -1.68480446e-02  3.12189511e-02
  8.79426885e-02 -5.06970474e-02 -7.16746869e-02  2.82985726e-01
 -1.76776702e-01 -5.68728396e-02 -3.76251624e-02  8.01886840e-02
  1.05501985e-01  3.18221164e-02 -4.61632148e-01  1.44055397e-01
 -1.19773276e-01 -4.47801559e-01 -2.48847167e-02  1.96022158e-02
 -1.67425425e-02  2.38119345e-01 -6.77329839e-02 -1.05259297e-01
  2.07001801e-02  4.88695289e-02  1.59182001e-02 -1.82184882e-01
  2.62843968e-02 -7.30013864e-02  7.79593092e-02  8.49831239e-02
  8.30835699e-02 -8.12170612e-02  2.70470164e-02 -3.38086611e-02
 -1.10432874e-01 -1.44617111e-01  3.02859760e-01 -7.42323543e-02
  1.46147819e-01  2.98347445e-02  7.90275401e-02 -6.78548422e-02
  9.04859950e-02 -3.67781349e-02 -1.20488044e-01  9.21262018e-02
 -1.47085561e-01  5.90558603e-02 -2.40358271e-02  1.11899390e-01
  8.56808647e-02  7.92379455e-02 -4.00552722e-02 -1.00765447e-01
  4.52082032e-02  7.46112086e-02  6.52909175e-02 -4.10022012e-02
  5.60274921e-02 -5.32564998e-02  2.26452842e-01 -1.21564231e-01
  3.06685613e-02  1.97788233e-02  2.90214810e-02 -3.65471517e-02
  2.94837567e-02  3.74596017e-02 -1.36473822e-01 -3.91576752e-02
  3.66982644e-02  2.39661289e-02  3.14474509e-02 -2.24000121e-02]
[[3.65962916e-01 6.64519614e-01 3.13763892e-01 ... 3.55883798e-09
  6.54471824e-12 4.07540529e-26]
 [3.75034956e-01 6.39778981e-01 2.99305389e-01 ... 1.70577874e-08
  3.13694192e-11 1.95339316e-25]
 [3.76723322e-01 6.34396010e-01 2.96219494e-01 ... 2.27389449e-08
  4.18171379e-11 2.60398321e-25]
 ...
 [5.24460758e-01 4.06674608e-01 8.37084354e-01 ... 1.42534369e-32
  9.38744326e-28 2.98424517e-18]
 [5.23590682e-01 4.51937902e-01 8.25836720e-01 ... 4.13731177e-30
  6.87774003e-26 2.68339631e-18]
 [5.18029069e-01 4.97729960e-01 8.07425504e-01 ... 6.74293108e-28
  2.82928052e-24 1.35477433e-18]]
[-4.95908977e+00  4.62612538e+00  6.91593875e-01  3.82567106e+00
 -3.89080496e+00  1.08645718e+00  2.49219534e+00  2.92707917e+00
  3.64151167e+00  1.67794176e+00 -3.39044910e+00 -5.48892232e+00
  2.90789865e+00 -4.14615862e+00  1.90716464e-01 -3.74466138e+00
  2.99507610e+00 -1.37391929e+00 -5.22773746e-01  2.98476171e+00
 -2.67786639e+00  8.61084324e-01 -1.74566192e+00  1.66183537e+00
  1.87733097e-02  4.14897715e-01 -8.30640191e-01  1.75839535e-01
 -8.66974002e-01 -7.81869445e-02 -3.20148612e-01 -9.94128862e-02
 -2.75476324e+00  3.25460894e-01 -3.90173174e+00 -4.97260048e-01
  1.10135666e+00 -1.07250825e+01 -1.37077289e+00 -9.76433267e-02
 -1.20993603e+00  3.46321099e-01 -1.29870288e-01  5.17939641e+00
  7.43829408e+00 -4.42551236e+00 -1.30836489e+00 -1.66115465e+00
  6.24730137e+00 -1.77883800e-01  1.89673686e-01 -4.38739747e-01
 -1.56094959e+00 -1.23009165e+00  3.88616972e+00  2.04369983e+00
  1.15608503e+00  1.97087223e+00  1.75476893e+00  9.24112523e-01
  2.89609613e+00  9.02159062e-01 -2.79185074e+00 -1.11318112e+00
  6.11100849e-01  3.80746613e-01 -3.89236633e-01  2.08330349e-01
 -2.66975965e+00 -2.71611957e-01  4.18969248e-01  1.62662217e-01
 -7.82091992e-02  9.86615163e-01  1.08624459e+00 -1.92691561e-01
 -1.08264924e-01  1.50125005e-01 -5.16308606e-01  8.01400604e-02
 -7.86184155e-02 -3.12409770e-01  5.25532067e-01 -3.89308556e-01
 -3.87769386e-02  6.78926579e-02 -2.42100068e-01  1.85826183e-01
 -4.58011185e-01  1.08854234e+00 -7.92389983e-01 -7.41934331e-01
  1.53482249e+00 -4.18523866e-01  2.54153379e-01 -2.31838606e+00
  1.13903304e+00  1.96271249e-01 -1.71464337e-01 -1.59455305e-01
  8.36700472e-02 -6.06888130e-01  1.79678734e+00  3.44921049e-01
  1.83293282e+00 -7.03119605e-01 -8.46983357e-01 -4.65151222e-01
 -1.28382116e+00 -3.88495980e-01  5.38300249e-01 -4.71391492e-01
 -1.18881863e-01  2.26318913e-01 -2.36058833e-02  2.03897631e+00
  1.55761830e-01 -6.03963390e-01  1.32305549e+00  9.28773949e-02
 -2.34280010e-01 -4.60901795e-01  3.92066936e-01 -2.31286926e-01
  1.77236547e-01 -6.08318881e-01  1.02142538e+00 -1.77887460e-01
 -1.72147293e-01  8.53345179e-02 -3.23356725e-01 -1.11537131e-01
  2.34881640e-01 -2.67795087e-01  4.38171874e-02  1.16619771e-01
 -4.79057109e-01 -1.46136216e-01  1.94397325e-01  4.08127320e-01
 -2.67939864e-01  5.48390402e-03 -3.73735497e-02  1.90467510e-02
 -8.89320350e-02 -3.37259391e-01 -2.65832535e-01  1.61805423e-01
  6.24023200e-02 -5.79058830e-02  2.63188001e-02 -2.42909473e-01
 -6.72744473e-02 -4.73453636e-01 -4.70390443e-01 -1.14354825e-01
 -3.34143366e-01 -6.64358594e-01 -6.25919297e-02  4.74155076e-01
  8.11975653e-02 -3.72639577e-02  3.14662947e-02  4.02800407e-02
 -4.10596255e-01 -7.10931143e-02 -3.84805086e-02  4.46573257e-02
  1.79513233e-01  3.48856281e-01  1.26995717e-01  6.72122268e-02
 -5.32200394e-02  3.34810904e-02  1.25180525e-01  2.35358856e-01
  1.29573297e-01  8.87560593e-02  6.26135231e-01 -4.46960711e-02
  4.43379542e-01 -6.92640705e-01  4.86559602e-01  1.00447441e-01
 -1.95783687e-01  2.80597104e-01  1.15868858e-01 -2.30863600e-01
 -1.52938033e-01  1.84585483e-01  2.20908152e-01 -1.13692356e-01
 -3.19995359e-01  9.58306681e-02  1.96085632e-01 -3.03320164e-01
  6.31344151e-02  1.07780162e-01  2.89773164e-01 -2.19613274e-03
 -4.42274949e-01  9.58534345e-02 -1.43880547e-01  6.32347478e-01
 -6.38278499e-02 -7.30478249e-02  1.03026658e-02 -5.43475997e-02
  2.49952594e-02 -3.66466417e-01  2.33201224e-01 -2.58200170e-01
  5.30454869e-02  2.97407459e-01 -7.86303995e-03 -1.64127199e-01
  1.61057713e-01 -1.60942066e-01 -1.05856837e-01 -4.55881121e-01
  2.31717535e-01 -7.63547816e-02  1.95922961e-02  1.46011978e-01
  3.28865517e-02 -4.19517266e-02 -2.83973280e-02 -2.80441932e-02
  4.39389675e-01  2.06995731e-01 -2.08036085e-01 -1.09617434e-01
  5.61462856e-02  2.82993763e-01  1.90706275e-01  1.08500028e-01
 -5.75087850e-02  2.74041177e-01 -3.07651788e-01  2.75339359e-01
 -1.03290307e-01 -1.15863080e-01  1.75781972e-01 -1.12625110e-01
 -7.11828703e-02 -4.08098299e-02  2.00636824e-01  9.73063379e-02
 -9.79028165e-02 -2.31167113e-01  4.50938211e-02  3.24235048e-02
 -3.41647197e-02 -1.86432496e-02 -4.47173363e-01  3.66283489e-02
 -3.34922066e-01 -2.48024922e-02 -2.35127464e-01 -2.13990158e-02
  1.72310033e-02  1.28184601e-01  5.69185981e-02 -4.47575791e-02
  2.19764986e-02 -1.37420880e-01  5.13927252e-01 -3.71298874e-01
  5.07438231e-02 -2.16900650e-01  1.39937597e-01  1.99355280e-01
  1.00492536e-01 -2.05093887e-01  1.46802641e-01  2.33211869e-01
 -2.80870934e-02  1.09726773e-01 -3.15491230e-01  1.07912667e-01
 -1.95866489e-01  4.98182799e-02 -3.94861782e-02  2.30371835e-01
 -3.23394783e-01  1.73164389e-01 -2.84384965e-01 -1.50313800e-01
  5.61621286e-02  9.95523647e-02  1.20102833e-01 -1.49453037e-01
  8.59235674e-02  3.45217112e-01 -3.29102628e-01 -8.22088146e-02
  2.41836451e-01  2.01072581e-01 -1.54111214e-01  1.88617770e-01
 -8.65838522e-02 -8.19926567e-02  2.60315657e-01 -8.84882307e-02
 -1.73817725e-01  9.38958493e-02  4.77578511e-01  1.65691395e-02
 -4.42642028e-02  3.26032668e-02  1.15633784e-01 -1.34290744e-01
 -2.07387894e-02  2.83175639e-02  1.14119178e-01 -1.66488555e-01
 -3.44512143e-02 -9.91509596e-02  2.59705745e-01 -2.97920996e-01
 -1.19824507e-01  2.91032470e-02 -1.68480446e-02  3.12189511e-02
  8.79426885e-02 -5.06970474e-02 -7.16746869e-02  2.82985726e-01
 -1.76776702e-01 -5.68728396e-02 -3.76251624e-02  8.01886840e-02
  1.05501985e-01  3.18221164e-02 -4.61632148e-01  1.44055397e-01
 -1.19773276e-01 -4.47801559e-01 -2.48847167e-02  1.96022158e-02
 -1.67425425e-02  2.38119345e-01 -6.77329839e-02 -1.05259297e-01
  2.07001801e-02  4.88695289e-02  1.59182001e-02 -1.82184882e-01
  2.62843968e-02 -7.30013864e-02  7.79593092e-02  8.49831239e-02
  8.30835699e-02 -8.12170612e-02  2.70470164e-02 -3.38086611e-02
 -1.10432874e-01 -1.44617111e-01  3.02859760e-01 -7.42323543e-02
  1.46147819e-01  2.98347445e-02  7.90275401e-02 -6.78548422e-02
  9.04859950e-02 -3.67781349e-02 -1.20488044e-01  9.21262018e-02
 -1.47085561e-01  5.90558603e-02 -2.40358271e-02  1.11899390e-01
  8.56808647e-02  7.92379455e-02 -4.00552722e-02 -1.00765447e-01
  4.52082032e-02  7.46112086e-02  6.52909175e-02 -4.10022012e-02
  5.60274921e-02 -5.32564998e-02  2.26452842e-01 -1.21564231e-01
  3.06685613e-02  1.97788233e-02  2.90214810e-02 -3.65471517e-02
  2.94837567e-02  3.74596017e-02 -1.36473822e-01 -3.91576752e-02
  3.66982644e-02  2.39661289e-02  3.14474509e-02 -2.24000121e-02
 -5.63436672e-02 -8.39807393e-02  7.98939743e-02 -2.81659083e-01
  1.63923465e-01  2.99695237e-01  1.20834097e-01 -1.59220428e-01
  7.02932351e-02 -3.13596868e-01 -1.02675339e-01  8.63732153e-02
  2.92249443e-01 -2.44538287e-02  1.17082689e-01 -5.94200690e-02
  1.14651888e-01 -1.03815059e-01 -1.00588550e-01  1.30722980e-01
  3.78410300e-01 -2.51444550e-02  2.29605132e-02  5.01666767e-01
  1.78044980e-01 -3.05797367e-01  6.15083244e-02 -2.42965919e-01
  6.28444083e-02 -5.22231864e-02 -1.10429649e-01 -3.94199795e-02
  3.71271952e-02  9.72877320e-02 -8.95823013e-02 -1.71729668e-01
 -1.86542870e-01  5.36812826e-02  5.28883890e-02  4.31090850e-02
  9.57054637e-02  9.93402131e-02  3.61028030e-02 -2.00308074e-01
  3.34295485e-02 -4.76649879e-01  2.63580211e-01 -2.47838330e-02
  1.25775402e-02 -1.76013006e-01  4.47576161e-01 -2.06111955e-01
  7.30152326e-02 -4.82246640e-02 -6.69524223e-02  4.45367437e-02
 -7.99518396e-02 -2.60818250e-02  1.09093720e-01 -1.09841210e-01
  2.22580997e-01  5.66822566e-02 -9.66579206e-02 -3.97447965e-02
 -2.50008256e-02  7.43428996e-02  4.13852320e-01 -2.17622149e-01
  1.05326811e-01  1.17062782e-01 -8.36074835e-02  8.48210191e-02
 -5.26111710e-02 -9.20468678e-02  1.87875156e-01 -6.93165036e-02
  5.73446928e-02 -1.52388509e-01  2.29922026e-01  4.49478803e-02
 -1.09931715e-01 -5.21840308e-02  4.71184938e-02  4.70079423e-02
 -5.99139189e-02 -2.48445428e-02 -3.03707815e-02  2.71092370e-01
 -5.30773831e-02  3.68719792e-02 -4.37380673e-02  9.13513564e-02
 -5.09725533e-02 -7.19307358e-02  6.44653545e-01 -5.61892322e-01
  8.13466088e-02  4.38454428e-01 -1.43047814e-01  8.02059289e-02
 -3.39595903e-02 -1.80506894e-01  3.41732278e-02  1.17658637e-01
 -5.37113015e-02 -5.81061248e-02  7.85912926e-02 -3.59078806e-01
  2.16011122e-02 -1.97493554e-01  2.45123047e-01  5.76678383e-02
 -2.51626464e-02 -1.46353529e-01  7.19883302e-02  1.38548848e-02
 -2.03047959e-02 -7.28883697e-02 -5.19983618e-02 -5.82445212e-02
  8.20356651e-02 -6.82097527e-02 -6.28336328e-02  3.14648115e-01
 -1.08052846e-02  1.94760444e-02  1.78297876e-02  9.52604552e-02
 -5.90871578e-02 -4.92461394e-02  3.40779720e-02  7.22101583e-02
  4.07682882e-02  3.54128292e-01 -2.59617183e-01  5.34683363e-02
 -5.25625156e-02 -4.57618644e-02 -5.22144955e-02 -6.75087723e-02
  6.97804726e-02 -1.14844511e-01  8.32024009e-02 -8.06125150e-02
 -1.75890683e-01  3.11522190e-02 -4.16262648e-02  5.11410318e-02
 -2.22818651e-01  4.24933358e-01 -2.97951956e-01  8.61244810e-02
  9.90435091e-02 -3.25828945e-02  2.15516727e-02  1.61598083e-01
  4.41378618e-02  1.53032139e-02  9.35874509e-02  4.56424346e-02
 -7.76866864e-02  9.19063951e-02 -3.76417043e-01  2.10623688e-02
 -1.61553064e-02 -3.26461117e-01 -7.02902109e-02  7.26759803e-02
 -1.72014344e-01  1.70877927e-02  4.95715691e-01 -1.73686073e-01
  3.61078154e-02  7.33232704e-02 -4.40426298e-02  2.11401027e-01
  1.34630438e-02 -1.51440869e-01  7.58482957e-02 -2.19038562e-01
 -4.69542334e-02  7.72012724e-02 -6.38361334e-02  2.00777783e-02
 -6.49640681e-02  6.03094652e-02 -3.09038105e-01  3.07027410e-02
  6.33115965e-02 -2.67032908e-01  6.76120570e-02 -4.85402396e-02]
[[3.65962916e-01 6.64519614e-01 3.13763892e-01 ... 1.03508037e-09
  5.41353317e-60 1.53449662e-11]
 [3.75034956e-01 6.39778981e-01 2.99305389e-01 ... 8.61708788e-10
  1.24370825e-58 9.27553571e-14]
 [3.76723322e-01 6.34396010e-01 2.96219494e-01 ... 7.69797494e-10
  2.21011847e-58 2.98502852e-14]
 ...
 [5.24460758e-01 4.06674608e-01 8.37084354e-01 ... 2.09926182e-57
  1.05034287e-39 5.75423474e-28]
 [5.23590682e-01 4.51937902e-01 8.25836720e-01 ... 5.06064749e-51
  8.49242519e-40 1.90653247e-23]
 [5.18029069e-01 4.97729960e-01 8.07425504e-01 ... 3.84599937e-45
  2.16469150e-40 1.99142741e-19]]
[-4.95908977e+00  4.62612538e+00  6.91593875e-01  3.82567106e+00
 -3.89080496e+00  1.08645718e+00  2.49219534e+00  2.92707917e+00
  3.64151167e+00  1.67794176e+00 -3.39044910e+00 -5.48892232e+00
  2.90789865e+00 -4.14615862e+00  1.90716464e-01 -3.74466138e+00
  2.99507610e+00 -1.37391929e+00 -5.22773746e-01  2.98476171e+00
 -2.67786639e+00  8.61084324e-01 -1.74566192e+00  1.66183537e+00
  1.87733097e-02  4.14897715e-01 -8.30640191e-01  1.75839535e-01
 -8.66974002e-01 -7.81869445e-02 -3.20148612e-01 -9.94128862e-02
 -2.75476324e+00  3.25460894e-01 -3.90173174e+00 -4.97260048e-01
  1.10135666e+00 -1.07250825e+01 -1.37077289e+00 -9.76433267e-02
 -1.20993603e+00  3.46321099e-01 -1.29870288e-01  5.17939641e+00
  7.43829408e+00 -4.42551236e+00 -1.30836489e+00 -1.66115465e+00
  6.24730137e+00 -1.77883800e-01  1.89673686e-01 -4.38739747e-01
 -1.56094959e+00 -1.23009165e+00  3.88616972e+00  2.04369983e+00
  1.15608503e+00  1.97087223e+00  1.75476893e+00  9.24112523e-01
  2.89609613e+00  9.02159062e-01 -2.79185074e+00 -1.11318112e+00
  6.11100849e-01  3.80746613e-01 -3.89236633e-01  2.08330349e-01
 -2.66975965e+00 -2.71611957e-01  4.18969248e-01  1.62662217e-01
 -7.82091992e-02  9.86615163e-01  1.08624459e+00 -1.92691561e-01
 -1.08264924e-01  1.50125005e-01 -5.16308606e-01  8.01400604e-02
 -7.86184155e-02 -3.12409770e-01  5.25532067e-01 -3.89308556e-01
 -3.87769386e-02  6.78926579e-02 -2.42100068e-01  1.85826183e-01
 -4.58011185e-01  1.08854234e+00 -7.92389983e-01 -7.41934331e-01
  1.53482249e+00 -4.18523866e-01  2.54153379e-01 -2.31838606e+00
  1.13903304e+00  1.96271249e-01 -1.71464337e-01 -1.59455305e-01
  8.36700472e-02 -6.06888130e-01  1.79678734e+00  3.44921049e-01
  1.83293282e+00 -7.03119605e-01 -8.46983357e-01 -4.65151222e-01
 -1.28382116e+00 -3.88495980e-01  5.38300249e-01 -4.71391492e-01
 -1.18881863e-01  2.26318913e-01 -2.36058833e-02  2.03897631e+00
  1.55761830e-01 -6.03963390e-01  1.32305549e+00  9.28773949e-02
 -2.34280010e-01 -4.60901795e-01  3.92066936e-01 -2.31286926e-01
  1.77236547e-01 -6.08318881e-01  1.02142538e+00 -1.77887460e-01
 -1.72147293e-01  8.53345179e-02 -3.23356725e-01 -1.11537131e-01
  2.34881640e-01 -2.67795087e-01  4.38171874e-02  1.16619771e-01
 -4.79057109e-01 -1.46136216e-01  1.94397325e-01  4.08127320e-01
 -2.67939864e-01  5.48390402e-03 -3.73735497e-02  1.90467510e-02
 -8.89320350e-02 -3.37259391e-01 -2.65832535e-01  1.61805423e-01
  6.24023200e-02 -5.79058830e-02  2.63188001e-02 -2.42909473e-01
 -6.72744473e-02 -4.73453636e-01 -4.70390443e-01 -1.14354825e-01
 -3.34143366e-01 -6.64358594e-01 -6.25919297e-02  4.74155076e-01
  8.11975653e-02 -3.72639577e-02  3.14662947e-02  4.02800407e-02
 -4.10596255e-01 -7.10931143e-02 -3.84805086e-02  4.46573257e-02
  1.79513233e-01  3.48856281e-01  1.26995717e-01  6.72122268e-02
 -5.32200394e-02  3.34810904e-02  1.25180525e-01  2.35358856e-01
  1.29573297e-01  8.87560593e-02  6.26135231e-01 -4.46960711e-02
  4.43379542e-01 -6.92640705e-01  4.86559602e-01  1.00447441e-01
 -1.95783687e-01  2.80597104e-01  1.15868858e-01 -2.30863600e-01
 -1.52938033e-01  1.84585483e-01  2.20908152e-01 -1.13692356e-01
 -3.19995359e-01  9.58306681e-02  1.96085632e-01 -3.03320164e-01
  6.31344151e-02  1.07780162e-01  2.89773164e-01 -2.19613274e-03
 -4.42274949e-01  9.58534345e-02 -1.43880547e-01  6.32347478e-01
 -6.38278499e-02 -7.30478249e-02  1.03026658e-02 -5.43475997e-02
  2.49952594e-02 -3.66466417e-01  2.33201224e-01 -2.58200170e-01
  5.30454869e-02  2.97407459e-01 -7.86303995e-03 -1.64127199e-01
  1.61057713e-01 -1.60942066e-01 -1.05856837e-01 -4.55881121e-01
  2.31717535e-01 -7.63547816e-02  1.95922961e-02  1.46011978e-01
  3.28865517e-02 -4.19517266e-02 -2.83973280e-02 -2.80441932e-02
  4.39389675e-01  2.06995731e-01 -2.08036085e-01 -1.09617434e-01
  5.61462856e-02  2.82993763e-01  1.90706275e-01  1.08500028e-01
 -5.75087850e-02  2.74041177e-01 -3.07651788e-01  2.75339359e-01
 -1.03290307e-01 -1.15863080e-01  1.75781972e-01 -1.12625110e-01
 -7.11828703e-02 -4.08098299e-02  2.00636824e-01  9.73063379e-02
 -9.79028165e-02 -2.31167113e-01  4.50938211e-02  3.24235048e-02
 -3.41647197e-02 -1.86432496e-02 -4.47173363e-01  3.66283489e-02
 -3.34922066e-01 -2.48024922e-02 -2.35127464e-01 -2.13990158e-02
  1.72310033e-02  1.28184601e-01  5.69185981e-02 -4.47575791e-02
  2.19764986e-02 -1.37420880e-01  5.13927252e-01 -3.71298874e-01
  5.07438231e-02 -2.16900650e-01  1.39937597e-01  1.99355280e-01
  1.00492536e-01 -2.05093887e-01  1.46802641e-01  2.33211869e-01
 -2.80870934e-02  1.09726773e-01 -3.15491230e-01  1.07912667e-01
 -1.95866489e-01  4.98182799e-02 -3.94861782e-02  2.30371835e-01
 -3.23394783e-01  1.73164389e-01 -2.84384965e-01 -1.50313800e-01
  5.61621286e-02  9.95523647e-02  1.20102833e-01 -1.49453037e-01
  8.59235674e-02  3.45217112e-01 -3.29102628e-01 -8.22088146e-02
  2.41836451e-01  2.01072581e-01 -1.54111214e-01  1.88617770e-01
 -8.65838522e-02 -8.19926567e-02  2.60315657e-01 -8.84882307e-02
 -1.73817725e-01  9.38958493e-02  4.77578511e-01  1.65691395e-02
 -4.42642028e-02  3.26032668e-02  1.15633784e-01 -1.34290744e-01
 -2.07387894e-02  2.83175639e-02  1.14119178e-01 -1.66488555e-01
 -3.44512143e-02 -9.91509596e-02  2.59705745e-01 -2.97920996e-01
 -1.19824507e-01  2.91032470e-02 -1.68480446e-02  3.12189511e-02
  8.79426885e-02 -5.06970474e-02 -7.16746869e-02  2.82985726e-01
 -1.76776702e-01 -5.68728396e-02 -3.76251624e-02  8.01886840e-02
  1.05501985e-01  3.18221164e-02 -4.61632148e-01  1.44055397e-01
 -1.19773276e-01 -4.47801559e-01 -2.48847167e-02  1.96022158e-02
 -1.67425425e-02  2.38119345e-01 -6.77329839e-02 -1.05259297e-01
  2.07001801e-02  4.88695289e-02  1.59182001e-02 -1.82184882e-01
  2.62843968e-02 -7.30013864e-02  7.79593092e-02  8.49831239e-02
  8.30835699e-02 -8.12170612e-02  2.70470164e-02 -3.38086611e-02
 -1.10432874e-01 -1.44617111e-01  3.02859760e-01 -7.42323543e-02
  1.46147819e-01  2.98347445e-02  7.90275401e-02 -6.78548422e-02
  9.04859950e-02 -3.67781349e-02 -1.20488044e-01  9.21262018e-02
 -1.47085561e-01  5.90558603e-02 -2.40358271e-02  1.11899390e-01
  8.56808647e-02  7.92379455e-02 -4.00552722e-02 -1.00765447e-01
  4.52082032e-02  7.46112086e-02  6.52909175e-02 -4.10022012e-02
  5.60274921e-02 -5.32564998e-02  2.26452842e-01 -1.21564231e-01
  3.06685613e-02  1.97788233e-02  2.90214810e-02 -3.65471517e-02
  2.94837567e-02  3.74596017e-02 -1.36473822e-01 -3.91576752e-02
  3.66982644e-02  2.39661289e-02  3.14474509e-02 -2.24000121e-02
 -5.63436672e-02 -8.39807393e-02  7.98939743e-02 -2.81659083e-01
  1.63923465e-01  2.99695237e-01  1.20834097e-01 -1.59220428e-01
  7.02932351e-02 -3.13596868e-01 -1.02675339e-01  8.63732153e-02
  2.92249443e-01 -2.44538287e-02  1.17082689e-01 -5.94200690e-02
  1.14651888e-01 -1.03815059e-01 -1.00588550e-01  1.30722980e-01
  3.78410300e-01 -2.51444550e-02  2.29605132e-02  5.01666767e-01
  1.78044980e-01 -3.05797367e-01  6.15083244e-02 -2.42965919e-01
  6.28444083e-02 -5.22231864e-02 -1.10429649e-01 -3.94199795e-02
  3.71271952e-02  9.72877320e-02 -8.95823013e-02 -1.71729668e-01
 -1.86542870e-01  5.36812826e-02  5.28883890e-02  4.31090850e-02
  9.57054637e-02  9.93402131e-02  3.61028030e-02 -2.00308074e-01
  3.34295485e-02 -4.76649879e-01  2.63580211e-01 -2.47838330e-02
  1.25775402e-02 -1.76013006e-01  4.47576161e-01 -2.06111955e-01
  7.30152326e-02 -4.82246640e-02 -6.69524223e-02  4.45367437e-02
 -7.99518396e-02 -2.60818250e-02  1.09093720e-01 -1.09841210e-01
  2.22580997e-01  5.66822566e-02 -9.66579206e-02 -3.97447965e-02
 -2.50008256e-02  7.43428996e-02  4.13852320e-01 -2.17622149e-01
  1.05326811e-01  1.17062782e-01 -8.36074835e-02  8.48210191e-02
 -5.26111710e-02 -9.20468678e-02  1.87875156e-01 -6.93165036e-02
  5.73446928e-02 -1.52388509e-01  2.29922026e-01  4.49478803e-02
 -1.09931715e-01 -5.21840308e-02  4.71184938e-02  4.70079423e-02
 -5.99139189e-02 -2.48445428e-02 -3.03707815e-02  2.71092370e-01
 -5.30773831e-02  3.68719792e-02 -4.37380673e-02  9.13513564e-02
 -5.09725533e-02 -7.19307358e-02  6.44653545e-01 -5.61892322e-01
  8.13466088e-02  4.38454428e-01 -1.43047814e-01  8.02059289e-02
 -3.39595903e-02 -1.80506894e-01  3.41732278e-02  1.17658637e-01
 -5.37113015e-02 -5.81061248e-02  7.85912926e-02 -3.59078806e-01
  2.16011122e-02 -1.97493554e-01  2.45123047e-01  5.76678383e-02
 -2.51626464e-02 -1.46353529e-01  7.19883302e-02  1.38548848e-02
 -2.03047959e-02 -7.28883697e-02 -5.19983618e-02 -5.82445212e-02
  8.20356651e-02 -6.82097527e-02 -6.28336328e-02  3.14648115e-01
 -1.08052846e-02  1.94760444e-02  1.78297876e-02  9.52604552e-02
 -5.90871578e-02 -4.92461394e-02  3.40779720e-02  7.22101583e-02
  4.07682882e-02  3.54128292e-01 -2.59617183e-01  5.34683363e-02
 -5.25625156e-02 -4.57618644e-02 -5.22144955e-02 -6.75087723e-02
  6.97804726e-02 -1.14844511e-01  8.32024009e-02 -8.06125150e-02
 -1.75890683e-01  3.11522190e-02 -4.16262648e-02  5.11410318e-02
 -2.22818651e-01  4.24933358e-01 -2.97951956e-01  8.61244810e-02
  9.90435091e-02 -3.25828945e-02  2.15516727e-02  1.61598083e-01
  4.41378618e-02  1.53032139e-02  9.35874509e-02  4.56424346e-02
 -7.76866864e-02  9.19063951e-02 -3.76417043e-01  2.10623688e-02
 -1.61553064e-02 -3.26461117e-01 -7.02902109e-02  7.26759803e-02
 -1.72014344e-01  1.70877927e-02  4.95715691e-01 -1.73686073e-01
  3.61078154e-02  7.33232704e-02 -4.40426298e-02  2.11401027e-01
  1.34630438e-02 -1.51440869e-01  7.58482957e-02 -2.19038562e-01
 -4.69542334e-02  7.72012724e-02 -6.38361334e-02  2.00777783e-02
 -6.49640681e-02  6.03094652e-02 -3.09038105e-01  3.07027410e-02
  6.33115965e-02 -2.67032908e-01  6.76120570e-02 -4.85402396e-02
  3.04225159e-01 -1.55537030e-01  2.97477176e-01  3.35909296e-01
 -1.82674904e-01 -9.58401901e-02 -1.32056481e-01  2.85913413e-01
 -1.66952437e-01  3.12504629e-02 -2.21995964e-01  3.39369285e-02
  3.85076938e-01 -1.70921152e-01  1.49454259e-01 -6.44289500e-02
 -7.22092566e-02 -1.16191823e-01  2.63472550e-01  1.97099631e-01
 -1.45279118e-01 -1.20064300e-01  2.44926956e-02  4.44479996e-02
 -1.25370942e-01 -2.20275783e-01  7.15404709e-02 -3.57932694e-02
  3.17802741e-01 -1.59302377e-01  1.16259301e-01  3.55929401e-01
 -5.42866838e-02 -1.93058106e-01 -1.96198922e-01  3.92855302e-02
  1.40026639e-01  2.80101449e-02 -1.46505062e-01  2.16447658e-01
 -9.54788942e-02  3.55082394e-02 -1.77368902e-01  5.72329038e-02
 -3.45933559e-02 -2.27893257e-02  3.17934779e-01 -1.79566839e-01
 -1.48636362e-01  6.30164519e-02  5.47553216e-02 -1.65748128e-01
 -1.95742107e-01  2.98564501e-01 -1.54327915e-01  7.59490872e-02
 -1.77989638e-01  3.07686233e-01 -1.33567167e-01  3.64987532e-02
 -1.69492201e-01 -1.48525320e-01 -1.42191423e-01  7.67498106e-02
  4.11920201e-02  1.92932702e-01 -1.16952302e-01  2.71109248e-01
  2.78192777e-02 -5.74971486e-02  2.98387954e-01 -1.56577241e-01
 -1.25387467e-01  3.50812167e-02  1.67307869e-01  4.50635149e-02
 -2.29941567e-02  2.50657104e-02 -7.90531190e-02 -6.60604491e-02
 -4.26948556e-02  5.47797419e-02  9.41351039e-02 -6.09631215e-02
  6.13684452e-02  3.83232796e-01 -1.98023024e-01 -2.03163256e-01
  3.43205780e-01 -1.92100655e-01  8.39727006e-02  3.84731120e-02
 -2.05264871e-01  3.49247983e-01 -1.65044736e-01  3.36226046e-02
  3.86409179e-02 -1.14811176e-01  1.78009791e-01 -8.99045735e-02
 -6.07262341e-02  5.56062621e-02 -9.64020020e-02  1.09899819e-01
 -1.53081818e-02  2.73686562e-01 -1.49891021e-01 -1.34400939e-01
  2.75390681e-02 -4.90362120e-02  3.57478028e-02  1.87460747e-02
  6.54536264e-02 -5.00900646e-02  5.77095896e-02 -5.93729581e-02
  5.01800507e-02  1.31093609e-01  2.38888029e-01 -1.17449702e-01
 -1.32713367e-01  1.15975704e-01 -1.86445898e-02  1.55914059e-02
  1.48600794e-01 -1.77775003e-02 -9.77798549e-02  1.47236388e-01
 -1.12136658e-01 -8.08136993e-02  2.14690687e-02 -1.47520635e-02
 -1.53408992e-01  2.24425307e-02  2.66897581e-02 -2.89671264e-01
 -4.85900655e-02  4.41662721e-02  4.90553657e-02 -1.35066000e-01
  4.75948963e-02  6.09471920e-02 -4.72567294e-02 -5.44017243e-02
  2.65107869e-02  4.77541286e-02 -7.59265686e-02  1.40376634e-01
 -1.61691333e-01  4.69942127e-02 -4.50455705e-02 -1.81239979e-02
 -1.45790665e-01  4.46143843e-02  4.17999753e-02 -1.91378114e-02
 -5.22993039e-02  2.30028781e-01  4.18415652e-02  6.48631046e-02
 -3.85621817e-02  2.34513465e-02 -6.17732574e-02 -7.68291105e-02
  2.02092613e-02 -1.45875393e-02 -4.83736032e-02  3.84136896e-02
  2.10005441e-02 -6.76755628e-02  1.46193683e-01 -1.42677368e-01
  5.50413187e-02  4.29712630e-02 -8.61631329e-02  2.00843456e-02
 -3.58991565e-02 -4.18428565e-02 -1.77005770e-02  1.58119137e-02
  4.32030732e-02 -4.12487425e-02  4.54574838e-02 -3.76718012e-02
  4.59493329e-02 -1.12585766e-02 -4.47932183e-02 -8.18315825e-02
 -1.56467742e-01 -1.34949806e-01  6.04684795e-02 -1.75585175e-02
  7.56983871e-02  4.47712387e-02 -4.23881606e-02 -3.17473096e-02
  4.49407489e-02  4.00430191e-02  2.50804196e-02 -4.58229513e-02
 -1.02620742e-01  1.65312168e-01  1.22580611e-01 -8.42177895e-02
  1.57552499e-01 -1.02234651e-01  2.01254825e-02  5.86115442e-02
 -8.00728687e-02 -6.71369308e-02  1.11106404e-01 -8.94193108e-02
  3.05576489e-02 -1.65473653e-02  5.87297768e-02 -4.50661067e-02
  2.94266931e-01 -1.61464525e-01 -1.63389532e-01  4.88150792e-02
  2.09993805e-02  2.09332021e-02  4.05934645e-02  2.73278101e-01
 -1.50295559e-01 -1.47812047e-01  5.50948868e-02 -2.91216228e-02
  3.88325998e-02  3.77816113e-02 -3.78784417e-02  2.14289220e-02
 -4.04636755e-02 -1.34893711e-02 -2.29418173e-02  1.94020971e-02
  6.09396138e-02  1.72862043e-02  1.78333948e-02  9.66165687e-02
 -3.79424848e-02  2.50121129e-02 -1.33395163e-01  5.02029083e-02
 -3.19788953e-02  1.86217943e-01 -5.94800524e-02 -6.83613932e-02
  1.75005791e-02 -1.65347816e-02 -5.60691511e-02 -3.61426092e-02
  1.73193832e-02  1.30601114e-02 -1.29455752e-02  2.17764139e-02
 -1.49705182e-01  2.21949965e-01 -1.27487968e-01  5.19701630e-02
  2.61798463e-02 -5.20427658e-02 -6.27420406e-02 -6.10597992e-02
  4.23911476e-02  1.75627427e-02  4.04908579e-02 -1.53932294e-02
  2.56421280e-02 -2.92151376e-02 -2.96872569e-02  1.16543730e-02
 -1.88833666e-02  2.19946645e-02 -3.63617591e-02 -2.94370817e-02
  3.55578757e-02 -3.59386669e-02  2.00741592e-02 -2.15487362e-02
  1.72540094e-02 -1.26545932e-02 -3.49396837e-02 -3.02902049e-02
 -1.13502652e-02 -3.21062513e-02 -1.06429731e-01  1.94725650e-01
  3.39819778e-02 -7.35989033e-02 -1.54944038e-02  8.96962485e-02
 -4.27909051e-02 -1.13737175e-01  1.73005718e-01  7.30870932e-02
 -6.76277987e-02  5.30015337e-02  4.19618942e-02 -4.02257452e-02
  5.94896250e-02  4.75566215e-02  3.00794604e-02 -2.82605010e-02
  3.46242502e-02 -4.08646347e-02  3.83423764e-02  2.26406360e-01
 -1.33611928e-01  2.80366974e-02 -8.93203278e-02  1.59389123e-02
 -1.39158923e-02  2.76102579e-02  1.56981367e-02  1.11102579e-02
  1.37683244e-02 -1.08637114e-02  3.21946993e-02 -2.74416772e-02
  2.77491485e-02  1.10776757e-02  3.30134545e-02  3.11116945e-02
  3.44742715e-02 -1.05198694e-02 -3.36036987e-02 -2.68013405e-02]
[[3.65962916e-01 6.64519614e-01 3.13763892e-01 ... 1.12318212e-16
  1.39619802e-74 1.27924644e-50]
 [3.75034956e-01 6.39778981e-01 2.99305389e-01 ... 6.11519096e-19
  7.36912271e-72 2.04593394e-55]
 [3.76723322e-01 6.34396010e-01 2.96219494e-01 ... 1.78700196e-19
  2.32706482e-71 1.78538287e-56]
 ...
 [5.24460758e-01 4.06674608e-01 8.37084354e-01 ... 9.42302877e-99
  3.49155067e-73 1.42243077e-21]
 [5.23590682e-01 4.51937902e-01 8.25836720e-01 ... 2.67325444e-86
  1.49810012e-69 3.23430337e-17]
 [5.18029069e-01 4.97729960e-01 8.07425504e-01 ... 7.53732709e-75
  6.38837818e-67 7.30899488e-14]]
[-4.95908977  4.62612538  0.69159387 ...  0.00692964  0.01855431
 -0.01686896]
[[3.65962916e-001 6.64519614e-001 3.13763892e-001 ... 3.27116854e-123
  1.27401433e-078 1.35675077e-180]
 [3.75034956e-001 6.39778981e-001 2.99305389e-001 ... 9.11256133e-118
  3.54893876e-073 3.77956709e-175]
 [3.76723322e-001 6.34396010e-001 2.96219494e-001 ... 9.08711134e-117
  3.53900457e-072 3.76901932e-174]
 ...
 [5.24460758e-001 4.06674608e-001 8.37084354e-001 ... 3.87060995e-152
  3.26631164e-203 1.67830365e-157]
 [5.23590682e-001 4.51937902e-001 8.25836720e-001 ... 7.12564840e-145
  2.71172140e-188 8.81389854e-153]
 [5.18029069e-001 4.97729960e-001 8.07425504e-001 ... 1.29575814e-139
  2.22375580e-175 4.57214646e-150]]
[-4.95908977  4.62612538  0.69159387 ...  0.01224018 -0.01223677
 -0.01220414]
[[3.65962916e-001 6.64519614e-001 3.13763892e-001 ... 3.78917400e-219
  1.56693411e-175 1.18800828e-156]
 [3.75034956e-001 6.39778981e-001 2.99305389e-001 ... 2.94036902e-208
  1.03020293e-190 1.01748635e-168]
 [3.76723322e-001 6.34396010e-001 2.96219494e-001 ... 2.92394312e-206
  4.03553616e-194 1.76277458e-171]
 ...
 [5.24460758e-001 4.06674608e-001 8.37084354e-001 ... 0.00000000e+000
  0.00000000e+000 0.00000000e+000]
 [5.23590682e-001 4.51937902e-001 8.25836720e-001 ... 0.00000000e+000
  0.00000000e+000 0.00000000e+000]
 [5.18029069e-001 4.97729960e-001 8.07425504e-001 ... 0.00000000e+000
  0.00000000e+000 0.00000000e+000]]
[-4.95908977  4.62612538  0.69159387 ...  0.01039189 -0.00563492
  0.00535815]
[[3.65962916e-001 6.64519614e-001 3.13763892e-001 ... 0.00000000e+000
  1.45640021e-152 2.82709324e-093]
 [3.75034956e-001 6.39778981e-001 2.99305389e-001 ... 0.00000000e+000
  1.26107443e-149 8.22455898e-115]
 [3.76723322e-001 6.34396010e-001 2.96219494e-001 ... 0.00000000e+000
  1.54871780e-149 8.53246440e-120]
 ...
 [5.24460758e-001 4.06674608e-001 8.37084354e-001 ... 0.00000000e+000
  0.00000000e+000 0.00000000e+000]
 [5.23590682e-001 4.51937902e-001 8.25836720e-001 ... 0.00000000e+000
  0.00000000e+000 0.00000000e+000]
 [5.18029069e-001 4.97729960e-001 8.07425504e-001 ... 0.00000000e+000
  0.00000000e+000 0.00000000e+000]]
[-4.95908977  4.62612538  0.69159387 ... -0.00867687 -0.00519832
  0.00519767]
[[0.36596292 0.66451961 0.31376389 ... 0.         0.         0.        ]
 [0.37503496 0.63977898 0.29930539 ... 0.         0.         0.        ]
 [0.37672332 0.63439601 0.29621949 ... 0.         0.         0.        ]
 ...
 [0.52446076 0.40667461 0.83708435 ... 0.         0.         0.        ]
 [0.52359068 0.4519379  0.82583672 ... 0.         0.         0.        ]
 [0.51802907 0.49772996 0.8074255  ... 0.         0.         0.        ]]
[-4.95908977  4.62612538  0.69159387 ...  0.00728554  0.00520638
 -0.00727281]
[[3.73641304e-03 6.23489560e-03]
 [1.06997283e-02 3.43982644e-03]
 [1.98709239e-02 2.46037621e-03]
 [3.12500000e-02 1.75092882e-03]
 [4.63654891e-02 1.28182684e-03]
 [6.72554348e-02 8.88914870e-04]
 [9.98641304e-02 5.19102426e-04]
 [1.55570652e-01 1.79613416e-04]
 [2.45074728e-01 4.91379945e-05]
 [3.19972826e-01 2.59218046e-05]
 [3.55468750e-01 2.00427449e-05]
 [3.96059783e-01 1.53337211e-05]
 [4.49218750e-01 1.02363266e-05]]
