sparseRep_1.py:65: FutureWarning: arrays to stack must be passed as a "sequence" type such as list or tuple. Support for non-sequence iterables such as generators is deprecated as of NumPy 1.16 and will raise an error in the future.
  Data = np.vstack((boundary for boundary in boundaries))
[[ 5.85712217e-02  8.60000000e-03  1.55402297e+04 ...  6.32475349e+05
   6.39360520e+00 -2.47064615e+04]
 [ 6.28194029e-02  8.60000000e-03  1.55402297e+04 ...  6.32475349e+05
   6.39360520e+00 -2.48507622e+04]
 [ 6.37000290e-02  8.60000000e-03  1.55402297e+04 ...  6.32475349e+05
   6.39360520e+00 -2.48580482e+04]
 ...
 [ 1.84028445e-02  9.12673192e-04  1.55511258e+04 ...  7.20195736e+05
   6.89843433e+00 -3.05975621e+04]
 [ 1.90314074e-02  1.52112199e-03  1.55511258e+04 ...  7.20195736e+05
   6.89843433e+00 -3.19149395e+04]
 [ 1.96599704e-02  2.12957078e-03  1.55511258e+04 ...  7.20195736e+05
   6.89843433e+00 -3.33137478e+04]]
[[0.70590027 1.         0.98425392 ... 0.60404715 0.41521124 2.21303068]
 [0.75709935 1.         0.98425392 ... 0.60404715 0.41521124 2.22595611]
 [0.76771265 1.         0.98425392 ... 0.60404715 0.41521124 2.22660874]
 ...
 [0.22179105 0.10612479 0.98494404 ... 0.68782473 0.44799568 2.74071394]
 [0.22936649 0.17687465 0.98494404 ... 0.68782473 0.44799568 2.85871532]
 [0.23694193 0.24762451 0.98494404 ... 0.68782473 0.44799568 2.98401071]]
1.7660906538703958e-05
1
2
[[0.60552874 0.33960303 0.31203208 ... 0.53644768 0.5499983  0.27263003]
 [0.58146276 0.34802163 0.29765338 ... 0.5137984  0.56363242 0.27938839]
 [0.57625817 0.34958838 0.29458452 ... 0.5089269  0.56616982 0.28064617]
 ...
 [0.57083766 0.45368659 0.81395791 ... 0.81528368 0.37468336 0.40596895]
 [0.61400839 0.45293393 0.80302102 ... 0.84786616 0.40068533 0.40529546]
 [0.65451455 0.44812284 0.78511846 ... 0.87383446 0.42464478 0.40099038]]
[  32.58473965   75.71623775   96.66884417   48.29949767  218.06887212
   83.79785715   31.9207679  -131.72421103   -6.25619358   59.78781673
  -41.29469557 -324.00249236    9.29608442   66.25789774   14.74750218
 -258.50221775  139.40726316   87.37610324   75.80256755   66.65269088
   25.9945559     8.46983891 -467.77856307  156.42997549   -4.32672342
  200.01699723 -168.87709104   51.60441203   10.37520591  -97.53180763
  134.06438534  -16.72158578    8.42641365  148.2976211   -11.01753306
    0.74273424  -68.33190012 -277.20150666  -57.09583882  350.24249945
 -118.89611407   26.68440368    2.20060501 -122.65945865  177.89781848
  474.66089915  -43.03373602  143.85583058 -268.94680318  -45.88971681
   81.28917305  -50.1006767  -153.6378439   -93.06272689  153.4384756
  196.2039878  -338.0225351   113.9301255   165.03326807    3.77317681
  -71.68696526  -47.59802214  142.08658139 -138.22072791  -86.49551883
   74.2733501    93.59467035  -95.37004453  -26.08670555   98.65488094
 -214.44170532  -92.40583151 -116.67297863  -55.50564601  -75.11135944
   30.16057666   35.44766342]
[[0.60552874 0.33960303 0.31203208 ... 0.3343293  0.8742259  0.73391582]
 [0.58146276 0.34802163 0.29765338 ... 0.31046338 0.87664513 0.68679315]
 [0.57625817 0.34958838 0.29458452 ... 0.30537637 0.87612304 0.67661893]
 ...
 [0.57083766 0.45368659 0.81395791 ... 0.11057671 0.13105413 0.19572504]
 [0.61400839 0.45293393 0.80302102 ... 0.13766059 0.16501874 0.2439423 ]
 [0.65451455 0.44812284 0.78511846 ... 0.16831477 0.20407155 0.29860319]]
[ 3.25847397e+01  7.57162378e+01  9.66688442e+01  4.82994977e+01
  2.18068872e+02  8.37978571e+01  3.19207679e+01 -1.31724211e+02
 -6.25619358e+00  5.97878167e+01 -4.12946956e+01 -3.24002492e+02
  9.29608442e+00  6.62578977e+01  1.47475022e+01 -2.58502218e+02
  1.39407263e+02  8.73761032e+01  7.58025675e+01  6.66526909e+01
  2.59945559e+01  8.46983891e+00 -4.67778563e+02  1.56429975e+02
 -4.32672342e+00  2.00016997e+02 -1.68877091e+02  5.16044120e+01
  1.03752059e+01 -9.75318076e+01  1.34064385e+02 -1.67215858e+01
  8.42641365e+00  1.48297621e+02 -1.10175331e+01  7.42734241e-01
 -6.83319001e+01 -2.77201507e+02 -5.70958388e+01  3.50242499e+02
 -1.18896114e+02  2.66844037e+01  2.20060501e+00 -1.22659459e+02
  1.77897818e+02  4.74660899e+02 -4.30337360e+01  1.43855831e+02
 -2.68946803e+02 -4.58897168e+01  8.12891730e+01 -5.01006767e+01
 -1.53637844e+02 -9.30627269e+01  1.53438476e+02  1.96203988e+02
 -3.38022535e+02  1.13930126e+02  1.65033268e+02  3.77317681e+00
 -7.16869653e+01 -4.75980221e+01  1.42086581e+02 -1.38220728e+02
 -8.64955188e+01  7.42733501e+01  9.35946703e+01 -9.53700445e+01
 -2.60867056e+01  9.86548809e+01 -2.14441705e+02 -9.24058315e+01
 -1.16672979e+02 -5.55056460e+01 -7.51113594e+01  3.01605767e+01
  3.54476634e+01 -3.95920456e+00  3.61164122e+00  2.77048171e+01
 -3.78037186e+00 -1.66574735e+01 -5.52776869e+00 -1.18122338e+00
 -2.09308663e+01  6.96717438e+00 -1.78876736e+01  4.00549267e+00
 -2.19836488e+01  1.64786875e+00 -4.35779209e+00 -1.77717952e+01
 -8.51151488e+00  8.69938575e+00 -2.18090267e+01  7.00210861e-01
 -4.98909405e+00  2.12849296e+01 -4.12542806e+00  1.17751676e+01
  8.18707004e+00 -2.54118785e+01  7.41015219e+00 -3.57847459e+00
 -1.37979102e+01  4.96013966e+01  1.40926534e+01  2.55194321e+01
 -1.44937511e+01 -1.10350476e+01 -1.03498358e+01  1.01520124e+01
 -4.59517351e+00 -3.79496158e+00 -6.09526690e+00  1.23128334e+01
 -4.98283686e+00 -4.60434739e+00 -1.28871330e+01  2.48460504e+01
  1.12255306e+01  2.17218671e+01  2.73161148e+01 -2.14208100e+01
  1.59165469e+01  1.62929862e+01  1.07097651e+00 -1.39972523e+01
 -1.78398096e+00 -1.64669305e+01 -1.28284751e+01 -3.43574937e+01
  1.34116827e+01  2.95470047e+00  8.12072616e-01 -2.50620361e+01
 -4.00420329e+00  3.17085726e+00 -8.70945332e+00 -1.66062828e+01
 -4.47000706e+01  8.18477796e-01  1.12884413e+00  2.83871155e+01
  1.20677654e+01  2.91122059e+01  1.03673813e+01  2.79910082e+01
  7.48700181e-01  3.16696287e+01 -2.11502930e+01  6.92891886e+00
  2.03974823e+01 -2.65325955e-01  1.45140167e+00  1.15032389e+01
  1.62381701e+01 -2.82557370e+01 -9.05746867e+00  2.56811003e+01
  2.37957863e+01  1.83791564e+01 -1.39220847e+01 -4.88421296e+01
  1.65836264e+01 -2.26966307e+01 -1.59300012e+01 -2.58755235e+01
  1.26271349e+01 -2.44152798e+01  8.33458516e+00  1.22523370e+01
  1.32910445e+01  1.40869027e+01 -1.25966115e+01  5.27281943e+00
 -1.26015359e+01]
[[0.60552874 0.33960303 0.31203208 ... 0.00361842 0.03466385 0.1279443 ]
 [0.58146276 0.34802163 0.29765338 ... 0.00299616 0.03823098 0.14111052]
 [0.57625817 0.34958838 0.29458452 ... 0.00287449 0.03892409 0.14366877]
 ...
 [0.57083766 0.45368659 0.81395791 ... 0.37557131 0.06568788 0.01363457]
 [0.61400839 0.45293393 0.80302102 ... 0.35578879 0.0683096  0.01866984]
 [0.65451455 0.44812284 0.78511846 ... 0.32510628 0.06851907 0.02465887]]
[ 3.25847397e+01  7.57162378e+01  9.66688442e+01  4.82994977e+01
  2.18068872e+02  8.37978571e+01  3.19207679e+01 -1.31724211e+02
 -6.25619358e+00  5.97878167e+01 -4.12946956e+01 -3.24002492e+02
  9.29608442e+00  6.62578977e+01  1.47475022e+01 -2.58502218e+02
  1.39407263e+02  8.73761032e+01  7.58025675e+01  6.66526909e+01
  2.59945559e+01  8.46983891e+00 -4.67778563e+02  1.56429975e+02
 -4.32672342e+00  2.00016997e+02 -1.68877091e+02  5.16044120e+01
  1.03752059e+01 -9.75318076e+01  1.34064385e+02 -1.67215858e+01
  8.42641365e+00  1.48297621e+02 -1.10175331e+01  7.42734241e-01
 -6.83319001e+01 -2.77201507e+02 -5.70958388e+01  3.50242499e+02
 -1.18896114e+02  2.66844037e+01  2.20060501e+00 -1.22659459e+02
  1.77897818e+02  4.74660899e+02 -4.30337360e+01  1.43855831e+02
 -2.68946803e+02 -4.58897168e+01  8.12891730e+01 -5.01006767e+01
 -1.53637844e+02 -9.30627269e+01  1.53438476e+02  1.96203988e+02
 -3.38022535e+02  1.13930126e+02  1.65033268e+02  3.77317681e+00
 -7.16869653e+01 -4.75980221e+01  1.42086581e+02 -1.38220728e+02
 -8.64955188e+01  7.42733501e+01  9.35946703e+01 -9.53700445e+01
 -2.60867056e+01  9.86548809e+01 -2.14441705e+02 -9.24058315e+01
 -1.16672979e+02 -5.55056460e+01 -7.51113594e+01  3.01605767e+01
  3.54476634e+01 -3.95920456e+00  3.61164122e+00  2.77048171e+01
 -3.78037186e+00 -1.66574735e+01 -5.52776869e+00 -1.18122338e+00
 -2.09308663e+01  6.96717438e+00 -1.78876736e+01  4.00549267e+00
 -2.19836488e+01  1.64786875e+00 -4.35779209e+00 -1.77717952e+01
 -8.51151488e+00  8.69938575e+00 -2.18090267e+01  7.00210861e-01
 -4.98909405e+00  2.12849296e+01 -4.12542806e+00  1.17751676e+01
  8.18707004e+00 -2.54118785e+01  7.41015219e+00 -3.57847459e+00
 -1.37979102e+01  4.96013966e+01  1.40926534e+01  2.55194321e+01
 -1.44937511e+01 -1.10350476e+01 -1.03498358e+01  1.01520124e+01
 -4.59517351e+00 -3.79496158e+00 -6.09526690e+00  1.23128334e+01
 -4.98283686e+00 -4.60434739e+00 -1.28871330e+01  2.48460504e+01
  1.12255306e+01  2.17218671e+01  2.73161148e+01 -2.14208100e+01
  1.59165469e+01  1.62929862e+01  1.07097651e+00 -1.39972523e+01
 -1.78398096e+00 -1.64669305e+01 -1.28284751e+01 -3.43574937e+01
  1.34116827e+01  2.95470047e+00  8.12072616e-01 -2.50620361e+01
 -4.00420329e+00  3.17085726e+00 -8.70945332e+00 -1.66062828e+01
 -4.47000706e+01  8.18477796e-01  1.12884413e+00  2.83871155e+01
  1.20677654e+01  2.91122059e+01  1.03673813e+01  2.79910082e+01
  7.48700181e-01  3.16696287e+01 -2.11502930e+01  6.92891886e+00
  2.03974823e+01 -2.65325955e-01  1.45140167e+00  1.15032389e+01
  1.62381701e+01 -2.82557370e+01 -9.05746867e+00  2.56811003e+01
  2.37957863e+01  1.83791564e+01 -1.39220847e+01 -4.88421296e+01
  1.65836264e+01 -2.26966307e+01 -1.59300012e+01 -2.58755235e+01
  1.26271349e+01 -2.44152798e+01  8.33458516e+00  1.22523370e+01
  1.32910445e+01  1.40869027e+01 -1.25966115e+01  5.27281943e+00
 -1.26015359e+01  1.12828784e+01 -3.68109133e+00 -1.46361190e+01
  1.16046435e+00 -2.15924056e+00 -2.24291601e+00 -1.06403921e+00
  6.50532707e+00  2.52743529e+00 -6.14861493e+00  2.47742650e-01
  4.96225509e-01 -2.88420057e-01 -4.12651788e+01 -1.45135117e+01
 -3.60474666e+00 -4.60670471e+00  2.19532091e+00  2.03581300e+01
 -8.98697977e-01  1.22373133e+01  2.21654378e-01 -1.37579329e+01
 -2.35593140e+00  5.94006904e+00  1.55990228e+01  1.57001779e+00
  1.51349497e+01  3.18358482e+00  1.52061686e+00 -8.50158209e+00
  2.09613763e+00  4.53897030e-01 -5.11356511e+00 -4.73061796e+00
  6.83370243e+00 -2.52678450e+00 -2.92156078e+00  3.16200684e+00
  2.15538085e+00  3.39250460e+00  2.22312503e-02 -1.01781202e+00
  3.46034563e+01 -7.35234826e+00 -5.04993467e+00  1.48776952e+00
 -3.19067540e-01  6.02351088e+00 -7.51357856e+00  3.24173225e+00
  2.78970969e-01  5.00269089e+00 -2.64414828e+00  1.76623575e+01
 -1.27576761e+01  5.08079610e+00 -1.74770820e+00 -2.75625135e-01
 -2.34801672e+00  9.90582581e+00 -3.95926872e+01 -7.62595903e+00
 -7.89516156e-01 -7.14761508e-01  4.39247171e+00  3.75839056e+00
 -1.25079290e+00 -9.30351891e-01  4.43943722e+00  7.47318090e+00
  9.49312268e+00 -9.58853540e+00 -1.19021271e+00 -4.31422730e+00
 -8.80971119e+00  1.90431520e+00  2.90996597e-01 -1.16719996e+01
 -9.03997219e-01 -3.53833888e+00 -8.75686205e-01 -3.60669571e+00
 -4.98955604e+00 -4.10690791e+00  1.36316407e+01  2.80116677e+00
 -1.21224860e+01 -2.66840328e+00 -4.73882778e+00 -1.26035831e+01
 -4.05318526e+01  1.82901651e+00 -5.02578839e+00  5.44891426e-02
 -8.68295601e-01  3.32179828e+00 -1.95096639e+00  8.59889784e-01
 -1.14579257e+01 -3.65289116e+00  1.04484232e+01  3.11721561e+01
 -4.51487374e+00 -2.83327197e-01  6.07642828e+00  2.67020682e+00
  1.51006518e+01 -1.18326763e+01 -2.08543213e+00 -2.07256238e+00
  2.54022960e+00 -5.13068261e+00 -1.92892984e+00  1.74451904e+01
  3.26220134e+00 -3.14950382e+00 -8.58107847e+00  2.95614995e+00
  3.34639308e+00  2.09613317e+00  1.66043864e+01 -2.65115107e+01
  1.32655607e-01  2.12553125e+00  2.20324631e+00 -4.88247288e+00
 -6.74070535e+00 -3.06547297e+00 -2.07022347e+01  8.15597187e+00
 -8.24965872e+00 -5.41033254e-01  1.25483731e+01 -8.27089701e+00
  7.03021138e+00 -1.53772805e+01  3.61803263e+00  7.52800380e+00
 -4.90896207e+00  6.07083318e+00  3.95096397e+00 -1.03167740e+01
  1.52480453e+01 -4.86290208e+00  5.34799723e-01 -2.38478841e+01
 -2.14060030e+00 -6.67283587e-01  5.54931670e+00 -1.10005954e+01
  1.12288122e+01  2.92749821e+01  1.17625257e+01  1.05076606e+01
  1.94380847e+01  6.17868424e+00  1.27350886e+01  1.58525388e+01
 -7.43938581e+00  7.78715446e+00 -5.46289079e+00 -8.05675784e+00
  5.61259715e+00  3.64303289e+01  7.93146452e+00  9.92315878e+00
 -6.31003406e+00 -8.40148340e+00 -1.12939938e+01 -1.52362030e+01
  5.37711181e+00 -6.48268463e+00  3.83652652e+00  8.53843753e+00
 -2.51088325e+00 -7.80636046e+00]
[[6.05528741e-01 3.39603034e-01 3.12032084e-01 ... 2.49954586e-02
  7.55659022e-03 2.31131594e-01]
 [5.81462763e-01 3.48021626e-01 2.97653384e-01 ... 2.58641678e-02
  9.19185196e-03 2.80081479e-01]
 [5.76258175e-01 3.49588381e-01 2.94584522e-01 ... 2.59265179e-02
  9.52816003e-03 2.90100146e-01]
 ...
 [5.70837657e-01 4.53686594e-01 8.13957913e-01 ... 2.65110163e-05
  2.83350386e-03 2.53822676e-05]
 [6.14008391e-01 4.52933932e-01 8.03021021e-01 ... 6.68715935e-05
  3.67993490e-03 6.47857137e-05]
 [6.54514553e-01 4.48122839e-01 7.85118460e-01 ... 1.56936313e-04
  4.44654756e-03 1.53848957e-04]]
[ 3.25847397e+01  7.57162378e+01  9.66688442e+01  4.82994977e+01
  2.18068872e+02  8.37978571e+01  3.19207679e+01 -1.31724211e+02
 -6.25619358e+00  5.97878167e+01 -4.12946956e+01 -3.24002492e+02
  9.29608442e+00  6.62578977e+01  1.47475022e+01 -2.58502218e+02
  1.39407263e+02  8.73761032e+01  7.58025675e+01  6.66526909e+01
  2.59945559e+01  8.46983891e+00 -4.67778563e+02  1.56429975e+02
 -4.32672342e+00  2.00016997e+02 -1.68877091e+02  5.16044120e+01
  1.03752059e+01 -9.75318076e+01  1.34064385e+02 -1.67215858e+01
  8.42641365e+00  1.48297621e+02 -1.10175331e+01  7.42734241e-01
 -6.83319001e+01 -2.77201507e+02 -5.70958388e+01  3.50242499e+02
 -1.18896114e+02  2.66844037e+01  2.20060501e+00 -1.22659459e+02
  1.77897818e+02  4.74660899e+02 -4.30337360e+01  1.43855831e+02
 -2.68946803e+02 -4.58897168e+01  8.12891730e+01 -5.01006767e+01
 -1.53637844e+02 -9.30627269e+01  1.53438476e+02  1.96203988e+02
 -3.38022535e+02  1.13930126e+02  1.65033268e+02  3.77317681e+00
 -7.16869653e+01 -4.75980221e+01  1.42086581e+02 -1.38220728e+02
 -8.64955188e+01  7.42733501e+01  9.35946703e+01 -9.53700445e+01
 -2.60867056e+01  9.86548809e+01 -2.14441705e+02 -9.24058315e+01
 -1.16672979e+02 -5.55056460e+01 -7.51113594e+01  3.01605767e+01
  3.54476634e+01 -3.95920456e+00  3.61164122e+00  2.77048171e+01
 -3.78037186e+00 -1.66574735e+01 -5.52776869e+00 -1.18122338e+00
 -2.09308663e+01  6.96717438e+00 -1.78876736e+01  4.00549267e+00
 -2.19836488e+01  1.64786875e+00 -4.35779209e+00 -1.77717952e+01
 -8.51151488e+00  8.69938575e+00 -2.18090267e+01  7.00210861e-01
 -4.98909405e+00  2.12849296e+01 -4.12542806e+00  1.17751676e+01
  8.18707004e+00 -2.54118785e+01  7.41015219e+00 -3.57847459e+00
 -1.37979102e+01  4.96013966e+01  1.40926534e+01  2.55194321e+01
 -1.44937511e+01 -1.10350476e+01 -1.03498358e+01  1.01520124e+01
 -4.59517351e+00 -3.79496158e+00 -6.09526690e+00  1.23128334e+01
 -4.98283686e+00 -4.60434739e+00 -1.28871330e+01  2.48460504e+01
  1.12255306e+01  2.17218671e+01  2.73161148e+01 -2.14208100e+01
  1.59165469e+01  1.62929862e+01  1.07097651e+00 -1.39972523e+01
 -1.78398096e+00 -1.64669305e+01 -1.28284751e+01 -3.43574937e+01
  1.34116827e+01  2.95470047e+00  8.12072616e-01 -2.50620361e+01
 -4.00420329e+00  3.17085726e+00 -8.70945332e+00 -1.66062828e+01
 -4.47000706e+01  8.18477796e-01  1.12884413e+00  2.83871155e+01
  1.20677654e+01  2.91122059e+01  1.03673813e+01  2.79910082e+01
  7.48700181e-01  3.16696287e+01 -2.11502930e+01  6.92891886e+00
  2.03974823e+01 -2.65325955e-01  1.45140167e+00  1.15032389e+01
  1.62381701e+01 -2.82557370e+01 -9.05746867e+00  2.56811003e+01
  2.37957863e+01  1.83791564e+01 -1.39220847e+01 -4.88421296e+01
  1.65836264e+01 -2.26966307e+01 -1.59300012e+01 -2.58755235e+01
  1.26271349e+01 -2.44152798e+01  8.33458516e+00  1.22523370e+01
  1.32910445e+01  1.40869027e+01 -1.25966115e+01  5.27281943e+00
 -1.26015359e+01  1.12828784e+01 -3.68109133e+00 -1.46361190e+01
  1.16046435e+00 -2.15924056e+00 -2.24291601e+00 -1.06403921e+00
  6.50532707e+00  2.52743529e+00 -6.14861493e+00  2.47742650e-01
  4.96225509e-01 -2.88420057e-01 -4.12651788e+01 -1.45135117e+01
 -3.60474666e+00 -4.60670471e+00  2.19532091e+00  2.03581300e+01
 -8.98697977e-01  1.22373133e+01  2.21654378e-01 -1.37579329e+01
 -2.35593140e+00  5.94006904e+00  1.55990228e+01  1.57001779e+00
  1.51349497e+01  3.18358482e+00  1.52061686e+00 -8.50158209e+00
  2.09613763e+00  4.53897030e-01 -5.11356511e+00 -4.73061796e+00
  6.83370243e+00 -2.52678450e+00 -2.92156078e+00  3.16200684e+00
  2.15538085e+00  3.39250460e+00  2.22312503e-02 -1.01781202e+00
  3.46034563e+01 -7.35234826e+00 -5.04993467e+00  1.48776952e+00
 -3.19067540e-01  6.02351088e+00 -7.51357856e+00  3.24173225e+00
  2.78970969e-01  5.00269089e+00 -2.64414828e+00  1.76623575e+01
 -1.27576761e+01  5.08079610e+00 -1.74770820e+00 -2.75625135e-01
 -2.34801672e+00  9.90582581e+00 -3.95926872e+01 -7.62595903e+00
 -7.89516156e-01 -7.14761508e-01  4.39247171e+00  3.75839056e+00
 -1.25079290e+00 -9.30351891e-01  4.43943722e+00  7.47318090e+00
  9.49312268e+00 -9.58853540e+00 -1.19021271e+00 -4.31422730e+00
 -8.80971119e+00  1.90431520e+00  2.90996597e-01 -1.16719996e+01
 -9.03997219e-01 -3.53833888e+00 -8.75686205e-01 -3.60669571e+00
 -4.98955604e+00 -4.10690791e+00  1.36316407e+01  2.80116677e+00
 -1.21224860e+01 -2.66840328e+00 -4.73882778e+00 -1.26035831e+01
 -4.05318526e+01  1.82901651e+00 -5.02578839e+00  5.44891426e-02
 -8.68295601e-01  3.32179828e+00 -1.95096639e+00  8.59889784e-01
 -1.14579257e+01 -3.65289116e+00  1.04484232e+01  3.11721561e+01
 -4.51487374e+00 -2.83327197e-01  6.07642828e+00  2.67020682e+00
  1.51006518e+01 -1.18326763e+01 -2.08543213e+00 -2.07256238e+00
  2.54022960e+00 -5.13068261e+00 -1.92892984e+00  1.74451904e+01
  3.26220134e+00 -3.14950382e+00 -8.58107847e+00  2.95614995e+00
  3.34639308e+00  2.09613317e+00  1.66043864e+01 -2.65115107e+01
  1.32655607e-01  2.12553125e+00  2.20324631e+00 -4.88247288e+00
 -6.74070535e+00 -3.06547297e+00 -2.07022347e+01  8.15597187e+00
 -8.24965872e+00 -5.41033254e-01  1.25483731e+01 -8.27089701e+00
  7.03021138e+00 -1.53772805e+01  3.61803263e+00  7.52800380e+00
 -4.90896207e+00  6.07083318e+00  3.95096397e+00 -1.03167740e+01
  1.52480453e+01 -4.86290208e+00  5.34799723e-01 -2.38478841e+01
 -2.14060030e+00 -6.67283587e-01  5.54931670e+00 -1.10005954e+01
  1.12288122e+01  2.92749821e+01  1.17625257e+01  1.05076606e+01
  1.94380847e+01  6.17868424e+00  1.27350886e+01  1.58525388e+01
 -7.43938581e+00  7.78715446e+00 -5.46289079e+00 -8.05675784e+00
  5.61259715e+00  3.64303289e+01  7.93146452e+00  9.92315878e+00
 -6.31003406e+00 -8.40148340e+00 -1.12939938e+01 -1.52362030e+01
  5.37711181e+00 -6.48268463e+00  3.83652652e+00  8.53843753e+00
 -2.51088325e+00 -7.80636046e+00  9.64955793e-01  2.23525673e+00
 -3.89160727e-01  1.81400607e+00  9.28706115e+00  2.15664042e+00
 -5.24199729e-02  1.18508473e+00 -6.34570583e-01 -9.89194127e-01
 -2.71188114e+00 -1.76152600e-01  4.52501533e+00 -7.47735981e-01
  5.47558465e-01  2.13498974e+00  3.12084957e+00 -1.21978071e+00
 -4.35724235e-02 -1.35263714e-01  2.71229135e+00  3.75852642e-01
 -6.37668446e+00  3.54385153e+00  3.30537089e+00 -2.82083736e+00
 -6.71947493e-01 -2.05220608e-01  1.07642106e+00 -1.27540183e+01
  9.82575331e-01  2.72325565e+00 -1.60927315e+00  1.86473015e+00
 -4.57495549e+00  4.84305055e-01  1.60076148e+00  2.88530290e-01
 -2.28084767e+00  1.64613993e-01  1.54097748e-01  1.34229676e-01
  7.11308271e-01 -3.05280907e-01 -5.27525744e-01 -3.26041390e+00
  1.56878082e+00  6.62761276e-01  1.57496300e+00  4.73517262e-01
 -5.13382243e+00  3.01374009e+00  2.02156954e+00  6.44162041e-01
  7.81517792e-01  2.45867365e+00 -2.02966345e+00 -3.45791659e-01
  4.43729967e+00  4.08344369e-01 -6.62812553e-01  7.65735714e-01
  1.32126453e-02  6.04123859e-02 -4.46584361e+00  1.18271282e+00
 -3.02146947e-01 -1.11385118e+00  2.06553300e+00 -8.34966583e-01
  1.32589388e-01 -2.36667792e-01  1.61078250e+00  2.82243267e+00
  5.11288427e-01 -1.72444691e-01 -5.67322002e-02  1.87890398e+00
 -2.80173315e+00 -7.31333564e-01  1.06432222e+00  2.91102205e-01
 -5.45325527e-01  8.63428498e-03 -1.28293610e+00  3.81109288e-01
 -1.31893658e+00  1.27423211e+00  1.09794716e+00 -1.77293875e+00
  2.13824059e+00  1.89784840e+00  1.16250878e-01  6.85476732e-01
  6.71319359e+00 -3.48785589e-01 -1.10367937e+00 -2.36482244e+00
 -3.02866512e-01  1.37181177e+00  3.08335619e-02 -2.86774118e-01
  1.81438493e+00 -6.30957064e-01  1.71562750e+00  1.02504210e+00
 -2.41045292e+00  1.54689956e+00  6.01962818e-01 -4.60438160e-02
 -5.82757043e-01  1.98857623e+00  9.96704466e-01 -4.96163888e-01
  1.13888271e+00 -3.51817223e-01  8.11688812e-01  7.60483552e-02
 -3.01403612e+00 -2.58304422e+00  1.39536006e-01 -2.34387218e-01
  8.03677399e-02  1.53661120e+00 -8.95259092e-01  5.11486707e-01
 -5.15948055e-01 -3.00000936e+00  1.13115802e+00 -1.42424689e+00
  2.93683173e+00  5.32178559e-01  1.09537534e+00 -1.90345961e-02
 -2.87557211e+00  1.04957738e+00  1.11883416e-01  1.96937055e+00
  3.65475488e-02  2.28479201e+00  6.03433602e+00  8.65432081e-01
  4.39113709e+00  6.74633313e-01  7.80750090e-01 -8.54725607e+00
  1.47356595e+00 -4.26949255e-01 -2.05314712e-01  7.88183681e+00
  6.33865154e-02 -7.30562271e+00 -1.10227742e+00  3.02890015e+00
 -1.70055436e+00  7.52813788e-01 -2.09628836e+00  1.25842499e+00
  1.38783167e+00 -4.22473946e-01 -1.96237079e+00 -1.07719590e+00
  7.37213025e-02 -6.25600744e-01 -6.75151158e-01 -2.41451311e+00
  2.32767642e-01  3.48496475e-01  9.95275388e-03  6.06639459e-01
 -1.60987424e+00 -2.05230371e+00  2.54523227e+00 -1.42303841e+00
 -9.15379575e-01 -2.94621718e-01 -3.86670212e-01 -1.78935215e+00
 -1.28347245e+00 -1.40114642e+00  8.09751700e-01  4.17945020e-01
 -1.03928509e+00 -3.65950673e+00  4.12119923e-01  2.89810982e+00
  8.82152426e-01  1.67122468e+00 -2.82099733e+00  4.33141901e-01
  3.09931370e-01 -7.65825780e-01  2.24005936e+00  2.33472343e+00
  4.13062792e-01  9.28787653e+00 -1.23212147e+00  2.40261964e-01
 -2.56992990e+00  1.18116852e+00 -2.47953783e+00  4.61542007e-01
 -2.69232272e+00  2.25559770e+00 -7.16421366e-01 -5.38398554e-01
 -8.72431889e-01 -5.59868126e+00 -7.44974558e+00 -7.88808375e-01
  8.86992885e-01 -1.64127814e+00 -9.15663538e-02  8.78171505e-02
  2.12822810e-01  3.47120734e+00 -1.33421496e+00 -2.02558814e+00
  3.44137244e-01  9.67186687e-01 -3.31865034e-01 -1.57029564e+00
 -1.60552785e+00  1.22082135e+00 -7.95020456e-01  1.06494732e+00
  5.94816657e+00  4.97795404e-01 -2.01769018e+00 -3.84383937e-02
 -7.99634330e-01 -3.62873609e+00 -1.69378677e-01 -1.26027958e-01
  2.10259391e+00  4.42305332e-02 -3.84614407e+00 -2.61161447e+00
  1.18125997e+00 -2.43748880e+00  1.14235309e+00 -1.54589525e+00
  3.72237711e+00  8.58915469e+00 -6.91405354e+00  2.68645807e+00
 -4.52985254e+00  7.46711118e-01  6.99214658e+00 -2.66256553e+00
  1.83645798e-02  4.53141444e+00  7.77216537e-01  1.93950196e+00
  5.84659149e-01  1.24336878e+00 -5.18384260e-01 -4.58083940e+00
  7.52886968e+00 -6.43837725e+00  1.67392723e+00 -1.71849138e+00
  2.58416980e+00 -6.63602919e-02  4.30327325e+00 -6.03193268e+00
  1.57701167e+00 -1.67595338e+00 -1.03499051e+00  1.03930499e+00
 -1.57311999e+00 -2.12634754e+00  1.89139282e+00  6.67975980e-01
 -5.54117656e+00 -9.07875159e-01 -1.89228342e+00 -8.09297844e+00
 -8.03936961e+00 -2.94241197e+00 -1.43968699e+00  9.02602618e-01
  8.38247525e+00 -5.51863203e-01 -2.62670024e+00  7.40703108e+00
  1.07763991e+00 -5.96834009e+00  4.44962493e+00 -3.11864645e+00
  2.58005652e+00 -3.05281746e+00  1.75871129e+00 -6.57583726e-01]
[[6.05528741e-01 3.39603034e-01 3.12032084e-01 ... 1.42270308e-02
  2.64801999e-03 1.89218500e-01]
 [5.81462763e-01 3.48021626e-01 2.97653384e-01 ... 2.08912499e-02
  1.39827597e-03 1.28443407e-01]
 [5.76258175e-01 3.49588381e-01 2.94584522e-01 ... 2.24125636e-02
  1.21351201e-03 1.17428637e-01]
 ...
 [5.70837657e-01 4.53686594e-01 8.13957913e-01 ... 5.78010295e-11
  4.05830991e-05 1.24678465e-06]
 [6.14008391e-01 4.52933932e-01 8.03021021e-01 ... 3.76559175e-10
  1.49065550e-04 7.41543655e-06]
 [6.54514553e-01 4.48122839e-01 7.85118460e-01 ... 2.12355664e-09
  4.73960688e-04 3.81781566e-05]]
[32.58473965 75.71623775 96.66884417 ... -1.02318002  0.19680111
  0.29869002]
[[6.05528741e-01 3.39603034e-01 3.12032084e-01 ... 3.56395680e-03
  1.46253864e-17 5.11649372e-19]
 [5.81462763e-01 3.48021626e-01 2.97653384e-01 ... 1.08970137e-03
  3.23204711e-18 1.13068799e-19]
 [5.76258175e-01 3.49588381e-01 2.94584522e-01 ... 8.36581498e-04
  2.31979113e-18 8.11547567e-20]
 ...
 [5.70837657e-01 4.53686594e-01 8.13957913e-01 ... 7.63937947e-13
  5.29988641e-02 5.79605502e-04]
 [6.14008391e-01 4.52933932e-01 8.03021021e-01 ... 2.54327727e-11
  3.43767985e-02 3.75951106e-04]
 [6.54514553e-01 4.48122839e-01 7.85118460e-01 ... 6.34446851e-10
  1.67082208e-02 1.82724232e-04]]
[ 3.25847397e+01  7.57162378e+01  9.66688442e+01 ...  2.06813852e+00
 -4.82344732e-02 -1.92462508e-01]
[[6.05528741e-01 3.39603034e-01 3.12032084e-01 ... 3.56395680e-03
  1.46253864e-17 5.11649372e-19]
 [5.81462763e-01 3.48021626e-01 2.97653384e-01 ... 1.08970137e-03
  3.23204711e-18 1.13068799e-19]
 [5.76258175e-01 3.49588381e-01 2.94584522e-01 ... 8.36581498e-04
  2.31979113e-18 8.11547567e-20]
 ...
 [5.70837657e-01 4.53686594e-01 8.13957913e-01 ... 7.63937947e-13
  5.29988641e-02 5.79605502e-04]
 [6.14008391e-01 4.52933932e-01 8.03021021e-01 ... 2.54327727e-11
  3.43767985e-02 3.75951106e-04]
 [6.54514553e-01 4.48122839e-01 7.85118460e-01 ... 6.34446851e-10
  1.67082208e-02 1.82724232e-04]]
[ 3.25847397e+01  7.57162378e+01  9.66688442e+01 ...  2.06813852e+00
 -4.82344732e-02 -1.92462508e-01]
[[6.05528741e-01 3.39603034e-01 3.12032084e-01 ... 3.56395680e-03
  1.46253864e-17 5.11649372e-19]
 [5.81462763e-01 3.48021626e-01 2.97653384e-01 ... 1.08970137e-03
  3.23204711e-18 1.13068799e-19]
 [5.76258175e-01 3.49588381e-01 2.94584522e-01 ... 8.36581498e-04
  2.31979113e-18 8.11547567e-20]
 ...
 [5.70837657e-01 4.53686594e-01 8.13957913e-01 ... 7.63937947e-13
  5.29988641e-02 5.79605502e-04]
 [6.14008391e-01 4.52933932e-01 8.03021021e-01 ... 2.54327727e-11
  3.43767985e-02 3.75951106e-04]
 [6.54514553e-01 4.48122839e-01 7.85118460e-01 ... 6.34446851e-10
  1.67082208e-02 1.82724232e-04]]
[ 3.25847397e+01  7.57162378e+01  9.66688442e+01 ...  2.06813852e+00
 -4.82344732e-02 -1.92462508e-01]
[[6.05528741e-01 3.39603034e-01 3.12032084e-01 ... 3.56395680e-03
  1.46253864e-17 5.11649372e-19]
 [5.81462763e-01 3.48021626e-01 2.97653384e-01 ... 1.08970137e-03
  3.23204711e-18 1.13068799e-19]
 [5.76258175e-01 3.49588381e-01 2.94584522e-01 ... 8.36581498e-04
  2.31979113e-18 8.11547567e-20]
 ...
 [5.70837657e-01 4.53686594e-01 8.13957913e-01 ... 7.63937947e-13
  5.29988641e-02 5.79605502e-04]
 [6.14008391e-01 4.52933932e-01 8.03021021e-01 ... 2.54327727e-11
  3.43767985e-02 3.75951106e-04]
 [6.54514553e-01 4.48122839e-01 7.85118460e-01 ... 6.34446851e-10
  1.67082208e-02 1.82724232e-04]]
[ 3.25847397e+01  7.57162378e+01  9.66688442e+01 ...  2.06813852e+00
 -4.82344732e-02 -1.92462508e-01]
[[6.05528741e-01 3.39603034e-01 3.12032084e-01 ... 3.56395680e-03
  1.46253864e-17 5.11649372e-19]
 [5.81462763e-01 3.48021626e-01 2.97653384e-01 ... 1.08970137e-03
  3.23204711e-18 1.13068799e-19]
 [5.76258175e-01 3.49588381e-01 2.94584522e-01 ... 8.36581498e-04
  2.31979113e-18 8.11547567e-20]
 ...
 [5.70837657e-01 4.53686594e-01 8.13957913e-01 ... 7.63937947e-13
  5.29988641e-02 5.79605502e-04]
 [6.14008391e-01 4.52933932e-01 8.03021021e-01 ... 2.54327727e-11
  3.43767985e-02 3.75951106e-04]
 [6.54514553e-01 4.48122839e-01 7.85118460e-01 ... 6.34446851e-10
  1.67082208e-02 1.82724232e-04]]
[ 3.25847397e+01  7.57162378e+01  9.66688442e+01 ...  2.06813852e+00
 -4.82344732e-02 -1.92462508e-01]
[[6.05528741e-01 3.39603034e-01 3.12032084e-01 ... 3.56395680e-03
  1.46253864e-17 5.11649372e-19]
 [5.81462763e-01 3.48021626e-01 2.97653384e-01 ... 1.08970137e-03
  3.23204711e-18 1.13068799e-19]
 [5.76258175e-01 3.49588381e-01 2.94584522e-01 ... 8.36581498e-04
  2.31979113e-18 8.11547567e-20]
 ...
 [5.70837657e-01 4.53686594e-01 8.13957913e-01 ... 7.63937947e-13
  5.29988641e-02 5.79605502e-04]
 [6.14008391e-01 4.52933932e-01 8.03021021e-01 ... 2.54327727e-11
  3.43767985e-02 3.75951106e-04]
 [6.54514553e-01 4.48122839e-01 7.85118460e-01 ... 6.34446851e-10
  1.67082208e-02 1.82724232e-04]]
[ 3.25847397e+01  7.57162378e+01  9.66688442e+01 ...  2.06813852e+00
 -4.82344732e-02 -1.92462508e-01]
[[6.05528741e-01 3.39603034e-01 3.12032084e-01 ... 3.56395680e-03
  1.46253864e-17 5.11649372e-19]
 [5.81462763e-01 3.48021626e-01 2.97653384e-01 ... 1.08970137e-03
  3.23204711e-18 1.13068799e-19]
 [5.76258175e-01 3.49588381e-01 2.94584522e-01 ... 8.36581498e-04
  2.31979113e-18 8.11547567e-20]
 ...
 [5.70837657e-01 4.53686594e-01 8.13957913e-01 ... 7.63937947e-13
  5.29988641e-02 5.79605502e-04]
 [6.14008391e-01 4.52933932e-01 8.03021021e-01 ... 2.54327727e-11
  3.43767985e-02 3.75951106e-04]
 [6.54514553e-01 4.48122839e-01 7.85118460e-01 ... 6.34446851e-10
  1.67082208e-02 1.82724232e-04]]
[ 3.25847397e+01  7.57162378e+01  9.66688442e+01 ...  2.06813852e+00
 -4.82344732e-02 -1.92462508e-01]
[[6.05528741e-01 3.39603034e-01 3.12032084e-01 ... 3.56395680e-03
  1.46253864e-17 5.11649372e-19]
 [5.81462763e-01 3.48021626e-01 2.97653384e-01 ... 1.08970137e-03
  3.23204711e-18 1.13068799e-19]
 [5.76258175e-01 3.49588381e-01 2.94584522e-01 ... 8.36581498e-04
  2.31979113e-18 8.11547567e-20]
 ...
 [5.70837657e-01 4.53686594e-01 8.13957913e-01 ... 7.63937947e-13
  5.29988641e-02 5.79605502e-04]
 [6.14008391e-01 4.52933932e-01 8.03021021e-01 ... 2.54327727e-11
  3.43767985e-02 3.75951106e-04]
 [6.54514553e-01 4.48122839e-01 7.85118460e-01 ... 6.34446851e-10
  1.67082208e-02 1.82724232e-04]]
[ 3.25847397e+01  7.57162378e+01  9.66688442e+01 ...  2.06813852e+00
 -4.82344732e-02 -1.92462508e-01]
[[0.0134993  0.02257416]
 [0.03103086 0.01459675]
 [0.06206171 0.00868594]
 [0.11360449 0.00519799]
 [0.20809958 0.002974  ]
 [0.38008415 0.00168888]
 [0.38008415 0.00168888]
 [0.38008415 0.00168888]
 [0.38008415 0.00168888]
 [0.38008415 0.00168888]
 [0.38008415 0.00168888]
 [0.38008415 0.00168888]
 [0.38008415 0.00168888]]
