***************************** WARNING *********************************************
You're loading very old software that is no longer supported.  This software will be removed from CCR
during the June 2024 downtime.  Please update your workflow to utilize CCR's latest software release
*****************************************************************************************

The following have been reloaded with a version change:
  1) ccrsoft/2023.01 => ccrsoft/legacy

 The Intel 19.5 compilers are in your path. This is adequate for compiling and
running most codes. Source compilervars.sh for more features including the
debugger. 
 The Intel MPI 2019.5 is in your path. This is adequate for compiling and
running most codes. Run "source
/util/academic/intel/19.5/compilers_and_libraries_2019.5.281/linux/mpi/intel64/bin/mpivars.sh"
for more features including the debugger. 
 The MKL Libraries are in your library path. This is adequate for compiling and
running most codes. Source $MKL/bin/mklvars.sh" for more features. 
*** Warning, this code is deprecated and likely to be removed in future library versions:  /projects/academic/danialfa/software/dakota/dakota_source/packages/external/queso/src/core/src/GslMatrix.C, line 436, compiled Apr 13 2020 at 14:49:37 ***
The doLogitTransform option is deprecated.  Use both ip_mh_algorithm and ip_mh_tk instead./projects/academic/danialfa/software/dakota/dakota_source/packages/external/queso/src/stats/src/MetropolisHastingsSG.C, line 493, compiled Apr 13 2020 at 14:50:09 ***
Traceback (most recent call last):
  File "driver.py", line 35, in <module>
    Cs = np.load(Cs[j])
NameError: name 'Cs' is not defined

Error: cannot open results file "results.out" for evaluation 1
srun: error: cpn-q08-35-01: task 0: Exited with exit code 252
srun: launch/slurm: _step_signal: Terminating StepId=15157472.0
