Dakota version 6.11 released Nov 15 2019.
Repository revision c3efb375 (2019-11-07) built Apr 13 2020 14:55:21.
Running MPI Dakota executable in serial mode.
Start time: Sat Mar  9 23:16:52 2024

-----------------------
Begin DAKOTA input file
gravity.in
-----------------------
environment,
    tabular_data

method,
  bayes_calibration queso
    chain_samples = 20000    
    dram
chain_diagnostics
output debug


variables,
  uniform_uncertain 1
    upper_bounds  10.5
    lower_bounds 6.31
    descriptors 'Lv'


interface,
        fork
        batch
        analysis_drivers = 'python3 driver.py params.in results.out'
        parameters_file = 'params.in'
        results_file    = 'results.out'
        verbatim


responses,
  calibration_terms = 1    

  field_calibration_terms = 1
  lengths = 200
  num_coordinates_per_field 1

  calibration_data
  variance_type = 'diagonal'
  descriptors = 'CURVE1'
  no_gradients
  no_hessians---------------------
End DAKOTA input file
---------------------

Using Dakota input file 'gravity.in'
Writing new restart file 'dakota.rst'.
methodName = bayes_calibration
Constructing ExperimentData with 1 experiment(s).
Constructing experiment response; initial response is:
Active set vector = { 1 1 1 1 1 1 1 1 1 1 1 1 1 1 1 1 1 1 1 1 1 1 1 1 1 1 1 1 1 1 1 1 1 1 1 1 1 1 1 1 1 1 1 1 1 1 1 1 1 1 1 1 1 1 1 1 1 1 1 1 1 1 1 1 1 1 1 1 1 1 1 1 1 1 1 1 1 1 1 1 1 1 1 1 1 1 1 1 1 1 1 1 1 1 1 1 1 1 1 1 1 1 1 1 1 1 1 1 1 1 1 1 1 1 1 1 1 1 1 1 1 1 1 1 1 1 1 1 1 1 1 1 1 1 1 1 1 1 1 1 1 1 1 1 1 1 1 1 1 1 1 1 1 1 1 1 1 1 1 1 1 1 1 1 1 1 1 1 1 1 1 1 1 1 1 1 1 1 1 1 1 1 1 1 1 1 1 1 1 1 1 1 1 1 1 1 1 1 1 1 }
                      0.0000000000e+00 CURVE1_1
                      0.0000000000e+00 CURVE1_2
                      0.0000000000e+00 CURVE1_3
                      0.0000000000e+00 CURVE1_4
                      0.0000000000e+00 CURVE1_5
                      0.0000000000e+00 CURVE1_6
                      0.0000000000e+00 CURVE1_7
                      0.0000000000e+00 CURVE1_8
                      0.0000000000e+00 CURVE1_9
                      0.0000000000e+00 CURVE1_10
                      0.0000000000e+00 CURVE1_11
                      0.0000000000e+00 CURVE1_12
                      0.0000000000e+00 CURVE1_13
                      0.0000000000e+00 CURVE1_14
                      0.0000000000e+00 CURVE1_15
                      0.0000000000e+00 CURVE1_16
                      0.0000000000e+00 CURVE1_17
                      0.0000000000e+00 CURVE1_18
                      0.0000000000e+00 CURVE1_19
                      0.0000000000e+00 CURVE1_20
                      0.0000000000e+00 CURVE1_21
                      0.0000000000e+00 CURVE1_22
                      0.0000000000e+00 CURVE1_23
                      0.0000000000e+00 CURVE1_24
                      0.0000000000e+00 CURVE1_25
                      0.0000000000e+00 CURVE1_26
                      0.0000000000e+00 CURVE1_27
                      0.0000000000e+00 CURVE1_28
                      0.0000000000e+00 CURVE1_29
                      0.0000000000e+00 CURVE1_30
                      0.0000000000e+00 CURVE1_31
                      0.0000000000e+00 CURVE1_32
                      0.0000000000e+00 CURVE1_33
                      0.0000000000e+00 CURVE1_34
                      0.0000000000e+00 CURVE1_35
                      0.0000000000e+00 CURVE1_36
                      0.0000000000e+00 CURVE1_37
                      0.0000000000e+00 CURVE1_38
                      0.0000000000e+00 CURVE1_39
                      0.0000000000e+00 CURVE1_40
                      0.0000000000e+00 CURVE1_41
                      0.0000000000e+00 CURVE1_42
                      0.0000000000e+00 CURVE1_43
                      0.0000000000e+00 CURVE1_44
                      0.0000000000e+00 CURVE1_45
                      0.0000000000e+00 CURVE1_46
                      0.0000000000e+00 CURVE1_47
                      0.0000000000e+00 CURVE1_48
                      0.0000000000e+00 CURVE1_49
                      0.0000000000e+00 CURVE1_50
                      0.0000000000e+00 CURVE1_51
                      0.0000000000e+00 CURVE1_52
                      0.0000000000e+00 CURVE1_53
                      0.0000000000e+00 CURVE1_54
                      0.0000000000e+00 CURVE1_55
                      0.0000000000e+00 CURVE1_56
                      0.0000000000e+00 CURVE1_57
                      0.0000000000e+00 CURVE1_58
                      0.0000000000e+00 CURVE1_59
                      0.0000000000e+00 CURVE1_60
                      0.0000000000e+00 CURVE1_61
                      0.0000000000e+00 CURVE1_62
                      0.0000000000e+00 CURVE1_63
                      0.0000000000e+00 CURVE1_64
                      0.0000000000e+00 CURVE1_65
                      0.0000000000e+00 CURVE1_66
                      0.0000000000e+00 CURVE1_67
                      0.0000000000e+00 CURVE1_68
                      0.0000000000e+00 CURVE1_69
                      0.0000000000e+00 CURVE1_70
                      0.0000000000e+00 CURVE1_71
                      0.0000000000e+00 CURVE1_72
                      0.0000000000e+00 CURVE1_73
                      0.0000000000e+00 CURVE1_74
                      0.0000000000e+00 CURVE1_75
                      0.0000000000e+00 CURVE1_76
                      0.0000000000e+00 CURVE1_77
                      0.0000000000e+00 CURVE1_78
                      0.0000000000e+00 CURVE1_79
                      0.0000000000e+00 CURVE1_80
                      0.0000000000e+00 CURVE1_81
                      0.0000000000e+00 CURVE1_82
                      0.0000000000e+00 CURVE1_83
                      0.0000000000e+00 CURVE1_84
                      0.0000000000e+00 CURVE1_85
                      0.0000000000e+00 CURVE1_86
                      0.0000000000e+00 CURVE1_87
                      0.0000000000e+00 CURVE1_88
                      0.0000000000e+00 CURVE1_89
                      0.0000000000e+00 CURVE1_90
                      0.0000000000e+00 CURVE1_91
                      0.0000000000e+00 CURVE1_92
                      0.0000000000e+00 CURVE1_93
                      0.0000000000e+00 CURVE1_94
                      0.0000000000e+00 CURVE1_95
                      0.0000000000e+00 CURVE1_96
                      0.0000000000e+00 CURVE1_97
                      0.0000000000e+00 CURVE1_98
                      0.0000000000e+00 CURVE1_99
                      0.0000000000e+00 CURVE1_100
                      0.0000000000e+00 CURVE1_101
                      0.0000000000e+00 CURVE1_102
                      0.0000000000e+00 CURVE1_103
                      0.0000000000e+00 CURVE1_104
                      0.0000000000e+00 CURVE1_105
                      0.0000000000e+00 CURVE1_106
                      0.0000000000e+00 CURVE1_107
                      0.0000000000e+00 CURVE1_108
                      0.0000000000e+00 CURVE1_109
                      0.0000000000e+00 CURVE1_110
                      0.0000000000e+00 CURVE1_111
                      0.0000000000e+00 CURVE1_112
                      0.0000000000e+00 CURVE1_113
                      0.0000000000e+00 CURVE1_114
                      0.0000000000e+00 CURVE1_115
                      0.0000000000e+00 CURVE1_116
                      0.0000000000e+00 CURVE1_117
                      0.0000000000e+00 CURVE1_118
                      0.0000000000e+00 CURVE1_119
                      0.0000000000e+00 CURVE1_120
                      0.0000000000e+00 CURVE1_121
                      0.0000000000e+00 CURVE1_122
                      0.0000000000e+00 CURVE1_123
                      0.0000000000e+00 CURVE1_124
                      0.0000000000e+00 CURVE1_125
                      0.0000000000e+00 CURVE1_126
                      0.0000000000e+00 CURVE1_127
                      0.0000000000e+00 CURVE1_128
                      0.0000000000e+00 CURVE1_129
                      0.0000000000e+00 CURVE1_130
                      0.0000000000e+00 CURVE1_131
                      0.0000000000e+00 CURVE1_132
                      0.0000000000e+00 CURVE1_133
                      0.0000000000e+00 CURVE1_134
                      0.0000000000e+00 CURVE1_135
                      0.0000000000e+00 CURVE1_136
                      0.0000000000e+00 CURVE1_137
                      0.0000000000e+00 CURVE1_138
                      0.0000000000e+00 CURVE1_139
                      0.0000000000e+00 CURVE1_140
                      0.0000000000e+00 CURVE1_141
                      0.0000000000e+00 CURVE1_142
                      0.0000000000e+00 CURVE1_143
                      0.0000000000e+00 CURVE1_144
                      0.0000000000e+00 CURVE1_145
                      0.0000000000e+00 CURVE1_146
                      0.0000000000e+00 CURVE1_147
                      0.0000000000e+00 CURVE1_148
                      0.0000000000e+00 CURVE1_149
                      0.0000000000e+00 CURVE1_150
                      0.0000000000e+00 CURVE1_151
                      0.0000000000e+00 CURVE1_152
                      0.0000000000e+00 CURVE1_153
                      0.0000000000e+00 CURVE1_154
                      0.0000000000e+00 CURVE1_155
                      0.0000000000e+00 CURVE1_156
                      0.0000000000e+00 CURVE1_157
                      0.0000000000e+00 CURVE1_158
                      0.0000000000e+00 CURVE1_159
                      0.0000000000e+00 CURVE1_160
                      0.0000000000e+00 CURVE1_161
                      0.0000000000e+00 CURVE1_162
                      0.0000000000e+00 CURVE1_163
                      0.0000000000e+00 CURVE1_164
                      0.0000000000e+00 CURVE1_165
                      0.0000000000e+00 CURVE1_166
                      0.0000000000e+00 CURVE1_167
                      0.0000000000e+00 CURVE1_168
                      0.0000000000e+00 CURVE1_169
                      0.0000000000e+00 CURVE1_170
                      0.0000000000e+00 CURVE1_171
                      0.0000000000e+00 CURVE1_172
                      0.0000000000e+00 CURVE1_173
                      0.0000000000e+00 CURVE1_174
                      0.0000000000e+00 CURVE1_175
                      0.0000000000e+00 CURVE1_176
                      0.0000000000e+00 CURVE1_177
                      0.0000000000e+00 CURVE1_178
                      0.0000000000e+00 CURVE1_179
                      0.0000000000e+00 CURVE1_180
                      0.0000000000e+00 CURVE1_181
                      0.0000000000e+00 CURVE1_182
                      0.0000000000e+00 CURVE1_183
                      0.0000000000e+00 CURVE1_184
                      0.0000000000e+00 CURVE1_185
                      0.0000000000e+00 CURVE1_186
                      0.0000000000e+00 CURVE1_187
                      0.0000000000e+00 CURVE1_188
                      0.0000000000e+00 CURVE1_189
                      0.0000000000e+00 CURVE1_190
                      0.0000000000e+00 CURVE1_191
                      0.0000000000e+00 CURVE1_192
                      0.0000000000e+00 CURVE1_193
                      0.0000000000e+00 CURVE1_194
                      0.0000000000e+00 CURVE1_195
                      0.0000000000e+00 CURVE1_196
                      0.0000000000e+00 CURVE1_197
                      0.0000000000e+00 CURVE1_198
                      0.0000000000e+00 CURVE1_199
                      0.0000000000e+00 CURVE1_200

Reading diagonal cov from CURVE1
Values for experiment 1: 
                      0.0000000000e+00
                      0.0000000000e+00
                      0.0000000000e+00
                      0.0000000000e+00
                      0.0000000000e+00
                      0.0000000000e+00
                      0.0000000000e+00
                      0.0000000000e+00
                      0.0000000000e+00
                      0.0000000000e+00
                      0.0000000000e+00
                      0.0000000000e+00
                      0.0000000000e+00
                      0.0000000000e+00
                      0.0000000000e+00
                      0.0000000000e+00
                      0.0000000000e+00
                      0.0000000000e+00
                      0.0000000000e+00
                      0.0000000000e+00
                      0.0000000000e+00
                      0.0000000000e+00
                      0.0000000000e+00
                      0.0000000000e+00
                      0.0000000000e+00
                      0.0000000000e+00
                      3.8588800000e-05
                      1.1837000000e-04
                      1.5936900000e-04
                      1.5881400000e-04
                      1.5805800000e-04
                      1.5723800000e-04
                      1.5669800000e-04
                      1.5684300000e-04
                      1.5736700000e-04
                      1.5815300000e-04
                      1.6121000000e-04
                      1.6477400000e-04
                      1.6109800000e-04
                      1.4995400000e-04
                      1.3552800000e-04
                      1.2227000000e-04
                      1.1208100000e-04
                      1.0249600000e-04
                      9.3887400000e-05
                      8.7119200000e-05
                      8.1460300000e-05
                      7.5792100000e-05
                      7.0067900000e-05
                      6.4750000000e-05
                      5.9883500000e-05
                      5.5773700000e-05
                      5.2556600000e-05
                      4.9474500000e-05
                      4.6400800000e-05
                      4.3518100000e-05
                      4.1164400000e-05
                      3.9157400000e-05
                      3.7199000000e-05
                      3.5428600000e-05
                      3.3865300000e-05
                      3.2369600000e-05
                      3.0873900000e-05
                      2.9378100000e-05
                      2.7882400000e-05
                      2.6386700000e-05
                      2.4890900000e-05
                      2.3395200000e-05
                      2.1899400000e-05
                      2.0403700000e-05
                      1.8908000000e-05
                      1.7412200000e-05
                      1.5924700000e-05
                      1.4612700000e-05
                      1.3695000000e-05
                      1.3123500000e-05
                      1.2771000000e-05
                      1.2609900000e-05
                      1.2586800000e-05
                      1.2609600000e-05
                      1.2632400000e-05
                      1.2655200000e-05
                      1.2678000000e-05
                      1.2700800000e-05
                      1.2723600000e-05
                      1.2746400000e-05
                      1.2769300000e-05
                      1.2792100000e-05
                      1.2814900000e-05
                      1.2837700000e-05
                      1.2860500000e-05
                      1.2883300000e-05
                      1.2906100000e-05
                      1.2928900000e-05
                      1.2951800000e-05
                      1.2974600000e-05
                      1.2997400000e-05
                      1.3020200000e-05
                      1.3043000000e-05
                      1.3065800000e-05
                      1.3088600000e-05
                      1.3111400000e-05
                      1.3134300000e-05
                      1.3157100000e-05
                      1.3179900000e-05
                      1.3202700000e-05
                      1.3225500000e-05
                      1.3248300000e-05
                      1.3271100000e-05
                      1.3293900000e-05
                      1.3316800000e-05
                      1.3339600000e-05
                      1.3362400000e-05
                      1.3385200000e-05
                      1.3408000000e-05
                      1.3430800000e-05
                      1.3453600000e-05
                      1.3476500000e-05
                      1.3499300000e-05
                      1.3522100000e-05
                      1.3544900000e-05
                      1.3567700000e-05
                      1.3590500000e-05
                      1.3613300000e-05
                      1.3636100000e-05
                      1.3659000000e-05
                      1.3681800000e-05
                      1.3704600000e-05
                      1.3727400000e-05
                      1.3750200000e-05
                      1.3773000000e-05
                      1.3795800000e-05
                      1.3818600000e-05
                      1.3841500000e-05
                      1.3864300000e-05
                      1.3887100000e-05
                      1.3909900000e-05
                      1.3932700000e-05
                      1.3955500000e-05
                      1.4571600000e-05
                      1.8168800000e-05
                      2.5201500000e-05
                      3.4500500000e-05
                      5.1291400000e-05
                      4.9995500000e-05
                      2.7344000000e-05
                      8.7601900000e-06
                      0.0000000000e+00
                      0.0000000000e+00
                      0.0000000000e+00
                      0.0000000000e+00
                      0.0000000000e+00
                      0.0000000000e+00
                      0.0000000000e+00
                      0.0000000000e+00
                      0.0000000000e+00
                      0.0000000000e+00
                      0.0000000000e+00
                      0.0000000000e+00
                      0.0000000000e+00
                      0.0000000000e+00
                      0.0000000000e+00
                      0.0000000000e+00
                      0.0000000000e+00
                      0.0000000000e+00
                      0.0000000000e+00
                      0.0000000000e+00
                      0.0000000000e+00
                      0.0000000000e+00
                      0.0000000000e+00
                      0.0000000000e+00
                      0.0000000000e+00
                      0.0000000000e+00
                      0.0000000000e+00
                      0.0000000000e+00
                      0.0000000000e+00
                      0.0000000000e+00
                      0.0000000000e+00
                      0.0000000000e+00
                      0.0000000000e+00
                      0.0000000000e+00
                      0.0000000000e+00
                      0.0000000000e+00
                      0.0000000000e+00
                      0.0000000000e+00
                      0.0000000000e+00
                      0.0000000000e+00
                      0.0000000000e+00
                      0.0000000000e+00
                      0.0000000000e+00
                      0.0000000000e+00
                      0.0000000000e+00
                      0.0000000000e+00
                      0.0000000000e+00
                      0.0000000000e+00
                      0.0000000000e+00
                      0.0000000000e+00
                      0.0000000000e+00
                      0.0000000000e+00
                      0.0000000000e+00

Experiment data summary:

  Experiment 1 data values:
                      0.0000000000e+00
                      0.0000000000e+00
                      0.0000000000e+00
                      0.0000000000e+00
                      0.0000000000e+00
                      0.0000000000e+00
                      0.0000000000e+00
                      0.0000000000e+00
                      0.0000000000e+00
                      0.0000000000e+00
                      0.0000000000e+00
                      0.0000000000e+00
                      0.0000000000e+00
                      0.0000000000e+00
                      0.0000000000e+00
                      0.0000000000e+00
                      0.0000000000e+00
                      0.0000000000e+00
                      0.0000000000e+00
                      0.0000000000e+00
                      0.0000000000e+00
                      0.0000000000e+00
                      0.0000000000e+00
                      0.0000000000e+00
                      0.0000000000e+00
                      0.0000000000e+00
                      3.8588800000e-05
                      1.1837000000e-04
                      1.5936900000e-04
                      1.5881400000e-04
                      1.5805800000e-04
                      1.5723800000e-04
                      1.5669800000e-04
                      1.5684300000e-04
                      1.5736700000e-04
                      1.5815300000e-04
                      1.6121000000e-04
                      1.6477400000e-04
                      1.6109800000e-04
                      1.4995400000e-04
                      1.3552800000e-04
                      1.2227000000e-04
                      1.1208100000e-04
                      1.0249600000e-04
                      9.3887400000e-05
                      8.7119200000e-05
                      8.1460300000e-05
                      7.5792100000e-05
                      7.0067900000e-05
                      6.4750000000e-05
                      5.9883500000e-05
                      5.5773700000e-05
                      5.2556600000e-05
                      4.9474500000e-05
                      4.6400800000e-05
                      4.3518100000e-05
                      4.1164400000e-05
                      3.9157400000e-05
                      3.7199000000e-05
                      3.5428600000e-05
                      3.3865300000e-05
                      3.2369600000e-05
                      3.0873900000e-05
                      2.9378100000e-05
                      2.7882400000e-05
                      2.6386700000e-05
                      2.4890900000e-05
                      2.3395200000e-05
                      2.1899400000e-05
                      2.0403700000e-05
                      1.8908000000e-05
                      1.7412200000e-05
                      1.5924700000e-05
                      1.4612700000e-05
                      1.3695000000e-05
                      1.3123500000e-05
                      1.2771000000e-05
                      1.2609900000e-05
                      1.2586800000e-05
                      1.2609600000e-05
                      1.2632400000e-05
                      1.2655200000e-05
                      1.2678000000e-05
                      1.2700800000e-05
                      1.2723600000e-05
                      1.2746400000e-05
                      1.2769300000e-05
                      1.2792100000e-05
                      1.2814900000e-05
                      1.2837700000e-05
                      1.2860500000e-05
                      1.2883300000e-05
                      1.2906100000e-05
                      1.2928900000e-05
                      1.2951800000e-05
                      1.2974600000e-05
                      1.2997400000e-05
                      1.3020200000e-05
                      1.3043000000e-05
                      1.3065800000e-05
                      1.3088600000e-05
                      1.3111400000e-05
                      1.3134300000e-05
                      1.3157100000e-05
                      1.3179900000e-05
                      1.3202700000e-05
                      1.3225500000e-05
                      1.3248300000e-05
                      1.3271100000e-05
                      1.3293900000e-05
                      1.3316800000e-05
                      1.3339600000e-05
                      1.3362400000e-05
                      1.3385200000e-05
                      1.3408000000e-05
                      1.3430800000e-05
                      1.3453600000e-05
                      1.3476500000e-05
                      1.3499300000e-05
                      1.3522100000e-05
                      1.3544900000e-05
                      1.3567700000e-05
                      1.3590500000e-05
                      1.3613300000e-05
                      1.3636100000e-05
                      1.3659000000e-05
                      1.3681800000e-05
                      1.3704600000e-05
                      1.3727400000e-05
                      1.3750200000e-05
                      1.3773000000e-05
                      1.3795800000e-05
                      1.3818600000e-05
                      1.3841500000e-05
                      1.3864300000e-05
                      1.3887100000e-05
                      1.3909900000e-05
                      1.3932700000e-05
                      1.3955500000e-05
                      1.4571600000e-05
                      1.8168800000e-05
                      2.5201500000e-05
                      3.4500500000e-05
                      5.1291400000e-05
                      4.9995500000e-05
                      2.7344000000e-05
                      8.7601900000e-06
                      0.0000000000e+00
                      0.0000000000e+00
                      0.0000000000e+00
                      0.0000000000e+00
                      0.0000000000e+00
                      0.0000000000e+00
                      0.0000000000e+00
                      0.0000000000e+00
                      0.0000000000e+00
                      0.0000000000e+00
                      0.0000000000e+00
                      0.0000000000e+00
                      0.0000000000e+00
                      0.0000000000e+00
                      0.0000000000e+00
                      0.0000000000e+00
                      0.0000000000e+00
                      0.0000000000e+00
                      0.0000000000e+00
                      0.0000000000e+00
                      0.0000000000e+00
                      0.0000000000e+00
                      0.0000000000e+00
                      0.0000000000e+00
                      0.0000000000e+00
                      0.0000000000e+00
                      0.0000000000e+00
                      0.0000000000e+00
                      0.0000000000e+00
                      0.0000000000e+00
                      0.0000000000e+00
                      0.0000000000e+00
                      0.0000000000e+00
                      0.0000000000e+00
                      0.0000000000e+00
                      0.0000000000e+00
                      0.0000000000e+00
                      0.0000000000e+00
                      0.0000000000e+00
                      0.0000000000e+00
                      0.0000000000e+00
                      0.0000000000e+00
                      0.0000000000e+00
                      0.0000000000e+00
                      0.0000000000e+00
                      0.0000000000e+00
                      0.0000000000e+00
                      0.0000000000e+00
                      0.0000000000e+00
                      0.0000000000e+00
                      0.0000000000e+00
                      0.0000000000e+00
                      0.0000000000e+00

 NonDBayes Seed (system-generated) = 373907

A chain of length 20000 has been specified. 0 burn in samples will be 
discarded and every 1-th sample will be kept in the final chain. The 
final chain will have length 20000.
--------------------------------------------------------------------------------------------------------------
QUESO Library: Version = 0.56.0 (0)

Development Build

Build Date   = Apr 13 2020 14:49:36
Build Host   = srv-p22-12.cbls.ccr.buffalo.edu
Build User   = anonymous
Build Arch   = x86_64
Build Rev    = v0.58.0-release (469911a)

C++ Config   = /usr/bin/c++ 

Trilinos DIR = N/A
GSL Libs     = 
GRVY DIR     = N/A
GLPK DIR     = N/A
HDF5 DIR     = N/A
--------------------------------------------------------------------------------------------------------------
Beginning run at Sat Mar  9 23:16:52 2024

MPI node of worldRank 0 has fullRank 0, belongs to subEnvironment of id 0, and has subRank 0
MPI node of worldRank 0 belongs to sub communicator with full ranks 1
MPI node of worldRank 0 also belongs to inter0 communicator with full ranks 0, and has inter0Rank 0


>>>>> Executing environment.

>>>>> Running bayes_calibration iterator.

>>>>> bayes_calibration: pre-run phase.

>>>>> bayes_calibration: core run phase.
Initial Parameter values sent to QUESO (may be in scaled)
8.4050000000e+00 
Parameter bounds sent to QUESO (may be scaled):
paramMins 6.3100000000e+00 
paramMaxs 1.0500000000e+01 
QUESO ProposalCovMatrix
1.4630083333e+00  
Proposal Covariance 
1.4630083333e+00 

IP Final Options:
ip_computeSolution = 1
ip_dataOutputFileName = QuesoDiagnostics/invpb_output
ip_dataOutputAllowedSet = 0 1 


MH Final Options:mh_dataOutputFileName = QuesoDiagnostics/mh_output
mh_dataOutputAllowAll = 0
mh_dataOutputAllowedSet = 0 1 
mh_totallyMute = 0
mh_initialPosition_dataInputFileName = .
mh_initialPosition_dataInputFileType = m
mh_initialProposalCovMatrix_dataInputFileName = .
mh_initialProposalCovMatrix_dataInputFileType = m
mh_listOfDisabledParameters = 
mh_rawChain_dataInputFileName = .
mh_rawChain_dataInputFileType = m
mh_rawChain_size = 20000
mh_rawChain_generateExtra = 0
mh_rawChain_displayPeriod = 500
mh_rawChain_measureRunTimes = 1
mh_rawChain_dataOutputPeriod = 0
mh_rawChain_dataOutputFileName = QuesoDiagnostics/raw_chain
mh_rawChain_dataOutputFileType = m
mh_rawChain_dataOutputAllowAll = 0
mh_rawChain_dataOutputAllowedSet = 0 1 
mh_filteredChain_generate = 0
mh_filteredChain_discardedPortion = 0.0000000000e+00
mh_filteredChain_lag = 1
mh_filteredChain_dataOutputFileName = .
mh_filteredChain_dataOutputFileType = m
mh_filteredChain_dataOutputAllowAll = 0
mh_filteredChain_dataOutputAllowedSet = 
mh_displayCandidates = 0
mh_putOutOfBoundsInChain = 0
mh_tk_useLocalHessian = 0
mh_tk_useNewtonComponent = 1
mh_dr_maxNumExtraStages = 1
mh_dr_listOfScalesForExtraStages = 5.0000000000e+00 
mh_dr_duringAmNonAdaptiveInt = 1
mh_am_keepInitialMatrix = 0
mh_am_initialNonAdaptInterval = 100
mh_am_adaptInterval = 100
mh_am_adaptedMatrices_dataOutputPeriod = 0
mh_am_adaptedMatrices_dataOutputFileName = .
mh_am_adaptedMatrices_dataOutputFileType = m
mh_am_adaptedMatrices_dataOutputAllowAll = 0
mh_am_adaptedMatrices_dataOutputAllowedSet = 
mh_am_eta = 2.8800000000e+00
mh_am_epsilon = 1.0000000000e-08
mh_enableBrooksGelmanConvMonitor = 0
mh_BrooksGelmanLag = 100
mh_outputLogLikelihood = 1
mh_outputLogTarget = 1
mh_doLogitTransform = 0
mh_algorithm = random_walk
mh_tk = random_walk
mh_updateInterval = 1

QUESO: Running chain with 20000 samples.
QUESO final SIP options:

ip_computeSolution = 1
ip_dataOutputFileName = QuesoDiagnostics/invpb_output
ip_dataOutputAllowedSet = 0 1 

QUESO final MH options:
mh_dataOutputFileName = QuesoDiagnostics/mh_output
mh_dataOutputAllowAll = 0
mh_dataOutputAllowedSet = 0 1 
mh_totallyMute = 0
mh_initialPosition_dataInputFileName = .
mh_initialPosition_dataInputFileType = m
mh_initialProposalCovMatrix_dataInputFileName = .
mh_initialProposalCovMatrix_dataInputFileType = m
mh_listOfDisabledParameters = 
mh_rawChain_dataInputFileName = .
mh_rawChain_dataInputFileType = m
mh_rawChain_size = 20000
mh_rawChain_generateExtra = 0
mh_rawChain_displayPeriod = 500
mh_rawChain_measureRunTimes = 1
mh_rawChain_dataOutputPeriod = 0
mh_rawChain_dataOutputFileName = QuesoDiagnostics/raw_chain
mh_rawChain_dataOutputFileType = m
mh_rawChain_dataOutputAllowAll = 0
mh_rawChain_dataOutputAllowedSet = 0 1 
mh_filteredChain_generate = 0
mh_filteredChain_discardedPortion = 0.0000000000e+00
mh_filteredChain_lag = 1
mh_filteredChain_dataOutputFileName = .
mh_filteredChain_dataOutputFileType = m
mh_filteredChain_dataOutputAllowAll = 0
mh_filteredChain_dataOutputAllowedSet = 
mh_displayCandidates = 0
mh_putOutOfBoundsInChain = 0
mh_tk_useLocalHessian = 0
mh_tk_useNewtonComponent = 1
mh_dr_maxNumExtraStages = 1
mh_dr_listOfScalesForExtraStages = 5.0000000000e+00 
mh_dr_duringAmNonAdaptiveInt = 1
mh_am_keepInitialMatrix = 0
mh_am_initialNonAdaptInterval = 100
mh_am_adaptInterval = 100
mh_am_adaptedMatrices_dataOutputPeriod = 0
mh_am_adaptedMatrices_dataOutputFileName = .
mh_am_adaptedMatrices_dataOutputFileType = m
mh_am_adaptedMatrices_dataOutputAllowAll = 0
mh_am_adaptedMatrices_dataOutputAllowedSet = 
mh_am_eta = 2.8800000000e+00
mh_am_epsilon = 1.0000000000e-08
mh_enableBrooksGelmanConvMonitor = 0
mh_BrooksGelmanLag = 100
mh_outputLogLikelihood = 1
mh_outputLogTarget = 1
mh_doLogitTransform = 0
mh_algorithm = random_walk
mh_tk = random_walk
mh_updateInterval = 1

Running Bayesian Calibration with QUESO dram using 20000 MCMC samples.

---------------------
Begin Evaluation    1
---------------------
Parameters for evaluation 1:
                      8.4050000000e+00 Lv

blocking fork: python3 driver.py params.in results.out
