
Lmod is automatically replacing "intel-classic/2021.6.0-magic" with
"clang/14.0.6-magic".


Due to MODULEPATH changes, the following have been reloaded:
  1) mvapich2/2.3.7

slurmstepd: error: execve(): /usr/workspace/kolosret/ablateOpt/ablate: Permission denied
slurmstepd: error: execve(): /usr/workspace/kolosret/ablateOpt/ablate: Permission denied
slurmstepd: error: execve(): /usr/workspace/kolosret/ablateOpt/ablate: Permission denied
slurmstepd: error: execve(): /usr/workspace/kolosret/ablateOpt/ablate: Permission denied
slurmstepd: error: execve(): /usr/workspace/kolosret/ablateOpt/ablate: Permission denied
slurmstepd: error: execve(): /usr/workspace/kolosret/ablateOpt/ablate: Permission denied
slurmstepd: error: execve(): /usr/workspace/kolosret/ablateOpt/ablate: Permission denied
slurmstepd: error: execve(): /usr/workspace/kolosret/ablateOpt/ablate: Permission denied
slurmstepd: error: execve(): /usr/workspace/kolosret/ablateOpt/ablate: Permission denied
slurmstepd: error: execve(): /usr/workspace/kolosret/ablateOpt/ablate: Permission denied
slurmstepd: error: execve(): /usr/workspace/kolosret/ablateOpt/ablate: Permission denied
slurmstepd: error: execve(): /usr/workspace/kolosret/ablateOpt/ablate: Permission denied
slurmstepd: error: execve(): /usr/workspace/kolosret/ablateOpt/ablate: Permission denied
slurmstepd: error: execve(): /usr/workspace/kolosret/ablateOpt/ablate: Permission denied
slurmstepd: error: execve(): /usr/workspace/kolosret/ablateOpt/ablate: Permission denied
slurmstepd: error: execve(): /usr/workspace/kolosret/ablateOpt/ablate: Permission denied
slurmstepd: error: execve(): /usr/workspace/kolosret/ablateOpt/ablate: Permission denied
slurmstepd: error: execve(): /usr/workspace/kolosret/ablateOpt/ablate: Permission denied
slurmstepd: error: execve(): /usr/workspace/kolosret/ablateOpt/ablate: Permission denied
slurmstepd: error: execve(): /usr/workspace/kolosret/ablateOpt/ablate: Permission denied
slurmstepd: error: execve(): /usr/workspace/kolosret/ablateOpt/ablate: Permission denied
slurmstepd: error: execve(): /usr/workspace/kolosret/ablateOpt/ablate: Permission denied
slurmstepd: error: execve(): /usr/workspace/kolosret/ablateOpt/ablate: Permission denied
slurmstepd: error: execve(): /usr/workspace/kolosret/ablateOpt/ablate: Permission denied
slurmstepd: error: execve(): /usr/workspace/kolosret/ablateOpt/ablate: Permission denied
slurmstepd: error: execve(): /usr/workspace/kolosret/ablateOpt/ablate: Permission denied
slurmstepd: error: execve(): /usr/workspace/kolosret/ablateOpt/ablate: Permission denied
slurmstepd: error: execve(): /usr/workspace/kolosret/ablateOpt/ablate: Permission denied
slurmstepd: error: execve(): /usr/workspace/kolosret/ablateOpt/ablate: Permission denied
slurmstepd: error: execve(): /usr/workspace/kolosret/ablateOpt/ablate: Permission denied
slurmstepd: error: execve(): /usr/workspace/kolosret/ablateOpt/ablate: Permission denied
slurmstepd: error: execve(): /usr/workspace/kolosret/ablateOpt/ablate: Permission denied
slurmstepd: error: execve(): /usr/workspace/kolosret/ablateOpt/ablate: Permission denied
slurmstepd: error: execve(): /usr/workspace/kolosret/ablateOpt/ablate: Permission denied
slurmstepd: error: execve(): /usr/workspace/kolosret/ablateOpt/ablate: Permission denied
slurmstepd: error: execve(): /usr/workspace/kolosret/ablateOpt/ablate: Permission denied
srun: error: quartz57: tasks 0-35: Exited with exit code 13
