The following modules were not unloaded:
  (Use "module --force purge" to unload all):

  1) intel-classic/2021.6.0-magic   3) jobutils/1.0       5) StdEnv
  2) mvapich2/2.3.7                 4) texlive/20220321

Lmod is automatically replacing "intel-classic/2021.6.0-magic" with
"gcc/10.3.1-magic".


Due to MODULEPATH changes, the following have been reloaded:
  1) mvapich2/2.3.7

terminate called after throwing an instance of 'std::invalid_argument'
  what():  unable to locate input file: /p/lustre2/ubchrest/ABLATE_CMAME/ablateInputs/slabs/slabBurner.2D.pmma.54.yaml
[quartz886:mpi_rank_10][error_sighandler] Caught error: Aborted (signal 6)
terminate called after throwing an instance of 'std::invalid_argument'
  what():  unable to locate input file: /p/lustre2/ubchrest/ABLATE_CMAME/ablateInputs/slabs/slabBurner.2D.pmma.54.yaml
terminate called after throwing an instance of 'std::invalid_argument'
  what():  unable to locate input file: /p/lustre2/ubchrest/ABLATE_CMAME/ablateInputs/slabs/slabBurner.2D.pmma.54.yaml
[quartz886:mpi_rank_6][error_sighandler] Caught error: Aborted (signal 6)
terminate called after throwing an instance of 'std::invalid_argument'
  what():  unable to locate input file: /p/lustre2/ubchrest/ABLATE_CMAME/ablateInputs/slabs/slabBurner.2D.pmma.54.yaml
[quartz886:mpi_rank_8][error_sighandler] Caught error: Aborted (signal 6)
terminate called after throwing an instance of 'std::invalid_argument'
  what():  unable to locate input file: /p/lustre2/ubchrest/ABLATE_CMAME/ablateInputs/slabs/slabBurner.2D.pmma.54.yaml
[quartz886:mpi_rank_16][error_sighandler] Caught error: Aborted (signal 6)
terminate called after throwing an instance of 'std::invalid_argument'
  what():  unable to locate input file: /p/lustre2/ubchrest/ABLATE_CMAME/ablateInputs/slabs/slabBurner.2D.pmma.54.yaml
[quartz886:mpi_rank_29][error_sighandler] Caught error: Aborted (signal 6)
terminate called after throwing an instance of 'std::invalid_argument'
  what():  unable to locate input file: /p/lustre2/ubchrest/ABLATE_CMAME/ablateInputs/slabs/slabBurner.2D.pmma.54.yaml
[quartz886:mpi_rank_30][error_sighandler] Caught error: Aborted (signal 6)
terminate called after throwing an instance of 'std::invalid_argument'
  what():  unable to locate input file: /p/lustre2/ubchrest/ABLATE_CMAME/ablateInputs/slabs/slabBurner.2D.pmma.54.yaml
[quartz886:mpi_rank_35][error_sighandler] Caught error: Aborted (signal 6)
[quartz886:mpi_rank_0][error_sighandler] Caught error: Aborted (signal 6)
terminate called after throwing an instance of 'std::invalid_argument'
  what():  unable to locate input file: /p/lustre2/ubchrest/ABLATE_CMAME/ablateInputs/slabs/slabBurner.2D.pmma.54.yaml
[quartz886:mpi_rank_1][error_sighandler] Caught error: Aborted (signal 6)
terminate called after throwing an instance of 'std::invalid_argument'
  what():  unable to locate input file: /p/lustre2/ubchrest/ABLATE_CMAME/ablateInputs/slabs/slabBurner.2D.pmma.54.yaml
[quartz886:mpi_rank_7][error_sighandler] Caught error: Aborted (signal 6)
terminate called after throwing an instance of 'std::invalid_argument'
  what():  unable to locate input file: /p/lustre2/ubchrest/ABLATE_CMAME/ablateInputs/slabs/slabBurner.2D.pmma.54.yaml
[quartz886:mpi_rank_3][error_sighandler] Caught error: Aborted (signal 6)
terminate called after throwing an instance of 'std::invalid_argument'
  what():  unable to locate input file: /p/lustre2/ubchrest/ABLATE_CMAME/ablateInputs/slabs/slabBurner.2D.pmma.54.yaml
[quartz886:mpi_rank_13][error_sighandler] Caught error: Aborted (signal 6)
terminate called after throwing an instance of 'std::invalid_argument'
  what():  unable to locate input file: /p/lustre2/ubchrest/ABLATE_CMAME/ablateInputs/slabs/slabBurner.2D.pmma.54.yaml
[quartz886:mpi_rank_2][error_sighandler] Caught error: Aborted (signal 6)
terminate called after throwing an instance of 'std::invalid_argument'
  what():  unable to locate input file: /p/lustre2/ubchrest/ABLATE_CMAME/ablateInputs/slabs/slabBurner.2D.pmma.54.yaml
[quartz886:mpi_rank_4][error_sighandler] Caught error: Aborted (signal 6)
terminate called after throwing an instance of 'std::invalid_argument'
  what():  unable to locate input file: /p/lustre2/ubchrest/ABLATE_CMAME/ablateInputs/slabs/slabBurner.2D.pmma.54.yaml
[quartz886:mpi_rank_15][error_sighandler] Caught error: Aborted (signal 6)
terminate called after throwing an instance of 'std::invalid_argument'
  what():  unable to locate input file: /p/lustre2/ubchrest/ABLATE_CMAME/ablateInputs/slabs/slabBurner.2D.pmma.54.yaml
[quartz886:mpi_rank_5][error_sighandler] Caught error: Aborted (signal 6)
terminate called after throwing an instance of 'std::invalid_argument'
  what():  unable to locate input file: /p/lustre2/ubchrest/ABLATE_CMAME/ablateInputs/slabs/slabBurner.2D.pmma.54.yaml
terminate called after throwing an instance of 'std::invalid_argument'
  what():  unable to locate input file: /p/lustre2/ubchrest/ABLATE_CMAME/ablateInputs/slabs/slabBurner.2D.pmma.54.yaml
[quartz886:mpi_rank_17][error_sighandler] Caught error: Aborted (signal 6)
[quartz886:mpi_rank_9][error_sighandler] Caught error: Aborted (signal 6)
terminate called after throwing an instance of 'std::invalid_argument'
  what():  unable to locate input file: /p/lustre2/ubchrest/ABLATE_CMAME/ablateInputs/slabs/slabBurner.2D.pmma.54.yaml
[quartz886:mpi_rank_12][error_sighandler] Caught error: Aborted (signal 6)
terminate called after throwing an instance of 'std::invalid_argument'
  what():  unable to locate input file: /p/lustre2/ubchrest/ABLATE_CMAME/ablateInputs/slabs/slabBurner.2D.pmma.54.yaml
[quartz886:mpi_rank_14][error_sighandler] Caught error: Aborted (signal 6)
terminate called after throwing an instance of 'std::invalid_argument'
  what():  unable to locate input file: /p/lustre2/ubchrest/ABLATE_CMAME/ablateInputs/slabs/slabBurner.2D.pmma.54.yaml
[quartz886:mpi_rank_23][error_sighandler] Caught error: Aborted (signal 6)
terminate called after throwing an instance of 'std::invalid_argument'
  what():  unable to locate input file: /p/lustre2/ubchrest/ABLATE_CMAME/ablateInputs/slabs/slabBurner.2D.pmma.54.yaml
[quartz886:mpi_rank_33][error_sighandler] Caught error: Aborted (signal 6)
terminate called after throwing an instance of 'std::invalid_argument'
  what():  unable to locate input file: /p/lustre2/ubchrest/ABLATE_CMAME/ablateInputs/slabs/slabBurner.2D.pmma.54.yaml
terminate called after throwing an instance of 'std::invalid_argument'
  what():  unable to locate input file: /p/lustre2/ubchrest/ABLATE_CMAME/ablateInputs/slabs/slabBurner.2D.pmma.54.yaml
terminate called after throwing an instance of 'std::invalid_argument'
  what():  unable to locate input file: /p/lustre2/ubchrest/ABLATE_CMAME/ablateInputs/slabs/slabBurner.2D.pmma.54.yaml
terminate called after throwing an instance of 'std::invalid_argument'
  what():  unable to locate input file: /p/lustre2/ubchrest/ABLATE_CMAME/ablateInputs/slabs/slabBurner.2D.pmma.54.yaml
[quartz886:mpi_rank_26][error_sighandler] Caught error: Aborted (signal 6)
[quartz886:mpi_rank_27][error_sighandler] Caught error: Aborted (signal 6)
terminate called after throwing an instance of 'std::invalid_argument'
  what():  unable to locate input file: /p/lustre2/ubchrest/ABLATE_CMAME/ablateInputs/slabs/slabBurner.2D.pmma.54.yaml
[quartz886:mpi_rank_34][error_sighandler] Caught error: Aborted (signal 6)
[quartz886:mpi_rank_19][error_sighandler] Caught error: Aborted (signal 6)
terminate called after throwing an instance of 'std::invalid_argument'
  what():  unable to locate input file: /p/lustre2/ubchrest/ABLATE_CMAME/ablateInputs/slabs/slabBurner.2D.pmma.54.yaml
[quartz886:mpi_rank_31][error_sighandler] Caught error: Aborted (signal 6)
[quartz886:mpi_rank_32][error_sighandler] Caught error: Aborted (signal 6)
terminate called after throwing an instance of 'std::invalid_argument'
  what():  unable to locate input file: /p/lustre2/ubchrest/ABLATE_CMAME/ablateInputs/slabs/slabBurner.2D.pmma.54.yaml
[quartz886:mpi_rank_18][error_sighandler] Caught error: Aborted (signal 6)
terminate called after throwing an instance of 'std::invalid_argument'
  what():  unable to locate input file: /p/lustre2/ubchrest/ABLATE_CMAME/ablateInputs/slabs/slabBurner.2D.pmma.54.yaml
[quartz886:mpi_rank_21][error_sighandler] Caught error: Aborted (signal 6)
terminate called after throwing an instance of 'std::invalid_argument'
  what():  unable to locate input file: /p/lustre2/ubchrest/ABLATE_CMAME/ablateInputs/slabs/slabBurner.2D.pmma.54.yaml
[quartz886:mpi_rank_20][error_sighandler] Caught error: Aborted (signal 6)
terminate called after throwing an instance of 'std::invalid_argument'
  what():  unable to locate input file: /p/lustre2/ubchrest/ABLATE_CMAME/ablateInputs/slabs/slabBurner.2D.pmma.54.yaml
terminate called after throwing an instance of 'std::invalid_argument'
  what():  unable to locate input file: /p/lustre2/ubchrest/ABLATE_CMAME/ablateInputs/slabs/slabBurner.2D.pmma.54.yaml
terminate called after throwing an instance of 'std::invalid_argument'
  what():  unable to locate input file: /p/lustre2/ubchrest/ABLATE_CMAME/ablateInputs/slabs/slabBurner.2D.pmma.54.yaml
[quartz886:mpi_rank_25][error_sighandler] Caught error: Aborted (signal 6)
[quartz886:mpi_rank_28][error_sighandler] Caught error: Aborted (signal 6)
[quartz886:mpi_rank_22][error_sighandler] Caught error: Aborted (signal 6)
terminate called after throwing an instance of 'std::invalid_argument'
  what():  unable to locate input file: /p/lustre2/ubchrest/ABLATE_CMAME/ablateInputs/slabs/slabBurner.2D.pmma.54.yaml
[quartz886:mpi_rank_24][error_sighandler] Caught error: Aborted (signal 6)
terminate called after throwing an instance of 'std::invalid_argument'
  what():  unable to locate input file: /p/lustre2/ubchrest/ABLATE_CMAME/ablateInputs/slabs/slabBurner.2D.pmma.54.yaml
[quartz886:mpi_rank_11][error_sighandler] Caught error: Aborted (signal 6)
srun: error: quartz886: tasks 0-35: Aborted (core dumped)
