1

                                             * * * * * * * * *  L H S  * * * * * * * * *

                                             LATIN HYPERCUBE AND RANDOM SAMPLING PROGRAM

                                             * * * * * * * * * * * * * * * * * * * * * *


    Run on  3/13/24 at 22:35:13.82 with LHS Version: 2.30 Release 1, Compiled May 31, 2001        


0    Pecos::LHSDriver

    Random Seed =      691338

    Number of Variables =   3

    Number of Observations =  800
0   The sample was written to the file: LHS_samples.out
0   Input was read from the file: 
0   The sample input vectors will be printed along with their corresponding ranks.
0   Histograms of the actual sample will be plotted for each input variable.
0   The correlation matrices (raw data and rank correlations) will be printed.
1

    Pecos::LHSDriver                                                                                                             

    VARIABLE  DISTRIBUTION          RANGE            LABEL
0       1        UNIFORM     6.01     TO   9.01                                                        
0       2        UNIFORM     2.33     TO   3.49                                                        
0       3        UNIFORM     5.41     TO   8.11                                                        
1Pecos::LHSDriver                                                                                                             
0LATIN HYPERCUBE SAMPLE INPUT VECTORS

 RUN NO. X(1)      X(2)      X(3)
0    1  6.66      2.34      6.18    
0    2  6.41      2.35      6.71    
0    3  7.52      3.39      5.61    
0    4  7.10      2.36      5.42    
0    5  6.43      2.51      5.80    
0    6  6.28      3.10      6.68    
0    7  8.09      3.15      7.06    
0    8  8.06      2.86      6.79    
0    9  7.55      3.10      7.85    
0   10  7.71      2.84      7.44    
0   11  7.30      2.63      6.83    
0   12  8.03      3.21      5.74    
0   13  8.62      3.30      7.00    
0   14  8.18      3.09      5.41    
0   15  8.22      2.47      6.88    
0   16  8.86      2.99      7.08    
0   17  8.37      2.41      7.80    
0   18  6.18      3.15      6.10    
0   19  7.02      3.19      6.53    
0   20  6.48      3.42      6.24    
0   21  7.03      3.00      6.24    
0   22  7.96      3.04      6.73    
0   23  6.30      3.41      6.05    
0   24  6.73      2.67      7.49    
0   25  8.30      2.46      6.31    
0   26  6.15      2.52      7.68    
0   27  8.59      2.35      7.61    
0   28  8.89      3.44      6.47    
0   29  7.73      2.65      7.38    
0   30  8.42      2.40      6.10    
0   31  6.81      2.54      7.35    
0   32  7.12      3.40      7.02    
0   33  6.24      2.61      6.66    
0   34  7.18      2.89      7.18    
0   35  7.22      2.90      6.58    
0   36  7.01      3.46      7.24    
0   37  8.01      2.38      7.45    
0   38  6.72      2.77      6.54    
0   39  6.37      3.05      7.58    
0   40  8.00      3.00      7.94    
0   41  8.92      2.36      6.49    
0   42  7.45      3.11      5.72    
0   43  6.90      3.29      6.15    
0   44  8.61      3.27      5.47    
0   45  7.99      3.02      7.16    
0   46  6.07      2.53      6.52    
0   47  6.35      3.11      5.67    
0   48  8.95      3.13      7.17    
0   49  6.97      3.30      6.55    
0   50  8.40      3.17      6.51    
0   51  7.69      2.48      7.10    
0   52  7.43      3.02      5.51    
0   53  7.46      2.58      6.89    
0   54  6.02      2.35      6.27    
0   55  8.51      3.32      7.28    
0   56  8.13      3.35      7.83    
0   57  7.47      3.08      6.05    
0   58  6.40      2.43      5.99    
0   59  7.75      2.74      6.89    
0   60  7.04      2.65      6.74    
0   61  8.66      2.92      6.36    
0   62  6.42      2.55      6.76    
0   63  8.58      2.53      6.06    
0   64  7.71      3.32      8.06    
0   65  7.93      2.65      5.49    
0   66  7.18      3.13      6.63    
0   67  6.24      2.45      5.63    
0   68  7.12      2.83      5.52    
0   69  6.36      2.55      6.26    
0   70  8.24      3.06      6.96    
0   71  8.07      3.07      7.43    
0   72  6.37      3.29      7.79    
0   73  6.91      2.80      6.39    
0   74  7.14      3.09      5.58    
0   75  6.09      3.14      7.98    
0   76  6.01      2.93      7.01    
0   77  8.83      2.53      7.54    
0   78  6.96      2.36      6.20    
0   79  6.04      2.96      6.19    
0   80  8.34      3.32      5.88    
0   81  8.36      3.48      6.72    
0   82  8.50      3.09      6.58    
0   83  7.57      2.44      6.20    
0   84  8.71      3.44      5.75    
0   85  6.85      2.89      7.04    
0   86  7.13      2.49      6.14    
0   87  8.59      3.38      6.24    
0   88  8.74      2.69      7.46    
0   89  7.94      2.68      6.15    
0   90  8.19      2.99      7.02    
0   91  7.61      2.96      5.64    
0   92  7.83      3.05      6.49    
0   93  8.82      2.51      8.06    
0   94  8.72      3.16      6.92    
0   95  7.48      2.83      6.57    
0   96  7.09      2.42      5.96    
0   97  7.65      2.91      5.79    
0   98  7.39      3.34      6.46    
0   99  7.73      2.88      5.89    
0  100  6.22      2.50      7.53    
0  101  7.33      3.09      8.05    
0  102  8.79      2.50      7.81    
0  103  6.57      3.03      7.22    
0  104  6.11      3.03      6.86    
0  105  6.95      3.45      6.81    
0  106  7.98      2.56      6.40    
0  107  7.81      2.34      6.42    
0  108  8.95      2.90      6.87    
0  109  7.41      3.11      6.43    
0  110  8.45      2.90      5.89    
0  111  6.24      2.57      5.45    
0  112  8.37      3.36      5.93    
0  113  7.84      2.55      7.46    
0  114  8.52      2.84      5.54    
0  115  7.23      3.25      7.40    
0  116  7.76      3.00      7.31    
0  117  8.74      2.97      7.68    
0  118  8.43      3.23      7.59    
0  119  6.25      3.12      5.48    
0  120  7.28      2.37      5.77    
0  121  7.98      2.61      7.47    
0  122  7.24      2.64      7.14    
0  123  7.35      2.97      7.30    
0  124  8.54      2.68      6.34    
0  125  8.53      2.87      7.83    
0  126  7.14      3.26      6.98    
0  127  6.38      3.20      5.48    
0  128  7.96      3.23      5.48    
0  129  6.13      2.41      5.43    
0  130  6.66      2.65      7.20    
0  131  7.04      2.38      7.93    
0  132  6.73      3.46      7.05    
0  133  7.96      3.37      8.00    
0  134  6.74      2.91      7.61    
0  135  7.92      2.45      7.52    
0  136  8.10      2.89      6.94    
0  137  7.17      3.33      7.01    
0  138  6.47      2.54      8.08    
0  139  7.21      2.55      5.87    
0  140  7.09      3.03      7.05    
0  141  7.05      3.28      8.05    
0  142  6.98      3.25      7.90    
0  143  8.18      2.41      7.92    
0  144  6.05      2.71      6.14    
0  145  7.58      3.15      6.20    
0  146  8.19      2.43      7.70    
0  147  8.67      2.75      5.65    
0  148  6.87      2.66      7.67    
0  149  7.46      3.04      7.69    
0  150  7.68      3.45      7.33    
0  151  6.32      2.73      7.49    
0  152  6.94      2.48      6.55    
0  153  7.14      3.41      7.36    
0  154  7.31      3.09      6.29    
0  155  6.10      2.58      7.18    
0  156  7.57      3.34      6.53    
0  157  6.41      3.37      5.45    
0  158  8.94      2.60      7.86    
0  159  7.64      2.62      5.70    
0  160  7.62      2.95      5.70    
0  161  6.65      2.88      5.96    
0  162  8.80      3.42      6.63    
0  163  6.46      2.69      7.08    
0  164  7.00      2.95      6.58    
0  165  7.67      2.96      6.43    
0  166  7.41      2.46      6.35    
0  167  7.06      2.33      6.95    
0  168  8.91      3.40      6.14    
0  169  6.03      2.57      7.98    
0  170  7.63      3.41      7.00    
0  171  6.68      2.88      5.66    
0  172  7.78      3.07      6.85    
0  173  8.97      2.53      6.88    
0  174  9.01      2.91      6.25    
0  175  6.54      3.00      6.36    
0  176  6.18      2.49      6.16    
0  177  8.56      2.74      5.48    
0  178  8.57      3.06      6.22    
0  179  7.08      3.07      6.06    
0  180  6.34      2.95      7.75    
0  181  6.62      3.47      7.59    
0  182  7.24      2.54      7.87    
0  183  6.40      2.97      8.00    
0  184  7.54      3.23      6.45    
0  185  6.60      2.83      7.84    
0  186  8.68      2.98      6.47    
0  187  6.91      3.27      6.32    
0  188  7.56      2.66      7.11    
0  189  6.43      3.12      8.07    
0  190  8.85      2.71      6.62    
0  191  8.71      2.70      6.04    
0  192  8.64      2.47      5.42    
0  193  6.50      2.87      8.07    
0  194  8.81      3.18      6.16    
0  195  8.68      2.49      7.51    
0  196  7.18      2.75      7.09    
0  197  8.09      2.98      6.55    
0  198  6.11      2.40      5.73    
0  199  8.50      2.47      5.98    
0  200  8.61      3.04      7.97    
0  201  6.33      3.43      7.23    
0  202  8.24      2.67      7.16    
0  203  7.24      2.64      6.11    
0  204  6.81      2.96      5.98    
0  205  6.75      3.31      7.13    
0  206  7.92      2.61      6.25    
0  207  7.96      2.57      6.01    
0  208  8.70      3.04      7.34    
0  209  8.85      2.73      5.77    
0  210  7.60      3.39      5.44    
0  211  8.35      2.90      7.66    
0  212  6.08      2.79      6.79    
0  213  8.20      3.43      6.95    
0  214  8.32      3.25      6.65    
0  215  8.78      3.17      6.92    
0  216  7.02      2.57      5.53    
0  217  8.84      2.41      7.01    
0  218  6.77      3.24      5.66    
0  219  8.40      2.76      7.41    
0  220  6.86      2.76      6.71    
0  221  8.14      2.51      6.70    
0  222  6.38      3.01      7.12    
0  223  6.58      3.11      7.62    
0  224  7.29      3.26      7.17    
0  225  8.75      3.28      6.92    
0  226  7.16      3.31      7.15    
0  227  8.37      3.24      7.39    
0  228  8.39      2.55      7.66    
0  229  8.97      2.92      5.75    
0  230  6.11      2.79      7.19    
0  231  6.60      2.67      5.76    
0  232  8.66      2.37      6.08    
0  233  8.88      3.20      7.35    
0  234  8.92      2.42      7.53    
0  235  7.05      3.17      7.29    
0  236  6.45      3.42      7.42    
0  237  8.25      3.44      7.23    
0  238  6.85      2.93      7.86    
0  239  6.78      3.01      7.48    
0  240  6.65      3.37      7.98    
0  241  8.79      2.88      7.73    
0  242  7.11      3.39      8.00    
0  243  7.39      3.40      6.60    
0  244  6.97      2.41      7.60    
0  245  7.78      2.85      7.52    
0  246  6.66      2.39      6.56    
0  247  8.30      2.43      7.77    
0  248  7.80      2.45      7.02    
0  249  7.06      2.56      6.28    
0  250  7.89      3.46      5.68    
0  251  7.85      3.22      8.04    
0  252  8.90      2.66      6.21    
0  253  8.21      2.82      6.75    
0  254  8.96      2.68      7.89    
0  255  6.84      3.32      6.88    
0  256  6.54      2.77      6.94    
0  257  8.02      2.36      6.82    
0  258  6.59      2.74      7.31    
0  259  7.90      3.13      5.94    
0  260  7.06      2.81      7.83    
0  261  7.48      3.45      6.64    
0  262  7.49      2.39      5.52    
0  263  6.64      2.86      6.93    
0  264  6.72      2.75      7.11    
0  265  6.18      2.50      8.02    
0  266  6.45      2.71      6.36    
0  267  8.34      2.58      6.97    
0  268  7.97      2.81      6.65    
0  269  7.64      2.73      8.05    
0  270  7.74      2.50      7.22    
0  271  6.88      2.68      6.11    
0  272  7.92      3.07      7.77    
0  273  8.81      2.37      7.52    
0  274  8.42      2.87      6.03    
0  275  7.41      2.85      6.86    
0  276  8.17      2.76      5.86    
0  277  6.80      2.55      6.23    
0  278  8.25      2.63      7.99    
0  279  8.44      2.49      6.41    
0  280  7.34      2.36      7.59    
0  281  7.05      3.14      5.65    
0  282  7.38      3.38      6.69    
0  283  8.06      3.23      7.78    
0  284  6.45      3.23      5.54    
0  285  8.59      2.51      7.08    
0  286  7.34      3.20      8.11    
0  287  8.49      2.69      5.83    
0  288  8.01      3.38      6.39    
0  289  6.91      2.53      5.55    
0  290  6.20      2.88      7.74    
0  291  6.67      2.72      8.09    
0  292  6.82      3.40      6.69    
0  293  7.74      2.76      7.99    
0  294  7.66      3.19      7.59    
0  295  8.84      2.97      7.56    
0  296  8.27      2.77      5.69    
0  297  7.17      3.18      7.27    
0  298  7.16      3.27      7.33    
0  299  6.44      2.80      8.09    
0  300  6.22      3.28      7.91    
0  301  7.95      2.47      5.63    
0  302  8.25      3.25      7.63    
0  303  8.30      2.36      7.66    
0  304  7.85      2.33      7.82    
0  305  7.72      3.42      6.22    
0  306  6.81      2.57      7.62    
0  307  6.57      3.40      7.80    
0  308  7.91      3.21      7.95    
0  309  8.36      2.94      5.85    
0  310  8.62      2.86      6.15    
0  311  8.57      3.13      6.67    
0  312  8.13      3.22      6.30    
0  313  7.83      3.01      7.19    
0  314  6.19      2.62      5.68    
0  315  8.66      2.61      6.71    
0  316  7.40      2.58      6.97    
0  317  6.15      2.46      7.81    
0  318  8.03      3.10      5.44    
0  319  8.11      2.64      5.78    
0  320  8.02      2.59      7.04    
0  321  6.21      2.39      6.66    
0  322  8.26      2.87      7.29    
0  323  6.92      3.23      7.72    
0  324  7.59      2.52      6.38    
0  325  7.08      2.72      5.99    
0  326  8.29      3.20      5.85    
0  327  8.43      3.00      8.05    
0  328  7.23      3.25      7.28    
0  329  6.77      3.14      5.74    
0  330  8.94      3.34      8.01    
0  331  7.30      2.34      7.63    
0  332  8.82      3.02      7.94    
0  333  6.57      3.31      7.15    
0  334  7.36      2.43      6.81    
0  335  7.40      2.53      5.87    
0  336  7.01      2.92      5.65    
0  337  8.32      2.50      6.08    
0  338  7.13      2.95      5.97    
0  339  6.55      3.11      7.45    
0  340  7.03      2.74      5.60    
0  341  6.73      3.27      6.38    
0  342  7.35      3.16      5.52    
0  343  6.71      3.10      7.64    
0  344  6.92      3.49      7.71    
0  345  7.95      3.16      7.37    
0  346  6.63      2.90      6.07    
0  347  6.25      3.37      6.54    
0  348  6.32      2.94      6.96    
0  349  8.32      2.75      6.54    
0  350  7.13      3.08      5.92    
0  351  8.16      2.60      6.18    
0  352  6.55      2.45      7.45    
0  353  7.28      2.62      7.81    
0  354  9.00      3.23      7.55    
0  355  7.08      3.16      7.63    
0  356  7.88      2.79      8.10    
0  357  6.13      2.91      5.92    
0  358  7.21      3.08      7.32    
0  359  7.27      2.58      6.11    
0  360  7.87      3.16      5.71    
0  361  6.92      2.37      7.31    
0  362  8.73      2.56      7.48    
0  363  8.12      3.01      6.45    
0  364  7.77      2.46      6.33    
0  365  7.69      3.17      5.62    
0  366  8.89      2.34      7.71    
0  367  8.49      3.19      6.56    
0  368  7.80      3.41      6.13    
0  369  6.84      2.35      6.26    
0  370  6.16      2.99      5.71    
0  371  7.66      2.49      7.10    
0  372  8.71      3.00      7.16    
0  373  6.76      2.86      7.47    
0  374  7.30      2.92      6.75    
0  375  6.31      2.53      5.89    
0  376  6.78      3.36      5.90    
0  377  6.48      2.78      6.35    
0  378  6.35      3.26      7.78    
0  379  6.56      2.56      6.34    
0  380  6.70      2.51      5.73    
0  381  8.97      3.45      6.81    
0  382  7.94      3.11      5.58    
0  383  8.53      2.84      7.89    
0  384  6.10      2.94      5.61    
0  385  8.67      3.08      6.80    
0  386  7.51      2.34      5.76    
0  387  6.70      2.42      5.86    
0  388  8.17      3.30      8.03    
0  389  8.78      3.38      7.13    
0  390  6.99      3.40      6.10    
0  391  8.15      2.71      7.40    
0  392  8.99      2.67      8.01    
0  393  6.83      3.17      7.84    
0  394  8.98      2.93      6.02    
0  395  7.15      3.43      7.41    
0  396  6.19      3.20      7.04    
0  397  7.52      3.10      7.06    
0  398  8.60      3.29      6.08    
0  399  6.80      2.44      6.90    
0  400  8.48      3.15      5.71    
0  401  6.76      2.79      6.41    
0  402  6.58      3.12      7.55    
0  403  6.21      2.89      5.82    
0  404  7.32      2.94      7.06    
0  405  6.62      3.06      5.50    
0  406  7.81      2.78      7.13    
0  407  7.21      3.12      5.84    
0  408  8.23      2.90      6.01    
0  409  7.17      3.42      6.40    
0  410  6.07      2.65      7.91    
0  411  8.22      3.06      6.07    
0  412  8.38      2.86      5.53    
0  413  8.72      2.34      7.90    
0  414  8.46      3.12      6.85    
0  415  6.51      3.21      6.93    
0  416  7.70      3.21      7.60    
0  417  6.89      3.24      7.89    
0  418  7.43      3.25      6.02    
0  419  8.20      2.84      7.80    
0  420  8.88      2.86      5.47    
0  421  6.26      3.43      5.86    
0  422  8.24      3.41      7.32    
0  423  6.43      2.51      7.79    
0  424  7.23      2.94      8.11    
0  425  6.06      2.82      6.68    
0  426  8.52      3.33      7.43    
0  427  6.22      2.59      7.72    
0  428  6.32      3.30      6.49    
0  429  7.83      3.46      6.09    
0  430  6.56      3.24      6.96    
0  431  6.05      2.84      6.43    
0  432  8.10      2.91      5.67    
0  433  8.65      2.35      6.12    
0  434  8.09      2.59      6.58    
0  435  6.34      2.48      7.35    
0  436  6.27      2.82      7.00    
0  437  8.54      3.24      6.69    
0  438  6.39      3.30      6.79    
0  439  7.21      2.85      5.71    
0  440  7.27      3.47      7.36    
0  441  6.08      3.47      6.84    
0  442  7.45      3.30      7.24    
0  443  8.72      2.52      6.80    
0  444  8.60      3.29      7.54    
0  445  6.37      2.82      7.88    
0  446  6.39      2.81      7.46    
0  447  6.44      3.36      5.60    
0  448  8.68      3.04      7.25    
0  449  8.36      3.33      6.77    
0  450  7.51      2.61      5.96    
0  451  6.69      3.48      5.69    
0  452  6.42      3.33      7.63    
0  453  6.27      3.05      7.51    
0  454  8.93      3.20      5.81    
0  455  6.61      2.67      7.86    
0  456  8.56      2.89      5.98    
0  457  7.37      3.23      6.02    
0  458  6.74      2.41      6.23    
0  459  7.44      2.63      6.52    
0  460  8.38      3.22      6.19    
0  461  6.39      2.72      6.33    
0  462  7.19      3.42      6.94    
0  463  6.30      3.27      6.44    
0  464  8.47      3.35      7.95    
0  465  6.64      2.93      6.59    
0  466  6.14      2.39      5.87    
0  467  7.68      2.69      6.49    
0  468  6.80      2.79      6.16    
0  469  6.26      2.81      7.03    
0  470  8.13      2.37      8.06    
0  471  8.41      2.98      7.49    
0  472  7.33      2.82      7.26    
0  473  6.31      2.86      5.59    
0  474  6.03      3.29      7.95    
0  475  7.62      2.95      6.00    
0  476  8.32      2.99      5.91    
0  477  6.82      3.13      7.76    
0  478  8.03      3.49      7.25    
0  479  6.49      2.74      6.87    
0  480  7.44      2.92      6.93    
0  481  8.41      2.88      6.77    
0  482  7.93      3.37      5.97    
0  483  6.47      3.49      6.97    
0  484  7.79      2.68      6.02    
0  485  8.31      3.33      6.37    
0  486  7.36      3.47      6.78    
0  487  8.27      3.43      6.83    
0  488  7.12      2.75      5.74    
0  489  8.77      3.18      6.42    
0  490  6.87      3.43      6.33    
0  491  6.35      3.21      7.56    
0  492  6.95      2.65      6.30    
0  493  7.78      2.46      6.17    
0  494  7.40      3.32      6.04    
0  495  7.86      2.68      5.56    
0  496  6.36      2.47      7.96    
0  497  7.60      3.32      5.46    
0  498  8.06      2.75      7.37    
0  499  7.99      3.34      5.92    
0  500  6.94      3.26      6.98    
0  501  8.08      2.35      7.75    
0  502  8.14      2.38      7.76    
0  503  8.74      2.84      7.79    
0  504  8.77      3.18      7.82    
0  505  7.86      3.35      8.03    
0  506  7.46      2.56      6.04    
0  507  7.28      2.55      5.46    
0  508  7.88      3.39      8.08    
0  509  8.75      2.81      7.32    
0  510  7.86      3.01      7.37    
0  511  7.35      2.92      5.79    
0  512  6.26      2.76      6.67    
0  513  7.20      2.38      7.96    
0  514  7.63      2.40      5.60    
0  515  8.76      2.85      5.79    
0  516  8.48      3.24      7.07    
0  517  7.25      3.21      6.18    
0  518  8.07      2.53      6.62    
0  519  8.62      2.62      5.62    
0  520  8.33      3.13      5.57    
0  521  6.49      3.09      7.12    
0  522  6.87      3.15      6.70    
0  523  8.69      2.93      7.58    
0  524  8.76      2.90      8.04    
0  525  6.28      3.28      7.50    
0  526  7.79      2.97      6.84    
0  527  7.75      3.33      6.48    
0  528  8.54      2.45      6.57    
0  529  8.41      2.43      6.50    
0  530  7.16      2.38      7.74    
0  531  6.20      2.52      5.75    
0  532  7.32      2.40      8.09    
0  533  6.68      2.60      5.78    
0  534  8.57      3.15      6.80    
0  535  6.93      2.97      5.47    
0  536  6.01      3.46      6.76    
0  537  7.70      3.34      7.09    
0  538  6.52      3.11      6.70    
0  539  7.60      3.36      7.30    
0  540  8.05      2.47      7.37    
0  541  7.99      3.38      5.98    
0  542  6.48      3.35      6.77    
0  543  6.14      2.58      5.90    
0  544  8.35      2.78      5.88    
0  545  6.88      3.35      7.91    
0  546  8.65      2.63      6.23    
0  547  7.89      2.44      6.19    
0  548  8.44      2.64      5.46    
0  549  7.19      2.42      6.99    
0  550  6.22      3.17      6.15    
0  551  7.91      2.80      5.51    
0  552  6.60      2.88      7.69    
0  553  8.20      3.35      5.91    
0  554  7.61      2.59      6.28    
0  555  6.12      3.16      6.09    
0  556  6.29      2.33      5.69    
0  557  8.93      2.48      7.07    
0  558  7.87      2.85      5.66    
0  559  8.47      3.16      7.27    
0  560  6.62      2.56      6.66    
0  561  8.63      2.66      6.51    
0  562  8.52      2.77      7.57    
0  563  6.89      3.00      7.82    
0  564  8.04      3.26      6.75    
0  565  6.17      2.76      5.93    
0  566  8.04      2.74      7.09    
0  567  8.34      2.87      6.44    
0  568  7.82      3.29      7.50    
0  569  8.39      2.61      6.32    
0  570  8.04      2.67      6.73    
0  571  7.59      3.40      8.02    
0  572  6.29      3.07      7.53    
0  573  6.86      3.03      7.20    
0  574  6.59      2.91      7.48    
0  575  7.82      2.98      5.90    
0  576  8.21      2.71      7.25    
0  577  6.17      2.99      6.00    
0  578  7.00      2.41      7.40    
0  579  6.70      3.44      7.92    
0  580  6.58      2.84      7.21    
0  581  7.88      3.18      7.39    
0  582  7.62      2.87      6.48    
0  583  8.99      3.47      6.52    
0  584  7.20      2.91      6.42    
0  585  7.50      3.33      6.57    
0  586  6.04      2.60      5.99    
0  587  7.42      3.39      6.12    
0  588  8.80      3.20      7.57    
0  589  7.77      2.72      7.86    
0  590  7.85      2.88      6.84    
0  591  8.07      2.85      5.81    
0  592  6.54      3.14      6.74    
0  593  6.08      3.29      6.47    
0  594  8.69      2.79      7.44    
0  595  6.56      2.82      6.82    
0  596  6.76      3.01      6.68    
0  597  7.71      3.31      5.82    
0  598  6.89      2.38      7.55    
0  599  6.79      2.98      6.98    
0  600  8.55      3.41      7.90    
0  601  6.75      3.36      6.35    
0  602  6.23      3.06      7.93    
0  603  6.75      3.15      7.57    
0  604  6.23      3.18      5.95    
0  605  8.31      3.14      8.02    
0  606  7.26      3.37      6.38    
0  607  7.37      3.09      6.37    
0  608  7.58      2.81      5.59    
0  609  7.39      3.03      8.10    
0  610  6.65      3.22      5.84    
0  611  8.51      3.42      6.05    
0  612  8.48      2.93      6.95    
0  613  7.25      3.28      5.45    
0  614  6.71      2.79      7.47    
0  615  6.95      2.69      5.51    
0  616  6.50      2.90      5.95    
0  617  6.50      3.46      7.87    
0  618  8.10      3.34      6.67    
0  619  8.15      2.59      6.44    
0  620  7.58      2.78      6.73    
0  621  7.42      2.54      6.62    
0  622  8.51      2.67      7.65    
0  623  7.44      3.49      7.67    
0  624  8.40      3.37      7.33    
0  625  6.98      3.44      6.78    
0  626  8.77      2.59      7.65    
0  627  7.32      2.70      6.91    
0  628  9.00      3.45      5.80    
0  629  7.50      2.45      6.89    
0  630  6.33      2.49      5.57    
0  631  7.15      2.68      7.18    
0  632  7.67      3.22      5.64    
0  633  6.61      3.45      7.74    
0  634  7.91      2.39      7.35    
0  635  8.69      2.96      6.80    
0  636  8.55      3.07      7.29    
0  637  7.77      2.40      6.61    
0  638  7.54      2.46      7.69    
0  639  6.69      2.78      7.96    
0  640  6.93      3.47      5.44    
0  641  6.30      2.78      6.31    
0  642  8.96      2.69      6.21    
0  643  6.12      2.85      6.60    
0  644  8.79      3.04      6.55    
0  645  6.83      3.44      6.29    
0  646  6.16      2.49      6.61    
0  647  8.81      2.40      7.70    
0  648  6.78      2.77      7.92    
0  649  8.85      3.48      6.34    
0  650  8.58      3.25      6.86    
0  651  8.83      3.03      5.96    
0  652  8.12      3.30      5.61    
0  653  6.71      3.26      7.43    
0  654  8.60      2.44      7.56    
0  655  7.07      3.43      7.14    
0  656  6.67      3.38      6.75    
0  657  6.20      2.44      5.90    
0  658  8.91      2.48      8.09    
0  659  6.98      3.31      5.43    
0  660  7.54      3.04      7.10    
0  661  8.94      3.32      5.83    
0  662  6.90      2.76      6.40    
0  663  7.54      2.45      5.81    
0  664  7.47      3.22      6.00    
0  665  7.55      2.72      7.22    
0  666  8.16      2.72      5.58    
0  667  7.47      3.05      7.40    
0  668  8.27      3.48      5.75    
0  669  6.63      2.60      5.53    
0  670  8.28      3.18      5.42    
0  671  7.09      2.56      6.32    
0  672  8.83      2.70      7.52    
0  673  8.90      3.19      5.62    
0  674  7.97      2.74      5.54    
0  675  8.45      2.66      7.26    
0  676  7.61      2.39      6.30    
0  677  7.10      2.64      7.11    
0  678  6.96      2.37      7.39    
0  679  8.47      2.35      5.85    
0  680  6.12      2.95      7.88    
0  681  8.55      2.83      7.77    
0  682  7.66      2.81      7.68    
0  683  6.06      3.07      7.20    
0  684  6.53      2.80      5.55    
0  685  6.34      2.48      7.12    
0  686  7.94      3.28      6.12    
0  687  7.31      2.75      5.78    
0  688  6.47      2.61      8.03    
0  689  7.64      2.72      6.47    
0  690  8.98      2.63      7.73    
0  691  8.15      3.10      5.49    
0  692  6.94      3.02      5.84    
0  693  6.38      3.03      5.83    
0  694  8.26      2.70      7.74    
0  695  8.46      2.83      6.64    
0  696  7.03      3.20      6.22    
0  697  7.74      3.05      7.50    
0  698  8.44      2.66      6.64    
0  699  7.98      2.70      6.83    
0  700  8.64      2.99      5.67    
0  701  6.96      2.98      6.07    
0  702  6.14      3.17      6.65    
0  703  8.96      2.81      6.31    
0  704  7.84      2.69      7.41    
0  705  9.00      3.48      5.42    
0  706  6.05      3.08      6.17    
0  707  7.04      3.12      6.09    
0  708  8.29      2.80      5.56    
0  709  6.43      2.50      5.77    
0  710  8.82      2.59      6.85    
0  711  6.53      3.11      5.50    
0  712  7.30      3.47      7.27    
0  713  8.08      2.62      7.14    
0  714  7.51      3.22      6.41    
0  715  7.26      2.42      7.92    
0  716  8.23      2.96      5.68    
0  717  8.65      2.41      6.19    
0  718  7.37      3.46      7.38    
0  719  7.27      2.35      7.07    
0  720  6.41      3.19      7.34    
0  721  7.57      3.08      7.78    
0  722  7.07      2.93      5.92    
0  723  7.53      3.45      7.58    
0  724  8.02      2.97      7.65    
0  725  8.98      2.73      6.53    
0  726  6.17      2.89      6.37    
0  727  6.51      2.92      6.60    
0  728  7.73      2.44      7.42    
0  729  6.67      3.14      7.21    
0  730  8.87      2.37      6.46    
0  731  8.76      2.60      5.50    
0  732  7.42      2.54      5.57    
0  733  7.11      2.64      7.04    
0  734  7.68      3.35      7.97    
0  735  6.53      2.71      7.99    
0  736  8.33      2.39      5.95    
0  737  7.33      2.77      6.77    
0  738  7.29      2.82      6.27    
0  739  8.87      3.01      6.28    
0  740  7.67      2.64      7.85    
0  741  7.56      2.54      6.90    
0  742  8.12      2.80      6.90    
0  743  8.62      2.58      7.66    
0  744  7.01      2.65      7.19    
0  745  8.91      3.44      7.03    
0  746  6.27      2.94      7.23    
0  747  7.89      3.02      6.72    
0  748  6.79      2.57      6.40    
0  749  7.90      3.09      8.07    
0  750  6.86      2.43      7.75    
0  751  8.16      2.83      5.56    
0  752  7.76      2.66      7.26    
0  753  6.03      2.77      5.72    
0  754  7.38      3.19      7.29    
0  755  6.64      3.34      6.24    
0  756  6.15      2.95      6.26    
0  757  7.76      3.03      5.82    
0  758  6.52      2.98      7.85    
0  759  7.49      3.30      6.45    
0  760  7.72      3.27      6.73    
0  761  8.11      3.05      6.51    
0  762  6.02      3.14      7.25    
0  763  8.63      2.50      5.60    
0  764  8.89      3.01      7.70    
0  765  6.99      2.63      7.64    
0  766  8.28      3.26      7.62    
0  767  6.06      2.52      6.27    
0  768  7.69      3.02      7.71    
0  769  8.23      2.47      7.44    
0  770  6.51      3.27      6.28    
0  771  8.19      3.31      7.94    
0  772  7.82      3.37      7.15    
0  773  8.29      2.70      6.63    
0  774  8.86      3.48      7.00    
0  775  8.17      2.62      6.50    
0  776  6.83      2.70      6.99    
0  777  6.10      3.13      8.01    
0  778  6.09      3.39      7.60    
0  779  8.86      2.46      6.03    
0  780  6.29      2.52      6.59    
0  781  8.00      2.52      7.21    
0  782  8.75      2.73      5.63    
0  783  8.05      2.38      6.13    
0  784  7.48      2.57      7.34    
0  785  8.50      2.71      6.85    
0  786  8.70      2.96      7.17    
0  787  7.22      2.33      6.61    
0  788  7.52      2.42      7.72    
0  789  8.89      2.73      5.80    
0  790  8.73      2.60      5.93    
0  791  6.74      2.43      6.91    
0  792  7.65      2.62      7.77    
0  793  8.43      2.48      6.06    
0  794  6.99      3.39      6.91    
0  795  8.93      3.06      7.97    
0  796  7.80      3.06      5.66    
0  797  7.53      2.78      7.88    
0  798  8.39      3.41      5.94    
0  799  6.46      2.43      5.72    
0  800  6.84      3.36      5.55    
1Pecos::LHSDriver                                                                                                             
0RANKS OF LATIN HYPERCUBE SAMPLE INPUT VECTORS

 RUN NO.    X(1)      X(2)      X(3)
0    1      175.        7.      229.
0    2      106.       17.      386.
0    3      402.      731.       61.
0    4      292.       19.        4.
0    5      113.      127.      117.
0    6       72.      529.      377.
0    7      556.      565.      490.
0    8      548.      365.      408.
0    9      412.      532.      723.
0   10      454.      353.      603.
0   11      346.      209.      420.
0   12      538.      608.       99.
0   13      695.      670.      473.
0   14      580.      525.        1.
0   15      589.       99.      436.
0   16      760.      455.      495.
0   17      631.       54.      709.
0   18       46.      564.      206.
0   19      270.      594.      331.
0   20      127.      755.      245.
0   21      272.      462.      247.
0   22      521.      492.      391.
0   23       78.      744.      191.
0   24      193.      233.      617.
0   25      612.       88.      268.
0   26       37.      131.      674.
0   27      689.       14.      653.
0   28      768.      769.      316.
0   29      459.      218.      584.
0   30      644.       46.      205.
0   31      214.      148.      577.
0   32      295.      735.      479.
0   33       61.      197.      372.
0   34      313.      387.      524.
0   35      323.      392.      347.
0   36      266.      777.      543.
0   37      533.       36.      604.
0   38      189.      302.      336.
0   39       96.      495.      643.
0   40      531.      463.      749.
0   41      776.       24.      321.
0   42      385.      535.       92.
0   43      238.      659.      219.
0   44      694.      651.       19.
0   45      530.      477.      519.
0   46       17.      142.      330.
0   47       91.      537.       78.
0   48      785.      553.      523.
0   49      257.      667.      339.
0   50      638.      579.      327.
0   51      450.      105.      501.
0   52      379.      479.       29.
0   53      386.      170.      439.
0   54        4.       16.      254.
0   55      666.      686.      554.
0   56      566.      706.      717.
0   57      390.      516.      190.
0   58      105.       67.      172.
0   59      464.      285.      438.
0   60      274.      220.      395.
0   61      708.      405.      282.
0   62      110.      152.      401.
0   63      686.      138.      194.
0   64      455.      683.      786.
0   65      512.      223.       25.
0   66      314.      554.      363.
0   67       62.       80.       66.
0   68      297.      346.       32.
0   69       94.      151.      252.
0   70      596.      502.      459.
0   71      551.      511.      598.
0   72       95.      662.      707.
0   73      241.      323.      290.
0   74      302.      527.       51.
0   75       22.      556.      763.
0   76        1.      413.      474.
0   77      754.      141.      632.
0   78      254.       21.      236.
0   79        9.      433.      231.
0   80      623.      681.      140.
0   81      626.      793.      388.
0   82      663.      521.      348.
0   83      416.       77.      235.
0   84      721.      765.      103.
0   85      224.      384.      484.
0   86      298.      111.      216.
0   87      687.      726.      248.
0   88      728.      246.      608.
0   89      514.      240.      220.
0   90      582.      453.      477.
0   91      427.      436.       69.
0   92      487.      497.      319.
0   93      750.      123.      787.
0   94      722.      571.      448.
0   95      393.      345.      344.
0   96      290.       60.      162.
0   97      437.      404.      112.
0   98      369.      695.      311.
0   99      460.      380.      143.
0  100       57.      115.      629.
0  101      353.      524.      781.
0  102      742.      116.      712.
0  103      151.      483.      537.
0  104       28.      487.      432.
0  105      252.      773.      416.
0  106      525.      158.      293.
0  107      481.       10.      301.
0  108      784.      396.      433.
0  109      375.      536.      303.
0  110      651.      393.      141.
0  111       63.      164.       11.
0  112      630.      712.      156.
0  113      488.      149.      609.
0  114      671.      354.       40.
0  115      327.      635.      592.
0  116      466.      459.      562.
0  117      727.      441.      672.
0  118      647.      618.      645.
0  119       64.      547.       22.
0  120      338.       31.      106.
0  121      526.      195.      611.
0  122      330.      216.      512.
0  123      357.      442.      561.
0  124      675.      244.      277.
0  125      672.      374.      719.
0  126      303.      639.      467.
0  127       98.      602.       23.
0  128      520.      625.       20.
0  129       32.       57.        7.
0  130      173.      219.      532.
0  131      275.       37.      747.
0  132      192.      781.      487.
0  133      519.      715.      767.
0  134      195.      403.      652.
0  135      511.       82.      626.
0  136      557.      388.      455.
0  137      311.      691.      475.
0  138      123.      143.      791.
0  139      322.      153.      136.
0  140      288.      482.      486.
0  141      278.      657.      784.
0  142      259.      632.      739.
0  143      579.       52.      745.
0  144       12.      262.      215.
0  145      418.      569.      234.
0  146      581.       71.      678.
0  147      709.      287.       71.
0  148      231.      226.      670.
0  149      387.      494.      676.
0  150      447.      771.      568.
0  151       83.      276.      618.
0  152      249.      101.      338.
0  153      301.      742.      578.
0  154      348.      522.      261.
0  155       24.      176.      526.
0  156      415.      694.      333.
0  157      108.      719.       13.
0  158      781.      189.      727.
0  159      436.      200.       87.
0  160      431.      427.       86.
0  161      171.      377.      163.
0  162      745.      750.      362.
0  163      121.      252.      496.
0  164      264.      431.      349.
0  165      443.      434.      304.
0  166      373.       91.      280.
0  167      280.        4.      458.
0  168      774.      740.      217.
0  169        6.      165.      762.
0  170      433.      748.      472.
0  171      179.      378.       76.
0  172      472.      509.      429.
0  173      791.      139.      437.
0  174      800.      400.      249.
0  175      141.      464.      283.
0  176       47.      113.      224.
0  177      680.      284.       21.
0  178      683.      507.      241.
0  179      286.      508.      193.
0  180       87.      429.      693.
0  181      164.      785.      647.
0  182      329.      146.      729.
0  183      104.      444.      768.
0  184      410.      621.      309.
0  185      158.      348.      721.
0  186      712.      446.      315.
0  187      240.      649.      271.
0  188      414.      229.      504.
0  189      112.      548.      789.
0  190      758.      264.      360.
0  191      720.      256.      188.
0  192      702.       94.        3.
0  193      130.      371.      788.
0  194      748.      589.      222.
0  195      713.      112.      622.
0  196      312.      293.      499.
0  197      554.      448.      340.
0  198       27.       50.       95.
0  199      665.      100.      171.
0  200      693.      488.      760.
0  201       85.      758.      540.
0  202      595.      235.      520.
0  203      328.      213.      209.
0  204      215.      437.      169.
0  205      198.      678.      511.
0  206      510.      192.      250.
0  207      522.      163.      179.
0  208      717.      489.      572.
0  209      757.      279.      107.
0  210      423.      728.       10.
0  211      625.      397.      669.
0  212       18.      318.      409.
0  213      586.      760.      457.
0  214      618.      636.      368.
0  215      740.      578.      447.
0  216      269.      167.       35.
0  217      756.       59.      476.
0  218      203.      626.       73.
0  219      637.      295.      594.
0  220      226.      300.      385.
0  221      569.      126.      384.
0  222       99.      469.      507.
0  223      154.      538.      656.
0  224      341.      640.      522.
0  225      731.      656.      449.
0  226      307.      674.      516.
0  227      629.      631.      586.
0  228      635.      154.      668.
0  229      789.      407.      100.
0  230       26.      317.      527.
0  231      157.      234.      105.
0  232      706.       25.      199.
0  233      766.      599.      576.
0  234      777.       61.      628.
0  235      277.      577.      556.
0  236      118.      753.      597.
0  237      599.      768.      541.
0  238      225.      418.      725.
0  239      206.      468.      614.
0  240      170.      718.      761.
0  241      743.      376.      687.
0  242      293.      730.      769.
0  243      368.      739.      354.
0  244      256.       55.      651.
0  245      474.      361.      624.
0  246      174.       41.      342.
0  247      610.       66.      698.
0  248      478.       83.      478.
0  249      281.      160.      260.
0  250      501.      778.       82.
0  251      490.      615.      779.
0  252      772.      225.      238.
0  253      587.      340.      398.
0  254      787.      245.      735.
0  255      221.      684.      435.
0  256      143.      305.      453.
0  257      536.       22.      418.
0  258      156.      283.      563.
0  259      504.      551.      158.
0  260      282.      330.      718.
0  261      394.      772.      364.
0  262      395.       40.       34.
0  263      169.      366.      452.
0  264      190.      290.      503.
0  265       45.      119.      775.
0  266      117.      266.      281.
0  267      621.      172.      464.
0  268      523.      333.      367.
0  269      435.      275.      782.
0  270      461.      118.      536.
0  271      232.      243.      208.
0  272      509.      512.      701.
0  273      746.       26.      627.
0  274      643.      373.      184.
0  275      374.      357.      430.
0  276      577.      297.      135.
0  277      211.      150.      243.
0  278      598.      205.      764.
0  279      649.      108.      296.
0  280      355.       20.      646.
0  281      279.      561.       70.
0  282      366.      727.      379.
0  283      546.      623.      703.
0  284      119.      620.       38.
0  285      688.      122.      494.
0  286      356.      600.      799.
0  287      661.      251.      125.
0  288      534.      725.      291.
0  289      239.      135.       43.
0  290       51.      383.      691.
0  291      178.      272.      795.
0  292      217.      736.      380.
0  293      463.      294.      765.
0  294      441.      595.      648.
0  295      755.      443.      636.
0  296      603.      307.       85.
0  297      310.      585.      552.
0  298      306.      647.      569.
0  299      116.      326.      796.
0  300       58.      655.      742.
0  301      517.       96.       65.
0  302      597.      637.      658.
0  303      611.       23.      666.
0  304      492.        1.      716.
0  305      457.      752.      239.
0  306      213.      169.      655.
0  307      149.      738.      710.
0  308      508.      606.      754.
0  309      628.      424.      131.
0  310      696.      363.      221.
0  311      682.      549.      375.
0  312      567.      612.      265.
0  313      485.      466.      528.
0  314       49.      199.       81.
0  315      707.      191.      387.
0  316      370.      174.      463.
0  317       39.       93.      713.
0  318      539.      531.        9.
0  319      561.      211.      110.
0  320      537.      182.      483.
0  321       53.       39.      370.
0  322      601.      370.      559.
0  323      244.      624.      684.
0  324      421.      133.      288.
0  325      285.      270.      173.
0  326      607.      597.      132.
0  327      646.      465.      783.
0  328      326.      638.      555.
0  329      204.      558.       98.
0  330      783.      698.      771.
0  331      344.        6.      660.
0  332      751.      474.      751.
0  333      150.      676.      517.
0  334      361.       70.      415.
0  335      371.      137.      137.
0  336      267.      410.       72.
0  337      616.      121.      200.
0  338      299.      426.      167.
0  339      145.      540.      606.
0  340      271.      281.       57.
0  341      191.      652.      287.
0  342      359.      572.       33.
0  343      186.      533.      662.
0  344      242.      797.      683.
0  345      518.      573.      581.
0  346      166.      394.      196.
0  347       65.      720.      335.
0  348       82.      420.      461.
0  349      617.      291.      334.
0  350      300.      515.      151.
0  351      575.      187.      228.
0  352      144.       85.      605.
0  353      339.      204.      711.
0  354      798.      619.      635.
0  355      287.      574.      659.
0  356      500.      315.      797.
0  357       33.      399.      153.
0  358      321.      517.      565.
0  359      336.      171.      207.
0  360      496.      576.       91.
0  361      243.       29.      564.
0  362      725.      157.      615.
0  363      563.      470.      308.
0  364      469.       89.      274.
0  365      449.      581.       64.
0  366      769.        8.      681.
0  367      662.      592.      341.
0  368      479.      746.      213.
0  369      222.       12.      253.
0  370       41.      454.       88.
0  371      440.      109.      502.
0  372      719.      461.      518.
0  373      202.      368.      612.
0  374      345.      408.      397.
0  375       80.      140.      142.
0  376      205.      711.      147.
0  377      125.      309.      278.
0  378       90.      642.      704.
0  379      147.      161.      275.
0  380      184.      124.       96.
0  381      790.      776.      417.
0  382      516.      542.       50.
0  383      673.      350.      736.
0  384       23.      421.       59.
0  385      710.      520.      414.
0  386      401.        9.      104.
0  387      183.       65.      134.
0  388      578.      666.      776.
0  389      739.      724.      509.
0  390      263.      737.      204.
0  391      571.      261.      590.
0  392      796.      237.      770.
0  393      219.      580.      720.
0  394      794.      412.      180.
0  395      304.      762.      593.
0  396       48.      601.      482.
0  397      403.      534.      488.
0  398      692.      660.      198.
0  399      212.       78.      443.
0  400      658.      567.       89.
0  401      200.      321.      298.
0  402      152.      544.      633.
0  403       54.      385.      121.
0  404      349.      419.      489.
0  405      162.      506.       27.
0  406      480.      312.      510.
0  407      320.      545.      129.
0  408      592.      391.      178.
0  409      309.      754.      292.
0  410       16.      222.      741.
0  411      590.      504.      195.
0  412      632.      369.       37.
0  413      724.        5.      737.
0  414      653.      543.      427.
0  415      133.      607.      451.
0  416      451.      609.      650.
0  417      234.      627.      734.
0  418      380.      633.      182.
0  419      585.      349.      708.
0  420      765.      364.       18.
0  421       67.      761.      133.
0  422      594.      747.      566.
0  423      114.      125.      706.
0  424      325.      423.      800.
0  425       13.      342.      376.
0  426      669.      690.      600.
0  427       55.      178.      685.
0  428       84.      672.      320.
0  429      486.      780.      203.
0  430      146.      629.      460.
0  431       10.      351.      302.
0  432      558.      398.       77.
0  433      704.       18.      212.
0  434      555.      181.      346.
0  435       88.      102.      575.
0  436       70.      339.      471.
0  437      674.      628.      381.
0  438      101.      669.      410.
0  439      319.      358.       90.
0  440      337.      789.      579.
0  441       19.      790.      424.
0  442      384.      671.      542.
0  443      723.      129.      412.
0  444      690.      665.      631.
0  445       97.      341.      733.
0  446      102.      328.      607.
0  447      115.      708.       55.
0  448      711.      491.      547.
0  449      627.      693.      405.
0  450      400.      196.      164.
0  451      182.      795.       84.
0  452      109.      689.      657.
0  453       69.      499.      623.
0  454      778.      603.      120.
0  455      160.      238.      728.
0  456      681.      389.      170.
0  457      362.      622.      183.
0  458      196.       56.      244.
0  459      382.      207.      329.
0  460      633.      611.      232.
0  461      103.      267.      273.
0  462      316.      749.      454.
0  463       79.      650.      307.
0  464      656.      703.      752.
0  465      168.      414.      350.
0  466       34.       44.      138.
0  467      446.      250.      322.
0  468      210.      316.      223.
0  469       66.      331.      481.
0  470      565.       28.      785.
0  471      642.      450.      616.
0  472      352.      336.      550.
0  473       81.      367.       53.
0  474        5.      664.      753.
0  475      429.      425.      175.
0  476      615.      458.      149.
0  477      216.      550.      696.
0  478      540.      800.      546.
0  479      128.      280.      434.
0  480      381.      411.      450.
0  481      641.      379.      402.
0  482      513.      717.      166.
0  483      122.      799.      462.
0  484      476.      242.      181.
0  485      613.      688.      284.
0  486      360.      787.      407.
0  487      602.      756.      421.
0  488      296.      288.       97.
0  489      737.      584.      299.
0  490      230.      757.      272.
0  491       92.      610.      637.
0  492      251.      224.      263.
0  493      473.       92.      226.
0  494      372.      685.      186.
0  495      493.      241.       45.
0  496       93.       97.      756.
0  497      425.      680.       16.
0  498      547.      289.      582.
0  499      528.      696.      152.
0  500      248.      641.      465.
0  501      552.       15.      695.
0  502      568.       38.      697.
0  503      729.      352.      705.
0  504      738.      587.      715.
0  505      494.      701.      778.
0  506      388.      162.      187.
0  507      340.      155.       15.
0  508      499.      729.      792.
0  509      732.      329.      567.
0  510      495.      472.      580.
0  511      358.      409.      113.
0  512       68.      298.      373.
0  513      318.       32.      755.
0  514      432.       48.       58.
0  515      735.      362.      114.
0  516      659.      630.      491.
0  517      331.      605.      227.
0  518      550.      136.      358.
0  519      698.      201.       63.
0  520      620.      552.       47.
0  521      129.      526.      508.
0  522      229.      568.      382.
0  523      716.      417.      644.
0  524      734.      390.      780.
0  525       73.      658.      619.
0  526      475.      440.      423.
0  527      465.      692.      318.
0  528      676.       81.      345.
0  529      640.       69.      324.
0  530      308.       35.      692.
0  531       52.      128.      101.
0  532      351.       51.      794.
0  533      180.      184.      111.
0  534      684.      566.      413.
0  535      246.      439.       17.
0  536        2.      783.      400.
0  537      452.      699.      497.
0  538      136.      539.      383.
0  539      424.      710.      560.
0  540      545.       98.      583.
0  541      529.      722.      168.
0  542      126.      704.      403.
0  543       36.      175.      145.
0  544      624.      311.      139.
0  545      233.      705.      740.
0  546      703.      210.      242.
0  547      503.       79.      233.
0  548      650.      212.       14.
0  549      315.       62.      469.
0  550       56.      582.      218.
0  551      506.      324.       30.
0  552      159.      381.      677.
0  553      584.      707.      148.
0  554      426.      177.      257.
0  555       30.      570.      202.
0  556       76.        2.       83.
0  557      779.      103.      493.
0  558      497.      356.       75.
0  559      655.      575.      551.
0  560      163.      159.      371.
0  561      699.      230.      326.
0  562      670.      304.      639.
0  563      235.      460.      714.
0  564      543.      644.      399.
0  565       44.      296.      154.
0  566      541.      282.      498.
0  567      622.      375.      306.
0  568      484.      661.      620.
0  569      634.      193.      269.
0  570      542.      232.      393.
0  571      422.      741.      773.
0  572       74.      513.      630.
0  573      227.      485.      531.
0  574      155.      402.      613.
0  575      482.      451.      144.
0  576      588.      263.      545.
0  577       43.      457.      176.
0  578      265.       58.      591.
0  579      185.      766.      746.
0  580      153.      355.      534.
0  581      498.      588.      588.
0  582      430.      372.      317.
0  583      795.      786.      328.
0  584      317.      401.      300.
0  585      397.      687.      343.
0  586        8.      185.      174.
0  587      378.      733.      210.
0  588      744.      604.      641.
0  589      470.      271.      726.
0  590      491.      382.      425.
0  591      549.      360.      118.
0  592      142.      560.      394.
0  593       20.      663.      314.
0  594      714.      320.      602.
0  595      148.      337.      419.
0  596      201.      471.      378.
0  597      453.      679.      122.
0  598      236.       33.      634.
0  599      209.      452.      466.
0  600      678.      743.      738.
0  601      199.      713.      279.
0  602       59.      505.      748.
0  603      197.      563.      640.
0  604       60.      590.      160.
0  605      614.      559.      774.
0  606      334.      714.      289.
0  607      364.      528.      286.
0  608      419.      335.       54.
0  609      367.      480.      798.
0  610      172.      614.      128.
0  611      667.      751.      189.
0  612      660.      415.      456.
0  613      332.      653.       12.
0  614      187.      319.      610.
0  615      250.      248.       31.
0  616      132.      395.      161.
0  617      131.      779.      730.
0  618      559.      697.      374.
0  619      572.      179.      305.
0  620      420.      313.      390.
0  621      377.      145.      359.
0  622      668.      236.      663.
0  623      383.      798.      671.
0  624      639.      721.      570.
0  625      258.      764.      406.
0  626      736.      183.      664.
0  627      350.      259.      444.
0  628      797.      770.      115.
0  629      398.       86.      440.
0  630       86.      114.       49.
0  631      305.      239.      525.
0  632      442.      616.       68.
0  633      161.      774.      690.
0  634      507.       43.      574.
0  635      715.      435.      411.
0  636      677.      514.      557.
0  637      471.       47.      356.
0  638      407.       90.      675.
0  639      181.      310.      757.
0  640      245.      784.        8.
0  641       77.      314.      266.
0  642      788.      249.      237.
0  643       31.      359.      353.
0  644      741.      490.      337.
0  645      218.      763.      262.
0  646       40.      110.      357.
0  647      747.       49.      680.
0  648      207.      301.      743.
0  649      759.      792.      276.
0  650      685.      634.      431.
0  651      753.      481.      165.
0  652      562.      673.       60.
0  653      188.      643.      599.
0  654      691.       76.      638.
0  655      283.      759.      514.
0  656      176.      723.      396.
0  657       50.       75.      146.
0  658      773.      106.      793.
0  659      260.      677.        6.
0  660      408.      493.      500.
0  661      782.      682.      124.
0  662      237.      299.      295.
0  663      409.       84.      119.
0  664      391.      617.      177.
0  665      411.      269.      538.
0  666      574.      268.       52.
0  667      389.      496.      589.
0  668      604.      794.      102.
0  669      165.      186.       36.
0  670      605.      586.        5.
0  671      289.      156.      270.
0  672      752.      255.      625.
0  673      771.      596.       62.
0  674      524.      286.       39.
0  675      652.      227.      548.
0  676      428.       45.      264.
0  677      291.      217.      505.
0  678      253.       27.      587.
0  679      657.       13.      130.
0  680       29.      430.      732.
0  681      679.      347.      699.
0  682      439.      334.      673.
0  683       14.      510.      530.
0  684      140.      322.       42.
0  685       89.      107.      506.
0  686      515.      654.      211.
0  687      347.      292.      109.
0  688      124.      194.      777.
0  689      434.      273.      313.
0  690      792.      208.      688.
0  691      570.      530.       24.
0  692      247.      478.      127.
0  693      100.      484.      126.
0  694      600.      253.      689.
0  695      654.      343.      365.
0  696      273.      598.      240.
0  697      462.      500.      621.
0  698      648.      231.      366.
0  699      527.      258.      422.
0  700      701.      456.       79.
0  701      255.      447.      197.
0  702       35.      583.      369.
0  703      786.      332.      267.
0  704      489.      247.      595.
0  705      799.      791.        2.
0  706       11.      519.      225.
0  707      276.      546.      201.
0  708      609.      325.       46.
0  709      111.      120.      108.
0  710      749.      180.      426.
0  711      139.      541.       26.
0  712      343.      788.      553.
0  713      553.      203.      513.
0  714      399.      613.      297.
0  715      333.       63.      744.
0  716      593.      432.       80.
0  717      705.       53.      230.
0  718      363.      782.      585.
0  719      335.       11.      492.
0  720      107.      591.      573.
0  721      417.      518.      702.
0  722      284.      416.      150.
0  723      405.      775.      642.
0  724      535.      445.      665.
0  725      793.      277.      332.
0  726       42.      386.      285.
0  727      135.      406.      352.
0  728      458.       74.      596.
0  729      177.      557.      535.
0  730      763.       30.      312.
0  731      733.      190.       28.
0  732      376.      147.       48.
0  733      294.      215.      485.
0  734      445.      702.      759.
0  735      138.      265.      766.
0  736      619.       42.      159.
0  737      354.      303.      404.
0  738      342.      338.      256.
0  739      764.      473.      259.
0  740      444.      214.      724.
0  741      413.      144.      441.
0  742      564.      327.      442.
0  743      697.      173.      667.
0  744      268.      221.      529.
0  745      775.      767.      480.
0  746       71.      422.      539.
0  747      502.      476.      389.
0  748      208.      168.      294.
0  749      505.      523.      790.
0  750      228.       68.      694.
0  751      573.      344.       44.
0  752      468.      228.      549.
0  753        7.      306.       94.
0  754      365.      593.      558.
0  755      167.      700.      246.
0  756       38.      428.      251.
0  757      467.      486.      123.
0  758      137.      449.      722.
0  759      396.      668.      310.
0  760      456.      646.      392.
0  761      560.      498.      325.
0  762        3.      562.      544.
0  763      700.      117.       56.
0  764      770.      467.      679.
0  765      261.      206.      661.
0  766      606.      645.      654.
0  767       15.      132.      255.
0  768      448.      475.      682.
0  769      591.       95.      601.
0  770      134.      648.      258.
0  771      583.      675.      750.
0  772      483.      716.      515.
0  773      608.      257.      361.
0  774      762.      796.      470.
0  775      576.      202.      323.
0  776      220.      254.      468.
0  777       25.      555.      772.
0  778       21.      734.      649.
0  779      761.       87.      185.
0  780       75.      134.      351.
0  781      532.      130.      533.
0  782      730.      278.       67.
0  783      544.       34.      214.
0  784      392.      166.      571.
0  785      664.      260.      428.
0  786      718.      438.      521.
0  787      324.        3.      355.
0  788      404.       64.      686.
0  789      767.      274.      116.
0  790      726.      188.      155.
0  791      194.       73.      445.
0  792      438.      198.      700.
0  793      645.      104.      192.
0  794      262.      732.      446.
0  795      780.      501.      758.
0  796      477.      503.       74.
0  797      406.      308.      731.
0  798      636.      745.      157.
0  799      120.       72.       93.
0  800      223.      709.       41.
1   Pecos::LHSDriver                                                                                                             
0  HISTOGRAM FOR VARIABLE NO.  1     UNIFORM DISTRIBUTION

     Midpoint          Freq.

   6.0749999E+00        37    XXXXXXXXXXXXXXXXXXXXXXXXXXXXXXXXXXXXX
   6.2249999E+00        40    XXXXXXXXXXXXXXXXXXXXXXXXXXXXXXXXXXXXXXXX
   6.3749999E+00        40    XXXXXXXXXXXXXXXXXXXXXXXXXXXXXXXXXXXXXXXX
   6.5249999E+00        41    XXXXXXXXXXXXXXXXXXXXXXXXXXXXXXXXXXXXXXXXX
   6.6749999E+00        39    XXXXXXXXXXXXXXXXXXXXXXXXXXXXXXXXXXXXXXX
   6.8249998E+00        40    XXXXXXXXXXXXXXXXXXXXXXXXXXXXXXXXXXXXXXXX
   6.9749998E+00        41    XXXXXXXXXXXXXXXXXXXXXXXXXXXXXXXXXXXXXXXXX
   7.1249998E+00        39    XXXXXXXXXXXXXXXXXXXXXXXXXXXXXXXXXXXXXXX
   7.2749998E+00        40    XXXXXXXXXXXXXXXXXXXXXXXXXXXXXXXXXXXXXXXX
   7.4249998E+00        41    XXXXXXXXXXXXXXXXXXXXXXXXXXXXXXXXXXXXXXXXX
   7.5749998E+00        40    XXXXXXXXXXXXXXXXXXXXXXXXXXXXXXXXXXXXXXXX
   7.7249998E+00        39    XXXXXXXXXXXXXXXXXXXXXXXXXXXXXXXXXXXXXXX
   7.8749998E+00        40    XXXXXXXXXXXXXXXXXXXXXXXXXXXXXXXXXXXXXXXX
   8.0249998E+00        40    XXXXXXXXXXXXXXXXXXXXXXXXXXXXXXXXXXXXXXXX
   8.1749998E+00        40    XXXXXXXXXXXXXXXXXXXXXXXXXXXXXXXXXXXXXXXX
   8.3249998E+00        41    XXXXXXXXXXXXXXXXXXXXXXXXXXXXXXXXXXXXXXXXX
   8.4749998E+00        39    XXXXXXXXXXXXXXXXXXXXXXXXXXXXXXXXXXXXXXX
   8.6249998E+00        40    XXXXXXXXXXXXXXXXXXXXXXXXXXXXXXXXXXXXXXXX
   8.7749998E+00        40    XXXXXXXXXXXXXXXXXXXXXXXXXXXXXXXXXXXXXXXX
   8.9249998E+00        40    XXXXXXXXXXXXXXXXXXXXXXXXXXXXXXXXXXXXXXXX
   9.0749998E+00         3    XXX
0                      800


      Min            Max           Range           Mean          Median        Variance

   6.0124841E+00  9.0066506E+00  2.9941665E+00  7.5099865E+00  7.5097806E+00  7.4994813E-01

1   Pecos::LHSDriver                                                                                                             
0  HISTOGRAM FOR VARIABLE NO.  2     UNIFORM DISTRIBUTION

     Midpoint          Freq.

   2.3489999E+00        33    XXXXXXXXXXXXXXXXXXXXXXXXXXXXXXXXX
   2.4069999E+00        40    XXXXXXXXXXXXXXXXXXXXXXXXXXXXXXXXXXXXXXXX
   2.4649999E+00        40    XXXXXXXXXXXXXXXXXXXXXXXXXXXXXXXXXXXXXXXX
   2.5229999E+00        40    XXXXXXXXXXXXXXXXXXXXXXXXXXXXXXXXXXXXXXXX
   2.5809999E+00        41    XXXXXXXXXXXXXXXXXXXXXXXXXXXXXXXXXXXXXXXXX
   2.6389999E+00        39    XXXXXXXXXXXXXXXXXXXXXXXXXXXXXXXXXXXXXXX
   2.6969999E+00        40    XXXXXXXXXXXXXXXXXXXXXXXXXXXXXXXXXXXXXXXX
   2.7549999E+00        40    XXXXXXXXXXXXXXXXXXXXXXXXXXXXXXXXXXXXXXXX
   2.8129999E+00        40    XXXXXXXXXXXXXXXXXXXXXXXXXXXXXXXXXXXXXXXX
   2.8709999E+00        40    XXXXXXXXXXXXXXXXXXXXXXXXXXXXXXXXXXXXXXXX
   2.9289999E+00        40    XXXXXXXXXXXXXXXXXXXXXXXXXXXXXXXXXXXXXXXX
   2.9869999E+00        40    XXXXXXXXXXXXXXXXXXXXXXXXXXXXXXXXXXXXXXXX
   3.0449999E+00        40    XXXXXXXXXXXXXXXXXXXXXXXXXXXXXXXXXXXXXXXX
   3.1029999E+00        40    XXXXXXXXXXXXXXXXXXXXXXXXXXXXXXXXXXXXXXXX
   3.1609999E+00        40    XXXXXXXXXXXXXXXXXXXXXXXXXXXXXXXXXXXXXXXX
   3.2189999E+00        40    XXXXXXXXXXXXXXXXXXXXXXXXXXXXXXXXXXXXXXXX
   3.2769999E+00        40    XXXXXXXXXXXXXXXXXXXXXXXXXXXXXXXXXXXXXXXX
   3.3349999E+00        40    XXXXXXXXXXXXXXXXXXXXXXXXXXXXXXXXXXXXXXXX
   3.3929999E+00        40    XXXXXXXXXXXXXXXXXXXXXXXXXXXXXXXXXXXXXXXX
   3.4509999E+00        40    XXXXXXXXXXXXXXXXXXXXXXXXXXXXXXXXXXXXXXXX
   3.5089999E+00         7    XXXXXXX
0                      800


      Min            Max           Range           Mean          Median        Variance

   2.3309264E+00  3.4896663E+00  1.1587399E+00  2.9099860E+00  2.9100207E+00  1.1213253E-01

1   Pecos::LHSDriver                                                                                                             
0  HISTOGRAM FOR VARIABLE NO.  3     UNIFORM DISTRIBUTION

     Midpoint          Freq.

   5.3949999E+00        14    XXXXXXXXXXXXXX
   5.5249999E+00        39    XXXXXXXXXXXXXXXXXXXXXXXXXXXXXXXXXXXXXXX
   5.6549999E+00        39    XXXXXXXXXXXXXXXXXXXXXXXXXXXXXXXXXXXXXXX
   5.7849999E+00        38    XXXXXXXXXXXXXXXXXXXXXXXXXXXXXXXXXXXXXX
   5.9149999E+00        39    XXXXXXXXXXXXXXXXXXXXXXXXXXXXXXXXXXXXXXX
   6.0449999E+00        38    XXXXXXXXXXXXXXXXXXXXXXXXXXXXXXXXXXXXXX
   6.1749999E+00        39    XXXXXXXXXXXXXXXXXXXXXXXXXXXXXXXXXXXXXXX
   6.3049999E+00        39    XXXXXXXXXXXXXXXXXXXXXXXXXXXXXXXXXXXXXXX
   6.4349999E+00        38    XXXXXXXXXXXXXXXXXXXXXXXXXXXXXXXXXXXXXX
   6.5649999E+00        38    XXXXXXXXXXXXXXXXXXXXXXXXXXXXXXXXXXXXXX
   6.6949999E+00        39    XXXXXXXXXXXXXXXXXXXXXXXXXXXXXXXXXXXXXXX
   6.8249998E+00        39    XXXXXXXXXXXXXXXXXXXXXXXXXXXXXXXXXXXXXXX
   6.9549998E+00        38    XXXXXXXXXXXXXXXXXXXXXXXXXXXXXXXXXXXXXX
   7.0849998E+00        38    XXXXXXXXXXXXXXXXXXXXXXXXXXXXXXXXXXXXXX
   7.2149998E+00        39    XXXXXXXXXXXXXXXXXXXXXXXXXXXXXXXXXXXXXXX
   7.3449998E+00        39    XXXXXXXXXXXXXXXXXXXXXXXXXXXXXXXXXXXXXXX
   7.4749998E+00        38    XXXXXXXXXXXXXXXXXXXXXXXXXXXXXXXXXXXXXX
   7.6049998E+00        38    XXXXXXXXXXXXXXXXXXXXXXXXXXXXXXXXXXXXXX
   7.7349998E+00        39    XXXXXXXXXXXXXXXXXXXXXXXXXXXXXXXXXXXXXXX
   7.8649998E+00        38    XXXXXXXXXXXXXXXXXXXXXXXXXXXXXXXXXXXXXX
   7.9949998E+00        40    XXXXXXXXXXXXXXXXXXXXXXXXXXXXXXXXXXXXXXXX
   8.1249998E+00        14    XXXXXXXXXXXXXX
0                      800


      Min            Max           Range           Mean          Median        Variance

   5.4119521E+00  8.1086083E+00  2.6966562E+00  6.7600284E+00  6.7593652E+00  6.0742238E-01

1Pecos::LHSDriver                                                                                                             
0CORRELATIONS AMONG INPUT VARIABLES CREATED BY THE LATIN HYPERCUBE SAMPLE FOR RAW DATA                              PAGE   1
0    1  1.0000
0    2 -0.0173  1.0000
0    3  0.0031  0.0122  1.0000
0            1       2       3
0VARIABLES
0THE VARIANCE INFLATION FACTOR FOR THIS MATRIX IS  1.00
1Pecos::LHSDriver                                                                                                             
0CORRELATIONS AMONG INPUT VARIABLES CREATED BY THE LATIN HYPERCUBE SAMPLE FOR RANK DATA                              PAGE   1
0    1  1.0000
0    2 -0.0173  1.0000
0    3  0.0031  0.0122  1.0000
0            1       2       3
0VARIABLES
0THE VARIANCE INFLATION FACTOR FOR THIS MATRIX IS  1.00
