 $ LHS File Format Version 1.00 
$
$ This LHS run was executed on  3/13/24 at 22:35:13.82
$ with LHS Version: 2.30 Release 1, Compiled May 31, 2001        
$ The run title was:
$ Pecos::LHSDriver
$
$ Message output file for this run: LHS_distributions.out
$
$ Input file(s) for this run: 
$
$ Point Values for the distributions follow:
$
$ All point values represent mean values that
$ were calculated from the actual LHS sample.
$
    Uniform1              7.5099865E+00
    Uniform2              2.9099860E+00
    Uniform3              6.7600284E+00
$
@UNCERTAINTY
  @OBSERVATIONS    800
  @VARIABLES      3
    Uniform1:          
    Uniform2:          
    Uniform3:          
@SAMPLEDATA
           1           3   6.6625005938770476        2.3388283740810354        6.1805197208633178     
           2           3   6.4051484704299941        2.3542589968402639        6.7116547212733710     
           3           3   7.5161606401079917        3.3895307783698549        5.6132313379962575     
           4           3   7.1026237039675477        2.3566054774379710        5.4230574895860340     
           5           3   6.4325981289750773        2.5137738196333288        5.8019298975869606     
           6           3   6.2799412601080258        3.0959424902547852        6.6797854637234417     
           7           3   8.0918915138574068        3.1490580818484539        7.0636448789507265     
           8           3   8.0612551018383236        2.8582779668210891        6.7860692649888223     
           9           3   7.5519968921106191        3.1001098538038554        7.8469261047846519     
          10           3   7.7094205794154549        2.8405872184206618        7.4448590270937700     
          11           3   7.3043172352702825        2.6319579923086454        6.8271364545971149     
          12           3   8.0273059217119584        3.2108585089694013        5.7437524829985049     
          13           3   8.6158987256532420        3.3003180523519289        7.0042636360246693     
          14           3   8.1822419290259134        3.0909598092437727        5.4119520732009549     
          15           3   8.2152127153449683        2.4734923327344354        6.8813003035751166     
          16           3   8.8597273936527188        2.9883307566200386        7.0793047250067751     
          17           3   8.3732744676081339        2.4077601249838478        7.8028692568480329     
          18           3   6.1805807306265343        3.1465448916724768        6.1038326399062637     
          19           3   7.0208488499184023        3.1900388911864841        6.5251238736199735     
          20           3   6.4830486511852357        3.4245052663390760        6.2364670282450971     
          21           3   7.0286560668438316        2.9988138370874222        6.2428811933983814     
          22           3   7.9609873432823219        3.0419988675550322        6.7288282137206989     
          23           3   6.3005540632357588        3.4083688291175176        6.0520451045703956     
          24           3   6.7311785423377293        2.6671688275597294        7.4920277301363809     
          25           3   8.3048486694888553        2.4568677607275431        6.3138275365398142     
          26           3   6.1477103515533962        2.5198127995197894        7.6833561791114038     
          27           3   8.5927760056458649        2.3500813947156307        7.6105852617301277     
          28           3   8.8889378100688923        3.4446327550370595        6.4734883642767667     
          29           3   7.7286699203471656        2.6455545448889723        7.3788730559835098     
          30           3   8.4236757805797975        2.3960405306936705        6.1010942665200556     
          31           3   6.8114195238618409        2.5440060321258149        7.3544294133505312     
          32           3   7.1155598083900982        3.3953216939021371        7.0247332389632646     
          33           3   6.2364329598634498        2.6142811462636457        6.6629209399753018     
          34           3   7.1835894417521189        2.8910761376799554        7.1761297359983143     
          35           3   7.2179026211923327        2.8974006190645860        6.5799796342402406     
          36           3   7.0071586465908329        3.4560516527710718        7.2425013292311347     
          37           3   8.0051486102840848        2.3810348852755503        7.4468603970359242     
          38           3   6.7165816226261086        2.7666852039814116        6.5414101583680901     
          39           3   6.3671032688344713        3.0467639611252815        7.5778046876862355     
          40           3   7.9996845738319093        3.0000918125914180        7.9374879932580225     
          41           3   8.9173851070544323        2.3645488850018590        6.4925934570710231     
          42           3   7.4507104721240456        3.1052258497114646        5.7182256963579565     
          43           3   6.9021739047716251        3.2854062846289600        6.1480810386609228     
          44           3   8.6124541251864866        3.2738611521943008        5.4710060302031049     
          45           3   7.9949951962087651        3.0212536856847931        7.1587733131182905     
          46           3   6.0723126314816174        2.5345626056603159        6.5209737499309410     
          47           3   6.3476113887823891        3.1075549595033634        5.6708261619609255     
          48           3   8.9505056664414582        3.1306548939868692        7.1739117642242052     
          49           3   6.9716542316123373        3.2957234687484105        6.5512301698260993     
          50           3   8.3995526533928935        3.1684568333713687        6.5116883294670842     
          51           3   7.6949663312410115        2.4810458436442073        7.0991765523140202     
          52           3   7.4305466965527742        3.0238535131113027        5.5061409504770706     
          53           3   7.4552076109786860        2.5758778285116888        6.8895171727042754     
          54           3   6.0238709872955223        2.3529382675932720        6.2672301688723380     
          55           3   8.5072216188968746        3.3241351287914442        7.2771311564634376     
          56           3   8.1312511324731176        3.3528488536656256        7.8295046475702543     
          57           3   7.4711115888247148        3.0770976106553105        6.0508258850076242     
          58           3   6.4000691669105434        2.4259196457849468        5.9884136863384336     
          59           3   7.7466553599713368        2.7421261498734122        6.8865780166747577     
          60           3   7.0355194888421098        2.6480673283360083        6.7430049974880237     
          61           3   8.6624198541615609        2.9158610669141867        6.3611779287396057     
          62           3   6.4189932743398828        2.5491105775858975        6.7610305443514953     
          63           3   8.5819383931113400        2.5299372337667623        6.0631999571932829     
          64           3   7.7141585881789796        3.3194986563473128        8.0599564666317889     
          65           3   7.9286518538260129        2.6529656476769712        5.4929658426064423     
          66           3   7.1842371812558845        3.1327103699160506        6.6344318453322346     
          67           3   6.2405221718447859        2.4450381161738770        5.6321119767439960     
          68           3   7.1200332824612262        2.8308681541228320        5.5153533938344337     
          69           3   6.3624180064463864        2.5483915215285498        6.2587737145449216     
          70           3   8.2436059762429785        3.0574692912513970        6.9565902776761215     
          71           3   8.0735560032405189        3.0695149182922439        7.4268589141127883     
          72           3   6.3660970352403821        3.2886182699258675        7.7941374522245317     
          73           3   6.9101388295565265        2.7976765885971369        6.3856869723573322     
          74           3   7.1419487840056535        3.0928113113338713        5.5808610436567108     
          75           3   6.0892282076270208        3.1360067154704714        7.9848267664937591     
          76           3   6.0124840962915913        2.9278507372680003        7.0065947411284144     
          77           3   8.8339174987885052        2.5331888845350012        7.5419742014799844     
          78           3   6.9597976557546648        2.3593344456688152        6.2038909173065040     
          79           3   6.0425017778848993        2.9568400063595042        6.1878690079781231     
          80           3   8.3443159361369901        3.3174372290228611        5.8815034425014749     
          81           3   8.3566912434788527        3.4789405613210636        6.7182178754124617     
          82           3   8.4953200218317217        3.0851405080617291        6.5840782864268110     
          83           3   7.5676967653800968        2.4415380460401415        6.2016185067890621     
          84           3   8.7117433459724989        3.4381226038243158        5.7545590149107158     
          85           3   6.8486194320805946        2.8857339725041995        7.0409166912705690     
          86           3   7.1271908686592358        2.4906622880307259        6.1389259817102575     
          87           3   8.5862450921905111        3.3816771098066822        6.2445062143796530     
          88           3   8.7383490154688488        2.6866512528515885        7.4592186451774607     
          89           3   7.9359338289828152        2.6779718768549037        6.1493484792825184     
          90           3   8.1893146742705714        2.9861275382438213        7.0182345941145607     
          91           3   7.6111533380782932        2.9609893061889103        5.6405546547854319     
          92           3   7.8340820639839510        3.0500573400327351        6.4851622472564925     
          93           3   8.8205311787698886        2.5069552632600183        8.0646121351082982     
          94           3   8.7163495604626942        3.1578517374255464        6.9212128383062366     
          95           3   7.4808606863202289        2.8293984629323825        6.5690042954097727     
          96           3   7.0943920325540235        2.4167803537714412        5.9561874141687881     
          97           3   7.6481709871324703        2.9146636671550925        5.7876172548082829     
          98           3   7.3937096461103646        3.3370469930355440        6.4578471730721647     
          99           3   7.7342140391445708        2.8802057079756631        5.8914666537947484     
         100           3   6.2221488895843500        2.4953079149036670        7.5310367301313956     
         101           3   7.3322916167703811        3.0884145403948731        8.0455220215739107     
         102           3   8.7895776347891665        2.4972396523098346        7.8098937306794101     
         103           3   6.5744989060275838        3.0297996502455442        7.2223271602389278     
         104           3   6.1132895583051141        3.0349547568789568        6.8648120861171629     
         105           3   6.9536820044938938        3.4502952753725000        6.8116463082522385     
         106           3   7.9785391992362564        2.5583618399486063        6.3975102000435005     
         107           3   7.8118364315526554        2.3431172251958166        6.4230457745712481     
         108           3   8.9467984976200370        2.9029660142037672        6.8686358785595800     
         109           3   7.4146391442956512        3.1070248323972685        6.4300206961385848     
         110           3   8.4487691702539447        2.8991787541361296        5.8853779479998920     
         111           3   6.2445001159369706        2.5665745208314501        5.4457698123162848     
         112           3   8.3717610450566280        3.3617272472161215        5.9349132452416242     
         113           3   7.8393526128705702        2.5455713746200197        7.4644910703261260     
         114           3   8.5243652870392541        2.8427940547597710        5.5417488312527130     
         115           3   7.2329754036018858        3.2504302735438340        7.4048239198915828     
         116           3   7.7551332099179859        2.9950696672537944        7.3056579284035248     
         117           3   8.7352140658174182        2.9687042018724723        7.6756457889430445     
         118           3   8.4331417186561151        3.2256889307903940        7.5864181946972957     
         119           3   6.2486095669359196        3.1219136810529511        5.4834570771177242     
         120           3   7.2765191654409858        2.3742587769376695        5.7669041186017278     
         121           3   7.9816214474785374        2.6114097654259529        7.4687772101314041     
         122           3   7.2442837995599252        2.6418794666999719        7.1351513891206411     
         123           3   7.3457152717362622        2.9708933380564444        7.3017780378021122     
         124           3   8.5383479347493267        2.6830055629900889        6.3437687943593186     
         125           3   8.5288052863028128        2.8722714102045517        7.8333939282797509     
         126           3   7.1447175096106363        3.2562114085480687        6.9839829825616029     
         127           3   6.3773852333717507        3.2015618604964349        5.4846861867190748     
         128           3   7.9564616677616140        3.2349136539700205        5.4760186951582730     
         129           3   6.1280809533013958        2.4118458337647493        5.4330775475828563     
         130           3   6.6568332065193676        2.6461993700550752        7.2023562541834538     
         131           3   7.0399476657246121        2.3828238682699623        7.9310801838776968     
         132           3   6.7267804299693665        3.4620439562025367        7.0521281064119830     
         133           3   7.9555130747807556        3.3653899064835748        7.9963884525567117     
         134           3   6.7383374668104805        2.9132807347092196        7.6089395054341296     
         135           3   7.9238266945455686        2.4475427641352869        7.5218332405781254     
         136           3   8.0960248102751198        2.8925718769565227        6.9441204921677704     
         137           3   7.1736252154430256        3.3309362565765976        7.0100962197827172     
         138           3   6.4678368746596968        2.5367482598941193        8.0793306338095867     
         139           3   7.2138173622684549        2.5518041368455626        5.8677685630540068     
         140           3   7.0888316173391646        3.0274814666443621        7.0488516740689517     
         141           3   7.0487935879081487        3.2813229950279115        8.0539855180075666     
         142           3   6.9787289881260950        3.2455363678369555        7.9030790305662082     
         143           3   8.1789277010870869        2.4050251877577393        7.9226317052962836     
         144           3   6.0549037396779744        2.7098670558311859        6.1350428789597649     
         145           3   7.5756595039795496        3.1548949854302450        6.1980047477287297     
         146           3   8.1854497194127163        2.4315475344614712        7.6955300037033734     
         147           3   8.6685888282710213        2.7450609256776048        5.6471280496923137     
         148           3   6.8747678355377859        2.6564703114858594        7.6709371858546795     
         149           3   7.4577554880999370        3.0449958075941659        7.6897098657623859     
         150           3   7.6827493366666015        3.4471909309021549        7.3254317710633625     
         151           3   6.3175058622960929        2.7292345649145311        7.4928727385219815     
         152           3   6.9400662903129700        2.4750741494981923        6.5504666750148166     
         153           3   7.1353455546032638        3.4054286770224804        7.3580138879234429     
         154           3   7.3129942107640087        3.0866949035329978        6.2886153377113514     
         155           3   6.0988446829660088        2.5842967599349449        7.1847244566160073     
         156           3   7.5653109119881989        3.3351612364382834        6.5325174128851797     
         157           3   6.4125237842820937        3.3712350186599069        5.4525117904789804     
         158           3   8.9386057845599129        2.6040271543961135        7.8604307903693682     
         159           3   7.6431528965654429        2.6191595703393684        5.7027682605735617     
         160           3   7.6229990430598260        2.9487138631166658        5.6986259193150328     
         161           3   6.6495041767603835        2.8752016275801697        5.9594151016765098     
         162           3   8.8022532718474409        3.4161659597252498        6.6312400211391216     
         163           3   6.4633994913854984        2.6947918963651989        7.0825765459645771     
         164           3   6.9977661133030775        2.9544422519787679        6.5848466373232952     
         165           3   7.6707090856431748        2.9589246280595543        6.4329334556410611     
         166           3   7.4072892376029627        2.4614851024130244        6.3548616779891898     
         167           3   7.0587128700473105        2.3346263334520860        6.9540586019034674     
         168           3   8.9112842084260766        3.4019004523785088        6.1418789645356302     
         169           3   6.0318450163883970        2.5683395366004551        7.9801652104503296     
         170           3   7.6305755271587987        3.4145363352291520        7.0028801414087063     
         171           3   6.6798910339694704        2.8773055364169067        5.6649415708319868     
         172           3   7.7787335049614184        3.0666419999435313        6.8548824912852719     
         173           3   8.9726026546576758        2.5307948288005662        6.8815856511397291     
         174           3   9.0066505521317595        2.9091937014750671        6.2477432411830520     
         175           3   6.5368231901712717        3.0018820343594648        6.3645157264929733     
         176           3   6.1830577169521712        2.4937718823793111        6.1644773912378010     
         177           3   8.5599405251879954        2.7407096768231018        5.4782693965619549     
         178           3   8.5676476918396638        3.0649563494096976        6.2203139410259318     
         179           3   7.0823283910911412        3.0663777414139943        6.0596802337158291     
         180           3   6.3358096599072447        2.9512869690898227        7.7462943921610128     
         181           3   6.6239765164797424        3.4679282062170098        7.5931261771266572     
         182           3   7.2433313215887756        2.5414464926332001        7.8671921649556307     
         183           3   6.3989059330371676        2.9727460096241676        7.9987223431332088     
         184           3   7.5446850299055219        3.2301549184723291        6.4506327716615921     
         185           3   6.5996693060873080        2.8334551622265716        7.8415734847985439     
         186           3   8.6786002839510914        2.9754926150621146        6.4728160961625978     
         187           3   6.9070589193439806        3.2702201351640396        6.3218105905388073     
         188           3   7.5616876426385717        2.6613535729972648        7.1103307769495290     
         189           3   6.4284045589176815        3.1245571703942492        8.0722338397743005     
         190           3   8.8521813710671253        2.7119074105222825        6.6248610388033269     
         191           3   8.7074803673071450        2.7010139712295027        6.0443882446418868     
         192           3   8.6421109847869957        2.4656868195784396        5.4174103363712787     
         193           3   6.4964855061066915        2.8673607884017289        8.0673129694430976     
         194           3   8.8146124907059118        3.1835083241258397        6.1576705286476647     
         195           3   8.6807948434917481        2.4914521186529894        7.5077153652527189     
         196           3   7.1792400839939363        2.7545239543963924        7.0921703102921017     
         197           3   8.0857614973225278        2.9785700222327263        6.5548274022908295     
         198           3   6.1104620271123711        2.4019695225746140        5.7275537038712647     
         199           3   8.5020423280517576        2.4745373308912733        5.9844947404684783     
         200           3   8.6072164290410011        3.0369621098731066        7.9721060292765902     
         201           3   6.3272024419374064        3.4288974744197911        7.2302159883640993     
         202           3   8.2399774772860113        2.6705892029080891        7.1633982654953430     
         203           3   7.2369555974719697        2.6381653096351072        6.1135909982139420     
         204           3   6.8137354186366430        2.9622389593267582        5.9781257240452979     
         205           3   6.7510739806536000        3.3127027894226719        7.1323890672828707     
         206           3   7.9194216944294737        2.6080878732856601        6.2512889877541165     
         207           3   7.9642634140021977        2.5658145352304098        6.0131537130272186     
         208           3   8.6956088031380201        3.0378486461178520        7.3373193663666312     
         209           3   8.8485140834833143        2.7341021610917178        5.7701486151055148     
         210           3   7.5951386254400122        3.3850351624674864        5.4424743386055345     
         211           3   8.3529510656662751        2.9042438871897875        7.6646529588261902     
         212           3   6.0774253308388868        2.7904444674419122        6.7893948796223560     
         213           3   8.2038518141073293        3.4311556570627380        6.9518424477272491     
         214           3   8.3243018971531999        3.2520249718886682        6.6490465758705684     
         215           3   8.7816077220052833        3.1668256074337870        6.9162845266217188     
         216           3   7.0164520139925299        2.5712614235660878        5.5280657429104609     
         217           3   8.8448801868697036        2.4146010837083680        7.0139356256252210     
         218           3   6.7685743504407583        3.2376061148755255        5.6558875550997332     
         219           3   8.3986325699233557        2.7563262380460043        7.4133727784574726     
         220           3   6.8573376189544799        2.7645177672963936        6.7060666324062908     
         221           3   8.1425165185556398        2.5123868242430150        6.7049489341996082     
         222           3   6.3798792821099042        3.0089556804177939        7.1182249743162531     
         223           3   6.5846257856814194        3.1094042968515541        7.6225673660180471     
         224           3   7.2857162098484700        3.2578284902660180        7.1704878745613962     
         225           3   8.7508416967233629        3.2807089036888208        6.9235082060140849     
         226           3   7.1601476163268671        3.3069407099145933        7.1514067398542238     
         227           3   8.3678487476258301        3.2439795709353874        7.3854821597781264     
         228           3   8.3887000456440717        2.5521352241034618        7.6624487826373953     
         229           3   8.9663102891459125        2.9191338364723838        5.7472102256353832     
         230           3   6.1064061432081509        2.7888047255854356        7.1855053634111830     
         231           3   6.5962897573859660        2.6682872377631139        5.7615496703245155     
         232           3   8.6571063657995531        2.3653923701439870        6.0805127410145943     
         233           3   8.8815561342387817        3.1971776281459143        7.3509275875644224     
         234           3   8.9218109926825857        2.4177572194424926        7.5294322745670792     
         235           3   7.0479474416509040        3.1656980102855594        7.2853377809720117     
         236           3   6.4501514346629838        3.4210759234522934        7.4239201161778183     
         237           3   8.2540585069576622        3.4426605380122903        7.2335728428790755     
         238           3   6.8526898718066507        2.9347974256214804        7.8565379600286533     
         239           3   6.7818622493997092        3.0074067095401231        7.4806875264345720     
         240           3   6.6461338158542640        3.3709285087076597        7.9772710285618960     
         241           3   8.7926024096738544        2.8751534378311949        7.7271031455572219     
         242           3   7.1063729924085779        3.3883661343628777        8.0020216514177136     
         243           3   7.3878496652882308        3.4003260021951398        6.6028553912485952     
         244           3   6.9677266756235614        2.4087523891465739        7.6046539171119800     
         245           3   7.7845349326622086        2.8521508973830847        7.5153183409487250     
         246           3   6.6616409328120056        2.3884740411172389        6.5617642833211569     
         247           3   8.2950340453337397        2.4252780032479091        7.7650189601831370     
         248           3   7.8003827060782349        2.4500984619986963        7.0210448411938851     
         249           3   7.0624270807037828        2.5612152134330710        6.2846118233132575     
         250           3   7.8851802872301775        3.4570492447706407        5.6838639393687185     
         251           3   7.8464604908492763        3.2205554442773687        8.0372721791461803     
         252           3   8.9032766556119896        2.6558222989027858        6.2112925679764599     
         253           3   8.2093541051543433        2.8220031847684761        6.7513567640000254     
         254           3   8.9599984963654418        2.6839511121727644        7.8884080714758023     
         255           3   6.8386911725511892        3.3205897822564006        6.8771358223090937     
         256           3   6.5432641599042105        2.7711156244937678        6.9356837155131794     
         257           3   8.0174548341528862        2.3614990872855417        6.8206889204178012     
         258           3   6.5936707500574991        2.7402753036562237        7.3089500587281648     
         259           3   7.8963050778864998        3.1287877239619850        5.9400446677006835     
         260           3   7.0642069314379476        2.8075655556926158        7.8325522952726745     
         261           3   7.4847815169126255        3.4481463558352203        6.6366368295430433     
         262           3   7.4901918127498357        2.3877535758375426        5.5214027190090560     
         263           3   6.6400192987217448        2.8602433445181816        6.9336187445310928     
         264           3   6.7210371663430122        2.7498752051736579        7.1054310337534980     
         265           3   6.1761553656647443        2.5019632147148254        8.0222898942574972     
         266           3   6.4471657968722864        2.7142838566133292        6.3564165425234238     
         267           3   8.3367071082050082        2.5781598025040000        6.9731878772299094     
         268           3   7.9694160047059990        2.8120558862696283        6.6454514260371509     
         269           3   7.6396912905713537        2.7274382786273956        8.0458938240082052     
         270           3   7.7369508967624272        2.4999382527312264        7.2176921673191528     
         271           3   6.8781443189090350        2.6819144162237998        6.1116119445051300     
         272           3   7.9156843765213853        3.0721508013472545        7.7725742773494852     
         273           3   8.8056445109157355        2.3676183547401219        7.5247592083367918     
         274           3   8.4178840506824777        2.8701200190476608        6.0308257998700432     
         275           3   7.4091707600132208        2.8475630292904799        6.8591104526796549     
         276           3   8.1711245004693041        2.7593198419213412        5.8639465348455708     
         277           3   6.7993985687784146        2.5466221357638714        6.2280524787899632     
         278           3   8.2511291331119718        2.6270055724514298        7.9866448874031484     
         279           3   8.4417204630494229        2.4858383445021000        6.4086881089261727     
         280           3   7.3379106717239475        2.3589250561884607        7.5898842197258194     
         281           3   7.0544766461514516        3.1434122234889426        5.6452285425527666     
         282           3   7.3788412523199804        3.3830457669914238        6.6880112651531816     
         283           3   8.0563320349631233        3.2331097087174769        7.7823166877657055     
         284           3   6.4525919422614963        3.2281884834352881        5.5358161792533362     
         285           3   8.5884287705339375        2.5062539489959135        7.0764866048443062     
         286           3   7.3433035388795540        3.1985833041240110        8.1054000189658240     
         287           3   8.4865212816465636        2.6934833938027265        5.8285950855498374     
         288           3   8.0115674466892948        3.3804907156793287        6.3910893709062950     
         289           3   6.9061713083679201        2.5256506863198012        5.5532083139796455     
         290           3   6.1997803349731839        2.8845361866873458        7.7395204956652011     
         291           3   6.6741585069752185        2.7234097137569915        8.0923935721534050     
         292           3   6.8218140124710036        3.3959068018371590        6.6892585677547318     
         293           3   7.7430990391384693        2.7550568507339110        7.9901215369151313     
         294           3   7.6620901970003619        3.1913400698356913        7.5945190918573928     
         295           3   8.8402349481522098        2.9710284989994022        7.5551335777342610     
         296           3   8.2706215186076584        2.7746123547368917        5.6936322617525876     
         297           3   7.1724725569444123        3.1780179415773366        7.2712146506899442     
         298           3   7.1556743020453721        3.2678365661835880        7.3291959987561279     
         299           3   6.4438050079860840        2.8025616864015115        8.0938042383846174     
         300           3   6.2249636537127664        3.2791255875582808        7.9127890390839593     
         301           3   7.9476157997915280        2.4683123390632216        5.6285657444701940     
         302           3   8.2468054172152172        3.2524962449493469        7.6294538062033235     
         303           3   8.2996576125611305        2.3629022489184979        7.6557732200291069     
         304           3   7.8549644703575172        2.3309264400242946        7.8237604521653550     
         305           3   7.7234097264611039        3.4190126495382751        6.2151646496005712     
         306           3   6.8057965002796843        2.5745062192705692        7.6199729901793756     
         307           3   6.5672258459852308        3.3993903338792499        7.8046077614190281     
         308           3   7.9122287961552500        3.2079858657014557        7.9532824303985974     
         309           3   8.3638883272101516        2.9438583717514994        5.8508459033204998     
         310           3   8.6166797311633125        2.8554642156664984        6.1539238767379425     
         311           3   8.5652456128626344        3.1253317080613341        6.6739725537697083     
         312           3   8.1343610567721782        3.2172103980498390        6.3033381848476129     
         313           3   7.8257296960154772        3.0052833246020714        7.1889447088041925     
         314           3   6.1917847150494341        2.6173596080595281        5.6828987771639072     
         315           3   8.6586727814076578        2.6059371955578334        6.7145808278072794     
         316           3   7.3953982551765511        2.5821588289921986        6.9693710241860822     
         317           3   6.1546965951609307        2.4641398260921354        7.8141819195032571     
         318           3   8.0275225610920451        3.0994105406491785        5.4395129054301075     
         319           3   8.1109972592964183        2.6355184501224431        5.7793218639271799     
         320           3   8.0205315318569763        2.5933195421008275        7.0379249937933634     
         321           3   6.2070921790506688        2.3852141138368870        6.6576763510146986     
         322           3   8.2625636086202565        2.8652744973449851        7.2938357737248580     
         323           3   6.9218253410299075        3.2335981597048118        7.7178374123828544     
         324           3   7.5862853298586561        2.5214410339907394        6.3810526795726910     
         325           3   7.0758104315790105        2.7201404655902763        5.9938459432902746     
         326           3   8.2854064210009515        3.1956100703808832        5.8537483058254294     
         327           3   8.4303319201461271        3.0039515828412724        8.0505308741919865     
         328           3   7.2294589584387721        3.2540667034798654        7.2830094358754867     
         329           3   6.7713038357740150        3.1382777542668050        5.7376141826971727     
         330           3   8.9431404382706372        3.3419289681491442        8.0109587604056571     
         331           3   7.2987511764632655        2.3383708464241586        7.6348756224255476     
         332           3   8.8247852758588845        3.0165844324963635        7.9442029483961809     
         333           3   6.5719666027050696        3.3093972299072894        7.1523996986693232     
         334           3   7.3618232024184538        2.4314794399625970        6.8095330209617382     
         335           3   7.3997606812123555        2.5277008879291945        5.8694422180534458     
         336           3   7.0082771214758388        2.9232632293567877        5.6515826657922013     
         337           3   8.3178999520614170        2.5047269256622648        6.0842997505630194     
         338           3   7.1284036346393984        2.9469619338056772        5.9729891265017798     
         339           3   6.5511116066697284        3.1123717080792299        7.4541392343664183     
         340           3   7.0251214390093812        2.7371564419379926        5.6016915465116037     
         341           3   6.7257557283848293        3.2744380751407589        6.3757506680317162     
         342           3   7.3545754135024621        3.1584896864556358        5.5181043380220940     
         343           3   6.7053261911615838        3.1022332477508812        7.6423887777359623     
         344           3   6.9171725446105112        3.4853917852667164        7.7127596780464804     
         345           3   7.9519167831269435        3.1600122728922289        7.3698868333701393     
         346           3   6.6307801519718490        2.9005934995727265        6.0686476614923741     
         347           3   6.2510915225959618        3.3728440265448767        6.5389070066632415     
         348           3   6.3162931444481361        2.9389100172870326        6.9637683070382330     
         349           3   8.3210038323447222        2.7506240921261838        6.5357449423379732     
         350           3   7.1346091713360504        3.0759537752574664        5.9164033640147240     
         351           3   8.1629707174055515        2.6002706606495773        6.1766502981551747     
         352           3   6.5493107869345106        2.4523146354926517        7.4505164905641275     
         353           3   7.2809788836652292        2.6247471925944907        7.8062932247415002     
         354           3   9.0015740901682868        3.2267336603653503        7.5511928746695913     
         355           3   7.0842395065395971        3.1612052342026375        7.6326396978564146     
         356           3   7.8828034994655169        2.7856350980245628        8.0975537801335733     
         357           3   6.1319795158688795        2.9082060694970191        5.9239990018084354     
         358           3   7.2101458709340660        3.0789755835007995        7.3161997962358285     
         359           3   7.2664286663831437        2.5771917096340449        6.1085977029964562     
         360           3   7.8683753959025493        3.1644231970989964        5.7140296476742662     
         361           3   6.9177296288913928        2.3709188354427808        7.3124309694768739     
         362           3   8.7273478188857556        2.5562449402360827        7.4841510561089670     
         363           3   8.1212188032880661        3.0105418055907474        6.4476502670966731     
         364           3   7.7672623200787347        2.4576330978969931        6.3345367119191502     
         365           3   7.6931087204351201        3.1713454569513795        5.6237916048428449     
         366           3   8.8908040429369439        2.3415352194015986        7.7082348064961845     
         367           3   8.4895183453473138        3.1883549948736447        6.5577507734131650     
         368           3   7.8025670498557158        3.4108251733462565        6.1286510833550123     
         369           3   6.8409416651795620        2.3469227790767446        6.2633554685261048     
         370           3   6.1611346285595214        2.9870531825007056        5.7064676390224482     
         371           3   7.6572810606384882        2.4874266751799965        7.1010860790915604     
         372           3   8.7050093932682646        2.9982370838202770        7.1564598698634940     
         373           3   6.7638796153530709        2.8629791363112513        7.4734396060407455     
         374           3   7.3015525500386138        2.9214641879457051        6.7482503304402339     
         375           3   6.3092700924235388        2.5327524232026657        5.8862677759252549     
         376           3   6.7766677798324961        3.3601481169315406        5.9036397375634699     
         377           3   6.4777183295806751        2.7772558082583596        6.3450183047565227     
         378           3   6.3465547554646040        3.2607772054193194        7.7844756709907372     
         379           3   6.5591663826740119        2.5627976771174819        6.3354865175865118     
         380           3   6.6972825165235550        2.5097458432510029        5.7316758233533180     
         381           3   8.9689446066666285        3.4548899113671623        6.8141613048537693     
         382           3   7.9444555991268135        3.1145653332208867        5.5758458764150562     
         383           3   8.5310729264261305        2.8362884622730316        7.8939183656901299     
         384           3   6.0961144412803687        2.9398070394400624        5.6083682697043988     
         385           3   8.6690587573769147        3.0832241873255470        6.8041819562299057     
         386           3   7.5105603554347180        2.3420870699411145        5.7595481907022767     
         387           3   6.6950368246162544        2.4238664751285572        5.8615569357758508     
         388           3   8.1749530926762972        3.2950978814233443        8.0268022849179683     
         389           3   8.7798788173988580        3.3795993527482264        7.1257356439332060     
         390           3   6.9939685453844138        3.3973058283360560        6.0952055819242084     
         391           3   8.1483343555868473        2.7070296631057751        7.4001875366168086     
         392           3   8.9945563349791335        2.6730154519949458        8.0073752167929193     
         393           3   6.8276780508292720        3.1707934011149455        7.8373704937066355     
         394           3   8.9847768716688741        2.9263217132881172        6.0173341298963061     
         395           3   7.1489427543536292        3.4340537566090585        7.4091185858808748     
         396           3   6.1867289145986426        3.2003408892592766        7.0359279907148444     
         397           3   7.5208964205617672        3.1030259062275523        7.0566667667936125     
         398           3   8.6021830520522791        3.2863231065122647        6.0773682183095659     
         399           3   6.8044475430116282        2.4424894894680707        6.9037591257574968     
         400           3   8.4774258201027983        3.1508892900701730        5.7074769593767121     
         401           3   6.7591209454776253        2.7944285205063877        6.4132451061383184     
         402           3   6.5784706771012864        3.1178515901514796        7.5463695872068630     
         403           3   6.2095408814368422        2.8871629656804143        5.8159396916755943     
         404           3   7.3168987372276018        2.9373361144475525        7.0586569769928751     
         405           3   6.6174626069443176        3.0635446661263357        5.5006185201551707     
         406           3   7.8086639615261806        2.7810144239395744        7.1295738882773145     
         407           3   7.2088119849766370        3.1200131229874097        5.8446922062690136     
         408           3   8.2276722147586412        2.8969293587363212        6.0100573392269725     
         409           3   7.1662579323866522        3.4223013101661812        6.3952381030718390     
         410           3   6.0682303109404163        2.6515229723633502        7.9087685046308600     
         411           3   8.2191622308469956        3.0601789539950670        6.0659047791952032     
         412           3   8.3772288878253303        2.8649109344615717        5.5326985596946034     
         413           3   8.7222652855186595        2.3360793286698405        7.8973231479117239     
         414           3   8.4579968375884338        3.1172874162115387        6.8493840136637729     
         415           3   6.5065256324096117        3.2090055115998957        6.9305534547057466     
         416           3   7.6978727227455233        3.2128245547890431        7.6010025760678683     
         417           3   6.8866878410486967        3.2380167063059870        7.8852106550678434     
         418           3   7.4344848639558760        3.2475331020758142        6.0219516148070111     
         419           3   8.2037232177963588        2.8355434168933309        7.7989306703448822     
         420           3   8.8758748348470551        2.8577809146380053        5.4680372727747892     
         421           3   6.2611794470020676        3.4323951809403259        5.8563667414003575     
         422           3   8.2351029595290317        3.4117405617381795        7.3172927217609534     
         423           3   6.4348420135633200        2.5100229204105449        7.7927131556978271     
         424           3   7.2259268571561552        2.9432714072392203        8.1086082814058749     
         425           3   6.0587495605490398        2.8246182931341464        6.6774443460295734     
         426           3   8.5153291429058307        3.3300499561758947        7.4337523614423402     
         427           3   6.2155270840667063        2.5877985042885645        7.7192918362513003     
         428           3   6.3213205062714408        3.3034222214688431        6.4895200912955913     
         429           3   7.8317102714171050        3.4604349526500449        6.0937345686241757     
         430           3   6.5574452676644430        3.2416185557875665        6.9616546573296949     
         431           3   6.0451615837236750        2.8385079479227193        6.4262342923605171     
         432           3   8.1010217614588313        2.9064219611210285        5.6698304958157246     
         433           3   8.6495668420125735        2.3547270913687068        6.1231718868042808     
         434           3   8.0909163126532810        2.5917650438641200        6.5756209562067527     
         435           3   6.3396156476729084        2.4776419632159876        7.3480315805603169     
         436           3   6.2715072457137282        2.8214445553631986        6.9972105339986737     
         437           3   8.5355544352420836        3.2400708647946366        6.6931965318685691     
         438           3   6.3879025959430145        3.2996258181660090        6.7932685694230317     
         439           3   7.2053638375696023        2.8481747892147165        5.7118302920327118     
         440           3   7.2706746095881680        3.4734259400652490        7.3617982040842760     
         441           3   6.0784495505233638        3.4747115808400908        6.8403057627520756     
         442           3   7.4499263808547402        3.3020889587933198        7.2384578393132539     
         443           3   8.7194085677419206        2.5158460824355369        6.7985659466050272     
         444           3   8.5965684518628400        3.2939917214189656        7.5381653615416138     
         445           3   6.3723339374229546        2.8244186145272221        7.8820484950458631     
         446           3   6.3913558273488889        2.8053983813944390        7.4583221741061125     
         447           3   6.4400551459653066        3.3555167397917716        5.5952307665469121     
         448           3   8.6754904597380662        3.0416205380957693        7.2543295653996465     
         449           3   8.3575326931008025        3.3345071399117123        6.7737610672014714     
         450           3   7.5090009366054433        2.6139772419572691        5.9623736098291404     
         451           3   6.6898210946249304        3.4823035127558861        5.6932153263789083     
         452           3   6.4181107319286097        3.3278302320583029        7.6256535349546466     
         453           3   6.2667394058956409        3.0530686064166019        7.5108668222478299     
         454           3   8.9251947562789429        3.2029806692927263        5.8144727215416205     
         455           3   6.6065927073004413        2.6736597658527201        7.8639721700406504     
         456           3   8.5606441832316325        2.8934789668434302        5.9810581313993616     
         457           3   7.3669167342525901        3.2306616687272909        6.0243369186045026     
         458           3   6.7416434331377966        2.4110308083032961        6.2334392102833958     
         459           3   7.4404731711384375        2.6291796733044790        6.5203594660187081     
         460           3   8.3833963557032973        3.2158597067915604        6.1898115909839975     
         461           3   6.3940469778716214        2.7161010511697503        6.3297046247413089     
         462           3   7.1913203731511022        3.4155070067372990        6.9418398886563946     
         463           3   6.3047549271048045        3.2716177152821562        6.4436437473399568     
         464           3   8.4688559846361731        3.3487179465875263        7.9462897859065267     
         465           3   6.6363795423632830        2.9293401055029364        6.5885838885904526     
         466           3   6.1367799654987172        2.3932023576648209        5.8741489448609059     
         467           3   7.6803484029308313        2.6912852312433069        6.4939883294376779     
         468           3   6.7974585677077988        2.7880309093104909        6.1597560841888770     
         469           3   6.2558216036637901        2.8091226546397547        7.0333230073841397     
         470           3   8.1268434281350341        2.3704522028772508        8.0589789288222367     
         471           3   8.4149611247790741        2.9814994091682836        7.4864002675272054     
         472           3   7.3274299513330332        2.8157737653605754        7.2633407279465461     
         473           3   6.3102619876188690        2.8609610716243741        5.5885893063879921     
         474           3   6.0261778983403920        3.2922958495176049        7.9497282236950122     
         475           3   7.6168520556873407        2.9455826413287665        5.9999483636462543     
         476           3   8.3154867717722656        2.9938907286787639        5.9123605443942369     
         477           3   6.8174893901124598        3.1266483219963734        7.7571435501378136     
         478           3   8.0339132644556237        3.4896663321164318        7.2501906612319287     
         479           3   6.4888190555031180        2.7359084652093939        6.8740578356339244     
         480           3   7.4372171281318877        2.9246247415765074        6.9271731402590522     
         481           3   8.4100202464836187        2.8786637042059096        6.7662726797359936     
         482           3   7.9325951080393855        3.3691081140329127        5.9682434036517806     
         483           3   6.4654462014735330        3.4872390054836635        6.9660793136706340     
         484           3   7.7936757698710419        2.6806998288329345        6.0189863390622778     
         485           3   8.3064053145516663        3.3271912100706835        6.3679161626904390     
         486           3   7.3583979819560765        3.4708168893126308        6.7821242629421468     
         487           3   8.2659073611799982        3.4255519124302554        6.8279389028093131     
         488           3   7.1181773299930500        2.7472775615120542        5.7364581134186299     
         489           3   8.7735234617389501        3.1757232118618672        6.4160342220434394     
         490           3   6.8695425158634311        3.4273141836818311        6.3275526160300650     
         491           3   6.3543880214312223        3.2138775635016614        7.5580877613796327     
         492           3   6.9507762561048727        2.6541490720983245        6.2974329493300463     
         493           3   7.7814249205155637        2.4625238970026491        6.1718931009250220     
         494           3   7.4017160238331412        3.3228434691693169        6.0361579620337578     
         495           3   7.8584794380827221        2.6793265609199648        5.5609360191778983     
         496           3   6.3559298627258976        2.4695084040012332        7.9611175420602951     
         497           3   7.6025571395581935        3.3159763213720290        5.4635017277705487     
         498           3   8.0609778720288876        2.7486653186011014        7.3733182480295358     
         499           3   7.9862578560679687        3.3378081409039910        5.9208349964410587     
         500           3   6.9364401690862714        3.2590286159776731        6.9762770839929580     
         501           3   8.0786778968042920        2.3514532698286819        7.7531455095614952     
         502           3   8.1386273978624377        2.3845398443313317        7.7607400397236335     
         503           3   8.7415543771564259        2.8396363281711006        7.7874182840131105     
         504           3   8.7739277683268302        3.1799089231072464        7.8215914004418581     
         505           3   7.8613483097194692        3.3456224477159209        8.0327323911185662     
         506           3   7.4620935030450344        2.5646910562894307        6.0393926374830773     
         507           3   7.2813732911756963        2.5535792522250560        5.4601957821337859     
         508           3   7.8803991878445956        3.3857639845919332        8.0802495638837577     
         509           3   8.7527766885477458        2.8058896772571842        7.3227208385840932     
         510           3   7.8632725620068955        3.0141977918067830        7.3666787900505870     
         511           3   7.3522040524534527        2.9226775033456973        5.7909924439896718     
         512           3   6.2626244101053450        2.7609794610949931        6.6662284113751369     
         513           3   7.2013807983428704        2.3752126104338211        7.9564458373185181     
         514           3   7.6285784573914128        2.3986732566212421        5.6026633172729055     
         515           3   8.7635522160705293        2.8543567202721722        5.7944376111448515     
         516           3   8.4781697558244922        3.2420609106156739        7.0668578882217989     
         517           3   7.2503085909676148        3.2058132528841727        6.1758264977544890     
         518           3   8.0722230505477626        2.5264515300027908        6.6150991528402079     
         519           3   8.6246937189844903        2.6205729422542734        5.6217619409609183     
         520           3   8.3322672797183621        3.1297398256348332        5.5674020632695758     
         521           3   6.4916638651702669        3.0919324413032387        7.1233889674384256     
         522           3   6.8678846819151662        3.1528501016733821        6.6959104363294610     
         523           3   8.6947485450134270        2.9334660514197433        7.5817888358324703     
         524           3   8.7589030696669941        2.8950432597534732        8.0398631753425569     
         525           3   6.2813227880879996        3.2828315661412319        7.4966809019551137     
         526           3   7.7887665701290825        2.9679413314732841        6.8357175796557570     
         527           3   7.7524066426727218        3.3324802662187021        6.4811985773423215     
         528           3   8.5429903072828886        2.4468242355004652        6.5713278746163990     
         529           3   8.4073888187558623        2.4298961933846468        6.5031232209013252     
         530           3   7.1637918883998646        2.3799682374153988        7.7425870886323676     
         531           3   6.2036168104570244        2.5152152982519937        5.7494393123843768     
         532           3   7.3246913304124606        2.4032941627822697        8.0870538149237987     
         533           3   6.6821267658306160        2.5956871589699877        5.7841905148447257     
         534           3   8.5737352750543501        3.1494614254620279        6.8014594252536185     
         535           3   6.9312272364983798        2.9651524285184800        5.4650772513470729     
         536           3   6.0137716759447359        3.4649199914875557        6.7576997812368784     
         537           3   7.7040795321730551        3.3425227636408179        7.0858005078501876     
         538           3   6.5191921741049734        3.1101450683677685        6.7011993374451988     
         539           3   7.5972971481902638        3.3592283526908959        7.2973296026622121     
         540           3   8.0529712504538473        2.4713338974002750        7.3745359001714386     
         541           3   7.9934050999692410        3.3757642701804169        5.9752604702454990     
         542           3   6.4812746204892751        3.3500252095171601        6.7690128266121610     
         543           3   6.1442003939973064        2.5832426159578725        5.8977035293093358     
         544           3   8.3499631350862913        2.7799478177046986        5.8782146206504837     
         545           3   6.8827183435112236        3.3510426997275680        7.9067548737578326     
         546           3   8.6452605907435647        2.6342660200129147        6.2255547262335602     
         547           3   7.8934543207500250        2.4440561897829993        6.1947483679441211     
         548           3   8.4441512752961714        2.6368173521422316        5.4551590001242873     
         549           3   7.1898482915150819        2.4185608546529780        6.9914703330510237     
         550           3   6.2193718411363079        3.1730909621952335        6.1455075694138355     
         551           3   7.9064195209438912        2.7996156870260487        5.5094620469083022     
         552           3   6.6046478400600606        2.8819230356211891        7.6941379118636242     
         553           3   8.1967576841043766        3.3542943950913262        5.9087811544055882     
         554           3   7.6050849580080833        2.5862831177411834        6.2752488675628557     
         555           3   6.1215275592822573        3.1564838921430058        6.0892528992148875     
         556           3   6.2924998546452837        2.3320739154268875        5.6883756814215447     
         557           3   8.9303442654755791        2.4779127254738005        7.0721767822424590     
         558           3   7.8730875818987256        2.8452328829641806        5.6611976113661076     
         559           3   8.4654459846290422        3.1628787797853586        7.2668567791972301     
         560           3   6.6177944553739501        2.5604241502632736        6.6599770813334906     
         561           3   8.6282664566024323        2.6631970179529745        6.5096105354854368     
         562           3   8.5205232301953959        2.7693657126758131        7.5664187618354921     
         563           3   6.8888703879879900        2.9957510202969075        7.8192751174427970     
         564           3   8.0431605666514958        3.2629315254151940        6.7543441457246081     
         565           3   6.1729062829748722        2.7591008052244201        5.9269355337865131     
         566           3   8.0365493822118150        2.7378860131921594        7.0874152505054075     
         567           3   8.3402934791395076        2.8728964807001058        6.4401468726214661     
         568           3   7.8247784289272388        3.2875427342137553        7.5011505317283440     
         569           3   8.3871207729325388        2.6086966698680771        6.3162252436046833     
         570           3   8.0392755601106920        2.6651690053368453        6.7341790311012586     
         571           3   7.5888916257637895        3.4032237425212286        8.0179069858348218     
         572           3   6.2862171703373306        3.0737859321260825        7.5329213219157536     
         573           3   6.8608820691012076        3.0318859708477395        7.1988860402262649     
         574           3   6.5892997809476217        2.9122093332490073        7.4765404292682067     
         575           3   7.8172279509698273        2.9832043951321041        5.8952451072687690     
         576           3   8.2128220004239125        2.7100048879787444        7.2493452074443043     
         577           3   6.1679592260075147        2.9917422236819169        6.0026904299753667     
         578           3   7.0002289046591617        2.4128711691371749        7.4013994761344213     
         579           3   6.7021328563394480        3.4399603896657940        7.9247989393110903     
         580           3   6.5828619977663037        2.8445183033508714        7.2100804021274092     
         581           3   7.8751481120660891        3.1823468306285796        7.3942300493010551     
         582           3   7.6206110953559980        2.8681976169067669        6.4767939293520751     
         583           3   8.9883972509051091        3.4695291159483141        6.5156764994880350     
         584           3   7.1979325352908932        2.9108477757112938        6.4195553443232782     
         585           3   7.4976949672057520        3.3258291539654952        6.5656304786246320     
         586           3   6.0369900849147236        2.5973397530241402        5.9945546348853096     
         587           3   7.4242614679827241        3.3919540275617850        6.1180041001681529     
         588           3   8.7974002335162371        3.2046077239492794        7.5728586217800036     
         589           3   7.7718709081065027        2.7227017553350077        7.8586509888801954     
         590           3   7.8505693313802478        2.8833685273265348        6.8431727749622651     
         591           3   8.0658516903614501        2.8516719523680050        5.8076985707448916     
         592           3   6.5396969587550844        3.1405701350521649        6.7396615733475773     
         593           3   6.0831569941365160        3.2905780838553098        6.4689579172382361     
         594           3   8.6855364986773935        2.7935749105759085        7.4401835781888508     
         595           3   6.5645371107209929        2.8183761734147792        6.8236609390709786     
         596           3   6.7605685978769907        3.0121731662314852        6.6837224874883248     
         597           3   7.7059072512856801        3.3139622933913144        5.8210451353634998     
         598           3   6.8923355340867412        2.3765829888579670        7.5497054343423216     
         599           3   6.7931219534782574        2.9840971135929459        6.9810907464120238     
         600           3   8.5518801689569948        3.4066093620451632        7.8998407469205265     
         601           3   6.7528043516975593        3.3632349768365501        6.3491011102159680     
         602           3   6.2301733706070808        3.0611716582849273        7.9313550507137256     
         603           3   6.7465821324562425        3.1459364281189397        7.5673545535089799     
         604           3   6.2320788071528659        3.1842662165527233        5.9491201268233418     
         605           3   8.3088125093159029        3.1402068028028820        8.0221817150326089     
         606           3   7.2623591629977451        3.3652697259368844        6.3836033365071634     
         607           3   7.3712531652126927        3.0944370532199739        6.3748927329417207     
         608           3   7.5808400234029971        2.8149373608043304        5.5904961744523023     
         609           3   7.3851745419763031        3.0256628579058451        8.1000069803076613     
         610           3   6.6513964442955329        3.2196660529396151        5.8393635003689273     
         611           3   8.5110003374118239        3.4180574249417059        6.0464532990660809     
         612           3   8.4827369304525195        2.9309709990176369        6.9466492206298858     
         613           3   7.2536115947260988        3.2763942231455356        5.4502858498794371     
         614           3   6.7103166508275898        2.7925171527118424        7.4658228197482241     
         615           3   6.9469405334407925        2.6886387865796455        5.5134464943026256     
         616           3   6.5035661843119303        2.9017493720689322        5.9529521047505556     
         617           3   6.4992117761567352        3.4582934474756590        7.8708416385481241     
         618           3   8.1039819813412031        3.3394120612778586        6.6690079623874912     
         619           3   8.1526052245061145        2.5882880667871793        6.4368507561698785     
         620           3   7.5841510236167231        2.7835948196560376        6.7259390415168889     
         621           3   7.4211666889322805        2.5395990618618205        6.6186959742920299     
         622           3   8.5135670403591952        2.6719800735641503        7.6463012221717213     
         623           3   7.4443354876822561        3.4868909668806358        7.6729652908943535     
         624           3   8.4034935321976079        3.3748980582036427        7.3326174297633990     
         625           3   6.9751404854474819        3.4375741436786718        6.7789760846866693     
         626           3   8.7674793985896393        2.5939375368959738        7.6504298830547190     
         627           3   7.3197551050616312        2.7046655219741864        6.9082840669166181     
         628           3   8.9972905695004730        3.4455840421001196        5.7971923708599640     
         629           3   7.4993580274077241        2.4546919441417558        6.8949298144978819     
         630           3   6.3304812181662413        2.4947884815601284        5.5723613654616058     
         631           3   7.1532675908820229        2.6751484525824663        7.1804034028880990     
         632           3   7.6654398766491791        3.2222099270196867        5.6376482942185246     
         633           3   6.6137229140379343        3.4512438853947911        7.7381200440313833     
         634           3   7.9079545736644645        2.3916532048065449        7.3452313308461745     
         635           3   8.6897965503533481        2.9605206865866553        6.7956946541896022     
         636           3   8.5485517851178887        3.0749730204724708        7.2884805778059807     
         637           3   7.7747184823121644        2.3976162797716096        6.6087937100143455     
         638           3   7.5356693188464847        2.4591514771273943        7.6864930851134403     
         639           3   6.6866920690931142        2.7788481241668577        7.9621972099658445     
         640           3   6.9276275865992645        3.4661550029783856        5.4368438966580435     
         641           3   6.2977572696580317        2.7843647812044132        6.3059171198054100     
         642           3   8.9632354875889728        2.6898564686424797        6.2083422929070951     
         643           3   6.1226881627179681        2.8503602615158541        6.6001077414411995     
         644           3   8.7859034207873634        3.0400435859789492        6.5451290487214280     
         645           3   6.8257757259681231        3.4352931514208085        6.2912591717785400     
         646           3   6.1578687898148203        2.4891089482961224        6.6137242625367652     
         647           3   8.8081193994963538        2.4004545511672504        7.7034123744292007     
         648           3   6.7832407969163615        2.7657490851371316        7.9171611870438197     
         649           3   8.8534397881556650        3.4772695314912943        6.3393950366905774     
         650           3   8.5787181392204364        3.2483247594175979        6.8645032228790805     
         651           3   8.8300795675846171        3.0268004135671771        5.9640487295527995     
         652           3   8.1161100402270669        3.3046273677578082        5.6121417406511602     
         653           3   6.7138621684315147        3.2622763354621367        7.4306428491149568     
         654           3   8.5979073346621586        2.4396051298202366        7.5630622108190142     
         655           3   7.0711392722284652        3.4294074599603190        7.1432934927608001     
         656           3   6.6674301856980307        3.3782154812620369        6.7463320524151493     
         657           3   6.1966735197769589        2.4378130745019182        5.9013697961291767     
         658           3   8.9055676568555633        2.4834537552300726        8.0859415302064725     
         659           3   6.9817072661282138        3.3112399253794691        5.4302121611535838     
         660           3   7.5385427319013978        3.0435974683711304        7.0966233971038015     
         661           3   8.9413718950984169        3.3181912539364071        5.8251257072128642     
         662           3   6.8980928460700666        2.7628849785838394        6.4023364774583893     
         663           3   7.5432856526199616        2.4507198332730100        5.8104212181073089     
         664           3   7.4744579328148397        3.2240640319353089        6.0040297818341930     
         665           3   7.5498385766946008        2.7193904144402596        7.2227719869656424     
         666           3   8.1587911111710127        2.7176122741942530        5.5841480319124246     
         667           3   7.4662541866756511        3.0479001981529876        7.3959773284783878     
         668           3   8.2739826350953081        3.4811490843633188        5.7525238106565375     
         669           3   6.6278309652418832        2.5993230961193450        5.5314825868248301     
         670           3   8.2757074556456072        3.1794148778871754        5.4248413667145936     
         671           3   7.0907154951480331        2.5550187706279806        6.3184531614090078     
         672           3   8.8283833972027050        2.6993383843749181        7.5162014954707415     
         673           3   8.8979357816086839        3.1937255649226954        5.6187078740264118     
         674           3   7.9729557040581129        2.7443862079687418        5.5383067237748183     
         675           3   8.4546104457275941        2.6581296710501428        7.2592245080117719     
         676           3   7.6122862957289907        2.3941238405486920        6.2989485336233626     
         677           3   7.0977833308605476        2.6434047889600043        7.1124851723987952     
         678           3   6.9571169554247172        2.3678713798210960        7.3891402343159713     
         679           3   8.4722055813233581        2.3484415913996171        5.8469667013563447     
         680           3   6.1155241204157935        2.9524514382139899        7.8783211131176500     
         681           3   8.5549428583757248        2.8324702321200981        7.7677696298582299     
         682           3   7.6553723211173201        2.8141780530974621        7.6801697030099447     
         683           3   6.0614081293193154        3.0681652377649216        7.1971733141809233     
         684           3   6.5326964490217510        2.7954644703867033        5.5489341117432049     
         685           3   6.3405776839473402        2.4840373098096231        7.1162519248056633     
         686           3   7.9388723612329342        3.2775865161679687        6.1210165276716291     
         687           3   7.3104048524762026        2.7531142576750831        5.7774372277095676     
         688           3   6.4722574072788115        2.6099470065262751        8.0295935575603803     
         689           3   7.6367853972286683        2.7248997624522309        6.4657994695912935     
         690           3   8.9793479587035847        2.6305276888764579        7.7296800990558978     
         691           3   8.1454604622401536        3.0970555471703411        5.4906548424199864     
         692           3   6.9355258584744295        3.0225400715114317        5.8368773269127709     
         693           3   6.3815593197100675        3.0305942667728991        5.8333812406215007     
         694           3   8.2570678489311824        2.6962971052131732        7.7350643224793307     
         695           3   8.4594155624744598        2.8261735471459808        6.6400921064411520     
         696           3   7.0310786098768583        3.1968578493951587        6.2184599377768457     
         697           3   7.7408917062880933        3.0539167328266541        7.5045087176033407     
         698           3   8.4377661327665550        2.6643365743226606        6.6437200459096637     
         699           3   7.9835064906007025        2.7027526565143840        6.8316997575964775     
         700           3   8.6376764473016365        2.9899933797297416        5.6744934442611710     
         701           3   6.9647050384484457        2.9774212197996097        6.0747862296379465     
         702           3   6.1382717706417314        3.1742964590685094        6.6533535070057841     
         703           3   8.9554938709415719        2.8100303161500491        6.3110138314759530     
         704           3   7.8429356502348675        2.6867026892978352        7.4149974388940603     
         705           3   9.0027434562167024        3.4768294443180672        5.4161114341985961     
         706           3   6.0503583767561935        3.0824184963940646        6.1681871833147310     
         707           3   7.0413176876085339        3.1214219808217956        6.0882761054535219     
         708           3   8.2933659302006699        2.8009966626062295        5.5642069794947160     
         709           3   6.4261542400234610        2.5036811030470418        5.7721159370167587     
         710           3   8.8151933321641991        2.5898176031307436        6.8458448228824995     
         711           3   6.5304924336230030        3.1143265883618034        5.4953926128835588     
         712           3   7.2951442632477841        3.4724329145373427        7.2741991314876069     
         713           3   8.0835556815643219        2.6239804926222887        7.1411643251516503     
         714           3   7.5061619029392022        3.2185375126792235        6.4091737912968672     
         715           3   7.2563820270201536        2.4212343826664147        7.9187988342909073     
         716           3   8.2315608611181972        2.9554140118959245        5.6778212249091888     
         717           3   8.6513694687455409        2.4060150162283800        6.1853579446771185     
         718           3   7.3681668956484643        3.4634165901970122        7.3835673209993100     
         719           3   7.2660098721017121        2.3457642244199990        7.0681884575054577     
         720           3   6.4079392144328446        3.1859215404753112        7.3432154931314573     
         721           3   7.5725711786409375        3.0808161657630118        7.7771764147681237     
         722           3   7.0735652973118706        2.9325828678506891        5.9158445791240952     
         723           3   7.5276369731678274        3.4534657582852644        7.5760521127957610     
         724           3   8.0161256906762706        2.9745656265396625        7.6525620754766273     
         725           3   8.9814827439110374        2.7315990527419025        6.5285253501386613     
         726           3   6.1652868379332348        2.8889439528750609        6.3699882799676564     
         727           3   6.5127665785522542        2.9176713135180297        6.5972480027241396     
         728           3   7.7260381511878222        2.4362828737190694        7.4205228291488599     
         729           3   6.6708050707067015        3.1375027953041603        7.2145062025242650     
         730           3   8.8678925422995238        2.3733522256081576        6.4608153576545009     
         731           3   8.7573985428982990        2.6044872420567668        5.5044604694036829     
         732           3   7.4186387356751942        2.5419534066141583        5.5693511515003626     
         733           3   7.1109209264765374        2.6405741925936659        7.0448793457153371     
         734           3   7.6777717885811576        3.3473480201819563        7.9715782923938523     
         735           3   6.5251867072866299        2.7136903000473511        7.9936744124166426     
         736           3   8.3302141315306653        2.3907153309489138        5.9459734357252021     
         737           3   7.3338368714597895        2.7691418717141962        6.7724414121293526     
         738           3   7.2899283328608728        2.8195114598696001        6.2728532270690485     
         739           3   8.8732481855139476        3.0146849542734566        6.2833920817287003     
         740           3   7.6737930606046572        2.6388884357833073        7.8513790124606739     
         741           3   7.5550373050945927        2.5378319842237049        6.8952331491106884     
         742           3   8.1245965523947952        2.8033087065321745        6.9003024530304824     
         743           3   8.6232823275966801        2.5806712370103226        7.6587392288883569     
         744           3   7.0148391704709496        2.6494203131461282        7.1944135105830211     
         745           3   8.9131222309390434        3.4408097010650440        7.0279345971230640     
         746           3   6.2741486071090913        2.9404883779908300        7.2278836247537397     
         747           3   7.8898655706550924        3.0192185665858680        6.7221460835269244     
         748           3   6.7892713842660308        2.5724071239897399        6.3989460185126816     
         749           3   7.9019618635685758        3.0873523251317092        8.0743243419999189     
         750           3   6.8630030989908848        2.4281166867339867        7.7488995097957378     
         751           3   8.1586464963917376        2.8277589990310372        5.5581697723463295     
         752           3   7.7642610377591330        2.6598090234000820        7.2607209813332583     
         753           3   6.0344107524098947        2.7723150393245977        5.7244927795163232     
         754           3   7.3772932632817536        3.1896281656487382        7.2919722455026053     
         755           3   6.6359006257817956        3.3448381565892373        6.2386451306520314     
         756           3   6.1502188605841361        2.9495243036006698        6.2567289513850124     
         757           3   7.7583065565177813        3.0342060401982396        5.8247165994392418     
         758           3   6.5233168951678087        2.9806394516566419        7.8462334040574495     
         759           3   7.4933733438013590        3.2985685157796136        6.4534295438875562     
         760           3   7.7189976581750663        3.2658296011668164        6.7321240083771405     
         761           3   8.1090171793315662        3.0515565412567462        6.5063935116256175     
         762           3   6.0201146118663020        3.1439562097458751        7.2457783561326794     
         763           3   8.6320089729590102        2.4996496799931980        5.5963461333942837     
         764           3   8.8947250678698779        3.0065712771715480        7.7002412256953825     
         765           3   6.9857695817426420        2.6283213500650020        7.6406779861940590     
         766           3   8.2797634567008931        3.2646243727059456        7.6169814373897973     
         767           3   6.0631048826302871        2.5213077026565212        6.2686523898148154     
         768           3   7.6872618259143195        3.0175012500593441        7.7111630390118222     
         769           3   8.2250298771588142        2.4665684862421591        7.4350515203825776     
         770           3   6.5113586966742876        3.2692795401714627        6.2778321067691145     
         771           3   8.1925452522694826        3.3076152386915756        7.9393115931259821     
         772           3   7.8196757226032787        3.3672278936902296        7.1473660944425790     
         773           3   8.2891718138457495        2.7022484361242385        6.6266413475419688     
         774           3   8.8647398444247667        3.4832381143443989        6.9961554025448853     
         775           3   8.1664421947530350        2.6221971295276658        6.4976733235372519     
         776           3   6.8315923768945499        2.6977708439084003        6.9866073842877228     
         777           3   6.1036644733318823        3.1341650937549308        8.0139776470301722     
         778           3   6.0854257989811593        3.3934027565340981        7.5975486036686632     
         779           3   8.8609427128313101        2.4551924297254648        6.0317543285723074     
         780           3   6.2886810542133746        2.5238467913422968        6.5945261702995914     
         781           3   8.0029719891189579        2.5182198407125198        7.2072669320282001     
         782           3   8.7451525639995804        2.7325546849833335        5.6335853901572115     
         783           3   8.0486817507064554        2.3785506479740723        6.1320665312000200     
         784           3   7.4764963488350622        2.5706148011155197        7.3364670664332801     
         785           3   8.4971158711411405        2.7057349849019783        6.8542167487789696     
         786           3   8.7008617122840963        2.9647024773789457        7.1655333365760736     
         787           3   7.2221380300170850        2.3337643448416143        6.6060570910364333     
         788           3   7.5217653603438519        2.4224385436777722        7.7222155748789651     
         789           3   8.8859648533014113        2.7266489867617145        5.7997666026373329     
         790           3   8.7301864029344873        2.6016351022356190        5.9327179058602200     
         791           3   6.7363930981335578        2.4348126429442316        6.9097870552234815     
         792           3   7.6498519283620405        2.6168630030753790        7.7707046626436052     
         793           3   8.4284379933879254        2.4807997960619397        6.0561982918122954     
         794           3   6.9897909128636817        3.3906590366576217        6.9127924901326185     
         795           3   8.9323719308545684        3.0562193286069204        7.9671700144232007     
         796           3   7.7965382161337766        3.0588582363376977        5.6582424845861095     
         797           3   7.5311242417606987        2.7760053884711464        7.8758057136818529     
         798           3   8.3943357168082731        3.4090802629570245        5.9382713156750251     
         799           3   6.4565915878955273        2.4330162619077367        5.7226586281118221     
         800           3   6.8449411203278574        3.3574419578497183        5.5477557886712603     
