Dakota version 6.15 released Nov. 15 2021.
Repository revision fbfa1db (2021-11-04) built Nov  5 2021 11:37:10.
Running MPI Dakota executable in serial mode.
Start time: Sun Mar 10 16:52:20 2024

-----------------------
Begin DAKOTA input file
sensitivity.in
-----------------------
environment,
    tabular_data
method,
  sampling
    sample_type lhs
    samples = 5000 # samples = 1000
    variance_based_decomp
variables,
#  uniform_uncertain 10
#     upper_bounds      1.25     7.70     1.20     2.23      4.21     3.05      1.80     9.60     8.40     3.36
#     lower_bounds      0.83     5.14     0.80     1.49      2.81     2.03      1.20     6.40     5.60     2.24
#     descriptors 'A1' 'A2' 'A3' 'A4' 'b2' 'b4' 'E1' 'E2' 'E3' 'E4'
 uniform_uncertain 3
    upper_bounds      9.01     3.49     8.11
    lower_bounds      6.01     2.33     5.41
    descriptors 'A1' 'b1' 'E1'
interface,
        fork
        analysis_drivers = 'python driver.py params.in results.out'
        parameters_file = 'params.in'
        results_file    = 'results.out'
        verbatim
responses,
	response_functions = 1
	no_gradients
	no_hessians---------------------
End DAKOTA input file
---------------------

Using Dakota input file 'sensitivity.in'
Writing new restart file 'dakota.rst'.

>>>>> Executing environment.

>>>>> Running random_sampling iterator.

NonD lhs Samples = 5000 Seed (system-generated) = 810216

NonD lhs Samples = 5000 Seed not reset from previous LHS execution

---------------------
Begin Evaluation    1
---------------------
Parameters for evaluation 1:
                      6.4208438736e+00 A1
                      3.3934507078e+00 b1
                      6.1499179138e+00 E1

blocking fork: python driver.py params.in results.out
