1

                                             * * * * * * * * *  L H S  * * * * * * * * *

                                             LATIN HYPERCUBE AND RANDOM SAMPLING PROGRAM

                                             * * * * * * * * * * * * * * * * * * * * * *


    Run on  3/17/24 at  9:59:53.48 with LHS Version: 2.30 Release 1, Compiled May 31, 2001        


0    Pecos::LHSDriver

    Random Seed =      270798

    Number of Variables =   6

    Number of Observations =  500
0   The sample was written to the file: LHS_samples.out
0   Input was read from the file: 
0   The sample input vectors will be printed along with their corresponding ranks.
0   Histograms of the actual sample will be plotted for each input variable.
0   The correlation matrices (raw data and rank correlations) will be printed.
1

    Pecos::LHSDriver                                                                                                             

    VARIABLE  DISTRIBUTION          RANGE            LABEL
0       1        UNIFORM     1.54     TO   1.58                                                        
0       2        UNIFORM     6.40     TO   9.60                                                        
0       3        UNIFORM     5.60     TO   8.40                                                        
0       4        UNIFORM     2.03     TO   3.05                                                        
0       5        UNIFORM     6.31     TO   10.5                                                        
0       6        UNIFORM     3.90     TO   15.4                                                        
1Pecos::LHSDriver                                                                                                             
0LATIN HYPERCUBE SAMPLE INPUT VECTORS

 RUN NO. X(1)      X(2)      X(3)      X(4)      X(5)      X(6)
0    1  1.58      6.63      6.90      2.38      7.67      11.8    
0    2  1.57      6.70      6.54      2.26      9.52      12.7    
0    3  1.56      6.62      7.90      2.13      10.4      10.8    
0    4  1.57      7.02      6.95      2.29      9.11      12.5    
0    5  1.57      6.92      6.03      2.39      9.66      10.2    
0    6  1.55      7.58      6.85      2.45      9.04      8.83    
0    7  1.57      8.18      6.01      2.69      9.22      6.79    
0    8  1.54      6.80      6.94      3.04      9.99      11.7    
0    9  1.57      7.28      6.97      2.62      6.70      8.92    
0   10  1.58      9.37      7.32      2.90      7.11      15.2    
0   11  1.55      9.47      6.24      2.49      10.2      12.7    
0   12  1.54      7.85      6.87      2.99      8.04      6.38    
0   13  1.58      7.31      6.46      2.70      7.78      7.15    
0   14  1.56      8.49      6.62      2.46      6.92      13.8    
0   15  1.56      9.36      6.09      2.14      9.80      4.89    
0   16  1.57      8.08      7.16      2.10      9.41      8.27    
0   17  1.57      7.96      8.31      2.04      10.3      12.6    
0   18  1.56      8.34      8.28      2.11      9.14      6.88    
0   19  1.57      7.36      7.92      2.45      8.48      11.7    
0   20  1.54      9.15      5.72      2.22      6.43      4.94    
0   21  1.58      6.80      7.03      3.01      9.26      12.8    
0   22  1.55      7.35      6.42      2.40      6.53      11.2    
0   23  1.55      6.61      7.30      2.68      7.82      9.06    
0   24  1.56      6.41      8.21      2.51      7.26      10.4    
0   25  1.55      9.20      8.39      2.86      8.02      15.3    
0   26  1.57      9.46      7.01      3.05      10.0      13.8    
0   27  1.56      6.76      7.44      2.66      10.3      11.5    
0   28  1.56      8.26      5.64      2.36      8.23      10.8    
0   29  1.55      8.51      6.83      2.07      7.39      9.28    
0   30  1.57      7.78      7.43      2.71      9.90      12.5    
0   31  1.56      8.47      7.27      2.59      8.11      10.0    
0   32  1.57      7.85      7.13      2.19      9.17      14.2    
0   33  1.57      9.59      7.49      2.62      9.46      8.50    
0   34  1.55      6.45      7.64      2.38      10.2      11.3    
0   35  1.55      7.63      7.31      2.53      6.95      7.35    
0   36  1.54      8.01      6.66      2.38      9.57      6.69    
0   37  1.57      9.39      8.16      2.53      7.06      11.0    
0   38  1.58      6.90      5.84      2.14      7.63      7.05    
0   39  1.56      8.29      5.88      2.24      8.25      5.83    
0   40  1.54      6.89      7.80      2.29      9.21      13.3    
0   41  1.56      7.12      5.82      2.24      9.54      12.1    
0   42  1.57      7.51      8.29      2.06      7.92      10.3    
0   43  1.54      9.09      6.37      2.79      8.92      12.3    
0   44  1.56      8.58      6.22      2.97      8.96      14.6    
0   45  1.56      9.14      8.06      2.37      7.55      7.04    
0   46  1.58      7.58      5.79      2.09      7.95      10.4    
0   47  1.57      8.90      6.52      2.44      8.26      7.61    
0   48  1.56      7.67      7.61      2.08      9.49      6.49    
0   49  1.56      6.42      5.79      2.67      8.67      4.38    
0   50  1.58      8.23      8.15      2.09      6.34      5.44    
0   51  1.54      8.34      5.94      2.50      9.02      5.24    
0   52  1.55      6.69      6.56      2.66      9.85      10.9    
0   53  1.55      7.30      5.86      2.74      7.88      7.89    
0   54  1.55      7.14      6.44      2.82      6.45      14.3    
0   55  1.58      8.10      8.00      2.23      7.68      15.0    
0   56  1.58      7.32      7.48      2.34      7.79      8.26    
0   57  1.56      8.88      5.86      2.23      8.82      13.0    
0   58  1.55      9.44      6.28      2.17      9.59      10.2    
0   59  1.55      8.83      6.25      2.22      7.54      7.98    
0   60  1.57      7.51      6.81      2.98      8.61      6.12    
0   61  1.57      6.61      6.74      2.68      7.29      13.7    
0   62  1.55      9.34      5.62      2.86      7.06      9.17    
0   63  1.55      9.41      7.47      2.63      6.82      10.5    
0   64  1.57      7.94      7.06      2.92      9.03      14.7    
0   65  1.56      6.47      7.41      2.04      9.30      14.5    
0   66  1.58      9.25      6.42      3.01      8.35      7.48    
0   67  1.56      6.58      8.11      2.13      9.76      7.63    
0   68  1.55      9.54      6.11      2.21      7.51      14.6    
0   69  1.56      8.27      5.87      2.08      10.0      5.15    
0   70  1.56      6.79      7.97      2.21      10.1      7.21    
0   71  1.54      7.25      7.45      2.62      9.37      13.6    
0   72  1.55      7.69      6.40      2.10      7.74      14.0    
0   73  1.56      8.02      7.73      2.31      7.40      6.31    
0   74  1.54      9.26      6.69      2.76      10.4      5.22    
0   75  1.55      8.35      7.46      2.18      7.13      13.7    
0   76  1.57      7.18      6.73      2.17      6.85      10.0    
0   77  1.56      8.71      7.25      2.96      9.12      7.92    
0   78  1.56      7.06      5.89      2.47      8.39      7.81    
0   79  1.56      7.03      5.67      2.91      8.46      11.4    
0   80  1.55      6.67      7.18      2.12      9.05      12.4    
0   81  1.58      6.78      7.86      2.64      6.49      3.96    
0   82  1.55      7.78      7.06      2.60      9.01      13.1    
0   83  1.55      8.85      7.73      2.19      8.40      5.89    
0   84  1.58      7.61      5.83      2.17      9.43      8.85    
0   85  1.57      9.05      7.89      2.76      6.60      10.4    
0   86  1.55      8.45      7.24      2.47      6.78      7.42    
0   87  1.57      7.52      7.43      2.20      8.49      14.4    
0   88  1.55      9.49      6.75      2.81      6.58      10.0    
0   89  1.57      7.83      7.38      2.43      6.93      6.36    
0   90  1.56      6.97      6.94      2.99      9.33      6.42    
0   91  1.56      8.66      5.73      2.75      6.97      5.49    
0   92  1.56      8.62      8.12      2.66      6.35      14.5    
0   93  1.57      7.31      7.67      2.61      10.5      9.82    
0   94  1.56      9.18      7.60      2.55      9.57      4.31    
0   95  1.56      7.98      8.30      2.98      6.38      4.04    
0   96  1.57      8.88      8.33      2.85      6.48      4.65    
0   97  1.55      7.25      7.11      2.97      8.90      14.1    
0   98  1.55      8.65      6.48      2.30      7.28      7.86    
0   99  1.54      8.59      7.88      2.81      8.41      11.2    
0  100  1.55      8.78      7.63      2.45      8.28      10.8    
0  101  1.56      6.83      6.17      2.93      7.42      5.40    
0  102  1.57      7.22      7.42      2.51      9.09      8.42    
0  103  1.54      8.23      7.97      2.82      8.90      4.72    
0  104  1.55      8.50      7.33      2.40      8.56      9.72    
0  105  1.56      8.04      5.91      2.83      6.64      13.0    
0  106  1.54      7.42      8.17      2.35      7.90      4.29    
0  107  1.58      7.95      6.32      2.78      7.69      10.7    
0  108  1.57      9.42      5.97      2.72      6.63      9.08    
0  109  1.55      6.80      5.86      2.47      8.54      12.4    
0  110  1.58      7.80      6.10      2.86      10.4      12.4    
0  111  1.55      9.01      7.13      2.35      8.79      10.6    
0  112  1.57      8.55      6.53      2.80      8.10      12.8    
0  113  1.57      9.17      6.16      3.05      9.48      11.3    
0  114  1.56      8.66      6.41      2.32      10.2      11.9    
0  115  1.56      6.69      7.54      2.40      10.1      9.73    
0  116  1.55      6.46      6.08      2.25      10.3      6.40    
0  117  1.57      7.11      7.92      2.87      6.68      9.38    
0  118  1.54      8.76      7.98      2.13      7.82      11.1    
0  119  1.56      6.98      6.98      2.20      7.34      5.11    
0  120  1.56      7.07      8.14      2.57      10.4      5.62    
0  121  1.56      9.55      7.65      2.23      9.98      4.19    
0  122  1.56      8.09      5.99      2.86      10.5      13.0    
0  123  1.56      7.19      6.54      3.03      6.88      15.2    
0  124  1.57      9.13      7.02      2.13      9.84      11.1    
0  125  1.55      7.51      7.55      2.28      9.81      9.78    
0  126  1.54      9.52      5.70      2.26      10.3      11.3    
0  127  1.55      8.93      7.91      2.26      6.83      10.3    
0  128  1.58      7.62      8.32      2.60      9.54      8.04    
0  129  1.57      7.15      6.39      2.65      7.37      11.7    
0  130  1.55      9.43      7.50      3.02      10.4      4.56    
0  131  1.57      7.45      7.22      2.64      7.67      13.3    
0  132  1.54      7.38      7.88      2.65      7.33      9.69    
0  133  1.54      8.33      7.74      2.25      9.12      11.0    
0  134  1.56      6.48      7.42      2.52      7.30      4.87    
0  135  1.54      9.32      8.39      3.02      8.14      12.8    
0  136  1.57      7.01      7.09      2.91      7.62      14.5    
0  137  1.56      7.37      8.13      2.48      8.47      9.27    
0  138  1.56      8.20      5.92      2.09      8.15      14.9    
0  139  1.56      7.22      7.72      2.60      7.19      14.4    
0  140  1.56      7.70      8.18      2.28      9.93      10.3    
0  141  1.56      9.07      6.89      2.34      8.65      5.01    
0  142  1.55      6.70      7.33      2.34      6.96      10.9    
0  143  1.58      9.01      5.75      2.68      9.30      3.98    
0  144  1.56      8.54      5.65      2.19      8.63      12.3    
0  145  1.56      9.30      7.15      2.39      6.99      13.4    
0  146  1.56      9.04      5.74      2.39      7.57      4.43    
0  147  1.58      7.74      7.93      2.05      8.78      10.7    
0  148  1.55      9.47      6.82      2.63      7.46      12.2    
0  149  1.55      6.85      6.91      2.59      9.09      6.62    
0  150  1.56      7.81      7.00      2.94      10.1      6.07    
0  151  1.57      7.32      6.78      2.89      6.66      6.53    
0  152  1.58      8.60      6.31      2.42      8.59      7.74    
0  153  1.55      7.93      6.67      2.06      6.74      14.2    
0  154  1.56      7.56      8.34      2.27      8.71      9.98    
0  155  1.54      9.40      5.84      2.37      6.52      4.99    
0  156  1.55      7.37      5.83      2.16      9.50      9.35    
0  157  1.55      8.29      5.78      2.31      9.72      6.23    
0  158  1.54      9.24      5.68      2.82      9.38      8.06    
0  159  1.57      8.25      6.79      2.16      7.02      14.8    
0  160  1.58      8.94      7.51      2.70      9.73      4.54    
0  161  1.54      6.84      6.66      2.90      8.17      12.9    
0  162  1.55      6.54      6.06      3.04      10.2      13.2    
0  163  1.57      8.30      6.45      2.60      9.95      10.6    
0  164  1.57      8.48      8.04      2.88      7.25      8.24    
0  165  1.55      8.63      6.72      2.32      6.42      15.0    
0  166  1.57      8.99      6.98      2.41      8.70      8.94    
0  167  1.54      7.40      6.19      2.45      8.57      14.4    
0  168  1.55      7.48      6.01      2.92      8.08      14.4    
0  169  1.55      8.20      7.89      2.58      7.43      6.19    
0  170  1.57      7.05      7.12      2.81      8.93      9.59    
0  171  1.56      9.13      7.66      2.10      9.19      6.13    
0  172  1.57      8.01      6.41      2.36      10.3      12.3    
0  173  1.57      8.52      8.31      2.85      7.33      5.68    
0  174  1.57      8.24      6.74      2.42      9.46      9.02    
0  175  1.57      8.42      7.53      2.56      8.94      13.2    
0  176  1.57      7.88      6.08      2.16      8.80      6.67    
0  177  1.54      6.75      5.96      2.43      8.73      15.0    
0  178  1.58      6.71      7.71      2.95      10.0      7.24    
0  179  1.55      8.49      6.68      2.93      7.38      12.3    
0  180  1.55      9.19      5.80      2.88      8.68      7.11    
0  181  1.58      9.29      7.76      2.65      9.78      12.0    
0  182  1.54      7.60      7.57      2.52      8.43      12.0    
0  183  1.54      6.58      7.36      2.99      8.00      10.1    
0  184  1.56      8.17      6.24      3.03      9.92      15.4    
0  185  1.58      8.31      8.29      2.77      6.52      4.37    
0  186  1.57      8.95      7.78      2.55      9.16      14.6    
0  187  1.55      8.89      6.38      2.33      6.36      12.2    
0  188  1.56      8.07      6.98      2.09      7.64      6.72    
0  189  1.54      7.98      5.72      2.52      8.22      9.05    
0  190  1.56      7.06      7.84      2.07      8.09      12.9    
0  191  1.55      7.94      5.77      2.90      7.11      10.8    
0  192  1.57      8.45      5.91      2.75      9.89      5.99    
0  193  1.58      7.39      6.05      2.72      7.58      5.92    
0  194  1.56      8.81      6.91      3.00      6.98      6.52    
0  195  1.55      8.56      7.96      2.12      8.52      12.6    
0  196  1.57      6.60      6.89      2.79      6.40      10.7    
0  197  1.55      9.33      8.37      2.40      9.74      4.63    
0  198  1.58      9.04      5.66      2.47      8.80      8.71    
0  199  1.57      9.45      6.62      2.42      7.83      8.90    
0  200  1.55      9.28      7.64      2.55      8.75      11.6    
0  201  1.54      7.21      8.00      2.19      7.61      12.5    
0  202  1.56      8.60      6.25      2.21      7.07      13.4    
0  203  1.56      7.99      8.01      2.32      9.87      12.4    
0  204  1.57      7.08      6.93      3.04      8.06      9.91    
0  205  1.55      8.69      5.62      3.02      10.1      14.7    
0  206  1.55      7.08      8.40      2.08      9.91      14.1    
0  207  1.58      6.93      7.30      2.10      6.86      14.0    
0  208  1.56      9.27      8.00      2.46      7.87      12.0    
0  209  1.55      6.73      7.65      2.83      8.72      9.63    
0  210  1.57      7.13      7.56      2.54      9.31      13.5    
0  211  1.54      7.89      8.09      2.52      8.33      14.4    
0  212  1.56      8.04      6.56      2.69      9.24      8.17    
0  213  1.56      7.37      7.96      2.43      8.30      7.44    
0  214  1.56      8.76      5.74      2.54      8.25      7.12    
0  215  1.56      8.12      8.26      2.57      10.1      5.51    
0  216  1.55      8.84      8.24      2.73      6.46      5.78    
0  217  1.55      8.38      6.51      3.00      8.21      15.4    
0  218  1.54      7.00      7.70      2.80      6.91      6.83    
0  219  1.57      8.04      7.93      2.05      7.56      15.3    
0  220  1.56      7.39      6.29      2.71      7.91      13.3    
0  221  1.55      9.28      8.02      2.92      6.33      11.0    
0  222  1.54      9.50      6.18      3.03      6.94      8.59    
0  223  1.55      9.49      8.28      2.71      6.55      9.10    
0  224  1.54      7.84      7.52      2.97      10.3      9.53    
0  225  1.56      6.96      6.87      2.83      7.37      11.9    
0  226  1.55      6.96      7.95      2.31      8.34      5.03    
0  227  1.57      7.45      5.96      2.78      8.60      14.3    
0  228  1.56      8.15      5.92      2.88      9.63      15.0    
0  229  1.56      6.99      6.92      2.45      10.2      4.20    
0  230  1.57      7.55      8.11      2.24      8.13      8.50    
0  231  1.54      8.46      7.63      2.09      6.90      12.8    
0  232  1.55      9.58      6.44      2.91      9.28      4.97    
0  233  1.54      9.59      6.69      2.49      7.72      5.97    
0  234  1.54      6.50      7.19      2.50      10.1      5.38    
0  235  1.56      8.61      7.81      2.58      10.3      8.01    
0  236  1.58      7.17      5.64      2.50      7.25      15.3    
0  237  1.57      8.79      8.04      2.69      9.67      7.77    
0  238  1.57      8.37      6.29      2.29      7.20      5.34    
0  239  1.57      8.80      6.56      2.35      8.99      6.27    
0  240  1.56      8.16      6.13      2.67      6.56      7.33    
0  241  1.56      7.92      7.99      2.04      7.21      14.7    
0  242  1.55      6.85      7.04      2.37      7.78      13.3    
0  243  1.57      7.46      8.02      3.02      8.81      8.11    
0  244  1.55      7.70      8.03      2.71      7.75      11.4    
0  245  1.56      8.72      6.85      2.85      7.28      4.32    
0  246  1.58      7.91      7.70      2.60      7.87      4.22    
0  247  1.56      8.13      7.35      2.25      6.89      12.9    
0  248  1.56      7.19      6.61      2.32      10.1      10.5    
0  249  1.57      9.00      5.90      2.18      10.4      7.97    
0  250  1.57      7.71      6.26      2.14      8.16      7.95    
0  251  1.55      7.34      7.54      2.54      6.78      9.88    
0  252  1.54      7.29      6.83      2.18      9.88      8.14    
0  253  1.57      6.64      8.06      2.35      9.40      7.79    
0  254  1.56      8.85      5.70      2.78      8.74      9.85    
0  255  1.55      7.47      6.69      2.83      8.96      14.9    
0  256  1.58      7.09      7.77      2.64      7.84      11.7    
0  257  1.57      9.32      6.61      2.15      6.81      13.4    
0  258  1.57      9.25      6.96      2.44      7.48      6.04    
0  259  1.57      9.42      6.48      2.80      10.1      14.3    
0  260  1.57      9.38      8.34      2.24      10.3      15.2    
0  261  1.54      6.48      6.16      2.26      6.50      9.37    
0  262  1.54      9.00      8.12      2.06      9.24      9.21    
0  263  1.57      8.55      6.60      2.56      6.65      14.8    
0  264  1.54      8.80      6.90      2.84      9.62      9.42    
0  265  1.56      8.12      6.40      2.88      9.77      14.2    
0  266  1.56      9.38      5.98      2.50      9.45      8.88    
0  267  1.57      6.87      7.61      2.93      10.1      11.5    
0  268  1.55      6.88      6.77      2.57      7.17      12.5    
0  269  1.56      8.53      6.58      2.44      9.29      5.56    
0  270  1.57      6.77      5.60      2.68      8.73      8.99    
0  271  1.56      8.37      6.30      2.40      7.97      4.08    
0  272  1.55      7.83      8.33      2.30      6.71      13.6    
0  273  1.55      7.54      8.07      2.03      8.88      7.57    
0  274  1.56      7.72      6.31      2.36      7.44      14.3    
0  275  1.55      9.48      7.94      2.91      8.55      8.20    
0  276  1.58      8.07      7.28      2.96      8.00      7.56    
0  277  1.54      7.75      6.86      2.89      8.12      5.14    
0  278  1.56      6.56      5.85      2.37      7.27      10.1    
0  279  1.54      6.83      6.08      2.85      7.35      5.66    
0  280  1.55      8.62      8.22      2.63      7.81      4.01    
0  281  1.58      7.10      6.65      2.28      6.61      5.43    
0  282  1.56      8.41      7.24      3.01      7.65      8.08    
0  283  1.58      7.87      6.63      2.98      10.2      7.09    
0  284  1.54      7.73      6.09      2.04      7.08      12.4    
0  285  1.57      8.41      6.57      2.62      9.55      14.1    
0  286  1.54      9.02      8.38      2.15      9.93      8.80    
0  287  1.58      9.03      7.82      2.49      6.46      11.9    
0  288  1.57      8.92      7.18      2.55      8.51      11.5    
0  289  1.55      6.44      5.77      2.62      9.61      6.99    
0  290  1.56      7.75      6.21      2.37      10.3      12.6    
0  291  1.55      7.97      6.99      2.20      8.04      7.52    
0  292  1.55      8.02      7.68      2.77      9.35      7.71    
0  293  1.57      8.75      7.02      2.21      7.92      14.8    
0  294  1.57      7.54      6.15      2.87      6.93      13.5    
0  295  1.57      8.68      5.94      2.33      8.22      4.74    
0  296  1.57      8.47      7.84      2.51      7.72      11.6    
0  297  1.57      8.83      5.69      2.68      7.73      5.80    
0  298  1.55      6.72      6.23      2.08      9.13      8.33    
0  299  1.58      8.91      7.17      2.46      6.48      13.9    
0  300  1.56      8.56      7.50      2.80      9.07      9.15    
0  301  1.58      9.52      7.23      2.95      9.05      15.3    
0  302  1.55      7.59      5.67      2.43      7.01      6.10    
0  303  1.56      9.11      6.55      2.66      7.15      7.50    
0  304  1.58      7.73      6.12      2.45      7.16      11.8    
0  305  1.56      7.24      8.24      2.61      8.28      5.55    
0  306  1.58      9.57      7.69      2.19      7.69      15.2    
0  307  1.55      7.63      5.62      2.57      9.67      12.1    
0  308  1.56      7.93      8.14      2.63      6.39      13.7    
0  309  1.54      8.40      5.69      2.34      7.86      9.42    
0  310  1.57      8.25      7.67      2.98      10.5      13.6    
0  311  1.57      8.87      7.29      2.56      9.63      14.9    
0  312  1.58      8.68      6.00      2.41      10.3      11.0    
0  313  1.56      8.77      6.99      2.39      8.69      8.18    
0  314  1.58      6.75      6.31      2.22      9.65      13.8    
0  315  1.58      8.59      7.59      2.20      9.82      12.6    
0  316  1.54      8.32      6.46      2.05      7.41      5.59    
0  317  1.57      7.50      7.54      2.38      8.45      11.1    
0  318  1.55      8.57      6.53      2.67      6.57      11.6    
0  319  1.56      7.44      5.97      2.80      6.32      9.26    
0  320  1.56      7.23      6.06      2.81      9.83      4.81    
0  321  1.55      7.66      7.58      2.55      8.85      7.30    
0  322  1.57      7.96      6.72      3.01      7.08      4.60    
0  323  1.55      7.35      7.82      2.25      6.75      6.47    
0  324  1.56      8.74      5.80      2.63      7.00      10.4    
0  325  1.57      8.82      6.58      2.28      8.97      5.36    
0  326  1.56      7.72      8.25      2.99      9.98      6.97    
0  327  1.56      7.67      7.79      2.61      7.17      6.93    
0  328  1.56      7.16      5.65      2.38      7.70      5.50    
0  329  1.56      8.14      6.81      2.92      7.47      9.94    
0  330  1.55      6.95      7.28      2.84      7.75      9.88    
0  331  1.56      7.29      8.20      2.44      7.03      14.2    
0  332  1.54      7.79      7.34      2.13      7.60      7.17    
0  333  1.55      9.53      7.16      2.20      8.89      8.30    
0  334  1.55      8.48      6.67      2.48      7.94      8.44    
0  335  1.58      6.54      7.48      2.06      9.48      4.57    
0  336  1.58      8.81      6.64      2.30      7.45      11.6    
0  337  1.55      8.95      7.94      2.53      9.82      4.36    
0  338  1.56      7.21      8.05      2.29      6.42      11.8    
0  339  1.58      9.55      6.84      2.32      7.96      9.12    
0  340  1.55      7.27      8.37      3.01      6.58      13.9    
0  341  1.55      6.89      5.76      2.71      6.38      13.5    
0  342  1.58      6.57      7.75      2.74      9.06      8.52    
0  343  1.57      7.68      8.08      2.05      9.39      4.26    
0  344  1.57      8.30      6.39      2.72      9.34      11.4    
0  345  1.58      6.68      6.20      2.05      8.20      9.47    
0  346  1.57      6.82      6.75      2.04      7.77      6.21    
0  347  1.55      7.58      7.22      2.69      7.59      14.6    
0  348  1.57      7.61      7.62      2.30      9.64      12.8    
0  349  1.55      8.44      8.03      2.76      9.27      11.5    
0  350  1.56      6.43      8.20      2.92      8.50      11.1    
0  351  1.54      8.96      7.37      2.42      8.70      6.55    
0  352  1.58      7.33      6.47      2.23      8.18      7.39    
0  353  1.58      9.08      6.27      2.73      7.23      14.8    
0  354  1.54      8.22      6.37      2.51      8.06      7.22    
0  355  1.56      8.51      7.82      2.97      8.63      7.60    
0  356  1.55      7.47      8.29      2.03      7.22      15.1    
0  357  1.55      7.16      6.36      2.94      8.76      11.1    
0  358  1.54      6.56      7.14      2.15      10.4      9.45    
0  359  1.55      7.57      7.76      2.81      7.79      10.6    
0  360  1.57      7.86      6.38      2.84      8.29      7.32    
0  361  1.55      7.00      5.81      2.95      6.35      4.11    
0  362  1.57      7.27      8.20      3.00      7.12      5.74    
0  363  1.57      9.13      8.35      2.18      7.24      7.02    
0  364  1.57      6.81      6.71      2.66      8.83      6.82    
0  365  1.55      7.65      6.80      2.76      8.37      5.31    
0  366  1.56      8.18      7.79      2.87      6.80      10.1    
0  367  1.55      9.39      7.26      2.17      8.91      5.75    
0  368  1.54      6.42      5.88      2.85      6.66      13.0    
0  369  1.56      6.51      7.39      2.18      6.68      9.24    
0  370  1.56      6.66      7.77      2.92      8.86      15.1    
0  371  1.57      8.97      6.83      2.70      9.44      10.7    
0  372  1.57      8.73      8.15      2.11      9.59      12.1    
0  373  1.57      7.56      7.99      2.23      8.36      9.76    
0  374  1.57      7.13      7.51      2.96      9.33      14.5    
0  375  1.56      7.78      5.71      2.12      8.19      13.1    
0  376  1.57      7.90      7.14      2.59      6.99      11.2    
0  377  1.57      7.77      6.76      2.15      8.59      6.91    
0  378  1.57      7.64      6.14      2.96      7.50      5.92    
0  379  1.54      9.21      7.30      2.23      10.4      12.0    
0  380  1.55      6.52      7.58      2.41      9.26      7.65    
0  381  1.57      8.98      6.65      2.46      7.56      10.6    
0  382  1.55      6.55      6.52      2.16      8.55      9.96    
0  383  1.56      7.11      7.83      2.78      9.15      4.92    
0  384  1.55      7.43      6.18      2.72      9.75      12.7    
0  385  1.55      6.43      7.48      2.64      7.32      8.96    
0  386  1.56      6.59      5.95      2.11      8.61      5.18    
0  387  1.55      6.46      5.73      2.17      7.31      5.87    
0  388  1.57      9.56      7.34      2.10      8.33      11.3    
0  389  1.58      8.00      6.48      2.78      8.31      6.64    
0  390  1.55      6.78      8.08      2.87      6.62      9.51    
0  391  1.54      6.86      7.81      2.36      7.96      8.47    
0  392  1.57      9.11      7.73      2.42      8.16      11.4    
0  393  1.56      8.69      6.49      3.04      7.98      7.74    
0  394  1.56      7.68      6.21      2.53      9.01      15.1    
0  395  1.57      6.65      7.59      2.33      10.4      6.34    
0  396  1.54      9.41      6.17      2.34      9.60      9.80    
0  397  1.55      7.49      6.02      2.72      9.21      8.67    
0  398  1.57      9.23      7.35      2.68      8.31      6.85    
0  399  1.57      9.22      6.79      2.99      8.48      9.31    
0  400  1.58      9.57      7.69      2.15      10.3      4.82    
0  401  1.56      8.22      6.00      2.26      9.76      5.64    
0  402  1.56      7.82      8.09      2.90      7.05      9.66    
0  403  1.57      8.90      6.86      2.31      8.38      7.84    
0  404  1.58      8.99      6.59      2.73      8.66      8.40    
0  405  1.56      7.09      8.26      2.79      7.50      6.74    
0  406  1.54      9.45      8.23      2.39      9.80      9.54    
0  407  1.58      7.02      7.41      2.96      10.1      8.70    
0  408  1.56      9.26      6.92      2.59      7.53      6.16    
0  409  1.55      6.60      6.11      2.82      9.94      11.2    
0  410  1.57      8.33      8.18      2.35      6.71      3.91    
0  411  1.57      9.29      6.95      2.25      6.31      10.4    
0  412  1.54      8.35      6.33      2.56      7.14      4.51    
0  413  1.56      6.92      6.28      2.64      6.75      13.2    
0  414  1.56      8.43      7.10      2.56      7.52      12.0    
0  415  1.56      6.94      6.13      2.93      6.69      12.9    
0  416  1.57      8.06      7.71      2.95      9.08      8.36    
0  417  1.58      7.88      6.50      2.31      10.2      8.77    
0  418  1.56      9.11      6.13      2.73      7.99      4.03    
0  419  1.57      7.41      6.47      2.24      7.41      13.2    
0  420  1.58      8.36      7.12      2.48      9.70      13.6    
0  421  1.55      9.23      7.52      2.61      8.02      13.1    
0  422  1.54      7.89      7.15      2.74      9.68      5.99    
0  423  1.54      7.84      7.04      2.65      8.77      14.1    
0  424  1.54      9.53      7.27      2.95      9.42      8.81    
0  425  1.56      9.07      5.61      2.08      7.49      11.6    
0  426  1.55      7.65      8.36      3.03      8.87      10.5    
0  427  1.57      8.15      7.07      2.53      6.79      8.13    
0  428  1.57      7.26      7.20      2.44      7.14      12.9    
0  429  1.55      9.31      6.78      2.74      9.55      5.27    
0  430  1.57      7.24      6.03      2.49      8.95      13.9    
0  431  1.58      8.09      6.07      2.86      10.4      4.67    
0  432  1.55      6.63      6.59      2.85      7.94      5.71    
0  433  1.57      8.89      6.01      2.58      8.41      13.4    
0  434  1.58      8.86      8.10      3.00      10.2      6.61    
0  435  1.55      9.10      5.98      2.22      10.2      13.5    
0  436  1.56      8.15      8.24      2.84      8.84      7.42    
0  437  1.56      8.27      7.57      2.94      9.16      3.92    
0  438  1.58      6.49      7.32      2.94      6.75      10.3    
0  439  1.57      8.53      6.43      2.93      8.37      5.81    
0  440  1.56      9.04      7.86      2.27      6.84      9.63    
0  441  1.56      8.11      6.32      3.04      7.19      12.7    
0  442  1.56      7.81      7.10      2.90      7.66      9.58    
0  443  1.57      6.49      7.87      2.89      8.53      4.75    
0  444  1.58      9.46      6.35      2.30      10.4      11.9    
0  445  1.56      9.21      7.76      2.12      9.18      14.0    
0  446  1.55      8.64      7.45      2.88      9.36      10.9    
0  447  1.56      6.73      5.76      2.27      7.85      5.29    
0  448  1.58      7.42      6.73      2.49      10.0      14.1    
0  449  1.56      7.04      7.19      2.65      6.81      13.8    
0  450  1.55      8.03      7.40      2.21      8.13      15.0    
0  451  1.54      9.15      8.17      2.36      6.44      8.62    
0  452  1.56      8.78      6.26      2.75      10.5      6.26    
0  453  1.54      8.92      7.45      2.79      7.04      4.15    
0  454  1.56      8.19      5.67      2.12      6.88      6.43    
0  455  1.55      6.41      7.05      2.83      6.60      4.85    
0  456  1.57      8.64      7.56      2.27      7.89      6.58    
0  457  1.55      8.42      7.37      2.58      10.1      12.2    
0  458  1.58      6.87      7.20      3.03      10.0      10.2    
0  459  1.58      6.53      7.40      2.98      6.54      4.79    
0  460  1.55      8.71      7.85      2.73      6.72      14.0    
0  461  1.57      8.28      6.20      2.48      10.3      8.57    
0  462  1.55      9.36      8.13      2.48      8.98      4.44    
0  463  1.55      9.06      8.33      2.70      8.05      7.28    
0  464  1.55      9.51      6.34      2.76      9.39      5.09    
0  465  1.55      7.90      5.93      2.76      9.19      5.20    
0  466  1.55      6.93      6.78      2.29      8.99      8.36    
0  467  1.57      8.73      6.23      2.07      8.64      13.2    
0  468  1.57      6.98      6.97      2.11      10.0      4.69    
0  469  1.58      8.21      8.19      2.94      9.90      14.7    
0  470  1.57      7.76      7.07      2.47      6.77      13.9    
0  471  1.57      7.20      7.01      2.54      8.43      4.45    
0  472  1.54      6.76      6.05      2.06      8.57      11.3    
0  473  1.55      6.51      5.82      2.06      8.83      10.1    
0  474  1.57      6.67      8.37      2.61      9.53      8.57    
0  475  1.57      7.48      8.27      2.77      9.96      4.13    
0  476  1.55      9.08      6.35      2.59      10.5      14.7    
0  477  1.55      6.96      8.07      2.82      10.5      13.7    
0  478  1.56      6.52      7.05      2.88      10.4      12.1    
0  479  1.57      8.96      5.63      2.43      6.50      6.02    
0  480  1.54      8.06      7.90      2.77      8.08      8.66    
0  481  1.56      7.15      5.93      2.11      9.35      4.16    
0  482  1.55      7.05      7.21      2.89      9.23      12.2    
0  483  1.57      9.20      6.88      2.51      9.51      11.8    
0  484  1.55      6.65      6.71      2.56      10.0      11.8    
0  485  1.56      6.88      5.90      2.41      9.69      13.6    
0  486  1.57      6.72      8.22      2.33      9.73      6.94    
0  487  1.55      7.43      7.68      2.75      7.10      10.9    
0  488  1.58      8.75      7.09      2.07      8.27      8.75    
0  489  1.55      9.35      7.23      3.02      9.96      15.3    
0  490  1.54      8.38      7.26      2.14      10.1      13.1    
0  491  1.54      8.10      6.63      2.75      6.87      10.5    
0  492  1.55      6.91      7.08      3.00      10.2      10.6    
0  493  1.57      7.53      6.51      2.54      6.59      14.9    
0  494  1.58      8.40      6.04      2.51      8.46      5.06    
0  495  1.58      9.18      6.15      2.67      6.39      6.77    
0  496  1.57      9.33      6.34      2.70      7.60      10.2    
0  497  1.55      8.67      7.85      2.79      10.2      15.1    
0  498  1.56      9.60      7.39      2.28      7.45      13.7    
0  499  1.55      8.70      5.77      2.58      9.71      4.48    
0  500  1.55      9.16      6.70      2.16      9.86      7.69    
1Pecos::LHSDriver                                                                                                             
0RANKS OF LATIN HYPERCUBE SAMPLE INPUT VECTORS

 RUN NO.    X(1)      X(2)      X(3)      X(4)      X(5)      X(6)
0    1      497.       37.      232.      174.      162.      343.
0    2      398.       48.      169.      116.      383.      384.
0    3      248.       35.      412.       52.      486.      299.
0    4      410.       97.      241.      126.      334.      375.
0    5      316.       81.       77.      177.      400.      276.
0    6      120.      184.      223.      208.      326.      215.
0    7      376.      279.       73.      324.      348.      126.
0    8       18.       62.      240.      496.      440.      341.
0    9      385.      138.      245.      292.       47.      219.
0   10      448.      464.      308.      429.       95.      491.
0   11       67.      480.      114.      225.      464.      381.
0   12       55.      227.      227.      472.      206.      108.
0   13      457.      143.      153.      329.      176.      142.
0   14      305.      328.      183.      213.       73.      431.
0   15      255.      462.       89.       56.      416.       44.
0   16      364.      263.      279.       34.      371.      191.
0   17      348.      245.      485.        7.      480.      379.
0   18      272.      304.      479.       38.      338.      130.
0   19      415.      150.      414.      209.      259.      338.
0   20       60.      430.       22.       94.       15.       46.
0   21      486.       64.      256.      480.      353.      389.
0   22       74.      148.      147.      182.       27.      319.
0   23      139.       34.      305.      319.      181.      225.
0   24      266.        1.      467.      236.      114.      285.
0   25      143.      437.      498.      410.      205.      498.
0   26      359.      478.      253.      500.      441.      432.
0   27      217.       57.      329.      308.      477.      332.
0   28      253.      291.        8.      163.      230.      302.
0   29      122.      331.      221.       22.      129.      235.
0   30      404.      215.      327.      333.      428.      376.
0   31      281.      324.      299.      274.      215.      268.
0   32      418.      228.      274.       78.      342.      448.
0   33      431.      498.      338.      288.      377.      201.
0   34      112.        8.      365.      172.      467.      321.
0   35      175.      193.      306.      247.       77.      151.
0   36        4.      251.      189.      173.      389.      122.
0   37      400.      468.      458.      245.       90.      310.
0   38      438.       79.       43.       54.      158.      138.
0   39      287.      296.       50.      106.      231.       85.
0   40       51.       78.      393.      130.      347.      410.
0   41      292.      113.       40.      102.      385.      356.
0   42      341.      174.      482.       16.      193.      278.
0   43       13.      421.      137.      372.      312.      365.
0   44      190.      341.      111.      460.      317.      467.
0   45      300.      429.      439.      168.      148.      137.
0   46      463.      185.       34.       29.      196.      284.
0   47      332.      392.      165.      202.      233.      162.
0   48      278.      198.      360.       25.      380.      113.
0   49      223.        3.       35.      313.      282.       22.
0   50      468.      286.      456.       28.        4.       68.
0   51       24.      303.       62.      231.      324.       59.
0   52      154.       45.      173.      312.      423.      304.
0   53      172.      141.       46.      347.      188.      174.
0   54      110.      116.      150.      390.       17.      451.
0   55      477.      267.      429.       98.      164.      485.
0   56      466.      145.      337.      153.      177.      190.
0   57      210.      388.       48.       96.      300.      396.
0   58      186.      475.      121.       67.      391.      275.
0   59      137.      380.      116.       95.      147.      178.
0   60      407.      175.      216.      465.      276.       97.
0   61      428.       33.      204.      321.      118.      427.
0   62       83.      460.        3.      408.       89.      230.
0   63      147.      471.      334.      294.       62.      288.
0   64      402.      241.      262.      436.      325.      469.
0   65      268.       11.      324.        4.      358.      461.
0   66      479.      446.      148.      479.      244.      156.
0   67      213.       29.      449.       50.      413.      163.
0   68       88.      491.       91.       87.      144.      466.
0   69      209.      293.       49.       26.      443.       55.
0   70      224.       61.      423.       88.      457.      144.
0   71       16.      133.      331.      289.      366.      424.
0   72      104.      202.      143.       36.      171.      439.
0   73      245.      254.      381.      138.      130.      105.
0   74       21.      448.      196.      361.      492.       58.
0   75      159.      305.      333.       75.       98.      428.
0   76      342.      122.      203.       69.       65.      267.
0   77      192.      362.      295.      457.      335.      175.
0   78      235.      103.       52.      214.      249.      171.
0   79      236.       99.       12.      432.      257.      327.
0   80      149.       42.      282.       44.      328.      368.
0   81      469.       60.      404.      298.       22.        3.
0   82      181.      217.      261.      280.      322.      402.
0   83      130.      383.      382.       79.      250.       87.
0   84      478.      189.       42.       71.      373.      216.
0   85      399.      415.      410.      359.       35.      282.
0   86      131.      320.      293.      215.       56.      153.
0   87      391.      176.      328.       84.      261.      458.
0   88      179.      484.      207.      384.       32.      266.
0   89      393.      223.      318.      197.       75.      107.
0   90      227.       90.      239.      471.      360.      110.
0   91      296.      354.       23.      355.       79.       69.
0   92      195.      347.      450.      311.        5.      463.
0   93      329.      142.      370.      283.      499.      258.
0   94      193.      434.      358.      257.      390.       18.
0   95      283.      248.      483.      466.        9.        7.
0   96      373.      387.      488.      404.       21.       33.
0   97      118.      134.      270.      461.      309.      446.
0   98      169.      352.      159.      132.      117.      173.
0   99       49.      343.      408.      385.      251.      316.
0  100       86.      373.      362.      205.      235.      300.
0  101      207.       68.      102.      441.      133.       66.
0  102      387.      129.      326.      234.      333.      197.
0  103       59.      287.      424.      388.      310.       36.
0  104      138.      329.      309.      183.      269.      253.
0  105      299.      258.       55.      394.       40.      398.
0  106        1.      159.      459.      159.      190.       17.
0  107      456.      243.      130.      368.      166.      297.
0  108      353.      473.       67.      337.       39.      226.
0  109      141.       63.       47.      218.      266.      371.
0  110      491.      219.       90.      406.      491.      370.
0  111      167.      408.      273.      156.      296.      292.
0  112      322.      336.      167.      377.      214.      385.
0  113      323.      433.      101.      499.      378.      323.
0  114      201.      353.      146.      144.      468.      348.
0  115      263.       46.      346.      184.      450.      254.
0  116      144.       10.       85.      111.      478.      109.
0  117      425.      111.      415.      413.       44.      239.
0  118       25.      369.      425.       51.      180.      314.
0  119      202.       92.      246.       82.      124.       53.
0  120      273.      105.      455.      264.      484.       75.
0  121      199.      493.      366.      100.      439.       13.
0  122      212.      265.       70.      409.      497.      397.
0  123      290.      123.      168.      490.       69.      492.
0  124      426.      428.      254.       49.      422.      313.
0  125      157.      173.      349.      124.      418.      256.
0  126       37.      487.       18.      115.      481.      324.
0  127      153.      396.      413.      113.       63.      279.
0  128      447.      191.      486.      282.      386.      180.
0  129      435.      118.      141.      303.      127.      339.
0  130       72.      474.      340.      486.      493.       29.
0  131      356.      165.      290.      300.      163.      411.
0  132        6.      154.      407.      307.      122.      252.
0  133       28.      301.      383.      109.      336.      308.
0  134      276.       12.      325.      242.      119.       43.
0  135       43.      457.      499.      487.      219.      387.
0  136      429.       96.      267.      431.      157.      462.
0  137      214.      153.      452.      222.      258.      234.
0  138      264.      282.       57.       32.      220.      477.
0  139      218.      128.      379.      278.      105.      459.
0  140      232.      203.      461.      122.      432.      280.
0  141      309.      418.      230.      154.      280.       49.
0  142       89.       47.      310.      151.       78.      303.
0  143      465.      409.       27.      320.      357.        4.
0  144      250.      335.       10.       77.      278.      364.
0  145      194.      454.      278.      176.       82.      413.
0  146      288.      414.       25.      178.      151.       23.
0  147      496.      210.      416.       10.      295.      296.
0  148      105.      481.      218.      293.      138.      360.
0  149      171.       71.      234.      276.      332.      119.
0  150      303.      221.      251.      448.      449.       95.
0  151      386.      144.      212.      421.       43.      115.
0  152      495.      345.      127.      192.      272.      168.
0  153       69.      239.      191.       14.       51.      450.
0  154      189.      181.      491.      117.      287.      265.
0  155       38.      469.       44.      165.       25.       48.
0  156      103.      151.       41.       63.      381.      237.
0  157      115.      295.       33.      140.      407.      102.
0  158       50.      444.       15.      386.      367.      181.
0  159      392.      290.      214.       65.       85.      475.
0  160      450.      397.      342.      331.      408.       28.
0  161       40.       69.      190.      427.      223.      392.
0  162      136.       23.       82.      498.      462.      405.
0  163      423.      298.      152.      281.      435.      294.
0  164      390.      326.      436.      416.      113.      189.
0  165      151.      349.      200.      141.       13.      482.
0  166      414.      404.      247.      187.      285.      220.
0  167       20.      157.      106.      206.      271.      455.
0  168      178.      169.       74.      437.      212.      456.
0  169      146.      281.      409.      269.      134.      100.
0  170      379.      102.      272.      383.      313.      248.
0  171      216.      426.      368.       37.      345.       98.
0  172      315.      252.      145.      161.      482.      366.
0  173      383.      332.      484.      400.      123.       78.
0  174      344.      288.      205.      193.      376.      223.
0  175      369.      317.      345.      259.      314.      406.
0  176      436.      231.       86.       66.      297.      121.
0  177       10.       55.       65.      195.      290.      481.
0  178      490.       49.      377.      454.      442.      146.
0  179      101.      327.      193.      440.      128.      367.
0  180      125.      436.       36.      420.      283.      140.
0  181      483.      452.      386.      305.      415.      351.
0  182       47.      188.      352.      241.      253.      355.
0  183       23.       28.      315.      470.      203.      271.
0  184      211.      277.      115.      491.      431.      500.
0  185      446.      299.      480.      362.       26.       21.
0  186      320.      398.      390.      253.      341.      465.
0  187      161.      390.      140.      148.        7.      361.
0  188      286.      261.      248.       31.      159.      123.
0  189       39.      247.       21.      239.      229.      224.
0  190      198.      104.      401.       21.      213.      394.
0  191       85.      242.       30.      426.       96.      301.
0  192      421.      321.       56.      352.      427.       92.
0  193      459.      155.       81.      338.      152.       88.
0  194      291.      377.      235.      477.       80.      114.
0  195      187.      338.      421.       43.      264.      378.
0  196      437.       31.      231.      373.       12.      295.
0  197       80.      459.      495.      181.      410.       32.
0  198      481.      412.       11.      216.      298.      210.
0  199      321.      476.      182.      189.      182.      218.
0  200       71.      450.      364.      254.      292.      337.
0  201       32.      126.      430.       81.      156.      373.
0  202      229.      344.      117.       91.       91.      412.
0  203      310.      249.      431.      142.      425.      372.
0  204      357.      106.      238.      494.      210.      262.
0  205       70.      358.        4.      484.      455.      470.
0  206       78.      107.      500.       23.      430.      444.
0  207      454.       84.      303.       33.       66.      440.
0  208      293.      449.      428.      210.      187.      352.
0  209      135.       53.      367.      395.      288.      249.
0  210      394.      114.      351.      252.      359.      417.
0  211       29.      233.      445.      240.      242.      457.
0  212      265.      257.      172.      325.      351.      186.
0  213      241.      152.      422.      198.      238.      155.
0  214      215.      370.       26.      248.      232.      141.
0  215      313.      270.      476.      267.      458.       71.
0  216      117.      382.      473.      345.       19.       82.
0  217      145.      311.      162.      478.      227.      499.
0  218       57.       95.      376.      379.       72.      128.
0  219      411.      256.      417.       11.      149.      494.
0  220      308.      156.      124.      334.      191.      408.
0  221      176.      451.      433.      435.        3.      307.
0  222       22.      485.      105.      492.       76.      205.
0  223      162.      483.      478.      336.       29.      227.
0  224       42.      226.      343.      463.      473.      245.
0  225      237.       89.      228.      392.      126.      347.
0  226       65.       88.      420.      137.      243.       50.
0  227      361.      164.       64.      369.      274.      454.
0  228      203.      275.       58.      417.      397.      484.
0  229      280.       93.      236.      207.      470.       14.
0  230      377.      180.      448.      103.      217.      200.
0  231       17.      322.      363.       30.       71.      386.
0  232      148.      497.      151.      430.      355.       47.
0  233        8.      499.      195.      227.      169.       90.
0  234       45.       16.      285.      229.      453.       65.
0  235      282.      346.      394.      270.      476.      179.
0  236      460.      121.        7.      230.      112.      497.
0  237      424.      374.      437.      323.      402.      169.
0  238      388.      308.      123.      128.      107.       63.
0  239      355.      375.      171.      157.      321.      104.
0  240      259.      276.       96.      316.       30.      150.
0  241      204.      238.      427.        3.      108.      472.
0  242       66.       70.      258.      169.      175.      409.
0  243      334.      166.      432.      485.      299.      183.
0  244       64.      204.      434.      335.      173.      328.
0  245      289.      363.      224.      401.      116.       19.
0  246      493.      237.      375.      279.      186.       15.
0  247      196.      271.      314.      108.       70.      393.
0  248      219.      124.      181.      143.      452.      287.
0  249      345.      407.       53.       72.      489.      177.
0  250      343.      205.      119.       55.      221.      176.
0  251      170.      147.      348.      251.       57.      260.
0  252       19.      139.      219.       73.      426.      185.
0  253      346.       38.      440.      155.      370.      170.
0  254      298.      384.       19.      367.      291.      259.
0  255      185.      167.      194.      393.      316.      479.
0  256      498.      108.      388.      302.      183.      340.
0  257      331.      456.      180.       57.       61.      415.
0  258      314.      445.      243.      200.      140.       94.
0  259      339.      472.      158.      380.      448.      452.
0  260      319.      465.      490.      105.      479.      493.
0  261       35.       13.      100.      112.       24.      238.
0  262       31.      406.      451.       13.      350.      231.
0  263      372.      337.      179.      263.       41.      476.
0  264        2.      376.      233.      397.      395.      241.
0  265      238.      269.      144.      419.      414.      449.
0  266      234.      466.       68.      232.      375.      217.
0  267      327.       73.      359.      442.      454.      329.
0  268       68.       75.      209.      265.      103.      374.
0  269      244.      333.      176.      203.      356.       73.
0  270      366.       58.        1.      322.      289.      222.
0  271      239.      309.      125.      180.      199.        8.
0  272      113.      224.      487.      133.       49.      423.
0  273      156.      178.      441.        2.      307.      160.
0  274      262.      206.      126.      162.      135.      453.
0  275      100.      482.      419.      433.      268.      188.
0  276      480.      262.      300.      456.      202.      159.
0  277       61.      211.      225.      423.      216.       54.
0  278      294.       25.       45.      167.      115.      272.
0  279       41.       67.       87.      403.      125.       77.
0  280      106.      348.      469.      297.      179.        5.
0  281      499.      110.      187.      123.       37.       67.
0  282      240.      315.      294.      481.      160.      182.
0  283      476.      230.      185.      468.      461.      139.
0  284       27.      208.       88.        6.       93.      369.
0  285      335.      314.      174.      291.      387.      443.
0  286       15.      410.      497.       60.      433.      213.
0  287      451.      411.      396.      226.       18.      350.
0  288      397.      394.      283.      256.      263.      330.
0  289      124.        7.       31.      290.      394.      135.
0  290      230.      212.      110.      166.      474.      377.
0  291       90.      246.      249.       86.      207.      158.
0  292       84.      253.      371.      364.      364.      166.
0  293      405.      367.      255.       90.      192.      473.
0  294      396.      179.       99.      411.       74.      418.
0  295      371.      357.       61.      147.      228.       37.
0  296      395.      323.      400.      233.      168.      336.
0  297      382.      381.       17.      317.      170.       83.
0  298       63.       50.      113.       27.      337.      193.
0  299      440.      393.      281.      211.       20.      434.
0  300      252.      339.      339.      378.      330.      229.
0  301      455.      488.      292.      451.      327.      496.
0  302      142.      187.       14.      194.       84.       96.
0  303      261.      424.      170.      309.      101.      157.
0  304      472.      209.       93.      204.      102.      345.
0  305      277.      131.      471.      285.      236.       72.
0  306      467.      495.      374.       80.      165.      490.
0  307      160.      192.        5.      266.      401.      358.
0  308      295.      240.      454.      296.       11.      425.
0  309       56.      313.       16.      150.      185.      240.
0  310      352.      289.      369.      464.      496.      421.
0  311      434.      386.      302.      261.      396.      480.
0  312      464.      356.       72.      188.      472.      309.
0  313      226.      371.      250.      175.      284.      187.
0  314      485.       54.      128.       93.      399.      433.
0  315      492.      342.      357.       85.      420.      380.
0  316       34.      300.      154.        9.      132.       74.
0  317      354.      172.      347.      170.      255.      311.
0  318      133.      340.      166.      315.       31.      335.
0  319      233.      163.       66.      376.        2.      233.
0  320      228.      130.       83.      382.      421.       40.
0  321      158.      197.      355.      255.      304.      148.
0  322      326.      244.      201.      483.       92.       31.
0  323      163.      149.      397.      110.       52.      112.
0  324      279.      366.       37.      295.       83.      283.
0  325      328.      379.      175.      125.      318.       64.
0  326      249.      207.      474.      469.      438.      134.
0  327      225.      199.      391.      286.      104.      132.
0  328      208.      120.        9.      171.      167.       70.
0  329      246.      272.      217.      439.      139.      263.
0  330       92.       86.      301.      399.      172.      261.
0  331      220.      140.      464.      201.       86.      447.
0  332       52.      218.      312.       48.      154.      143.
0  333      182.      489.      280.       83.      308.      192.
0  334      128.      325.      192.      221.      195.      198.
0  335      487.       22.      335.       17.      379.       30.
0  336      449.      378.      186.      134.      136.      333.
0  337       98.      399.      418.      246.      419.       20.
0  338      302.      127.      438.      129.       14.      344.
0  339      441.      492.      222.      145.      197.      228.
0  340      173.      136.      494.      482.       33.      435.
0  341       93.       77.       29.      332.        8.      419.
0  342      473.       27.      384.      350.      329.      202.
0  343      347.      200.      443.        8.      368.       16.
0  344      362.      297.      142.      339.      362.      325.
0  345      475.       44.      108.       12.      226.      243.
0  346      401.       66.      206.        5.      174.      101.
0  347       73.      186.      289.      326.      153.      464.
0  348      338.      190.      361.      135.      398.      388.
0  349      111.      319.      435.      360.      354.      331.
0  350      257.        6.      465.      438.      262.      315.
0  351       44.      401.      316.      190.      286.      116.
0  352      470.      146.      155.       99.      224.      152.
0  353      462.      420.      120.      344.      110.      474.
0  354        5.      285.      138.      235.      209.      145.
0  355      200.      330.      398.      462.      277.      161.
0  356      121.      168.      481.        1.      109.      486.
0  357      114.      119.      136.      446.      293.      312.
0  358        9.       26.      275.       58.      488.      242.
0  359       81.      183.      387.      381.      178.      290.
0  360      370.      229.      139.      396.      237.      149.
0  361       96.       94.       38.      450.        6.        9.
0  362      427.      137.      466.      474.       97.       80.
0  363      433.      427.      492.       74.      111.      136.
0  364      363.       65.      199.      310.      301.      127.
0  365      107.      195.      215.      357.      246.       62.
0  366      301.      278.      392.      414.       59.      270.
0  367      127.      467.      296.       68.      311.       81.
0  368        7.        4.       51.      402.       42.      395.
0  369      274.       17.      320.       76.       45.      232.
0  370      221.       41.      389.      434.      305.      489.
0  371      420.      402.      220.      327.      374.      298.
0  372      416.      364.      457.       42.      392.      357.
0  373      384.      182.      426.      101.      245.      255.
0  374      365.      115.      341.      459.      361.      460.
0  375      254.      216.       20.       46.      225.      400.
0  376      330.      236.      276.      273.       81.      318.
0  377      378.      214.      208.       61.      273.      131.
0  378      417.      194.       97.      458.      143.       89.
0  379       54.      439.      304.       97.      494.      353.
0  380       77.       20.      354.      185.      352.      164.
0  381      325.      403.      188.      212.      150.      293.
0  382      177.       24.      164.       64.      267.      264.
0  383      243.      112.      399.      370.      339.       45.
0  384      126.      161.      104.      340.      411.      382.
0  385       79.        5.      336.      299.      121.      221.
0  386      297.       30.       63.       41.      275.       56.
0  387       99.        9.       24.       70.      120.       86.
0  388      336.      494.      311.       35.      241.      322.
0  389      453.      250.      157.      366.      239.      120.
0  390      150.       59.      444.      412.       38.      244.
0  391       11.       72.      395.      160.      198.      199.
0  392      413.      425.      380.      191.      222.      326.
0  393      251.      359.      160.      497.      200.      167.
0  394      306.      201.      109.      244.      323.      487.
0  395      337.       40.      356.      146.      485.      106.
0  396       12.      470.      103.      152.      393.      257.
0  397       76.      171.       76.      341.      346.      208.
0  398      368.      442.      313.      318.      240.      129.
0  399      360.      441.      213.      473.      260.      236.
0  400      500.      496.      373.       59.      475.       41.
0  401      267.      284.       71.      114.      412.       76.
0  402      275.      222.      446.      428.       88.      251.
0  403      367.      391.      226.      136.      248.      172.
0  404      461.      405.      178.      343.      281.      196.
0  405      258.      109.      475.      374.      142.      124.
0  406       48.      477.      470.      179.      417.      246.
0  407      474.       98.      323.      455.      459.      209.
0  408      256.      447.      237.      275.      146.       99.
0  409      184.       32.       92.      387.      434.      317.
0  410      422.      302.      462.      158.       48.        1.
0  411      375.      453.      242.      107.        1.      281.
0  412       53.      306.      131.      262.       99.       27.
0  413      270.       82.      122.      301.       53.      407.
0  414      284.      318.      268.      258.      145.      354.
0  415      247.       85.       94.      443.       46.      390.
0  416      381.      259.      378.      452.      331.      195.
0  417      452.      232.      161.      139.      463.      212.
0  418      311.      423.       95.      342.      201.        6.
0  419      409.      158.      156.      104.      131.      403.
0  420      488.      307.      271.      220.      405.      420.
0  421       75.      443.      344.      287.      204.      401.
0  422       36.      234.      277.      349.      403.       91.
0  423       46.      225.      257.      304.      294.      442.
0  424       58.      490.      298.      453.      372.      214.
0  425      205.      417.        2.       24.      141.      334.
0  426      174.      196.      493.      489.      306.      286.
0  427      430.      274.      263.      243.       58.      184.
0  428      419.      135.      287.      199.      100.      391.
0  429      165.      455.      210.      348.      388.       60.
0  430      403.      132.       78.      224.      315.      437.
0  431      484.      264.       84.      407.      483.       34.
0  432      134.       36.      177.      405.      194.       79.
0  433      408.      389.       75.      268.      252.      414.
0  434      439.      385.      447.      475.      460.      118.
0  435      155.      422.       69.       92.      469.      416.
0  436      285.      273.      472.      398.      303.      154.
0  437      188.      292.      353.      445.      340.        2.
0  438      443.       14.      307.      447.       54.      277.
0  439      406.      334.      149.      444.      247.       84.
0  440      197.      413.      405.      118.       64.      250.
0  441      260.      268.      129.      495.      106.      383.
0  442      231.      220.      269.      425.      161.      247.
0  443      358.       15.      406.      424.      265.       38.
0  444      458.      479.      134.      131.      490.      349.
0  445      312.      440.      385.       45.      343.      438.
0  446      180.      351.      330.      418.      365.      306.
0  447      222.       52.       28.      120.      184.       61.
0  448      471.      160.      202.      228.      447.      445.
0  449      307.      100.      284.      306.       60.      430.
0  450      119.      255.      321.       89.      218.      483.
0  451       26.      431.      460.      164.       16.      206.
0  452      191.      372.      118.      351.      500.      103.
0  453        3.      395.      332.      371.       87.       11.
0  454      242.      280.       13.       47.       68.      111.
0  455      152.        2.      259.      391.       36.       42.
0  456      349.      350.      350.      119.      189.      117.
0  457      183.      316.      317.      272.      451.      362.
0  458      482.       74.      286.      493.      444.      273.
0  459      489.       21.      322.      467.       28.       39.
0  460       87.      361.      403.      346.       50.      441.
0  461      412.      294.      107.      223.      471.      204.
0  462      140.      463.      453.      219.      319.       24.
0  463      123.      416.      489.      328.      208.      147.
0  464       91.      486.      133.      356.      369.       52.
0  465      164.      235.       60.      358.      344.       57.
0  466       94.       83.      211.      127.      320.      194.
0  467      374.      365.      112.       19.      279.      404.
0  468      333.       91.      244.       40.      445.       35.
0  469      444.      283.      463.      449.      429.      471.
0  470      380.      213.      264.      217.       55.      436.
0  471      350.      125.      252.      249.      254.       25.
0  472       14.       56.       80.       15.      270.      320.
0  473      168.       18.       39.       18.      302.      269.
0  474      318.       43.      496.      284.      384.      203.
0  475      432.      170.      477.      365.      437.       10.
0  476      129.      419.      135.      277.      495.      468.
0  477       97.       87.      442.      389.      498.      429.
0  478      269.       19.      260.      415.      487.      359.
0  479      340.      400.        6.      196.       23.       93.
0  480       62.      260.      411.      363.      211.      207.
0  481      206.      117.       59.       39.      363.       12.
0  482      108.      101.      288.      422.      349.      363.
0  483      324.      438.      229.      237.      382.      346.
0  484      109.       39.      198.      260.      446.      342.
0  485      271.       76.       54.      186.      404.      422.
0  486      317.       51.      468.      149.      409.      133.
0  487       95.      162.      372.      353.       94.      305.
0  488      494.      368.      266.       20.      234.      211.
0  489      132.      461.      291.      488.      436.      495.
0  490       30.      310.      297.       53.      456.      399.
0  491       33.      266.      184.      354.       67.      289.
0  492      116.       80.      265.      476.      465.      291.
0  493      351.      177.      163.      250.       34.      478.
0  494      442.      312.       79.      238.      256.       51.
0  495      445.      435.       98.      314.       10.      125.
0  496      389.      458.      132.      330.      155.      274.
0  497       82.      355.      402.      375.      466.      488.
0  498      304.      500.      319.      121.      137.      426.
0  499      166.      360.       32.      271.      406.       26.
0  500      102.      432.      197.       62.      424.      165.
1   Pecos::LHSDriver                                                                                                             
0  HISTOGRAM FOR VARIABLE NO.  1     UNIFORM DISTRIBUTION

     Midpoint          Freq.

   1.5410000E+00        25    XXXXXXXXXXXXXXXXXXXXXXXXX
   1.5430000E+00        25    XXXXXXXXXXXXXXXXXXXXXXXXX
   1.5450000E+00        25    XXXXXXXXXXXXXXXXXXXXXXXXX
   1.5470000E+00        25    XXXXXXXXXXXXXXXXXXXXXXXXX
   1.5490000E+00        25    XXXXXXXXXXXXXXXXXXXXXXXXX
   1.5510000E+00        25    XXXXXXXXXXXXXXXXXXXXXXXXX
   1.5530000E+00        25    XXXXXXXXXXXXXXXXXXXXXXXXX
   1.5550000E+00        25    XXXXXXXXXXXXXXXXXXXXXXXXX
   1.5570000E+00        25    XXXXXXXXXXXXXXXXXXXXXXXXX
   1.5590000E+00        25    XXXXXXXXXXXXXXXXXXXXXXXXX
   1.5610000E+00        25    XXXXXXXXXXXXXXXXXXXXXXXXX
   1.5630000E+00        25    XXXXXXXXXXXXXXXXXXXXXXXXX
   1.5650000E+00        25    XXXXXXXXXXXXXXXXXXXXXXXXX
   1.5670000E+00        25    XXXXXXXXXXXXXXXXXXXXXXXXX
   1.5690000E+00        25    XXXXXXXXXXXXXXXXXXXXXXXXX
   1.5710000E+00        25    XXXXXXXXXXXXXXXXXXXXXXXXX
   1.5730000E+00        25    XXXXXXXXXXXXXXXXXXXXXXXXX
   1.5750000E+00        25    XXXXXXXXXXXXXXXXXXXXXXXXX
   1.5770000E+00        25    XXXXXXXXXXXXXXXXXXXXXXXXX
   1.5790000E+00        25    XXXXXXXXXXXXXXXXXXXXXXXXX
0                      500


      Min            Max           Range           Mean          Median        Variance

   1.5400713E+00  1.5799899E+00  3.9918623E-02  1.5600011E+00  1.5599942E+00  1.3330565E-04

1   Pecos::LHSDriver                                                                                                             
0  HISTOGRAM FOR VARIABLE NO.  2     UNIFORM DISTRIBUTION

     Midpoint          Freq.

   6.4799999E+00        25    XXXXXXXXXXXXXXXXXXXXXXXXX
   6.6399999E+00        25    XXXXXXXXXXXXXXXXXXXXXXXXX
   6.7999998E+00        25    XXXXXXXXXXXXXXXXXXXXXXXXX
   6.9599998E+00        25    XXXXXXXXXXXXXXXXXXXXXXXXX
   7.1199998E+00        25    XXXXXXXXXXXXXXXXXXXXXXXXX
   7.2799998E+00        25    XXXXXXXXXXXXXXXXXXXXXXXXX
   7.4399998E+00        25    XXXXXXXXXXXXXXXXXXXXXXXXX
   7.5999998E+00        25    XXXXXXXXXXXXXXXXXXXXXXXXX
   7.7599998E+00        25    XXXXXXXXXXXXXXXXXXXXXXXXX
   7.9199998E+00        25    XXXXXXXXXXXXXXXXXXXXXXXXX
   8.0799998E+00        25    XXXXXXXXXXXXXXXXXXXXXXXXX
   8.2399998E+00        25    XXXXXXXXXXXXXXXXXXXXXXXXX
   8.3999998E+00        25    XXXXXXXXXXXXXXXXXXXXXXXXX
   8.5599998E+00        25    XXXXXXXXXXXXXXXXXXXXXXXXX
   8.7199998E+00        25    XXXXXXXXXXXXXXXXXXXXXXXXX
   8.8799998E+00        25    XXXXXXXXXXXXXXXXXXXXXXXXX
   9.0399998E+00        25    XXXXXXXXXXXXXXXXXXXXXXXXX
   9.1999998E+00        25    XXXXXXXXXXXXXXXXXXXXXXXXX
   9.3599998E+00        25    XXXXXXXXXXXXXXXXXXXXXXXXX
   9.5199998E+00        25    XXXXXXXXXXXXXXXXXXXXXXXXX
0                      500


      Min            Max           Range           Mean          Median        Variance

   6.4060290E+00  9.5994481E+00  3.1934191E+00  8.0001799E+00  8.0023612E+00  8.5340271E-01

1   Pecos::LHSDriver                                                                                                             
0  HISTOGRAM FOR VARIABLE NO.  3     UNIFORM DISTRIBUTION

     Midpoint          Freq.

   5.6699999E+00        25    XXXXXXXXXXXXXXXXXXXXXXXXX
   5.8099999E+00        25    XXXXXXXXXXXXXXXXXXXXXXXXX
   5.9499999E+00        25    XXXXXXXXXXXXXXXXXXXXXXXXX
   6.0899999E+00        25    XXXXXXXXXXXXXXXXXXXXXXXXX
   6.2299999E+00        25    XXXXXXXXXXXXXXXXXXXXXXXXX
   6.3699999E+00        25    XXXXXXXXXXXXXXXXXXXXXXXXX
   6.5099999E+00        25    XXXXXXXXXXXXXXXXXXXXXXXXX
   6.6499999E+00        25    XXXXXXXXXXXXXXXXXXXXXXXXX
   6.7899998E+00        25    XXXXXXXXXXXXXXXXXXXXXXXXX
   6.9299998E+00        25    XXXXXXXXXXXXXXXXXXXXXXXXX
   7.0699998E+00        25    XXXXXXXXXXXXXXXXXXXXXXXXX
   7.2099998E+00        25    XXXXXXXXXXXXXXXXXXXXXXXXX
   7.3499998E+00        25    XXXXXXXXXXXXXXXXXXXXXXXXX
   7.4899998E+00        25    XXXXXXXXXXXXXXXXXXXXXXXXX
   7.6299998E+00        25    XXXXXXXXXXXXXXXXXXXXXXXXX
   7.7699998E+00        25    XXXXXXXXXXXXXXXXXXXXXXXXX
   7.9099998E+00        25    XXXXXXXXXXXXXXXXXXXXXXXXX
   8.0499998E+00        25    XXXXXXXXXXXXXXXXXXXXXXXXX
   8.1899998E+00        25    XXXXXXXXXXXXXXXXXXXXXXXXX
   8.3299998E+00        25    XXXXXXXXXXXXXXXXXXXXXXXXX
0                      500


      Min            Max           Range           Mean          Median        Variance

   5.6014530E+00  8.3953615E+00  2.7939085E+00  6.9999591E+00  6.9975423E+00  6.5313735E-01

1   Pecos::LHSDriver                                                                                                             
0  HISTOGRAM FOR VARIABLE NO.  4     UNIFORM DISTRIBUTION

     Midpoint          Freq.

   2.0145000E+00         5    XXXXX
   2.0655000E+00        25    XXXXXXXXXXXXXXXXXXXXXXXXX
   2.1165000E+00        25    XXXXXXXXXXXXXXXXXXXXXXXXX
   2.1675000E+00        25    XXXXXXXXXXXXXXXXXXXXXXXXX
   2.2185000E+00        25    XXXXXXXXXXXXXXXXXXXXXXXXX
   2.2694999E+00        25    XXXXXXXXXXXXXXXXXXXXXXXXX
   2.3204999E+00        25    XXXXXXXXXXXXXXXXXXXXXXXXX
   2.3714999E+00        25    XXXXXXXXXXXXXXXXXXXXXXXXX
   2.4224999E+00        25    XXXXXXXXXXXXXXXXXXXXXXXXX
   2.4734999E+00        25    XXXXXXXXXXXXXXXXXXXXXXXXX
   2.5244999E+00        25    XXXXXXXXXXXXXXXXXXXXXXXXX
   2.5754999E+00        25    XXXXXXXXXXXXXXXXXXXXXXXXX
   2.6264999E+00        25    XXXXXXXXXXXXXXXXXXXXXXXXX
   2.6774999E+00        25    XXXXXXXXXXXXXXXXXXXXXXXXX
   2.7284999E+00        25    XXXXXXXXXXXXXXXXXXXXXXXXX
   2.7794999E+00        25    XXXXXXXXXXXXXXXXXXXXXXXXX
   2.8304999E+00        25    XXXXXXXXXXXXXXXXXXXXXXXXX
   2.8814999E+00        24    XXXXXXXXXXXXXXXXXXXXXXXX
   2.9324999E+00        26    XXXXXXXXXXXXXXXXXXXXXXXXXX
   2.9834999E+00        25    XXXXXXXXXXXXXXXXXXXXXXXXX
   3.0344999E+00        20    XXXXXXXXXXXXXXXXXXXX
0                      500


      Min            Max           Range           Mean          Median        Variance

   2.0317331E+00  3.0499797E+00  1.0182466E+00  2.5399729E+00  2.5401507E+00  8.6712335E-02

1   Pecos::LHSDriver                                                                                                             
0  HISTOGRAM FOR VARIABLE NO.  5     UNIFORM DISTRIBUTION

     Midpoint          Freq.

   6.4049999E+00        24    XXXXXXXXXXXXXXXXXXXXXXXX
   6.6149999E+00        25    XXXXXXXXXXXXXXXXXXXXXXXXX
   6.8249998E+00        25    XXXXXXXXXXXXXXXXXXXXXXXXX
   7.0349998E+00        25    XXXXXXXXXXXXXXXXXXXXXXXXX
   7.2449998E+00        25    XXXXXXXXXXXXXXXXXXXXXXXXX
   7.4549998E+00        25    XXXXXXXXXXXXXXXXXXXXXXXXX
   7.6649998E+00        25    XXXXXXXXXXXXXXXXXXXXXXXXX
   7.8749998E+00        25    XXXXXXXXXXXXXXXXXXXXXXXXX
   8.0849998E+00        25    XXXXXXXXXXXXXXXXXXXXXXXXX
   8.2949998E+00        25    XXXXXXXXXXXXXXXXXXXXXXXXX
   8.5049998E+00        26    XXXXXXXXXXXXXXXXXXXXXXXXXX
   8.7149998E+00        24    XXXXXXXXXXXXXXXXXXXXXXXX
   8.9249998E+00        26    XXXXXXXXXXXXXXXXXXXXXXXXXX
   9.1349998E+00        25    XXXXXXXXXXXXXXXXXXXXXXXXX
   9.3449998E+00        25    XXXXXXXXXXXXXXXXXXXXXXXXX
   9.5549998E+00        25    XXXXXXXXXXXXXXXXXXXXXXXXX
   9.7649998E+00        25    XXXXXXXXXXXXXXXXXXXXXXXXX
   9.9749998E+00        25    XXXXXXXXXXXXXXXXXXXXXXXXX
   1.0185000E+01        25    XXXXXXXXXXXXXXXXXXXXXXXXX
   1.0395000E+01        25    XXXXXXXXXXXXXXXXXXXXXXXXX
0                      500


      Min            Max           Range           Mean          Median        Variance

   6.3135615E+00  1.0495808E+01  4.1822468E+00  8.4049821E+00  8.4080680E+00  1.4630668E+00

1   Pecos::LHSDriver                                                                                                             
0  HISTOGRAM FOR VARIABLE NO.  6     UNIFORM DISTRIBUTION

     Midpoint          Freq.

   3.7049999E+00         4    XXXX
   4.2749999E+00        24    XXXXXXXXXXXXXXXXXXXXXXXX
   4.8449999E+00        25    XXXXXXXXXXXXXXXXXXXXXXXXX
   5.4149999E+00        25    XXXXXXXXXXXXXXXXXXXXXXXXX
   5.9849999E+00        25    XXXXXXXXXXXXXXXXXXXXXXXXX
   6.5549999E+00        25    XXXXXXXXXXXXXXXXXXXXXXXXX
   7.1249998E+00        24    XXXXXXXXXXXXXXXXXXXXXXXX
   7.6949998E+00        26    XXXXXXXXXXXXXXXXXXXXXXXXXX
   8.2649998E+00        24    XXXXXXXXXXXXXXXXXXXXXXXX
   8.8349998E+00        25    XXXXXXXXXXXXXXXXXXXXXXXXX
   9.4049998E+00        24    XXXXXXXXXXXXXXXXXXXXXXXX
   9.9749998E+00        26    XXXXXXXXXXXXXXXXXXXXXXXXXX
   1.0545000E+01        24    XXXXXXXXXXXXXXXXXXXXXXXX
   1.1115000E+01        25    XXXXXXXXXXXXXXXXXXXXXXXXX
   1.1685000E+01        25    XXXXXXXXXXXXXXXXXXXXXXXXX
   1.2255000E+01        25    XXXXXXXXXXXXXXXXXXXXXXXXX
   1.2825000E+01        24    XXXXXXXXXXXXXXXXXXXXXXXX
   1.3395000E+01        25    XXXXXXXXXXXXXXXXXXXXXXXXX
   1.3965000E+01        25    XXXXXXXXXXXXXXXXXXXXXXXXX
   1.4535000E+01        25    XXXXXXXXXXXXXXXXXXXXXXXXX
   1.5105000E+01        25    XXXXXXXXXXXXXXXXXXXXXXXXX
0                      500


      Min            Max           Range           Mean          Median        Variance

   3.9105172E+00  1.5386009E+01  1.1475492E+01  9.6499835E+00  9.6433569E+00  1.1023163E+01

1Pecos::LHSDriver                                                                                                             
0CORRELATIONS AMONG INPUT VARIABLES CREATED BY THE LATIN HYPERCUBE SAMPLE FOR RAW DATA                              PAGE   1
0    1  1.0000
0    2  0.0038  1.0000
0    3  0.0043 -0.0094  1.0000
0    4 -0.0018 -0.0219  0.0062  1.0000
0    5 -0.0038 -0.0022 -0.0040 -0.0176  1.0000
0    6 -0.0028 -0.0304  0.0049 -0.0123 -0.0128  1.0000
0            1       2       3       4       5       6
0VARIABLES
0THE VARIANCE INFLATION FACTOR FOR THIS MATRIX IS  1.00
1Pecos::LHSDriver                                                                                                             
0CORRELATIONS AMONG INPUT VARIABLES CREATED BY THE LATIN HYPERCUBE SAMPLE FOR RANK DATA                              PAGE   1
0    1  1.0000
0    2  0.0039  1.0000
0    3  0.0041 -0.0094  1.0000
0    4 -0.0017 -0.0216  0.0063  1.0000
0    5 -0.0038 -0.0025 -0.0040 -0.0175  1.0000
0    6 -0.0026 -0.0305  0.0048 -0.0124 -0.0128  1.0000
0            1       2       3       4       5       6
0VARIABLES
0THE VARIANCE INFLATION FACTOR FOR THIS MATRIX IS  1.00
