 $ LHS File Format Version 1.00 
$
$ This LHS run was executed on  3/17/24 at  9:59:53.48
$ with LHS Version: 2.30 Release 1, Compiled May 31, 2001        
$ The run title was:
$ Pecos::LHSDriver
$
$ Message output file for this run: LHS_distributions.out
$
$ Input file(s) for this run: 
$
$ Point Values for the distributions follow:
$
$ All point values represent mean values that
$ were calculated from the actual LHS sample.
$
    Uniform1              1.5600011E+00
    Uniform2              8.0001799E+00
    Uniform3              6.9999591E+00
    Uniform4              2.5399729E+00
    Uniform5              8.4049821E+00
    Uniform6              9.6499835E+00
$
@UNCERTAINTY
  @OBSERVATIONS    500
  @VARIABLES      6
    Uniform1:          
    Uniform2:          
    Uniform3:          
    Uniform4:          
    Uniform5:          
    Uniform6:          
@SAMPLEDATA
           1           6   1.5797005878260360        6.6315646400287749        6.8981775714350864        2.3842243719869107        7.6655057985991792        11.769934453645256     
           2           6   1.5717716160416977        6.7042179847031829        6.5444675325028596        2.2648556940840554        9.5158963051807550        12.717108762600692     
           3           6   1.5597733910869249        6.6237305824324491        7.9043012473290784        2.1341597913921158        10.381947400695664        10.759793286372441     
           4           6   1.5727813205204533        7.0159648514568804        6.9483654755856845        2.2861771428928988        9.1063834181997123        12.512881724591601     
           5           6   1.5652210834501872        6.9150970837309957        6.0291924738548692        2.3902963852216113        9.6580738388284431        10.234275728162844     
           6           6   1.5495369214620256        7.5759596539527179        6.8451109783003101        2.4539423073011171        9.0383119323416619        8.8274853948787779     
           7           6   1.5700551657054573        8.1849073659196492        6.0069220767408602        2.6906831497061532        9.2211634069397714        6.7896679699225357     
           8           6   1.5413841824595071        6.7960160039275888        6.9434910709254440        3.0409844845506733        9.9897877930260037        11.741313619940541     
           9           6   1.5707757416915336        7.2768186598777769        6.9677253799194467        2.6246122112055028        6.6956460463909568        8.9196234015577929     
          10           6   1.5758367164519242        9.3668729166641818        7.3240241585325450        2.9039262140709439        7.1057048747253093        15.184493854451924     
          11           6   1.5453493688630127        9.4675978891938932        6.2365266246730462        2.4878617244396448        10.195663733459153        12.657447814374464     
          12           6   1.5443464661795274        7.8516546045541764        6.8687665454661468        2.9918014095536152        8.0354665116663497        6.3772648146485444     
          13           6   1.5765328695948237        7.3122798561289901        6.4554373297577721        2.6999006451246883        7.7841483053133071        7.1516764548351057     
          14           6   1.5643207367911378        8.4928886441737408        6.6214065910382196        2.4630433723849334        6.9203941617209832        13.811811692749384     
          15           6   1.5603972863077746        9.3554540488466618        6.0949733154335988        2.1439983354271761        9.7953045493866817        4.8936881753820929     
          16           6   1.5690692391761392        8.0802158939898021        7.1580567021738739        2.0985046850910876        9.4141139319700553        8.2716768388103219     
          17           6   1.5678283606404997        7.9635272519186140        8.3147181461531687        2.0425250780878210        10.329483553891420        12.594741668499074     
          18           6   1.5617241114692204        8.3430478627279392        8.2790676096478499        2.1058339441138227        9.1399627940794499        6.8752988912162838     
          19           6   1.5731792792921886        7.3554092604458337        7.9154790583955128        2.4548799816088565        8.4757200793159058        11.656289785715053     
          20           6   1.5447351966664382        9.1506804716661581        5.7186356519397350        2.2211037368082254        6.4306611642099032        4.9387064759307533     
          21           6   1.5788774751096033        6.8040877493709333        7.0298145072327936        3.0089841636938415        9.2644265860526360        12.842153417024528     
          22           6   1.5458730003098773        7.3461820270448923        6.4231203507460659        2.4011369956658313        6.5320900810620328        11.223037059061928     
          23           6   1.5511118442516028        6.6131297861099245        7.3038283224718645        2.6792832553098909        7.8213351049342794        9.0603430014073378     
          24           6   1.5612543271056378        6.4060290017634633        8.2112087216366074        2.5109164966052115        7.2624321608947584        10.432365595034558     
          25           6   1.5513624208609389        9.1955090293228636        8.3872307108426476        2.8646353003750646        8.0241314542801163        15.343554354691179     
          26           6   1.5686620161375031        9.4590604584500184        7.0119864518767230        3.0499797489804865        10.000079177096671        13.815179074356333     
          27           6   1.5573279956186190        6.7588869014471769        7.4416022778633977        2.6571261747938673        10.299330822556160        11.518251047920435     
          28           6   1.5602237969764507        8.2592872866526257        5.6439665831824763        2.3605503181522804        8.2301217013181329        10.844826805931516     
          29           6   1.5497556709674374        8.5132689595818523        6.8339541945112865        2.0736109482321701        7.3891791637784472        9.2823244181503544     
          30           6   1.5722562412136980        7.7759817644760014        7.4267998224807910        2.7091789754408224        9.8956617185680784        12.531279836254194     
          31           6   1.5624254355913401        8.4686162852138285        7.2704038237949842        2.5884254240739346        8.1098835604133512        10.047930716609118     
          32           6   1.5734188959917055        7.8547868179872635        7.1321783311944458        2.1879460089301501        9.1694571372453630        14.201985764048528     
          33           6   1.5744619307561405        9.5869624225467440        7.4921109311033049        2.6166720014317706        9.4639449904133599        8.5031900417741859     
          34           6   1.5488951324843616        6.4501673217177400        7.6393813776837671        2.3790461039520427        10.218243146834384        11.260153155836742     
          35           6   1.5539320063964277        7.6300737319916490        7.3119578341225164        2.5334000338273213        6.9513010229141541        7.3530610574614252     
          36           6   1.5402926275603288        8.0059397045820955        6.6574829613065347        2.3809754213043299        9.5651196835700745        6.6874755785621236     
          37           6   1.5719493855924345        9.3904158312141899        8.1615321681141850        2.5287381897628958        7.0615290083797877        11.027915945488028     
          38           6   1.5750218420743758        6.9018617976784711        5.8353677010960876        2.1396111535145619        7.6260637137962455        7.0544129097601402     
          39           6   1.5628850527332909        8.2920613909572367        5.8753858450639989        2.2443906931907027        8.2454986625720323        5.8334066642033866     
          40           6   1.5440193619651721        6.8948896337822081        7.7965238897252833        2.2944834418222309        9.2108715590057422        13.327752387183486     
          41           6   1.5632852321007662        7.1209348552361131        5.8232864362547172        2.2380384587898852        9.5362528913922748        12.079425809052307     
          42           6   1.5672516404504517        7.5132528460919854        8.2945868707349533        2.0620403481588325        7.9210370552689024        10.279179856875677     
          43           6   1.5410086057396049        9.0899104963049293        6.3655290738290180        2.7878565182430295        8.9236985911270246        12.289977295156801     
          44           6   1.5551707457867452        8.5761074947103868        6.2172362138174480        2.9675778414901530        8.9614684983749964        14.619712002918590     
          45           6   1.5639842866411060        9.1439592945381989        8.0559807573560640        2.3721292616811112        7.5500019928655586        7.0402718048761601     
          46           6   1.5770060682316871        7.5827030589520934        5.7900093360433349        2.0880752424465396        7.9493688137834608        10.409847012717741     
          47           6   1.5665179845644908        8.9032561864808208        6.5197833217117935        2.4417513889282660        8.2615490033792174        7.6073122786681635     
          48           6   1.5622062620990724        7.6667004836842416        7.6123766768883918        2.0795953975186681        9.4926679742672473        6.4912574555217288     
          49           6   1.5577658436065167        6.4165598563894637        5.7918964232604955        2.6667770324506050        8.6701500651288690        4.3845102100225635     
          50           6   1.5774169741884807        8.2258294915139683        8.1514362240219480        2.0859520800211278        6.3384791976654995        5.4415430235157256     
          51           6   1.5418578643540666        8.3380460060775281        5.9421442778645073        2.5007657611298471        9.0224121728269235        5.2407720137995204     
          52           6   1.5522530217387527        6.6874994189366701        6.5636979213008662        2.6649916566721443        9.8493339166837419        10.889353010027204     
          53           6   1.5536856792093068        7.2970074389934538        5.8563152322143308        2.7362297059851044        7.8849173086098538        7.8897493928992182     
          54           6   1.5487768978753687        7.1366473059415823        6.4379458907509219        2.8248646455418314        6.4450186371821392        14.267971311742906     
          55           6   1.5780921181257443        8.1024585010871277        8.0008849734799945        2.2287286690835746        7.6785119066842178        15.048489180339500     
          56           6   1.5772644737367891        7.3227926130622629        7.4816666504858063        2.3409297061077785        7.7927858435161452        8.2558857147446840     
          57           6   1.5567418534619735        8.8825167080596081        5.8647728291926908        2.2250364155603757        8.8226650590545024        13.002716223660391     
          58           6   1.5548383644102328        9.4391943600222472        6.2771393270626668        2.1664237748730648        9.5860462430526496        10.215304037388414     
          59           6   1.5509309221428260        8.8274552607819441        6.2452852009108284        2.2228722074258602        7.5361944715822631        7.9751915036025460     
          60           6   1.5724923096469792        7.5148250805750489        6.8094557749189439        2.9779817045366670        8.6145732855974266        6.1169193358276974     
          61           6   1.5741988308665156        6.6069699291840198        6.7401121979804710        2.6834381292842329        7.2917374414508229        13.700115453028353     
          62           6   1.5466255275547875        9.3439254521146413        5.6156329652199517        2.8612361520588303        7.0550247868412175        9.1733773285986384     
          63           6   1.5516805068296753        9.4138123083353040        7.4673613689541822        2.6295395431783515        6.8244830032528796        10.504230204305145     
          64           6   1.5721171627525801        7.9382965577930209        7.0638469104755677        2.9181693478520958        9.0281033215093611        14.684954286217689     
          65           6   1.5614209022757226        6.4679738534539943        7.4109396339256319        2.0364880458696279        9.3042205174965602        14.497318697844166     
          66           6   1.5783019963666798        9.2536221804097281        6.4249466334590686        3.0053064614342522        8.3480559811981951        7.4801723265827169     
          67           6   1.5570379531731084        6.5839873815760015        8.1136353099241862        2.1314630616808494        9.7632561893182341        7.6302458711541252     
          68           6   1.5469722608882377        9.5368272881120433        6.1082461838880553        2.2058882551281807        7.5103036296497052        14.611160686311779     
          69           6   1.5566866758279503        8.2717506714493041        5.8715131916137402        2.0811877915861272        10.018043653911388        5.1451631194185463     
          70           6   1.5578857839831339        6.7899941329941162        7.9652225367562854        2.2094122709290498        10.136998500260516        7.2118525629974899     
          71           6   1.5412439137047345        7.2501911232233045        7.4503384224204350        2.6177573957317879        9.3722380730120385        13.633689181263557     
          72           6   1.5482872045869940        7.6903249101281164        6.3994431821061299        2.1018315354491768        7.7367828362017166        13.986862532072468     
          73           6   1.5595543141697721        8.0235062721088521        7.7291445844868196        2.3106084972301311        7.3984580415595591        6.3134454665835946     
          74           6   1.5416557030349411        9.2619783881708972        6.6933046922406181        2.7646563816082383        10.431270917390117        5.2160991636265539     
          75           6   1.5526594121561945        8.3515321747332809        7.4596046272659677        2.1811292535374962        7.1250593942380966        13.743641078256070     
          76           6   1.5673040537448599        7.1761584081456071        6.7349836504131559        2.1704343892292211        6.8473636405542955        10.019260447527515     
          77           6   1.5552823122859374        8.7112776463806636        7.2488576595179737        2.9609207180492110        9.1151114091216403        7.9240650410333178     
          78           6   1.5587616189368443        7.0556016757696867        5.8907559723295275        2.4650517372347132        8.3919304311453171        7.8117707231100653     
          79           6   1.5588512969082780        7.0315797950252898        5.6661914869869126        2.9103294089641416        8.4557136231824703        11.402433226157445     
          80           6   1.5518673715023139        6.6679512921422717        7.1765358726063750        2.1196533734199403        9.0542297141660093        12.351680572267856     
          81           6   1.5775199966057019        6.7805714454203851        7.8604926149308678        2.6364203594627229        6.4892011412620638        3.9628881931023203     
          82           6   1.5544292785308325        7.7847209906324748        7.0606500406859443        2.6005525582614446        9.0070382763643018        13.144329558499622     
          83           6   1.5503584918930755        8.8451148733109228        7.7337990737931808        2.1901237278704810        8.4041486886844208        5.8874041158205364     
          84           6   1.5781699027754552        7.6089173631608489        5.8313792459938680        2.1730648842761382        9.4284523266022102        8.8485606286232361     
          85           6   1.5718798665471376        9.0518758868366476        7.8939130883205690        2.7622077080522014        6.5973856226256391        10.384994286887814     
          86           6   1.5504067378125712        8.4452852587729694        7.2398718911839648        2.4667457558624633        6.7781657267872193        7.4158548139866909     
          87           6   1.5712578844653258        7.5216993666037917        7.4324000104740264        2.1997302720594867        8.4916416618006387        14.422997814607108     
          88           6   1.5542550266013482        9.4936298137366766        6.7545924780726434        2.8117064876546989        6.5776212173986339        10.015121197597123     
          89           6   1.5713835502882303        7.8264792616665364        7.3768386771474042        2.4304548259697296        6.9339045672487742        6.3557657352404204     
          90           6   1.5581086689942891        6.9700368950188158        6.9351664136370648        2.9890869823010173        9.3264658137513230        6.4189956750820860     
          91           6   1.5636705725963229        8.6609438280612228        5.7254021989267310        2.7534548942685313        6.9661050296000342        5.4860672981510872     
          92           6   1.5555221755352988        8.6200847039058797        8.1188971913358188        2.6624568883885162        6.3467973530833515        14.533772762060165     
          93           6   1.5662586718568206        7.3065840451359749        7.6691844319844620        2.6061532198288662        10.487169637963449        9.8177488270578905     
          94           6   1.5553731016519852        9.1756905447632064        7.6029780750432980        2.5536793067605883        9.5730779643999462        4.3124955369955860     
          95           6   1.5625693001269920        7.9842106684908272        8.3024395706089216        2.9798341760156490        6.3815927207561725        4.0449960037227726     
          96           6   1.5697828464763985        8.8756332883417599        8.3282735617849983        2.8527290293997711        6.4807531947896209        4.6450914979006628     
          97           6   1.5494104869551026        7.2516050876259799        7.1111367367818952        2.9702297436858713        8.8986890213707373        14.138070507738041     
          98           6   1.5534822920441442        8.6491944408267738        6.4848866618568080        2.2984480192789341        7.2837653849920860        7.8596989428084338     
          99           6   1.5438963699350321        8.5937276276886454        7.8803262212220586        2.8149485110087973        8.4119872878682092        11.156129612521500     
         100           6   1.5468467186697012        8.7844857985228284        7.6259909005668023        2.4467558588072751        8.2759368892634235        10.785145678877830     
         101           6   1.5564964417367988        6.8314348667085172        6.1670725417176255        2.9289387425353004        7.4190409360515792        5.4033799905085464     
         102           6   1.5709500223139488        7.2202780029878015        7.4226287071956323        2.5057315563810709        9.0929156626408449        8.4160494737988341     
         103           6   1.5446945046028309        8.2325837186470618        7.9689452858816834        2.8199009018394725        8.9043108841948388        4.7175126365772453     
         104           6   1.5509994501832873        8.5008454644083979        7.3272525571672240        2.4032813050057831        8.5567598026892302        9.7176747272687489     
         105           6   1.5638660901674817        8.0448297473430639        5.9065817909000442        2.8335254006621331        6.6377957151539571        13.037637340999908     
         106           6   1.5400712732579560        7.4169193188354372        8.1653131607588385        2.3528848259337618        7.9004221997851927        4.2884467875997068     
         107           6   1.5764609746096283        7.9491621834620840        6.3249295547116544        2.7798475021974647        7.6931106410886807        10.725356857142877     
         108           6   1.5682004467943498        9.4223151116609571        5.9718440508995201        2.7161055736782775        6.6297245132510687        9.0831731560116165     
         109           6   1.5512291357495638        6.8010574416741729        5.8599032917726781        2.4743925413171297        8.5365484860681793        12.427413061436498     
         110           6   1.5792594901716339        7.8006665531486279        6.1024321177845815        2.8572656844569648        10.423497316480624        12.392623154012719     
         111           6   1.5533233053782396        9.0079755823969840        7.1270093623250732        2.3472097214009704        8.7896988219437837        10.606613301331178     
         112           6   1.5656807539332844        8.5465001040399073        6.5344596042456109        2.7982354056078287        8.0960831490122747        12.753255953987130     
         113           6   1.5657756809006631        9.1673065491572014        6.1645610192110762        3.0464684448113664        9.4755490840372687        11.324581315345828     
         114           6   1.5560781280232967        8.6551556647554033        6.4130416231341663        2.3231317079024576        10.231818064401555        11.883597939986736     
         115           6   1.5610242220046000        6.6933305785119543        7.5358231421120463        2.4036091481847968        10.077671828077133        9.7256019482768608     
         116           6   1.5514575935034083        6.4607455272302037        6.0750144779769695        2.2544278918390348        10.309971295487349        6.3995537241620477     
         117           6   1.5739401856306754        7.1068730293601750        7.9196206901771946        2.8704862801695334        6.6757048273919235        9.3786259566203238     
         118           6   1.5419756845108605        8.7562609265640390        7.9770828078750524        2.1338710267748868        7.8165553412323394        11.114863783696666     
         119           6   1.5561535543622451        6.9826392541989684        6.9767972866790364        2.1964040775006075        7.3430738454217828        5.1097837645453401     
         120           6   1.5618043722746522        7.0707841157779097        8.1438040170233705        2.5672870216420942        10.364423686116846        5.6248909880432771     
         121           6   1.5558976267476194        9.5497241539224973        7.6466770270064472        2.2328029840233827        9.9831187882403700        4.1915864479597662     
         122           6   1.5569324929293431        8.0915832384109496        5.9886916946463282        2.8642422228280267        10.470266980681789        13.008561843330041     
         123           6   1.5631547246827187        7.1867442049846062        6.5385156908763573        3.0276236623187547        6.8849175004055398        15.197976704182336     
         124           6   1.5740474975848571        9.1338691966101528        7.0221846174027771        2.1280461404220290        9.8394905326837439        11.077021547343117     
         125           6   1.5525498331401870        7.5064351218670602        7.5505867219086733        2.2812873999000156        9.8050081097235982        9.7795572571791709     
         126           6   1.5429557942877523        9.5153882356375465        5.6961585126549004        2.2625766273686567        10.335838370183403        11.342518936175155     
         127           6   1.5522058492918127        8.9308423459053046        7.9122750272909181        2.2596998307085872        6.8339526898950007        10.297848503297429     
         128           6   1.5757560037020222        7.6216109467655420        8.3207714174117893        2.6036961004327797        9.5398891939377322        8.0388236515712919     
         129           6   1.5747426921749861        7.1501908417671922        6.3859276186594744        2.6477240784062723        7.3661656381391500        11.695446922143921     
         130           6   1.5457001139713638        9.4305778669506299        7.5017049191115426        3.0213661066038906        10.439656289764153        4.5616884627328247     
         131           6   1.5684111487112380        7.4515453749656677        7.2185125664010643        2.6407146512904576        7.6735454323373311        13.337040747642284     
         132           6   1.5404684048780986        7.3815494319394235        7.8759143142238255        2.6543208364828206        7.3254701269220419        9.6946729761762551     
         133           6   1.5421802145755477        8.3253270955517884        7.7410526696771385        2.2518106038745307        9.1201914934822970        10.966461623729208     
         134           6   1.5620256904755905        6.4755571113035089        7.4191166944313798        2.5235880342145727        7.3011961785532851        4.8722403864983930     
         135           6   1.5433769411958569        9.3215119810536500        8.3891539422461765        3.0218528266994564        8.1390578924163144        12.783444638316753     
         136           6   1.5743099497378619        7.0143376101031896        7.0907233273364598        2.9079440931523033        7.6174285638764729        14.506488508160226     
         137           6   1.5570961028777994        7.3734110211774704        8.1286394281698389        2.4827742436473441        8.4700825854075461        9.2682741311688446     
         138           6   1.5610975972831249        8.2032903171494596        5.9179886436818165        2.0944486828387525        8.1454007939433311        14.861415690804135     
         139           6   1.5574214021895454        7.2170191071391114        7.7195883243218066        2.5951967979877906        7.1875309103224003        14.439126120126341     
         140           6   1.5585377924583295        7.6978821417167786        8.1787784474046905        2.2780074969361723        9.9265590788819544        10.335207110502292     
         141           6   1.5647046908789315        9.0716326391786328        6.8863688543101782        2.3433222944063785        8.6545896857541642        5.0062505254847922     
         142           6   1.5471051007776149        6.6954953718543049        7.3306910847989846        2.3364468649751506        6.9556970896041577        10.861052840132034     
         143           6   1.5771375761976467        9.0138194691359992        5.7466763945734121        2.6813626092775724        9.3002695228087902        3.9818618973265401     
         144           6   1.5599464220096357        8.5399049383133647        5.6505251920498898        2.1852235048789250        8.6333143951841862        12.252352146831807     
         145           6   1.5554732174670511        9.3024282341420648        7.1522375309437516        2.3870890087807739        6.9943831054414387        13.386790965290041     
         146           6   1.5629791525346415        9.0448926387637840        5.7397039496868851        2.3929623315183535        7.5705106978722245        4.4275525562397666     
         147           6   1.5796231092580968        7.7422998550266033        7.9280758418574937        2.0500051820665504        8.7759525586010980        10.693900154404576     
         148           6   1.5483913888989949        9.4740766087859871        6.8180799261933194        2.6264491754011998        7.4614935990101703        12.175832625182345     
         149           6   1.5536748494751007        6.8535948110684748        6.9076198416968806        2.5918338443681130        9.0866858914816238        6.6150648833306036     
         150           6   1.5642332199992239        7.8123632494673130        7.0002357656285170        2.9431465403263175        10.065926698580258        6.0744456847221588     
         151           6   1.5708772984268329        7.3187990497082467        6.7819073799490930        2.8870150033903772        6.6648670520336362        6.5303382786654405     
         152           6   1.5795409421245941        8.6037456462055442        6.3086967641679568        2.4196716746139524        8.5853065626339298        7.7432141056472901     
         153           6   1.5454828082683498        7.9258237998470662        6.6674547960946331        2.0575430439007656        6.7368862020845519        14.228958301897860     
         154           6   1.5550644439813495        7.5582842701718205        8.3441565120283521        2.2679093722108097        8.7080491415487504        9.9763018085386133     
         155           6   1.5430176448735409        9.3970828121766434        5.8442289627458894        2.3657121150509082        6.5189861482913836        4.9930461420931387     
         156           6   1.5482302568435482        7.3657031569659717        5.8276198862669988        2.1573815594126002        9.5014468301083088        9.3508648744423404     
         157           6   1.5491251151523553        8.2879797098845227        5.7843144769510246        2.3144124159513693        9.7173987123242949        6.2315661372877660     
         158           6   1.5439550873414241        9.2380409379005428        5.6809850774811581        2.8168323104857560        9.3776882613299417        8.0597365677889901     
         159           6   1.5712807928274013        8.2505208907425409        6.7944918130978937        2.1613309022522622        7.0184774962901599        14.804937953101936     
         160           6   1.5759819644524529        8.9379138249233367        7.5131643433647239        2.7043038995089099        9.7259568566143688        4.5422503787821622     
         161           6   1.5431365584033356        6.8394626145094639        6.6629454213190824        2.9005813079466947        8.1734227465971312        12.907858112830903     
         162           6   1.5508541158039681        6.5430648063182835        6.0574937205173072        3.0448406384149189        10.177089754146072        13.198709217232652     
         163           6   1.5737999570664951        8.3015519688949002        6.4463576834354548        2.6012172097947541        9.9526234025092730        10.643276468429015     
         164           6   1.5711289053852111        8.4805465351954101        8.0369224761001785        2.8779547325679564        7.2509224586082244        8.2384106224463327     
         165           6   1.5520366590393149        8.6331955899894233        6.7156983343159773        2.3162229598526936        6.4179055662774385        14.976616117586151     
         166           6   1.5730842139430716        8.9854563628882165        6.9783901176881047        2.4095909905019588        8.6966551684663269        8.9428472716445100     
         167           6   1.5415829124893248        7.4022859853267677        6.1897204129368060        2.4495827956547775        8.5730058314178841        14.361217877837364     
         168           6   1.5541939642657712        7.4791288296222689        6.0124969176750627        2.9200032092112393        8.0835918193714047        14.366618662327994     
         169           6   1.5516799089847133        8.1980792159482831        7.8850848061015828        2.5772809197248425        7.4295871365213344        6.1909114969631185     
         170           6   1.5702726727240532        7.0521133531674742        7.1226049198420718        2.8107991780320272        8.9309491070916494        9.5930986372590983     
         171           6   1.5572463557955625        9.1263852256700382        7.6595429437743503        2.1038215950400847        9.1930326553517059        6.1318948397585196     
         172           6   1.5651711440855824        8.0087467829987400        6.4067023300861941        2.3571393346866403        10.345445580692770        12.305127956725890     
         173           6   1.5706281057284586        8.5218810256972901        8.3077972758378831        2.8455792760622316        7.3333308858997599        5.6756287265804124     
         174           6   1.5674875151814895        8.2385038140147930        6.7434152638990428        2.4226698532845359        9.4555342420939734        9.0153308294119778     
         175           6   1.5694712786475384        8.4230474090173839        7.5289259677715608        2.5580570129155182        8.9384760715355078        13.234333287184359     
         176           6   1.5748227315233834        7.8773958572581408        6.0785413683086631        2.1632064469110963        8.7957815203296246        6.6728358321839476     
         177           6   1.5407615320418031        6.7475995470792061        5.9639915726868438        2.4273763557294101        8.7348922982699548        14.958388502992689     
         178           6   1.5791219380891697        6.7135294961348180        7.7085435339367026        2.9543242190536851        10.009765490751075        7.2366006015890738     
         179           6   1.5480759597622791        8.4867877940312031        6.6783389635207131        2.9264116022397579        7.3760499449388721        12.336815427156164     
         180           6   1.5499674724844656        9.1900452730387450        5.8007608806740487        2.8849585467912071        8.6771239788620438        7.1111589236096471     
         181           6   1.5785897269069031        9.2915567549109461        7.7573588184924800        2.6510543673565978        9.7821401738849101        11.962048076742562     
         182           6   1.5437138188659771        7.5999717064604164        7.5657671298174183        2.5213758614267219        8.4295359712129816        12.045166880828095     
         183           6   1.5418299975903704        6.5780878886714573        7.3633608057728042        2.9876664099872206        8.0037647496283526        10.125202177430968     
         184           6   1.5568350856964477        8.1674838105961669        6.2414665509717535        3.0298481436683331        9.9212596920541394        15.386009024408182     
         185           6   1.5756058061302267        8.3130813118457798        8.2870465745007635        2.7671231105547305        6.5214176771864105        4.3660976898400108     
         186           6   1.5655962414333038        8.9468661381810897        7.7809311867518351        2.5461097421407328        9.1593388726204683        14.586239138640231     
         187           6   1.5528382766860909        8.8937595872208473        6.3819183832332493        2.3307418175113850        6.3638536461760893        12.198157830503769     
         188           6   1.5628554471136815        8.0662490304782981        6.9844203055605290        2.0930542516753818        7.6423460331648450        6.7205976944162975     
         189           6   1.5431013968878797        7.9794238674685358        5.7173661855528133        2.5170034178122318        8.2207313844358492        9.0496048498637975     
         190           6   1.5557880440014416        7.0639438489720234        7.8423769535405556        2.0718050974015423        8.0884106570241752        12.941607624094003     
         191           6   1.5467544785881229        7.9449461689844725        5.7661910696364931        2.8982981902696192        7.1125213337557529        10.822386523584834     
         192           6   1.5736358867405915        8.4533382756873969        5.9128922412015497        2.7473710865531675        9.8878153538610967        5.9940508233101575     
         193           6   1.5766831038811804        7.3898444773554806        6.0486661316422747        2.7177565010384379        7.5789764499491445        5.9235682478400413     
         194           6   1.5632222635529192        8.8123143058896058        6.9149035063246265        3.0026922380162309        6.9803715436290386        6.5205704503278241     
         195           6   1.5549283363145403        8.5590551428303119        7.9561470785500479        2.1157425926353035        8.5215189622832312        12.591285892544080     
         196           6   1.5748887157780491        6.5961759291544562        6.8895832300860436        2.7902265165106019        6.4027818142668664        10.680127885239663     
         197           6   1.5463487250365504        9.3327699255749579        8.3693925927197572        2.3983856004928423        9.7402553135013488        4.6251884421792342     
         198           6   1.5784124280622789        9.0362311448425050        5.6593831914447241        2.4700649439169839        8.7996231222692725        8.7143579149753769     
         199           6   1.5656151101702640        9.4459951020121569        6.6163115486394615        2.4154956439424953        7.8317612539015427        8.8954688664416324     
         200           6   1.5456341349747591        9.2774612100020057        7.6352928037453447        2.5474563547515028        8.7495429863170067        11.628355674660066     
         201           6   1.5425475794163348        7.2054526260942220        8.0024138021806248        2.1932854092021006        7.6098748153770428        12.462548752716742     
         202           6   1.5582762559221499        8.6012971766561268        6.2498184470539915        2.2146288085291630        7.0721877512802553        13.365275805000216     
         203           6   1.5647723483031617        7.9891377509325743        8.0108194867402318        2.3177180147034115        9.8667701121901636        12.436174653029068     
         204           6   1.5685474488762208        7.0761058281973002        6.9293268583951519        3.0375109771870914        8.0641697482676573        9.9140047934842297     
         205           6   1.5455345216254517        8.6911604579046369        5.6170332174748179        3.0155378718920796        10.122536021762084        14.691175392582313     
         206           6   1.5462338629182055        7.0844760199189185        8.3953614875253297        2.0758336786323786        9.9132907512758113        14.110789968834958     
         207           6   1.5762800098516421        6.9347614101767547        7.2965692869868128        2.0972908422940408        6.8578431399598152        13.997075225540204     
         208           6   1.5634182176209241        9.2714289712384339        7.9957138599390172        2.4576074392979961        7.8725223336645769        11.974715560068377     
         209           6   1.5507995556690359        6.7329146540999414        7.6513476544726640        2.8347934883903432        8.7152718907894755        9.6257799305249936     
         210           6   1.5714652126681434        7.1256968035548933        7.5632681756632412        2.5432043148463221        9.3114300909161205        13.468338964425028     
         211           6   1.5423115729341843        7.8865879129186274        8.0918988067405309        2.5180608186899405        8.3329459951116149        14.391523393390701     
         212           6   1.5611230745866149        8.0395515558704727        6.5608055682308972        2.6921536431123032        9.2435889363330705        8.1669977717983997     
         213           6   1.5592672481494771        7.3722241003900768        7.9630926989702511        2.4334601406051495        8.2969263621852871        7.4423847323530357     
         214           6   1.5571723133240454        8.7649923422321674        5.7436917529245832        2.5350222986405528        8.2490432280419199        7.1228005507197221     
         215           6   1.5649649506624790        8.1223184490561486        8.2621893356118346        2.5735934002939889        10.143547975433346        5.5136104974851472     
         216           6   1.5492972544969059        8.8417052256196733        8.2432683236025266        2.7331398022404780        6.4621347344373348        5.7846359536591914     
         217           6   1.5515440914532543        8.3840608629480009        6.5062027808425951        3.0036778141861498        8.2061781468806601        15.373522493918660     
         218           6   1.5444949571789801        7.0036008956179021        7.7015117464361715        2.8029624681390821        6.9059937607275508        6.8262377327736461     
         219           6   1.5728217172209360        8.0359212760969996        7.9320833054224034        2.0516943403874524        7.5585140967865421        15.256423959208654     
         220           6   1.5646222047783247        7.3946078698799020        6.2896122643481940        2.7112730414918342        7.9089028227838547        13.262147491054145     
         221           6   1.5540670185017960        9.2826952681243409        8.0223043950689963        2.9162836852961589        6.3318440059222416        10.953189931500471     
         222           6   1.5417544828752614        9.5020298934102065        6.1842079686582085        3.0328054632577484        6.9420976526804870        8.5942506163662777     
         223           6   1.5529572565950827        9.4899067887440332        8.2753774353120484        2.7147824678002950        6.5456883548289442        9.0988454086550039     
         224           6   1.5433396416509337        7.8412723079577091        7.5154196883559230        2.9740002703518140        10.268548135790535        9.5300133909836884     
         225           6   1.5589212645335495        6.9637015377506621        6.8719758114006373        2.8293391953274698        7.3657937061865857        11.861519204429584     
         226           6   1.5451650064030475        6.9587298294574023        7.9498945554859946        2.3074959546969178        8.3415481769804032        5.0307449659660923     
         227           6   1.5688731322382576        7.4467715360164641        5.9570555614730338        2.7821924161428768        8.6038552145494425        14.333510241136887     
         228           6   1.5561706930051371        8.1545551428541554        5.9221919714227322        2.8804154199184384        9.6311132066753835        15.012905728182989     
         229           6   1.5623600158702957        6.9889022062897688        6.9213488999657340        2.4518664725231472        10.243372203310031        4.2016668837587350     
         230           6   1.5701167392153854        7.5501090734332799        8.1075303914919505        2.2385575150809527        8.1274330204680929        8.4979287063064994     
         231           6   1.5412881806433760        8.4585345715090625        7.6275801999334245        2.0907081754469123        6.8989595741102656        12.764100041558036     
         232           6   1.5518067512275464        9.5801243620440371        6.4423278351115059        2.9071547053327689        9.2831932159813437        4.9726617896924727     
         233           6   1.5406279409657977        9.5916345637127751        6.6918948868658390        2.4915610743461549        7.7207347359816545        5.9677151436826676     
         234           6   1.5435256061535514        6.4967171719104053        7.1942506430348381        2.4958542502483447        10.102122695387228        5.3808305230746045     
         235           6   1.5625255454635063        8.6111134465664634        7.8060761161150420        2.5794214529015216        10.291248760549086        8.0096526936157613     
         236           6   1.5767911117878184        7.1737167644202708        5.6355141568258400        2.4988315454794003        7.2450195585516974        15.312222334065474     
         237           6   1.5738650490996615        8.7881581659480936        8.0419769911089922        2.6870260985751075        9.6727928267739571        7.7679317401922301     
         238           6   1.5709988291209938        8.3682852037236106        6.2859421570004894        2.2899406104881033        7.2021598260876205        5.3360173512988256     
         239           6   1.5683840755418690        8.7961590793564906        6.5565445643443612        2.3487340506717094        8.9948341139774080        6.2734867522881830     
         240           6   1.5606644932761602        8.1634921553075319        6.1329249996945254        2.6745221468102560        6.5568781705589076        7.3272033991061614     
         241           6   1.5562562560141833        7.9170958816364410        7.9895791772462426        2.0359067992799171        7.2087750938828465        14.749649898762350     
         242           6   1.5452684458260799        6.8462577026143672        7.0397366784175857        2.3734429231407024        7.7756690862045899        13.306381270344836     
         243           6   1.5666566504783930        7.4560663119569428        8.0180923482442275        3.0181315747682005        8.8138628392560463        8.1082288396053492     
         244           6   1.5450964450115523        7.7010372770592577        8.0286865235224383        2.7119105289981049        7.7522820018618646        11.441416651549282     
         245           6   1.5630451596556232        8.7171970139756798        6.8517650567546484        2.8461859371526352        7.2763132592397604        4.3160903869662430     
         246           6   1.5794180742859656        7.9126630283936858        7.6985367322698233        2.5988073379103094        7.8650941110052957        4.2244947336222971     
         247           6   1.5556314932972193        8.1341119926542049        7.3543856869336217        2.2486058860802554        6.8923058373228692        12.918442784211132     
         248           6   1.5575120636477138        7.1915744368150829        6.6082277778450393        2.3204693642270753        10.095074262476112        10.479122636861401     
         249           6   1.5675819936985149        9.0022775058180091        5.8951992105284701        2.1755497070860206        10.400185593716142        7.9698905491738117     
         250           6   1.5673618097545021        7.7065190588548784        6.2638871848354114        2.1408737527061343        8.1551204433237707        7.9464646060119852     
         251           6   1.5535330107186736        7.3400464844644073        7.5438912955088551        2.5419965211627074        6.7809696143780975        9.8769802858701432     
         252           6   1.5414656335442143        7.2874750553935765        6.8250175996653741        2.1788116708633485        9.8763359424575832        8.1438520864185406     
         253           6   1.5676736918736065        6.6429231771245600        8.0592099265318371        2.3452669269475335        9.4034850990587096        7.7909334792839360     
         254           6   1.5637792090234532        8.8513157852098345        5.7023530324995519        2.7770404389357286        8.7403404399187306        9.8514937790115358     
         255           6   1.5547403816924619        7.4655880512595179        6.6857191934505478        2.8298273372449909        8.9562537700618705        14.906730343211443     
         256           6   1.5797994558938593        7.0896032885834579        7.7713454023445037        2.6444211975134908        7.8375430762753036        11.712595647917361     
         257           6   1.5664616622988881        9.3166375359609717        6.6054297563081610        2.1452778598914199        6.8132340104799480        13.441420333084883     
         258           6   1.5650832963377983        9.2465954123541714        6.9599854407764967        2.4377874393617454        7.4777188434031041        6.0435883988712442     
         259           6   1.5670617681214027        9.4171666075363767        6.4837145932642741        2.8039512722234430        10.056388453898588        14.292951605599606     
         260           6   1.5655024645704405        9.3757418674483901        8.3436424225712198        2.2438025605126466        10.320238698531357        15.229265951840206     
         261           6   1.5427286770566926        6.4822382549285900        6.1554608506087209        2.2570256178138779        6.5027625686044654        9.3692129771588366     
         262           6   1.5424516922194325        8.9970111742660404        8.1242938114775356        2.0551089394583553        9.2361453536119171        9.2068575452538202     
         263           6   1.5697306027636118        8.5540982189565895        6.5989844109291207        2.5648459359805935        6.6518529433641254        14.839782490895129     
         264           6   1.5401052737486922        8.8035585009798414        6.9024749447926883        2.8390955513706055        9.6159944786233034        9.4247620775313123     
         265           6   1.5590013472599165        8.1190642551600938        6.4023178696231922        2.8842455126184410        9.7720426677394787        14.226748897502432     
         266           6   1.5586525335790775        9.3778802807286379        5.9792988969579337        2.5012969460233485        9.4478599038500146        8.8762439040897885     
         267           6   1.5661127339830065        6.8656095420047647        7.6065823590334514        2.9300517233160885        10.110003420718638        11.453044026122893     
         268           6   1.5453982477866486        6.8769916510194546        6.7688142055664215        2.5703559111890848        7.1708584740852181        12.481179298017640     
         269           6   1.5595084213237467        8.5276465202733860        6.5836821049533789        2.4435840894226262        9.2856018033854060        5.5599263933610636     
         270           6   1.5692393072177471        6.7682053181141617        5.6014529909035184        2.6848691807118241        8.7282136334325937        8.9909064516411163     
         271           6   1.5590913362587615        8.3715156208813184        6.2979365865075954        2.3968426542954053        7.9720583543555055        4.0810664734384048     
         272           6   1.5489937519050763        7.8307847010061140        8.3251704769812527        2.2997981349440573        6.7133491395564233        13.618190971282777     
         273           6   1.5524637035682611        7.5356242781132456        8.0672822983358063        2.0337843781553020        8.8786150930452514        7.5747072613141500     
         274           6   1.5608990634531901        7.7173109101012347        6.3055007922379298        2.3598616457200978        7.4390102391535784        14.315501356838038     
         275           6   1.5479418292080984        9.4847901134938013        7.9419345321612438        2.9121672096075302        8.5496625478190271        8.2019052871556486     
         276           6   1.5783565357851983        8.0730200908765184        7.2791699908312406        2.9586267287522272        7.9961025902335621        7.5557039176558609     
         277           6   1.5448197429309041        7.7454111363917590        6.8596549770688640        2.8914299003479629        8.1195970623038516        5.1374660037830466     
         278           6   1.5634484479461239        6.5555656383901839        5.8482733635336164        2.3705686897000673        7.2708746405998941        10.138410492679801     
         279           6   1.5432592211075686        6.8250801693469283        6.0833629694353792        2.8514650649253088        7.3513729194558035        5.6601658332908986     
         280           6   1.5484636259251274        8.6217634654983861        8.2216451218923563        2.6340640333393588        7.8073862801817988        4.0095039445641447     
         281           6   1.5798776550458746        7.0991027968421578        6.6458472299916673        2.2797822200779243        6.6145052042274690        5.4267092070470104     
         282           6   1.5591890785258078        8.4136448923945419        7.2427379044931381        3.0096304107123797        7.6476218968277090        8.0758611511248173     
         283           6   1.5780030726892129        7.8708649197459222        6.6328770300302651        2.9840595514477601        10.172055578746521        7.0906684325016105     
         284           6   1.5421336973559485        7.7305970853120094        6.0886699789686132        2.0404051622219757        7.0826264282126807        12.370443876973354     
         285           6   1.5667202687244490        8.4059518995329743        6.5697395108666266        2.6236134211591353        9.5519619967425662        14.088434864758515     
         286           6   1.5411695317028464        9.0191643558531993        8.3831642813529825        2.1505332790405394        9.9314138835012926        8.7956610319418829     
         287           6   1.5760613923881017        9.0288335734337561        7.8156586664801466        2.4894042816909030        6.4554657011887517        11.946624106502160     
         288           6   1.5717180815190264        8.9164818945094950        7.1817463566154238        2.5512721046290356        8.5087607134624523        11.489993146927794     
         289           6   1.5498791465963424        6.4403950394436720        5.7686239860134201        2.6214426917703726        9.6071955052927827        6.9863452827895518     
         290           6   1.5583736863329263        7.7529514939829705        6.2139025676462802        2.3685152360550594        10.278598934076745        12.568135710552335     
         291           6   1.5471989956385830        7.9708966267496351        6.9928744455328218        2.2047800888068507        8.0415290261953594        7.5209702741280191     
         292           6   1.5466808176570386        8.0181626984804879        7.6772935077691455        2.7717885609586164        9.3541273548647990        7.7080126122261863     
         293           6   1.5723805147026668        8.7487902340814472        7.0232380114367237        2.2117028913173078        7.9175499558397702        14.777332378883381     
         294           6   1.5716567198107207        7.5436218570917850        6.1510283973382780        2.8672372508791457        6.9291908944351128        13.508690712905024     
         295           6   1.5696129575422035        8.6797318323090664        5.9366465952070433        2.3296809553751814        8.2180960643356897        4.7356857472835108     
         296           6   1.5715383893889190        8.4665945820838200        7.8356107163552196        2.5052062642484154        7.7162052822433926        11.606042322782800     
         297           6   1.5705433014189825        8.8323596603572376        5.6921634482324119        2.6765597882654149        7.7323700269968620        5.8041927138385363     
         298           6   1.5450370350716451        6.7185485711619259        6.2307809757938610        2.0842941216203759        9.1276979582355438        8.3343176858765080     
         299           6   1.5751234586436675        8.9147160891458395        7.1684663243178282        2.4597469940219536        6.4766448058077692        13.878643094514961     
         300           6   1.5600805743477868        8.5641790580898522        7.4966475841103124        2.8003150055002144        9.0732348844275474        9.1466005027042705     
         301           6   1.5763898944523373        9.5220564125940204        7.2325532195487989        2.9490496477694621        9.0493899793461559        15.294644949170994     
         302           6   1.5513272455782816        7.5910822750523685        5.6745974319282917        2.4251178408576828        7.0061399505094579        6.0999621759799778     
         303           6   1.5608328283839672        9.1109501625135536        6.5517234761567789        2.6597027736221346        7.1523988995788663        7.5004175365080590     
         304           6   1.5777353865798935        7.7345062071189288        6.1166480747532095        2.4451737444564605        7.1637399408964857        11.818377479575108     
         305           6   1.5620957309945860        7.2374189327567819        8.2355512225430463        2.6102574497996454        8.2848911472406179        5.5458037769603541     
         306           6   1.5772811860671825        9.5652563534796222        7.6890497444992887        2.1912519680344311        7.6906001538237323        15.159761957056588     
         307           6   1.5527345360419156        7.6275197246104476        5.6233921887857834        2.5708248657046444        9.6679383163348582        12.122843332455494     
         308           6   1.5635622820020840        7.9306897034645081        8.1385829102575791        2.6322913355962743        6.3941740041794253        13.666119083825500     
         309           6   1.5444503963218070        8.3986987794145929        5.6864125950451934        2.3352773007152599        7.8561083697878473        9.4188171460668091     
         310           6   1.5681272852317991        8.2450264571502796        7.6658203492725265        2.9752888324002549        10.461926525365874        13.573321383397561     
         311           6   1.5747047111029551        8.8670717532515528        7.2898890112696222        2.5611666227741723        9.6276952642506188        14.930097232285654     
         312           6   1.5770496977759338        8.6774613802522431        6.0008284281447519        2.4127680173186961        10.260912345387441        10.996446905295132     
         313           6   1.5580371152347141        8.7693332361578946        6.9948488959459594        2.3861594349538908        8.6893526293972609        8.1821943248324089     
         314           6   1.5787202014627868        6.7454359605312346        6.3130969433978192        2.2196560319016778        9.6491685347295135        13.842102439116454     
         315           6   1.5792889626237006        8.5870724158033731        7.5938361762622373        2.2029635974955371        9.8240412098402992        12.632020884095692     
         316           6   1.5427069447074644        8.3176752138584842        6.4590054109012707        2.0464011108404487        7.4089412513295470        5.5902541595622894     
         317           6   1.5682747995197961        7.4970597868874673        7.5387876533012843        2.3767554863590092        8.4450317436301798        11.050434289459837     
         318           6   1.5505763057771884        8.5709569174557920        6.5263778825296086        2.6716589693409110        6.5667590670180083        11.591148935153614     
         319           6   1.5585962033716403        7.4380689193099734        5.9695375769218426        2.7960919326804206        6.3222334406577323        9.2575638337209831     
         320           6   1.5582227106725424        7.2264995203316209        6.0631396166766063        2.8078113754347429        9.8315249795584041        4.8071231077588159     
         321           6   1.5526323753031714        7.6597364952892066        7.5846077850168570        2.5484923624935836        8.8528177085578079        7.3010172449185040     
         322           6   1.5660622247509099        7.9561048767700786        6.7209725932313127        3.0133850062539054        7.0782148086530015        4.6039497503296003     
         323           6   1.5530365465626308        7.3514733431622385        7.8211517604261642        2.2533015196472497        6.7454668422081410        6.4681284233664620     
         324           6   1.5622412428957784        8.7391205169528732        5.8028527481108902        2.6315173863677868        7.0008722730743553        10.400945236466125     
         325           6   1.5662347289082408        8.8211581956684597        6.5781748453468083        2.2836493292340632        8.9739238875513756        5.3648290021624421     
         326           6   1.5598437914915944        7.7238492690458891        8.2524337811488664        2.9856535352240408        9.9785171972738933        6.9740139343691983     
         327           6   1.5579787436117418        7.6733429332375529        7.7881725358054048        2.6118719106305854        7.1739305518843794        6.9312938117429148     
         328           6   1.5566164996219611        7.1639212023198606        5.6480200248641896        2.3769671319712136        7.7029594135106816        5.5001715980905574     
         329           6   1.5596246937534215        8.1388163280129433        6.8127766615670167        2.9239742435883169        7.4711312760034287        9.9370301771468945     
         330           6   1.5473502573533728        6.9499741337344050        7.2825686365826057        2.8430899053143897        7.7499481714637106        9.8836325493729671     
         331           6   1.5575215238385647        7.2905314224705098        8.1976977411931387        2.4387726287005465        7.0256930141192022        14.178157206821254     
         332           6   1.5441481511275099        7.7898166641980415        7.3434510105442250        2.1268262305608392        7.5982651703306008        7.1682207938358191     
         333           6   1.5545168518160657        9.5258978764444588        7.1636211138390005        2.1984044192105809        8.8868272479023780        8.2967817674083619     
         334           6   1.5501866657905652        8.4793831252649419        6.6741290436286480        2.4793996088697479        7.9421422136800128        8.4415241720301548     
         335           6   1.5789378457264416        6.5383871683940296        7.4750035879280414        2.0633648300945016        9.4782963672374514        4.5694631573914091     
         336           6   1.5759143515368925        8.8141841783747061        6.6365234039200471        2.3029764378976165        7.4457539509008219        11.557316509662195     
         337           6   1.5478272790457308        8.9535050308987483        7.9382671684823931        2.5311651673110571        9.8195534528177273        4.3583148060480594     
         338           6   1.5641530503880048        7.2088810523241760        8.0490881305592143        2.2913784041067120        6.4214006530195187        11.808950115493499     
         339           6   1.5752408470180819        9.5471922738343480        6.8430053889270877        2.3248932434457261        7.9603621345284017        9.1217416905032014     
         340           6   1.5537776713274978        7.2666449521526699        8.3654104471184318        3.0117997613878735        6.5816364247028849        13.885116350921336     
         341           6   1.5473821543721482        6.8889987081602220        5.7621068977683780        2.7067104074471628        6.3768344080254895        13.516373262350214     
         342           6   1.5778213443015889        6.5664647575899968        7.7458256273431703        2.7425928278172571        9.0613498687205141        8.5233995364974255     
         343           6   1.5677339184826427        7.6776009870067243        8.0761811716295782        2.0461562528197090        9.3894477515616881        4.2555940843478313     
         344           6   1.5689040015360900        8.2998963510230173        6.3948354339852926        2.7202863039774536        9.3395428610295799        11.372356848218246     
         345           6   1.5779978203770333        6.6783066936463120        6.2031439300393680        2.0527104177463147        8.2035597323739289        9.4714650527152688     
         346           6   1.5720270684560202        6.8185967043355111        6.7534015423797076        2.0383132901665846        7.7651112206977189        6.2125720369420003     
         347           6   1.5457751808223688        7.5845406106695528        7.2165327619351443        2.6946267449614028        7.5884656339286876        14.555725189903750     
         348           6   1.5670364338161238        7.6115504919841888        7.6160168550252907        2.3047663978830908        9.6432794117222667        12.802615554369753     
         349           6   1.5488684179762378        8.4366615681499244        8.0336397110898048        2.7634540563931127        9.2703651651761483        11.510764067411422     
         350           6   1.5605087326758542        6.4335632370263340        8.2010620918152846        2.9231402890408411        8.4998004789369137        11.127398627481190     
         351           6   1.5434832617865504        8.9607743381544953        7.3669731141272932        2.4169177611023462        8.7013580104250554        6.5517115623026623     
         352           6   1.5775266046861187        7.3334192514777188        6.4669335320360952        2.2319081045031921        8.1801976317798157        7.3934749296179501     
         353           6   1.5769566911109909        9.0837609956637024        6.2710199925547467        2.7302409936090370        7.2304542890160066        14.782424173018196     
         354           6   1.5403592097772101        8.2220793565079582        6.3722917772831389        2.5081670307107733        8.0613906420395338        7.2150932953904849     
         355           6   1.5559891839610598        8.5084451409518707        7.8237190231142568        2.9717203609708323        8.6272042103412385        7.5997992376594343     
         356           6   1.5496361866108328        7.4729328082546589        8.2923608424598356        2.0317331187068297        7.2199866442028897        15.076013931310735     
         357           6   1.5490454996603540        7.1615487917199738        6.3569343829512599        2.9396522728797883        8.7628437534350194        11.068122084298636     
         358           6   1.5407180553649367        6.5637528327152141        7.1397124928928912        2.1465054426718595        10.397343933300800        9.4513866252584844     
         359           6   1.5464570946527085        7.5673596254453059        7.7635494688484821        2.8059048834486306        7.7938243818876147        10.567869519471191     
         360           6   1.5695983389616572        7.8626917235508555        6.3772049904266375        2.8366257065476104        8.2916341214017670        7.3248702648910697     
         361           6   1.5476571159900538        6.9988122518733151        5.8089599422009659        2.9468972083786409        6.3535627254634397        4.1062888951404020     
         362           6   1.5741472931850518        7.2719695416435606        8.2041703147344300        2.9967331671128887        7.1152897080039414        5.7361695173264016     
         363           6   1.5745638931229524        9.1308292264312509        8.3520373154744512        2.1804285976574662        7.2382135970271984        7.0171633897512216     
         364           6   1.5690327974707821        6.8142804411992435        6.7099278364581991        2.6609056267077849        8.8281665837525676        6.8202746953410101     
         365           6   1.5485059813334421        7.6470201467320331        6.8002998277522622        2.7582499015832691        8.3662369040723981        5.3078393933295738     
         366           6   1.5640718588763476        8.1753366686210036        7.7914045421283689        2.8740933968395925        6.8013060133788077        10.096968635460595     
         367           6   1.5501428041594849        9.3868551848486064        7.2552059183424342        2.1686048578569572        8.9094555318391144        5.7517075567881113     
         368           6   1.5405252025252210        6.4203829883739356        5.8849054354965684        2.8492778113356794        6.6566918596127111        12.983444855068111     
         369           6   1.5619188004462050        6.5063434390440591        7.3869024577369915        2.1845029943137892        6.6836196174798017        9.2351335876332588     
         370           6   1.5576577937309259        6.6586993342712528        7.7732535330954944        2.9151831372430359        8.8611375444799005        15.141847505768295     
         371           6   1.5735614010784402        8.9693088624015456        6.8294793406020844        2.6961465101170257        9.4372176532546188        10.734136294322321     
         372           6   1.5732236403019355        8.7283006707742814        8.1544674966651947        2.1149183857028744        9.5914877821320719        12.104218974753284     
         373           6   1.5706790153793804        7.5606501484826207        7.9853905372358867        2.2345212339869884        8.3608491658650301        9.7647456609145724     
         374           6   1.5691347198394314        7.1326540745407341        7.5055791526800029        2.9649893927208240        9.3297785004966975        14.460235385037029     
         375           6   1.5602618787556515        7.7796619933858508        5.7071156851222735        2.1221288844718131        8.1947376704593982        13.082015780044719     
         376           6   1.5663511962764898        7.9041133706763382        7.1435393831975764        2.5852131843035111        6.9855890545467423        11.196248886305606     
         377           6   1.5702330419264920        7.7681786532357338        6.7623915977386755        2.1539154837348868        8.5925707368421413        6.9067833807847929     
         378           6   1.5733030397238770        7.6404314284712083        6.1397615385452289        2.9631254338374267        7.5036012648153632        5.9249358482621606     
         379           6   1.5442844560105540        9.2060773253306731        7.2990329660525548        2.2261728303487036        10.448950006353511        12.015506718840218     
         380           6   1.5461538767534122        6.5241476077586418        7.5768525039032104        2.4062307252489497        9.2577796280637230        7.6529182198110499     
         381           6   1.5659978111550956        8.9757872950091944        6.6495394644899291        2.4609454089258049        7.5638186795856104        10.634206965105841     
         382           6   1.5541159755628557        6.5491624933049088        6.5164525153920057        2.1591968732606710        8.5458081065114353        9.9629103423382617     
         383           6   1.5594066040811503        7.1136876684457064        7.8315482859244572        2.7829251812618128        9.1464556761819917        4.9156825610501693     
         384           6   1.5500389387615585        7.4286089667856698        6.1790636168148367        2.7222573461564537        9.7479967532614751        12.663221835698467     
         385           6   1.5463090403025226        6.4303626349225640        7.4769808711465444        2.6391316131821365        7.3209970382051219        8.9640552223543626     
         386           6   1.5637404749592951        6.5892928835570812        5.9477132326571267        2.1119658332754296        8.6092623156717654        5.1783026340350045     
         387           6   1.5478447730189191        6.4551577096313242        5.7298842848926776        2.1721242920470232        7.3118295735850269        5.8728739103334959     
         388           6   1.5668627983794361        9.5611556698396800        7.3403509124681356        2.0998713945584186        8.3275520519596515        11.283790117363910     
         389           6   1.5762143355693110        7.9987827002272009        6.4772755299752580        2.7752506993626525        8.3121799397091944        6.6380680376694077     
         390           6   1.5519546502996422        6.7769952829390769        8.0846284591836852        2.8697520027170236        6.6246429167971614        9.5058687381565097     
         391           6   1.5408312687313557        6.8561893448144202        7.8088497846910734        2.3552241191666292        7.9621474199976578        8.4656461363546551     
         392           6   1.5729933895651251        9.1137562213301653        7.7276074786728248        2.4182723003390523        8.1637180337682835        11.376796075381106     
         393           6   1.5600419472487086        8.6947734485939154        6.4939045942462981        3.0438360247364451        7.9842838608488211        7.7393145755911243     
         394           6   1.5644390456347725        7.6807682206034658        6.2056285126691684        2.5274852239868228        9.0128595465099757        15.089445650687907     
         395           6   1.5668823473033868        6.6507812669992452        7.5908691288508479        2.3263516752930449        10.366266670805304        6.3369131001466883     
         396           6   1.5408845901238173        9.4070670766785742        6.1737339216288181        2.3384353630825969        9.6020073001059938        9.7970435296297076     
         397           6   1.5460570765254460        7.4919016892626882        6.0207544792396943        2.7247373812840410        9.2052804358556131        8.6733147814932749     
         398           6   1.5693706245701389        9.2278572438791393        7.3524437804048883        2.6776584454601999        8.3144224537265909        6.8539522155043660     
         399           6   1.5687837308080124        9.2190994151219723        6.7918772838307548        2.9935726100103186        8.4837090399398498        9.3050779200897082     
         400           6   1.5799898960954510        9.5714906596362592        7.6862527341801679        2.1484301491914874        10.282858812307058        4.8245926716076211     
         401           6   1.5613382177822663        8.2168766423389314        5.9962505466498435        2.2618329210156478        9.7573917926111626        5.6426083513342311     
         402           6   1.5619232599512860        7.8177980815112589        8.0920137040618805        2.9021626806841789        7.0451416316651780        9.6563650308896332     
         403           6   1.5692912155367620        8.9021867335826173        6.8636434361778207        2.3055724724834690        8.3816973897773916        7.8401880512598439     
         404           6   1.5768134019960462        8.9867371356949199        6.5919582280764351        2.7296253981843961        8.6613674685365840        8.4041132273832329     
         405           6   1.5605994731302559        7.0948220934957273        8.2560274767218154        2.7926490439232809        7.4954291269579389        6.7429363591885183     
         406           6   1.5437824377641827        9.4499808974146848        8.2265384371507917        2.3935665693030410        9.7994511747695459        9.5366335195254077     
         407           6   1.5778804927226158        7.0217564111456277        7.4054322341680523        2.9577182923270944        10.149741129705715        8.7029147897227652     
         408           6   1.5604541353753583        9.2590267069935805        6.9230494964951648        2.5889852386247552        7.5291574253145424        6.1606453788033688     
         409           6   1.5546942294186727        6.6041081794127825        6.1134314864207058        2.8184088709082920        9.9404067344721874        11.171780567570355     
         410           6   1.5737520386443846        8.3305050366654996        8.1821862428251642        2.3505811320225987        6.7105903154923530        3.9105171649826223     
         411           6   1.5699493494538963        9.2944502064183343        6.9545080729341135        2.2465279031445551        6.3135615228714279        10.356307376919780     
         412           6   1.5441997689517029        8.3525731658592814        6.3293693596685303        2.5629518965580309        7.1386135870606822        4.5075775641629008     
         413           6   1.5615619447939657        6.9244534480825068        6.2787231593925501        2.6436194152615871        6.7520323095181816        13.248571986068738     
         414           6   1.5626565898143874        8.4290787098318329        7.0998917490681634        2.5556590721410046        7.5170099424599055        12.021861904814141     
         415           6   1.5597463951038011        6.9386074673235418        6.1254059763194997        2.9328192329493818        6.6940191684952461        12.867876516949153     
         416           6   1.5704392914975249        8.0563819651186463        7.7123678729884322        2.9505402570710517        9.0827993893395877        8.3642756606973716     
         417           6   1.5760948200157285        7.8819386762246486        6.5004340959005056        2.3128860399418323        10.185308794961138        8.7692939013554714     
         418           6   1.5648034246893414        9.1053415674746034        6.1286971022430814        2.7257604569069294        7.9916285104038609        4.0276420299932356     
         419           6   1.5726937713869289        7.4072015112981200        6.4726659599643197        2.2416851593789362        7.4062393627477112        13.150215633763700     
         420           6   1.5789710801983068        8.3636868428245190        7.1165830856295305        2.4775542546520564        9.6996001108008993        13.559540886890609     
         421           6   1.5459372848425619        9.2297254947409026        7.5221643661867832        2.6143496864720803        8.0156701959953409        13.110565636006882     
         422           6   1.5428531327038444        7.8936355197012418        7.1506762234508994        2.7401485939064152        9.6802975710035266        5.9908417769384101     
         423           6   1.5436618950791285        7.8356320194110278        7.0350855031225832        2.6486023962933287        8.7678421974580356        14.055452961201082     
         424           6   1.5446175468743406        9.5339604277238248        7.2654074684469032        2.9524766745636981        9.4227068920244559        8.8075199741208916     
         425           6   1.5563366095587612        9.0685556319370875        5.6059506020195782        2.0776670790325569        7.4893092130482151        11.562165610302705     
         426           6   1.5539142088806071        7.6508858998477454        8.3568236452952025        3.0265802422289174        8.8675768875273882        10.476560889061307     
         427           6   1.5743695148085803        8.1482842707544556        7.0691687106797465        2.5253672662756030        6.7916776164330912        8.1252782885152843     
         428           6   1.5734402142019572        7.2609104188591242        7.2047467990286647        2.4354944578044111        7.1406030196117003        12.879944182140289     
         429           6   1.5531492124684900        9.3090049368053673        6.7759112559612849        2.7392424851551556        9.5539641177130683        5.2674573954422952     
         430           6   1.5722066809362174        7.2416612442031507        6.0331973722130066        2.4856296133816240        8.9472572588625070        13.949051920542029     
         431           6   1.5787017741591112        8.0870355345413092        6.0673532795589420        2.8589293414356840        10.351748723845049        4.6749831399112010     
         432           6   1.5506460088939780        6.6253416780710221        6.5886037188727400        2.8545810628083346        7.9355657905418511        5.7060252760932784     
         433           6   1.5726264589386250        8.8873493711560965        6.0147342649636792        2.5759515720034947        8.4143976503297786        13.421622678319459     
         434           6   1.5750668208462000        8.8623441419214011        8.1028027238115659        2.9970084723901653        10.159608339620224        6.6104941308631089     
         435           6   1.5523550960984083        9.0980912175521258        5.9808217722278085        2.2166710691266598        10.235437691851189        13.467658739739797     
         436           6   1.5627374768177236        8.1466727931484577        8.2386368597235542        2.8413818796255534        8.8442476651039250        7.4245300436434345     
         437           6   1.5550165352971108        8.2678692405432450        7.5712854530468583        2.9362838927598953        9.1576764371852803        3.9243776059909723     
         438           6   1.5753656563779526        6.4853511804744599        7.3158274312168361        2.9409704128678884        6.7546487941108504        10.257569015118293     
         439           6   1.5724683913224935        8.5317004862874750        6.4308707447227089        2.9345942982105262        8.3735402420532381        5.8129749700843822     
         440           6   1.5557397795282304        9.0399456873819233        7.8631115176565958        2.2690163849035927        6.8429188671774224        9.6303487116177582     
         441           6   1.5607606482305005        8.1124249813288447        6.3188751583008091        3.0379188815798512        7.1911480250289239        12.708215490882052     
         442           6   1.5584773967951351        7.8078716323286299        7.1008775028012687        2.8955882544999847        7.6579519805403420        9.5802784482198771     
         443           6   1.5686128395422174        6.4896086441487073        7.8705521755578003        2.8943445237027663        8.5292030208256282        4.7510746323231139     
         444           6   1.5766103805789540        9.4629373588860020        6.3468234516337514        2.2955748913538270        10.412568217815101        11.904072846010095     
         445           6   1.5648883164260723        9.2109714589446785        7.7559068518361087        2.1213485425333305        9.1777660656822562        13.966926106802655     
         446           6   1.5543996803971381        8.6422327046543366        7.4454622353520250        2.8819001927374863        9.3630878987620019        10.935462187863653     
         447           6   1.5577130260001495        6.7298636385396122        5.7560627696882936        2.2729733782228081        7.8474511132792566        5.2897705579791214     
         448           6   1.5776063115551324        7.4232934848651295        6.7290139142982666        2.4945989935106039        10.048924570938199        14.126471815368161     
         449           6   1.5644803869987467        7.0367554239496588        7.1854100891966377        2.6536412368043227        6.8060184670990278        13.774637318146880     
         450           6   1.5494964872681725        8.0267325670987368        7.3971791847487918        2.2098388293459172        8.1299749870281293        14.990158851006301     
         451           6   1.5420533106713556        9.1528870815992356        8.1709208478467552        2.3643749313705600        6.4393332078083789        8.6239899112037381     
         452           6   1.5552011826787704        8.7807201815500857        6.2602394245537001        2.7460151594684827        10.495808322962901        6.2568073520339098     
         453           6   1.5402112049876899        8.9235846745297316        7.4538002514280377        2.7863544211579949        7.0359189508007418        4.1470556460942607     
         454           6   1.5593044117480517        8.1919117378219966        5.6697576751334582        2.1245284392766934        6.8756232174350833        6.4341720823028590     
         455           6   1.5520964268662596        6.4118164441883572        7.0497838919453324        2.8270513609805885        6.6033782378093058        4.8485073994381818     
         456           6   1.5678824129624667        8.6394310787454245        7.5581631296925247        2.2721238254543765        7.8913598005575309        6.5755634971221442     
         457           6   1.5546365340537018        8.4206673365667459        7.3705997539713977        2.5834578190729207        10.083439143606340        12.224562204467830     
         458           6   1.5785401457512007        6.8696835064709187        7.1962333122348410        3.0342704587712137        10.027221621488859        10.173591093968135     
         459           6   1.5791140479006618        6.5298142206251626        7.3982075385056438        2.9815271227627154        6.5399683456925768        4.7885226641446348     
         460           6   1.5469164707984031        8.7070153901964424        7.8532840233339005        2.7339687889677751        6.7223584743450155        14.035020221074809     
         461           6   1.5728862834645436        8.2764200978249303        6.1959294182755054        2.4841925379653271        10.255260336886630        8.5696749341201492     
         462           6   1.5511253597814776        9.3591509207978838        8.1340154374843454        2.4757402935024255        8.9779484563273435        4.4434397878679448     
         463           6   1.5498352275711298        9.0580700158610927        8.3337559816168625        2.6987171220202741        8.0520117242234335        7.2754829745092433     
         464           6   1.5472094718732314        9.5076772894695392        6.3425575704647228        2.7562218457307761        9.3939437064680167        5.0946338255780290     
         465           6   1.5530682723419740        7.8985699706852435        5.9343243487698958        2.7585093183152192        9.1919950145757987        5.1970041801054032     
         466           6   1.5475196221761967        6.9272519166171556        6.7770705681169403        2.2885602192778043        8.9897569812625306        8.3567968935589310     
         467           6   1.5698969758692944        8.7328847039759161        6.2271263827534389        2.0674289896883162        8.6425258129072695        13.189389328674647     
         468           6   1.5665833687266522        6.9823132448270915        6.9651138964809478        2.1108849617040990        10.033552301556178        4.6915792358445474     
         469           6   1.5754937613588760        8.2057703847229480        8.1890774743078278        2.9444044398564473        9.9029541244834984        14.729013580385596     
         470           6   1.5703535256211834        7.7615455481976268        7.0732506094338374        2.4721842713744286        6.7700091278918828        13.918154208780033     
         471           6   1.5679721566813438        7.1993523171186444        7.0108378687573598        2.5370397781837917        8.4334509321765871        4.4532697504477108     
         472           6   1.5411064509883523        6.7552794141814116        6.0475445671405641        2.0589989811624680        8.5694752609569793        11.251943713019136     
         473           6   1.5534363836904057        6.5112072062000630        5.8160606797434387        2.0647596601352931        8.8343421369759607        10.074297200009692     
         474           6   1.5653688943697326        6.6726841699287300        8.3747891669489434        2.6086777910931871        9.5279013908381280        8.5667355670456296     
         475           6   1.5745447896492482        7.4822025155887006        8.2666873076235881        2.7731047053113764        9.9640773210016444        4.1279057249973992     
         476           6   1.5502520462467895        9.0810599071025830        6.3538782584687690        2.5935371046642586        10.453912294250749        14.660119507652009     
         477           6   1.5477012577789462        6.9567073851555588        8.0706951190376675        2.8228670013284867        10.479338190482208        13.745174040705198     
         478           6   1.5615087472078764        6.5183587033689019        7.0534863594464952        2.8761206104606294        10.386964485406759        12.145516976774671     
         479           6   1.5671744910487160        8.9583994943216450        5.6327662943337105        2.4285132911434770        6.4966051177354149        6.0247568488493561     
         480           6   1.5449593054449373        8.0607341555535807        7.8963006612382838        2.7690109397325569        8.0756893243882750        8.6603663713133425     
         481           6   1.5564797636490315        7.1453067269608379        5.9254395212840283        2.1088962405861444        9.3459549417178884        4.1616654793764463     
         482           6   1.5486063588513805        7.0458395025148990        7.2111698310136800        2.8906525990851688        9.2323485127109670        12.231924703557510     
         483           6   1.5658543345363254        9.1980131414338935        6.8801138316635049        2.5122555890224127        9.5073859047716294        11.839951684784609     
         484           6   1.5486431230155380        6.6484223585277800        6.7054752058325331        2.5592474054480716        10.047049051429521        11.757044704263331     
         485           6   1.5616593251830526        6.8849092175111171        5.9009207396028565        2.4081360286189430        9.6913532458131293        13.591685390914558     
         486           6   1.5653345233800076        6.7242411532580855        8.2202976885017005        2.3337150690003763        9.7315784510110781        6.9439030385275835     
         487           6   1.5475773618248478        7.4314506658241157        7.6805392606243492        2.7484976695604901        7.0962327038479041        10.900990574096095     
         488           6   1.5795130817238243        8.7491152984991665        7.0878727523617444        2.0689570269516109        8.2683170305557177        8.7488883594477080     
         489           6   1.5505249971806632        9.3483519543707363        7.2274830355737363        3.0242685881134959        9.9594216878153290        15.269275100335944     
         490           6   1.5423645318616555        8.3789466443240634        7.2624688929757104        2.1376135169293078        10.127668864587047        13.058612317232647     
         491           6   1.5425719361236878        8.0988502530664199        6.6291854499559850        2.7506746024498248        6.8655871754539755        10.540103083634282     
         492           6   1.5492129826004060        6.9072395671755080        7.0809163811061531        3.0001842574948068        10.204492333723845        10.584320061931619     
         493           6   1.5680279735962301        7.5302718149974952        6.5080955265566711        2.5383049637935029        6.5943653024887379        14.878496404893697     
         494           6   1.5752801555312983        8.3954151058778166        6.0399435103485359        2.5137546213239523        8.4550911134827036        5.0611267635200639     
         495           6   1.5755912507592142        9.1820461232975124        6.1483238923346626        2.6697872022218259        6.3936754910371825        6.7735687719844275     
         496           6   1.5710847406544723        9.3281254933923474        6.3385291892919682        2.7020620769785531        7.6032460704763833        10.197012534279377     
         497           6   1.5465234830199555        8.6674992833495139        7.8488913268432023        2.7949332499868795        10.211314097336633        15.123842870177469     
         498           6   1.5643169471234644        9.5994481311172226        7.3853016459004959        2.2754137071539646        7.4541159754181097        13.689809616857209     
         499           6   1.5532464086121696        8.7001741428256025        5.7739436164299027        2.5827797848025988        9.7113925022831040        4.4759110012988090     
         500           6   1.5480889338756167        9.1619118012130265        6.7002731057861817        2.1560976425560003        9.8550696513932419        7.6893127630974627     
