1

                                             * * * * * * * * *  L H S  * * * * * * * * *

                                             LATIN HYPERCUBE AND RANDOM SAMPLING PROGRAM

                                             * * * * * * * * * * * * * * * * * * * * * *


    Run on  3/17/24 at  9:59:53.49 with LHS Version: 2.30 Release 1, Compiled May 31, 2001        


0    Pecos::LHSDriver

    Random Seed =      275360

    Number of Variables =   6

    Number of Observations =  500
0   The sample was written to the file: LHS_samples.out
0   Input was read from the file: 
0   The sample input vectors will be printed along with their corresponding ranks.
0   Histograms of the actual sample will be plotted for each input variable.
0   The correlation matrices (raw data and rank correlations) will be printed.
1

    Pecos::LHSDriver                                                                                                             

    VARIABLE  DISTRIBUTION          RANGE            LABEL
0       1        UNIFORM     1.20     TO   1.80                                                        
0       2        UNIFORM     6.40     TO   9.60                                                        
0       3        UNIFORM     5.60     TO   8.40                                                        
0       4        UNIFORM     2.03     TO   3.05                                                        
0       5        UNIFORM     6.31     TO   10.5                                                        
0       6        UNIFORM     3.90     TO   15.4                                                        
1Pecos::LHSDriver                                                                                                             
0LATIN HYPERCUBE SAMPLE INPUT VECTORS

 RUN NO. X(1)      X(2)      X(3)      X(4)      X(5)      X(6)
0    1  1.37      7.31      7.61      2.23      7.47      15.0    
0    2  1.59      9.16      5.92      2.62      7.52      8.16    
0    3  1.71      7.04      6.73      2.94      7.38      12.9    
0    4  1.41      7.17      5.62      2.28      10.0      13.5    
0    5  1.49      9.15      6.31      2.92      6.76      5.37    
0    6  1.45      7.89      7.08      2.15      9.04      3.97    
0    7  1.57      8.12      8.35      2.68      8.92      15.3    
0    8  1.77      8.09      5.91      2.69      8.81      13.1    
0    9  1.31      9.30      7.90      2.65      9.39      12.9    
0   10  1.44      7.39      8.04      2.34      9.23      12.6    
0   11  1.51      9.27      6.72      2.90      7.25      4.68    
0   12  1.56      9.57      7.34      2.26      6.93      9.02    
0   13  1.35      8.58      8.30      2.82      7.83      5.71    
0   14  1.48      9.20      7.06      2.12      7.09      15.4    
0   15  1.35      6.85      5.74      2.70      10.1      7.65    
0   16  1.53      7.25      7.22      2.38      7.31      6.35    
0   17  1.26      7.58      6.63      2.80      9.88      10.9    
0   18  1.67      6.77      7.85      3.01      8.99      12.3    
0   19  1.54      7.19      7.49      2.61      9.61      10.0    
0   20  1.53      7.72      7.82      2.12      7.89      9.35    
0   21  1.46      8.04      6.82      2.55      10.4      15.3    
0   22  1.42      9.14      7.41      2.04      9.16      9.33    
0   23  1.28      8.10      5.69      2.61      10.2      10.3    
0   24  1.26      6.45      5.74      2.71      8.02      14.9    
0   25  1.34      6.55      6.07      2.06      7.90      11.0    
0   26  1.22      7.36      6.24      3.01      8.09      4.87    
0   27  1.68      8.63      6.13      2.14      8.46      13.3    
0   28  1.70      8.58      8.10      2.62      7.00      13.6    
0   29  1.76      8.93      7.37      2.38      6.72      7.54    
0   30  1.57      8.98      8.07      2.46      9.46      10.8    
0   31  1.21      9.10      5.93      2.97      8.95      12.9    
0   32  1.23      8.13      6.72      2.82      8.16      12.0    
0   33  1.44      7.53      6.53      2.12      8.65      14.7    
0   34  1.71      6.91      7.63      2.12      9.09      4.20    
0   35  1.40      9.46      7.29      2.27      6.80      13.2    
0   36  1.45      6.90      8.02      2.15      8.69      4.31    
0   37  1.51      7.18      7.52      3.05      7.73      15.3    
0   38  1.45      8.48      8.00      2.47      7.46      8.56    
0   39  1.74      9.24      7.58      2.63      9.62      5.33    
0   40  1.78      9.28      6.80      2.54      9.81      13.2    
0   41  1.77      8.56      8.29      2.49      7.51      13.5    
0   42  1.51      7.05      6.64      2.68      8.68      8.81    
0   43  1.72      6.48      8.37      2.58      9.98      9.99    
0   44  1.32      7.22      5.87      2.11      8.28      6.54    
0   45  1.26      9.39      7.79      2.45      7.33      14.8    
0   46  1.51      8.49      5.66      2.75      9.11      12.4    
0   47  1.74      8.78      7.35      2.96      7.74      4.62    
0   48  1.33      8.40      6.77      2.39      10.1      7.34    
0   49  1.79      6.46      6.55      2.07      9.44      8.90    
0   50  1.72      6.44      7.68      2.78      9.27      13.9    
0   51  1.22      6.60      8.08      2.87      6.86      4.70    
0   52  1.36      6.55      7.20      2.57      7.20      5.28    
0   53  1.76      6.40      6.84      2.31      8.12      15.1    
0   54  1.54      8.60      7.96      2.73      9.31      5.19    
0   55  1.40      8.34      7.86      2.63      10.3      9.62    
0   56  1.72      8.53      5.94      2.37      6.84      14.7    
0   57  1.52      7.53      8.17      2.43      8.41      11.5    
0   58  1.77      7.95      6.10      2.45      8.77      4.19    
0   59  1.50      8.69      7.60      2.29      10.4      12.8    
0   60  1.21      6.76      7.73      2.17      8.29      6.63    
0   61  1.37      7.11      8.32      2.82      10.5      4.34    
0   62  1.49      8.68      6.14      2.95      6.39      8.78    
0   63  1.25      6.59      5.96      2.59      9.00      5.97    
0   64  1.78      7.50      6.24      2.40      7.12      6.36    
0   65  1.49      8.42      5.89      2.37      6.58      4.23    
0   66  1.59      8.54      6.54      2.28      8.86      8.74    
0   67  1.63      9.56      8.36      2.72      9.25      8.27    
0   68  1.24      7.31      6.00      3.00      8.56      14.5    
0   69  1.37      8.11      5.72      2.71      7.35      6.15    
0   70  1.51      7.88      6.78      2.81      9.42      13.4    
0   71  1.31      8.01      7.57      2.76      8.29      14.0    
0   72  1.71      7.06      7.18      2.13      6.95      6.60    
0   73  1.46      8.30      6.22      2.23      10.4      11.9    
0   74  1.78      9.15      7.47      2.53      6.91      9.03    
0   75  1.79      8.71      5.88      2.68      6.75      10.3    
0   76  1.51      8.37      6.51      2.87      9.59      4.94    
0   77  1.21      9.48      7.43      2.44      6.71      10.8    
0   78  1.37      7.14      8.38      2.31      6.73      7.84    
0   79  1.37      7.92      8.35      2.95      9.55      7.86    
0   80  1.42      8.16      6.51      2.33      8.70      6.87    
0   81  1.40      6.46      7.95      2.73      8.17      14.6    
0   82  1.28      7.93      7.63      2.49      10.2      12.4    
0   83  1.25      9.29      8.16      2.64      7.32      7.27    
0   84  1.43      8.86      5.81      2.71      8.94      12.4    
0   85  1.42      9.15      6.12      2.26      8.72      13.3    
0   86  1.58      7.00      8.12      2.13      8.60      12.5    
0   87  1.36      8.20      8.15      2.48      10.1      9.14    
0   88  1.51      6.97      6.60      2.82      8.22      4.51    
0   89  1.74      7.27      6.20      2.23      7.05      14.5    
0   90  1.33      9.34      6.69      2.16      7.64      9.39    
0   91  1.56      6.46      5.63      2.41      7.99      4.29    
0   92  1.65      8.00      7.46      2.92      9.19      12.3    
0   93  1.58      8.29      8.02      2.44      8.55      9.23    
0   94  1.47      6.82      7.49      2.83      10.5      9.78    
0   95  1.28      6.97      6.38      2.52      7.27      7.39    
0   96  1.43      8.98      6.56      2.24      6.37      14.1    
0   97  1.33      8.41      7.30      2.42      6.32      4.71    
0   98  1.74      7.07      6.40      2.46      9.18      11.0    
0   99  1.49      8.99      5.78      2.50      6.97      4.08    
0  100  1.27      7.17      7.25      2.20      8.08      7.76    
0  101  1.73      7.04      6.71      2.88      10.5      7.94    
0  102  1.34      9.40      7.38      2.42      7.34      6.01    
0  103  1.73      7.78      6.08      2.06      10.2      5.83    
0  104  1.63      9.27      8.15      2.62      9.94      8.47    
0  105  1.68      9.38      8.19      2.83      7.65      8.71    
0  106  1.69      9.33      8.33      2.41      9.71      12.0    
0  107  1.28      8.52      6.74      2.36      9.71      8.97    
0  108  1.29      9.12      8.29      2.34      8.57      10.3    
0  109  1.57      6.91      6.58      2.26      9.67      4.79    
0  110  1.63      9.06      5.95      2.34      9.86      10.7    
0  111  1.34      6.49      6.14      2.05      7.06      11.0    
0  112  1.35      7.09      6.52      2.18      6.89      14.1    
0  113  1.71      7.86      7.19      2.97      10.2      4.49    
0  114  1.58      6.93      7.69      2.91      10.4      12.9    
0  115  1.68      7.24      5.97      2.84      9.77      10.7    
0  116  1.64      7.11      6.49      2.91      7.93      9.76    
0  117  1.22      9.09      6.35      2.54      8.50      8.89    
0  118  1.49      6.49      7.04      2.76      6.70      10.2    
0  119  1.27      8.43      8.14      2.59      7.03      11.0    
0  120  1.69      8.73      7.11      2.55      7.13      5.85    
0  121  1.63      8.75      6.24      2.35      7.96      5.91    
0  122  1.45      8.59      5.64      2.99      7.84      9.55    
0  123  1.75      8.04      7.06      2.35      8.59      5.74    
0  124  1.55      7.22      6.21      2.89      10.2      14.2    
0  125  1.24      8.05      6.03      2.11      8.63      8.61    
0  126  1.31      7.80      8.34      2.08      8.45      6.79    
0  127  1.68      8.55      5.60      2.52      9.27      12.5    
0  128  1.43      8.29      5.99      2.95      9.76      11.4    
0  129  1.66      7.02      6.33      2.70      6.37      10.0    
0  130  1.69      9.48      6.30      2.40      6.59      10.9    
0  131  1.37      8.80      5.83      2.54      9.97      4.12    
0  132  1.43      9.51      6.53      2.92      7.53      9.79    
0  133  1.59      6.75      7.09      2.49      8.62      14.9    
0  134  1.48      9.44      7.72      2.24      10.0      14.4    
0  135  1.59      8.38      8.21      2.32      9.28      14.9    
0  136  1.54      6.70      5.93      2.78      6.65      9.26    
0  137  1.75      6.73      6.50      2.65      10.2      9.69    
0  138  1.79      6.62      7.10      2.18      7.44      7.77    
0  139  1.64      9.59      7.77      2.90      7.62      10.2    
0  140  1.66      7.40      6.28      2.07      9.24      6.92    
0  141  1.76      8.69      7.88      2.88      7.67      11.7    
0  142  1.55      8.35      8.03      2.52      8.01      13.8    
0  143  1.61      6.98      7.64      2.56      6.70      9.11    
0  144  1.35      6.73      6.99      2.41      6.79      4.76    
0  145  1.30      7.37      6.81      2.10      9.77      7.46    
0  146  1.28      6.86      8.05      2.96      8.25      11.2    
0  147  1.40      9.02      7.74      2.98      8.52      5.50    
0  148  1.75      7.98      7.83      2.41      8.93      4.98    
0  149  1.35      9.07      6.82      2.56      7.82      8.32    
0  150  1.39      7.70      6.20      2.19      7.63      12.6    
0  151  1.52      7.89      7.78      3.01      9.15      7.22    
0  152  1.68      6.85      7.27      2.10      7.58      5.66    
0  153  1.73      8.41      5.84      2.50      7.55      11.5    
0  154  1.64      8.51      7.22      2.20      8.75      9.66    
0  155  1.75      7.10      7.55      2.31      8.11      8.92    
0  156  1.58      8.70      5.73      2.34      8.89      8.66    
0  157  1.60      6.76      8.37      2.99      9.35      8.34    
0  158  1.64      7.67      8.36      2.69      7.76      6.56    
0  159  1.61      9.60      8.26      2.63      8.43      13.8    
0  160  1.21      7.44      7.58      2.11      8.82      7.61    
0  161  1.47      7.96      7.42      2.71      7.72      14.6    
0  162  1.52      7.79      7.98      2.15      9.95      13.3    
0  163  1.63      7.75      6.37      2.36      7.95      4.10    
0  164  1.67      8.22      6.10      2.41      10.0      6.47    
0  165  1.77      6.95      6.42      2.67      9.35      10.8    
0  166  1.38      8.25      7.18      2.37      7.08      7.00    
0  167  1.44      9.41      6.91      2.92      8.31      6.18    
0  168  1.65      8.84      7.89      2.12      6.94      6.40    
0  169  1.41      9.09      7.91      2.81      9.65      5.61    
0  170  1.60      7.62      7.90      2.72      6.64      12.7    
0  171  1.53      9.30      6.41      2.57      7.41      6.17    
0  172  1.74      7.99      8.01      3.00      7.25      11.2    
0  173  1.54      6.58      8.23      2.67      7.62      11.9    
0  174  1.67      6.82      8.31      2.29      8.21      5.92    
0  175  1.47      7.40      7.65      2.83      9.54      11.9    
0  176  1.75      7.26      5.95      2.22      8.99      6.48    
0  177  1.73      8.48      6.61      2.18      9.82      12.8    
0  178  1.22      8.11      6.96      2.06      7.20      13.6    
0  179  1.30      7.87      7.87      2.86      7.15      11.1    
0  180  1.64      9.35      6.33      2.76      8.36      8.41    
0  181  1.60      7.51      6.85      2.70      8.59      11.6    
0  182  1.76      9.41      7.70      2.43      8.58      12.7    
0  183  1.60      8.62      7.44      2.37      8.11      14.0    
0  184  1.55      6.89      6.18      2.73      8.51      8.99    
0  185  1.68      9.18      5.67      2.11      8.75      14.8    
0  186  1.65      7.74      7.34      2.19      9.97      13.6    
0  187  1.23      8.57      5.76      2.92      7.60      14.8    
0  188  1.56      6.72      7.02      2.33      10.4      4.93    
0  189  1.46      7.10      5.87      2.58      6.60      12.8    
0  190  1.44      7.03      6.02      2.89      9.50      4.90    
0  191  1.26      7.86      7.23      2.59      7.14      9.58    
0  192  1.55      7.59      6.48      2.75      9.60      15.2    
0  193  1.61      9.29      7.32      2.23      9.11      8.58    
0  194  1.79      6.86      7.53      2.16      7.35      7.70    
0  195  1.34      6.43      6.89      2.11      10.1      13.3    
0  196  1.33      9.55      5.71      2.53      10.1      11.4    
0  197  1.41      9.32      6.05      2.90      7.11      10.1    
0  198  1.65      9.07      7.27      2.27      9.49      14.1    
0  199  1.42      8.54      6.36      3.04      9.04      6.06    
0  200  1.50      8.45      6.27      2.22      8.23      4.83    
0  201  1.31      6.51      6.29      2.50      7.56      13.0    
0  202  1.78      8.93      7.24      2.48      6.54      6.95    
0  203  1.40      8.14      7.31      2.04      9.53      5.76    
0  204  1.41      8.92      8.12      2.15      8.76      8.09    
0  205  1.29      8.16      5.63      2.86      7.94      8.28    
0  206  1.25      9.53      7.55      2.80      6.92      14.7    
0  207  1.29      7.16      8.17      2.22      6.36      13.7    
0  208  1.23      7.35      6.96      2.91      8.19      5.80    
0  209  1.45      8.84      6.00      2.96      9.44      11.4    
0  210  1.32      8.94      6.68      2.08      8.05      8.52    
0  211  1.40      7.71      7.64      2.93      7.51      7.30    
0  212  1.42      8.17      7.39      2.18      7.10      10.6    
0  213  1.59      7.46      6.74      2.43      7.42      4.57    
0  214  1.65      7.19      7.39      3.00      9.22      4.32    
0  215  1.27      7.68      7.07      2.69      7.91      14.9    
0  216  1.22      9.24      7.54      2.25      9.72      3.94    
0  217  1.76      9.03      5.98      2.65      9.20      14.4    
0  218  1.36      6.48      6.46      2.73      9.06      7.31    
0  219  1.62      9.00      5.87      2.79      9.38      7.16    
0  220  1.75      6.94      5.65      2.68      8.69      14.5    
0  221  1.30      8.28      7.71      2.32      8.83      10.7    
0  222  1.52      6.63      7.25      2.68      7.22      9.17    
0  223  1.48      7.55      5.96      2.10      9.87      11.8    
0  224  1.65      9.19      7.70      2.99      10.2      12.5    
0  225  1.25      8.50      7.01      2.85      9.34      4.14    
0  226  1.23      9.26      5.90      2.23      8.35      5.64    
0  227  1.43      8.15      6.15      2.48      9.63      6.98    
0  228  1.32      9.13      6.68      2.37      9.16      13.4    
0  229  1.43      7.56      8.39      2.53      8.33      6.86    
0  230  1.38      7.62      7.51      2.04      10.4      10.4    
0  231  1.39      7.73      5.98      2.44      7.02      14.6    
0  232  1.42      8.24      7.31      2.78      7.07      5.45    
0  233  1.44      7.65      5.92      2.07      6.81      14.2    
0  234  1.50      7.78      7.75      3.01      9.66      8.71    
0  235  1.58      7.35      5.79      2.96      8.71      13.0    
0  236  1.77      7.08      7.66      2.97      7.99      5.76    
0  237  1.30      6.79      7.92      2.49      6.68      7.02    
0  238  1.70      9.39      6.67      2.03      8.07      6.12    
0  239  1.61      8.21      7.52      2.47      8.24      5.11    
0  240  1.61      8.36      7.10      2.39      10.1      7.07    
0  241  1.62      8.38      7.14      2.60      7.91      10.6    
0  242  1.49      7.83      8.06      3.04      9.46      13.8    
0  243  1.23      6.52      7.13      2.13      7.48      8.23    
0  244  1.35      7.65      6.76      2.93      6.57      7.43    
0  245  1.68      8.46      6.75      2.66      7.77      5.51    
0  246  1.70      7.15      8.30      2.55      6.35      11.1    
0  247  1.70      9.31      7.80      3.01      10.3      13.5    
0  248  1.20      8.31      6.92      2.45      6.97      11.6    
0  249  1.25      7.32      7.12      2.56      9.02      9.86    
0  250  1.24      9.46      6.39      2.66      7.85      6.84    
0  251  1.66      6.62      6.64      2.93      7.54      15.1    
0  252  1.53      8.26      5.80      2.70      7.80      4.60    
0  253  1.56      9.01      6.27      2.32      8.10      12.4    
0  254  1.30      7.82      7.65      2.04      6.81      11.3    
0  255  1.77      8.49      7.19      2.78      10.4      9.34    
0  256  1.31      8.30      5.64      2.51      7.13      7.69    
0  257  1.35      9.41      8.20      2.76      9.84      11.2    
0  258  1.50      9.52      5.75      2.26      10.4      12.2    
0  259  1.65      9.31      7.94      2.32      9.64      4.05    
0  260  1.72      8.66      6.87      2.38      6.62      5.43    
0  261  1.42      7.93      6.08      2.22      10.3      6.65    
0  262  1.31      7.21      6.01      2.81      7.98      13.9    
0  263  1.49      9.02      5.73      2.63      6.50      9.20    
0  264  1.77      7.08      7.05      2.74      9.47      11.6    
0  265  1.61      8.45      6.27      2.89      9.58      12.7    
0  266  1.24      6.54      6.59      2.79      8.13      13.9    
0  267  1.66      8.64      5.65      2.39      8.30      11.1    
0  268  1.39      8.73      7.16      2.17      8.45      15.3    
0  269  1.24      7.73      7.93      2.36      6.44      13.7    
0  270  1.24      8.88      7.97      2.14      7.01      10.1    
0  271  1.37      8.89      5.97      2.24      10.0      13.9    
0  272  1.71      7.52      5.78      2.27      6.47      12.7    
0  273  1.24      8.27      5.67      2.91      7.72      13.5    
0  274  1.59      9.33      7.75      2.51      10.2      12.1    
0  275  1.44      9.58      6.61      2.61      10.5      12.0    
0  276  1.52      9.08      7.58      2.19      7.76      10.5    
0  277  1.79      7.90      7.33      2.46      8.88      12.2    
0  278  1.47      9.06      6.38      2.09      9.08      13.7    
0  279  1.66      7.38      6.01      2.77      9.83      4.16    
0  280  1.21      7.29      6.74      2.87      7.75      5.37    
0  281  1.32      9.49      8.19      2.71      6.41      7.52    
0  282  1.30      8.06      6.23      2.94      8.66      10.9    
0  283  1.53      8.90      6.04      2.52      6.88      9.93    
0  284  1.63      7.68      8.39      2.08      8.03      10.6    
0  285  1.70      7.96      8.27      2.76      9.32      6.31    
0  286  1.52      6.65      7.67      2.04      8.50      11.0    
0  287  1.20      6.42      7.37      2.74      8.26      7.10    
0  288  1.69      6.64      6.80      2.94      8.89      14.0    
0  289  1.24      6.88      6.06      2.75      8.14      5.07    
0  290  1.62      8.17      6.43      2.40      6.74      10.2    
0  291  1.60      8.67      6.59      2.54      7.46      9.85    
0  292  1.53      8.71      7.44      2.56      9.85      7.24    
0  293  1.76      7.80      7.76      2.09      8.67      9.48    
0  294  1.35      8.83      8.28      2.09      8.55      5.67    
0  295  1.30      6.50      6.83      2.69      9.12      14.3    
0  296  1.49      9.49      6.34      3.04      8.04      3.92    
0  297  1.78      9.24      7.28      2.20      7.07      6.42    
0  298  1.44      8.79      7.04      2.16      6.51      8.01    
0  299  1.46      7.02      7.81      2.46      8.26      6.45    
0  300  1.41      9.21      6.19      2.93      8.63      6.67    
0  301  1.58      9.22      6.17      2.25      6.43      4.53    
0  302  1.30      6.52      6.93      2.29      7.64      5.59    
0  303  1.69      7.69      6.55      2.87      8.91      10.2    
0  304  1.55      7.57      6.32      2.83      6.41      7.13    
0  305  1.33      9.00      6.29      2.86      7.78      11.5    
0  306  1.29      9.19      7.13      2.13      8.07      12.6    
0  307  1.29      7.52      7.46      2.43      8.15      14.1    
0  308  1.57      7.00      6.45      2.19      7.50      7.49    
0  309  1.29      8.64      7.48      2.80      10.3      11.8    
0  310  1.52      8.40      6.46      2.06      7.85      14.6    
0  311  1.69      8.82      7.40      2.79      8.96      7.03    
0  312  1.70      7.26      8.22      2.55      6.72      13.0    
0  313  1.78      6.59      6.43      2.51      9.52      14.3    
0  314  1.64      6.84      6.86      2.65      8.52      5.89    
0  315  1.22      7.12      6.70      2.73      7.78      4.00    
0  316  1.46      9.53      6.19      2.44      7.87      6.28    
0  317  1.37      8.19      7.84      2.69      9.96      8.18    
0  318  1.23      7.92      6.87      2.22      9.70      9.30    
0  319  1.38      7.44      7.77      2.24      7.49      6.76    
0  320  1.46      7.63      6.23      2.77      7.71      12.2    
0  321  1.66      7.20      6.21      2.75      8.97      8.12    
0  322  1.60      8.23      6.77      2.62      10.0      13.0    
0  323  1.73      8.85      7.87      2.62      6.90      10.8    
0  324  1.26      6.89      8.32      2.72      9.90      10.4    
0  325  1.67      7.90      7.86      2.88      6.99      12.0    
0  326  1.31      8.22      6.17      2.95      6.79      8.45    
0  327  1.55      7.59      7.26      2.74      6.33      11.8    
0  328  1.45      9.50      8.31      2.63      9.07      8.95    
0  329  1.71      7.50      6.57      2.51      6.49      7.98    
0  330  1.69      8.96      7.03      2.36      9.75      5.23    
0  331  1.79      8.79      5.83      2.94      8.53      15.0    
0  332  1.43      6.96      6.95      2.57      8.38      5.41    
0  333  1.71      8.02      8.11      2.29      9.88      9.07    
0  334  1.48      6.69      7.45      2.97      8.43      8.30    
0  335  1.50      7.42      5.66      2.12      9.13      7.18    
0  336  1.79      7.46      6.76      2.59      10.5      10.5    
0  337  1.21      7.77      7.41      2.50      6.46      14.3    
0  338  1.31      7.36      7.36      2.27      7.27      5.86    
0  339  1.79      8.09      6.11      2.58      6.44      5.16    
0  340  1.73      6.87      6.01      2.58      9.91      6.74    
0  341  1.59      9.56      7.39      2.32      7.55      10.4    
0  342  1.40      7.57      6.56      2.42      8.64      8.15    
0  343  1.62      7.15      5.76      3.04      6.34      15.1    
0  344  1.27      8.65      8.24      2.46      7.30      12.6    
0  345  1.78      7.41      7.73      2.91      6.66      4.02    
0  346  1.48      8.56      6.97      2.84      10.2      7.21    
0  347  1.57      8.00      8.05      2.44      6.63      8.08    
0  348  1.32      8.06      7.33      2.52      9.41      12.2    
0  349  1.61      9.35      5.89      2.47      10.2      9.81    
0  350  1.40      7.94      6.25      2.29      8.46      11.7    
0  351  1.28      6.82      6.52      2.27      10.1      4.65    
0  352  1.53      9.59      6.71      3.02      6.86      7.82    
0  353  1.68      7.83      8.01      3.00      7.29      6.06    
0  354  1.28      6.67      7.97      2.85      6.40      11.7    
0  355  1.54      9.22      7.42      3.00      10.1      10.5    
0  356  1.62      6.67      5.86      2.48      9.93      11.3    
0  357  1.62      9.37      6.85      2.30      6.56      8.63    
0  358  1.20      9.12      6.43      3.05      10.3      10.1    
0  359  1.38      9.44      6.12      2.14      7.68      5.57    
0  360  1.28      7.33      5.62      2.19      8.85      11.5    
0  361  1.73      8.07      6.90      2.21      8.98      9.60    
0  362  1.56      8.82      6.99      2.99      6.48      7.48    
0  363  1.25      8.95      6.99      2.21      9.37      9.44    
0  364  1.21      9.43      8.22      2.42      8.91      13.4    
0  365  1.71      9.09      7.44      2.07      6.89      15.2    
0  366  1.57      6.66      6.26      2.43      9.05      13.1    
0  367  1.23      6.41      8.40      3.03      8.73      6.25    
0  368  1.39      8.46      7.50      2.09      9.69      9.24    
0  369  1.55      8.07      7.54      2.07      9.91      7.89    
0  370  1.36      8.74      7.02      2.28      7.81      12.1    
0  371  1.74      6.54      5.80      2.67      9.29      12.1    
0  372  1.58      8.91      7.60      2.08      10.3      6.33    
0  373  1.46      7.97      6.11      2.30      8.20      9.90    
0  374  1.29      7.38      5.90      2.30      9.59      15.2    
0  375  1.55      7.29      7.56      2.40      7.93      15.2    
0  376  1.29      7.44      6.06      2.28      9.93      14.2    
0  377  1.67      9.54      6.08      2.35      7.37      15.1    
0  378  1.73      8.74      7.93      2.79      10.4      13.2    
0  379  1.45      8.25      7.16      2.25      9.52      12.2    
0  380  1.62      6.51      6.79      2.64      8.78      6.80    
0  381  1.47      6.53      8.20      2.17      7.39      15.0    
0  382  1.63      6.95      7.50      2.81      7.19      15.4    
0  383  1.69      9.36      5.71      2.60      7.23      3.99    
0  384  1.74      6.56      8.34      2.50      7.59      9.50    
0  385  1.54      7.49      7.14      2.78      7.98      4.45    
0  386  1.33      9.55      7.59      2.67      10.4      14.4    
0  387  1.61      7.42      6.09      2.18      7.86      11.4    
0  388  1.60      7.64      8.24      2.99      7.26      7.81    
0  389  1.52      7.54      6.32      2.47      8.74      10.5    
0  390  1.36      8.55      7.23      2.05      6.62      4.46    
0  391  1.80      7.33      7.81      2.87      9.89      15.0    
0  392  1.33      6.78      7.68      2.38      8.33      7.74    
0  393  1.23      7.70      6.41      2.30      9.30      4.43    
0  394  1.66      8.19      7.21      2.76      7.43      11.4    
0  395  1.44      7.95      6.95      2.98      9.51      8.53    
0  396  1.78      8.87      8.16      2.45      6.56      12.3    
0  397  1.51      7.48      6.66      2.40      6.96      13.1    
0  398  1.80      8.76      5.71      2.94      7.96      11.7    
0  399  1.21      8.61      7.85      2.39      9.38      13.1    
0  400  1.29      8.13      8.26      2.61      7.41      11.2    
0  401  1.48      8.32      7.66      2.93      8.06      14.5    
0  402  1.49      7.66      5.85      2.31      6.43      4.80    
0  403  1.60      7.85      6.88      2.84      8.40      6.50    
0  404  1.39      6.92      8.10      2.72      10.4      5.54    
0  405  1.61      8.72      7.67      2.13      8.22      8.84    
0  406  1.20      8.51      8.09      2.20      8.87      14.2    
0  407  1.65      7.72      5.82      2.57      6.55      14.5    
0  408  1.76      8.18      8.25      2.04      9.57      5.13    
0  409  1.56      9.18      7.25      2.08      10.3      9.09    
0  410  1.27      8.87      7.71      2.64      6.52      6.70    
0  411  1.22      6.68      7.91      2.85      7.45      10.0    
0  412  1.27      8.79      6.33      2.86      9.65      5.24    
0  413  1.50      9.02      8.00      2.10      7.69      14.8    
0  414  1.26      8.38      6.16      2.60      7.57      14.0    
0  415  1.74      7.23      6.97      2.17      9.21      10.4    
0  416  1.26      8.77      8.08      3.02      8.41      8.03    
0  417  1.42      8.23      6.83      2.14      6.83      8.06    
0  418  1.47      7.65      8.10      2.77      9.99      15.2    
0  419  1.75      8.62      6.55      2.82      8.30      9.72    
0  420  1.48      8.94      7.61      2.21      9.48      7.60    
0  421  1.66      8.15      6.16      2.60      9.42      13.6    
0  422  1.39      6.42      8.25      2.53      10.2      14.3    
0  423  1.25      7.84      5.61      2.90      9.79      8.37    
0  424  1.67      6.77      7.08      2.06      9.20      12.5    
0  425  1.39      7.81      6.44      2.74      10.3      13.4    
0  426  1.38      9.52      8.04      3.02      9.55      11.9    
0  427  1.38      7.75      5.80      3.03      10.3      10.8    
0  428  1.32      8.89      6.90      2.98      8.78      14.7    
0  429  1.63      6.70      8.27      2.85      6.51      10.8    
0  430  1.36      7.28      6.94      2.72      10.5      4.25    
0  431  1.33      6.68      7.17      2.30      10.1      5.09    
0  432  1.75      8.32      7.83      2.98      7.60      6.03    
0  433  1.35      7.60      5.85      2.31      6.77      5.29    
0  434  1.27      6.65      6.40      2.80      10.1      8.41    
0  435  1.54      6.80      6.37      2.03      9.03      6.91    
0  436  1.75      8.35      6.88      2.33      9.68      14.8    
0  437  1.38      8.47      6.98      2.38      6.65      10.6    
0  438  1.52      7.34      6.45      2.05      10.3      8.65    
0  439  1.67      9.04      7.02      2.20      9.33      9.92    
0  440  1.36      7.48      7.29      2.34      7.67      4.56    
0  441  1.67      6.44      6.67      2.90      10.1      7.42    
0  442  1.80      6.74      6.49      3.03      7.04      5.02    
0  443  1.80      9.25      6.63      2.89      7.70      4.38    
0  444  1.25      8.60      7.16      2.81      9.43      11.3    
0  445  1.47      8.01      6.93      2.25      9.83      6.11    
0  446  1.58      6.94      6.66      2.39      6.31      13.2    
0  447  1.47      9.47      5.82      2.74      9.73      12.8    
0  448  1.57      6.61      5.75      3.04      6.47      11.6    
0  449  1.62      9.45      6.15      2.48      8.35      8.49    
0  450  1.53      7.13      6.69      2.97      7.17      13.7    
0  451  1.72      9.42      7.20      2.89      7.88      6.71    
0  452  1.56      7.43      7.62      2.47      6.94      7.64    
0  453  1.32      6.71      6.47      2.56      8.94      8.75    
0  454  1.42      7.01      5.85      2.64      7.21      14.9    
0  455  1.41      6.92      6.37      2.66      6.38      7.58    
0  456  1.65      7.76      8.18      2.58      9.13      6.58    
0  457  1.34      8.08      7.82      2.23      6.54      9.17    
0  458  1.50      8.33      6.58      2.80      8.40      6.21    
0  459  1.72      7.98      6.48      2.17      6.99      14.3    
0  460  1.44      8.03      6.05      2.84      8.19      7.37    
0  461  1.70      9.11      7.36      2.60      9.62      9.41    
0  462  1.26      9.17      7.94      3.03      7.05      7.92    
0  463  1.34      7.77      7.99      2.21      10.0      4.73    
0  464  1.65      6.99      6.03      2.54      10.1      5.48    
0  465  1.27      8.33      6.78      2.63      6.85      13.2    
0  466  1.56      6.83      6.81      2.96      7.36      11.2    
0  467  1.41      6.98      5.69      2.85      7.40      5.05    
0  468  1.78      7.21      8.13      2.79      9.32      5.98    
0  469  1.53      7.61      6.92      2.87      6.82      12.1    
0  470  1.70      6.58      7.57      2.16      8.37      14.1    
0  471  1.32      6.57      7.47      2.98      9.80      11.6    
0  472  1.57      6.74      6.62      2.56      8.02      10.4    
0  473  1.69      7.06      7.12      2.33      9.17      10.2    
0  474  1.63      8.66      7.90      2.26      6.61      9.97    
0  475  1.29      7.82      5.68      2.36      10.2      11.9    
0  476  1.45      9.05      7.05      2.35      10.4      4.40    
0  477  1.23      8.97      7.74      2.77      10.3      13.0    
0  478  1.21      7.55      7.26      2.85      7.29      8.85    
0  479  1.46      7.23      7.51      2.55      8.49      12.3    
0  480  1.37      7.12      7.32      3.02      7.17      7.97    
0  481  1.35      8.43      8.06      2.24      8.85      10.1    
0  482  1.59      6.79      7.15      2.05      8.48      9.53    
0  483  1.72      8.85      7.99      3.02      7.22      12.7    
0  484  1.34      8.90      6.86      2.71      7.81      8.21    
0  485  1.39      8.81      5.77      2.49      9.01      12.4    
0  486  1.43      7.87      5.70      2.27      9.80      5.00    
0  487  1.48      9.21      7.95      2.67      6.77      11.8    
0  488  1.55      7.60      6.35      2.66      9.75      13.6    
0  489  1.64      6.64      7.79      2.34      8.61      4.85    
0  490  1.77      7.27      8.06      2.66      8.80      9.44    
0  491  1.32      7.47      8.19      2.59      9.39      10.7    
0  492  1.58      7.30      7.85      2.88      8.83      9.72    
0  493  1.50      7.45      7.01      2.09      9.09      5.17    
0  494  1.25      6.80      6.65      2.16      7.16      6.23    
0  495  1.41      8.44      7.09      3.05      10.3      7.09    
0  496  1.72      8.68      7.78      2.43      8.80      11.1    
0  497  1.72      8.96      8.13      2.64      8.39      5.32    
0  498  1.39      9.37      6.62      2.15      8.18      13.8    
0  499  1.76      8.26      6.91      2.51      9.25      13.8    
0  500  1.38      8.76      6.30      2.83      6.69      9.64    
1Pecos::LHSDriver                                                                                                             
0RANKS OF LATIN HYPERCUBE SAMPLE INPUT VECTORS

 RUN NO.    X(1)      X(2)      X(3)      X(4)      X(5)      X(6)
0    1      142.      143.      359.       97.      139.      484.
0    2      328.      432.       57.      289.      145.      186.
0    3      425.      100.      202.      447.      128.      390.
0    4      173.      121.        3.      125.      443.      419.
0    5      241.      430.      127.      435.       54.       64.
0    6      211.      233.      265.       61.      327.        3.
0    7      311.      269.      491.      319.      312.      498.
0    8      475.      264.       56.      325.      299.      400.
0    9       94.      453.      411.      305.      368.      391.
0   10      200.      155.      436.      152.      349.      377.
0   11      260.      448.      200.      428.      113.       34.
0   12      297.      496.      312.      115.       74.      223.
0   13      127.      341.      483.      390.      182.       79.
0   14      237.      438.      262.       47.       94.      500.
0   15      122.       70.       26.      328.      452.      164.
0   16      278.      133.      289.      170.      120.      107.
0   17       52.      185.      185.      379.      426.      304.
0   18      390.       59.      402.      482.      321.      364.
0   19      287.      123.      338.      285.      394.      268.
0   20      277.      206.      396.       42.      189.      238.
0   21      216.      257.      219.      254.      488.      497.
0   22      186.      428.      323.        6.      341.      236.
0   23       68.      266.       17.      283.      465.      279.
0   24       53.        8.       25.      333.      204.      478.
0   25      115.       25.       84.       13.      190.      308.
0   26       14.      151.      115.      483.      213.       43.
0   27      402.      349.       95.       54.      258.      408.
0   28      418.      342.      446.      288.       83.      421.
0   29      471.      395.      317.      174.       50.      159.
0   30      309.      404.      442.      213.      376.      299.
0   31       12.      423.       59.      461.      316.      393.
0   32       23.      270.      201.      389.      221.      352.
0   33      201.      177.      166.       43.      280.      469.
0   34      428.       80.      363.       46.      332.       14.
0   35      170.      478.      303.      121.       59.      403.
0   36      212.       78.      433.       57.      284.       18.
0   37      258.      122.      344.      500.      170.      495.
0   38      213.      325.      428.      217.      137.      203.
0   39      453.      443.      354.      293.      396.       63.
0   40      481.      450.      215.      250.      418.      407.
0   41      478.      338.      480.      227.      143.      416.
0   42      261.      102.      187.      317.      283.      214.
0   43      434.       13.      496.      268.      439.      265.
0   44      103.      128.       50.       41.      235.      115.
0   45       48.      468.      391.      205.      122.      472.
0   46      259.      328.       11.      353.      335.      371.
0   47      452.      372.      313.      456.      171.       32.
0   48      106.      312.      209.      175.      456.      150.
0   49      496.       11.      170.       20.      374.      218.
0   50      430.        6.      372.      366.      353.      436.
0   51       18.       32.      444.      410.       67.       35.
0   52      131.       24.      286.      267.      106.       60.
0   53      467.        1.      222.      136.      217.      486.
0   54      285.      344.      422.      342.      358.       57.
0   55      171.      304.      404.      296.      481.      249.
0   56      433.      333.       61.      168.       64.      470.
0   57      271.      178.      459.      195.      251.      329.
0   58      479.      242.       90.      208.      294.       13.
0   59      250.      359.      358.      126.      487.      389.
0   60        9.       57.      381.       70.      236.      119.
0   61      145.      112.      486.      388.      500.       20.
0   62      245.      356.       97.      453.       10.      213.
0   63       43.       31.       65.      276.      322.       90.
0   64      480.      172.      116.      182.       97.      108.
0   65      243.      316.       52.      166.       33.       15.
0   66      327.      335.      168.      122.      305.      211.
0   67      356.      494.      494.      340.      352.      190.
0   68       31.      142.       72.      478.      269.      459.
0   69      146.      268.       22.      334.      124.       98.
0   70      255.      232.      211.      384.      371.      415.
0   71       89.      252.      351.      359.      237.      440.
0   72      427.      103.      283.       49.       77.      118.
0   73      219.      298.      111.       98.      486.      350.
0   74      484.      431.      335.      245.       72.      224.
0   75      494.      361.       51.      321.       53.      278.
0   76      256.      308.      163.      412.      391.       46.
0   77        5.      482.      327.      203.       48.      300.
0   78      138.      116.      497.      140.       51.      172.
0   79      139.      238.      492.      451.      388.      173.
0   80      183.      275.      162.      149.      286.      130.
0   81      166.        9.      421.      346.      222.      466.
0   82       66.      239.      362.      224.      467.      370.
0   83       38.      451.      458.      301.      121.      147.
0   84      192.      385.       38.      332.      315.      372.
0   85      187.      429.       94.      114.      288.      409.
0   86      318.       94.      451.       50.      274.      374.
0   87      136.      282.      455.      220.      458.      228.
0   88      257.       89.      179.      387.      228.       27.
0   89      448.      136.      107.      101.       88.      462.
0   90      112.      460.      195.       63.      160.      239.
0   91      298.       10.        6.      186.      202.       17.
0   92      371.      251.      333.      436.      344.      366.
0   93      319.      296.      432.      201.      268.      232.
0   94      224.       67.      337.      392.      495.      256.
0   95       63.       90.      141.      239.      116.      152.
0   96      189.      403.      172.      103.        7.      446.
0   97      109.      314.      304.      191.        2.       36.
0   98      454.      105.      143.      211.      343.      310.
0   99      242.      405.       33.      230.       80.        8.
0  100       56.      120.      296.       82.      212.      168.
0  101      445.      101.      198.      416.      496.      176.
0  102      116.      469.      318.      192.      123.       92.
0  103      439.      216.       86.       17.      460.       84.
0  104      359.      449.      456.      291.      434.      199.
0  105      401.      466.      464.      391.      161.      209.
0  106      410.      459.      488.      189.      407.      354.
0  107       70.      332.      204.      160.      406.      221.
0  108       73.      425.      481.      155.      270.      280.
0  109      312.       79.      175.      113.      402.       39.
0  110      358.      415.       62.      151.      424.      294.
0  111      118.       15.       96.       11.       90.      307.
0  112      121.      108.      164.       72.       70.      443.
0  113      426.      228.      285.      463.      463.       26.
0  114      314.       83.      374.      430.      490.      392.
0  115      403.      132.       67.      399.      413.      296.
0  116      367.      111.      159.      434.      193.      255.
0  117       19.      420.      135.      248.      261.      217.
0  118      246.       14.      258.      358.       47.      275.
0  119       57.      318.      454.      275.       86.      311.
0  120      408.      364.      270.      253.       99.       85.
0  121      363.      368.      114.      156.      197.       88.
0  122      209.      343.        7.      472.      183.      246.
0  123      457.      256.      261.      158.      273.       80.
0  124      293.      129.      109.      420.      466.      449.
0  125       36.      258.       78.       39.      278.      205.
0  126       95.      220.      489.       25.      255.      126.
0  127      400.      337.        1.      241.      354.      376.
0  128      194.      295.       70.      450.      412.      326.
0  129      385.       98.      132.      329.        8.      267.
0  130      405.      481.      125.      183.       34.      306.
0  131      143.      376.       41.      252.      437.       10.
0  132      195.      486.      167.      437.      146.      257.
0  133      325.       55.      267.      226.      276.      480.
0  134      234.      475.      379.      105.      446.      456.
0  135      326.      310.      467.      141.      355.      477.
0  136      282.       48.       60.      367.       41.      234.
0  137      460.       52.      161.      303.      470.      252.
0  138      489.       34.      269.       75.      135.      169.
0  139      368.      498.      387.      425.      156.      276.
0  140      386.      156.      122.       22.      350.      132.
0  141      465.      358.      408.      418.      163.      338.
0  142      290.      306.      434.      240.      203.      431.
0  143      345.       91.      364.      262.       46.      227.
0  144      124.       51.      249.      187.       58.       38.
0  145       87.      152.      216.       36.      414.      155.
0  146       69.       73.      438.      454.      232.      319.
0  147      165.      409.      383.      465.      264.       70.
0  148      461.      248.      398.      185.      313.       47.
0  149      123.      418.      218.      263.      181.      193.
0  150      161.      203.      108.       81.      158.      380.
0  151      270.      234.      389.      480.      339.      145.
0  152      404.       71.      300.       35.      152.       77.
0  153      441.      315.       43.      232.      149.      332.
0  154      366.      331.      290.       83.      292.      251.
0  155      455.      109.      348.      139.      216.      219.
0  156      316.      360.       24.      150.      308.      208.
0  157      332.       56.      495.      471.      363.      194.
0  158      364.      199.      493.      322.      173.      116.
0  159      344.      500.      476.      294.      253.      430.
0  160        6.      162.      355.       40.      300.      162.
0  161      225.      244.      325.      336.      168.      465.
0  162      265.      218.      425.       60.      435.      411.
0  163      362.      212.      139.      162.      196.        9.
0  164      392.      284.       89.      188.      444.      112.
0  165      474.       87.      147.      315.      364.      302.
0  166      150.      289.      282.      165.       93.      135.
0  167      203.      470.      234.      439.      240.      100.
0  168      374.      382.      409.       45.       75.      109.
0  169      177.      421.      414.      385.      400.       75.
0  170      333.      191.      412.      337.       40.      384.
0  171      280.      454.      146.      264.      131.       99.
0  172      451.      249.      430.      476.      112.      318.
0  173      284.       29.      470.      312.      157.      346.
0  174      389.       65.      485.      128.      227.       89.
0  175      226.      157.      366.      394.      386.      349.
0  176      462.      134.       63.       92.      320.      113.
0  177      446.      326.      181.       74.      419.      388.
0  178       16.      267.      244.       16.      107.      422.
0  179       88.      230.      407.      407.      101.      312.
0  180      370.      462.      131.      361.      245.      196.
0  181      336.      174.      224.      330.      272.      336.
0  182      469.      472.      376.      198.      271.      381.
0  183      337.      348.      329.      169.      215.      441.
0  184      288.       76.      104.      344.      263.      222.
0  185      397.      435.       14.       37.      291.      476.
0  186      376.      210.      311.       78.      438.      420.
0  187       26.      340.       29.      438.      154.      474.
0  188      299.       50.      254.      148.      492.       45.
0  189      215.      110.       49.      271.       35.      387.
0  190      202.       99.       76.      423.      381.       44.
0  191       47.      229.      291.      277.      100.      247.
0  192      294.      186.      157.      355.      393.      490.
0  193      343.      452.      307.       96.      334.      204.
0  194      490.       72.      345.       65.      125.      166.
0  195      120.        5.      231.       38.      454.      410.
0  196      113.      492.       21.      244.      450.      324.
0  197      179.      457.       80.      426.       96.      272.
0  198      378.      417.      299.      117.      380.      445.
0  199      182.      334.      136.      496.      326.       95.
0  200      249.      321.      120.       93.      230.       41.
0  201       91.       18.      124.      229.      150.      395.
0  202      487.      396.      293.      219.       28.      133.
0  203      169.      272.      305.        5.      385.       81.
0  204      178.      394.      450.       58.      293.      183.
0  205       75.      276.        5.      408.      195.      191.
0  206       42.      489.      349.      377.       73.      468.
0  207       80.      119.      460.       95.        6.      425.
0  208       21.      149.      243.      432.      224.       83.
0  209      210.      381.       71.      457.      375.      325.
0  210      101.      397.      193.       26.      208.      201.
0  211      168.      205.      365.      443.      144.      148.
0  212      180.      278.      320.       76.       95.      292.
0  213      323.      167.      205.      197.      133.       30.
0  214      375.      124.      321.      475.      348.       19.
0  215       55.      200.      263.      324.      192.      479.
0  216       17.      445.      347.      108.      408.        2.
0  217      466.      412.       69.      304.      346.      458.
0  218      134.       12.      155.      345.      329.      149.
0  219      347.      406.       48.      372.      367.      142.
0  220      456.       85.       10.      318.      285.      460.
0  221       86.      294.      377.      145.      301.      295.
0  222      267.       36.      295.      320.      109.      229.
0  223      231.      180.       64.       34.      425.      342.
0  224      380.      437.      375.      469.      462.      375.
0  225       46.      329.      251.      403.      362.       11.
0  226       27.      447.       54.       99.      243.       76.
0  227      196.      273.       99.      222.      397.      134.
0  228       97.      427.      194.      167.      340.      412.
0  229      191.      182.      498.      246.      241.      129.
0  230      153.      192.      341.        7.      483.      285.
0  231      159.      209.       68.      202.       85.      467.
0  232      185.      288.      306.      370.       92.       68.
0  233      205.      196.       58.       18.       60.      450.
0  234      254.      217.      384.      479.      401.      210.
0  235      315.      148.       34.      455.      287.      396.
0  236      477.      106.      369.      460.      201.       82.
0  237       83.       61.      415.      228.       44.      136.
0  238      420.      467.      191.        1.      210.       97.
0  239      339.      283.      343.      214.      231.       53.
0  240      340.      307.      268.      177.      448.      138.
0  241      351.      311.      276.      281.      191.      291.
0  242      240.      225.      439.      493.      377.      432.
0  243       29.       19.      274.       52.      140.      189.
0  244      128.      197.      207.      444.       32.      154.
0  245      398.      323.      206.      308.      175.       71.
0  246      416.      118.      482.      257.        5.      315.
0  247      415.      456.      393.      481.      476.      418.
0  248        1.      299.      236.      207.       79.      334.
0  249       41.      144.      272.      261.      324.      260.
0  250       37.      479.      142.      309.      184.      128.
0  251      382.       35.      186.      440.      147.      488.
0  252      274.      291.       37.      327.      178.       31.
0  253      304.      408.      121.      143.      214.      369.
0  254       81.      222.      367.        4.       61.      321.
0  255      472.      327.      284.      368.      484.      237.
0  256       90.      297.        8.      235.       98.      165.
0  257      130.      471.      466.      356.      422.      317.
0  258      253.      487.       28.      111.      494.      363.
0  259      377.      455.      418.      142.      398.        7.
0  260      432.      354.      227.      172.       37.       67.
0  261      181.      240.       85.       91.      480.      120.
0  262       93.      126.       73.      381.      200.      435.
0  263      239.      410.       23.      292.       23.      231.
0  264      476.      107.      259.      350.      378.      337.
0  265      342.      320.      119.      424.      390.      385.
0  266       35.       22.      178.      371.      218.      437.
0  267      381.      351.        9.      176.      238.      314.
0  268      162.      365.      278.       71.      256.      496.
0  269       34.      208.      416.      164.       17.      426.
0  270       32.      388.      424.       55.       84.      271.
0  271      144.      389.       66.      106.      442.      434.
0  272      429.      176.       32.      118.       19.      382.
0  273       30.      293.       13.      433.      169.      417.
0  274      329.      458.      385.      237.      461.      355.
0  275      204.      497.      180.      286.      498.      353.
0  276      263.      419.      353.       79.      174.      289.
0  277      493.      236.      309.      212.      307.      361.
0  278      223.      416.      140.       28.      331.      428.
0  279      384.      153.       74.      362.      421.       12.
0  280        7.      139.      203.      415.      172.       65.
0  281       98.      484.      463.      331.       12.      158.
0  282       85.      259.      113.      445.      281.      305.
0  283      276.      391.       79.      243.       68.      263.
0  284      360.      201.      499.       23.      206.      290.
0  285      421.      245.      477.      360.      359.      105.
0  286      264.       39.      370.        3.      262.      309.
0  287        3.        3.      316.      349.      234.      140.
0  288      413.       38.      214.      448.      309.      439.
0  289       33.       75.       83.      352.      219.       51.
0  290      352.      277.      148.      180.       52.      277.
0  291      335.      355.      177.      251.      138.      259.
0  292      279.      362.      328.      258.      423.      146.
0  293      468.      219.      386.       29.      282.      243.
0  294      126.      380.      479.       31.      267.       78.
0  295       82.       16.      220.      326.      336.      454.
0  296      238.      483.      133.      494.      207.        1.
0  297      488.      444.      301.       85.       91.      110.
0  298      199.      374.      257.       66.       25.      179.
0  299      214.       97.      394.      209.      233.      111.
0  300      172.      439.      106.      442.      277.      121.
0  301      313.      442.      103.      107.       15.       28.
0  302       84.       20.      238.      129.      159.       74.
0  303      409.      202.      169.      411.      311.      274.
0  304      295.      183.      128.      395.       13.      141.
0  305      110.      407.      123.      406.      177.      331.
0  306       78.      436.      273.       48.      211.      379.
0  307       71.      175.      332.      194.      220.      442.
0  308      310.       95.      152.       77.      142.      157.
0  309       76.      350.      336.      376.      471.      345.
0  310      266.      313.      154.       14.      185.      464.
0  311      411.      379.      322.      373.      317.      137.
0  312      417.      135.      468.      255.       49.      397.
0  313      482.       30.      150.      236.      384.      451.
0  314      365.       69.      226.      306.      265.       87.
0  315       20.      113.      197.      343.      176.        5.
0  316      221.      490.      105.      200.      187.      104.
0  317      141.      280.      400.      323.      436.      187.
0  318       24.      237.      228.       94.      405.      235.
0  319      151.      164.      388.      102.      141.      125.
0  320      220.      193.      112.      364.      167.      362.
0  321      388.      125.      110.      354.      318.      184.
0  322      334.      286.      210.      290.      441.      398.
0  323      444.      384.      406.      287.       71.      303.
0  324       49.       77.      487.      339.      429.      281.
0  325      395.      235.      405.      419.       81.      351.
0  326       92.      285.      102.      452.       57.      198.
0  327      296.      187.      297.      348.        3.      344.
0  328      208.      485.      484.      295.      330.      220.
0  329      424.      173.      174.      234.       22.      178.
0  330      406.      400.      256.      163.      410.       58.
0  331      495.      373.       42.      449.      266.      482.
0  332      193.       88.      241.      266.      247.       66.
0  333      422.      254.      449.      130.      427.      225.
0  334      235.       46.      331.      459.      254.      192.
0  335      251.      160.       12.       44.      337.      143.
0  336      491.      166.      208.      274.      497.      288.
0  337       10.      214.      324.      231.       18.      453.
0  338       96.      150.      315.      120.      115.       86.
0  339      492.      265.       92.      272.       16.       55.
0  340      443.       74.       75.      270.      430.      124.
0  341      324.      495.      319.      144.      148.      283.
0  342      167.      184.      173.      190.      279.      185.
0  343      348.      117.       30.      497.        4.      487.
0  344       58.      352.      472.      210.      119.      378.
0  345      486.      158.      380.      431.       43.        6.
0  346      232.      339.      245.      397.      459.      144.
0  347      306.      250.      437.      204.       39.      182.
0  348       99.      260.      310.      242.      370.      360.
0  349      338.      461.       53.      216.      469.      258.
0  350      164.      241.      117.      127.      257.      339.
0  351       67.       66.      165.      116.      453.       33.
0  352      273.      499.      199.      487.       66.      171.
0  353      399.      224.      431.      474.      117.       94.
0  354       65.       42.      423.      400.       11.      340.
0  355      286.      441.      326.      477.      449.      286.
0  356      349.       43.       47.      221.      433.      322.
0  357      350.      464.      223.      132.       30.      206.
0  358        2.      426.      149.      498.      482.      269.
0  359      154.      476.       93.       53.      164.       73.
0  360       64.      146.        4.       80.      303.      330.
0  361      442.      262.      232.       88.      319.      248.
0  362      303.      378.      248.      473.       21.      156.
0  363       40.      399.      250.       89.      365.      241.
0  364        8.      474.      469.      193.      310.      414.
0  365      423.      422.      330.       21.       69.      492.
0  366      307.       41.      118.      196.      328.      402.
0  367       22.        2.      500.      491.      289.      103.
0  368      157.      322.      339.       30.      404.      233.
0  369      289.      261.      346.       19.      431.      174.
0  370      137.      366.      255.      123.      179.      358.
0  371      450.       23.       36.      316.      356.      357.
0  372      321.      393.      357.       27.      474.      106.
0  373      217.      246.       91.      135.      226.      261.
0  374       77.      154.       55.      133.      392.      493.
0  375      291.      140.      350.      184.      194.      491.
0  376       74.      163.       82.      124.      432.      447.
0  377      396.      491.       87.      157.      127.      489.
0  378      440.      367.      417.      375.      489.      406.
0  379      207.      290.      279.      109.      383.      359.
0  380      354.       17.      213.      298.      295.      127.
0  381      228.       21.      465.       68.      129.      483.
0  382      357.       86.      340.      382.      105.      499.
0  383      412.      463.       20.      279.      111.        4.
0  384      447.       26.      490.      233.      153.      244.
0  385      283.      171.      275.      369.      199.       24.
0  386      108.      493.      356.      313.      485.      457.
0  387      341.      159.       88.       73.      186.      327.
0  388      331.      194.      471.      470.      114.      170.
0  389      269.      179.      129.      215.      290.      287.
0  390      135.      336.      292.        9.       38.       25.
0  391      497.      145.      395.      413.      428.      485.
0  392      107.       60.      373.      171.      242.      167.
0  393       28.      204.      145.      134.      357.       23.
0  394      383.      281.      288.      357.      134.      328.
0  395      197.      243.      242.      464.      382.      202.
0  396      483.      387.      457.      206.       31.      365.
0  397      262.      169.      189.      181.       78.      399.
0  398      498.      370.       19.      446.      198.      341.
0  399       11.      346.      401.      178.      366.      401.
0  400       79.      271.      475.      284.      132.      320.
0  401      236.      301.      368.      441.      209.      463.
0  402      244.      198.       46.      138.       14.       40.
0  403      330.      227.      230.      396.      249.      114.
0  404      156.       81.      448.      341.      491.       72.
0  405      346.      363.      371.       51.      229.      215.
0  406        4.      330.      445.       84.      306.      448.
0  407      379.      207.       40.      265.       29.      461.
0  408      464.      279.      474.        8.      389.       54.
0  409      301.      434.      294.       24.      477.      226.
0  410       59.      386.      378.      302.       26.      122.
0  411       15.       44.      413.      404.      136.      266.
0  412       62.      375.      130.      409.      399.       59.
0  413      247.      411.      429.       33.      165.      473.
0  414       51.      309.      101.      280.      151.      438.
0  415      449.      130.      246.       67.      347.      284.
0  416       54.      371.      443.      486.      252.      180.
0  417      188.      287.      221.       56.       63.      181.
0  418      222.      195.      447.      365.      440.      494.
0  419      458.      347.      171.      386.      239.      253.
0  420      233.      398.      360.       90.      379.      161.
0  421      387.      274.      100.      278.      372.      423.
0  422      163.        4.      473.      247.      468.      455.
0  423       45.      226.        2.      427.      415.      195.
0  424      393.       58.      264.       15.      345.      373.
0  425      155.      221.      151.      351.      473.      413.
0  426      147.      488.      435.      488.      387.      347.
0  427      152.      211.       35.      489.      478.      301.
0  428      100.      390.      233.      467.      296.      471.
0  429      355.       47.      478.      401.       24.      298.
0  430      133.      138.      240.      338.      499.       16.
0  431      111.       45.      281.      131.      457.       52.
0  432      463.      300.      399.      468.      155.       93.
0  433      129.      188.       44.      137.       56.       61.
0  434       61.       40.      144.      378.      447.      197.
0  435      281.       63.      138.        2.      325.      131.
0  436      459.      305.      229.      146.      403.      475.
0  437      149.      324.      247.      173.       42.      293.
0  438      268.      147.      153.       12.      475.      207.
0  439      394.      413.      253.       86.      361.      262.
0  440      132.      170.      302.      154.      162.       29.
0  441      391.        7.      192.      429.      451.      153.
0  442      500.       53.      160.      492.       87.       49.
0  443      499.      446.      184.      422.      166.       21.
0  444       44.      345.      280.      383.      373.      323.
0  445      229.      253.      239.      110.      420.       96.
0  446      320.       84.      190.      179.        1.      404.
0  447      227.      480.       39.      347.      409.      386.
0  448      308.       33.       27.      495.       20.      335.
0  449      353.      477.       98.      223.      244.      200.
0  450      275.      115.      196.      462.      103.      427.
0  451      438.      473.      287.      421.      188.      123.
0  452      302.      161.      361.      218.       76.      163.
0  453      104.       49.      156.      260.      314.      212.
0  454      184.       96.       45.      299.      108.      481.
0  455      174.       82.      137.      311.        9.      160.
0  456      372.      213.      461.      269.      338.      117.
0  457      117.      263.      397.      100.       27.      230.
0  458      248.      303.      176.      380.      250.      101.
0  459      431.      247.      158.       69.       82.      452.
0  460      198.      255.       81.      398.      225.      151.
0  461      419.      424.      314.      282.      395.      240.
0  462       50.      433.      419.      490.       89.      175.
0  463      114.      215.      427.       87.      445.       37.
0  464      373.       93.       77.      249.      455.       69.
0  465       60.      302.      212.      297.       65.      405.
0  466      300.       68.      217.      458.      126.      316.
0  467      176.       92.       16.      405.      130.       50.
0  468      485.      127.      453.      374.      360.       91.
0  469      272.      190.      237.      414.       62.      356.
0  470      414.       28.      352.       64.      246.      444.
0  471      102.       27.      334.      466.      417.      333.
0  472      305.       54.      183.      259.      205.      282.
0  473      407.      104.      271.      147.      342.      273.
0  474      361.      353.      410.      112.       36.      264.
0  475       72.      223.       15.      161.      464.      348.
0  476      206.      414.      260.      159.      493.       22.
0  477       25.      402.      382.      363.      472.      394.
0  478       13.      181.      298.      402.      118.      216.
0  479      218.      131.      342.      256.      260.      367.
0  480      140.      114.      308.      484.      104.      177.
0  481      125.      317.      441.      104.      304.      270.
0  482      322.       62.      277.       10.      259.      245.
0  483      436.      383.      426.      485.      110.      383.
0  484      119.      392.      225.      335.      180.      188.
0  485      160.      377.       31.      225.      323.      368.
0  486      190.      231.       18.      119.      416.       48.
0  487      230.      440.      420.      314.       55.      343.
0  488      292.      189.      134.      310.      411.      424.
0  489      369.       37.      392.      153.      275.       42.
0  490      473.      137.      440.      307.      297.      242.
0  491      105.      168.      462.      273.      369.      297.
0  492      317.      141.      403.      417.      302.      254.
0  493      252.      165.      252.       32.      333.       56.
0  494       39.       64.      188.       62.      102.      102.
0  495      175.      319.      266.      499.      479.      139.
0  496      435.      357.      390.      199.      298.      313.
0  497      437.      401.      452.      300.      248.       62.
0  498      158.      465.      182.       59.      223.      429.
0  499      470.      292.      235.      238.      351.      433.
0  500      148.      369.      126.      393.       45.      250.
1   Pecos::LHSDriver                                                                                                             
0  HISTOGRAM FOR VARIABLE NO.  1     UNIFORM DISTRIBUTION

     Midpoint          Freq.

   1.2150000E+00        25    XXXXXXXXXXXXXXXXXXXXXXXXX
   1.2450000E+00        25    XXXXXXXXXXXXXXXXXXXXXXXXX
   1.2750000E+00        25    XXXXXXXXXXXXXXXXXXXXXXXXX
   1.3050000E+00        25    XXXXXXXXXXXXXXXXXXXXXXXXX
   1.3350000E+00        25    XXXXXXXXXXXXXXXXXXXXXXXXX
   1.3650000E+00        25    XXXXXXXXXXXXXXXXXXXXXXXXX
   1.3950000E+00        25    XXXXXXXXXXXXXXXXXXXXXXXXX
   1.4250000E+00        25    XXXXXXXXXXXXXXXXXXXXXXXXX
   1.4550000E+00        25    XXXXXXXXXXXXXXXXXXXXXXXXX
   1.4850000E+00        25    XXXXXXXXXXXXXXXXXXXXXXXXX
   1.5150000E+00        25    XXXXXXXXXXXXXXXXXXXXXXXXX
   1.5450000E+00        25    XXXXXXXXXXXXXXXXXXXXXXXXX
   1.5750000E+00        25    XXXXXXXXXXXXXXXXXXXXXXXXX
   1.6050000E+00        25    XXXXXXXXXXXXXXXXXXXXXXXXX
   1.6350000E+00        25    XXXXXXXXXXXXXXXXXXXXXXXXX
   1.6650000E+00        25    XXXXXXXXXXXXXXXXXXXXXXXXX
   1.6950000E+00        25    XXXXXXXXXXXXXXXXXXXXXXXXX
   1.7250000E+00        25    XXXXXXXXXXXXXXXXXXXXXXXXX
   1.7550000E+00        25    XXXXXXXXXXXXXXXXXXXXXXXXX
   1.7850000E+00        25    XXXXXXXXXXXXXXXXXXXXXXXXX
0                      500


      Min            Max           Range           Mean          Median        Variance

   1.2002955E+00  1.7996541E+00  5.9935862E-01  1.4999904E+00  1.4997089E+00  2.9991724E-02

1   Pecos::LHSDriver                                                                                                             
0  HISTOGRAM FOR VARIABLE NO.  2     UNIFORM DISTRIBUTION

     Midpoint          Freq.

   6.4799999E+00        25    XXXXXXXXXXXXXXXXXXXXXXXXX
   6.6399999E+00        25    XXXXXXXXXXXXXXXXXXXXXXXXX
   6.7999998E+00        25    XXXXXXXXXXXXXXXXXXXXXXXXX
   6.9599998E+00        25    XXXXXXXXXXXXXXXXXXXXXXXXX
   7.1199998E+00        25    XXXXXXXXXXXXXXXXXXXXXXXXX
   7.2799998E+00        25    XXXXXXXXXXXXXXXXXXXXXXXXX
   7.4399998E+00        25    XXXXXXXXXXXXXXXXXXXXXXXXX
   7.5999998E+00        25    XXXXXXXXXXXXXXXXXXXXXXXXX
   7.7599998E+00        25    XXXXXXXXXXXXXXXXXXXXXXXXX
   7.9199998E+00        25    XXXXXXXXXXXXXXXXXXXXXXXXX
   8.0799998E+00        25    XXXXXXXXXXXXXXXXXXXXXXXXX
   8.2399998E+00        25    XXXXXXXXXXXXXXXXXXXXXXXXX
   8.3999998E+00        25    XXXXXXXXXXXXXXXXXXXXXXXXX
   8.5599998E+00        25    XXXXXXXXXXXXXXXXXXXXXXXXX
   8.7199998E+00        25    XXXXXXXXXXXXXXXXXXXXXXXXX
   8.8799998E+00        25    XXXXXXXXXXXXXXXXXXXXXXXXX
   9.0399998E+00        25    XXXXXXXXXXXXXXXXXXXXXXXXX
   9.1999998E+00        25    XXXXXXXXXXXXXXXXXXXXXXXXX
   9.3599998E+00        25    XXXXXXXXXXXXXXXXXXXXXXXXX
   9.5199998E+00        25    XXXXXXXXXXXXXXXXXXXXXXXXX
0                      500


      Min            Max           Range           Mean          Median        Variance

   6.4029512E+00  9.5992468E+00  3.1962957E+00  7.9999693E+00  7.9988266E+00  8.5327301E-01

1   Pecos::LHSDriver                                                                                                             
0  HISTOGRAM FOR VARIABLE NO.  3     UNIFORM DISTRIBUTION

     Midpoint          Freq.

   5.6699999E+00        25    XXXXXXXXXXXXXXXXXXXXXXXXX
   5.8099999E+00        25    XXXXXXXXXXXXXXXXXXXXXXXXX
   5.9499999E+00        25    XXXXXXXXXXXXXXXXXXXXXXXXX
   6.0899999E+00        25    XXXXXXXXXXXXXXXXXXXXXXXXX
   6.2299999E+00        25    XXXXXXXXXXXXXXXXXXXXXXXXX
   6.3699999E+00        25    XXXXXXXXXXXXXXXXXXXXXXXXX
   6.5099999E+00        25    XXXXXXXXXXXXXXXXXXXXXXXXX
   6.6499999E+00        25    XXXXXXXXXXXXXXXXXXXXXXXXX
   6.7899998E+00        25    XXXXXXXXXXXXXXXXXXXXXXXXX
   6.9299998E+00        25    XXXXXXXXXXXXXXXXXXXXXXXXX
   7.0699998E+00        25    XXXXXXXXXXXXXXXXXXXXXXXXX
   7.2099998E+00        25    XXXXXXXXXXXXXXXXXXXXXXXXX
   7.3499998E+00        25    XXXXXXXXXXXXXXXXXXXXXXXXX
   7.4899998E+00        25    XXXXXXXXXXXXXXXXXXXXXXXXX
   7.6299998E+00        25    XXXXXXXXXXXXXXXXXXXXXXXXX
   7.7699998E+00        25    XXXXXXXXXXXXXXXXXXXXXXXXX
   7.9099998E+00        25    XXXXXXXXXXXXXXXXXXXXXXXXX
   8.0499998E+00        25    XXXXXXXXXXXXXXXXXXXXXXXXX
   8.1899998E+00        25    XXXXXXXXXXXXXXXXXXXXXXXXX
   8.3299998E+00        25    XXXXXXXXXXXXXXXXXXXXXXXXX
0                      500


      Min            Max           Range           Mean          Median        Variance

   5.6001076E+00  8.3952965E+00  2.7951890E+00  6.9999957E+00  7.0000785E+00  6.5319522E-01

1   Pecos::LHSDriver                                                                                                             
0  HISTOGRAM FOR VARIABLE NO.  4     UNIFORM DISTRIBUTION

     Midpoint          Freq.

   2.0145000E+00         5    XXXXX
   2.0655000E+00        25    XXXXXXXXXXXXXXXXXXXXXXXXX
   2.1165000E+00        25    XXXXXXXXXXXXXXXXXXXXXXXXX
   2.1675000E+00        25    XXXXXXXXXXXXXXXXXXXXXXXXX
   2.2185000E+00        25    XXXXXXXXXXXXXXXXXXXXXXXXX
   2.2694999E+00        25    XXXXXXXXXXXXXXXXXXXXXXXXX
   2.3204999E+00        25    XXXXXXXXXXXXXXXXXXXXXXXXX
   2.3714999E+00        25    XXXXXXXXXXXXXXXXXXXXXXXXX
   2.4224999E+00        25    XXXXXXXXXXXXXXXXXXXXXXXXX
   2.4734999E+00        25    XXXXXXXXXXXXXXXXXXXXXXXXX
   2.5244999E+00        24    XXXXXXXXXXXXXXXXXXXXXXXX
   2.5754999E+00        26    XXXXXXXXXXXXXXXXXXXXXXXXXX
   2.6264999E+00        25    XXXXXXXXXXXXXXXXXXXXXXXXX
   2.6774999E+00        25    XXXXXXXXXXXXXXXXXXXXXXXXX
   2.7284999E+00        25    XXXXXXXXXXXXXXXXXXXXXXXXX
   2.7794999E+00        25    XXXXXXXXXXXXXXXXXXXXXXXXX
   2.8304999E+00        25    XXXXXXXXXXXXXXXXXXXXXXXXX
   2.8814999E+00        25    XXXXXXXXXXXXXXXXXXXXXXXXX
   2.9324999E+00        25    XXXXXXXXXXXXXXXXXXXXXXXXX
   2.9834999E+00        25    XXXXXXXXXXXXXXXXXXXXXXXXX
   3.0344999E+00        20    XXXXXXXXXXXXXXXXXXXX
0                      500


      Min            Max           Range           Mean          Median        Variance

   2.0315057E+00  3.0490261E+00  1.0175205E+00  2.5399473E+00  2.5393650E+00  8.6706285E-02

1   Pecos::LHSDriver                                                                                                             
0  HISTOGRAM FOR VARIABLE NO.  5     UNIFORM DISTRIBUTION

     Midpoint          Freq.

   6.4049999E+00        24    XXXXXXXXXXXXXXXXXXXXXXXX
   6.6149999E+00        25    XXXXXXXXXXXXXXXXXXXXXXXXX
   6.8249998E+00        25    XXXXXXXXXXXXXXXXXXXXXXXXX
   7.0349998E+00        25    XXXXXXXXXXXXXXXXXXXXXXXXX
   7.2449998E+00        26    XXXXXXXXXXXXXXXXXXXXXXXXXX
   7.4549998E+00        25    XXXXXXXXXXXXXXXXXXXXXXXXX
   7.6649998E+00        24    XXXXXXXXXXXXXXXXXXXXXXXX
   7.8749998E+00        25    XXXXXXXXXXXXXXXXXXXXXXXXX
   8.0849998E+00        26    XXXXXXXXXXXXXXXXXXXXXXXXXX
   8.2949998E+00        24    XXXXXXXXXXXXXXXXXXXXXXXX
   8.5049998E+00        25    XXXXXXXXXXXXXXXXXXXXXXXXX
   8.7149998E+00        26    XXXXXXXXXXXXXXXXXXXXXXXXXX
   8.9249998E+00        24    XXXXXXXXXXXXXXXXXXXXXXXX
   9.1349998E+00        25    XXXXXXXXXXXXXXXXXXXXXXXXX
   9.3449998E+00        26    XXXXXXXXXXXXXXXXXXXXXXXXXX
   9.5549998E+00        25    XXXXXXXXXXXXXXXXXXXXXXXXX
   9.7649998E+00        25    XXXXXXXXXXXXXXXXXXXXXXXXX
   9.9749998E+00        25    XXXXXXXXXXXXXXXXXXXXXXXXX
   1.0185000E+01        25    XXXXXXXXXXXXXXXXXXXXXXXXX
   1.0395000E+01        25    XXXXXXXXXXXXXXXXXXXXXXXXX
0                      500


      Min            Max           Range           Mean          Median        Variance

   6.3111967E+00  1.0498339E+01  4.1871427E+00  8.4051820E+00  8.4057214E+00  1.4631906E+00

1   Pecos::LHSDriver                                                                                                             
0  HISTOGRAM FOR VARIABLE NO.  6     UNIFORM DISTRIBUTION

     Midpoint          Freq.

   3.7049999E+00         4    XXXX
   4.2749999E+00        25    XXXXXXXXXXXXXXXXXXXXXXXXX
   4.8449999E+00        24    XXXXXXXXXXXXXXXXXXXXXXXX
   5.4149999E+00        25    XXXXXXXXXXXXXXXXXXXXXXXXX
   5.9849999E+00        25    XXXXXXXXXXXXXXXXXXXXXXXXX
   6.5549999E+00        24    XXXXXXXXXXXXXXXXXXXXXXXX
   7.1249998E+00        25    XXXXXXXXXXXXXXXXXXXXXXXXX
   7.6949998E+00        26    XXXXXXXXXXXXXXXXXXXXXXXXXX
   8.2649998E+00        24    XXXXXXXXXXXXXXXXXXXXXXXX
   8.8349998E+00        25    XXXXXXXXXXXXXXXXXXXXXXXXX
   9.4049998E+00        25    XXXXXXXXXXXXXXXXXXXXXXXXX
   9.9749998E+00        25    XXXXXXXXXXXXXXXXXXXXXXXXX
   1.0545000E+01        25    XXXXXXXXXXXXXXXXXXXXXXXXX
   1.1115000E+01        24    XXXXXXXXXXXXXXXXXXXXXXXX
   1.1685000E+01        24    XXXXXXXXXXXXXXXXXXXXXXXX
   1.2255000E+01        26    XXXXXXXXXXXXXXXXXXXXXXXXXX
   1.2825000E+01        24    XXXXXXXXXXXXXXXXXXXXXXXX
   1.3395000E+01        25    XXXXXXXXXXXXXXXXXXXXXXXXX
   1.3965000E+01        25    XXXXXXXXXXXXXXXXXXXXXXXXX
   1.4535000E+01        25    XXXXXXXXXXXXXXXXXXXXXXXXX
   1.5105000E+01        25    XXXXXXXXXXXXXXXXXXXXXXXXX
0                      500


      Min            Max           Range           Mean          Median        Variance

   3.9183437E+00  1.5379935E+01  1.1461591E+01  9.6500771E+00  9.6509587E+00  1.1018016E+01

1Pecos::LHSDriver                                                                                                             
0CORRELATIONS AMONG INPUT VARIABLES CREATED BY THE LATIN HYPERCUBE SAMPLE FOR RAW DATA                              PAGE   1
0    1  1.0000
0    2  0.0015  1.0000
0    3  0.0125  0.0171  1.0000
0    4  0.0029 -0.0269 -0.0049  1.0000
0    5  0.0118 -0.0048 -0.0038 -0.0011  1.0000
0    6  0.0036  0.0215 -0.0021  0.0004  0.0230  1.0000
0            1       2       3       4       5       6
0VARIABLES
0THE VARIANCE INFLATION FACTOR FOR THIS MATRIX IS  1.00
1Pecos::LHSDriver                                                                                                             
0CORRELATIONS AMONG INPUT VARIABLES CREATED BY THE LATIN HYPERCUBE SAMPLE FOR RANK DATA                              PAGE   1
0    1  1.0000
0    2  0.0016  1.0000
0    3  0.0126  0.0171  1.0000
0    4  0.0027 -0.0270 -0.0048  1.0000
0    5  0.0118 -0.0047 -0.0040 -0.0010  1.0000
0    6  0.0037  0.0213 -0.0022  0.0005  0.0229  1.0000
0            1       2       3       4       5       6
0VARIABLES
0THE VARIANCE INFLATION FACTOR FOR THIS MATRIX IS  1.00
