 $ LHS File Format Version 1.00 
$
$ This LHS run was executed on  3/17/24 at  9:59:53.49
$ with LHS Version: 2.30 Release 1, Compiled May 31, 2001        
$ The run title was:
$ Pecos::LHSDriver
$
$ Message output file for this run: LHS_distributions.out
$
$ Input file(s) for this run: 
$
$ Point Values for the distributions follow:
$
$ All point values represent mean values that
$ were calculated from the actual LHS sample.
$
    Uniform1              1.4999904E+00
    Uniform2              7.9999693E+00
    Uniform3              6.9999957E+00
    Uniform4              2.5399473E+00
    Uniform5              8.4051820E+00
    Uniform6              9.6500771E+00
$
@UNCERTAINTY
  @OBSERVATIONS    500
  @VARIABLES      6
    Uniform1:          
    Uniform2:          
    Uniform3:          
    Uniform4:          
    Uniform5:          
    Uniform6:          
@SAMPLEDATA
           1           6   1.3692018747853114        7.3129939566701649        7.6068618166822946        2.2272659892537257        7.4711410035639387        15.013309754394927     
           2           6   1.5935032437158749        9.1596131983608018        5.9171546206358814        2.6189406564422324        7.5196214875424925        8.1615071395842822     
           3           6   1.7089748379288243        7.0371669758304956        6.7274490732984615        2.9411959377350376        7.3801903590067335        12.850727568633621     
           4           6   1.4070206207340583        7.1727849516376851        5.6157734808301543        2.2833233249217266        10.014817893019643        13.531136275958037     
           5           6   1.4885356521338224        9.1488460295498371        6.3062140132710338        2.9169047579302450        6.7574547085864927        5.3684379118911458     
           6           6   1.4524210496515966        7.8909699496150019        7.0826144309291621        2.1539945823766846        9.0448453100557842        3.9685306293265890     
           7           6   1.5725564710400999        8.1201736560955649        8.3481171466311448        2.6793034854063018        8.9240256887587446        15.348296677342615     
           8           6   1.7698983993689532        8.0878636177122587        5.9098667246811090        2.6925428508586431        8.8115930555530131        13.088768386542798     
           9           6   1.3126561359621582        9.2975627169162038        7.8985412474233669        2.6507107906031417        9.3924010357225178        12.877657744530124     
          10           6   1.4393842689715326        7.3904705034792428        8.0368707689767724        2.3388937802914342        9.2342404728531839        12.554978021280840     
          11           6   1.5115167419093660        9.2663832546249036        6.7152822617050258        2.9028570014567485        7.2546750476973960        4.6795554299470963     
          12           6   1.5556957901545800        9.5729501965314139        7.3438983461761840        2.2631705765523011        6.9268395731131447        9.0219167152126314     
          13           6   1.3522419470342808        8.5784309301495565        8.3017702600264922        2.8248108027535395        7.8275838346211097        5.7139590056636367     
          14           6   1.4837539345359430        9.2006018223419783        7.0643212937867270        2.1248721813963258        7.0927094293534658        15.379934867870762     
          15           6   1.3459916170005686        6.8470080997243530        5.7449805373059579        2.6972278544114898        10.095215534110810        7.6549935084769967     
          16           6   1.5324933588098735        7.2493344273000950        7.2157700155317777        2.3764618080715461        7.3101514418357141        6.3480693810954687     
          17           6   1.2615371232655830        7.5822851415008312        6.6336487129347397        2.8030837128102406        9.8776855044077099        10.888617696141823     
          18           6   1.6675972265702672        6.7713699349761010        7.8495009158823636        3.0127953804117720        8.9931506364205198        12.258992078144104     
          19           6   1.5441395582003519        7.1852185491412879        7.4905658258207151        2.6100685526941900        9.6071400151852231        10.044890854133060     
          20           6   1.5315407634898091        7.7152557012110945        7.8164893531054265        2.1152808507530669        7.8874490609257100        9.3549296654264893     
          21           6   1.4586862230177038        8.0424454237863419        6.8217419318791483        2.5481338723630733        10.391236238716244        15.330083667110651     
          22           6   1.4226632132831030        9.1357340357676140        7.4050773392587903        2.0416470250247047        9.1649907451281614        9.3276176795808130     
          23           6   1.2812319833616725        8.0964298664078118        5.6920054647866634        2.6070062849203026        10.199697782391560        10.313357826427325     
          24           6   1.2633040137553586        6.4504243897616869        5.7394191131142902        2.7085349420604761        8.0189472845867087        14.873039875716669     
          25           6   1.3374432612150908        6.5536362221628428        6.0685006664153187        2.0562896301615052        7.8993421184873256        10.967239648789866     
          26           6   1.2160405767590738        7.3627279454857115        6.2384927888171742        3.0147599463365600        8.0869365703890992        4.8685064757124055     
          27           6   1.6813146656650120        8.6274978555947541        6.1312125134909525        2.1389053290507007        8.4641415282181924        13.266133493629052     
          28           6   1.7004813457229175        8.5824328821301457        8.0957039990313362        2.6161565915604119        6.9980665511333608        13.581533625082113     
          29           6   1.7647095431640745        8.9266414623603225        7.3700004515729844        2.3845341566373128        6.7248871421710819        7.5433308469445910     
          30           6   1.5703223435335791        8.9808694626539936        8.0718806672001264        2.4631636477874777        9.4606409170214558        10.768204089859500     
          31           6   1.2140103882355615        9.1031910740420212        5.9299242444775997        2.9694813924350307        8.9540108803990908        12.936711016498041     
          32           6   1.2274024291237815        8.1277748898491264        6.7238865394163874        2.8222211587288970        8.1581773903001924        11.992191518426408     
          33           6   1.4408587041445076        7.5276644359722740        6.5281225832216441        2.1160863562028851        8.6520606147836183        14.680222454698523     
          34           6   1.7128073217856699        6.9108837207600482        7.6280901873130356        2.1233322350433932        9.0856525537855592        4.2007184438994152     
          35           6   1.4033447960690595        9.4582097512483596        7.2943277531962840        2.2749764906206074        6.7999218251376972        13.162710574215046     
          36           6   1.4538630353702233        6.8957388788342477        8.0222581247642655        2.1461960517188068        8.6875825965338471        4.3097614276823588     
          37           6   1.5086791288244539        7.1759313932463531        7.5248184583444155        3.0490261080093122        7.7309398274583598        15.283136841767234     
          38           6   1.4547950511544010        8.4787312314808361        7.9960285056794076        2.4720087098894639        7.4571678529085865        8.5556446652540465     
          39           6   1.7426671039952897        9.2351114091053610        7.5801543861957272        2.6267231093315875        9.6234803964141911        5.3345594907887275     
          40           6   1.7760252037547528        9.2767910581097013        6.7998312757674606        2.5382684513689204        9.8116045368564730        13.248386349780951     
          41           6   1.7730907315137796        8.5620584885448210        8.2858623352736238        2.4921185376007204        7.5061655930088733        13.455937077423558     
          42           6   1.5130148296438157        7.0478655083686119        6.6446340677894655        2.6759472561846209        8.6782533422908372        8.8130226811217138     
          43           6   1.7204692836097442        6.4805131203457718        8.3728531703609974        2.5760860627719477        9.9817086514038547        9.9868885744770513     
          44           6   1.3227684938334860        7.2187507067278034        5.8749892096651717        2.1120181382634393        8.2779361925735611        6.5409812372983431     
          45           6   1.2566765361109749        9.3933296143129468        7.7886969194982205        2.4476251928254773        7.3265426527953519        14.751690992390504     
          46           6   1.5099355864894577        8.4932030539378509        5.6569843419160692        2.7489774557667506        9.1096442617574009        12.419963193308563     
          47           6   1.7422033796975389        8.7775392500862477        7.3502805394805968        2.9583938732262882        7.7388572901212607        4.6160357744104692     
          48           6   1.3268757595184260        8.3960692960858339        6.7688023459956055        2.3850622454664485        10.131255667395028        7.3392982745005284     
          49           6   1.7947798532526009        6.4647648741036656        6.5517240075310692        2.0705524490504614        9.4401468349256632        8.8950275538398422     
          50           6   1.7150189120829105        6.4357820821568374        7.6807755281431600        2.7762744082904329        9.2665794863504445        13.919259739160770     
          51           6   1.2213149330134503        6.5994378973424439        8.0815163778247303        2.8656334638165308        6.8641238704646144        4.6954837902903099     
          52           6   1.3564016757722943        6.5522217639923097        7.1964816560897971        2.5734238825642688        7.1966067416353336        5.2779442224656226     
          53           6   1.7594509291500784        6.4029511536955841        6.8383509863112124        2.3057513457268008        8.1247399967099305        15.057072274550562     
          54           6   1.5415782354578376        8.5953689209833737        7.9578323828011754        2.7266016346093638        9.3096725068550459        5.1919037969447670     
          55           6   1.4042572716509922        8.3429060218527908        7.8597542947530741        2.6318658742612877        10.333128706982247        9.6226017571303526     
          56           6   1.7186197313840501        8.5299844684377302        5.9379483020447195        2.3725285725457219        6.8401196352378184        14.696992262322222     
          57           6   1.5240811827555298        7.5331364140912891        8.1684126888679334        2.4277591953224129        8.4102900947125896        11.462180452463915     
          58           6   1.7740182115732692        7.9484139042034743        6.0996811214407902        2.4527555793042759        8.7728538706673209        4.1863206610665662     
          59           6   1.4992763615978881        8.6918989831253892        7.6018288183515885        2.2863181083581221        10.386851536526368        12.831660287674749     
          60           6   1.2097392470969819        6.7605885225191713        7.7297488846579565        2.1718988241036699        8.2860842183611947        6.6327417117822911     
          61           6   1.3729910831490533        7.1118181520983583        8.3199960050197319        2.8213574058706872        10.498339358692576        4.3399768299900456     
          62           6   1.4930148196826687        8.6764184382215142        6.1380162044133995        2.9527243624365140        6.3860198285605057        8.7771641034192864     
          63           6   1.2514679115965031        6.5944501730903990        5.9638565045112744        2.5911737251736500        9.0018740859488080        5.9675751462434423     
          64           6   1.7751103763588703        7.4995349922060974        6.2446257264388727        2.4002469206529575        7.1224151313650372        6.3628673254307353     
          65           6   1.4912573523835277        8.4188376677408812        5.8864282112916930        2.3670944954164699        6.5802388352939625        4.2256259636115274     
          66           6   1.5921327036548405        8.5395094091489909        6.5384117607763033        2.2781735916518699        8.8634045816116540        8.7377518436177635     
          67           6   1.6261320392388849        9.5605264749169336        8.3649491901807504        2.7218448723986834        9.2543560914537064        8.2689130318423274     
          68           6   1.2369392788239755        7.3080295522108676        6.0028266068225724        3.0031837004031519        8.5606391474782768        14.452628761927832     
          69           6   1.3745440707511267        8.1140280500680220        5.7217439151218157        2.7099352235970180        7.3480682317203465        6.1500253576962276     
          70           6   1.5052220922117121        7.8786912775993345        6.7772911263087758        2.8133148675066417        9.4160659834192266        13.444253056803021     
          71           6   1.3065033936814403        8.0086313952326762        7.5655872052729132        2.7607545567687044        8.2919622119354450        14.019711687085451     
          72           6   1.7118263316616416        7.0576350840345032        7.1831557453744113        2.1279797161046319        6.9529405289806885        6.6041488771091670     
          73           6   1.4617436621124855        8.3029316554710277        6.2214046158460903        2.2293192580310532        10.382341157532274        11.939754802529468     
          74           6   1.7797753711776807        9.1537721589460954        7.4706139576608308        2.5289528968081250        6.9083719458376427        9.0292722882668013     
          75           6   1.7926830908261238        8.7097634666040538        5.8824108632955703        2.6836010932989978        6.7460505315383941        10.272375730959931     
          76           6   1.5068863844406790        8.3660086096689117        6.5112392322247850        2.8695664907064753        9.5865333435372015        4.9373168095154680     
          77           6   1.2057470325328408        9.4790017776995903        7.4267462283790113        2.4433642878392430        6.7111831965136428        10.781480527717852     
          78           6   1.3652818457510323        7.1410771279379723        8.3776746983272972        2.3141221900636513        6.7349030023420831        7.8356589446284346     
          79           6   1.3658090573952533        7.9222315987974410        8.3540355993222448        2.9481447650922368        9.5541480144730677        7.8590614509009757     
          80           6   1.4193000440197996        8.1550139791235328        6.5055879870820785        2.3327955654686501        8.7031928457931524        6.8705407714929896     
          81           6   1.3989023805915377        6.4556439721420409        7.9540714479224759        2.7344872830248623        8.1697796415626822        14.595516537713586     
          82           6   1.2785550377327017        7.9278130526036019        7.6267357102030893        2.4852146354936249        10.222773673240324        12.392100178933005     
          83           6   1.2451659986439161        9.2863229758217916        8.1609611314205459        2.6431552962088585        7.3200941249637959        7.2737511370535941     
          84           6   1.4299032857213170        8.8633044666469090        5.8120531695801763        2.7058981591280640        8.9422429319611467        12.448554075151682     
          85           6   1.4240205725982786        9.1452211125120506        6.1227657879190520        2.2611997753720448        8.7165408046463924        13.286283575986745     
          86           6   1.5806313781318255        6.9989937108695512        8.1208157143643138        2.1302252418260275        8.6032620634384038        12.490102808353026     
          87           6   1.3622886168854309        8.2035906920924777        8.1462789435224607        2.4772539207799542        10.142505941909937        9.1412366655664528     
          88           6   1.5074223241112197        6.9659783618807793        6.5983795215331016        2.8189004891177265        8.2165681550638112        4.5068802645974797     
          89           6   1.7372304201501423        7.2690560654178267        6.1973295001260933        2.2349535689066165        7.0462793890556128        14.506607666166266     
          90           6   1.3343253647320903        9.3379333097040647        6.6889519826568664        2.1584225374551766        7.6428399985410875        9.3882860569464981     
          91           6   1.5569235554991290        6.4603211058273917        5.6326475801380340        2.4086086751170921        7.9949010212151377        4.2894654938348102     
          92           6   1.6450134082669394        8.0000571906253697        7.4630244627729061        2.9188986880324128        9.1904540658719505        12.298666426494252     
          93           6   1.5823915765517391        8.2913474701255563        8.0156352269170803        2.4386250947880836        8.5480099788329316        9.2251818429818364     
          94           6   1.4685082282095216        6.8230507489100098        7.4850804350977764        2.8280092864764570        10.454147081235922        9.7799588700435134     
          95           6   1.2751852819249034        6.9737995429411530        6.3847610714495184        2.5157773825381788        7.2749397627054995        7.3948197447492268     
          96           6   1.4257063169502653        8.9751519046723836        6.5608801131574435        2.2386835874923317        6.3673757922534735        14.142174451992615     
          97           6   1.3304132309001870        8.4086226985082035        7.3023894331797958        2.4192100065052320        6.3184171277293002        4.7057395437113012     
          98           6   1.7442460514302365        7.0696008213594554        6.3974434311814603        2.4590752825567774        9.1828579195235243        11.022846016315743     
          99           6   1.4897547750801778        8.9907514599993821        5.7808263899106525        2.4979912747669220        6.9723483443023024        4.0768444782546718     
         100           6   1.2671358998771758        7.1659863832339648        7.2526393878752371        2.1955567507030813        8.0826218281054025        7.7613830624897959     
         101           6   1.7328726932189429        7.0421941380202773        6.7086619951516386        2.8770621894972677        10.462404250654528        7.9402267283962580     
         102           6   1.3385501395720059        9.3972174201428889        7.3783713181888686        2.4202069508467146        7.3398699838025161        6.0142497728895403     
         103           6   1.7258942641924135        7.7770204644575713        6.0770862983407445        2.0627011865606533        10.162576598455594        5.8292333467830906     
         104           6   1.6306362736788578        9.2679270992293947        8.1533019572542980        2.6232258691041266        9.9406242948323680        8.4749674219256281     
         105           6   1.6801376478591934        9.3783641424164177        8.1945161219663927        2.8268883031184595        7.6539600466458726        8.7064159847099791     
         106           6   1.6910839676133358        9.3348524003282183        8.3302652763133889        2.4139464992112942        9.7131269821180304        12.025462551723235     
         107           6   1.2839217810647561        8.5230897695183749        6.7405756515599782        2.3556469966540390        9.7090548050776668        8.9731481770363164     
         108           6   1.2871808226579800        9.1177745421275489        8.2894185213724150        2.3445872873293792        8.5660880128718944        10.330138984018937     
         109           6   1.5740932057091965        6.9051174133419995        6.5774557085786016        2.2590319267578511        9.6722248706086482        4.7869465305060146     
         110           6   1.6294784644100815        9.0550540391147134        5.9468770832495759        2.3375510417361833        9.8606382531248116        10.660725579327902     
         111           6   1.3413760066151619        6.4945820257276301        6.1353649599393822        2.0506641156761813        7.0558939171401081        10.959919432750903     
         112           6   1.3450063605498521        7.0883663717240095        6.5182257199581715        2.1753600276001728        6.8910771578068513        14.071442238405115     
         113           6   1.7108376800900325        7.8562760913431644        7.1924953417502344        2.9735542852313257        10.187831327772731        4.4944408733390731     
         114           6   1.5763797618867830        6.9255694692701102        7.6894817253384744        2.9051692602683974        10.414206526297351        12.896872834574898     
         115           6   1.6831100483190267        7.2416651193708184        5.9735245142651721        2.8429510067173838        9.7652478740753015        10.691629413109972     
         116           6   1.6395586611195467        7.1052335263803599        6.4863122625188900        2.9144430295667236        7.9262651063030773        9.7603690639890264     
         117           6   1.2219189929218031        9.0870786593005057        6.3539602974480012        2.5351712157015966        8.4967777453865114        8.8908452381244860     
         118           6   1.4948593745447696        6.4857299095809458        7.0440695731520657        2.7590627090760882        6.7035095024848959        10.215989604063799     
         119           6   1.2676683887137099        8.4343678676709519        8.1401954623820263        2.5900174585956610        7.0280153081176335        11.042266810373402     
         120           6   1.6892211655232126        8.7276699926376349        7.1074844246447082        2.5450784534034319        7.1345756503815627        5.8481789552036210     
         121           6   1.6349556293025613        8.7547858638957141        6.2374854970697315        2.3480756769876829        7.9557238889403958        5.9062132534703702     
         122           6   1.4506567422534340        8.5913163726702315        5.6360282937562092        2.9910330127762350        7.8400121000361773        9.5496042181442036     
         123           6   1.7473842178367076        8.0370350378826263        7.0582229031514379        2.3508600088612268        8.5901794387506314        5.7381976282633840     
         124           6   1.5509097567440941        7.2220982788994910        6.2086879718629637        2.8853852230445014        10.213642882444690        14.207795770841418     
         125           6   1.2425314203115181        8.0492846754610543        6.0319402973631400        2.1075246911612986        8.6331445718467652        8.6076272523857185     
         126           6   1.3133795798437669        7.8047376788824803        8.3367186172207823        2.0801781217764130        8.4464235145354465        6.7878949452419768     
         127           6   1.6798849149199204        8.5531088569879525        5.6001075596174221        2.5214777480869737        9.2706571151754567        12.532509873389266     
         128           6   1.4324499605518766        8.2871037180185319        5.9899810368349771        2.9463709461661147        9.7560168003886751        11.379054714165628     
         129           6   1.6613178790549747        7.0220985836908225        6.3343870731437573        2.6996879273943133        6.3749269250530514        10.023352466086857     
         130           6   1.6855374516248705        9.4752670071050513        6.2963994808565822        2.4025076026894712        6.5887766170845357        10.924462272917385     
         131           6   1.3715618887821213        8.8000404233694081        5.8295947447778653        2.5427126500874850        9.9682029000737522        4.1244857718178540     
         132           6   1.4338126100460069        9.5083010348528614        6.5308073864355682        2.9198720086073875        7.5312794814383004        9.7892939401522749     
         133           6   1.5891744733432307        6.7478768881231552        7.0916318867035208        2.4899679593804289        8.6221266454121324        14.918334044569637     
         134           6   1.4806686532697642        9.4393963828131557        7.7179975127168001        2.2426656292845304        10.042181384592666        14.374379576186650     
         135           6   1.5909318001510575        8.3792798693343986        8.2139800481822345        2.3158444711368995        9.2836169772861989        14.867020094254753     
         136           6   1.5381215466652995        6.7020434093609449        5.9338747459525241        2.7773738530618326        6.6476078539777550        9.2604162655421529     
         137           6   1.7517710497758350        6.7311639051184056        6.4970353528948497        2.6479337679584884        10.247707440586035        9.6893581843816214     
         138           6   1.7865553857215681        6.6160572490677243        7.1011300722645592        2.1812025148911958        7.4412941895993470        7.7729271864113390     
         139           6   1.6407839505826123        9.5861994610294694        7.7654008460005750        2.8966588756121507        7.6161469643648099        10.228891334143235     
         140           6   1.6621532818889244        7.3977782069444658        6.2793641978161405        2.0744925018978209        9.2403614164083727        6.9163367284890267     
         141           6   1.7576935783213936        8.6865872469052672        7.8836506430681803        2.8813862227375897        7.6716608410691096        11.667194691307611     
         142           6   1.5474224323133938        8.3522164961799987        8.0287963883481925        2.5193678134656885        8.0071904904858684        13.800493114971324     
         143           6   1.6131302251730115        6.9787082764506341        7.6365260865030811        2.5634182332282882        6.6951597453176639        9.1051436441924878     
         144           6   1.3486617798727936        6.7253238487496976        6.9932901248278103        2.4097443064074127        6.7881880218365458        4.7632736028740181     
         145           6   1.3033116921038366        7.3704766016274696        6.8072841080049056        2.1027921911740677        9.7719922002168236        7.4638033780173867     
         146           6   1.2820761207941920        6.8637317555114628        8.0482154691200698        2.9556374859804468        8.2495843918828058        11.224928228348494     
         147           6   1.3976994904124178        9.0166748039856532        7.7409518829273063        2.9771209473189622        8.5191128723937837        5.5001622180033012     
         148           6   1.7527133700105362        7.9812647369801999        7.8261304600602015        2.4063968839522638        8.9268541665922889        4.9764340402656240     
         149           6   1.3469163223455660        9.0696122335538263        6.8193503812126819        2.5647980314409824        7.8244481901961977        8.3246712959092122     
         150           6   1.3923065916753372        7.6979641549065709        6.2022021754736079        2.1940264787578490        7.6320341551769335        12.631109131850536     
         151           6   1.5237327514017931        7.8944982429563995        7.7769243086788808        3.0089578908410575        9.1465911316777913        7.2150805310965511     
         152           6   1.6847746486242861        6.8528945037603375        7.2747429837554689        2.0999909517520012        7.5795856410232645        5.6565217914935202     
         153           6   1.7291495087952353        8.4100821729719630        5.8390732211159539        2.5014411744727565        7.5528650755433686        11.517922880725470     
         154           6   1.6384437723152339        8.5138340426579120        7.2200840880300845        2.1984348344262874        8.7525386981536180        9.6629310147967189     
         155           6   1.7455142967458817        7.0975431162625560        7.5461960359076041        2.3119379184704085        8.1134221673476414        8.9226484796176653     
         156           6   1.5781853651734070        8.7026440547689798        5.7337567030120642        2.3352917421799617        8.8887013334192186        8.6631371531232730     
         157           6   1.5976220467605629        6.7578333964034920        8.3682183692712346        2.9898379838887417        9.3475275446328521        8.3400824058654255     
         158           6   1.6363049208124167        7.6701482426166541        8.3593357042597614        2.6852001914269943        7.7588796926361692        6.5568703367121053     
         159           6   1.6117189408449455        9.5992468152090886        8.2619371361920599        2.6286510159240755        8.4285814100482348        13.769038266223856     
         160           6   1.2061546503405087        7.4361562357038267        7.5837342518160114        2.1102235410661714        8.8192227540809132        7.6078377259534316     
         161           6   1.4694335614970884        7.9590801483616227        7.4156544846052306        2.7139613562539684        7.7170081661828469        14.578375209091000     
         162           6   1.5169968791655264        7.7923418578058481        7.9773495853010568        2.1512162880181704        9.9488758181210315        13.346245716031408     
         163           6   1.6334063376995736        7.7531279761925340        6.3734207470426334        2.3604271530708205        7.9455664372581989        4.1002880101832559     
         164           6   1.6695157658594661        8.2175381473302842        6.0981132696168494        2.4127713233901935        10.027324016152029        6.4675017818652556     
         165           6   1.7685921348989011        6.9519036145612603        6.4214324544392527        2.6713119248735810        9.3520170451281857        10.829084247466643     
         166           6   1.3792371753805317        8.2483645717233411        7.1752947954380888        2.3660956357583123        7.0816348662136770        7.0030676875985218     
         167           6   1.4429837249147706        9.4065695081278680        6.9056888269759709        2.9241244772901105        8.3146221564361458        6.1808342652893620     
         168           6   1.6481401449046098        8.8409242533847685        7.8866037697123366        2.1217455211016163        6.9368506117446813        6.3971934436033484     
         169           6   1.4116403758940288        9.0921497944012284        7.9137327524848287        2.8147342186652402        9.6549350423698410        5.6062259755849375     
         170           6   1.5987588341781871        7.6161195355907081        7.9023887130253021        2.7157271309651900        6.6439453520047049        12.715244678325718     
         171           6   1.5349311862184665        9.3010116497784843        6.4148617918783799        2.5667204303012134        7.4073638924659466        6.1650985633721573     
         172           6   1.7403982558035291        7.9932130302771922        8.0064132844304670        3.0005090110306347        7.2472130477090548        11.202448148490859     
         173           6   1.5399018724495546        6.5822849273964765        8.2277811090677968        2.6662212240742145        7.6217680540748587        11.854156695952405     
         174           6   1.6666122995892538        6.8154011060372000        8.3128362455977136        2.2893543233320672        8.2080545312255797        5.9249835296547966     
         175           6   1.4704495752132498        7.4038318373575809        7.6478276918970050        2.8330388497102166        9.5435131517107088        11.911809703008272     
         176           6   1.7536055283866823        7.2557711844354866        5.9517006304321809        2.2175228562554712        8.9870260253182099        6.4768007907893042     
         177           6   1.7341725776947103        8.4834695771828290        6.6112962857715782        2.1790651722622383        9.8176194052400767        12.807325699572685     
         178           6   1.2189526449219323        8.1072732423305514        6.9635616542862726        2.0612358881787398        7.2042673740556742        13.605316917445277     
         179           6   1.3045154079370200        7.8679582048788665        7.8747371910706159        2.8600668640279676        7.1506640076321082        11.067947753574233     
         180           6   1.6428114273710177        9.3546515107348558        6.3292200178565450        2.7645716263386979        8.3574365561128925        8.4059152331145004     
         181           6   1.6023112577958962        7.5119686432480810        6.8512607868177815        2.7014145897934863        8.5876722841190176        11.625809001014103     
         182           6   1.7620346571050585        9.4149961370304229        7.7001711883397777        2.4338397987794407        8.5776753320508590        12.660689390153625     
         183           6   1.6043902522168121        8.6246011131137603        7.4416638404972852        2.3740734631410985        8.1099627990149479        14.028129843645496     
         184           6   1.5450750218410045        6.8863333965003486        6.1787287066610528        2.7311261349652241        8.5108520157900251        8.9881313686324287     
         185           6   1.6756252456194722        9.1808014649987228        5.6747364434596150        2.1054455678246171        8.7479639896728560        14.841705111226299     
         186           6   1.6500858822525477        7.7408926129698754        7.3385978289451455        2.1877310400552208        9.9733943082418985        13.559417081312278     
         187           6   1.2301169517047703        8.5741739446416485        5.7619452610347421        2.9230583864463773        7.5973087391394936        14.797853540181414     
         188           6   1.5583503386339173        6.7188948721557864        7.0210970734065397        2.3300638560475315        10.428976504078603        4.9346912984342781     
         189           6   1.4577867382423950        7.0979935918793080        5.8730452696925024        2.5823945400498061        6.5998938260978450        12.779478211188223     
         190           6   1.4414898542437702        7.0295406492263082        6.0202496589796617        2.8917811199870802        9.4970378449714357        4.9004078428340145     
         191           6   1.2554714733727275        7.8619377672865980        7.2254431537369266        2.5946386264512311        7.1447640295799353        9.5757599050896243     
         192           6   1.5516785369600170        7.5892967143028969        6.4765530179394410        2.7529691296017726        9.6015066998049612        15.167007407633820     
         193           6   1.6113462468034587        9.2921206165105108        7.3155386926205832        2.2253091800531650        9.1056587167162668        8.5808162791782507     
         194           6   1.7868305478352122        6.8554987531647082        7.5271714585207405        2.1609676865599488        7.3498819637991062        7.7020467315113637     
         195           6   1.3432464613473973        6.4287256175041199        6.8915120780311527        2.1062187760700657        10.110048119688281        13.314116975770565     
         196           6   1.3348152075483464        9.5456592934235935        5.7145601136488837        2.5264052360946496        10.073666151127760        11.350319325922523     
         197           6   1.4139478178386575        9.3242816394776113        6.0452786197548729        2.8972859571426266        7.1074617804675313        10.140055144043638     
         198           6   1.6535489358804190        9.0659821584686640        7.2733870920239019        2.2669507676172813        9.4911986222882287        14.123275696471101     
         199           6   1.4178791263628752        8.5352538525640966        6.3579023944819344        3.0417322498948032        9.0388998580351334        6.0624240498431021     
         200           6   1.4981687503254042        8.4536974539577958        6.2694538261050354        2.2188941505154594        8.2300213291497073        4.8268718843942047     
         201           6   1.3087303768948653        6.5115513109728695        6.2889246832765640        2.4964753625451772        7.5589370169495647        12.969840047463309     
         202           6   1.7837023350751027        8.9304676952809103        7.2386625400448219        2.4751947829852807        6.5404947181257462        6.9506050114654938     
         203           6   1.4017738670339808        8.1393893651872862        7.3058328183628625        2.0397310982807073        9.5285684012736667        5.7573113118426411     
         204           6   1.4128954971143044        8.9161069514364009        8.1151198246907441        2.1472519709614941        8.7585348217587953        8.0872694909446867     
         205           6   1.2889155009666458        8.1633984684631233        5.6272147700069475        2.8610578716231139        7.9423776887591506        8.2771932737347669     
         206           6   1.2494874104440210        9.5287965800613161        7.5540792398383845        2.7973881037317403        6.9153001541486852        14.653959914647974     
         207           6   1.2948378790508954        7.1594150405421857        8.1713925020830711        2.2230630349531300        6.3594188249415344        13.656993379453896     
         208           6   1.2251474456115625        7.3519084298416972        6.9587385500885546        2.9101190963332351        8.1862755194353998        5.8010678929085842     
         209           6   1.4518954949939624        8.8382815032288438        5.9974259896624833        2.9619726175830698        9.4445442297318856        11.359735854158410     
         210           6   1.3203554391492158        8.9397609863534573        6.6756101072030143        2.0811680815469100        8.0500919478964015        8.5157359772713388     
         211           6   1.4015050420624202        7.7091290168255568        7.6404156674740840        2.9325364322327823        7.5143401185757339        7.3004276491326738     
         212           6   1.4151407918346115        8.1738643644183870        7.3872512774031609        2.1835807019768096        7.1029776302458858        10.613369931242662     
         213           6   1.5872829346102664        7.4647949949592354        6.7432587236292658        2.4298912691764163        7.4224018796275599        4.5738671862268818     
         214           6   1.6490801887208597        7.1878396347254512        7.3930251683548098        2.9974187731148394        9.2243252869484937        4.3228248114376333     
         215           6   1.2651805175797082        7.6781277451723815        7.0675018609773366        2.6896943966003319        7.9109126209678733        14.908768462003907     
         216           6   1.2195730565140956        9.2428390788778660        7.5400870096987118        2.2496499782989265        9.7209902140067275        3.9448442543249111     
         217           6   1.7587751831210219        9.0308824628487230        5.9823350131178268        2.6494169502009353        9.2012066889610189        14.427398830762366     
         218           6   1.3607723532599396        6.4754241625666626        6.4631907547682523        2.7336074643413628        9.0621530391527898        7.3070094888678288     
         219           6   1.6154053776578978        8.9967554234847427        5.8687412106897678        2.7887379914555974        9.3840569657738779        7.1625308838416819     
         220           6   1.7471429080959409        6.9383764432758088        5.6540157888025036        2.6773935577765942        8.6934334879671553        14.464570805646014     
         221           6   1.3025183041423560        8.2803764657482510        7.7061369104053830        2.3244122177037037        8.8253964789421815        10.669706158624262     
         222           6   1.5199115863946266        6.6263294820472600        7.2505654656896370        2.6820171667736488        7.2188861388066874        9.1655172711543269     
         223           6   1.4761228908064774        7.5517391177266839        5.9553774255542082        2.0990282229932489        9.8686125387995407        11.764258100527339     
         224           6   1.6549978288164362        9.1917294150695206        7.6966451679795975        2.9867148063845463        10.177449757767524        12.512076319072863     
         225           6   1.2545200874330475        8.5031273441776634        7.0052955741040410        2.8508886372436675        9.3375787052874681        4.1401759557886981     
         226           6   1.2323449072647839        9.2572495807498694        5.9011975460454824        2.2317672908554971        8.3456126870935581        5.6387163805654277     
         227           6   1.4340529469207859        8.1453639420598751        6.1520808098731559        2.4816741543165310        9.6326117040656225        6.9792613407541060     
         228           6   1.3154884920322336        9.1304909700244661        6.6827782934492452        2.3705908670475893        9.1566197829284466        13.363121528249234     
         229           6   1.4291515111430548        7.5593203575938936        8.3862031167266888        2.5305252975131198        8.3265443555730752        6.8564141788359256     
         230           6   1.3824554132818245        7.6241945484444500        7.5094350960645828        2.0438186516156231        10.356682586187329        10.441441244213376     
         231           6   1.3907954259026796        7.7335834859237078        5.9793561823027206        2.4411006327382379        7.0193375172450674        14.634692368358142     
         232           6   1.4210762835527770        8.2379898203134534        7.3133747325817122        2.7838613722483716        7.0744919670558062        5.4528650159335230     
         233           6   1.4448272681001573        7.6521424134939906        5.9229817275593062        2.0651307289303369        6.8101035097869804        14.229382913143374     
         234           6   1.5042366084837355        7.7824082141295072        7.7497332559008152        3.0051980993049217        9.6648962286827143        8.7148174853250371     
         235           6   1.5772402741553262        7.3456734049573535        5.7860732851805166        2.9571596428920790        8.7085964759749910        12.987527844347758     
         236           6   1.7712832055973819        7.0781449747607112        7.6642910929333423        2.9675276261012162        7.9924166103303476        5.7633301479250658     
         237           6   1.2984353787370027        6.7852021391704689        7.9209819747393952        2.4938996715171728        6.6773532062388021        7.0169384408197368     
         238           6   1.7033134337718596        9.3859550999924544        6.6691967264201493        2.0315056511910723        8.0657655581235694        6.1210363760071349     
         239           6   1.6056349611550569        8.2089827912941580        7.5181327384822074        2.4664189169838093        8.2417294617613912        5.1135217836927627     
         240           6   1.6074462359058670        8.3600475307002657        7.1002911385275427        2.3903133175063314        10.060099485283573        7.0663268164671029     
         241           6   1.6207571709855462        8.3841281765505666        7.1415055247040469        2.6014103574200531        7.9096508891612336        10.587732392596081     
         242           6   1.4871806343941016        7.8340120834559208        8.0579417406197642        3.0354341851811109        9.4624676595014563        13.831282253493555     
         243           6   1.2347590334814973        6.5170741541072728        7.1328657902229580        2.1341651566377187        7.4827031475893397        8.2268907724651505     
         244           6   1.3525116863770410        7.6546897428184746        6.7564395236315207        2.9337668063690887        6.5735542977605617        7.4292835297444837     
         245           6   1.6771347951242701        8.4644741665303691        6.7504772734345870        2.6576757010884768        7.7746718400502530        5.5137760237317996     
         246           6   1.6984184004893526        7.1521601385533815        8.2961719722822327        2.5525060837758238        6.3460073762449989        11.140702702596318     
         247           6   1.6973775925733150        9.3148315211087453        7.8000235475985340        3.0107808087688963        10.296270080794175        13.502844733174191     
         248           6   1.2002954560920596        8.3109119535177953        6.9178958893381060        2.4502473829990810        6.9685804151443946        11.561216904915868     
         249           6   1.2490434041585774        7.3204012550905349        7.1208925197253006        2.5620160684520004        9.0201613314728046        9.8628959956010789     
         250           6   1.2440239774628541        9.4592504287883639        6.3910020508047189        2.6593638332863150        7.8460594239074268        6.8412110966974868     
         251           6   1.6574387673499995        6.6218049396067862        6.6382046457137918        2.9269315849139912        7.5411431955257804        15.105604628533824     
         252           6   1.5285740746649914        8.2580520564734936        5.8033580548927182        2.6961073023840223        7.7977977247968546        4.6000108898614993     
         253           6   1.5643270469767974        9.0053008929088705        6.2739993203954771        2.3198035016882979        8.1013349003478048        12.369895892788424     
         254           6   1.2967153249131516        7.8196594200819733        7.6500706464881079        2.0375094580111281        6.8136423572593454        11.260394747314741     
         255           6   1.7656026392027737        8.4903730620741840        7.1872555840652437        2.7786861799812592        10.365753599328432        9.3351764348004931     
         256           6   1.3072683543847874        8.2967257179707286        5.6446208089424292        2.5085370928624084        7.1268787393948099        7.6870785998355124     
         257           6   1.3549882277025842        9.4081890792503948        8.2041197512544706        2.7553399538371992        9.8392688941123421        11.168517498799599     
         258           6   1.5026012807283551        9.5157340307518847        5.7519832201227548        2.2558873945638909        10.445312141414909        12.228535121597815     
         259           6   1.6520529140565545        9.3089062303915622        7.9393377764919775        2.3179724758775997        9.6392594693307618        4.0518010969632305     
         260           6   1.7173059248023668        8.6648466853395103        6.8684073643755168        2.3801888174343855        6.6171403216412985        5.4258779149677139     
         261           6   1.4168690405177884        7.9328141941502688        6.0757734707897519        2.2156046062828878        10.324028361286224        6.6453824325595052     
         262           6   1.3107863704693503        7.2053529909938572        6.0075948782477528        2.8060599269261584        7.9801377122730530        13.892158329209545     
         263           6   1.4864531363102609        9.0180256949812172        5.7286391404518850        2.6250590149103665        6.4960325511887387        9.1980351625436452     
         264           6   1.7708512748119420        7.0820016660064464        7.0470277750724932        2.7436347169483448        9.4717557178307565        11.630000207199483     
         265           6   1.6095308479383588        8.4479675234675398        6.2662758492620663        2.8947674105604735        9.5750444416909382        12.744795566106681     
         266           6   1.2414425645967944        6.5372196163222203        6.5922226152034478        2.7864999550986007        8.1319673655022910        13.937192021641415     
         267           6   1.6567742177185603        8.6418734640195964        5.6451547863245013        2.3872437113154215        8.3001883480149381        11.115782685970656     
         268           6   1.3938202969254925        8.7331352228566992        7.1565374069323768        2.1745293441589451        8.4521880741260436        15.305963361647679     
         269           6   1.2397417340453714        7.7256595909431578        7.9271270278844987        2.3634335825331694        6.4447874291280840        13.694078710069881     
         270           6   1.2375191377370618        8.8783804773166768        7.9701379085812718        2.1404084846558606        7.0134165066980243        10.118314344758167     
         271           6   1.3724007620234973        8.8866836696133014        5.9674119534358381        2.2448441994157617        10.012487735504926        13.875994722052244     
         272           6   1.7138280135403388        7.5236423701420421        5.7756387668585409        2.2690160376236026        6.4682823340818887        12.663076586909593     
         273           6   1.2354965127171949        8.2734913249209523        5.6707735841169944        2.9115058069597368        7.7198213463903871        13.484629525978351     
         274           6   1.5937410632126032        9.3251617652788763        7.7549629502009605        2.5118653515726512        10.171969371929681        12.062125580273801     
         275           6   1.4437151890466922        9.5805881878972059        6.6066695985725152        2.6120063582262301        10.476044006002647        12.007187373672613     
         276           6   1.5154398476525210        9.0802469027116874        7.5756392138687891        2.1901704771276842        7.7616105401196380        10.530605035355547     
         277           6   1.7914892147786916        7.9041532927945255        7.3291861381301651        2.4608167808124142        8.8805459441543864        12.183959197731689     
         278           6   1.4669415942625141        9.0560535675644864        6.3798067952169104        2.0857663100086987        9.0808915804480304        13.730154776603682     
         279           6   1.6606477067819796        7.3790285144776107        6.0098538623265920        2.7680003654763752        9.8327400086509282        4.1639893709537565     
         280           6   1.2083093861385250        7.2881422263368965        6.7360365570034837        2.8746229608393459        7.7511644906138901        5.3720665501044129     
         281           6   1.3167183574995027        9.4932710814267391        8.1899231981519609        2.7051825998041217        6.4093846958204912        7.5213907186789433     
         282           6   1.3017008715843781        8.0566671356782322        6.2272033581115300        2.9375241567475907        8.6614694712664129        10.906926300381775     
         283           6   1.5310076866367832        8.9015093313694003        6.0420976337788623        2.5245928700077531        6.8780995813182368        9.9330403977986421     
         284           6   1.6309536896151491        7.6801163763448592        8.3925223809894174        2.0754792467810024        8.0319624487930579        10.557848793304991     
         285           6   1.7043923300284891        7.9618545237004756        8.2707188955515640        2.7639905099584996        9.3164771093458683        6.3068143326481803     
         286           6   1.5159120605106466        6.6454104413345458        7.6696536613918846        2.0350286476163659        8.5029123357107448        11.004421374719589     
         287           6   1.2033859770191833        6.4186759428858764        7.3681707061065360        2.7409342977666293        8.2644749359541656        7.0992147290832355     
         288           6   1.6948735465552658        6.6383236760973929        6.7983298149524254        2.9429464619864429        8.8917320463668741        13.994008691605879     
         289           6   1.2391208452605642        6.8759240034550437        6.0618245059575884        2.7462246002271491        8.1383815035518712        5.0681454670822710     
         290           6   1.6213793635086156        8.1708168429911137        6.4267601163338863        2.3967592210993729        6.7389749418042229        10.248557001147883     
         291           6   1.6013016102662310        8.6669666064441202        6.5886984371047461        2.5404616060381011        7.4624251348364865        9.8461388255588247     
         292           6   1.5338643929846583        8.7106306694924829        7.4362556708484897        2.5557742048301546        9.8538008074293764        7.2443573188984294     
         293           6   1.7610004720117896        7.7953538945063956        7.7605018827894705        2.0873343049379809        8.6717832576709384        9.4827166288786096     
         294           6   1.3505847448610702        8.8278965202361341        8.2773351320169883        2.0918366799180301        8.5451713549059072        5.6743041817524933     
         295           6   1.2980522652894257        6.5013665352955465        6.8315516967732455        2.6933895107639296        9.1214128135072574        14.332676336596489     
         296           6   1.4855572206758894        9.4855755085751419        6.3404176066268239        3.0372763117783701        8.0399820354050213        3.9183436949886379     
         297           6   1.7847993390220218        9.2402639679640526        7.2815190774409100        2.2021197058148587        7.0721110296713094        6.4150698232077996     
         298           6   1.4381698644530028        8.7878589056149128        7.0389219031197952        2.1629775744539779        6.5138356821649150        8.0138653957219788     
         299           6   1.4557792315858415        7.0184484739080073        7.8057959470000124        2.4556028912132608        8.2592211954744013        6.4484501458557784     
         300           6   1.4052535002484918        9.2065569056347005        6.1893056335901839        2.9316509790829008        8.6300922634746744        6.6689543748085853     
         301           6   1.5754166221925989        9.2247550314217808        6.1727483699405568        2.2475294052084718        6.4330403186504634        4.5311269351968075     
         302           6   1.3002295897610485        6.5229092586204409        6.9303879944873978        2.2914906348773276        7.6408212912956346        5.5877763697807676     
         303           6   1.6901595508854836        7.6871824174329637        6.5452722180871294        2.8669144815840197        8.9104472648889761        10.196236922657350     
         304           6   1.5533150550791994        7.5665334272816773        6.3151942230066282        2.8345600991450435        6.4124196232144248        7.1308468925105402     
         305           6   1.3314967580387369        9.0015692656651147        6.2857542703688143        2.8569288960359245        7.7849379814527273        11.498399053648114     
         306           6   1.2928555205175654        9.1876496693119396        7.1274075666498398        2.1278415813739877        8.0713389517004970        12.597383945133537     
         307           6   1.2851699117559940        7.5153946518212562        7.4579447576627134        2.4250560700323058        8.1484338064039079        14.054249475998340     
         308           6   1.5717860126668588        7.0047816124290225        6.4489483849331730        2.1856560755721013        7.4993963798533567        7.4918589284655166     
         309           6   1.2903850482288748        8.6391080870091912        7.4789211878746746        2.7953858993498422        10.250955720988143        11.829472358554835     
         310           6   1.5191524328799919        8.4031364180684083        6.4590042677193873        2.0574232690401373        7.8531554960647876        14.563626563100842     
         311           6   1.6929074206623249        8.8197160342380414        7.3991694354951392        2.7903717722192125        8.9617613551635475        7.0303065505751876     
         312           6   1.7000510850459338        7.2619549035757780        8.2201824557332319        2.5500282658881597        6.7192015668964098        13.030492490179139     
         313           6   1.7779956456673334        6.5867464743435384        6.4348880793295802        2.5106257188659811        9.5236170935701434        14.258239803621779     
         314           6   1.6377484481320717        6.8362057992160326        6.8625679744280879        2.6536231852108143        8.5227871125846359        5.8894311836152342     
         315           6   1.2228153174678793        7.1169600409388547        6.6989798753699281        2.7281944288395250        7.7810630737777187        3.9985643569780516     
         316           6   1.4648468230613507        9.5332724694952375        6.1863153956277293        2.4371963740922507        7.8745866209511917        6.2828978564722933     
         317           6   1.3685729854297823        8.1882341581523423        7.8350771458556876        2.6887332284187897        9.9568541378453137        8.1807894038709339     
         318           6   1.2286719515461475        7.9162629937112330        6.8717728817922996        2.2199299538935811        9.7022917946190521        9.2991431223470720     
         319           6   1.3800056033246217        7.4447924605548383        7.7725717866268020        2.2377400531114917        7.4854356031163274        6.7612073270985853     
         320           6   1.4639461944666692        7.6289772320732476        6.2271170437350865        2.7718705871789715        7.7067532600226478        12.221151664630742     
         321           6   1.6646141295396724        7.1969987582996486        6.2143346348630262        2.7507607366644216        8.9713108599311155        8.1184704610172194     
         322           6   1.6006331862950696        8.2253540072575220        6.7714895180536434        2.6213002177604472        9.9986775126861218        13.041470374181401     
         323           6   1.7318524716563524        8.8542397186845552        7.8688175291249536        2.6152392972648140        6.9027793165802995        10.846446243244921     
         324           6   1.2579172899722122        6.8893880186662075        8.3229949048152196        2.7195492779495565        9.9026575840296172        10.351874652674887     
         325           6   1.6730137686937117        7.9030635276585812        7.8626486472899106        2.8845851722138653        6.9884397334911528        11.970303214781918     
         326           6   1.3095544633512384        8.2209470433115968        6.1700723575888201        2.9508691290439106        6.7867763716385516        8.4480454754864329     
         327           6   1.5547347644995899        7.5926720492914317        7.2623949298160149        2.7379187098400197        6.3306642625917258        11.793958680929149     
         328           6   1.4495520611557178        9.5012579297900199        8.3067563217217106        2.6309044528157357        9.0736043093967105        8.9480890947168223     
         329           6   1.7080198503926396        7.5016649493411185        6.5693057901352638        2.5066523633497297        6.4927429079974575        7.9754899843081368     
         330           6   1.6867694683581591        8.9563240075036887        7.0328003537865360        2.3615530749530436        9.7454143999428862        5.2274123677604365     
         331           6   1.7931965042634870        8.7869035697698585        5.8340334346417340        2.9441688753242974        8.5338959727579216        14.965385667220225     
         332           6   1.4304134731574913        6.9611394385278231        6.9486394712410871        2.5716497348170910        8.3771057234092616        5.4082076167021871     
         333           6   1.7061452014884912        8.0215164725169537        8.1129404155554248        2.2947600074847507        9.8841763806136935        9.0701634959636710     
         334           6   1.4809916987498291        6.6926481695637117        7.4480807842345911        2.9651011157156617        8.4330666563783261        8.2978495779035146     
         335           6   1.5001413579102605        7.4181692122966050        5.6631850227229297        2.1183477727561351        9.1278706610702010        7.1797297813831831     
         336           6   1.7888368714786136        7.4611626497507100        6.7608348545139654        2.5871194667664916        10.473398438315606        10.522502767013618     
         337           6   1.2119822382582350        7.7658285669788718        7.4098526431523268        2.5010958377278412        6.4558714234882544        14.306621408743318     
         338           6   1.3144753226531669        7.3569356729373334        7.3597383238945158        2.2737474697436855        7.2727696663099337        5.8642929470846434     
         339           6   1.7899822455922143        8.0918011856913576        6.1132171544423324        2.5837566762255131        6.4431857081605166        5.1594437420368191     
         340           6   1.7313740712868049        6.8718822916328914        6.0146665024397894        2.5788619584816228        9.9124146069122894        6.7389880410162721     
         341           6   1.5878396790389904        9.5623740770861492        7.3861983154799793        2.3224236963196563        7.5477683718616282        10.402373703127260     
         342           6   1.4001879915204831        7.5736106107741596        6.5648375181628396        2.4158869866845474        8.6426215013653547        8.1504313516977707     
         343           6   1.6164697850366123        7.1468336401134733        5.7628706506825980        3.0429034847094023        6.3377097145961034        15.091307244250084     
         344           6   1.2686948782500811        8.6471220617815856        8.2398037119265659        2.4572463621171559        7.3009404993939482        12.577669976063538     
         345           6   1.7827964601466433        7.4107472299650308        7.7270123391909529        2.9084882061291393        6.6622250901778131        4.0161841413432260     
         346           6   1.4774612388948909        8.5646775626569980        6.9676635118035604        2.8386592321021018        10.153584233368408        7.2094748753225435     
         347           6   1.5668010523826816        7.9975960213184356        8.0459207788994540        2.4442653610703067        6.6316350406841043        8.0787561236575716     
         348           6   1.3180417602497152        8.0584273069009189        7.3326792935611680        2.5218078360515830        9.4070924553653086        12.163636732183397     
         349           6   1.6054945211623797        9.3479098010942341        5.8914984802296377        2.4692982059762159        10.237994846938360        9.8139533973152275     
         350           6   1.3959059183059259        7.9365536774247882        6.2531862449867655        2.2885967841058501        8.4633286679425233        11.688425175141775     
         351           6   1.2802228401937521        6.8210660697087651        6.5211090102476996        2.2654774867481549        10.101700053943762        4.6505350826005456     
         352           6   1.5274178611119278        9.5905366326272485        6.7109862261604523        3.0219099583537692        6.8590893940461468        7.8207170264958412     
         353           6   1.6784081861986779        7.8304330121934411        8.0088540880026304        2.9961427789680100        7.2870355710936661        6.0599718860480936     
         354           6   1.2778902691818772        6.6661188100591300        7.9675554581003265        2.8453664774641210        6.3982212939716590        11.697326283724280     
         355           6   1.5426539037795737        9.2197054172128432        7.4204743172436949        3.0015459302464311        10.068672534835114        10.470666089801350     
         356           6   1.6186004802617244        6.6744103710934519        5.8588978538179770        2.4798583039795230        9.9303177558094511        11.291496711791957     
         357           6   1.6197339883726090        9.3691004761159409        6.8471981783121816        2.2988867730592282        6.5566591594253012        8.6317686986885960     
         358           6   1.2017248429885135        9.1237478869229545        6.4295363757073876        3.0453922644303084        10.347998364980597        10.080052886568708     
         359           6   1.3841922403134406        9.4417290951564912        6.1168180879263208        2.1378045749013870        7.6776856694931670        5.5720347881137862     
         360           6   1.2757870811054481        7.3305987935334445        5.6209148530166591        2.1911769474193079        8.8474858769266813        11.469572721657576     
         361           6   1.7293984867477790        8.0706110798776152        6.8982553779399023        2.2084396590459718        8.9808500342711159        9.6014745815093629     
         362           6   1.5633344520726242        8.8183426594406367        6.9868070308299739        2.9933741764687096        6.4777981855316833        7.4766381866533775     
         363           6   1.2477582524224184        8.9506545619279141        6.9948614020902671        2.2111362248758319        9.3679806212930981        9.4371835411626375     
         364           6   1.2095211558192036        9.4284879776597013        8.2242204394118872        2.4222991752163505        8.9065219285400765        13.403144819148352     
         365           6   1.7067892662936821        9.0944971301093709        7.4440877770408989        2.0717746611439898        6.8877303780371690        15.215842409231467     
         366           6   1.5678092116928659        6.6598892554014926        6.2572577317934490        2.4284871154291556        9.0532086299182666        13.136134574679192     
         367           6   1.2254858205076307        6.4080226560324434        8.3952965349711484        3.0301684874106383        8.7290118731855610        6.2471745131057688     
         368           6   1.3877002669581211        8.4565047434717417        7.4968124193027617        2.0901363950261005        9.6946883196658131        9.2447359862392773     
         369           6   1.5462259208709932        8.0693374394118784        7.5353426281141118        2.0679417326917777        9.9139361020521122        7.8948394388814922     
         370           6   1.3642275891655125        8.7409753130704164        7.0236291543515401        2.2806434174725601        7.8055579269813418        12.112241752829869     
         371           6   1.7391591359205543        6.5408000664308670        5.7972120942134406        2.6744741446282343        9.2909483914152862        12.104022965124111     
         372           6   1.5845534648912027        8.9148399257376791        7.5988415475081652        2.0835438138682956        10.280905932437364        6.3298450879950536     
         373           6   1.4602734335940333        7.9680489814907309        6.1055903995605183        2.3043388513919427        8.2017091108796638        9.9022024965221060     
         374           6   1.2920552710689603        7.3836583041280504        5.9026375214016067        2.3004886672667135        9.5890482629681468        15.232513247288995     
         375           6   1.5490073192258367        7.2939945667162540        7.5582965341351924        2.4043903324193319        7.9323405280229391        15.178520823767176     
         376           6   1.2882598137119783        7.4387351005285973        6.0570221230532972        2.2819419025465102        9.9278420199081818        14.162775450689951     
         377           6   1.6748709284252485        9.5399334142997851        6.0846264594972137        2.3500175940610744        7.3715838785398233        15.125460644939682     
         378           6   1.7278523756780662        8.7424293516770000        7.9332117184516049        2.7931491970732343        10.400161154587780        13.215767183517105     
         379           6   1.4481799348717557        8.2520841196373116        7.1615015582762664        2.2515297947711868        9.5172202211777268        12.153986029402120     
         380           6   1.6237469306138343        6.5085471977576619        6.7917209262318909        2.6360881794248985        8.7772508269162195        6.7992489299823067     
         381           6   1.4731810066946782        6.5340532734900716        8.2016376534998408        2.1671730048728266        7.3871123378983228        14.990424837605330     
         382           6   1.6281984138987957        6.9465695992559198        7.5036856840219350        2.8087751752952204        7.1859288221168285        15.355503527703231     
         383           6   1.6933646000613458        9.3596534955129034        5.7116107611609621        2.5973023954700305        7.2318954967916849        3.9862319075374395     
         384           6   1.7362678755302912        6.5643132773697381        8.3422726181875912        2.5042111386764887        7.5867882769245654        9.5016185817457721     
         385           6   1.5385005404862575        7.4924422520905738        7.1373974750455469        2.7821798038681966        7.9774385200367437        4.4488371931214354     
         386           6   1.3290421046007426        9.5540110132157796        7.5894291425345468        2.6681463693771978        10.370356957686459        14.408448107499163     
         387           6   1.6084893909640612        7.4162518055558202        6.0891660295149315        2.1770308671677014        7.8644512028527256        11.410799036519835     
         388           6   1.5968898366970943        7.6391191270053387        8.2355444337202250        2.9868994186266509        7.2634208521297428        7.8080749842394139     
         389           6   1.5222484886295162        7.5416525258094076        6.3186911042040208        2.4681534532074259        8.7369172332217762        10.492027732902672     
         390           6   1.3611443679822608        8.5474774456620217        7.2348277682701125        2.0476423033353961        6.6234223192936925        4.4629301737670319     
         391           6   1.7952615894299000        7.3266712880119682        7.8073601369814947        2.8715472645660767        9.8941206452402923        15.043994458380853     
         392           6   1.3281473556496202        6.7777685624703770        7.6832897401761269        2.3780407671034984        8.3319970406388020        7.7350736962140072     
         393           6   1.2327129406040533        7.7033770994722843        6.4076733051111914        2.3022571131353264        9.2983903341569754        4.4257488775202072     
         394           6   1.6595779653509146        8.1927033637657765        7.2085262667236849        2.7564597319050970        7.4278021386745987        11.423138002491090     
         395           6   1.4360889948153868        7.9523973024293779        6.9536002368565653        2.9750707782723289        9.5110439401804232        8.5340400836195336     
         396           6   1.7791580712687225        8.8708891799807557        8.1550209200421353        2.4496903014354592        6.5624506685343196        12.294026313188485     
         397           6   1.5141036427449435        7.4777355639204384        6.6560513122633100        2.3982801908934301        6.9615061928493294        13.065354673658497     
         398           6   1.7969171423449182        8.7627453775554898        5.7050612318284815        2.9381374682829340        7.9615246971984295        11.740577465951676     
         399           6   1.2128752698054537        8.6115462016299364        7.8455043775964528        2.3914565945654078        9.3752490593870412        13.120059927036985     
         400           6   1.2941180839760227        8.1311108974754820        8.2555541006842628        2.6077668981639945        7.4143522504205022        11.248106601652223     
         401           6   1.4825575254410506        8.3202834383204589        7.6555178198380398        2.9278255345143562        8.0552969452248000        14.545359044960001     
         402           6   1.4919355026226491        7.6618829738274217        5.8544490902127695        2.3099908424665685        6.4252837384134525        4.8020492675071580     
         403           6   1.5952405089193025        7.8490443834200505        6.8825042413307358        2.8372491838874110        8.3954412731292756        6.5041530335925053     
         404           6   1.3865003373267129        6.9151061838984491        8.1044995805699394        2.7242173792051987        10.423938631673911        5.5407012118569101     
         405           6   1.6146170248607172        8.7186219761788841        7.6732750208573419        2.1322187677358087        8.2242944614471813        8.8369880577262947     
         406           6   1.2041116391915827        8.5087220363378524        8.0884427125155938        2.1996652308555222        8.8740991866391159        14.195099876622903     
         407           6   1.6537030570194124        7.7205598629876970        5.8215937905106685        2.5700799377238375        6.5450650046273129        14.493866099196021     
         408           6   1.7560320868344046        8.1840201929137102        8.2529535416563977        2.0445230868474296        9.5664197096479668        5.1301106796502136     
         409           6   1.5603448409358971        9.1772678280308835        7.2453244586331769        2.0780605554940643        10.300740802479638        9.0878004129049366     
         410           6   1.2706813089354896        8.8676610611692084        7.7139934705028308        2.6448155416019166        6.5249368137399664        6.6981058026594109     
         411           6   1.2173437808875924        6.6794939342990522        7.9103763369627300        2.8521998799283241        7.4495464970141931        9.9970264949484253     
         412           6   1.2741098776808939        8.7936350486755366        6.3270826824413611        2.8628111699389387        9.6471249785461879        5.2398293667498512     
         413           6   1.4961304288784043        9.0241345098242149        7.9968727606682108        2.0967004830646605        7.6882191452721038        14.768254234937951     
         414           6   1.2600957015666179        8.3767846389159555        6.1644436748810110        2.6000235309410931        7.5736981222919235        13.955237305016025     
         415           6   1.7377067081741988        7.2276473532736301        6.9727372733596704        2.1660732158736233        9.2134881750688322        10.409335953656583     
         416           6   1.2643577905914747        8.7686095570772888        8.0773977943647655        3.0209055190384388        8.4148151567764682        8.0265537687600581     
         417           6   1.4249896657001226        8.2307980382665988        6.8334021369906139        2.1439912823567910        6.8342130876975462        8.0557413234545372     
         418           6   1.4660512481762096        7.6451311072543264        8.1015984660657114        2.7727024125648474        9.9917457990597516        15.248939577896149     
         419           6   1.7488462263439781        8.6198663250461216        6.5534141745124010        2.8163749478538054        8.3047523497359492        9.7152800947891080     
         420           6   1.4786293470771050        8.9433856428772209        7.6137857375839726        2.2125071785577202        9.4822630582822711        7.5967427457890011     
         421           6   1.6635124194709585        8.1492021975606672        6.1586098582394424        2.5956933831496256        9.4202517173540965        13.617708117778180     
         422           6   1.3944592327930034        6.4206520722433922        8.2455516212228677        2.5322070995684061        10.231120182050931        14.349130926712883     
         423           6   1.2533186411887407        7.8431213115856053        5.6079414842395110        2.8991988596213050        9.7851784202133594        8.3666794765498498     
         424           6   1.6706762899682857        6.7700423346236347        7.0771419129662219        2.0596073782186957        9.2003869622542247        12.456297453023494     
         425           6   1.3854299472902902        7.8112345987662675        6.4406091909863052        2.7442005324169338        10.272594856462296        13.389862929723691     
         426           6   1.3754148548950440        9.5207287868693466        8.0359233717858789        3.0246230675102952        9.5461706337568852        11.872634375652531     
         427           6   1.3819249906126410        7.7503095996528861        5.7951864282015713        3.0272292659437094        10.310386095731449        10.802289838455151     
         428           6   1.3194147022948599        8.8927253140941254        6.8999130771895878        2.9818614776865111        8.7827494729579794        14.723792390773074     
         429           6   1.6252256857099012        6.6983514314442871        8.2712336019665003        2.8466114981292003        6.5063771865378035        10.750733689430868     
         430           6   1.3587386840600522        7.2779953809186813        6.9413063372004773        2.7175242433876172        10.486263914760881        4.2510056847536468     
         431           6   1.3323820791821925        6.6831419074282055        7.1725815567279234        2.2956790274425503        10.137484748596965        5.0886622000299395     
         432           6   1.7548522822539321        8.3191371150076385        7.8315323618492112        2.9837365240267850        7.6017247289229362        6.0344443804589103     
         433           6   1.3547381621531209        7.6021688742458817        5.8463955234289164        2.3091837793867565        6.7716846708297398        5.2940052281282837     
         434           6   1.2727463111244142        6.6537078068137170        6.4008010049592707        2.7998555957162381        10.052411572943967        8.4105921068370808     
         435           6   1.5365208306804299        6.7994188872039318        6.3709877604519942        2.0336395596018337        9.0304436383266466        6.9061726640050765     
         436           6   1.7499165728026069        8.3495072692662475        6.8822024436345330        2.3272284613098759        9.6810649926064904        14.806076353785349     
         437           6   1.3779823472147807        8.4689866562753924        6.9817032754011450        2.3824417093341146        6.6542458495284196        10.638615084432764     
         438           6   1.5209990400055422        7.3358002365827568        6.4535257948718963        2.0526094989729766        10.287747084836964        8.6509035051360268     
         439           6   1.6722762482196092        9.0390874270349730        7.0157471320949503        2.2039780333671808        9.3337777752704820        9.9183211387707857     
         440           6   1.3577571549944578        7.4842591416746380        7.2880004854399720        2.3427529957093483        7.6666050416007163        4.5552323928873513     
         441           6   1.6682793870566412        6.4390019186258325        6.6714454066799957        2.9044479854873195        10.087387300786943        7.4165581285289957     
         442           6   1.7996540729178114        6.7385281490400430        6.4943250462835653        3.0335815820458438        7.0350534813293111        5.0226546890051100     
         443           6   1.7982258452718147        9.2482914325013752        6.6295974105840552        2.8889373263549061        7.6970970452551262        4.3824981309627180     
         444           6   1.2520419990275056        8.6032027095615859        7.1639256433116270        2.8095959123231933        9.4319609908251323        11.318669243955751     
         445           6   1.4746377624381333        8.0140559606492516        6.9336685530366378        2.2535873423720894        9.8253862910571321        6.1061781607384331     
         446           6   1.5832969687256031        6.9359937381595378        6.6627468327138573        2.3936864314459356        6.3111966850918710        13.184249495710015     
         447           6   1.4717913944117726        9.4682936719045045        5.8183344984812653        2.7364231134732342        9.7344309525930264        12.774398295323831     
         448           6   1.5685991585290990        6.6055758985146884        5.7463338058067484        3.0392676833804506        6.4693916537813934        11.592228426476474     
         449           6   1.6232059887478130        9.4499733275935061        6.1470926616020503        2.4841551522568799        8.3473154756343693        8.4920302263437772     
         450           6   1.5298919927135108        7.1306663650929929        6.6949479145012800        2.9711916452299616        7.1711259835045311        13.713855757492363     
         451           6   1.7248864698381166        9.4211202431067829        7.2034314484009521        2.8882999256312289        7.8804341365221333        6.7140549283961297     
         452           6   1.5613392105166799        7.4269270576000217        7.6165222356051201        2.4736555539512075        6.9440361687637582        7.6449829404037439     
         453           6   1.3238968901381827        6.7110762499049308        6.4701319173980503        2.5598537015276865        8.9412067593568096        8.7536768463691690     
         454           6   1.4198531418020837        7.0087132154226301        5.8474168144289402        2.6387307457092031        7.2072191161891581        14.948075035609770     
         455           6   1.4086638717974536        6.9231535575866703        6.3651132937841117        2.6636411960173585        6.3776700249917200        7.5772113837953663     
         456           6   1.6459027957317420        7.7605636120677000        8.1764669570365918        2.5771661968380024        9.1341001783983646        6.5849445941799782     
         457           6   1.3401188225101679        8.0806432677552102        7.8204144726876175        2.2329865831258520        6.5360541683283495        9.1723208183492524     
         458           6   1.4971766272217966        8.3332362910941242        6.5834135014949364        2.8042625054587145        8.4011527686085916        6.2132618803861543     
         459           6   1.7162021292510443        7.9767965129315854        6.4835340426597741        2.1704849225746465        6.9888106340637055        14.276967769251671     
         460           6   1.4371759678241796        8.0289083322018389        6.0486684983832761        2.8417831482747848        8.1883612014073410        7.3656004233749117     
         461           6   1.7019211667074823        9.1101466877445567        7.3551618077004335        2.6040404497736040        9.6179990065276346        9.4132064659032046     
         462           6   1.2596774622900411        9.1694561421260232        7.9442537738267331        3.0289896649774626        7.0521059930797110        7.9197492877535982     
         463           6   1.3358649979697539        7.7701749796196822        7.9911583171159029        2.2056465617372281        10.038395547667642        4.7288962174127809     
         464           6   1.6469919227683916        6.9946268212348226        6.0284336493184787        2.5379467981627304        10.115371674549881        5.4755964304432281     
         465           6   1.2717053580234758        8.3299791244566439        6.7835985259274025        2.6340326303006334        6.8537622503027125        13.198353540323442     
         466           6   1.5595916461036541        6.8338114696383476        6.8137866775246332        2.9625746396719754        7.3577917421620196        11.166628482340137     
         467           6   1.4103372165874577        6.9842705108702186        5.6876248214235519        2.8542674585582408        7.3991955099151046        5.0453551947495434     
         468           6   1.7817648990363815        7.2121857972070575        8.1345162742886696        2.7909873911294434        9.3202810148669410        5.9814390365283465     
         469           6   1.5255535961464046        7.6139406478643421        6.9246116334840657        2.8737265760242283        6.8238444478927596        12.070878587895772     
         470           6   1.6967895184102468        6.5773590143010017        7.5704165591690691        2.1585393319965522        8.3706103401337550        14.098335281132023     
         471           6   1.3221155577611177        6.5694212259262805        7.4656456618472937        2.9804521785954479        9.8039745498514588        11.555664485240122     
         472           6   1.5657573737125843        6.7419115951612598        6.6217424908531832        2.5571157978988719        8.0197235269960618        10.374231246659299     
         473           6   1.6872705447949470        7.0596882964909087        7.1151361829698088        2.3296003956842326        9.1693856350581893        10.162020390021382     
         474           6   1.6320502104294488        8.6554351661503315        7.8955256499631332        2.2567412068757320        6.6113286087779191        9.9714095051295590     
         475           6   1.2863437034044414        7.8226926545426254        5.6807604133237151        2.3572005839144810        10.197396834138493        11.898686465937411     
         476           6   1.4461945698768832        9.0458707353457797        7.0522339439898731        2.3542017846621479        10.436876955020763        4.3962877072587148     
         477           6   1.2298134902296587        8.9675821050912141        7.7353249246297411        2.7698652760106324        10.260443214703937        12.952293942394666     
         478           6   1.2145142046815716        7.5548170384228222        7.2646056828280914        2.8490831905527041        7.2914062248606744        8.8515409486528966     
         479           6   1.4608323954200371        7.2323854391053324        7.5106825458584359        2.5519702191626839        8.4855354382772639        12.325111660432768     
         480           6   1.3676341096596794        7.1243148983821278        7.3234760549392552        3.0162271100692544        7.1744905007826256        7.9686642765060540     
         481           6   1.3488990096827969        8.4256032264396552        8.0649575473535808        2.2402554641664958        8.8517744353137076        10.091770095483399     
         482           6   1.5856554101220333        6.7919717450723054        7.1473631470656018        2.0484882609742412        8.4750627674238110        9.5279036478572525     
         483           6   1.7223310766930691        8.8495743189364671        7.9850920005546886        3.0175088701896091        7.2244802599085496        12.687874492376345     
         484           6   1.3424762065046465        8.9043171223863968        6.8559562138896437        2.7118363785581385        7.8144007425697284        8.2119838851629758     
         485           6   1.3909327884874307        8.8065016407132148        5.7705471315765751        2.4876515311171112        9.0105721501117291        12.350927759442246     
         486           6   1.4271245256629772        7.8743270908996461        5.6977836458833888        2.2724605467724426        9.7953527888406065        4.9962296451772561     
         487           6   1.4757445386741312        9.2134444602683185        7.9507746192140507        2.6686099873474891        6.7688841857847564        11.771871655337746     
         488           6   1.5496802774218841        7.6037854034632444        6.3495258178291847        2.6609142532148398        9.7500808050524803        13.635991790058556     
         489           6   1.6416418782052584        6.6366782173499468        7.7915469749245796        2.3414963843974936        8.6123493961499040        4.8542192942902913     
         490           6   1.7670469818664714        7.2716713029339912        8.0584723684748649        2.6556262937114479        8.7965893839312752        9.4444162014201272     
         491           6   1.3248755398387089        7.4692594700708987        8.1867863011408595        2.5858341135622656        9.3949357289003110        10.717295467223739     
         492           6   1.5800718457421288        7.2984032864585524        7.8517245836749678        2.8794686515401580        8.8333866238301120        9.7197558258806822     
         493           6   1.5021800443008542        7.4508109934508804        7.0081151156229904        2.0934575216112004        9.0941471135132286        5.1714310330329463     
         494           6   1.2457600476164372        6.8044968342885381        6.6478271708091716        2.1559845075175068        7.1640923638575842        6.2344940876751203     
         495           6   1.4094986220468768        8.4386330388203259        7.0856340129690238        3.0476107849827407        10.318148088531681        7.0864684853446667     
         496           6   1.7213088685180062        8.6809863290190687        7.7806239335384229        2.4344304416598002        8.8006811017527138        11.078373356841039     
         497           6   1.7232815400349906        8.9604555942043671        8.1266974915690717        2.6418236642875801        8.3869745079153226        5.3184482568991367     
         498           6   1.3895447370526379        9.3706254796519879        6.6170485884467141        2.1498201811527928        8.1785274529608003        13.759604044496781     
         499           6   1.7637680614002049        8.2649570233121512        6.9123925888612865        2.5144414038220977        9.2489113123860207        13.836844879966929     
         500           6   1.3774597115434708        8.7605137973412877        6.3009040398744869        2.8311687270250916        6.6856662998132492        9.6389863323895266     
