1

                                             * * * * * * * * *  L H S  * * * * * * * * *

                                             LATIN HYPERCUBE AND RANDOM SAMPLING PROGRAM

                                             * * * * * * * * * * * * * * * * * * * * * *


    Run on  3/17/24 at  9:59:53.49 with LHS Version: 2.30 Release 1, Compiled May 31, 2001        


0    Pecos::LHSDriver

    Random Seed =      278244

    Number of Variables =   6

    Number of Observations =  500
0   The sample was written to the file: LHS_samples.out
0   Input was read from the file: 
0   The sample input vectors will be printed along with their corresponding ranks.
0   Histograms of the actual sample will be plotted for each input variable.
0   The correlation matrices (raw data and rank correlations) will be printed.
1

    Pecos::LHSDriver                                                                                                             

    VARIABLE  DISTRIBUTION          RANGE            LABEL
0       1        UNIFORM     1.54     TO   1.58                                                        
0       2        UNIFORM     6.40     TO   9.60                                                        
0       3        UNIFORM     5.60     TO   8.40                                                        
0       4        UNIFORM     2.03     TO   3.05                                                        
0       5        UNIFORM     6.31     TO   10.5                                                        
0       6        UNIFORM     3.90     TO   15.4                                                        
1Pecos::LHSDriver                                                                                                             
0LATIN HYPERCUBE SAMPLE INPUT VECTORS

 RUN NO. X(1)      X(2)      X(3)      X(4)      X(5)      X(6)
0    1  1.56      9.08      6.05      2.67      6.49      8.76    
0    2  1.57      6.91      7.45      2.51      7.95      5.50    
0    3  1.57      8.52      5.91      2.37      9.96      12.9    
0    4  1.54      9.45      6.81      2.48      7.81      15.0    
0    5  1.58      7.88      5.73      2.19      7.56      6.11    
0    6  1.54      9.15      7.09      2.43      6.88      4.23    
0    7  1.56      9.19      7.40      2.71      9.12      10.6    
0    8  1.54      9.32      6.79      3.05      7.90      15.0    
0    9  1.55      9.52      7.96      2.86      9.55      8.29    
0   10  1.56      8.75      6.55      2.22      9.36      5.28    
0   11  1.58      6.54      6.24      2.49      7.16      11.6    
0   12  1.57      8.35      7.59      2.29      7.61      4.43    
0   13  1.56      6.64      7.69      2.26      7.64      14.0    
0   14  1.58      9.13      7.29      2.07      7.66      14.3    
0   15  1.55      8.97      8.14      2.79      7.78      12.0    
0   16  1.54      9.27      7.51      2.20      6.67      4.10    
0   17  1.55      9.07      7.59      2.67      6.78      14.4    
0   18  1.55      6.64      5.61      2.11      6.33      8.15    
0   19  1.57      6.98      7.43      2.36      9.57      10.1    
0   20  1.57      7.74      6.12      2.98      7.34      13.2    
0   21  1.57      9.53      8.19      2.64      8.32      10.9    
0   22  1.57      8.52      7.41      2.61      8.40      12.3    
0   23  1.55      6.87      8.31      2.76      7.62      8.65    
0   24  1.56      7.09      6.47      2.44      10.3      4.47    
0   25  1.57      7.92      7.98      2.05      7.56      5.97    
0   26  1.55      7.29      7.65      2.56      9.98      8.02    
0   27  1.56      8.14      6.88      2.94      7.51      5.35    
0   28  1.57      7.24      8.14      2.91      7.98      14.1    
0   29  1.54      9.48      5.78      2.19      7.49      9.50    
0   30  1.55      8.14      6.31      2.16      10.5      5.02    
0   31  1.56      7.27      7.54      2.22      8.83      14.2    
0   32  1.58      7.14      6.16      2.67      7.80      13.8    
0   33  1.55      8.44      8.37      2.51      9.36      9.22    
0   34  1.55      8.45      7.24      2.56      9.06      7.77    
0   35  1.56      9.21      7.28      2.11      8.89      13.9    
0   36  1.55      8.92      7.32      2.42      8.99      4.90    
0   37  1.56      8.38      6.23      2.04      7.83      15.4    
0   38  1.58      9.14      8.18      2.41      8.51      8.38    
0   39  1.55      7.03      7.36      2.34      8.79      7.59    
0   40  1.58      7.91      5.62      2.43      9.19      11.8    
0   41  1.56      7.37      7.71      2.98      8.78      13.9    
0   42  1.56      6.70      7.36      2.59      9.02      8.31    
0   43  1.56      7.81      6.60      2.14      8.56      6.25    
0   44  1.57      7.54      6.48      2.23      7.83      4.16    
0   45  1.57      8.57      8.38      2.12      10.1      11.0    
0   46  1.56      7.70      7.44      2.44      9.06      14.4    
0   47  1.57      7.87      7.61      2.85      9.99      13.0    
0   48  1.55      8.76      7.78      3.03      7.31      10.6    
0   49  1.57      7.35      8.22      2.73      9.81      12.9    
0   50  1.57      8.93      7.03      2.48      8.75      6.45    
0   51  1.56      8.05      7.57      2.31      8.15      9.48    
0   52  1.54      6.88      8.37      2.86      7.05      8.44    
0   53  1.56      7.72      7.70      2.57      7.75      5.87    
0   54  1.55      8.71      7.17      2.22      6.79      5.99    
0   55  1.57      7.52      8.05      2.89      8.72      4.88    
0   56  1.55      7.40      7.73      2.05      7.06      13.9    
0   57  1.58      8.60      8.13      2.09      8.95      7.02    
0   58  1.56      6.46      7.88      2.72      9.31      7.79    
0   59  1.54      8.67      5.95      2.10      8.39      12.5    
0   60  1.54      7.05      6.10      2.06      6.83      6.16    
0   61  1.55      7.28      8.08      2.20      8.19      4.35    
0   62  1.57      6.99      7.48      2.12      8.67      6.08    
0   63  1.55      7.86      6.73      2.86      6.83      13.7    
0   64  1.55      8.24      6.51      2.06      9.97      11.8    
0   65  1.58      8.50      5.92      2.48      9.33      11.1    
0   66  1.55      7.79      7.62      3.03      9.74      12.8    
0   67  1.56      8.34      6.33      2.15      6.53      11.7    
0   68  1.56      7.22      5.75      2.46      7.10      12.8    
0   69  1.54      9.50      8.29      2.82      8.65      8.19    
0   70  1.55      7.13      8.00      2.39      10.1      7.15    
0   71  1.57      9.00      6.32      2.10      8.84      5.38    
0   72  1.55      9.02      7.63      2.26      7.70      7.11    
0   73  1.55      8.80      5.78      2.42      7.88      14.0    
0   74  1.56      8.46      6.34      2.99      7.39      15.0    
0   75  1.58      7.67      5.80      2.46      8.06      12.2    
0   76  1.58      7.04      6.39      2.11      7.53      10.5    
0   77  1.56      6.69      8.39      2.35      6.99      4.92    
0   78  1.56      8.00      7.20      2.30      7.42      10.9    
0   79  1.56      8.82      5.78      2.37      9.67      11.2    
0   80  1.55      7.30      6.59      2.83      6.43      11.6    
0   81  1.56      8.07      5.97      2.75      6.81      12.5    
0   82  1.56      6.84      7.67      2.68      7.17      11.4    
0   83  1.55      8.68      6.25      2.72      8.51      5.21    
0   84  1.56      8.39      7.74      2.50      6.80      7.68    
0   85  1.58      8.64      6.31      2.50      8.61      7.97    
0   86  1.56      6.74      6.44      2.18      7.89      13.5    
0   87  1.55      7.08      7.91      2.99      6.55      11.3    
0   88  1.56      6.41      6.22      2.15      10.3      13.4    
0   89  1.57      6.60      7.19      2.21      8.49      9.19    
0   90  1.58      7.62      6.72      2.81      9.44      4.56    
0   91  1.58      8.09      7.97      3.00      6.54      13.5    
0   92  1.57      8.08      7.21      2.45      6.75      9.72    
0   93  1.57      9.50      8.23      2.34      9.09      5.25    
0   94  1.55      7.55      6.11      2.77      9.90      7.70    
0   95  1.55      7.07      6.74      2.38      10.1      13.3    
0   96  1.58      6.96      6.93      2.07      9.62      14.3    
0   97  1.55      7.16      8.28      2.05      9.53      7.53    
0   98  1.55      8.11      5.69      3.01      9.27      6.83    
0   99  1.54      7.40      7.39      3.05      6.37      15.1    
0  100  1.58      8.48      7.31      2.79      9.37      10.8    
0  101  1.54      7.90      6.15      2.84      6.93      11.8    
0  102  1.55      8.13      8.08      2.31      6.85      13.7    
0  103  1.56      8.18      7.76      2.66      9.56      13.6    
0  104  1.58      8.36      6.00      2.35      8.18      4.62    
0  105  1.55      9.23      8.26      2.21      10.4      15.2    
0  106  1.54      8.96      6.97      2.99      9.17      9.01    
0  107  1.58      7.51      7.34      2.39      10.1      9.42    
0  108  1.57      8.59      7.76      3.03      10.4      11.6    
0  109  1.54      7.96      7.95      2.90      7.07      4.51    
0  110  1.57      9.20      6.42      2.90      10.1      11.3    
0  111  1.57      6.43      6.46      2.39      8.24      8.55    
0  112  1.56      7.10      7.28      2.04      7.76      5.70    
0  113  1.57      7.83      8.03      2.53      8.62      12.5    
0  114  1.56      8.04      7.78      2.70      7.02      3.93    
0  115  1.58      8.78      7.27      2.58      7.11      9.80    
0  116  1.58      7.71      8.21      2.53      10.4      12.0    
0  117  1.55      6.77      6.70      2.24      6.64      9.35    
0  118  1.57      8.69      6.10      2.73      7.13      5.40    
0  119  1.58      7.38      6.78      2.88      7.70      8.41    
0  120  1.55      8.65      6.33      2.27      9.14      12.2    
0  121  1.57      8.62      6.27      2.27      9.45      5.04    
0  122  1.57      7.27      7.02      2.47      9.21      5.45    
0  123  1.58      9.28      7.16      2.46      6.41      12.1    
0  124  1.58      9.35      6.27      2.18      7.84      9.54    
0  125  1.56      6.92      5.83      2.25      7.21      14.8    
0  126  1.56      8.40      8.35      2.39      9.93      13.1    
0  127  1.57      8.84      7.81      2.25      6.56      14.9    
0  128  1.57      8.20      5.73      2.23      8.70      11.2    
0  129  1.57      7.76      7.86      2.97      6.71      5.13    
0  130  1.56      7.64      8.07      2.24      9.70      15.3    
0  131  1.55      8.48      7.75      2.55      8.92      12.8    
0  132  1.57      7.31      7.25      2.29      7.05      12.7    
0  133  1.55      8.06      7.90      2.65      7.29      9.44    
0  134  1.57      8.03      7.73      2.91      7.32      10.5    
0  135  1.55      7.79      5.77      2.93      9.71      5.22    
0  136  1.54      9.36      6.34      2.53      8.03      11.8    
0  137  1.55      7.80      5.92      2.58      8.60      4.25    
0  138  1.56      9.25      8.25      2.33      7.36      12.4    
0  139  1.56      7.66      7.83      2.82      10.4      9.12    
0  140  1.56      8.97      8.15      2.08      10.2      9.30    
0  141  1.56      7.25      7.81      2.28      9.92      5.74    
0  142  1.55      6.86      7.73      2.45      8.29      13.3    
0  143  1.56      8.67      6.61      2.37      6.61      12.8    
0  144  1.57      6.81      5.66      2.91      9.87      7.31    
0  145  1.58      7.15      7.07      2.98      10.1      4.41    
0  146  1.57      7.95      6.79      2.40      6.72      4.21    
0  147  1.56      7.81      7.92      2.31      9.57      10.7    
0  148  1.56      8.78      5.99      2.78      10.3      6.62    
0  149  1.57      7.50      7.00      2.22      10.5      8.32    
0  150  1.57      8.53      6.00      2.50      9.13      4.64    
0  151  1.57      7.17      8.30      2.92      10.1      6.77    
0  152  1.57      9.01      6.40      2.34      10.3      15.0    
0  153  1.57      9.59      6.92      2.71      8.37      6.99    
0  154  1.56      7.48      7.48      2.28      9.82      12.8    
0  155  1.55      9.52      7.31      2.83      7.19      5.32    
0  156  1.57      7.94      6.03      2.51      10.2      12.6    
0  157  1.57      7.53      6.70      2.93      9.94      11.2    
0  158  1.55      9.06      5.96      2.23      8.41      4.49    
0  159  1.55      9.24      7.55      2.45      9.11      14.6    
0  160  1.54      8.22      7.79      2.29      8.31      12.6    
0  161  1.54      7.13      8.31      3.01      7.78      11.7    
0  162  1.54      7.15      6.35      2.63      8.50      7.50    
0  163  1.56      6.66      5.87      2.32      6.45      11.5    
0  164  1.58      8.55      7.99      2.92      8.60      13.0    
0  165  1.57      7.89      7.90      2.63      9.84      10.9    
0  166  1.58      9.40      6.98      2.15      8.21      6.97    
0  167  1.56      9.27      5.71      2.28      6.99      5.67    
0  168  1.57      7.86      6.93      2.44      7.97      7.20    
0  169  1.56      6.70      7.72      2.95      7.12      4.77    
0  170  1.57      7.95      6.29      2.03      10.2      14.8    
0  171  1.57      8.59      7.61      2.95      8.28      11.6    
0  172  1.55      9.34      7.00      2.69      10.3      9.63    
0  173  1.56      9.42      7.33      2.88      10.3      14.7    
0  174  1.56      6.66      7.32      2.57      9.73      9.77    
0  175  1.56      6.68      7.09      2.94      8.93      5.60    
0  176  1.54      7.46      8.34      2.11      8.58      6.55    
0  177  1.55      6.50      6.42      2.52      8.55      12.5    
0  178  1.56      8.65      6.12      2.45      8.45      9.83    
0  179  1.55      9.28      5.79      2.54      7.84      8.91    
0  180  1.54      9.38      7.80      2.39      6.65      4.18    
0  181  1.58      6.64      6.92      2.25      10.1      14.5    
0  182  1.57      8.28      7.18      2.56      7.61      9.95    
0  183  1.55      6.67      8.16      3.01      6.60      9.27    
0  184  1.57      7.56      7.60      2.85      9.89      5.77    
0  185  1.58      8.73      6.91      2.90      7.34      14.8    
0  186  1.56      9.04      5.74      3.00      10.3      11.7    
0  187  1.55      6.75      6.01      2.57      6.95      9.57    
0  188  1.56      9.24      6.88      2.47      7.00      8.62    
0  189  1.56      8.56      7.02      2.78      8.38      13.0    
0  190  1.58      8.81      5.66      2.87      8.86      12.5    
0  191  1.54      9.19      6.46      2.06      9.86      4.70    
0  192  1.55      6.74      6.30      2.52      6.71      15.2    
0  193  1.57      8.99      5.93      2.81      8.11      9.39    
0  194  1.58      6.82      8.36      2.93      6.39      4.82    
0  195  1.58      7.05      6.02      2.14      7.23      13.1    
0  196  1.57      7.88      6.02      2.70      7.50      6.69    
0  197  1.57      6.99      5.93      2.91      8.07      13.7    
0  198  1.56      9.33      6.86      2.97      9.17      6.67    
0  199  1.56      8.40      7.37      2.74      8.68      10.2    
0  200  1.56      7.39      5.86      2.58      8.34      12.8    
0  201  1.54      9.54      7.01      2.74      6.89      10.5    
0  202  1.56      8.20      8.18      2.61      7.27      10.0    
0  203  1.57      9.55      6.38      2.62      9.01      10.8    
0  204  1.55      8.42      7.54      2.38      9.51      14.7    
0  205  1.58      7.26      6.69      2.45      9.08      7.87    
0  206  1.56      8.57      7.07      2.05      8.12      6.29    
0  207  1.54      7.02      6.51      2.59      9.58      10.1    
0  208  1.57      9.07      5.62      2.08      8.97      6.74    
0  209  1.56      8.22      5.96      2.83      8.46      8.87    
0  210  1.58      6.94      8.24      2.20      6.44      5.69    
0  211  1.58      8.03      5.61      2.49      10.2      4.05    
0  212  1.55      8.86      7.57      2.36      7.09      9.69    
0  213  1.56      8.15      6.69      2.88      8.79      5.29    
0  214  1.56      9.40      8.38      2.86      8.21      14.3    
0  215  1.56      7.84      5.83      2.55      9.70      13.2    
0  216  1.54      6.53      7.69      2.68      7.51      8.24    
0  217  1.56      8.36      7.30      2.45      7.67      7.67    
0  218  1.57      8.17      7.57      2.41      6.56      4.99    
0  219  1.54      9.57      7.15      2.10      8.47      8.39    
0  220  1.55      6.47      6.66      3.00      6.62      6.87    
0  221  1.54      9.02      7.04      2.87      10.2      9.36    
0  222  1.57      8.70      8.05      2.97      9.43      13.8    
0  223  1.57      7.59      5.98      2.61      6.87      8.50    
0  224  1.55      6.54      7.01      3.05      8.90      6.94    
0  225  1.56      7.97      6.81      2.35      6.59      11.1    
0  226  1.57      9.11      7.23      2.50      6.58      8.01    
0  227  1.58      8.37      8.14      2.63      7.68      13.5    
0  228  1.56      7.31      5.65      2.94      10.4      5.18    
0  229  1.56      7.08      7.13      2.87      8.42      6.25    
0  230  1.57      6.41      6.94      2.70      7.94      11.9    
0  231  1.56      9.05      6.63      2.27      8.27      10.2    
0  232  1.56      6.78      6.40      2.78      6.97      6.93    
0  233  1.58      8.85      7.75      2.38      9.43      11.6    
0  234  1.57      8.47      7.52      2.71      9.29      11.3    
0  235  1.58      7.09      6.72      2.41      9.05      7.54    
0  236  1.56      6.96      7.55      2.62      8.94      13.4    
0  237  1.55      7.48      8.36      2.41      10.4      6.61    
0  238  1.58      7.73      8.17      2.43      6.81      13.6    
0  239  1.57      7.23      8.20      3.01      9.82      12.3    
0  240  1.57      8.32      6.14      2.83      7.88      7.61    
0  241  1.54      8.19      7.92      2.90      9.85      5.90    
0  242  1.57      7.35      6.17      2.62      10.5      7.30    
0  243  1.57      9.38      6.06      2.83      6.43      13.5    
0  244  1.56      8.32      7.50      2.35      7.45      14.6    
0  245  1.55      8.28      6.28      2.27      7.71      14.8    
0  246  1.54      8.87      7.26      2.10      9.23      8.47    
0  247  1.56      9.12      7.94      2.67      10.4      8.74    
0  248  1.57      8.24      8.06      2.60      8.16      7.56    
0  249  1.57      6.45      6.36      3.02      6.76      14.0    
0  250  1.56      6.58      6.05      2.60      9.66      9.32    
0  251  1.55      9.44      7.34      2.54      6.78      9.10    
0  252  1.56      8.25      8.25      2.54      10.0      8.25    
0  253  1.57      8.37      6.96      2.69      9.18      9.90    
0  254  1.57      7.42      7.66      2.13      8.47      12.2    
0  255  1.56      8.01      6.19      2.24      7.93      11.0    
0  256  1.57      7.72      5.69      2.09      9.65      11.4    
0  257  1.55      6.53      8.36      2.49      6.36      6.46    
0  258  1.55      7.36      7.85      2.62      8.20      8.22    
0  259  1.57      7.77      7.85      2.69      9.10      6.51    
0  260  1.57      6.79      8.01      2.94      9.78      6.82    
0  261  1.57      6.80      6.53      2.76      7.57      10.3    
0  262  1.55      6.57      5.81      2.07      9.01      13.5    
0  263  1.55      8.07      7.43      2.98      6.47      11.1    
0  264  1.55      7.38      6.36      2.84      8.99      7.76    
0  265  1.57      9.16      6.58      2.72      8.25      6.58    
0  266  1.57      7.68      7.23      2.06      7.60      8.54    
0  267  1.56      8.34      6.35      2.38      8.17      13.1    
0  268  1.54      9.08      8.04      2.92      9.77      8.96    
0  269  1.56      7.78      6.18      2.76      7.99      12.0    
0  270  1.54      6.60      7.15      2.12      7.95      7.41    
0  271  1.55      8.11      6.67      2.63      7.79      12.6    
0  272  1.57      8.01      6.22      2.93      7.52      3.91    
0  273  1.57      6.44      8.10      2.74      7.37      7.93    
0  274  1.57      8.94      6.05      3.02      7.63      8.82    
0  275  1.56      6.82      7.43      3.04      9.34      10.9    
0  276  1.58      8.91      8.22      2.49      7.46      10.3    
0  277  1.55      6.97      6.87      2.14      8.74      14.2    
0  278  1.55      7.01      6.13      3.02      8.05      13.4    
0  279  1.56      7.12      5.63      2.16      8.13      4.61    
0  280  1.54      7.56      6.82      2.14      9.20      7.23    
0  281  1.57      9.56      7.06      2.97      7.91      4.02    
0  282  1.57      6.45      7.10      2.36      7.22      13.0    
0  283  1.57      6.85      8.32      2.65      7.08      6.06    
0  284  1.57      8.86      6.65      2.15      8.95      7.84    
0  285  1.57      8.61      7.05      2.07      9.10      7.07    
0  286  1.55      7.91      5.70      2.70      7.04      8.89    
0  287  1.54      7.44      8.11      2.09      9.15      6.02    
0  288  1.55      7.92      6.22      2.54      9.24      8.17    
0  289  1.57      7.85      7.64      2.34      6.93      10.0    
0  290  1.55      7.64      7.68      2.30      8.03      14.6    
0  291  1.54      8.50      6.77      2.24      9.88      5.53    
0  292  1.56      8.31      5.94      2.96      7.86      13.9    
0  293  1.54      6.62      5.75      2.43      7.28      11.0    
0  294  1.58      9.44      7.67      2.17      8.06      15.3    
0  295  1.57      8.41      6.54      2.97      9.72      5.52    
0  296  1.58      9.18      7.95      2.19      9.64      14.1    
0  297  1.56      6.68      7.68      2.56      7.25      9.58    
0  298  1.55      8.41      7.25      2.46      8.89      10.4    
0  299  1.55      8.72      7.71      2.16      9.95      6.78    
0  300  1.55      6.58      7.22      2.28      10.5      10.7    
0  301  1.54      6.43      5.84      2.29      8.44      9.87    
0  302  1.58      6.56      6.63      2.60      7.74      11.9    
0  303  1.54      7.57      6.87      2.84      9.04      6.21    
0  304  1.55      7.58      5.90      3.02      7.15      6.31    
0  305  1.55      7.35      5.82      2.52      8.52      14.4    
0  306  1.58      8.06      6.79      2.06      8.87      12.6    
0  307  1.56      8.43      8.21      2.64      7.31      12.4    
0  308  1.56      8.65      6.41      2.96      10.0      12.4    
0  309  1.57      9.38      7.41      2.59      9.51      14.7    
0  310  1.54      6.92      6.50      2.85      8.87      10.1    
0  311  1.55      9.03      6.50      2.58      9.21      7.92    
0  312  1.57      8.61      5.68      2.41      6.73      6.54    
0  313  1.54      8.98      7.45      2.64      10.4      9.20    
0  314  1.56      7.66      6.83      2.86      8.98      10.0    
0  315  1.57      8.62      6.20      2.58      9.93      13.2    
0  316  1.56      8.49      7.24      2.53      8.61      6.10    
0  317  1.57      7.74      6.74      2.40      9.49      13.8    
0  318  1.57      9.26      7.33      2.32      7.43      5.74    
0  319  1.56      8.66      6.67      2.85      9.59      13.3    
0  320  1.56      8.95      7.87      2.96      7.72      14.5    
0  321  1.57      9.31      7.37      2.47      6.69      9.92    
0  322  1.56      7.70      5.88      2.55      7.19      12.1    
0  323  1.57      8.26      7.60      2.71      9.75      6.40    
0  324  1.57      7.58      6.43      2.66      9.91      11.4    
0  325  1.57      6.72      5.74      2.79      8.77      6.71    
0  326  1.56      6.62      8.12      2.75      7.65      14.8    
0  327  1.54      7.59      7.53      2.16      9.22      11.5    
0  328  1.56      7.61      6.55      2.04      8.84      8.67    
0  329  1.55      9.45      6.60      2.99      8.35      11.4    
0  330  1.54      7.41      6.26      2.55      9.32      10.4    
0  331  1.54      7.25      5.89      2.62      9.63      6.85    
0  332  1.56      6.87      6.52      2.07      6.76      5.14    
0  333  1.56      6.94      6.07      2.48      9.25      10.7    
0  334  1.56      6.63      7.58      2.59      9.50      12.3    
0  335  1.56      9.47      7.22      2.66      8.72      15.1    
0  336  1.54      7.90      7.42      2.75      7.43      5.11    
0  337  1.57      6.84      7.52      2.81      9.26      12.1    
0  338  1.57      8.71      6.29      2.42      7.02      11.3    
0  339  1.55      8.28      6.62      2.96      10.2      10.7    
0  340  1.54      7.34      6.58      2.80      6.32      15.4    
0  341  1.57      7.69      8.11      3.00      7.98      12.3    
0  342  1.57      7.18      6.56      2.65      10.4      14.9    
0  343  1.56      6.44      7.47      2.65      9.03      10.2    
0  344  1.58      7.53      6.86      2.25      9.48      11.1    
0  345  1.56      7.22      7.11      2.44      6.92      15.2    
0  346  1.56      6.82      6.04      2.31      8.27      14.5    
0  347  1.56      7.18      7.14      2.84      8.01      8.99    
0  348  1.55      8.47      5.81      2.57      9.68      12.1    
0  349  1.57      9.30      5.72      2.92      9.34      9.66    
0  350  1.58      8.90      6.08      2.27      10.2      6.13    
0  351  1.57      8.17      6.80      2.05      8.82      8.95    
0  352  1.58      9.00      5.96      2.89      6.74      13.6    
0  353  1.58      8.89      6.17      2.18      7.73      5.07    
0  354  1.56      8.63      7.48      2.55      6.41      8.06    
0  355  1.55      7.49      6.39      2.25      6.70      7.37    
0  356  1.55      9.41      7.49      2.57      8.76      7.25    
0  357  1.55      6.88      8.34      2.08      6.32      12.2    
0  358  1.56      9.36      6.73      2.68      8.18      4.71    
0  359  1.57      8.02      5.87      2.76      10.3      7.95    
0  360  1.57      7.43      7.13      2.47      8.30      10.4    
0  361  1.54      6.59      6.95      2.81      10.4      10.1    
0  362  1.55      7.44      7.39      2.94      6.69      11.4    
0  363  1.54      7.43      7.19      2.72      8.58      6.36    
0  364  1.58      9.11      6.82      2.80      10.0      14.4    
0  365  1.55      8.93      5.89      2.23      7.58      10.3    
0  366  1.58      7.33      8.17      2.48      6.52      9.72    
0  367  1.55      7.17      7.82      2.80      8.24      9.04    
0  368  1.58      8.13      7.55      2.67      6.62      13.4    
0  369  1.57      8.30      7.27      2.17      8.82      6.37    
0  370  1.55      9.10      5.68      2.20      7.21      9.25    
0  371  1.54      6.49      6.99      2.41      6.38      5.37    
0  372  1.56      9.56      6.37      2.31      7.27      6.50    
0  373  1.56      7.01      7.49      2.89      8.71      9.09    
0  374  1.54      6.83      6.85      2.91      8.09      4.53    
0  375  1.57      7.73      6.84      2.80      7.93      10.7    
0  376  1.56      9.30      6.23      2.64      7.01      14.6    
0  377  1.58      8.54      6.97      2.22      10.0      4.40    
0  378  1.54      7.63      8.09      2.12      8.66      10.6    
0  379  1.56      8.43      8.02      2.13      9.83      6.43    
0  380  1.54      8.90      8.20      2.52      7.26      15.2    
0  381  1.57      8.77      5.86      2.98      9.47      3.99    
0  382  1.54      8.33      6.99      2.80      8.96      10.3    
0  383  1.55      8.98      6.76      2.21      10.3      7.45    
0  384  1.57      6.40      7.65      2.33      8.38      8.78    
0  385  1.56      7.47      7.35      2.14      6.40      10.8    
0  386  1.54      7.50      7.86      2.93      10.2      5.43    
0  387  1.57      9.43      7.04      2.30      6.91      9.75    
0  388  1.55      9.22      8.28      2.33      8.86      8.82    
0  389  1.57      8.45      6.76      2.96      9.14      14.1    
0  390  1.54      7.21      7.80      2.87      7.18      15.1    
0  391  1.55      8.25      7.46      2.40      10.1      15.0    
0  392  1.57      7.45      6.57      2.30      7.39      5.93    
0  393  1.56      6.90      5.67      2.61      8.36      11.8    
0  394  1.56      8.76      7.40      2.18      6.97      8.91    
0  395  1.58      9.58      7.84      2.95      7.55      12.0    
0  396  1.56      9.51      6.07      2.51      7.53      7.82    
0  397  1.54      7.04      6.12      2.30      7.68      14.1    
0  398  1.58      9.60      6.25      2.25      7.48      13.1    
0  399  1.58      7.02      6.65      2.52      6.48      7.74    
0  400  1.54      7.83      6.85      2.88      10.0      15.3    
0  401  1.58      8.83      6.91      3.00      6.51      7.09    
0  402  1.55      6.47      6.90      2.66      8.33      4.82    
0  403  1.56      8.29      7.70      2.85      8.14      13.1    
0  404  1.55      7.65      6.98      2.64      9.46      15.2    
0  405  1.55      8.10      5.65      2.17      10.1      4.00    
0  406  1.57      7.99      7.29      2.19      6.35      13.8    
0  407  1.56      6.56      5.76      2.26      8.43      14.9    
0  408  1.55      7.93      8.30      2.90      10.4      8.12    
0  409  1.58      8.02      6.20      2.21      8.53      13.7    
0  410  1.55      9.34      6.62      2.63      6.50      14.2    
0  411  1.55      6.71      5.70      2.17      6.37      7.47    
0  412  1.55      9.59      6.71      2.42      8.10      12.9    
0  413  1.55      8.20      7.93      2.03      9.30      5.83    
0  414  1.55      8.79      5.64      2.88      9.32      12.7    
0  415  1.54      6.71      6.48      2.40      9.76      14.1    
0  416  1.56      6.93      6.54      2.88      6.34      4.12    
0  417  1.55      7.63      6.03      3.04      6.58      11.0    
0  418  1.55      7.97      7.05      2.79      8.73      4.68    
0  419  1.56      8.55      5.99      3.02      8.55      7.03    
0  420  1.55      6.97      5.84      2.69      9.98      8.36    
0  421  1.57      9.17      6.16      2.79      8.11      14.2    
0  422  1.57      7.60      8.00      2.10      8.23      14.5    
0  423  1.56      6.76      6.66      2.68      8.33      10.8    
0  424  1.54      8.75      6.95      2.66      9.42      7.43    
0  425  1.55      7.00      6.64      2.37      10.1      11.1    
0  426  1.56      7.19      6.57      2.71      7.35      14.8    
0  427  1.55      8.88      7.99      2.75      9.61      9.96    
0  428  1.55      7.10      6.27      2.14      9.88      15.3    
0  429  1.58      7.61      7.12      2.43      6.89      4.31    
0  430  1.54      6.80      6.90      2.35      8.65      8.10    
0  431  1.55      8.12      8.03      2.54      8.00      6.91    
0  432  1.58      7.32      5.85      2.26      9.41      8.60    
0  433  1.54      7.82      7.88      2.08      8.80      4.74    
0  434  1.55      9.21      6.09      2.77      7.38      8.58    
0  435  1.55      6.61      7.93      2.61      8.42      4.95    
0  436  1.57      9.49      6.49      2.85      6.67      5.85    
0  437  1.55      9.05      8.12      2.11      8.01      6.00    
0  438  1.55      6.48      7.98      2.29      6.84      5.57    
0  439  1.55      9.14      7.97      2.43      6.45      6.19    
0  440  1.57      6.76      6.13      2.82      7.59      10.4    
0  441  1.55      8.94      7.17      2.38      6.52      11.7    
0  442  1.57      9.11      7.08      2.59      7.40      9.44    
0  443  1.58      9.32      8.40      2.23      8.68      12.7    
0  444  1.54      9.16      6.75      2.03      6.48      8.48    
0  445  1.57      6.55      6.15      2.50      7.86      9.52    
0  446  1.55      6.51      7.45      2.32      8.91      14.3    
0  447  1.57      8.82      8.24      2.99      7.47      13.2    
0  448  1.55      9.03      5.63      3.01      9.39      7.33    
0  449  1.58      8.83      7.38      2.77      10.0      7.38    
0  450  1.58      8.27      8.16      3.04      7.32      9.84    
0  451  1.56      8.81      7.90      2.74      9.07      12.4    
0  452  1.56      9.53      6.71      2.74      6.94      7.12    
0  453  1.57      7.11      7.82      2.32      9.72      9.61    
0  454  1.57      8.51      7.63      2.36      10.3      11.5    
0  455  1.55      9.17      8.33      2.37      9.28      12.1    
0  456  1.56      6.93      6.21      2.68      6.63      11.9    
0  457  1.57      9.42      7.07      2.17      7.92      9.16    
0  458  1.57      9.36      7.12      2.12      9.61      7.18    
0  459  1.55      9.23      6.18      2.22      9.38      8.08    
0  460  1.56      6.89      6.30      2.95      9.60      12.7    
0  461  1.57      7.69      5.64      2.18      8.48      13.3    
0  462  1.56      7.77      7.21      2.89      7.65      9.98    
0  463  1.55      9.39      5.82      3.04      7.07      5.09    
0  464  1.56      7.99      7.63      2.81      10.3      14.7    
0  465  1.55      9.09      7.94      2.07      7.29      10.5    
0  466  1.56      9.29      6.68      2.16      7.23      5.79    
0  467  1.55      6.52      8.26      2.20      8.69      10.9    
0  468  1.58      6.49      7.77      2.04      7.15      5.62    
0  469  1.55      7.19      5.90      2.70      6.96      13.3    
0  470  1.54      8.69      5.71      2.92      10.4      14.4    
0  471  1.57      6.73      8.27      2.78      10.5      6.32    
0  472  1.57      7.96      7.89      2.36      7.41      4.86    
0  473  1.56      6.51      5.88      2.09      9.25      15.1    
0  474  1.54      7.32      8.07      2.47      7.82      5.91    
0  475  1.56      7.29      8.27      2.34      9.79      4.58    
0  476  1.56      7.42      5.94      2.28      6.90      10.4    
0  477  1.55      7.52      6.08      2.56      10.1      10.2    
0  478  1.57      7.20      6.43      2.52      10.2      6.66    
0  479  1.56      8.09      8.01      2.33      9.39      10.5    
0  480  1.54      8.85      6.59      2.32      8.04      9.06    
0  481  1.55      8.21      7.77      2.19      10.2      4.79    
0  482  1.55      6.77      6.47      2.73      10.5      11.3    
0  483  1.57      6.90      7.18      2.60      9.66      4.97    
0  484  1.55      6.67      7.10      2.78      9.46      7.90    
0  485  1.56      7.75      6.43      3.04      8.26      3.96    
0  486  1.57      8.17      8.32      2.69      9.54      4.13    
0  487  1.55      8.73      7.85      2.60      8.57      4.27    
0  488  1.57      8.53      5.77      2.13      6.86      5.47    
0  489  1.55      9.47      6.01      2.77      7.13      7.26    
0  490  1.58      7.23      8.05      2.73      6.66      4.38    
0  491  1.54      7.06      7.52      2.82      8.64      8.69    
0  492  1.55      7.46      6.49      2.76      10.3      4.07    
0  493  1.55      8.58      6.38      2.13      9.53      11.9    
0  494  1.55      8.88      6.89      2.75      10.2      8.73    
0  495  1.55      9.55      6.77      2.72      7.75      13.9    
0  496  1.55      8.16      6.83      2.49      9.80      13.6    
0  497  1.56      8.74      6.45      2.73      7.45      5.63    
0  498  1.58      7.84      7.14      2.83      10.1      4.33    
0  499  1.54      8.31      6.53      3.03      8.08      7.63    
0  500  1.56      9.46      8.09      2.09      9.79      14.0    
1Pecos::LHSDriver                                                                                                             
0RANKS OF LATIN HYPERCUBE SAMPLE INPUT VECTORS

 RUN NO.    X(1)      X(2)      X(3)      X(4)      X(5)      X(6)
0    1      231.      419.       82.      315.       22.      212.
0    2      337.       80.      332.      234.      196.       70.
0    3      368.      331.       56.      168.      436.      392.
0    4       51.      478.      217.      222.      179.      481.
0    5      471.      231.       23.       81.      150.       97.
0    6       35.      430.      266.      198.       68.       15.
0    7      257.      437.      322.      336.      336.      292.
0    8       44.      456.      214.      500.      190.      485.
0    9       66.      487.      422.      409.      387.      191.
0   10      289.      368.      171.       91.      365.       60.
0   11      493.       22.      115.      224.      102.      333.
0   12      355.      305.      355.      130.      155.       24.
0   13      230.       37.      373.      112.      159.      438.
0   14      475.      427.      302.       18.      162.      452.
0   15       75.      402.      453.      372.      176.      354.
0   16       19.      449.      341.       85.       43.        9.
0   17      139.      417.      356.      312.       56.      456.
0   18       67.       38.        2.       39.        3.      185.
0   19      354.       91.      327.      161.      390.      269.
0   20      318.      210.       92.      468.      124.      404.
0   21      338.      489.      463.      298.      240.      307.
0   22      410.      332.      323.      284.      250.      364.
0   23      173.       74.      484.      358.      157.      207.
0   24      190.      109.      156.      201.      473.       25.
0   25      336.      238.      426.       12.      149.       90.
0   26       73.      140.      367.      262.      439.      180.
0   27      299.      273.      229.      445.      143.       63.
0   28      401.      132.      455.      432.      199.      445.
0   29       49.      482.       34.       80.      141.      244.
0   30      141.      272.      128.       65.      500.       49.
0   31      193.      137.      347.       96.      301.      447.
0   32      453.      116.      101.      314.      178.      431.
0   33      116.      319.      496.      236.      364.      232.
0   34      144.      320.      294.      260.      329.      169.
0   35      220.      440.      300.       41.      308.      434.
0   36       78.      394.      307.      191.      320.       44.
0   37      306.      310.      114.        4.      181.      499.
0   38      446.      429.      462.      189.      264.      195.
0   39      145.       99.      315.      150.      297.      161.
0   40      438.      236.        3.      194.      344.      345.
0   41      201.      152.      378.      466.      295.      437.
0   42      197.       47.      314.      277.      324.      192.
0   43      208.      220.      179.       56.      269.      102.
0   44      433.      179.      158.      100.      182.       12.
0   45      417.      340.      497.       45.      448.      311.
0   46      240.      203.      329.      203.      328.      458.
0   47      360.      230.      359.      404.      440.      396.
0   48      135.      369.      391.      492.      119.      291.
0   49      352.      149.      469.      343.      418.      391.
0   50      329.      396.      256.      219.      292.      111.
0   51      215.      258.      352.      137.      220.      243.
0   52       42.       76.      495.      408.       89.      198.
0   53      217.      206.      375.      264.      173.       86.
0   54      177.      362.      281.       92.       58.       91.
0   55      430.      176.      439.      422.      288.       43.
0   56      113.      156.      382.       11.       90.      433.
0   57      485.      344.      452.       32.      315.      136.
0   58      226.       10.      407.      340.      358.      170.
0   59       13.      356.       63.       34.      249.      375.
0   60       27.      102.       90.       16.       62.       99.
0   61      150.      138.      443.       82.      225.       20.
0   62      421.       92.      335.       47.      282.       95.
0   63       71.      228.      202.      406.       63.      427.
0   64      172.      288.      164.       17.      437.      344.
0   65      459.      328.       57.      221.      361.      315.
0   66      168.      218.      361.      490.      410.      385.
0   67      229.      303.      130.       59.       27.      339.
0   68      252.      129.       28.      211.       95.      389.
0   69       29.      485.      481.      387.      280.      187.
0   70       70.      115.      429.      179.      451.      142.
0   71      407.      407.      129.       36.      302.       65.
0   72       81.      410.      363.      114.      167.      140.
0   73       89.      375.       33.      190.      188.      441.
0   74      303.      322.      132.      470.      129.      483.
0   75      469.      199.       36.      212.      209.      362.
0   76      442.      100.      141.       42.      147.      289.
0   77      295.       46.      499.      159.       82.       45.
0   78      297.      250.      286.      134.      133.      306.
0   79      287.      379.       32.      167.      402.      319.
0   80      153.      141.      177.      393.       14.      335.
0   81      245.      261.       67.      352.       61.      372.
0   82      212.       70.      369.      321.      103.      325.
0   83      181.      357.      116.      337.      263.       57.
0   84      293.      311.      383.      231.       59.      165.
0   85      454.      350.      127.      229.      275.      178.
0   86      247.       54.      151.       75.      189.      420.
0   87       76.      106.      413.      471.       29.      321.
0   88      206.        3.      112.       58.      479.      414.
0   89      327.       32.      284.       90.      261.      230.
0   90      456.      191.      201.      383.      374.       29.
0   91      445.      265.      424.      474.       28.      419.
0   92      385.      263.      287.      204.       53.      253.
0   93      347.      484.      470.      151.      332.       59.
0   94      102.      180.       91.      365.      429.      166.
0   95       86.      105.      204.      171.      447.      409.
0   96      466.       88.      239.       23.      396.      453.
0   97      149.      119.      480.        8.      385.      158.
0   98      174.      268.       16.      482.      354.      128.
0   99       40.      157.      320.      498.        8.      487.
0  100      495.      325.      306.      371.      366.      300.
0  101       37.      235.       98.      398.       74.      343.
0  102      185.      271.      444.      136.       65.      425.
0  103      248.      279.      386.      308.      388.      421.
0  104      488.      306.       71.      157.      224.       32.
0  105      107.      443.      476.       88.      493.      492.
0  106       47.      400.      244.      473.      342.      223.
0  107      448.      174.      312.      177.      459.      240.
0  108      429.      343.      387.      489.      485.      334.
0  109       34.      245.      420.      428.       92.       27.
0  110      357.      438.      146.      426.      450.      324.
0  111      376.        4.      153.      175.      230.      203.
0  112      262.      111.      301.        5.      174.       79.
0  113      346.      223.      435.      244.      277.      376.
0  114      209.      257.      390.      329.       86.        2.
0  115      440.      372.      299.      271.       96.      257.
0  116      451.      205.      466.      245.      489.      353.
0  117      160.       59.      196.      102.       40.      237.
0  118      386.      358.       89.      346.       99.       66.
0  119      484.      153.      211.      417.      166.      197.
0  120      124.      351.      131.      118.      338.      363.
0  121      353.      347.      119.      117.      375.       50.
0  122      331.      136.      254.      218.      347.       68.
0  123      450.      450.      279.      213.       12.      356.
0  124      468.      461.      120.       72.      184.      246.
0  125      311.       82.       42.      107.      108.      472.
0  126      192.      313.      491.      176.      433.      401.
0  127      328.      382.      396.      111.       30.      479.
0  128      380.      282.       24.      101.      286.      317.
0  129      313.      213.      404.      461.       48.       54.
0  130      225.      195.      442.      105.      404.      498.
0  131       65.      326.      385.      257.      312.      390.
0  132      341.      142.      295.      129.       88.      383.
0  133       84.      259.      411.      303.      118.      241.
0  134      414.      255.      381.      434.      122.      288.
0  135      127.      217.       30.      444.      406.       58.
0  136       12.      463.      133.      247.      205.      346.
0  137      106.      219.       58.      268.      273.       16.
0  138      255.      446.      473.      149.      126.      369.
0  139      285.      197.      399.      388.      484.      228.
0  140      288.      401.      456.       26.      470.      235.
0  141      233.      134.      395.      125.      431.       80.
0  142      163.       72.      380.      205.      237.      407.
0  143      218.      355.      181.      165.       36.      388.
0  144      345.       64.       11.      431.      425.      149.
0  145      478.      118.      264.      467.      457.       23.
0  146      425.      242.      212.      181.       50.       14.
0  147      207.      221.      414.      139.      389.      296.
0  148      250.      373.       70.      368.      482.      119.
0  149      322.      173.      251.       95.      497.      193.
0  150      366.      333.       72.      230.      337.       33.
0  151      423.      120.      483.      435.      458.      125.
0  152      342.      408.      143.      152.      478.      484.
0  153      325.      499.      237.      332.      246.      135.
0  154      242.      169.      336.      121.      420.      387.
0  155       85.      488.      305.      391.      105.       62.
0  156      333.      241.       77.      237.      461.      379.
0  157      390.      178.      197.      440.      434.      318.
0  158      136.      416.       64.       99.      251.       26.
0  159      126.      445.      350.      207.      335.      467.
0  160       48.      285.      392.      127.      239.      377.
0  161       52.      114.      485.      480.      175.      340.
0  162        4.      117.      135.      295.      262.      157.
0  163      269.       41.       48.      141.       17.      330.
0  164      482.      337.      428.      436.      274.      394.
0  165      340.      233.      410.      294.      422.      304.
0  166      477.      470.      247.       60.      227.      134.
0  167      198.      448.       21.      123.       81.       77.
0  168      393.      229.      238.      202.      198.      144.
0  169      213.       48.      379.      450.       97.       38.
0  170      320.      243.      123.        3.      466.      473.
0  171      362.      342.      360.      453.      236.      337.
0  172      108.      459.      250.      326.      477.      250.
0  173      265.      472.      309.      416.      472.      471.
0  174      210.       40.      308.      265.      409.      256.
0  175      236.       44.      267.      447.      313.       74.
0  176       56.      166.      490.       38.      272.      116.
0  177      176.       16.      147.      242.      267.      373.
0  178      214.      352.       93.      208.      256.      258.
0  179      134.      451.       35.      251.      183.      219.
0  180       62.      466.      394.      178.       41.       13.
0  181      492.       39.      236.      108.      452.      461.
0  182      374.      295.      282.      259.      156.      263.
0  183       95.       42.      458.      483.       35.      234.
0  184      427.      182.      358.      400.      428.       82.
0  185      486.      365.      235.      425.      123.      475.
0  186      274.      413.       25.      477.      480.      338.
0  187      121.       55.       73.      263.       77.      247.
0  188      280.      444.      230.      214.       83.      206.
0  189      259.      338.      255.      369.      248.      395.
0  190      439.      377.       12.      411.      305.      374.
0  191        2.      436.      154.       14.      424.       35.
0  192      162.       53.      126.      238.       49.      493.
0  193      394.      405.       59.      385.      215.      239.
0  194      470.       66.      492.      443.       10.       40.
0  195      490.      103.       76.       53.      110.      400.
0  196      365.      232.       75.      330.      142.      122.
0  197      424.       93.       60.      433.      211.      426.
0  198      244.      458.      226.      462.      341.      121.
0  199      307.      312.      317.      351.      284.      276.
0  200      296.      155.       47.      269.      243.      386.
0  201       25.      491.      252.      349.       69.      286.
0  202      199.      283.      461.      286.      115.      267.
0  203      378.      493.      139.      291.      323.      302.
0  204       91.      316.      346.      174.      382.      469.
0  205      460.      135.      194.      206.      331.      173.
0  206      202.      339.      263.       10.      217.      104.
0  207       36.       98.      163.      275.      391.      270.
0  208      351.      418.        4.       25.      318.      124.
0  209      267.      286.       65.      392.      257.      216.
0  210      480.       85.      472.       84.       16.       78.
0  211      489.      256.        1.      226.      464.        7.
0  212       88.      385.      353.      162.       94.      252.
0  213      188.      274.      195.      420.      296.       61.
0  214      223.      469.      498.      407.      228.      451.
0  215      224.      226.       41.      254.      405.      405.
0  216       45.       21.      374.      319.      144.      189.
0  217      249.      307.      304.      209.      163.      164.
0  218      432.      277.      351.      186.       31.       48.
0  219       10.      496.      277.       33.      259.      196.
0  220      157.       12.      189.      475.       38.      130.
0  221       11.      409.      257.      414.      460.      238.
0  222      324.      360.      437.      460.      373.      429.
0  223      339.      187.       68.      283.       67.      201.
0  224      180.       23.      253.      499.      310.      133.
0  225      284.      247.      216.      156.       34.      314.
0  226      330.      423.      292.      233.       32.      179.
0  227      498.      309.      454.      296.      165.      417.
0  228      294.      143.        9.      449.      486.       56.
0  229      266.      107.      273.      412.      253.      103.
0  230      369.        2.      240.      331.      195.      350.
0  231      261.      414.      184.      120.      235.      273.
0  232      235.       60.      144.      370.       79.      132.
0  233      472.      384.      384.      172.      372.      336.
0  234      372.      324.      344.      334.      356.      322.
0  235      487.      108.      200.      188.      327.      159.
0  236      211.       87.      349.      292.      314.      413.
0  237      131.      170.      494.      185.      491.      118.
0  238      465.      209.      459.      199.       60.      423.
0  239      434.      130.      464.      481.      419.      365.
0  240      363.      301.       97.      394.      187.      162.
0  241       58.      280.      415.      429.      423.       87.
0  242      408.      148.      103.      288.      496.      148.
0  243      335.      465.       83.      390.       15.      418.
0  244      302.      300.      340.      158.      136.      464.
0  245      165.      294.      122.      116.      168.      474.
0  246       43.      387.      297.       35.      349.      199.
0  247      276.      426.      419.      316.      494.      211.
0  248      387.      287.      440.      280.      221.      160.
0  249      317.        8.      136.      488.       54.      439.
0  250      292.       29.       80.      282.      400.      236.
0  251      130.      476.      311.      248.       57.      227.
0  252      204.      290.      474.      250.      446.      190.
0  253      381.      308.      243.      323.      343.      261.
0  254      436.      160.      368.       50.      258.      360.
0  255      279.      252.      106.      104.      193.      310.
0  256      412.      207.       17.       31.      399.      329.
0  257      110.       20.      493.      228.        6.      112.
0  258      137.      151.      401.      289.      226.      188.
0  259      395.      214.      402.      322.      333.      114.
0  260      413.       61.      431.      448.      414.      127.
0  261      431.       62.      166.      361.      151.      280.
0  262       92.       27.       37.       21.      322.      416.
0  263      120.      262.      328.      465.       19.      313.
0  264      114.      154.      137.      396.      321.      168.
0  265      314.      431.      175.      338.      232.      117.
0  266      343.      200.      291.       13.      154.      202.
0  267      272.      304.      134.      173.      222.      398.
0  268       46.      420.      436.      437.      413.      221.
0  269      300.      216.      105.      360.      201.      352.
0  270       24.       31.      278.       44.      197.      153.
0  271       99.      267.      191.      297.      177.      378.
0  272      377.      251.      111.      442.      145.        1.
0  273      404.        7.      447.      348.      127.      176.
0  274      356.      397.       81.      487.      158.      215.
0  275      304.       65.      326.      497.      363.      305.
0  276      447.      393.      468.      227.      138.      278.
0  277       93.       89.      227.       57.      291.      450.
0  278      122.       96.       96.      484.      208.      415.
0  279      222.      113.        6.       66.      218.       31.
0  280       28.      181.      218.       54.      345.      145.
0  281      321.      495.      261.      459.      191.        6.
0  282      315.        9.      268.      164.      109.      397.
0  283      426.       71.      486.      306.       93.       94.
0  284      422.      386.      187.       61.      316.      172.
0  285      373.      345.      259.       22.      334.      138.
0  286      142.      237.       19.      328.       87.      217.
0  287       39.      163.      448.       29.      340.       93.
0  288       72.      239.      110.      252.      350.      186.
0  289      406.      227.      365.      153.       75.      268.
0  290       74.      194.      372.      132.      206.      465.
0  291       33.      329.      210.      103.      426.       72.
0  292      232.      299.       62.      455.      186.      436.
0  293       16.       35.       27.      196.      116.      308.
0  294      494.      475.      370.       70.      210.      497.
0  295      409.      315.      168.      463.      408.       71.
0  296      441.      435.      421.       79.      398.      442.
0  297      243.       45.      371.      258.      112.      248.
0  298      178.      314.      296.      210.      309.      282.
0  299       80.      363.      377.       63.      435.      126.
0  300      129.       28.      289.      124.      498.      295.
0  301       22.        5.       43.      126.      255.      260.
0  302      467.       26.      185.      278.      171.      349.
0  303        5.      183.      228.      397.      326.      101.
0  304      143.      184.       54.      486.      100.      105.
0  305      186.      150.       39.      243.      265.      455.
0  306      473.      260.      213.       15.      306.      380.
0  307      275.      318.      467.      301.      120.      371.
0  308      203.      353.      145.      457.      445.      370.
0  309      398.      467.      324.      274.      383.      468.
0  310       31.       81.      162.      403.      307.      271.
0  311      175.      412.      161.      272.      346.      175.
0  312      391.      346.       15.      187.       51.      115.
0  313       60.      404.      331.      299.      488.      231.
0  314      308.      198.      221.      410.      319.      266.
0  315      344.      348.      107.      270.      432.      406.
0  316      228.      327.      293.      246.      276.       96.
0  317      350.      211.      205.      182.      380.      430.
0  318      384.      447.      310.      145.      134.       81.
0  319      268.      354.      192.      401.      392.      408.
0  320      298.      399.      406.      454.      169.      460.
0  321      420.      455.      316.      216.       45.      262.
0  322      273.      204.       51.      255.      106.      358.
0  323      415.      291.      357.      333.      411.      109.
0  324      371.      185.      150.      309.      430.      326.
0  325      364.       51.       26.      375.      294.      123.
0  326      263.       34.      450.      353.      161.      476.
0  327       23.      186.      345.       64.      348.      332.
0  328      286.      190.      170.        7.      303.      208.
0  329       79.      477.      180.      469.      244.      327.
0  330       53.      158.      118.      256.      360.      285.
0  331       26.      133.       53.      290.      397.      129.
0  332      283.       73.      165.       19.       55.       55.
0  333      191.       86.       84.      220.      352.      297.
0  334      254.       36.      354.      273.      381.      367.
0  335      301.      481.      290.      310.      289.      486.
0  336        3.      234.      325.      356.      135.       53.
0  337      319.       69.      343.      384.      353.      357.
0  338      334.      361.      124.      192.       85.      323.
0  339      182.      293.      182.      458.      469.      298.
0  340       38.      147.      176.      377.        2.      500.
0  341      428.      201.      449.      476.      200.      366.
0  342      435.      123.      172.      305.      483.      480.
0  343      200.        6.      334.      304.      325.      275.
0  344      481.      177.      225.      109.      379.      312.
0  345      221.      128.      270.      200.       73.      494.
0  346      227.       67.       79.      140.      234.      462.
0  347      237.      122.      276.      399.      204.      222.
0  348       94.      323.       38.      267.      403.      355.
0  349      323.      454.       22.      439.      362.      251.
0  350      452.      392.       86.      119.      462.       98.
0  351      382.      276.      215.        9.      300.      220.
0  352      444.      406.       66.      423.       52.      424.
0  353      443.      390.      102.       73.      170.       51.
0  354      256.      349.      337.      253.       13.      181.
0  355      155.      171.      142.      110.       47.      151.
0  356      151.      471.      339.      266.      293.      146.
0  357      132.       75.      489.       27.        1.      361.
0  358      219.      462.      203.      320.      223.       36.
0  359      358.      253.       49.      359.      476.      177.
0  360      370.      161.      274.      215.      238.      281.
0  361       30.       30.      241.      382.      490.      272.
0  362      119.      164.      319.      446.       46.      328.
0  363       18.      162.      285.      339.      271.      107.
0  364      474.      425.      219.      380.      443.      457.
0  365       98.      395.       52.       98.      152.      277.
0  366      457.      146.      460.      223.       26.      254.
0  367      170.      121.      397.      378.      231.      224.
0  368      500.      270.      348.      313.       37.      412.
0  369      379.      297.      298.       68.      299.      108.
0  370       83.      422.       14.       86.      107.      233.
0  371       32.       15.      249.      184.        9.       64.
0  372      196.      494.      138.      138.      114.      113.
0  373      246.       95.      338.      421.      287.      226.
0  374       61.       68.      223.      430.      213.       28.
0  375      326.      208.      222.      376.      194.      294.
0  376      260.      453.      113.      300.       84.      466.
0  377      496.      335.      245.       93.      444.       22.
0  378        6.      192.      445.       43.      281.      293.
0  379      305.      317.      433.       48.      421.      110.
0  380       63.      391.      465.      241.      113.      491.
0  381      400.      371.       46.      464.      378.        4.
0  382       57.      302.      248.      379.      317.      279.
0  383       64.      403.      207.       89.      471.      155.
0  384      388.        1.      366.      148.      247.      213.
0  385      239.      168.      313.       55.       11.      301.
0  386       59.      172.      405.      441.      467.       67.
0  387      359.      474.      258.      133.       72.      255.
0  388      147.      441.      479.      147.      304.      214.
0  389      389.      321.      208.      456.      339.      443.
0  390       14.      127.      393.      413.      104.      488.
0  391      123.      289.      333.      180.      454.      482.
0  392      403.      165.      174.      131.      130.       89.
0  393      291.       79.       13.      287.      245.      342.
0  394      234.      370.      321.       76.       80.      218.
0  395      461.      497.      400.      452.      148.      351.
0  396      253.      486.       85.      235.      146.      171.
0  397        8.      101.       94.      135.      164.      446.
0  398      479.      500.      117.      106.      140.      402.
0  399      449.       97.      188.      240.       20.      167.
0  400       20.      224.      224.      418.      442.      496.
0  401      483.      380.      234.      478.       24.      139.
0  402      117.       11.      233.      311.      242.       41.
0  403      195.      296.      376.      405.      219.      399.
0  404       82.      196.      246.      302.      377.      490.
0  405      183.      266.       10.       67.      456.        5.
0  406      419.      248.      303.       77.        5.      432.
0  407      281.       25.       29.      113.      254.      478.
0  408      146.      240.      482.      427.      487.      184.
0  409      455.      254.      108.       87.      266.      428.
0  410      112.      460.      183.      293.       23.      449.
0  411      156.       50.       18.       71.        7.      156.
0  412       68.      498.      199.      193.      214.      393.
0  413      179.      281.      417.        2.      357.       84.
0  414      140.      374.        8.      419.      359.      381.
0  415       55.       49.      157.      183.      412.      444.
0  416      282.       84.      169.      415.        4.       10.
0  417      100.      193.       78.      496.       33.      309.
0  418      118.      246.      260.      374.      290.       34.
0  419      310.      336.       69.      485.      268.      137.
0  420      166.       90.       44.      325.      438.      194.
0  421      383.      434.      100.      373.      216.      448.
0  422      332.      188.      430.       37.      229.      463.
0  423      309.       56.      190.      317.      241.      299.
0  424        7.      367.      242.      307.      371.      154.
0  425      167.       94.      186.      169.      453.      316.
0  426      290.      125.      173.      335.      125.      477.
0  427      104.      388.      427.      354.      395.      264.
0  428      128.      110.      121.       52.      427.      495.
0  429      463.      189.      271.      197.       70.       18.
0  430       50.       63.      232.      155.      279.      183.
0  431      187.      269.      434.      249.      202.      131.
0  432      499.      144.       45.      115.      370.      205.
0  433       17.      222.      408.       24.      298.       37.
0  434       77.      439.       88.      362.      128.      204.
0  435      125.       33.      416.      285.      252.       46.
0  436      396.      483.      160.      402.       44.       85.
0  437      159.      415.      451.       40.      203.       92.
0  438      171.       13.      425.      128.       64.       73.
0  439      109.      428.      423.      195.       18.      100.
0  440      416.       57.       95.      389.      153.      284.
0  441      101.      398.      280.      170.       25.      341.
0  442      437.      424.      265.      276.      131.      242.
0  443      458.      457.      500.       97.      283.      382.
0  444        1.      432.      206.        1.       21.      200.
0  445      399.       24.       99.      232.      185.      245.
0  446       97.       18.      330.      142.      311.      454.
0  447      418.      378.      471.      472.      139.      403.
0  448      133.      411.        5.      479.      368.      150.
0  449      462.      381.      318.      364.      441.      152.
0  450      497.      292.      457.      493.      121.      259.
0  451      264.      376.      412.      350.      330.      368.
0  452      194.      490.      198.      347.       76.      141.
0  453      392.      112.      398.      144.      407.      249.
0  454      405.      330.      364.      160.      475.      331.
0  455      158.      433.      488.      166.      355.      359.
0  456      241.       83.      109.      318.       39.      348.
0  457      402.      473.      262.       69.      192.      229.
0  458      316.      464.      272.       46.      394.      143.
0  459       69.      442.      104.       94.      367.      182.
0  460      312.       77.      125.      451.      393.      384.
0  461      348.      202.        7.       74.      260.      410.
0  462      205.      215.      288.      424.      160.      265.
0  463      148.      468.       40.      494.       91.       52.
0  464      251.      249.      362.      381.      481.      470.
0  465      115.      421.      418.       20.      117.      287.
0  466      189.      452.      193.       62.      111.       83.
0  467      164.       19.      475.       83.      285.      303.
0  468      476.       14.      389.        6.      101.       75.
0  469      103.      124.       55.      327.       78.      411.
0  470       54.      359.       20.      438.      492.      459.
0  471      375.       52.      477.      366.      495.      106.
0  472      397.      244.      409.      163.      132.       42.
0  473      270.       17.       50.       28.      351.      489.
0  474       41.      145.      441.      217.      180.       88.
0  475      278.      139.      478.      154.      415.       30.
0  476      277.      159.       61.      122.       71.      283.
0  477      105.      175.       87.      261.      449.      274.
0  478      361.      126.      149.      239.      468.      120.
0  479      216.      264.      432.      146.      369.      290.
0  480       21.      383.      178.      143.      207.      225.
0  481      152.      284.      388.       78.      465.       39.
0  482      111.       58.      155.      342.      499.      320.
0  483      367.       78.      283.      281.      401.       47.
0  484      169.       43.      269.      367.      376.      174.
0  485      238.      212.      148.      495.      233.        3.
0  486      349.      278.      487.      324.      386.       11.
0  487       96.      364.      403.      279.      270.       17.
0  488      411.      334.       31.       49.       66.       69.
0  489      184.      480.       74.      363.       98.      147.
0  490      464.      131.      438.      344.       42.       21.
0  491       15.      104.      342.      386.      278.      209.
0  492      154.      167.      159.      357.      474.        8.
0  493       87.      341.      140.       51.      384.      347.
0  494       90.      389.      231.      355.      463.      210.
0  495      161.      492.      209.      341.      172.      435.
0  496      138.      275.      220.      225.      417.      422.
0  497      271.      366.      152.      345.      137.       76.
0  498      491.      225.      275.      395.      455.       19.
0  499        9.      298.      167.      491.      212.      163.
0  500      258.      479.      446.       30.      416.      440.
1   Pecos::LHSDriver                                                                                                             
0  HISTOGRAM FOR VARIABLE NO.  1     UNIFORM DISTRIBUTION

     Midpoint          Freq.

   1.5410000E+00        25    XXXXXXXXXXXXXXXXXXXXXXXXX
   1.5430000E+00        25    XXXXXXXXXXXXXXXXXXXXXXXXX
   1.5450000E+00        25    XXXXXXXXXXXXXXXXXXXXXXXXX
   1.5470000E+00        25    XXXXXXXXXXXXXXXXXXXXXXXXX
   1.5490000E+00        25    XXXXXXXXXXXXXXXXXXXXXXXXX
   1.5510000E+00        25    XXXXXXXXXXXXXXXXXXXXXXXXX
   1.5530000E+00        25    XXXXXXXXXXXXXXXXXXXXXXXXX
   1.5550000E+00        25    XXXXXXXXXXXXXXXXXXXXXXXXX
   1.5570000E+00        25    XXXXXXXXXXXXXXXXXXXXXXXXX
   1.5590000E+00        25    XXXXXXXXXXXXXXXXXXXXXXXXX
   1.5610000E+00        25    XXXXXXXXXXXXXXXXXXXXXXXXX
   1.5630000E+00        25    XXXXXXXXXXXXXXXXXXXXXXXXX
   1.5650000E+00        25    XXXXXXXXXXXXXXXXXXXXXXXXX
   1.5670000E+00        25    XXXXXXXXXXXXXXXXXXXXXXXXX
   1.5690000E+00        25    XXXXXXXXXXXXXXXXXXXXXXXXX
   1.5710000E+00        25    XXXXXXXXXXXXXXXXXXXXXXXXX
   1.5730000E+00        25    XXXXXXXXXXXXXXXXXXXXXXXXX
   1.5750000E+00        25    XXXXXXXXXXXXXXXXXXXXXXXXX
   1.5770000E+00        25    XXXXXXXXXXXXXXXXXXXXXXXXX
   1.5790000E+00        25    XXXXXXXXXXXXXXXXXXXXXXXXX
0                      500


      Min            Max           Range           Mean          Median        Variance

   1.5400387E+00  1.5799236E+00  3.9884872E-02  1.5599992E+00  1.5600112E+00  1.3330637E-04

1   Pecos::LHSDriver                                                                                                             
0  HISTOGRAM FOR VARIABLE NO.  2     UNIFORM DISTRIBUTION

     Midpoint          Freq.

   6.4799999E+00        25    XXXXXXXXXXXXXXXXXXXXXXXXX
   6.6399999E+00        25    XXXXXXXXXXXXXXXXXXXXXXXXX
   6.7999998E+00        25    XXXXXXXXXXXXXXXXXXXXXXXXX
   6.9599998E+00        25    XXXXXXXXXXXXXXXXXXXXXXXXX
   7.1199998E+00        25    XXXXXXXXXXXXXXXXXXXXXXXXX
   7.2799998E+00        25    XXXXXXXXXXXXXXXXXXXXXXXXX
   7.4399998E+00        25    XXXXXXXXXXXXXXXXXXXXXXXXX
   7.5999998E+00        25    XXXXXXXXXXXXXXXXXXXXXXXXX
   7.7599998E+00        25    XXXXXXXXXXXXXXXXXXXXXXXXX
   7.9199998E+00        25    XXXXXXXXXXXXXXXXXXXXXXXXX
   8.0799998E+00        25    XXXXXXXXXXXXXXXXXXXXXXXXX
   8.2399998E+00        25    XXXXXXXXXXXXXXXXXXXXXXXXX
   8.3999998E+00        25    XXXXXXXXXXXXXXXXXXXXXXXXX
   8.5599998E+00        25    XXXXXXXXXXXXXXXXXXXXXXXXX
   8.7199998E+00        25    XXXXXXXXXXXXXXXXXXXXXXXXX
   8.8799998E+00        25    XXXXXXXXXXXXXXXXXXXXXXXXX
   9.0399998E+00        25    XXXXXXXXXXXXXXXXXXXXXXXXX
   9.1999998E+00        25    XXXXXXXXXXXXXXXXXXXXXXXXX
   9.3599998E+00        25    XXXXXXXXXXXXXXXXXXXXXXXXX
   9.5199998E+00        25    XXXXXXXXXXXXXXXXXXXXXXXXX
0                      500


      Min            Max           Range           Mean          Median        Variance

   6.4000778E+00  9.5950565E+00  3.1949787E+00  8.0000615E+00  8.0024326E+00  8.5367245E-01

1   Pecos::LHSDriver                                                                                                             
0  HISTOGRAM FOR VARIABLE NO.  3     UNIFORM DISTRIBUTION

     Midpoint          Freq.

   5.6699999E+00        25    XXXXXXXXXXXXXXXXXXXXXXXXX
   5.8099999E+00        25    XXXXXXXXXXXXXXXXXXXXXXXXX
   5.9499999E+00        25    XXXXXXXXXXXXXXXXXXXXXXXXX
   6.0899999E+00        25    XXXXXXXXXXXXXXXXXXXXXXXXX
   6.2299999E+00        25    XXXXXXXXXXXXXXXXXXXXXXXXX
   6.3699999E+00        25    XXXXXXXXXXXXXXXXXXXXXXXXX
   6.5099999E+00        25    XXXXXXXXXXXXXXXXXXXXXXXXX
   6.6499999E+00        25    XXXXXXXXXXXXXXXXXXXXXXXXX
   6.7899998E+00        25    XXXXXXXXXXXXXXXXXXXXXXXXX
   6.9299998E+00        25    XXXXXXXXXXXXXXXXXXXXXXXXX
   7.0699998E+00        25    XXXXXXXXXXXXXXXXXXXXXXXXX
   7.2099998E+00        25    XXXXXXXXXXXXXXXXXXXXXXXXX
   7.3499998E+00        25    XXXXXXXXXXXXXXXXXXXXXXXXX
   7.4899998E+00        25    XXXXXXXXXXXXXXXXXXXXXXXXX
   7.6299998E+00        25    XXXXXXXXXXXXXXXXXXXXXXXXX
   7.7699998E+00        25    XXXXXXXXXXXXXXXXXXXXXXXXX
   7.9099998E+00        25    XXXXXXXXXXXXXXXXXXXXXXXXX
   8.0499998E+00        25    XXXXXXXXXXXXXXXXXXXXXXXXX
   8.1899998E+00        25    XXXXXXXXXXXXXXXXXXXXXXXXX
   8.3299998E+00        25    XXXXXXXXXXXXXXXXXXXXXXXXX
0                      500


      Min            Max           Range           Mean          Median        Variance

   5.6053948E+00  8.3990268E+00  2.7936320E+00  7.0000092E+00  7.0002022E+00  6.5328996E-01

1   Pecos::LHSDriver                                                                                                             
0  HISTOGRAM FOR VARIABLE NO.  4     UNIFORM DISTRIBUTION

     Midpoint          Freq.

   2.0145000E+00         5    XXXXX
   2.0655000E+00        25    XXXXXXXXXXXXXXXXXXXXXXXXX
   2.1165000E+00        25    XXXXXXXXXXXXXXXXXXXXXXXXX
   2.1675000E+00        25    XXXXXXXXXXXXXXXXXXXXXXXXX
   2.2185000E+00        25    XXXXXXXXXXXXXXXXXXXXXXXXX
   2.2694999E+00        25    XXXXXXXXXXXXXXXXXXXXXXXXX
   2.3204999E+00        25    XXXXXXXXXXXXXXXXXXXXXXXXX
   2.3714999E+00        25    XXXXXXXXXXXXXXXXXXXXXXXXX
   2.4224999E+00        25    XXXXXXXXXXXXXXXXXXXXXXXXX
   2.4734999E+00        24    XXXXXXXXXXXXXXXXXXXXXXXX
   2.5244999E+00        25    XXXXXXXXXXXXXXXXXXXXXXXXX
   2.5754999E+00        26    XXXXXXXXXXXXXXXXXXXXXXXXXX
   2.6264999E+00        25    XXXXXXXXXXXXXXXXXXXXXXXXX
   2.6774999E+00        25    XXXXXXXXXXXXXXXXXXXXXXXXX
   2.7284999E+00        25    XXXXXXXXXXXXXXXXXXXXXXXXX
   2.7794999E+00        25    XXXXXXXXXXXXXXXXXXXXXXXXX
   2.8304999E+00        25    XXXXXXXXXXXXXXXXXXXXXXXXX
   2.8814999E+00        25    XXXXXXXXXXXXXXXXXXXXXXXXX
   2.9324999E+00        25    XXXXXXXXXXXXXXXXXXXXXXXXX
   2.9834999E+00        25    XXXXXXXXXXXXXXXXXXXXXXXXX
   3.0344999E+00        20    XXXXXXXXXXXXXXXXXXXX
0                      500


      Min            Max           Range           Mean          Median        Variance

   2.0318685E+00  3.0498441E+00  1.0179756E+00  2.5400093E+00  2.5400563E+00  8.6703628E-02

1   Pecos::LHSDriver                                                                                                             
0  HISTOGRAM FOR VARIABLE NO.  5     UNIFORM DISTRIBUTION

     Midpoint          Freq.

   6.4049999E+00        24    XXXXXXXXXXXXXXXXXXXXXXXX
   6.6149999E+00        25    XXXXXXXXXXXXXXXXXXXXXXXXX
   6.8249998E+00        25    XXXXXXXXXXXXXXXXXXXXXXXXX
   7.0349998E+00        25    XXXXXXXXXXXXXXXXXXXXXXXXX
   7.2449998E+00        25    XXXXXXXXXXXXXXXXXXXXXXXXX
   7.4549998E+00        25    XXXXXXXXXXXXXXXXXXXXXXXXX
   7.6649998E+00        25    XXXXXXXXXXXXXXXXXXXXXXXXX
   7.8749998E+00        25    XXXXXXXXXXXXXXXXXXXXXXXXX
   8.0849998E+00        25    XXXXXXXXXXXXXXXXXXXXXXXXX
   8.2949998E+00        25    XXXXXXXXXXXXXXXXXXXXXXXXX
   8.5049998E+00        25    XXXXXXXXXXXXXXXXXXXXXXXXX
   8.7149998E+00        25    XXXXXXXXXXXXXXXXXXXXXXXXX
   8.9249998E+00        25    XXXXXXXXXXXXXXXXXXXXXXXXX
   9.1349998E+00        25    XXXXXXXXXXXXXXXXXXXXXXXXX
   9.3449998E+00        26    XXXXXXXXXXXXXXXXXXXXXXXXXX
   9.5549998E+00        25    XXXXXXXXXXXXXXXXXXXXXXXXX
   9.7649998E+00        25    XXXXXXXXXXXXXXXXXXXXXXXXX
   9.9749998E+00        25    XXXXXXXXXXXXXXXXXXXXXXXXX
   1.0185000E+01        25    XXXXXXXXXXXXXXXXXXXXXXXXX
   1.0395000E+01        25    XXXXXXXXXXXXXXXXXXXXXXXXX
0                      500


      Min            Max           Range           Mean          Median        Variance

   6.3167160E+00  1.0495881E+01  4.1791654E+00  8.4051361E+00  8.4036064E+00  1.4628656E+00

1   Pecos::LHSDriver                                                                                                             
0  HISTOGRAM FOR VARIABLE NO.  6     UNIFORM DISTRIBUTION

     Midpoint          Freq.

   3.7049999E+00         3    XXX
   4.2749999E+00        25    XXXXXXXXXXXXXXXXXXXXXXXXX
   4.8449999E+00        25    XXXXXXXXXXXXXXXXXXXXXXXXX
   5.4149999E+00        25    XXXXXXXXXXXXXXXXXXXXXXXXX
   5.9849999E+00        25    XXXXXXXXXXXXXXXXXXXXXXXXX
   6.5549999E+00        25    XXXXXXXXXXXXXXXXXXXXXXXXX
   7.1249998E+00        24    XXXXXXXXXXXXXXXXXXXXXXXX
   7.6949998E+00        26    XXXXXXXXXXXXXXXXXXXXXXXXXX
   8.2649998E+00        24    XXXXXXXXXXXXXXXXXXXXXXXX
   8.8349998E+00        25    XXXXXXXXXXXXXXXXXXXXXXXXX
   9.4049998E+00        24    XXXXXXXXXXXXXXXXXXXXXXXX
   9.9749998E+00        26    XXXXXXXXXXXXXXXXXXXXXXXXXX
   1.0545000E+01        24    XXXXXXXXXXXXXXXXXXXXXXXX
   1.1115000E+01        25    XXXXXXXXXXXXXXXXXXXXXXXXX
   1.1685000E+01        25    XXXXXXXXXXXXXXXXXXXXXXXXX
   1.2255000E+01        25    XXXXXXXXXXXXXXXXXXXXXXXXX
   1.2825000E+01        25    XXXXXXXXXXXXXXXXXXXXXXXXX
   1.3395000E+01        24    XXXXXXXXXXXXXXXXXXXXXXXX
   1.3965000E+01        25    XXXXXXXXXXXXXXXXXXXXXXXXX
   1.4535000E+01        25    XXXXXXXXXXXXXXXXXXXXXXXXX
   1.5105000E+01        24    XXXXXXXXXXXXXXXXXXXXXXXX
   1.5675000E+01         1    X
0                      500


      Min            Max           Range           Mean          Median        Variance

   3.9120245E+00  1.5392675E+01  1.1480651E+01  9.6500999E+00  9.6456978E+00  1.1019063E+01

1Pecos::LHSDriver                                                                                                             
0CORRELATIONS AMONG INPUT VARIABLES CREATED BY THE LATIN HYPERCUBE SAMPLE FOR RAW DATA                              PAGE   1
0    1  1.0000
0    2  0.0120  1.0000
0    3 -0.0096 -0.0024  1.0000
0    4 -0.0084 -0.0113  0.0046  1.0000
0    5 -0.0064 -0.0024  0.0126  0.0081  1.0000
0    6  0.0103  0.0031 -0.0230  0.0143  0.0054  1.0000
0            1       2       3       4       5       6
0VARIABLES
0THE VARIANCE INFLATION FACTOR FOR THIS MATRIX IS  1.00
1Pecos::LHSDriver                                                                                                             
0CORRELATIONS AMONG INPUT VARIABLES CREATED BY THE LATIN HYPERCUBE SAMPLE FOR RANK DATA                              PAGE   1
0    1  1.0000
0    2  0.0121  1.0000
0    3 -0.0095 -0.0022  1.0000
0    4 -0.0085 -0.0116  0.0044  1.0000
0    5 -0.0066 -0.0024  0.0126  0.0082  1.0000
0    6  0.0105  0.0032 -0.0229  0.0142  0.0055  1.0000
0            1       2       3       4       5       6
0VARIABLES
0THE VARIANCE INFLATION FACTOR FOR THIS MATRIX IS  1.00
