 $ LHS File Format Version 1.00 
$
$ This LHS run was executed on  3/17/24 at  9:59:53.49
$ with LHS Version: 2.30 Release 1, Compiled May 31, 2001        
$ The run title was:
$ Pecos::LHSDriver
$
$ Message output file for this run: LHS_distributions.out
$
$ Input file(s) for this run: 
$
$ Point Values for the distributions follow:
$
$ All point values represent mean values that
$ were calculated from the actual LHS sample.
$
    Uniform1              1.5599992E+00
    Uniform2              8.0000615E+00
    Uniform3              7.0000092E+00
    Uniform4              2.5400093E+00
    Uniform5              8.4051361E+00
    Uniform6              9.6500999E+00
$
@UNCERTAINTY
  @OBSERVATIONS    500
  @VARIABLES      6
    Uniform1:          
    Uniform2:          
    Uniform3:          
    Uniform4:          
    Uniform5:          
    Uniform6:          
@SAMPLEDATA
           1           6   1.5584083023283073        9.0782721663266415        6.0541081643590697        2.6713538275981974        6.4905811045988875        8.7578990550769955     
           2           6   1.5669119738717192        6.9079500448346147        7.4544803704213347        2.5062828468207918        7.9476644156479930        5.5028861015082802     
           3           6   1.5693692817951739        8.5176278978675608        5.9118598026040940        2.3716971384946719        9.9586441358722322        12.907881804724923     
           4           6   1.5440684528110922        9.4548464037761093        6.8102730104986575        2.4825122565931919        7.8097805006464247        14.953166320715098     
           5           6   1.5776307837581822        7.8781668580994006        5.7262662179458879        2.1943964602939601        7.5624874113011211        6.1090809843153702     
           6           6   1.5427953565139882        9.1518939957931629        7.0881064192794261        2.4322036858420444        6.8779615441852524        4.2321562275879545     
           7           6   1.5605015456540325        9.1913003599777827        7.3986515765365217        2.7147345922683273        9.1183358878128935        10.596547547033987     
           8           6   1.5434730960118213        9.3176423418000329        6.7937657945487642        3.0498440580834818        7.9001245795108233        15.048535756336758     
           9           6   1.5452257084732317        9.5164286654204133        7.9631480779640382        2.8635531522042861        9.5461734457785123        8.2850611950326698     
          10           6   1.5630909973177873        8.7501198711544266        6.5531627868680280        2.2156321839267576        9.3643784501953693        5.2778063904540611     
          11           6   1.5793960662529805        6.5405860440894967        6.2424481665549791        2.4860041771764028        7.1583774228491812        11.554230090858182     
          12           6   1.5683750177232179        8.3468835113450872        7.5855936365896834        2.2941283755245991        7.6079849547090888        4.4322662683923264     
          13           6   1.5583500206340664        6.6354228542670608        7.6865800649272282        2.2574743997310662        7.6416356849473805        13.961319265333470     
          14           6   1.5779642045640201        9.1298235787495976        7.2893252091230831        2.0650705480840426        7.6623107761502487        14.276592660862720     
          15           6   1.5459467875716275        8.9721936470031736        8.1360036537045612        2.7880803745631870        7.7772095245732826        12.024079284990206     
          16           6   1.5414633993079327        9.2695947032213208        7.5094492897240448        2.2030429885563438        6.6681452724409098        4.0967591145830227     
          17           6   1.5510968249082564        9.0669851015001530        7.5894428931791333        2.6661988227068631        6.7767632705981926        14.375952305054991     
          18           6   1.5452846527125501        6.6373383397057655        5.6088156898979094        2.1088712959919866        6.3347053979070571        8.1474739685833910     
          19           6   1.5683178014963679        6.9810350103259085        7.4274359590416772        2.3570748324262816        9.5717726021022855        10.078697601747001     
          20           6   1.5654122746737489        7.7412421014368542        6.1151488022536036        2.9847096999691702        7.3408796838047907        13.184357390549035     
          21           6   1.5670210691674800        9.5264130134850724        8.1911201755112035        2.6378354041019825        8.3190071664523995        10.942304124744609     
          22           6   1.5727532382432186        8.5230714170441022        7.4060603639991953        2.6073775895791402        8.4003517775060494        12.257992418512003     
          23           6   1.5537925601507165        6.8693285238966348        8.3064273088926459        2.7587974200138450        7.6187657830579196        8.6543170591474041     
          24           6   1.5551335011291505        7.0941916630387309        6.4716038654420522        2.4396771974025198        10.272151007344531        4.4707908080792986     
          25           6   1.5668287102342768        7.9191194542720913        7.9803455777956174        2.0531316992234157        7.5555601349019534        5.9688035731681159     
          26           6   1.5458273674320244        7.2935192451044921        7.6514498580489310        2.5635458095457682        9.9842923461628654        8.0202207334435069     
          27           6   1.5639165764351377        8.1415380794107914        6.8811339571427554        2.9360158787351476        7.5069292435967823        5.3474254327884410     
          28           6   1.5720070669843629        7.2391781159803275        8.1443912029244014        2.9105530795963386        7.9757371215446282        14.131594494336285     
          29           6   1.5438926894063132        9.4821531796485186        5.7849885401390493        2.1919496945419255        7.4863319869241121        9.5044879968694875     
          30           6   1.5512018683704736        8.1368683085456492        6.3114169318323947        2.1621264687910489        10.495881457820639        5.0249137753692921     
          31           6   1.5554071188590490        7.2748168085157872        7.5412053227452560        2.2246689746686350        8.8275950435773751        14.180588692007586     
          32           6   1.5761980554823765        7.1393494539052247        6.1616887517794972        2.6691750261097309        7.7998340741916419        13.793918062638726     
          33           6   1.5492137771555410        8.4385966298803687        8.3744663976745670        2.5107030331396776        9.3595809089538733        9.2220907707684674     
          34           6   1.5514439880336823        8.4459002255201341        7.2444369044341146        2.5585867196783609        9.0644581925804122        7.7721270310052200     
          35           6   1.5575333497587218        9.2117391856461772        7.2774007072767244        2.1130381935689968        8.8887768925738104        13.869909959622658     
          36           6   1.5462100413970650        8.9208529761314388        7.3162099290192124        2.4184206714957392        8.9859381403566374        4.8977561898126734     
          37           6   1.5644058637394942        8.3826655410394064        6.2333415581356739        2.0363828537325466        7.8252312516673648        15.358493339034963     
          38           6   1.5756222935725750        9.1442894808620210        8.1825182429529715        2.4149436808144205        8.5146651156361486        8.3782505613463005     
          39           6   1.5515290092908032        7.0323153361305604        7.3623641404446216        2.3353312236526516        8.7948165586706093        7.5869469885020520     
          40           6   1.5750359945628607        7.9055554664507506        5.6163866661371653        2.4254328529707063        9.1879370420850375        11.827207940412684     
          41           6   1.5560595837186650        7.3726624548688537        7.7124051979780193        2.9802960517618526        8.7753391179761326        13.938819767769427     
          42           6   1.5557107408724911        6.6952036952108145        7.3567842328578239        2.5935881587446663        9.0235860070905591        8.3104865619849875     
          43           6   1.5565637226734870        7.8075994922891265        6.5976538548713553        2.1440316725820674        8.5576236920025615        6.2454898859648962     
          44           6   1.5746382043215632        7.5438110498875384        6.4818228316308923        2.2320221362840664        7.8343606499480867        4.1585657076828646     
          45           6   1.5733206936910562        8.5747332804545753        8.3810821705034009        2.1214092434187699        10.063196065269368        11.046040595783852     
          46           6   1.5591631984115766        7.6989307395875457        7.4385015862714496        2.4436467636642512        9.0553797647822645        14.417457782284822     
          47           6   1.5687816078008712        7.8717191456884139        7.6075493849696603        2.8531330597826092        9.9939434972763443        13.002797376321627     
          48           6   1.5507351067047939        8.7575054518073792        7.7847739889198921        3.0335582034759034        7.3072045261838836        10.587176831580466     
          49           6   1.5680944096907974        7.3529119933873410        8.2219072883553803        2.7285477215224785        9.8078274482439447        12.875460371577182     
          50           6   1.5662474944541978        8.9327751880064614        7.0296883593371140        2.4766909462417472        8.7503925881737104        6.4477924373138231     
          51           6   1.5571806683752873        8.0469680076286192        7.5657082169972361        2.3085868905849005        8.1504444024012184        9.4775874120397479     
          52           6   1.5433209622940793        6.8804116557240489        8.3711658596504481        2.8615448683224618        7.0505017869520277        8.4394359028472099     
          53           6   1.5573147246174328        7.7152826265618204        7.6954771353175859        2.5675648906660262        7.7527597768280048        5.8666665251879024     
          54           6   1.5540937773874217        8.7104907778933640        7.1682533149560914        2.2167264308321473        6.7890980859102168        5.9871262897104023     
          55           6   1.5743468008299546        7.5207624388605350        8.0547886296585212        2.8888949667029085        8.7198509527280184        4.8775589502467769     
          56           6   1.5489946706489661        7.3958476706057787        7.7341894657533627        2.0513958898082931        7.0577159522738908        13.857210257346276     
          57           6   1.5787665368671717        8.6003899536833170        8.1296885558370509        2.0948067660951706        8.9476077240768070        7.0160184026637582     
          58           6   1.5580217361997069        6.4623906120955947        7.8764173622066149        2.7226649865726285        9.3050927084405952        7.7891282529069574     
          59           6   1.5409775179165974        8.6726577168673291        5.9514570109609508        2.0976188132193498        8.3945270531507532        12.522301231181482     
          60           6   1.5420939268983715        7.0466743577271700        6.1015676581313834        2.0606555383266603        6.8279720141306663        6.1567952168371995     
          61           6   1.5519254005506820        7.2794599049091335        8.0791396276654677        2.1970693735491573        8.1931053899667923        4.3473515455571468     
          62           6   1.5736378482833879        6.9875830516129733        7.4752275540372350        2.1243653576349653        8.6678887558887716        6.0817272771855349     
          63           6   1.5456793790610881        7.8581261544376613        6.7288635094143450        2.8567386315173189        6.8326449169446759        13.711691756824266     
          64           6   1.5537433455870113        8.2375692709282049        6.5141369896996766        2.0628432691972796        9.9693330310929760        11.794558968974277     
          65           6   1.5766922253338993        8.4982839093804348        5.9164962308628484        2.4790835022786535        9.3305460249178758        11.128300713992445     
          66           6   1.5534254400739447        7.7948218166321519        7.6163768983203912        3.0282023779013287        9.7438538778020529        12.750865633609241     
          67           6   1.5583120592321085        8.3352497264876977        6.3277438786441458        2.1499719681860601        6.5326141385294028        11.695410472483839     
          68           6   1.5601312008440309        7.2217244341567159        5.7538408132361250        2.4587008529717473        7.1008273048480408        12.833472488829401     
          69           6   1.5422645719693229        9.5024748911514880        8.2886141660302872        2.8183537856982928        8.6525198679493212        8.1877128884538539     
          70           6   1.5455510989315249        7.1333208889499309        8.0020305293884135        2.3945513612449165        10.082891325546033        7.1496572640032969     
          71           6   1.5725576795641520        9.0019411194697021        6.3220886758919805        2.1029307915868238        8.8381394428153381        5.3758958438322875     
          72           6   1.5464657697012834        9.0185304688885815        7.6290510502999647        2.2609228259472172        7.7018137751472828        7.1127764387188943     
          73           6   1.5470558621990866        8.7980414953365926        5.7810321875778952        2.4160608803402073        7.8785142115665225        14.030867963311030     
          74           6   1.5641730090346186        8.4585752720758318        6.3360719864089035        2.9887552663750387        7.3889781804234431        15.002383735991083     
          75           6   1.5774726565709525        7.6730494953691961        5.8005670088615267        2.4607923794912545        8.0605290860715595        12.219796033055289     
          76           6   1.5752881963595189        7.0360638205677271        6.3850866195315499        2.1149083125075228        7.5349578847004706        10.532417469060979     
          77           6   1.5635209786626139        6.6882467272192248        8.3892117713740095        2.3530026399552075        6.9945758348043023        4.9210194995768832     
          78           6   1.5637017163594626        7.9990772719472645        7.1985324422618371        2.3032879588368251        7.4228200555915942        10.930075463864720     
          79           6   1.5628873323869519        8.8193467615246774        5.7781543611176316        2.3701808584768886        9.6736661841779998        11.228332754365402     
          80           6   1.5521722734693437        7.3023013201355935        6.5884887471666556        2.8314709203188677        6.4264458496194932        11.595433264335616     
          81           6   1.5595782173476369        8.0666202993780374        5.9716797502536325        2.7474786750815343        6.8140853213799364        12.455067331358091     
          82           6   1.5569496024545841        6.8438041651099928        7.6662333421468736        2.6847057561722210        7.1693174649746707        11.352523192347027     
          83           6   1.5544527545985951        8.6833387462139129        6.2456220885211602        2.7167287559311371        8.5118633101584606        5.2062579765168477     
          84           6   1.5633963092060574        8.3894502154201280        7.7420235716473318        2.4997836978424526        6.8019880871673255        7.6787115731681697     
          85           6   1.5763032396177763        8.6399261500000950        6.3105014735465872        2.4952299448503275        8.6126845194809238        7.9742534349104393     
          86           6   1.5596992038898356        6.7402757143169643        6.4419385456360869        2.1829300654176622        7.8860723198882905        13.547208965142026     
          87           6   1.5460516845769250        7.0780620536968115        7.9100291999835521        2.9889153618016557        6.5502911445893997        11.269705587887671     
          88           6   1.5564098403311148        6.4138030486285693        6.2223889534985641        2.1464139986924828        10.316798229837543        13.407974918195514     
          89           6   1.5661181633181314        6.6008753101661810        7.1858645624343307        2.2123111018149459        8.4907147484955647        9.1863564500636414     
          90           6   1.5764743183073215        7.6186970768541098        6.7207457470886407        2.8100125807271801        9.4383588443152266        4.5647305080513467     
          91           6   1.5755460155454837        8.0932870318591608        7.9720018855124710        2.9959391484699678        6.5420190334721466        13.518780859329738     
          92           6   1.5707867565740645        8.0801744777604938        7.2062360766230151        2.4457908262221699        6.7537443511049728        9.7164538856358273     
          93           6   1.5677487487800792        9.4965714023947712        8.2294883656008171        2.3369921151459403        9.0855771380383459        5.2510645966217853     
          94           6   1.5481566034010985        7.5476927455604077        6.1059261315945541        2.7740958608287851        9.8966453796673228        7.6991629694299775     
          95           6   1.5468235166622326        7.0692940438762308        6.7372281279681250        2.3770586785517351        10.053639755480253        13.303337810716359     
          96           6   1.5772062202184276        6.9570803261518481        6.9334078567015007        2.0749646960440185        9.6202523941821898        14.299148121981649     
          97           6   1.5518604298032821        7.1584796914398678        8.2842416863584898        2.0454187787488287        9.5292219770855215        7.5258968563661899     
          98           6   1.5538879280757347        8.1129046776726845        5.6850486345335831        3.0122605832710767        9.2710212595005785        6.8273194617431141     
          99           6   1.5431262141751498        7.4008497097924355        7.3885158151201908        3.0454999471689197        6.3728375462827875        15.094160368213197     
         100           6   1.5795647236674653        8.4795732319176196        7.3135394189720975        2.7865714766961798        9.3691642076389314        10.778589153494220     
         101           6   1.5429462791825272        7.8989194256529212        6.1452821527488535        2.8401621137638111        6.9299917439838401        11.779143615086795     
         102           6   1.5547237342099847        8.1327900271415707        8.0845632724668839        2.3068823635668769        6.8518962698157919        13.664081472889753     
         103           6   1.5598024998413400        8.1842631746038794        7.7575350219292565        2.6570801615965922        9.5606613590134675        13.570508334254148     
         104           6   1.5790301390330495        8.3579715351998818        5.9964201275179159        2.3493751634793725        8.1801269407281882        4.6205125499777493     
         105           6   1.5485089827958867        9.2320637440249325        8.2635448139872398        2.2080233003505412        10.435051614590799        15.215562156702857     
         106           6   1.5437589872948079        8.9585350904121999        6.9661017582643776        2.9946174313234164        9.1728745716138835        9.0060007328353819     
         107           6   1.5757866318545304        7.5123801217526198        7.3436339317660773        2.3897923197151436        10.149010663161762        9.4177317088800478     
         108           6   1.5742619978912176        8.5924754697710259        7.7638360387248921        3.0255788290655050        10.371022933987001        11.579720539191737     
         109           6   1.5426694776994736        7.9630674357399345        7.9506333211403346        2.9026652829100654        7.0733544913428270        4.5144567621094174     
         110           6   1.5685050129735842        9.2013814742535356        6.4173888117551803        2.8980318656826669        10.076766472241344        11.343912652420579     
         111           6   1.5700042690546439        6.4251086806133388        6.4566493648858740        2.3864615116466488        8.2373228118819739        8.5526592317365573     
         112           6   1.5609036638290064        7.1044994753748183        7.2805767705284063        2.0392768952770624        7.7628471776330148        5.7019879780136984     
         113           6   1.5676524549848214        7.8254755100995306        8.0321522341405966        2.5270105621214674        8.6232135083239534        12.533830723516179     
         114           6   1.5566657528813743        8.0392855821147560        7.7789820611683655        2.7005999300482588        7.0243248688010214        3.9326842639620883     
         115           6   1.5751711069465244        8.7753255570515982        7.2710335703173659        2.5809758353139460        7.1083332825098369        9.8036115524715282     
         116           6   1.5760174923979677        7.7059795037612320        8.2055211947733540        2.5285929839441832        10.407354249404989        12.001778485719580     
         117           6   1.5527561252097042        6.7733535632371904        6.6965125938560819        2.2377724503763674        6.6393802160288855        9.3476178547064777     
         118           6   1.5708095125304349        8.6868288413211694        6.0973185880869618        2.7338893424950168        7.1332250049896677        5.3984569292624940     
         119           6   1.5786676088565030        7.3754767134487631        6.7812568936159829        2.8786581629109103        7.7009324707014244        8.4104164221761746     
         120           6   1.5498838396137209        8.6450672329038394        6.3335400134906168        2.2690047889295033        9.1378739571256755        12.235245818445925     
         121           6   1.5681743764641323        8.6150952109709387        6.2651425520490855        2.2680471152242738        9.4463132370627942        5.0378284609788100     
         122           6   1.5664234437269158        7.2661682122871278        7.0191617708874867        2.4736787565046177        9.2143063634339484        5.4549628776353778     
         123           6   1.5759384920391812        9.2786577232718468        7.1610459320804107        2.4640996786045561        6.4095807394566426        12.071205798422685     
         124           6   1.5774256229007431        9.3494364905238143        6.2705565806280825        2.1762868300348424        7.8439852023332008        9.5363508317682424     
         125           6   1.5648711471926606        6.9193726137369875        5.8310276132483034        2.2470990826399624        7.2082095018554844        14.755296913601226     
         126           6   1.5553421183827705        8.4009717588841912        8.3480922650679954        2.3876141497347412        9.9341874940952763        13.108833804939874     
         127           6   1.5661933410921320        8.8390583732157939        7.8146001569200312        2.2547142174041923        6.5609034306657499        14.894721376234433     
         128           6   1.5703363314855845        8.1994189366146912        5.7295163769511506        2.2347720549151862        8.6997070506277865        11.190849140726728     
         129           6   1.5650159296994099        7.7616907784909008        7.8587534120216960        2.9697179455221350        6.7087477514167588        5.1314797905064182     
         130           6   1.5579314387538843        7.6442492199301721        8.0736556962249821        2.2435331776987479        9.6951535240640681        15.343784849802963     
         131           6   1.5451472815957665        8.4844530423566695        7.7512394505459827        2.5538250724132356        8.9205477202003127        12.848307114775757     
         132           6   1.5672101720978693        7.3062362749472261        7.2505042206440127        2.2929482003625852        7.0463462568197066        12.692462542930151     
         133           6   1.5466724582519755        8.0570708223745218        7.8977477897537884        2.6473077901443371        7.2910425741476512        9.4402684257612570     
         134           6   1.5730935761273652        8.0313299600660812        7.7310035312863068        2.9148499948574504        7.3245772582827460        10.516007849941960     
         135           6   1.5501422983199731        7.7867971528694033        5.7652812786068761        2.9342386010569705        9.7120987012724527        5.2156287632361060     
         136           6   1.5409144879371486        9.3580453197866671        6.3422803131619467        2.5330550927575488        8.0272742195154780        11.843337099615949     
         137           6   1.5484405044029095        7.7998167621076107        5.9194811532843854        2.5760229570525510        8.5973261807052914        4.2504351167690473     
         138           6   1.5603679400340096        9.2535652774244532        8.2450427706662559        2.3337239455354397        7.3602282771998553        12.375899417930050     
         139           6   1.5627298014236801        7.6566751966670150        7.8302309926699847        2.8203272273259890        10.360795281745434        9.1241803531525658     
         140           6   1.5629601329663583        8.9657231133133184        8.1524091867687183        2.0813414451191390        10.245657702904735        9.3029427793184301     
         141           6   1.5586268643209897        7.2515436610341073        7.8069122102810073        2.2831082095660826        9.9211104065107634        5.7376910011833528     
         142           6   1.5530311951502600        6.8597399470180269        7.7278420168019837        2.4477484268903358        8.2913339287209649        13.255080468922154     
         143           6   1.5574065997286701        8.6681594527393582        6.6121973225602879        2.3654325165692529        6.6064080476553366        12.807227209657896     
         144           6   1.5675830975392648        6.8083780311524871        5.6573063242429864        2.9075428471774050        9.8663347682050020        7.3118743211943658     
         145           6   1.5782178488664143        7.1505954976469281        7.0732912877850236        2.9826428463783485        10.135235194003107        4.4105246299940628     
         146           6   1.5739672754052840        7.9455343098953364        6.7861781287129972        2.3981057403534276        6.7222258411512987        4.2124042267242912     
         147           6   1.5565170251955838        7.8120309165120121        7.9179497452724732        2.3122669745163154        9.5697758879704153        10.691471417259891     
         148           6   1.5599927575847135        8.7834837262168524        5.9874107351973649        2.7798519066033509        10.342550396706466        6.6178087774056475     
         149           6   1.5657127215798012        7.5016473214864732        7.0048942841231820        2.2218684992658715        10.474794474528968        8.3209041770098278     
         150           6   1.5692217329644227        8.5297861307620995        5.9994642013162371        2.4990500583462603        9.1337849498656283        4.6407475798060185     
         151           6   1.5738375653911196        7.1667853480994701        8.3044185137895870        2.9164539382090044        10.142303653220003        6.7742639893887100     
         152           6   1.5672926355842314        9.0073979455038895        6.3996439937744292        2.3382460757604053        10.314501705384062        15.026317803884391     
         153           6   1.5659778619517573        9.5907946528226127        6.9243486458318309        2.7059706131941823        8.3709824469945442        6.9876234885354052     
         154           6   1.5593173598887584        7.4761353631824257        7.4793235330965366        2.2750021227802706        9.8227578611820139        12.789212427444756     
         155           6   1.5467541363883579        9.5194718644738199        7.3072891100097452        2.8270463666805807        7.1897740420334229        5.3233940594010054     
         156           6   1.5666224143818206        7.9394891635224223        6.0293882500482718        2.5115562587492262        10.173006235572226        12.614014515094924     
         157           6   1.5711972943363712        7.5348457171306009        6.6981865245861929        2.9263669902448450        9.9440088224736325        11.202907248753355     
         158           6   1.5508038355631939        9.0600991660550232        5.9569658416043962        2.2316860958096663        8.4068611183914577        4.4900873074394179     
         159           6   1.5500777132552677        9.2436968391343957        7.5545136158334092        2.4508964417864663        9.1104616851348794        14.630188815017696     
         160           6   1.5438225385825708        8.2231013049855832        7.7931674540091302        2.2889334712029523        8.3091771374762047        12.568791238056496     
         161           6   1.5441144058665448        7.1276053378969442        8.3123204552622525        3.0088711400558705        7.7752197877644882        11.705868759069125     
         162           6   1.5402790986953863        7.1463878332629802        6.3548713006332509        2.6298132310201696        8.5002290921367702        7.5008502838660496     
         163           6   1.5614973037672977        6.6617834720209244        5.8650443357771262        2.3156309247165918        6.4494174248798375        11.482088281227742     
         164           6   1.5785029779730739        8.5505575234726070        7.9940977254236127        2.9190988903871826        8.5985139445646386        12.950907614667667     
         165           6   1.5671797931120359        7.8899884394645694        7.8955183865396315        2.6285792830830066        9.8409892704774293        10.872308110294863     
         166           6   1.5781414300820791        9.4021418869316573        6.9825626136986534        2.1509390552515719        8.2077052066735696        6.9650535231954418     
         167           6   1.5557876976740175        9.2662114289551969        5.7127332450058308        2.2806244994723426        6.9864209885266328        5.6672056299147657     
         168           6   1.5714192089865358        7.8620009992301458        6.9287852179929610        2.4400879350624232        7.9668342353019019        7.1983962322280277     
         169           6   1.5570197513993644        6.7014691450014707        7.7182702327163888        2.9469702175009251        7.1198453148209202        4.7719891321524042     
         170           6   1.5655942054324783        7.9521353100866081        6.2886497347559782        2.0342576692370882        10.211995879317476        14.767270047376398     
         171           6   1.5689018077338861        8.5851975179895756        7.6111107768824331        2.9536205525781023        8.2835068643155179        11.643260311913211     
         172           6   1.5485976867907307        9.3375601889073838        6.9955100441435354        2.6938434785321723        10.299413455335294        9.6341857743228321     
         173           6   1.5611637790669128        9.4150235629007231        7.3303661748519167        2.8779253808596077        10.262533898576949        14.729410724832677     
         174           6   1.5567889372895101        6.6559938898637894        7.3238875891465698        2.5705207489830530        9.7312405764202357        9.7706684307651592     
         175           6   1.5588650673339144        6.6761913543939597        7.0940081982536238        2.9414681402631566        8.9276104710406621        5.5985848696171301     
         176           6   1.5444640196527168        7.4580822296082978        8.3432963876817379        2.1066223332704697        8.5835709804762388        6.5488998867918271     
         177           6   1.5540551131563076        6.4969406437039376        6.4229400165118280        2.5218903565969129        8.5462425497265624        12.478799360722070     
         178           6   1.5571007651714235        8.6517753738924856        6.1199303477656093        2.4537869886556547        8.4498568178337479        9.8327601544978105     
         179           6   1.5506619699809328        9.2845915752843009        5.7947211107674983        2.5402998997221236        7.8383889942266887        8.9148031647340389     
         180           6   1.5448950145765581        9.3760198953732843        7.8032690406234941        2.3922961348497305        6.6466218748475008        4.1816642745505090     
         181           6   1.5793241959782875        6.6445464323803787        6.9180838217675689        2.2499798431048355        10.095594838148914        14.501103841185570     
         182           6   1.5698770222449863        8.2832639271855353        7.1765640297668059        2.5564068635750097        7.6098302329693075        9.9453909894078976     
         183           6   1.5475816051451676        6.6666265653550623        8.1608834491388880        3.0137954920210501        6.5967898712617714        9.2716748928094752     
         184           6   1.5741370504074732        7.5637942373663183        7.6038218056477600        2.8458328141215539        9.8943578176755036        5.7681015817723233     
         185           6   1.5788064184285699        8.7309417665109041        6.9113329749675465        2.8956308711264933        7.3390436761545432        14.816023704921360     
         186           6   1.5618805296314136        9.0372140754476185        5.7350263413144278        3.0021949065369178        10.327891914370849        11.671512481122976     
         187           6   1.5496091733788513        6.7489950375616559        6.0069221060136329        2.5652652566223124        6.9523479571183904        9.5744172072650393     
         188           6   1.5623970722968132        9.2394976965531690        6.8824138004986573        2.4665012660576400        6.9985953794500784        8.6238323444421408     
         189           6   1.5607044245852157        8.5574738001093262        7.0244721075279637        2.7820961662535830        8.3832888080037957        12.962568265118170     
         190           6   1.5751046880886517        8.8110520840540527        5.6629049609031528        2.8669651943358683        8.8593144072087107        12.482124486466173     
         191           6   1.5401005953452551        9.1882744636863460        6.4570747274525457        2.0577936026853041        9.8619521002770778        4.7046549914556097     
         192           6   1.5529076402531379        6.7374528740271931        6.3046021272178736        2.5151272452033684        6.7142749430152113        15.226131766550941     
         193           6   1.5714637608990820        8.9887616173297165        5.9303816436117511        2.8147337824372478        8.1077174918061914        9.3920764797679155     
         194           6   1.5775326500735618        6.8179047208145267        8.3550227913888175        2.9322804601774926        6.3905112997541806        4.8195883976696052     
         195           6   1.5791990307949297        7.0533744333624844        6.0234361334342506        2.1360908901339393        7.2306213492171327        13.090789254448842     
         196           6   1.5691680923725293        7.8795396687775847        6.0160979505490513        2.7018732807885573        7.4994627122767312        6.6930906640973404     
         197           6   1.5738672574918904        6.9937980492055418        5.9312707323150704        2.9119903123617168        8.0719366080450534        13.684369821392000     
         198           6   1.5594813742628137        9.3264068991452458        6.8601075468957431        2.9723706903668119        9.1662721188697827        6.6667642432425636     
         199           6   1.5645569362360798        8.3960305057346822        7.3720922342307871        2.7441475687499435        8.6817538993961403        10.232704194612801     
         200           6   1.5636022899008544        7.3865489627435803        5.8597849878443400        2.5771884034800530        8.3447348929325340        12.774822152998997     
         201           6   1.5419852322484739        9.5385267000988119        7.0071574613131586        2.7413952126935399        6.8868875119684452        10.476728782633785     
         202           6   1.5559036751938053        8.2048435424536468        8.1805525193490087        2.6126759251278076        7.2664588503380632        10.034889707911528     
         203           6   1.5701653108887375        9.5530128369465466        6.3753499064674601        2.6232711358257568        9.0102509128430111        10.830434656310128     
         204           6   1.5472286302175189        8.4206860576048506        7.5369091092392804        2.3835546980583762        9.5089609941383486        14.677358990263659     
         205           6   1.5767668279458398        7.2618868365198370        6.6857940585613251        2.4487838017279282        9.0789417279763800        7.8669074364632836     
         206           6   1.5561275590580890        8.5667192174091937        7.0692967106379569        2.0496120124176795        8.1202132518043690        6.2875833549499509     
         207           6   1.5428715230091474        7.0217854830890900        6.5112488707156855        2.5899962259287479        9.5800239317734288        10.107075238738208     
         208           6   1.5680607677919232        9.0739474826753135        5.6175502143671734        2.0794239892355444        8.9710940999636097        6.7428303012736137     
         209           6   1.5612813608490490        8.2241347323134537        5.9596488241108139        2.8295205250439883        8.4603016449154911        8.8677105529170959     
         210           6   1.5783297960942986        6.9396668006017803        8.2408890710443270        2.2010547468263653        6.4429523180724724        5.6894660423076706     
         211           6   1.5790942684373446        8.0323757582396276        5.6053948042649768        2.4905368542840516        10.191881100348615        4.0508275051887619     
         212           6   1.5470352616484278        8.8630174830675124        7.5724978955738251        2.3591271297520118        7.0907679935662120        9.6920340199316843     
         213           6   1.5550149682796934        8.1478129935175172        6.6892423196656630        2.8848356197432241        8.7872271391428125        5.2897375525832171     
         214           6   1.5578346928709002        9.4000664191409928        8.3836065794734296        2.8598727615424058        8.2149076426084022        14.257593204400036     
         215           6   1.5578570521261916        7.8430491012975576        5.8269809154560788        2.5473701731966711        9.6964847937455581        13.212096862040926     
         216           6   1.5435670515003428        6.5299100717172029        7.6932109751055027        2.6796679450440406        7.5102227288005032        8.2446580530602951     
         217           6   1.5598584438825027        8.3644802684232591        7.2998914376016710        2.4543602484059615        7.6715045200846248        7.6667334453454243     
         218           6   1.5745137542342396        8.1680389649137854        7.5652123808667069        2.4077450364631785        6.5629741616321962        4.9897213654161892     
         219           6   1.5407387474271470        9.5736452771395442        7.1505140936449170        2.0968974513478948        8.4725217502011070        8.3884420040284748     
         220           6   1.5525538708170876        6.4708456642493610        6.6578632271796465        2.9971828635241553        6.6201726076527772        6.8679954706816932     
         221           6   1.5408566926334426        9.0159520591020570        7.0361055254671721        2.8730898127201479        10.160678759004991        9.3638527272825591     
         222           6   1.5658592143598573        8.7024088326200832        8.0465878928191970        2.9679537740265856        9.4331305904405838        13.766162656395231     
         223           6   1.5670600790869631        7.5940748484477396        5.9783867248227818        2.6061990881185415        6.8714158701391241        8.5044349938561208     
         224           6   1.5543952331398430        6.5414263011842966        7.0132048753039919        3.0473907931012936        8.9005150790229486        6.9426242564385756     
         225           6   1.5627144612676092        7.9748512959644202        6.8094808664035051        2.3475662378029147        6.5948278361148054        11.101217192490353     
         226           6   1.5663257011931950        9.1066810797303912        7.2317592424482102        2.5042340532105785        6.5760739457249455        8.0115122886367605     
         227           6   1.5797786415592767        8.3726163438200949        8.1373025704680018        2.6328745277143639        7.6845326649571346        13.470556433817139     
         228           6   1.5634886295009591        7.3128520338699223        5.6478839369671423        2.9441857230787538        10.377548392981780        5.1846465682804119     
         229           6   1.5612092126129569        7.0845673503860835        7.1268243293304003        2.8689180780093460        8.4219066487304435        6.2541074677845465     
         230           6   1.5694558054494487        6.4086296183183791        6.9435681186877192        2.7039301429257168        7.9417540077762068        11.946251438198843     
         231           6   1.5608370804432592        9.0494239543884980        6.6288908313253900        2.2747738956866970        8.2726667426739908        10.163696910529630     
         232           6   1.5587750266713465        6.7793896385118373        6.4027481018591672        2.7834629431544706        6.9682404065698149        6.9302110144996556     
         233           6   1.5777518833078070        8.8533299421712766        7.7462408929143098        2.3805241468187419        9.4260446459756828        11.614499522935366     
         234           6   1.5696922951286285        8.4727553851127624        7.5232704233529049        2.7105989154281747        9.2915032198857759        11.286935363573953     
         235           6   1.5788843643470110        7.0877214908450847        6.7190178213289000        2.4124633460130638        9.0497715479682181        7.5394608355648813     
         236           6   1.5568665209095551        6.9552409735158083        7.5510309965742755        2.6239840297470987        8.9371655864492343        13.379515113054541     
         237           6   1.5504770412512123        7.4846078632891180        8.3641535944096752        2.4070468404699770        10.423161672063772        6.6064720129419578     
         238           6   1.5771435926230253        7.7328836657106876        8.1663211658982551        2.4339458466619530        6.8102079955970307        13.610816147895996     
         239           6   1.5746707936894522        7.2307473779112099        8.1978044308494784        3.0097619441389476        9.8157321043743142        12.277614064729073     
         240           6   1.5690121062235722        8.3233499300614007        6.1392609454020857        2.8337313948195426        7.8769469435582211        7.6118871615976094     
         241           6   1.5445773627483843        8.1868569297119986        7.9231418704589833        2.9045408176001346        9.8515766140479606        5.8989822809973269     
         242           6   1.5725938965219262        7.3459651669025421        6.1719490453246975        2.6168729605567824        10.465260934996554        7.2957678898752194     
         243           6   1.5667708617033997        9.3751369729489085        6.0605268421329557        2.8254308651424846        6.4337688336892516        13.508281891084275     
         244           6   1.5641093029312791        8.3163785475343452        7.4995960946021603        2.3519876292409094        7.4467129305620121        14.556214121944969     
         245           6   1.5531595152343811        8.2793267634943124        6.2828151847396043        2.2665729095246734        7.7139814845785404        14.783225664715749     
         246           6   1.5434013385732472        8.8719461211428055        7.2613373967599122        2.1008439836384447        9.2275576706934448        8.4737816234505736     
         247           6   1.5620221268630401        9.1232178307235241        7.9423790548076854        2.6741014470828883        10.445982064674777        8.7428018929380933     
         248           6   1.5709510038454459        8.2358613168448205        8.0635491501476615        2.6001324838817212        8.1558109964042469        7.5636682678493674     
         249           6   1.5652871515472606        6.4450440416231762        6.3574656960899008        3.0238533717697669        6.7555412680540181        13.993201294491534     
         250           6   1.5633432485143655        6.5825681801334026        6.0476015119140962        2.6039318079465068        9.6568475755023719        9.3216047071346537     
         251           6   1.5503231903794596        9.4441512878432867        7.3391835004394874        2.5357142754086759        6.7830733259548897        9.1025472893917456     
         252           6   1.5562572523103841        8.2505127654194848        8.2493792934395387        2.5398127447698173        10.041338166678328        8.2528462681299999     
         253           6   1.5704095311390049        8.3704059641987101        6.9570524007668713        2.6886630312415676        9.1761446397350905        9.8951238633180019     
         254           6   1.5748257891138642        7.4183108126431705        7.6555628355180847        2.1310912815388008        8.4664026563123329        12.164069479841274     
         255           6   1.5622434036142752        8.0084832150593392        6.1880915254540740        2.2417028373555929        7.9263791019890411        11.026804612915496     
         256           6   1.5729328411508539        7.7202142970293757        5.6912572017351160        2.0912334234729593        9.6525807224034939        11.448870185192906     
         257           6   1.5487889825619945        6.5254612136647108        8.3583211905421688        2.4932437467651627        6.3585066297405675        6.4563290469553314     
         258           6   1.5508988541711681        7.3613375932171943        7.8450341020332646        2.6187751437394038        8.2015036636041749        8.2188412733473815     
         259           6   1.5715301525867171        7.7690903338149191        7.8478781475733967        2.6859647632232213        9.1004142771571352        6.5145745757513209     
         260           6   1.5730392612227053        6.7890731444299224        8.0096454172596339        2.9426756568181420        9.7792587561913571        6.8169896336956883     
         261           6   1.5744509966363014        6.7965443962797520        6.5267764914199713        2.7645233722007458        7.5725888589310326        10.327961825917242     
         262           6   1.5473098356396890        6.5706927073881038        5.8067117455605413        2.0714196113540977        9.0056432057918379        13.460675686513307     
         263           6   1.5495520696538314        8.0742450053393835        7.4324485246721661        2.9778785150621738        6.4683320071940074        11.082963151172269     
         264           6   1.5491143432016670        7.3834228949710727        6.3626373678827663        2.8359485814174543        8.9925995699567629        7.7571021909650879     
         265           6   1.5650559093684704        9.1568451599046572        6.5787453179707747        2.7191962279548312        8.2499772310019477        6.5778826366758434     
         266           6   1.5673915633727424        7.6776531464904547        7.2291593843201181        2.0559503917953279        7.5987648853886167        8.5399014826463535     
         267           6   1.5616893580237030        8.3449710665211079        6.3502311493631458        2.3818702125253339        8.1653680756100453        13.050578972543590     
         268           6   1.5436390757649578        9.0837932788312425        8.0390027965789681        2.9210988095327557        9.7682541293121190        8.9601506619430129     
         269           6   1.5639472392453813        7.7784050795271993        6.1844778307298194        2.7626967594694438        7.9933947169125776        11.984220777970274     
         270           6   1.5418665830091016        6.5970246479839094        7.1528169164000079        2.1183378780338820        7.9536120714556793        7.4134803631138055     
         271           6   1.5478956204093435        8.1086771536529056        6.6664413619074967        2.6346597510844281        7.7911026420506548        12.582648808696540     
         272           6   1.5701569164087252        8.0057879477530722        6.2177111322814600        2.9296791207561457        7.5225792961748912        3.9120244731060230     
         273           6   1.5722784521726521        6.4409782893404373        8.0993730464885019        2.7396644526759437        7.3722218886436286        7.9289372711104811     
         274           6   1.5684631531730853        8.9365190522536633        6.0533611832426866        3.0227619230427782        7.6326367346577673        8.8235151002882048     
         275           6   1.5643169367851131        6.8157562778368597        7.4252766340740024        3.0431978661154115        9.3449519290455569        10.908455348340329     
         276           6   1.5757549365651049        8.9093214908644551        8.2191415695685883        2.4925383053240737        7.4585119129380626        10.289166080974507     
         277           6   1.5473771527066456        6.9659872538357979        6.8697442411759866        2.1443660854879023        8.7425259454897795        14.239672120900126     
         278           6   1.5496985047173872        7.0110616802722214        6.1345416641434651        3.0171445368570926        8.0506276729763684        13.425842255378841     
         279           6   1.5576930436824261        7.1193969210550190        5.6321878986807530        2.1627388700662364        8.1332834974657846        4.6076275180897213     
         280           6   1.5422180988440661        7.5575445021286605        6.8194199783992024        2.1400979706835188        9.2003696283839265        7.2339344166393857     
         281           6   1.5656378658572958        9.5631246039584266        7.0614481927519668        2.9654701062022522        7.9086493565623091        4.0160707855664652     
         282           6   1.5651380712818914        6.4537973339453343        7.0958918260434647        2.3630073767706286        7.2204779283977158        13.020592995119282     
         283           6   1.5740111589444987        6.8491227718368171        8.3188432821676148        2.6535736507158911        7.0820813546203443        6.0613262906672896     
         284           6   1.5737272180402277        8.8640000872313980        6.6455071011496711        2.1524056655107158        8.9499000285486776        7.8359058665081394     
         285           6   1.5698325137938560        8.6066812834575774        7.0498369503701106        2.0740937737457172        9.1032416487929915        7.0698979195200371     
         286           6   1.5513526366210171        7.9133465796425941        5.7013804917287079        2.6980756133565023        7.0378088878062970        8.8895493765873841     
         287           6   1.5431007564482093        7.4383322202980517        8.1085044101694610        2.0878478432040937        9.1520847926371403        6.0224527004510167     
         288           6   1.5456976652527414        7.9245805487036698        6.2156936469696458        2.5422445591990837        9.2426666237825330        8.1728789522824794     
         289           6   1.5724412547492423        7.8493604205057022        7.6424583005955453        2.3420004329454711        6.9344891094919712        10.042556206849172     
         290           6   1.5458834966853821        7.6365633957162498        7.6789743989637120        2.2974296297474672        8.0332435778270597        14.572482310850408     
         291           6   1.5426216488984412        8.5007489486545325        6.7735899579836056        2.2396449220826193        9.8776330425898582        5.5336476701677304     
         292           6   1.5585260824142397        8.3085620657920831        5.9444874427231023        2.9577352444462752        7.8605125738515005        13.908992953993613     
         293           6   1.5412161477498525        6.6188772908344866        5.7502883371440694        2.4290782302175926        7.2772823919482246        10.975243643466849     
         294           6   1.5794424693623932        9.4376300652980802        7.6696941095637161        2.1711807439213708        8.0618192326785802        15.310396149645094     
         295           6   1.5726454914240540        8.4126497157365083        6.5368051718732341        2.9726320764138641        9.7248949868028838        5.5206362538328388     
         296           6   1.5752111301270875        9.1784466778546570        7.9538639936987314        2.1911210510597097        9.6371895111583861        14.050775698344458     
         297           6   1.5594001595064813        6.6837255337327726        7.6759584594080232        2.5557482191284371        7.2477633910211079        9.5829886658508325     
         298           6   1.5542137910984828        8.4076159003138535        7.2539927274685363        2.4575725194919293        8.8938509538831099        10.364501120610395     
         299           6   1.5463749729302527        8.7170792833358046        7.7080069665877149        2.1567814714294111        9.9539948803007956        6.7769825026981998     
         300           6   1.5502831328351609        6.5785045190200213        7.2177667228287081        2.2812746420850698        10.480074352382877        10.662537635193205     
         301           6   1.5417538108767010        6.4292803670167924        5.8401376820193596        2.2865801028090527        8.4430580833933462        9.8682243617938354     
         302           6   1.5773542339351587        6.5611420035287740        6.6343121457606555        2.5958938079088365        7.7367983613323092        11.921490162848494     
         303           6   1.5403913524797375        7.5675496907055377        6.8742465004904192        2.8391834226068946        9.0390519325788592        6.2138135861814945     
         304           6   1.5514168664103933        7.5775743696749212        5.8971844696497540        3.0204829412860703        7.1455928435615865        6.3109794710241260     
         305           6   1.5548161961029656        7.3545627422660589        5.8151917244477191        2.5239509845642742        8.5227323642307660        14.356654989282369     
         306           6   1.5777664346761071        8.0639614899396896        6.7913227631140503        2.0592478256362212        8.8713451544301591        12.624058188286844     
         307           6   1.5619501738476380        8.4327467354327421        8.2121953698692849        2.6423408397612720        7.3138910303650970        12.418365345383995     
         308           6   1.5562324261399172        8.6534276117146014        6.4118948700305074        2.9608349500276145        10.038814399616987        12.392307538069552     
         309           6   1.5717717909644731        9.3834355760887274        7.4137830421183262        2.5881265958320911        9.5140581783343148        14.660701655317098     
         310           6   1.5424477813801913        6.9153955376774068        6.5040174668045712        2.8509988942738431        8.8744644947882776        10.112299892032519     
         311           6   1.5539845496640168        9.0342457865789534        6.4977079239081590        2.5848398386145943        9.2055001132189247        7.9229692208874027     
         312           6   1.5712628322226183        8.6122768305227169        5.6801469169111920        2.4110086316364168        6.7332572290980064        6.5373801121516157     
         313           6   1.5447886098590680        8.9794395796537394        7.4516120571387932        2.6386559361680035        10.393020063636959        9.1971053075380613     
         314           6   1.5645657467232086        7.6632784612268212        6.8338881763087587        2.8649852485378089        8.9770270267643273        10.016036129628541     
         315           6   1.5675100306789578        8.6225580671027302        6.1990846513034779        2.5791133435095008        9.9290321890955830        13.221841138702585     
         316           6   1.5581851360021346        8.4899390607729543        7.2358085674440487        2.5301066980888507        8.6147413791316367        6.1045700969982430     
         317           6   1.5679224129444920        7.7448066127225754        6.7426358660055321        2.4004140400663201        9.4883888623583683        13.775402542075840     
         318           6   1.5707193827051669        9.2592203151047237        7.3321465161463246        2.3241128033243119        7.4265748227325172        5.7406162233108189     
         319           6   1.5614074962584490        8.6616769188150773        6.6720898759687319        2.8477896865915695        9.5944887444210796        13.265755742999261     
         320           6   1.5637913108908572        8.9490265823870878        7.8693422333136205        2.9559401524276843        7.7234673035224848        14.460993520199555     
         321           6   1.5735446135048567        9.3093795742154128        7.3665730313878504        2.4694116611494308        6.6854247061949028        9.9171898098674145     
         322           6   1.5617841638671979        7.7046969897016888        5.8833825700733806        2.5501745918601655        7.1908365496506867        12.126562213315163     
         323           6   1.5731913953638264        8.2611520140692587        7.5983475589327520        2.7082110400907786        9.7522207751654779        6.3950162144340581     
         324           6   1.5696773724290916        7.5827018944904214        6.4349718345817184        2.6600627230011669        9.9092017519724376        11.390873363127699     
         325           6   1.5690898610494659        6.7216659600377087        5.7443753425765776        2.7941224531352704        8.7730466147318804        6.7142071966831569     
         326           6   1.5609661240928250        6.6161058993056416        8.1190399903904638        2.7482451899376974        7.6541185076508622        14.839111434165387     
         327           6   1.5417820875603521        7.5869599364310503        7.5264563341876496        2.1589355486012249        9.2246279728319305        11.521523719904245     
         328           6   1.5628230637171678        7.6125105937004092        6.5471726954977960        2.0438120210953890        8.8414405525054871        8.6685939200615980     
         329           6   1.5462631848363020        9.4500503896638754        6.6048232043905184        2.9860391870019676        8.3546706923913394        11.404181426558877     
         330           6   1.5441670962406695        7.4068972036048768        6.2564586371861397        2.5504506196002752        9.3206238091737443        10.438889087234624     
         331           6   1.5420165005893633        7.2494856354340911        5.8927360815094776        2.6197501345090566        9.6304792577748781        6.8497295756195662     
         332           6   1.5625829216549918        6.8659828842982655        6.5223672164848070        2.0676166743462807        6.7644271282059973        5.1429499221041324     
         333           6   1.5552472279337051        6.9447242372423412        6.0651757755046711        2.4775061339990416        9.2529089054692815        10.719321718022227     
         334           6   1.5602585547747649        6.6265643442735085        7.5789287233280023        2.5857178436278647        9.5009043690803736        12.319287338475464     
         335           6   1.5640446759831534        9.4726104209572064        7.2194031385706738        2.6622347587588799        8.7245446177598414        15.056891502325888     
         336           6   1.5401818240072578        7.8975811811700458        7.4159083511753012        2.7549239267689734        7.4330326266391333        5.1136230997266248     
         337           6   1.5654931594338457        6.8371654758825899        7.5198501897631216        2.8127188483712446        9.2608005807969107        12.097171085055919     
         338           6   1.5666936572137662        8.7084974021032462        6.2943885526040573        2.4207861383292917        7.0173717712029298        11.320989339513471     
         339           6   1.5545553817071021        8.2750235666289935        6.6152456347538156        2.9636094791382455        10.235972959016761        10.732847180693875     
         340           6   1.5429721166669392        7.3361909960299734        6.5827443390104916        2.7990359166892431        6.3239716446886209        15.392675166361267     
         341           6   1.5741908296161518        7.6857770752549168        8.1130262992044919        3.0007621451379074        7.9801284568291440        12.304163505408447     
         342           6   1.5747625916084835        7.1823229094550021        6.5606527091097089        2.6515703252962974        10.351539968814965        14.931696858019334     
         343           6   1.5559678835132345        6.4370148596733809        7.4685701734613632        2.6499375919146551        9.0309107177949084        10.220967757482082     
         344           6   1.5784784575506858        7.5311415022850046        6.8590575473977253        2.2507380618110671        9.4841969608409187        11.055138907332438     
         345           6   1.5576789397389630        7.2172604060083634        7.1093323228690775        2.4366690665349173        6.9164940940272572        15.239093855762389     
         346           6   1.5581429772988895        6.8233586855456236        6.0409604013109579        2.3142235387801193        8.2686159488639230        14.520155720268608     
         347           6   1.5589175368767605        7.1764720378562812        7.1420462680419909        2.8423497267856543        8.0112568146867478        8.9933303299332046     
         348           6   1.5474619363386186        8.4667336469784367        5.8083312294399363        2.5744041593855989        9.6801422051219372        12.055573699752800     
         349           6   1.5658220967184566        9.3011864876344799        5.7225598816158252        2.9243168556276893        9.3353069671155176        9.6572097574167426     
         350           6   1.5761160095343740        8.9045672241300338        6.0773201660476621        2.2714599164753220        10.181047166596935        6.1310771813637110     
         351           6   1.5705091382500715        8.1661534242540608        6.7988197527138512        2.0472356959716880        8.8213386766535411        8.9521683017502074     
         352           6   1.5754924023409562        8.9980945071741942        5.9644559543766080        2.8927773449967615        6.7404712544054908        13.639997937134700     
         353           6   1.5753936364241319        8.8931999930128445        6.1662320210171861        2.1788341754569109        7.7343780464786800        5.0719161625811831     
         354           6   1.5604363353663684        8.6312969358056790        7.4829977470252667        2.5458208761126455        6.4128694660835661        8.0560224500647735     
         355           6   1.5523514179958964        7.4936530578255658        6.3910838281765576        2.2537047288485521        6.7031287936203086        7.3688670916703991     
         356           6   1.5520230304495619        9.4120868441194290        7.4949049100952223        2.5722955867765283        8.7626467963016719        7.2469527223701586     
         357           6   1.5505126532898659        6.8775284087121493        8.3353003370178875        2.0847714261294530        6.3167160204712296        12.201516910884296     
         358           6   1.5575050595773945        9.3560240217998629        6.7329518146315595        2.6822100798175854        8.1779831771524893        4.7074935093435926     
         359           6   1.5685979361301474        8.0167917552769179        5.8730478188253930        2.7603631823791006        10.295484951634453        7.9536755169397226     
         360           6   1.5695441261662915        7.4298907021299012        7.1316661110419783        2.4683239692851249        8.3000856726810905        10.352152907744049     
         361           6   1.5423512977635303        6.5909241345375777        6.9451278262920679        2.8082647624421488        10.411673498512368        10.142738447073148     
         362           6   1.5494481877624990        7.4432202394440772        7.3860461391780534        2.9391530601185742        6.6920538610962819        11.438873527636286     
         363           6   1.5414330052569882        7.4318895388886341        7.1930237165693196        2.7204623041265550        8.5761501708448158        6.3563217538979373     
         364           6   1.5778548805405759        9.1146977949619288        6.8210456152442847        2.8041172755925170        10.018045847763316        14.399813511108514     
         365           6   1.5478076139584369        8.9265740073874582        5.8905835655847563        2.2283729915877895        7.5808667936443666        10.254630204203538     
         366           6   1.5764941025865451        7.3322990857228643        8.1730519942643127        2.4832584606196262        6.5198914515327617        9.7210493212433065     
         367           6   1.5535638549104147        7.1684510038942104        7.8226512115925555        2.7993395354884023        8.2403662279312950        9.0429362073605883     
         368           6   1.5799235596069134        8.1250423772871496        7.5468593943018476        2.6677447266394645        6.6188089706001572        13.355895431834739     
         369           6   1.5702984406248295        8.2962945657521487        7.2652707823453477        2.1673716985142790        8.8152243949973865        6.3688189503264150     
         370           6   1.5466150082325563        9.0982541175603870        5.6758884092250836        2.2035993714457560        7.2059828852386252        9.2495733666652828     
         371           6   1.5425534757118113        6.4924232243999844        6.9936556443648419        2.4050347912557237        6.3832980367378847        5.3668565335324967     
         372           6   1.5556311570465937        9.5607483480706801        6.3672424034459514        2.3098753808561430        7.2651633577966450        6.4972148975499442     
         373           6   1.5596568205060066        7.0051849220663307        7.4873166273720564        2.8879305914141331        8.7088307844731521        9.0890434788921848     
         374           6   1.5448200453959777        6.8304771722912792        6.8473059214597560        2.9053511461876704        8.0886222336832017        4.5302216897360053     
         375           6   1.5660643337499165        7.7301153413444759        6.8384205739783122        2.7951935831959265        7.9290271888793527        10.654462528863920     
         376           6   1.5607527485910431        9.2950726756051179        6.2307683127349245        2.6408385914771260        7.0093483622985051        14.609588544593194     
         377           6   1.5796319138900565        8.5431905024275174        6.9674273209773006        2.2190677461478856        10.029242653771798        4.4005290928378233     
         378           6   1.5404164954968915        7.6251952375665306        8.0896966911911967        2.1168044627685938        8.6570993821459581        10.620952282178681     
         379           6   1.5643414333273471        8.4280051998749368        8.0219628039287425        2.1274322871568798        9.8337907695376501        6.4295148710096255     
         380           6   1.5449853581086175        8.8968160951524986        8.2005741499233977        2.5197457057968338        7.2566491994391189        15.184534204786411     
         381           6   1.5719949213430471        8.7732049551993612        5.8562571529999365        2.9757297585477307        9.4708357629541027        3.9905841968122404     
         382           6   1.5445214633627795        8.3312258916914459        6.9884854573838417        2.8026185467564688        8.9640002673573260        10.305180306048133     
         383           6   1.5450730553317629        8.9780801525801408        6.7565336793415254        2.2115595189785862        10.254797288387101        7.4504384659288920     
         384           6   1.5709808404722998        6.4000778014928104        7.6459160443270582        2.3302618532082064        8.3783458520084437        8.7821496904673992     
         385           6   1.5590491087093017        7.4738427701637145        7.3488744711166243        2.1412175729927978        6.3957338907270502        10.808123970718121     
         386           6   1.5446512214069255        7.4954495244026189        7.8641090373283262        2.9280399224061613        10.217925517363614        5.4329809991947844     
         387           6   1.5687078595294803        9.4292570786550627        7.0442904487887397        2.2993498981042952        6.9081639964780166        9.7486052325144410     
         388           6   1.5517411759347282        9.2163552080899471        8.2773290726639352        2.3290850920475736        8.8557047760142851        8.8179025602699248     
         389           6   1.5710422056371531        8.4536832047134638        6.7614066542137410        2.9582636825968414        9.1429230528200804        14.066564673020970     
         390           6   1.5410984143042192        7.2089107498079539        7.7989990353874870        2.8724364588394105        7.1762659532215869        15.116408456989099     
         391           6   1.5498138172274643        8.2483256235122671        7.4592256048839536        2.3962766652250567        10.108944627594413        14.972219466237584     
         392           6   1.5722030916260370        7.4513730323687195        6.5695030526712532        2.2957718779416290        7.3921546409295775        5.9272324105172878     
         393           6   1.5632662882614696        6.9012949331179270        5.6685571374613781        2.6147871824419684        8.3620801920467063        11.755861463670154     
         394           6   1.5587081144487300        8.7641810660406936        7.3950841074822478        2.1847120390258823        6.9734265793365093        8.9106839494663284     
         395           6   1.5768382987378724        9.5784930295109749        7.8362116652078928        2.9500446531239151        7.5453579022932846        11.951828107004754     
         396           6   1.5601990344787389        9.5056118452578779        6.0733843305276700        2.5074984220698009        7.5309285480837849        7.8202451627855192     
         397           6   1.5406180709754116        7.0405762622863053        6.1213152711417527        2.3037832835578449        7.6805029680796526        14.143735457909992     
         398           6   1.5782547358047776        9.5950565163090804        6.2546461118808017        2.2457230042381395        7.4777854601184366        13.145380281412274     
         399           6   1.5758678893814981        7.0189361042737959        6.6501611561495810        2.5195045310115534        6.4753477162798356        7.7390183321465740     
         400           6   1.5415954942152650        7.8276285708516831        6.8520528073886409        2.8809763488454370        10.009378605750195        15.287800726410001     
         401           6   1.5785620844446495        8.8308738832488647        6.9091654760707168        3.0040040691031140        6.5070669448370291        7.0927676607994359     
         402           6   1.5493124164039269        6.4679687879621985        6.9043394224302848        2.6624532598715462        8.3301130282486096        4.8242742805366872     
         403           6   1.5555309819990584        8.2881534242555510        7.7003040687670934        2.8541880493348835        8.1415162363877833        13.071040316266007     
         404           6   1.5465578460901790        7.6537676318362351        6.9750722508594389        2.6449831641529316        9.4613482539746911        15.168677686960203     
         405           6   1.5545701202584989        8.1012367640316487        5.6544353756168855        2.1652642068811785        10.130765388776641        3.9971340858822222     
         406           6   1.5734732891754435        7.9855321185663346        7.2941621581465004        2.1860649537979810        6.3492390442739657        13.813189552090364     
         407           6   1.5624075862359255        6.5597184066295631        5.7598315511485563        2.2594936139928454        8.4346003651811650        14.874181895679795     
         408           6   1.5516538289681079        7.9336773038446902        8.2965508760163580        2.8994873865299389        10.390178941231468        8.1213449364793480     
         409           6   1.5763812073928865        8.0227636159673335        6.2026109987126654        2.2061754361191110        8.5339577504693054        13.729196437201230     
         410           6   1.5489229815759697        9.3431192952781910        6.6198574743648990        2.6270801027328616        6.5003040262820564        14.215422164542368     
         411           6   1.5524749006700143        6.7138722736820586        5.7003713524013753        2.1747212577871604        6.3670343739648532        7.4739402473620133     
         412           6   1.5454354383368978        9.5854791856497528        6.7131857474740597        2.4228884263078680        8.0951367983296745        12.931972150598886     
         413           6   1.5542931319946982        8.1973148230493074        7.9330430611811584        2.0339018068090264        9.3013450395297994        5.8276867602886631     
         414           6   1.5511499104970694        8.7898545053213830        5.6423434905495489        2.8844803705096336        9.3154485761735462        12.656972022957168     
         415           6   1.5443997029725092        6.7075662934064866        6.4791062408773232        2.4027525504566447        9.7569808273496150        14.111070764735341     
         416           6   1.5624803688460962        6.9332123104915029        6.5431320066608487        2.8755800605402513        6.3388525813690011        4.1205161328366957     
         417           6   1.5479536968237719        7.6329785847783089        6.0341222836511212        3.0400414689431710        6.5813155084735335        10.996789419121109     
         418           6   1.5494002160995641        7.9725780082672832        7.0536811609638850        2.7918183109488615        8.7346580059699992        4.6802625635252335     
         419           6   1.5647245528611355        8.5478345675125720        5.9857498210668556        3.0186491375608089        8.5533780912996207        7.0315574702627499     
         420           6   1.5532307615978458        6.9725866164043540        5.8438786199463530        2.6925006394428661        9.9788773215780218        8.3565660690814259     
         421           6   1.5705666381663828        9.1714665024444457        6.1577658154511825        2.7905371349507382        8.1126906544683344        14.200788201163292     
         422           6   1.5665282509117762        7.5978210030183195        8.0038306813141329        2.1036495007028244        8.2263635305816116        14.542917211017571     
         423           6   1.5647192688891851        6.7551899067267787        6.6637659461382777        2.6763661740047300        8.3275263350266719        10.772816542720888     
         424           6   1.5404889906118437        8.7468608457237487        6.9528482602205131        2.6556457486651275        9.4184810886340014        7.4303393093165946     
         425           6   1.5533479454948753        6.9965605133742104        6.6402771442551165        2.3735161814973127        10.100993293080403        11.147441338123986     
         426           6   1.5631628207602726        7.1939391421169043        6.5659698559639974        2.7116815307178626        7.3540743574379981        14.848814055635595     
         427           6   1.5482850376069175        8.8789983241230246        7.9879636771224440        2.7514735539058783        9.6146082721116262        9.9578621346331193     
         428           6   1.5502082499869727        7.1023746544793251        6.2725673124397172        2.1354539609416849        9.8834599189611527        15.281626089192228     
         429           6   1.5769612131236868        7.6093215179041032        7.1156328051624822        2.4299041637939958        6.8927341121964290        4.3118455723207445     
         430           6   1.5439311418453232        6.7977337527588011        6.8981970966767525        2.3458322007765617        8.6473124989828705        8.1033132237007379     
         431           6   1.5549374820566364        8.1178677609384060        8.0271584284104414        2.5360369595954939        7.9956881538754416        6.9115344106866976     
         432           6   1.5799144269329870        7.3171486088171598        5.8519148376077412        2.2638727428821563        9.4090241531184358        8.6025823009002487     
         433           6   1.5413338017258793        7.8150304763838649        7.8845266001995657        2.0778090184064206        8.8041976666627253        4.7413589930268936     
         434           6   1.5461264274955915        9.2063471335262044        6.0881959744472054        2.7666658049524946        7.3825437725974759        8.5842903050198203     
         435           6   1.5499584628380276        6.6083001268446449        7.9268705475052821        2.6096018664156175        8.4167837925065445        4.9450582895542023     
         436           6   1.5716509449822642        9.4896381861895325        6.4912014154488222        2.8492012461594864        6.6740337624596942        5.8503474400651170     
         437           6   1.5526596411480755        9.0548670605152850        8.1208194745354358        2.1108653114769975        8.0067221132705821        6.0016701901657514     
         438           6   1.5536651446278207        6.4784741111561663        7.9757467474525798        2.2906293404059763        6.8415413692709803        5.5707532453075981     
         439           6   1.5486575726120733        9.1360604349732402        7.9667563307324434        2.4267517190556691        6.4545477686761172        6.1875215169531286     
         440           6   1.5732398112772035        6.7613463584795594        6.1271889810489490        2.8223250879647952        7.5878114640903007        10.431835308903361     
         441           6   1.5480086180094257        8.9439565131545056        7.1669175692899154        2.3767070474535967        6.5179847184872584        11.732021792838584     
         442           6   1.5749226710161568        9.1081876121222969        7.0832810127848758        2.5915563882352504        7.4020878257811580        9.4438937963270586     
         443           6   1.5766138602287882        9.3217633511707199        8.3990268023082990        2.2272008295360206        8.6783116888372867        12.681768224290339     
         444           6   1.5400386880647392        9.1596823328182104        6.7505049787439404        2.0318685049157588        6.4787411712606344        8.4817321845865816     
         445           6   1.5718973659038917        6.5516488506525752        6.1502530472168697        2.5022412964403253        7.8558233417563654        9.5213844344930259     
         446           6   1.5477207510666735        6.5114236453175547        7.4465353176521143        2.3191036258313620        8.9139223591674686        14.339960755709093     
         447           6   1.5733669536094741        8.8156884274750933        8.2353683213809514        2.9928641797769071        7.4719456169534517        13.159672604050954     
         448           6   1.5505857560913823        9.0261427335530513        5.6250284546956415        3.0064161946480534        9.3886596558730346        7.3349673689999619     
         449           6   1.5768828732672706        8.8326945668548351        7.3785190482407810        2.7717869727573636        10.000733787862993        7.3758946495556730     
         450           6   1.5797079759531467        8.2669430905640127        8.1557942131251107        3.0350858236626537        7.3203476273083918        9.8427524666332165     
         451           6   1.5610799981799164        8.8054862701162708        7.9043976086266339        2.7426616179694046        9.0740003441063628        12.361854877291947     
         452           6   1.5554403478708119        9.5323848171174532        6.7052995726561173        2.7361829604241525        6.9427057678012405        7.1229389490068415     
         453           6   1.5712807974459417        7.1131870602101088        7.8242240069476887        2.3227305162936172        9.7169538426435320        9.6140821203810614     
         454           6   1.5723510141468049        8.5089800695464017        7.6336746214723217        2.3557468398452177        10.287230700979389        11.505637771385954     
         455           6   1.5525664465027860        9.1694818899452688        8.3274489912524832        2.3679240866780282        9.2842090138097291        12.139362382198684     
         456           6   1.5592294844829850        6.9278700651228426        6.2066584177304058        2.6774697575791175        6.6335131085731129        11.884996227938682     
         457           6   1.5721184524331802        9.4246092122092833        7.0659645756777376        2.1699098774169943        7.9157882916046489        9.1558837990439503     
         458           6   1.5652467172098907        9.3634877776116117        7.1195618447327993        2.1231531784399507        9.6050025760583146        7.1778283232748512     
         459           6   1.5454928803751620        9.2286452296957382        6.1805688680347055        2.2206817262832446        9.3822761510228130        8.0761321132052704     
         460           6   1.5649488267543354        6.8866457639157774        6.2991521781712763        2.9485208378648942        9.6025144190957441        12.712608315076446     
         461           6   1.5678370721052775        7.6869983628734948        5.6357508602848272        2.1792009418340212        8.4813327077018652        13.311658404871123     
         462           6   1.5563463539358044        7.7749425119712958        7.2110273577667776        2.8933490134969535        7.6466322646978915        9.9826832929770450     
         463           6   1.5518005749811605        9.3927021164998408        5.8206604283930732        3.0376918208127934        7.0673868138788825        5.0897991398461171     
         464           6   1.5600296955301800        7.9892430929705496        7.6269828195961198        2.8063211727184618        10.334083373328014        14.709626427224837     
         465           6   1.5491230830145628        9.0924265780061475        7.9354078319065273        2.0691822459451479        7.2872914078528339        10.489067912760424     
         466           6   1.5550436074583232        9.2877833109900365        6.6783031904404986        2.1551573651319180        7.2332731093693985        5.7860605944995767     
         467           6   1.5531199030623770        6.5158495231837037        8.2598427178634335        2.1982834112358463        8.6942495805983064        10.858989330040524     
         468           6   1.5780644090010227        6.4869322470963002        7.7748855862112718        2.0409784000284596        7.1545426708146644        5.6212431096239017     
         469           6   1.5482025276785158        7.1929925288572907        5.9047178623756391        2.6950695126444377        6.9582580754653129        13.338132055855356     
         470           6   1.5442552327753791        8.6932621818378575        5.7070808509390796        2.9228195675603299        10.428466206459435        14.447959952527192     
         471           6   1.5699972665611841        6.7286983295425769        8.2666372406046840        2.7751467665739451        10.455141286072916        6.3186718355945768     
         472           6   1.5716922445003874        7.9569788943663236        7.8870760366011412        2.3604924422680025        7.4109757818270943        4.8603338591794021     
         473           6   1.5615607828880660        6.5056136859595783        5.8760939203854647        2.0868386604593692        9.2476235281180124        15.127158632279841     
         474           6   1.5432523607172446        7.3249321182191371        8.0671818346738817        2.4721837806849090        7.8179116766739032        5.9099756147125735     
         475           6   1.5621646767245232        7.2892191817507150        8.2746650202978405        2.3435085222975629        9.7866915293521117        4.5806868074971723     
         476           6   1.5620963429639303        7.4154441207915545        5.9387343056637789        2.2771710927066953        6.9023560980187169        10.392998838340397     
         477           6   1.5483543386197651        7.5177254202485084        6.0848316267639397        2.5610187231451080        10.068977242940138        10.188834877275397     
         478           6   1.5688726878028549        7.2039609927400949        6.4297159245587885        2.5162699012798164        10.230543088381113        6.6558046756854754     
         479           6   1.5572045321930015        8.0881951649561525        8.0147265625026076        2.3269094047333017        9.3947652979136347        10.547224182300038     
         480           6   1.5416443949073182        8.8503546584650863        6.5937839850060636        2.3207362565178142        8.0441660791912586        9.0596281254079649     
         481           6   1.5521237417179348        8.2147817830324179        7.7710491426119592        2.1888971498744003        10.206254407670921        4.7875791228835007     
         482           6   1.5488687769086100        6.7671465262651447        6.4666716082094231        2.7273223499075137        10.483392739827138        11.255293008643202     
         483           6   1.5693529448633454        6.8958148507282138        7.1838764411749318        2.6029987824470644        9.6645359410522165        4.9748092465247034     
         484           6   1.5535142813389191        6.6698050756990908        7.1038612959895282        2.7783133671909477        9.4601976017030243        7.8955756044320289     
         485           6   1.5590235138724746        7.7524558608606453        6.4274272603165352        3.0389420175249775        8.2551937404171500        3.9618131267935968     
         486           6   1.5678429773296603        8.1744812744334343        8.3221629934025927        2.6891630038755574        9.5364313155101428        4.1347633425409436     
         487           6   1.5476193715524489        8.7250022882327443        7.8526579107606791        2.5976715259240102        8.5723196489748066        4.2685692302205132     
         488           6   1.5728125793208367        8.5328949655860669        5.7688315431006254        2.1294614202282944        6.8574852201275664        5.4718519904019782     
         489           6   1.5546650016343035        9.4662407273754479        6.0099764648268001        2.7689989158620030        7.1280246473894451        7.2634856151288840     
         490           6   1.5770416994050704        7.2334090746492148        8.0474957499865436        2.7314208744948916        6.6606832530681830        4.3793615322830153     
         491           6   1.5411628311753833        7.0610220795854932        7.5151676963359124        2.8164126160970424        8.6370595431317980        8.6870899868889246     
         492           6   1.5523190195984207        7.4626505711600188        6.4861104525174946        2.7568592056052199        10.277884568528883        4.0722209603223014     
         493           6   1.5469122664737143        8.5764935002431280        6.3801225834390145        2.1338729256816671        9.5263963600106489        11.861265726605664     
         494           6   1.5471883587170578        8.8844122196957471        6.8933825976558030        2.7537620633212105        10.184985604466366        8.7282164219447864     
         495           6   1.5528749056166782        9.5483081077128649        6.7652110272893680        2.7238500720586813        7.7461314745878749        13.893466694263042     
         496           6   1.5510047626726517        8.1597075987637044        6.8273201622003681        2.4884959783712026        9.7994439655986891        13.587012597005350     
         497           6   1.5616247073596159        8.7365704908907418        6.4478039840690791        2.7318021297215855        7.4533280542767235        5.6290485843967177     
         498           6   1.5792220715412126        7.8379920964002618        7.1395849379418417        2.8340068933439997        10.115762943824548        4.3261928166572474     
         499           6   1.5406518991264702        8.3056533705636859        6.5317217612480745        3.0301802450660520        8.0845854390263003        7.6261719129802650     
         500           6   1.5606021349340491        9.4630802120015023        8.0920065783655275        2.0909507084408121        9.7920857610670335        14.003885401133914     
