[[0.09234331053668551 513.0400477296731 array([5.15318789, 0.01392422])
  0.05820348900637631 0.00902346136211516]
 [0.09234331053668551 381.1758091721517 array([7.90112786, 0.05761548])
  0.058256880004892486 0.009870384086345486]
 [0.09234331053668551 314.42555675255363
  array([12.86085126,  1.11819963]) 0.058303993021920894
  0.01071690110421563]
 ...
 [0.049906828453940344 300.0024368886856
  array([14.07807626,  1.05158293]) 0.008138644967176215
  0.011520473269770485]
 [0.049906828453940344 300.0026199319108
  array([14.04344604,  0.95289252]) 0.007871489577554666
  0.01071298260802649]
 [0.049906828453940344 300.01014678158026
  array([13.94651359,  1.07562581]) 0.00860810053397722
  0.01022209479289123]]
[[ 1.16029599e-01  0.00000000e+00 -3.20399690e+04  5.85712217e-02
   8.60000000e-03]
 [ 1.16029599e-01  0.00000000e+00 -3.16064361e+04  6.28194029e-02
   8.60000000e-03]
 [ 1.16029599e-01  0.00000000e+00 -3.17928283e+04  6.37000290e-02
   8.60000000e-03]
 ...
 [ 1.63927825e-01  0.00000000e+00 -3.06453750e+04  1.84028445e-02
   9.12673192e-04]
 [ 1.63927825e-01  0.00000000e+00 -3.20305490e+04  1.90314074e-02
   1.52112199e-03]
 [ 1.63927825e-01  0.00000000e+00 -3.35347304e+04  1.96599704e-02
   2.12957078e-03]]
