[[0.11513781933372705 546.7084085172247 array([3.00449214, 0.46863554])
  0.05820348900637631 0.00902346136211516]
 [0.11513781933372705 434.30385038113036
  array([ 4.91944693, -1.41058473]) 0.058256880004892486
  0.009870384086345486]
 [0.11513781933372705 345.6186947611548 array([7.3024561 , 0.20515872])
  0.058303993021920894 0.01071690110421563]
 ...
 [0.018257851025010693 300.72566649308624 array([8.00713732, 0.60202355])
  0.008138644967176215 0.011520473269770485]
 [0.018257851025010693 300.7250581098084 array([7.99451176, 0.5513071 ])
  0.007871489577554666 0.01071298260802649]
 [0.018257851025010693 300.7755935381382 array([7.94522435, 0.6121321 ])
  0.00860810053397722 0.01022209479289123]]
[[ 7.13344294e-02  0.00000000e+00 -2.72325416e+04  5.85712217e-02
   8.60000000e-03]
 [ 7.13344294e-02  0.00000000e+00 -2.73629074e+04  6.28194029e-02
   8.60000000e-03]
 [ 7.13344294e-02  0.00000000e+00 -2.71099553e+04  6.37000290e-02
   8.60000000e-03]
 ...
 [ 1.59368470e-01  0.00000000e+00 -3.06358166e+04  1.84028445e-02
   9.12673192e-04]
 [ 1.59368470e-01  0.00000000e+00 -3.19923467e+04  1.90314074e-02
   1.52112199e-03]
 [ 1.59368470e-01  0.00000000e+00 -3.34578966e+04  1.96599704e-02
   2.12957078e-03]]
