[[0.16065471575742785 549.9495016729644 array([2.96102276, 0.04080118])
  0.05820348900637631 0.00902346136211516]
 [0.16065471575742785 427.8410243644521 array([5.31635454, 0.02656952])
  0.058256880004892486 0.009870384086345486]
 [0.16065471575742785 335.06459794184667
  array([ 7.84009468, -0.06157175]) 0.058303993021920894
  0.01071690110421563]
 ...
 [0.08021940042901042 300.02848117941835 array([8.54623238, 0.64957965])
  0.008138644967176215 0.011520473269770485]
 [0.08021940042901042 300.0301183415433 array([8.52678295, 0.58822157])
  0.007871489577554666 0.01071298260802649]
 [0.08021940042901042 300.0301945264156 array([8.47162236, 0.65457624])
  0.00860810053397722 0.01022209479289123]]
[[ 1.99325437e-01  0.00000000e+00 -2.75992577e+04  5.85712217e-02
   8.60000000e-03]
 [ 1.99325437e-01  0.00000000e+00 -2.78948689e+04  6.28194029e-02
   8.60000000e-03]
 [ 1.99325437e-01  0.00000000e+00 -2.78797720e+04  6.37000290e-02
   8.60000000e-03]
 ...
 [ 9.24977651e-02  0.00000000e+00 -3.06416376e+04  1.84028445e-02
   9.12673192e-04]
 [ 9.24977651e-02  0.00000000e+00 -3.19898425e+04  1.90314074e-02
   1.52112199e-03]
 [ 9.24977651e-02  0.00000000e+00 -3.34678894e+04  1.96599704e-02
   2.12957078e-03]]
