[[0.2493860344154844 565.7923253595508 array([2.33251544, 0.6798758 ])
  0.05820348900637631 0.00902346136211516]
 [0.2493860344154844 450.03104558053263 array([ 3.98707   , -1.09259404])
  0.058256880004892486 0.009870384086345486]
 [0.2493860344154844 351.1907236831021 array([6.24580405, 0.58463585])
  0.058303993021920894 0.01071690110421563]
 ...
 [0.061218054180942554 299.9753878812466 array([6.69778188, 0.51709105])
  0.008138644967176215 0.011520473269770485]
 [0.061218054180942554 299.96912549431175 array([6.67893852, 0.47411886])
  0.007871489577554666 0.01071298260802649]
 [0.061218054180942554 299.96285126735273 array([6.63835823, 0.52559245])
  0.00860810053397722 0.01022209479289123]]
[[ 1.74114396e-01  0.00000000e+00 -2.54334948e+04  5.85712217e-02
   8.60000000e-03]
 [ 1.74114396e-01  0.00000000e+00 -2.51295176e+04  6.28194029e-02
   8.60000000e-03]
 [ 1.74114396e-01  0.00000000e+00 -2.51073475e+04  6.37000290e-02
   8.60000000e-03]
 ...
 [ 3.45979478e-01  0.00000000e+00 -3.06303436e+04  1.84028445e-02
   9.12673192e-04]
 [ 3.45979478e-01  0.00000000e+00 -3.19703274e+04  1.90314074e-02
   1.52112199e-03]
 [ 3.45979478e-01  0.00000000e+00 -3.34210789e+04  1.96599704e-02
   2.12957078e-03]]
