[[0.03948195641035235 568.1486661960198
  array([2.38443604e+00, 1.02618647e-03]) 0.05820348900637631
  0.00902346136211516]
 [0.03948195641035235 452.48796146041633 array([4.02535378, 1.33736964])
  0.058256880004892486 0.009870384086345486]
 [0.03948195641035235 355.11985014133955
  array([ 5.76813687, -0.18743251]) 0.058303993021920894
  0.01071690110421563]
 ...
 [0.2446456342771849 300.000594710475 array([6.19771824, 0.48392214])
  0.008138644967176215 0.011520473269770485]
 [0.2446456342771849 300.0069694478716 array([6.18037766, 0.43749082])
  0.007871489577554666 0.01071298260802649]
 [0.2446456342771849 300.0003002568306 array([6.14137112, 0.4872986 ])
  0.00860810053397722 0.01022209479289123]]
[[ 2.78510788e-01  0.00000000e+00 -2.48831826e+04  5.85712217e-02
   8.60000000e-03]
 [ 2.78510788e-01  0.00000000e+00 -2.52933564e+04  6.28194029e-02
   8.60000000e-03]
 [ 2.78510788e-01  0.00000000e+00 -2.53169717e+04  6.37000290e-02
   8.60000000e-03]
 ...
 [ 3.88006157e-01  0.00000000e+00 -3.06306582e+04  1.84028445e-02
   9.12673192e-04]
 [ 3.88006157e-01  0.00000000e+00 -3.19669576e+04  1.90314074e-02
   1.52112199e-03]
 [ 3.88006157e-01  0.00000000e+00 -3.34078762e+04  1.96599704e-02
   2.12957078e-03]]
