[[0.09791230400444355 519.3438293316573 array([ 4.39704682, -0.14695459])
  0.05820348900637631 0.00902346136211516]
 [0.09791230400444355 393.27316269605507
  array([ 7.4122458 , -0.92365029]) 0.058256880004892486
  0.009870384086345486]
 [0.09791230400444355 318.09226837301225
  array([11.72440832, -0.02686606]) 0.058303993021920894
  0.01071690110421563]
 ...
 [0.1846498700889347 299.99311163568177 array([12.65098325,  0.93930831])
  0.008138644967176215 0.011520473269770485]
 [0.1846498700889347 299.98826899908397 array([12.61537592,  0.85473059])
  0.007871489577554666 0.01071298260802649]
 [0.1846498700889347 299.98914142279614 array([12.53733275,  0.9516803 ])
  0.00860810053397722 0.01022209479289123]]
[[ 1.43611243e-01  0.00000000e+00 -3.07081435e+04  5.85712217e-02
   8.60000000e-03]
 [ 1.43611243e-01  0.00000000e+00 -3.11726360e+04  6.28194029e-02
   8.60000000e-03]
 [ 1.43611243e-01  0.00000000e+00 -3.12011815e+04  6.37000290e-02
   8.60000000e-03]
 ...
 [ 2.00028905e-01  0.00000000e+00 -3.06424847e+04  1.84028445e-02
   9.12673192e-04]
 [ 2.00028905e-01  0.00000000e+00 -3.20266903e+04  1.90314074e-02
   1.52112199e-03]
 [ 2.00028905e-01  0.00000000e+00 -3.35282371e+04  1.96599704e-02
   2.12957078e-03]]
