[[0.04707894975927603 503.04665968599625
  array([ 5.51077649, -0.46114887]) 0.05820348900637631
  0.00902346136211516]
 [0.04707894975927603 377.09589245923706
  array([ 7.88863748, -0.3721073 ]) 0.058256880004892486
  0.009870384086345486]
 [0.04707894975927603 314.33255104589165
  array([13.11736841,  1.02308902]) 0.058303993021920894
  0.01071690110421563]
 ...
 [0.09086384779454158 300.01013841855513
  array([14.69016535,  1.12550304]) 0.008138644967176215
  0.011520473269770485]
 [0.09086384779454158 300.0205647410568 array([14.65081752,  1.02735282])
  0.007871489577554666 0.01071298260802649]
 [0.09086384779454158 300.0124155479937 array([14.56340946,  1.14602924])
  0.00860810053397722 0.01022209479289123]]
[[ 3.79567969e-02  0.00000000e+00 -3.28631536e+04  5.85712217e-02
   8.60000000e-03]
 [ 3.79567969e-02  0.00000000e+00 -3.18622430e+04  6.28194029e-02
   8.60000000e-03]
 [ 3.79567969e-02  0.00000000e+00 -3.21378515e+04  6.37000290e-02
   8.60000000e-03]
 ...
 [ 9.67627512e-02  0.00000000e+00 -3.06441958e+04  1.84028445e-02
   9.12673192e-04]
 [ 9.67627512e-02  0.00000000e+00 -3.20329975e+04  1.90314074e-02
   1.52112199e-03]
 [ 9.67627512e-02  0.00000000e+00 -3.35420520e+04  1.96599704e-02
   2.12957078e-03]]
