[[0.3433418962847477 588.7086806469715 array([1.75670209, 0.3960796 ])
  0.05820348900637631 0.00902346136211516]
 [0.3433418962847477 470.4038005038222 array([3.42462544, 0.10708827])
  0.058256880004892486 0.009870384086345486]
 [0.3433418962847477 370.7212433476589 array([4.75628809, 0.23560053])
  0.058303993021920894 0.01071690110421563]
 ...
 [0.07226266514039122 299.998201080345 array([5.32039765, 0.41399584])
  0.008138644967176215 0.011520473269770485]
 [0.07226266514039122 300.001139906102 array([5.30802443, 0.37482863])
  0.007871489577554666 0.01071298260802649]
 [0.07226266514039122 300.0014202072022 array([5.27414788, 0.41947435])
  0.00860810053397722 0.01022209479289123]]
[[ 4.18683785e-01  0.00000000e+00 -2.19894754e+04  5.85712217e-02
   8.60000000e-03]
 [ 4.18683785e-01  0.00000000e+00 -2.28593260e+04  6.28194029e-02
   8.60000000e-03]
 [ 4.18683785e-01  0.00000000e+00 -2.29981151e+04  6.37000290e-02
   8.60000000e-03]
 ...
 [ 1.28269803e-01  0.00000000e+00 -3.06281270e+04  1.84028445e-02
   9.12673192e-04]
 [ 1.28269803e-01  0.00000000e+00 -3.19188298e+04  1.90314074e-02
   1.52112199e-03]
 [ 1.28269803e-01  0.00000000e+00 -3.33409425e+04  1.96599704e-02
   2.12957078e-03]]
