[[0.12883253149976484 543.2192715399444 array([3.04605929, 0.7455351 ])
  0.05820348900637631 0.00902346136211516]
 [0.12883253149976484 420.77036666256964
  array([ 5.39853792, -1.5532545 ]) 0.058256880004892486
  0.009870384086345486]
 [0.12883253149976484 335.5352146564815 array([8.2830976 , 1.03414058])
  0.058303993021920894 0.01071690110421563]
 ...
 [0.05029200813421534 299.99885288682714 array([8.92847544, 0.6737082 ])
  0.008138644967176215 0.011520473269770485]
 [0.05029200813421534 299.9939104529724 array([8.90920619, 0.61111509])
  0.007871489577554666 0.01071298260802649]
 [0.05029200813421534 299.98576097492935 array([8.8569831 , 0.67822266])
  0.00860810053397722 0.01022209479289123]]
[[ 1.67562965e-01  0.00000000e+00 -2.78110731e+04  5.85712217e-02
   8.60000000e-03]
 [ 1.67562965e-01  0.00000000e+00 -2.83187804e+04  6.28194029e-02
   8.60000000e-03]
 [ 1.67562965e-01  0.00000000e+00 -2.83441903e+04  6.37000290e-02
   8.60000000e-03]
 ...
 [ 2.80482409e-01  0.00000000e+00 -3.06380022e+04  1.84028445e-02
   9.12673192e-04]
 [ 2.80482409e-01  0.00000000e+00 -3.19908656e+04  1.90314074e-02
   1.52112199e-03]
 [ 2.80482409e-01  0.00000000e+00 -3.34716371e+04  1.96599704e-02
   2.12957078e-03]]
