[[0.027436177204945338 516.7546806478757
  array([ 4.85968007, -0.12270209]) 0.05820348900637631
  0.00902346136211516]
 [0.027436177204945338 382.91323946285263
  array([ 7.98289904, -0.02493868]) 0.058256880004892486
  0.009870384086345486]
 [0.027436177204945338 314.41309896401975
  array([12.80359173,  0.37144553]) 0.058303993021920894
  0.01071690110421563]
 ...
 [0.1796809624693943 300.0004270243783 array([13.75622173,  1.04698014])
  0.008138644967176215 0.011520473269770485]
 [0.1796809624693943 300.0072023388207 array([13.7245138 ,  0.94950308])
  0.007871489577554666 0.01071298260802649]
 [0.1796809624693943 300.01005550467323 array([13.63248042,  1.07164195])
  0.00860810053397722 0.01022209479289123]]
[[ 6.30738235e-02  0.00000000e+00 -3.18288726e+04  5.85712217e-02
   8.60000000e-03]
 [ 6.30738235e-02  0.00000000e+00 -3.11714039e+04  6.28194029e-02
   8.60000000e-03]
 [ 6.30738235e-02  0.00000000e+00 -3.14507332e+04  6.37000290e-02
   8.60000000e-03]
 ...
 [ 9.71993554e-03  0.00000000e+00 -3.07639220e+04  1.84028445e-02
   9.12673192e-04]
 [ 9.71993554e-03  0.00000000e+00 -3.21533351e+04  1.90314074e-02
   1.52112199e-03]
 [ 9.71993554e-03  0.00000000e+00 -3.36489270e+04  1.96599704e-02
   2.12957078e-03]]
