[[0.08611636621790097 505.665047895643 array([ 5.6789001 , -0.06776999])
  0.05820348900637631 0.00902346136211516]
 [0.08611636621790097 376.65889546684 array([8.23215401, 0.05680709])
  0.058256880004892486 0.009870384086345486]
 [0.08611636621790097 313.3252939069726 array([13.11175782,  0.19795158])
  0.058303993021920894 0.01071690110421563]
 ...
 [0.04354658596189407 300.00294040559976
  array([14.58827002,  1.06035403]) 0.008138644967176215
  0.011520473269770485]
 [0.04354658596189407 299.9995006174555 array([14.54809244,  0.9663667 ])
  0.007871489577554666 0.01071298260802649]
 [0.04354658596189407 300.00832657505106
  array([14.45911254,  1.09552455]) 0.00860810053397722
  0.01022209479289123]]
[[ 2.82176543e-02  0.00000000e+00 -3.26026652e+04  5.85712217e-02
   8.60000000e-03]
 [ 2.82176543e-02  0.00000000e+00 -3.24057741e+04  6.28194029e-02
   8.60000000e-03]
 [ 2.82176543e-02  0.00000000e+00 -3.25229103e+04  6.37000290e-02
   8.60000000e-03]
 ...
 [ 7.47400844e-02  0.00000000e+00 -3.06460900e+04  1.84028445e-02
   9.12673192e-04]
 [ 7.47400844e-02  0.00000000e+00 -3.20378602e+04  1.90314074e-02
   1.52112199e-03]
 [ 7.47400844e-02  0.00000000e+00 -3.35445445e+04  1.96599704e-02
   2.12957078e-03]]
