[[0.19317123467232228 540.7156095660354 array([ 3.04407189, -0.00808699])
  0.05820348900637631 0.00902346136211516]
 [0.19317123467232228 418.9101207212083 array([ 5.86638543, -0.25563127])
  0.058256880004892486 0.009870384086345486]
 [0.19317123467232228 329.135088717215 array([ 8.87233932, -0.01648476])
  0.058303993021920894 0.01071690110421563]
 ...
 [0.11843810827188629 299.9987342696925 array([9.44197518, 0.72339493])
  0.008138644967176215 0.011520473269770485]
 [0.11843810827188629 300.00395625241265 array([9.42181953, 0.65360279])
  0.007871489577554666 0.01071298260802649]
 [0.11843810827188629 299.9794067590673 array([9.36385233, 0.72526553])
  0.00860810053397722 0.01022209479289123]]
[[ 3.83364270e-02  0.00000000e+00 -2.86175224e+04  5.85712217e-02
   8.60000000e-03]
 [ 3.83364270e-02  0.00000000e+00 -2.88503765e+04  6.28194029e-02
   8.60000000e-03]
 [ 3.83364270e-02  0.00000000e+00 -2.88634567e+04  6.37000290e-02
   8.60000000e-03]
 ...
 [ 1.13528872e-01  0.00000000e+00 -3.06418690e+04  1.84028445e-02
   9.12673192e-04]
 [ 1.13528872e-01  0.00000000e+00 -3.20002678e+04  1.90314074e-02
   1.52112199e-03]
 [ 1.13528872e-01  0.00000000e+00 -3.34875224e+04  1.96599704e-02
   2.12957078e-03]]
