[[0.08485740075213234 510.38517421553104 array([5.08651204, 0.29525742])
  0.05820348900637631 0.00902346136211516]
 [0.08485740075213234 379.2836535120394 array([8.15039533, 0.29159053])
  0.058256880004892486 0.009870384086345486]
 [0.08485740075213234 313.9257262015041 array([13.02396966, -0.74458199])
  0.058303993021920894 0.01071690110421563]
 ...
 [0.034459985206812906 300.0323048696098
  array([14.30251923,  1.08228713]) 0.008138644967176215
  0.011520473269770485]
 [0.034459985206812906 300.02221789812177
  array([14.26703966,  0.98385565]) 0.007871489577554666
  0.01071298260802649]
 [0.034459985206812906 300.0244391598811
  array([14.18343805,  1.09184817]) 0.00860810053397722
  0.01022209479289123]]
[[ 1.72425507e-01  0.00000000e+00 -3.22988622e+04  5.85712217e-02
   8.60000000e-03]
 [ 1.72425507e-01  0.00000000e+00 -3.20469827e+04  6.28194029e-02
   8.60000000e-03]
 [ 1.72425507e-01  0.00000000e+00 -3.21645306e+04  6.37000290e-02
   8.60000000e-03]
 ...
 [ 1.71440141e-02  0.00000000e+00 -3.07124158e+04  1.84028445e-02
   9.12673192e-04]
 [ 1.71440141e-02  0.00000000e+00 -3.21062938e+04  1.90314074e-02
   1.52112199e-03]
 [ 1.71440141e-02  0.00000000e+00 -3.36204803e+04  1.96599704e-02
   2.12957078e-03]]
