[[0.40081647009984606 589.4105981586341 array([ 1.47382624, -0.2954396 ])
  0.05820348900637631 0.00902346136211516]
 [0.40081647009984606 472.1256854954868 array([3.34288267, 0.85477167])
  0.058256880004892486 0.009870384086345486]
 [0.40081647009984606 369.47655397727453
  array([ 4.82128597, -0.33748838]) 0.058303993021920894
  0.01071690110421563]
 ...
 [0.16433241229375312 300.00171330435836 array([5.12456391, 0.3951342 ])
  0.008138644967176215 0.011520473269770485]
 [0.16433241229375312 300.00445625446525 array([5.10998351, 0.35998329])
  0.007871489577554666 0.01071298260802649]
 [0.16433241229375312 300.00717123829975 array([5.07842532, 0.40340453])
  0.00860810053397722 0.01022209479289123]]
[[ 2.64018431e-01  0.00000000e+00 -2.25837787e+04  5.85712217e-02
   8.60000000e-03]
 [ 2.64018431e-01  0.00000000e+00 -2.26319759e+04  6.28194029e-02
   8.60000000e-03]
 [ 2.64018431e-01  0.00000000e+00 -2.25380572e+04  6.37000290e-02
   8.60000000e-03]
 ...
 [ 9.81418450e-02  0.00000000e+00 -3.06274733e+04  1.84028445e-02
   9.12673192e-04]
 [ 9.81418450e-02  0.00000000e+00 -3.19174257e+04  1.90314074e-02
   1.52112199e-03]
 [ 9.81418450e-02  0.00000000e+00 -3.33334312e+04  1.96599704e-02
   2.12957078e-03]]
