[[0.09828853525529159 526.4767007473779 array([ 3.74516969, -0.45981249])
  0.05820348900637631 0.00902346136211516]
 [0.09828853525529159 405.4689013587564 array([ 6.52079237, -0.19846825])
  0.058256880004892486 0.009870384086345486]
 [0.09828853525529159 324.1758864931603 array([9.8423477 , 0.17943495])
  0.058303993021920894 0.01071690110421563]
 ...
 [0.18232225769756202 300.0038649629356 array([10.67724895,  0.7939702 ])
  0.008138644967176215 0.011520473269770485]
 [0.18232225769756202 300.0078732597906 array([10.66290087,  0.72423355])
  0.007871489577554666 0.01071298260802649]
 [0.18232225769756202 300.0097181765143 array([10.59660557,  0.79939946])
  0.00860810053397722 0.01022209479289123]]
[[ 3.38406908e-02  0.00000000e+00 -2.92906423e+04  5.85712217e-02
   8.60000000e-03]
 [ 3.38406908e-02  0.00000000e+00 -2.98944299e+04  6.28194029e-02
   8.60000000e-03]
 [ 3.38406908e-02  0.00000000e+00 -2.99569122e+04  6.37000290e-02
   8.60000000e-03]
 ...
 [ 1.02176875e-01  0.00000000e+00 -3.06410454e+04  1.84028445e-02
   9.12673192e-04]
 [ 1.02176875e-01  0.00000000e+00 -3.20086819e+04  1.90314074e-02
   1.52112199e-03]
 [ 1.02176875e-01  0.00000000e+00 -3.35048973e+04  1.96599704e-02
   2.12957078e-03]]
