[[0.13844780067724943 600.4010614305901 array([1.31035869, 0.49870036])
  0.05820348900637631 0.00902346136211516]
 [0.13844780067724943 489.30996975268204
  array([ 2.92179278, -0.87813245]) 0.058256880004892486
  0.009870384086345486]
 [0.13844780067724943 378.6368031161359 array([4.3259258 , 0.28920309])
  0.058303993021920894 0.01071690110421563]
 ...
 [0.5080317147520257 300.0502347024615 array([4.69455277, 0.36812077])
  0.008138644967176215 0.011520473269770485]
 [0.5080317147520257 300.0400698621343 array([4.68071996, 0.33481467])
  0.007871489577554666 0.01071298260802649]
 [0.5080317147520257 300.03653829296815 array([4.65030908, 0.37175507])
  0.00860810053397722 0.01022209479289123]]
[[ 4.57620791e-01  0.00000000e+00 -2.09535034e+04  5.85712217e-02
   8.60000000e-03]
 [ 4.57620791e-01  0.00000000e+00 -2.15872025e+04  6.28194029e-02
   8.60000000e-03]
 [ 4.57620791e-01  0.00000000e+00 -2.15808382e+04  6.37000290e-02
   8.60000000e-03]
 ...
 [ 1.88612256e-01  0.00000000e+00 -3.06180827e+04  1.84028445e-02
   9.12673192e-04]
 [ 1.88612256e-01  0.00000000e+00 -3.19161581e+04  1.90314074e-02
   1.52112199e-03]
 [ 1.88612256e-01  0.00000000e+00 -3.33177382e+04  1.96599704e-02
   2.12957078e-03]]
