[[0.2896610160434804 575.0384302798132 array([ 1.96378899, -0.17176267])
  0.05820348900637631 0.00902346136211516]
 [0.2896610160434804 460.9803911531638 array([ 3.72462903, -0.4919806 ])
  0.058256880004892486 0.009870384086345486]
 [0.2896610160434804 358.4486945064543 array([5.41633715, 0.31890988])
  0.058303993021920894 0.01071690110421563]
 ...
 [0.1465805636924934 300.00314016726895 array([5.77369909, 0.45749639])
  0.008138644967176215 0.011520473269770485]
 [0.1465805636924934 300.005250473315 array([5.75587643, 0.41620377])
  0.007871489577554666 0.01071298260802649]
 [0.1465805636924934 300.0051376429361 array([5.71841294, 0.4646521 ])
  0.00860810053397722 0.01022209479289123]]
[[ 3.07581146e-01  0.00000000e+00 -2.41820394e+04  5.85712217e-02
   8.60000000e-03]
 [ 3.07581146e-01  0.00000000e+00 -2.41332617e+04  6.28194029e-02
   8.60000000e-03]
 [ 3.07581146e-01  0.00000000e+00 -2.40426143e+04  6.37000290e-02
   8.60000000e-03]
 ...
 [ 4.21183225e-01  0.00000000e+00 -3.06283906e+04  1.84028445e-02
   9.12673192e-04]
 [ 4.21183225e-01  0.00000000e+00 -3.19554627e+04  1.90314074e-02
   1.52112199e-03]
 [ 4.21183225e-01  0.00000000e+00 -3.33868210e+04  1.96599704e-02
   2.12957078e-03]]
