[[0.058689550334290665 577.2216401419151 array([1.81501448, 0.05233385])
  0.05820348900637631 0.00902346136211516]
 [0.058689550334290665 456.8025792543432 array([3.87625253, 0.02237689])
  0.058256880004892486 0.009870384086345486]
 [0.058689550334290665 358.95463124330627 array([5.62645651, 0.09597646])
  0.058303993021920894 0.01071690110421563]
 ...
 [0.3588952478568526 299.99599734101525 array([5.98680761, 0.45579744])
  0.008138644967176215 0.011520473269770485]
 [0.3588952478568526 299.99930442188673 array([5.9708727 , 0.41409044])
  0.007871489577554666 0.01071298260802649]
 [0.3588952478568526 299.9976853095431 array([5.93205564, 0.46042619])
  0.00860810053397722 0.01022209479289123]]
[[ 2.49115591e-01  0.00000000e+00 -2.44151745e+04  5.85712217e-02
   8.60000000e-03]
 [ 2.49115591e-01  0.00000000e+00 -2.45121629e+04  6.28194029e-02
   8.60000000e-03]
 [ 2.49115591e-01  0.00000000e+00 -2.44570035e+04  6.37000290e-02
   8.60000000e-03]
 ...
 [ 9.81240931e-02  0.00000000e+00 -3.06295037e+04  1.84028445e-02
   9.12673192e-04]
 [ 9.81240931e-02  0.00000000e+00 -3.19596530e+04  1.90314074e-02
   1.52112199e-03]
 [ 9.81240931e-02  0.00000000e+00 -3.33963913e+04  1.96599704e-02
   2.12957078e-03]]
