[[0.09925559382565147 548.776507166928 array([ 2.70799335, -0.25364435])
  0.05820348900637631 0.00902346136211516]
 [0.09925559382565147 434.43454909434723
  array([ 4.88801768, -0.11207187]) 0.058256880004892486
  0.009870384086345486]
 [0.09925559382565147 343.54641469344733 array([7.14346066, 0.60959548])
  0.058303993021920894 0.01071690110421563]
 ...
 [0.19820224238557455 299.98110844743843 array([7.69783449, 0.56838065])
  0.008138644967176215 0.011520473269770485]
 [0.19820224238557455 299.9822731203449 array([7.67632082, 0.52212612])
  0.007871489577554666 0.01071298260802649]
 [0.19820224238557455 299.978497690369 array([7.62569596, 0.57784375])
  0.00860810053397722 0.01022209479289123]]
[[ 1.28912404e-01  0.00000000e+00 -2.65699836e+04  5.85712217e-02
   8.60000000e-03]
 [ 1.28912404e-01  0.00000000e+00 -2.68909351e+04  6.28194029e-02
   8.60000000e-03]
 [ 1.28912404e-01  0.00000000e+00 -2.68825856e+04  6.37000290e-02
   8.60000000e-03]
 ...
 [ 8.64025939e-02  0.00000000e+00 -3.06450333e+04  1.84028445e-02
   9.12673192e-04]
 [ 8.64025939e-02  0.00000000e+00 -3.19887572e+04  1.90314074e-02
   1.52112199e-03]
 [ 8.64025939e-02  0.00000000e+00 -3.34603672e+04  1.96599704e-02
   2.12957078e-03]]
