[[0.213048265516586 535.1365194129627 array([3.34398001, 0.41554277])
  0.05820348900637631 0.00902346136211516]
 [0.213048265516586 421.77512155375143 array([5.54512899, 1.19451871])
  0.058256880004892486 0.009870384086345486]
 [0.213048265516586 333.6200138647591 array([8.2177926, 0.9077141])
  0.058303993021920894 0.01071690110421563]
 ...
 [0.15938914286689235 300.00402434542497 array([9.15073426, 0.7112952 ])
  0.008138644967176215 0.011520473269770485]
 [0.15938914286689235 299.99852463969336 array([9.13001926, 0.64569213])
  0.007871489577554666 0.01071298260802649]
 [0.15938914286689235 299.99321185058574 array([9.07457636, 0.72325   ])
  0.00860810053397722 0.01022209479289123]]
[[ 1.61585783e-01  0.00000000e+00 -2.86679896e+04  5.85712217e-02
   8.60000000e-03]
 [ 1.61585783e-01  0.00000000e+00 -2.85654234e+04  6.28194029e-02
   8.60000000e-03]
 [ 1.61585783e-01  0.00000000e+00 -2.83855635e+04  6.37000290e-02
   8.60000000e-03]
 ...
 [ 5.92742769e-02  0.00000000e+00 -3.06407207e+04  1.84028445e-02
   9.12673192e-04]
 [ 5.92742769e-02  0.00000000e+00 -3.19962381e+04  1.90314074e-02
   1.52112199e-03]
 [ 5.92742769e-02  0.00000000e+00 -3.34782168e+04  1.96599704e-02
   2.12957078e-03]]
