[[0.2282481451730736 529.3924061000283 array([ 4.11112416, -0.73049114])
  0.05820348900637631 0.00902346136211516]
 [0.2282481451730736 403.6112392942254 array([6.75886495, 0.56722042])
  0.058256880004892486 0.009870384086345486]
 [0.2282481451730736 321.52723510809034 array([10.3113991 ,  0.99252058])
  0.058303993021920894 0.01071690110421563]
 ...
 [0.034837794752535435 299.9699013185675
  array([11.18259163,  0.82328302]) 0.008138644967176215
  0.011520473269770485]
 [0.034837794752535435 299.97148203986904
  array([11.15860455,  0.74352849]) 0.007871489577554666
  0.01071298260802649]
 [0.034837794752535435 299.9705062190046
  array([11.0870359 ,  0.83603732]) 0.00860810053397722
  0.01022209479289123]]
[[ 2.03664397e-01  0.00000000e+00 -2.98251627e+04  5.85712217e-02
   8.60000000e-03]
 [ 2.03664397e-01  0.00000000e+00 -3.00429630e+04  6.28194029e-02
   8.60000000e-03]
 [ 2.03664397e-01  0.00000000e+00 -3.01456378e+04  6.37000290e-02
   8.60000000e-03]
 ...
 [ 1.40620728e-01  0.00000000e+00 -3.06434840e+04  1.84028445e-02
   9.12673192e-04]
 [ 1.40620728e-01  0.00000000e+00 -3.20137522e+04  1.90314074e-02
   1.52112199e-03]
 [ 1.40620728e-01  0.00000000e+00 -3.35140920e+04  1.96599704e-02
   2.12957078e-03]]
