[[0.1043578161139547 525.5071789142852 array([ 3.81834433, -0.22048485])
  0.05820348900637631 0.00902346136211516]
 [0.1043578161139547 400.92353011646924 array([ 6.9375837 , -0.47598711])
  0.058256880004892486 0.009870384086345486]
 [0.1043578161139547 320.5974167009905 array([11.00753968,  0.33056805])
  0.058303993021920894 0.01071690110421563]
 ...
 [0.19764235308818418 299.9977648533505 array([11.82661475,  0.90758184])
  0.008138644967176215 0.011520473269770485]
 [0.19764235308818418 299.9979762509019 array([11.80484933,  0.81951552])
  0.007871489577554666 0.01071298260802649]
 [0.19764235308818418 300.00672213689916
  array([11.72633406,  0.92275094]) 0.00860810053397722
  0.01022209479289123]]
[[ 3.00149528e-02  0.00000000e+00 -3.02650742e+04  5.85712217e-02
   8.60000000e-03]
 [ 3.00149528e-02  0.00000000e+00 -3.07560037e+04  6.28194029e-02
   8.60000000e-03]
 [ 3.00149528e-02  0.00000000e+00 -3.08792376e+04  6.37000290e-02
   8.60000000e-03]
 ...
 [ 8.24230907e-02  0.00000000e+00 -3.06388273e+04  1.84028445e-02
   9.12673192e-04]
 [ 8.24230907e-02  0.00000000e+00 -3.20186514e+04  1.90314074e-02
   1.52112199e-03]
 [ 8.24230907e-02  0.00000000e+00 -3.35155062e+04  1.96599704e-02
   2.12957078e-03]]
