[[0.054327530119454764 517.0791682539382
  array([ 4.77401413, -0.05996927]) 0.05820348900637631
  0.00902346136211516]
 [0.054327530119454764 383.7505434811838 array([7.7900787 , 0.06074415])
  0.058256880004892486 0.009870384086345486]
 [0.054327530119454764 314.71141062657335
  array([12.60134326,  0.74433473]) 0.058303993021920894
  0.01071690110421563]
 ...
 [0.11378341541907547 300.0234749160515 array([13.43196575,  1.00381914])
  0.008138644967176215 0.011520473269770485]
 [0.11378341541907547 300.0206292827217 array([13.40522078,  0.90371849])
  0.007871489577554666 0.01071298260802649]
 [0.11378341541907547 300.0219387723262 array([13.31360945,  1.00417403])
  0.00860810053397722 0.01022209479289123]]
[[ 1.77371074e-01  0.00000000e+00 -3.14697282e+04  5.85712217e-02
   8.60000000e-03]
 [ 1.77371074e-01  0.00000000e+00 -3.13611725e+04  6.28194029e-02
   8.60000000e-03]
 [ 1.77371074e-01  0.00000000e+00 -3.13470063e+04  6.37000290e-02
   8.60000000e-03]
 ...
 [ 1.26772105e-01  0.00000000e+00 -3.06442747e+04  1.84028445e-02
   9.12673192e-04]
 [ 1.26772105e-01  0.00000000e+00 -3.20296772e+04  1.90314074e-02
   1.52112199e-03]
 [ 1.26772105e-01  0.00000000e+00 -3.35326973e+04  1.96599704e-02
   2.12957078e-03]]
