[[0.47465567099812755 603.5144874319266 array([ 1.2867658, -0.3582133])
  0.05820348900637631 0.00902346136211516]
 [0.47465567099812755 485.57722392075925
  array([ 2.98095496, -0.19464063]) 0.058256880004892486
  0.009870384086345486]
 [0.47465567099812755 372.10466445164076 array([4.23435986, 0.48491499])
  0.058303993021920894 0.01071690110421563]
 ...
 [0.2027841589750068 300.02212525663725 array([4.62695965, 0.35625486])
  0.008138644967176215 0.011520473269770485]
 [0.2027841589750068 300.0177878032424 array([4.61531629, 0.32383697])
  0.007871489577554666 0.01071298260802649]
 [0.2027841589750068 300.0106045305748 array([4.58640301, 0.36146457])
  0.00860810053397722 0.01022209479289123]]
[[ 3.44317692e-01  0.00000000e+00 -2.12908077e+04  5.85712217e-02
   8.60000000e-03]
 [ 3.44317692e-01  0.00000000e+00 -2.13195928e+04  6.28194029e-02
   8.60000000e-03]
 [ 3.44317692e-01  0.00000000e+00 -2.13898460e+04  6.37000290e-02
   8.60000000e-03]
 ...
 [ 4.68562872e-02  0.00000000e+00 -3.06337861e+04  1.84028445e-02
   9.12673192e-04]
 [ 4.68562872e-02  0.00000000e+00 -3.19043033e+04  1.90314074e-02
   1.52112199e-03]
 [ 4.68562872e-02  0.00000000e+00 -3.33065213e+04  1.96599704e-02
   2.12957078e-03]]
