[[0.31044017727459605 564.9482710129879 array([ 2.84827366, -0.41380015])
  0.05820348900637631 0.00902346136211516]
 [0.31044017727459605 440.17655774722965
  array([ 4.52753486, -0.22849791]) 0.058256880004892486
  0.009870384086345486]
 [0.31044017727459605 346.72180870712197 array([6.75976894, 0.73147881])
  0.058303993021920894 0.01071690110421563]
 ...
 [0.26851944301654773 299.9698887278071 array([7.27996724, 0.56287042])
  0.008138644967176215 0.011520473269770485]
 [0.26851944301654773 299.97376030995144 array([7.25814965, 0.51341954])
  0.007871489577554666 0.01071298260802649]
 [0.26851944301654773 299.97748475650906 array([7.20845121, 0.57255582])
  0.00860810053397722 0.01022209479289123]]
[[ 2.57747833e-01  0.00000000e+00 -2.65064003e+04  5.85712217e-02
   8.60000000e-03]
 [ 2.57747833e-01  0.00000000e+00 -2.63289336e+04  6.28194029e-02
   8.60000000e-03]
 [ 2.57747833e-01  0.00000000e+00 -2.62131640e+04  6.37000290e-02
   8.60000000e-03]
 ...
 [ 1.10948914e-01  0.00000000e+00 -3.06335777e+04  1.84028445e-02
   9.12673192e-04]
 [ 1.10948914e-01  0.00000000e+00 -3.19809393e+04  1.90314074e-02
   1.52112199e-03]
 [ 1.10948914e-01  0.00000000e+00 -3.34383510e+04  1.96599704e-02
   2.12957078e-03]]
