[[0.163439055754286 519.4548526062757 array([4.53094815, 0.12094442])
  0.05820348900637631 0.00902346136211516]
 [0.163439055754286 386.5730489585861 array([7.82559534, 1.23825061])
  0.058256880004892486 0.009870384086345486]
 [0.163439055754286 315.5584916574685 array([12.46590125,  0.05770456])
  0.058303993021920894 0.01071690110421563]
 ...
 [0.1145390815016463 299.9739401333783 array([13.40293561,  1.02125069])
  0.008138644967176215 0.011520473269770485]
 [0.1145390815016463 299.97173007307634 array([13.35900727,  0.93548006])
  0.007871489577554666 0.01071298260802649]
 [0.1145390815016463 299.9666028246687 array([13.2749163 ,  1.04694553])
  0.00860810053397722 0.01022209479289123]]
[[ 2.93732696e-02  0.00000000e+00 -3.14898995e+04  5.85712217e-02
   8.60000000e-03]
 [ 2.93732696e-02  0.00000000e+00 -3.19931358e+04  6.28194029e-02
   8.60000000e-03]
 [ 2.93732696e-02  0.00000000e+00 -3.21740226e+04  6.37000290e-02
   8.60000000e-03]
 ...
 [ 1.87256353e-01  0.00000000e+00 -3.06416056e+04  1.84028445e-02
   9.12673192e-04]
 [ 1.87256353e-01  0.00000000e+00 -3.20287464e+04  1.90314074e-02
   1.52112199e-03]
 [ 1.87256353e-01  0.00000000e+00 -3.35317653e+04  1.96599704e-02
   2.12957078e-03]]
