[[0.14331942194682634 542.0287709705278 array([ 2.7417725 , -0.54868648])
  0.05820348900637631 0.00902346136211516]
 [0.14331942194682634 429.309376751269 array([5.30834451, 0.04702861])
  0.058256880004892486 0.009870384086345486]
 [0.14331942194682634 337.91140712387886 array([7.80676707, 0.25414749])
  0.058303993021920894 0.01071690110421563]
 ...
 [0.05443203900791699 300.01376213482627 array([8.48078627, 0.64792077])
  0.008138644967176215 0.011520473269770485]
 [0.05443203900791699 300.00518953709513 array([8.4569123, 0.5879695])
  0.007871489577554666 0.01071298260802649]
 [0.05443203900791699 300.00345455765273 array([8.40421336, 0.65009203])
  0.00860810053397722 0.01022209479289123]]
[[ 2.67413592e-01  0.00000000e+00 -2.77275436e+04  5.85712217e-02
   8.60000000e-03]
 [ 2.67413592e-01  0.00000000e+00 -2.78436300e+04  6.28194029e-02
   8.60000000e-03]
 [ 2.67413592e-01  0.00000000e+00 -2.78116724e+04  6.37000290e-02
   8.60000000e-03]
 ...
 [ 1.64256665e-01  0.00000000e+00 -3.06395903e+04  1.84028445e-02
   9.12673192e-04]
 [ 1.64256665e-01  0.00000000e+00 -3.19885559e+04  1.90314074e-02
   1.52112199e-03]
 [ 1.64256665e-01  0.00000000e+00 -3.34661859e+04  1.96599704e-02
   2.12957078e-03]]
