[[0.07220847851979507 515.8051456829389 array([4.84038977, 0.0478422 ])
  0.05820348900637631 0.00902346136211516]
 [0.07220847851979507 382.4846081312329 array([7.63868075, 0.04248074])
  0.058256880004892486 0.009870384086345486]
 [0.07220847851979507 314.6474338335127 array([12.5933275 ,  0.80868219])
  0.058303993021920894 0.01071690110421563]
 ...
 [0.024690464830386394 300.03276032481136
  array([13.82319827,  1.0205899 ]) 0.008138644967176215
  0.011520473269770485]
 [0.024690464830386394 300.03392794088285
  array([13.7960328 ,  0.93096336]) 0.007871489577554666
  0.01071298260802649]
 [0.024690464830386394 300.04428820307186
  array([13.70645609,  1.05570718]) 0.00860810053397722
  0.01022209479289123]]
[[ 1.17013055e-01  0.00000000e+00 -3.21401290e+04  5.85712217e-02
   8.60000000e-03]
 [ 1.17013055e-01  0.00000000e+00 -3.22155937e+04  6.28194029e-02
   8.60000000e-03]
 [ 1.17013055e-01  0.00000000e+00 -3.23423621e+04  6.37000290e-02
   8.60000000e-03]
 ...
 [ 1.36878803e-01  0.00000000e+00 -3.06382663e+04  1.84028445e-02
   9.12673192e-04]
 [ 1.36878803e-01  0.00000000e+00 -3.20298527e+04  1.90314074e-02
   1.52112199e-03]
 [ 1.36878803e-01  0.00000000e+00 -3.35349898e+04  1.96599704e-02
   2.12957078e-03]]
