[[0.08304907555201752 533.4458026683835 array([3.66045555, 0.46551183])
  0.05820348900637631 0.00902346136211516]
 [0.08304907555201752 413.2545305879417 array([ 6.20827205, -0.83775175])
  0.058256880004892486 0.009870384086345486]
 [0.08304907555201752 325.8162176068353 array([9.3865254 , 1.26165804])
  0.058303993021920894 0.01071690110421563]
 ...
 [0.0242644242524696 300.14700175031504 array([10.24367562,  0.79419745])
  0.008138644967176215 0.011520473269770485]
 [0.0242644242524696 300.14709072722525 array([10.22036948,  0.71874112])
  0.007871489577554666 0.01071298260802649]
 [0.0242644242524696 300.16128616244197 array([10.15271147,  0.79046823])
  0.00860810053397722 0.01022209479289123]]
[[ 1.71914173e-01  0.00000000e+00 -2.91700318e+04  5.85712217e-02
   8.60000000e-03]
 [ 1.71914173e-01  0.00000000e+00 -2.92783280e+04  6.28194029e-02
   8.60000000e-03]
 [ 1.71914173e-01  0.00000000e+00 -2.93156981e+04  6.37000290e-02
   8.60000000e-03]
 ...
 [ 1.13540384e-01  0.00000000e+00 -3.06429706e+04  1.84028445e-02
   9.12673192e-04]
 [ 1.13540384e-01  0.00000000e+00 -3.20065931e+04  1.90314074e-02
   1.52112199e-03]
 [ 1.13540384e-01  0.00000000e+00 -3.34993013e+04  1.96599704e-02
   2.12957078e-03]]
