[[0.10626972651118399 571.3105989588756 array([ 1.97454969, -0.24674393])
  0.05820348900637631 0.00902346136211516]
 [0.10626972651118399 444.91274990624555
  array([ 4.35106923, -0.12871602]) 0.058256880004892486
  0.009870384086345486]
 [0.10626972651118399 347.43338558538284
  array([ 6.70634127, -0.22375925]) 0.058303993021920894
  0.01071690110421563]
 ...
 [0.22884025237520694 299.9982424572252 array([7.03356953, 0.53944058])
  0.008138644967176215 0.011520473269770485]
 [0.22884025237520694 300.00241748627855 array([7.01420379, 0.49088901])
  0.007871489577554666 0.01071298260802649]
 [0.22884025237520694 300.0048771970314 array([6.96870422, 0.5491063 ])
  0.00860810053397722 0.01022209479289123]]
[[ 3.28681471e-01  0.00000000e+00 -2.55199250e+04  5.85712217e-02
   8.60000000e-03]
 [ 3.28681471e-01  0.00000000e+00 -2.59513910e+04  6.28194029e-02
   8.60000000e-03]
 [ 3.28681471e-01  0.00000000e+00 -2.58806244e+04  6.37000290e-02
   8.60000000e-03]
 ...
 [ 2.29742880e-01  0.00000000e+00 -3.06321634e+04  1.84028445e-02
   9.12673192e-04]
 [ 2.29742880e-01  0.00000000e+00 -3.19782897e+04  1.90314074e-02
   1.52112199e-03]
 [ 2.29742880e-01  0.00000000e+00 -3.34314835e+04  1.96599704e-02
   2.12957078e-03]]
