[[0.26767443085986575 541.7510595778285 array([2.95172837, 0.0360336 ])
  0.05820348900637631 0.00902346136211516]
 [0.26767443085986575 426.2518240147373 array([5.19830619, 1.12812002])
  0.058256880004892486 0.009870384086345486]
 [0.26767443085986575 338.77294123127785
  array([ 7.72272218, -0.2117474 ]) 0.058303993021920894
  0.01071690110421563]
 ...
 [0.15394434748090918 300.0339180194711 array([8.3328133, 0.6327133])
  0.008138644967176215 0.011520473269770485]
 [0.15394434748090918 300.03172724591144 array([8.30290208, 0.5759801 ])
  0.007871489577554666 0.01071298260802649]
 [0.15394434748090918 300.03598830580376 array([8.24803567, 0.64345647])
  0.00860810053397722 0.01022209479289123]]
[[ 7.42458848e-02  0.00000000e+00 -2.72988731e+04  5.85712217e-02
   8.60000000e-03]
 [ 7.42458848e-02  0.00000000e+00 -2.79646571e+04  6.28194029e-02
   8.60000000e-03]
 [ 7.42458848e-02  0.00000000e+00 -2.79814066e+04  6.37000290e-02
   8.60000000e-03]
 ...
 [ 1.17467642e-01  0.00000000e+00 -3.06359650e+04  1.84028445e-02
   9.12673192e-04]
 [ 1.17467642e-01  0.00000000e+00 -3.19850240e+04  1.90314074e-02
   1.52112199e-03]
 [ 1.17467642e-01  0.00000000e+00 -3.34642152e+04  1.96599704e-02
   2.12957078e-03]]
