[[0.16929090726943402 556.6250926341718 array([2.54017423, 0.17879633])
  0.05820348900637631 0.00902346136211516]
 [0.16929090726943402 438.8737015954156 array([ 4.78972824, -0.30213288])
  0.058256880004892486 0.009870384086345486]
 [0.16929090726943402 343.9406156608901 array([7.06181985, 0.9509728 ])
  0.058303993021920894 0.01071690110421563]
 ...
 [0.025843782855337973 299.71404711303535 array([7.62982554, 0.60200352])
  0.008138644967176215 0.011520473269770485]
 [0.025843782855337973 299.7274278431029 array([7.61161799, 0.54413765])
  0.007871489577554666 0.01071298260802649]
 [0.025843782855337973 299.69902820398585 array([7.56525918, 0.60227471])
  0.00860810053397722 0.01022209479289123]]
[[ 1.17008761e-02  0.00000000e+00 -3.10994728e+04  5.85712217e-02
   8.60000000e-03]
 [ 1.17008761e-02  0.00000000e+00 -3.35406580e+04  6.28194029e-02
   8.60000000e-03]
 [ 1.17008761e-02  0.00000000e+00 -3.36317167e+04  6.37000290e-02
   8.60000000e-03]
 ...
 [ 1.09328234e-01  0.00000000e+00 -3.06378041e+04  1.84028445e-02
   9.12673192e-04]
 [ 1.09328234e-01  0.00000000e+00 -3.19777771e+04  1.90314074e-02
   1.52112199e-03]
 [ 1.09328234e-01  0.00000000e+00 -3.34438534e+04  1.96599704e-02
   2.12957078e-03]]
