[[0.08487017183963834 613.9374911883497 array([1.02922063, 0.11558248])
  0.05820348900637631 0.00902346136211516]
 [0.08487017183963834 505.31541609142187 array([2.4872493 , 0.12253823])
  0.058256880004892486 0.009870384086345486]
 [0.08487017183963834 389.42027853658004
  array([ 3.6273683 , -0.31302504]) 0.058303993021920894
  0.01071690110421563]
 ...
 [0.5685331710831655 299.9926825380646 array([3.95045792, 0.3188486 ])
  0.008138644967176215 0.011520473269770485]
 [0.5685331710831655 299.985779112359 array([3.93963245, 0.29189841])
  0.007871489577554666 0.01071298260802649]
 [0.5685331710831655 299.97463132806985 array([3.91633369, 0.32310099])
  0.00860810053397722 0.01022209479289123]]
[[ 2.42927499e-01  0.00000000e+00 -1.90757570e+04  5.85712217e-02
   8.60000000e-03]
 [ 2.42927499e-01  0.00000000e+00 -2.00093335e+04  6.28194029e-02
   8.60000000e-03]
 [ 2.42927499e-01  0.00000000e+00 -1.98821622e+04  6.37000290e-02
   8.60000000e-03]
 ...
 [ 5.48735312e-01  0.00000000e+00 -3.06184702e+04  1.84028445e-02
   9.12673192e-04]
 [ 5.48735312e-01  0.00000000e+00 -3.18910714e+04  1.90314074e-02
   1.52112199e-03]
 [ 5.48735312e-01  0.00000000e+00 -3.32622247e+04  1.96599704e-02
   2.12957078e-03]]
