[[0.6430697927713709 611.5999887332819 array([0.89139462, 0.0466638 ])
  0.05820348900637631 0.00902346136211516]
 [0.6430697927713709 497.60681891079923 array([2.41010597, 0.05120947])
  0.058256880004892486 0.009870384086345486]
 [0.6430697927713709 393.56651004641793 array([3.56423641, 0.04612951])
  0.058303993021920894 0.01071690110421563]
 ...
 [0.19364159823443372 299.9848605090331 array([3.80495666, 0.29949841])
  0.008138644967176215 0.011520473269770485]
 [0.19364159823443372 299.98955904330296 array([3.79343588, 0.27138169])
  0.007871489577554666 0.01071298260802649]
 [0.19364159823443372 299.9894682565431 array([3.76766691, 0.30462239])
  0.00860810053397722 0.01022209479289123]]
[[ 2.80199387e-01  0.00000000e+00 -1.91028520e+04  5.85712217e-02
   8.60000000e-03]
 [ 2.80199387e-01  0.00000000e+00 -1.97594021e+04  6.28194029e-02
   8.60000000e-03]
 [ 2.80199387e-01  0.00000000e+00 -1.99450805e+04  6.37000290e-02
   8.60000000e-03]
 ...
 [ 7.17725217e-01  0.00000000e+00 -3.06128614e+04  1.84028445e-02
   9.12673192e-04]
 [ 7.17725217e-01  0.00000000e+00 -3.18746944e+04  1.90314074e-02
   1.52112199e-03]
 [ 7.17725217e-01  0.00000000e+00 -3.32376268e+04  1.96599704e-02
   2.12957078e-03]]
