[[0.1758845991307075 525.8416791799121 array([3.55683427, 0.4363685 ])
  0.05820348900637631 0.00902346136211516]
 [0.1758845991307075 410.74925909984694 array([ 6.44416227, -1.68893229])
  0.058256880004892486 0.009870384086345486]
 [0.1758845991307075 327.29541195508267 array([9.81908729, 1.76880978])
  0.058303993021920894 0.01071690110421563]
 ...
 [0.12419358763575848 300.0135891984922 array([10.4793683 ,  0.80640798])
  0.008138644967176215 0.011520473269770485]
 [0.12419358763575848 300.00050472003096
  array([10.4479036 ,  0.73439345]) 0.007871489577554666
  0.01071298260802649]
 [0.12419358763575848 299.9911795929095 array([10.38524749,  0.81096435])
  0.00860810053397722 0.01022209479289123]]
[[ 2.07509327e-01  0.00000000e+00 -2.93483479e+04  5.85712217e-02
   8.60000000e-03]
 [ 2.07509327e-01  0.00000000e+00 -2.97829331e+04  6.28194029e-02
   8.60000000e-03]
 [ 2.07509327e-01  0.00000000e+00 -2.98523905e+04  6.37000290e-02
   8.60000000e-03]
 ...
 [ 1.45258873e-01  0.00000000e+00 -3.06430456e+04  1.84028445e-02
   9.12673192e-04]
 [ 1.45258873e-01  0.00000000e+00 -3.20168950e+04  1.90314074e-02
   1.52112199e-03]
 [ 1.45258873e-01  0.00000000e+00 -3.35045057e+04  1.96599704e-02
   2.12957078e-03]]
