[[0.08414036968539804 522.1799693096713 array([ 4.48520136, -0.08443909])
  0.05820348900637631 0.00902346136211516]
 [0.08414036968539804 388.59364695623464 array([7.52671571, 0.07287375])
  0.058256880004892486 0.009870384086345486]
 [0.08414036968539804 315.6357769502502 array([12.03534158, -0.15114917])
  0.058303993021920894 0.01071690110421563]
 ...
 [0.036183426854819595 299.99073163445314
  array([12.83630228,  0.99069893]) 0.008138644967176215
  0.011520473269770485]
 [0.036183426854819595 299.9943085855005
  array([12.79742733,  0.90463514]) 0.007871489577554666
  0.01071298260802649]
 [0.036183426854819595 299.9937997467974
  array([12.71636279,  1.01118129]) 0.00860810053397722
  0.01022209479289123]]
[[ 1.83715221e-01  0.00000000e+00 -3.08726539e+04  5.85712217e-02
   8.60000000e-03]
 [ 1.83715221e-01  0.00000000e+00 -3.13682744e+04  6.28194029e-02
   8.60000000e-03]
 [ 1.83715221e-01  0.00000000e+00 -3.14853163e+04  6.37000290e-02
   8.60000000e-03]
 ...
 [ 1.32931792e-01  0.00000000e+00 -3.06448267e+04  1.84028445e-02
   9.12673192e-04]
 [ 1.32931792e-01  0.00000000e+00 -3.20278591e+04  1.90314074e-02
   1.52112199e-03]
 [ 1.32931792e-01  0.00000000e+00 -3.35330260e+04  1.96599704e-02
   2.12957078e-03]]
