[[0.026959209644673812 525.4376394760061 array([4.0864607 , 0.60380871])
  0.05820348900637631 0.00902346136211516]
 [0.026959209644673812 399.1339275649143
  array([ 7.18368713, -1.93783489]) 0.058256880004892486
  0.009870384086345486]
 [0.026959209644673812 320.50258938472314
  array([10.86660719,  1.51253449]) 0.058303993021920894
  0.01071690110421563]
 ...
 [0.08846776333192817 300.01341981766 array([11.49821875,  0.84871251])
  0.008138644967176215 0.011520473269770485]
 [0.08846776333192817 300.0119683147839 array([11.47042736,  0.77559737])
  0.007871489577554666 0.01071298260802649]
 [0.08846776333192817 300.01517631561074
  array([11.3919641 ,  0.86630903]) 0.00860810053397722
  0.01022209479289123]]
[[ 6.02519962e-02  0.00000000e+00 -2.99492262e+04  5.85712217e-02
   8.60000000e-03]
 [ 6.02519962e-02  0.00000000e+00 -3.04964324e+04  6.28194029e-02
   8.60000000e-03]
 [ 6.02519962e-02  0.00000000e+00 -3.04788046e+04  6.37000290e-02
   8.60000000e-03]
 ...
 [ 2.22561546e-01  0.00000000e+00 -3.06424531e+04  1.84028445e-02
   9.12673192e-04]
 [ 2.22561546e-01  0.00000000e+00 -3.20218048e+04  1.90314074e-02
   1.52112199e-03]
 [ 2.22561546e-01  0.00000000e+00 -3.35164337e+04  1.96599704e-02
   2.12957078e-03]]
