[[0.13895545773812404 535.2688979232506 array([ 3.74479462, -0.94878705])
  0.05820348900637631 0.00902346136211516]
 [0.13895545773812404 415.2538885754711 array([6.06259531, 0.73417245])
  0.058256880004892486 0.009870384086345486]
 [0.13895545773812404 327.1579751458903 array([8.88449954, 0.66615125])
  0.058303993021920894 0.01071690110421563]
 ...
 [0.20028837282278342 300.02757786810685 array([9.8127767 , 0.74333628])
  0.008138644967176215 0.011520473269770485]
 [0.20028837282278342 300.032688776475 array([9.79037774, 0.67732975])
  0.007871489577554666 0.01071298260802649]
 [0.20028837282278342 300.0219981531277 array([9.73034598, 0.75355052])
  0.00860810053397722 0.01022209479289123]]
[[ 4.98646984e-02  0.00000000e+00 -2.89486514e+04  5.85712217e-02
   8.60000000e-03]
 [ 4.98646984e-02  0.00000000e+00 -2.88465722e+04  6.28194029e-02
   8.60000000e-03]
 [ 4.98646984e-02  0.00000000e+00 -2.87238693e+04  6.37000290e-02
   8.60000000e-03]
 ...
 [ 1.52976902e-01  0.00000000e+00 -3.06402479e+04  1.84028445e-02
   9.12673192e-04]
 [ 1.52976902e-01  0.00000000e+00 -3.20001544e+04  1.90314074e-02
   1.52112199e-03]
 [ 1.52976902e-01  0.00000000e+00 -3.34902235e+04  1.96599704e-02
   2.12957078e-03]]
