[[0.4127494315487483 574.9310923456235 array([ 2.16707926, -0.47562752])
  0.05820348900637631 0.00902346136211516]
 [0.4127494315487483 460.91371986045334
  array([3.72778808e+00, 1.23810809e-03]) 0.058256880004892486
  0.009870384086345486]
 [0.4127494315487483 363.84017194584703 array([ 5.09646359, -0.51593351])
  0.058303993021920894 0.01071690110421563]
 ...
 [0.1944487089507472 300.00822624188777 array([5.65981163, 0.4223407 ])
  0.008138644967176215 0.011520473269770485]
 [0.1944487089507472 300.0111097874289 array([5.6433641 , 0.38234688])
  0.007871489577554666 0.01071298260802649]
 [0.1944487089507472 300.01039540963853 array([5.60632397, 0.42453611])
  0.00860810053397722 0.01022209479289123]]
[[ 1.44267166e-01  0.00000000e+00 -2.35434913e+04  5.85712217e-02
   8.60000000e-03]
 [ 1.44267166e-01  0.00000000e+00 -2.38323278e+04  6.28194029e-02
   8.60000000e-03]
 [ 1.44267166e-01  0.00000000e+00 -2.36477448e+04  6.37000290e-02
   8.60000000e-03]
 ...
 [ 3.06102936e-01  0.00000000e+00 -3.06386409e+04  1.84028445e-02
   9.12673192e-04]
 [ 3.06102936e-01  0.00000000e+00 -3.19273868e+04  1.90314074e-02
   1.52112199e-03]
 [ 3.06102936e-01  0.00000000e+00 -3.33602343e+04  1.96599704e-02
   2.12957078e-03]]
