[[0.11433726082899802 519.6468650331142 array([ 3.72375609, -0.26866046])
  0.05820348900637631 0.00902346136211516]
 [0.11433726082899802 390.6986659661366 array([ 7.46374952, -0.03295788])
  0.058256880004892486 0.009870384086345486]
 [0.11433726082899802 317.26833164328025
  array([11.89197653, -0.38885868]) 0.058303993021920894
  0.01071690110421563]
 ...
 [0.169382623342374 300.0243587991821 array([12.58260169,  0.9406612 ])
  0.008138644967176215 0.011520473269770485]
 [0.169382623342374 300.0200290838473 array([12.54939987,  0.85581224])
  0.007871489577554666 0.01071298260802649]
 [0.169382623342374 300.01119361575473 array([12.4771355 ,  0.95445776])
  0.00860810053397722 0.01022209479289123]]
[[ 8.05003328e-02  0.00000000e+00 -3.06470394e+04  5.85712217e-02
   8.60000000e-03]
 [ 8.05003328e-02  0.00000000e+00 -3.12919792e+04  6.28194029e-02
   8.60000000e-03]
 [ 8.05003328e-02  0.00000000e+00 -3.13599991e+04  6.37000290e-02
   8.60000000e-03]
 ...
 [ 2.42859533e-02  0.00000000e+00 -3.06394656e+04  1.84028445e-02
   9.12673192e-04]
 [ 2.42859533e-02  0.00000000e+00 -3.20193667e+04  1.90314074e-02
   1.52112199e-03]
 [ 2.42859533e-02  0.00000000e+00 -3.35168714e+04  1.96599704e-02
   2.12957078e-03]]
