[[0.1150768359253342 519.232954683574 array([ 4.17665789, -0.01057237])
  0.05820348900637631 0.00902346136211516]
 [0.1150768359253342 393.31075520949554 array([7.34189007, 0.2642163 ])
  0.058256880004892486 0.009870384086345486]
 [0.1150768359253342 317.6198337276672 array([11.41449066,  1.35018342])
  0.058303993021920894 0.01071690110421563]
 ...
 [0.04439297467849324 300.0200208910315 array([12.29648542,  0.94685543])
  0.008138644967176215 0.011520473269770485]
 [0.04439297467849324 300.02102906088004
  array([12.27535285,  0.8607847 ]) 0.007871489577554666
  0.01071298260802649]
 [0.04439297467849324 300.0197619154931 array([12.20123045,  0.96803034])
  0.00860810053397722 0.01022209479289123]]
[[ 7.66422374e-02  0.00000000e+00 -3.06285998e+04  5.85712217e-02
   8.60000000e-03]
 [ 7.66422374e-02  0.00000000e+00 -3.13176153e+04  6.28194029e-02
   8.60000000e-03]
 [ 7.66422374e-02  0.00000000e+00 -3.13581095e+04  6.37000290e-02
   8.60000000e-03]
 ...
 [ 1.87258418e-01  0.00000000e+00 -3.06475656e+04  1.84028445e-02
   9.12673192e-04]
 [ 1.87258418e-01  0.00000000e+00 -3.20284231e+04  1.90314074e-02
   1.52112199e-03]
 [ 1.87258418e-01  0.00000000e+00 -3.35251407e+04  1.96599704e-02
   2.12957078e-03]]
