[[0.17663725529255464 509.04755139624865 array([5.19058528, 0.16254712])
  0.05820348900637631 0.00902346136211516]
 [0.17663725529255464 379.2234950262094 array([8.23144837, 0.23177564])
  0.058256880004892486 0.009870384086345486]
 [0.17663725529255464 314.1454293567965 array([13.12413653,  0.22050496])
  0.058303993021920894 0.01071690110421563]
 ...
 [0.008242562685708516 300.44709829016983
  array([14.34066761,  1.13738504]) 0.008138644967176215
  0.011520473269770485]
 [0.008242562685708516 300.3892540930071
  array([14.30534516,  1.01178288]) 0.007871489577554666
  0.01071298260802649]
 [0.008242562685708516 300.51668554713535
  array([14.22485667,  1.13307483]) 0.00860810053397722
  0.01022209479289123]]
[[ 1.03610616e-01  0.00000000e+00 -3.22886012e+04  5.85712217e-02
   8.60000000e-03]
 [ 1.03610616e-01  0.00000000e+00 -3.19742214e+04  6.28194029e-02
   8.60000000e-03]
 [ 1.03610616e-01  0.00000000e+00 -3.21539028e+04  6.37000290e-02
   8.60000000e-03]
 ...
 [ 1.48198369e-01  0.00000000e+00 -3.06458988e+04  1.84028445e-02
   9.12673192e-04]
 [ 1.48198369e-01  0.00000000e+00 -3.20310441e+04  1.90314074e-02
   1.52112199e-03]
 [ 1.48198369e-01  0.00000000e+00 -3.35392559e+04  1.96599704e-02
   2.12957078e-03]]
