[[0.28392332299043815 583.4264686262017 array([1.85590601, 0.45527075])
  0.05820348900637631 0.00902346136211516]
 [0.28392332299043815 472.1377443801679 array([ 3.33755597, -1.46971035])
  0.058256880004892486 0.009870384086345486]
 [0.28392332299043815 368.21984580787665 array([4.9504554 , 1.54675043])
  0.058303993021920894 0.01071690110421563]
 ...
 [0.10247148107210084 300.0149661518733 array([5.43765531, 0.40735499])
  0.008138644967176215 0.011520473269770485]
 [0.10247148107210084 300.01944629017095 array([5.42284389, 0.3714722 ])
  0.007871489577554666 0.01071298260802649]
 [0.10247148107210084 300.01766518199963 array([5.38599296, 0.4155315 ])
  0.00860810053397722 0.01022209479289123]]
[[ 4.48668142e-01  0.00000000e+00 -2.27199258e+04  5.85712217e-02
   8.60000000e-03]
 [ 4.48668142e-01  0.00000000e+00 -2.30160363e+04  6.28194029e-02
   8.60000000e-03]
 [ 4.48668142e-01  0.00000000e+00 -2.30927934e+04  6.37000290e-02
   8.60000000e-03]
 ...
 [ 2.57563803e-01  0.00000000e+00 -3.06297641e+04  1.84028445e-02
   9.12673192e-04]
 [ 2.57563803e-01  0.00000000e+00 -3.19465306e+04  1.90314074e-02
   1.52112199e-03]
 [ 2.57563803e-01  0.00000000e+00 -3.33684287e+04  1.96599704e-02
   2.12957078e-03]]
