[[0.04462887680867342 497.4369598796414 array([5.89026425, 0.21080016])
  0.05820348900637631 0.00902346136211516]
 [0.04462887680867342 371.4179099927615 array([ 8.29198211, -0.16184811])
  0.058256880004892486 0.009870384086345486]
 [0.04462887680867342 312.82942406909933
  array([ 1.32715492e+01, -1.32426531e-02]) 0.058303993021920894
  0.01071690110421563]
 ...
 [0.09183889375618333 300.00263363875047
  array([14.92745616,  1.15265671]) 0.008138644967176215
  0.011520473269770485]
 [0.09183889375618333 300.01215652787675
  array([14.88683012,  1.0562885 ]) 0.007871489577554666
  0.01071298260802649]
 [0.09183889375618333 300.0237153659263 array([14.78962185,  1.18817569])
  0.00860810053397722 0.01022209479289123]]
[[ 9.49195871e-02  0.00000000e+00 -3.30111864e+04  5.85712217e-02
   8.60000000e-03]
 [ 9.49195871e-02  0.00000000e+00 -3.26435969e+04  6.28194029e-02
   8.60000000e-03]
 [ 9.49195871e-02  0.00000000e+00 -3.26808341e+04  6.37000290e-02
   8.60000000e-03]
 ...
 [ 1.27297098e-01  0.00000000e+00 -3.06419203e+04  1.84028445e-02
   9.12673192e-04]
 [ 1.27297098e-01  0.00000000e+00 -3.20343582e+04  1.90314074e-02
   1.52112199e-03]
 [ 1.27297098e-01  0.00000000e+00 -3.35419135e+04  1.96599704e-02
   2.12957078e-03]]
