[[0.20125314489788776 526.4252263080247 array([3.63214517, 0.39499331])
  0.05820348900637631 0.00902346136211516]
 [0.20125314489788776 397.5691970360604 array([6.94213947, 0.03959851])
  0.058256880004892486 0.009870384086345486]
 [0.20125314489788776 319.70629906375586
  array([11.09624205, -0.08725412]) 0.058303993021920894
  0.01071690110421563]
 ...
 [0.14884463461936073 299.9873939752922 array([11.89810198,  0.91964432])
  0.008138644967176215 0.011520473269770485]
 [0.14884463461936073 299.99744329354985
  array([11.87123608,  0.83559313]) 0.007871489577554666
  0.01071298260802649]
 [0.14884463461936073 299.9995272874077 array([11.79330857,  0.94113045])
  0.00860810053397722 0.01022209479289123]]
[[ 3.78294584e-02  0.00000000e+00 -3.04466292e+04  5.85712217e-02
   8.60000000e-03]
 [ 3.78294584e-02  0.00000000e+00 -3.09408810e+04  6.28194029e-02
   8.60000000e-03]
 [ 3.78294584e-02  0.00000000e+00 -3.09871989e+04  6.37000290e-02
   8.60000000e-03]
 ...
 [ 2.09395237e-01  0.00000000e+00 -3.06413373e+04  1.84028445e-02
   9.12673192e-04]
 [ 2.09395237e-01  0.00000000e+00 -3.20254290e+04  1.90314074e-02
   1.52112199e-03]
 [ 2.09395237e-01  0.00000000e+00 -3.35236191e+04  1.96599704e-02
   2.12957078e-03]]
