[[0.07962159883600851 536.046904941617 array([3.57472553, 0.46531964])
  0.05820348900637631 0.00902346136211516]
 [0.07962159883600851 412.2855016795357 array([ 6.23168862, -1.6112071 ])
  0.058256880004892486 0.009870384086345486]
 [0.07962159883600851 325.9096583769593 array([9.38889466, 1.61423374])
  0.058303993021920894 0.01071690110421563]
 ...
 [0.1725024552963327 299.9773711137252 array([10.20034477,  0.75921616])
  0.008138644967176215 0.011520473269770485]
 [0.1725024552963327 299.9650026774234 array([10.17223644,  0.69483797])
  0.007871489577554666 0.01071298260802649]
 [0.1725024552963327 299.9683453046862 array([10.10579034,  0.77779314])
  0.00860810053397722 0.01022209479289123]]
[[ 7.50154354e-02  0.00000000e+00 -2.90634291e+04  5.85712217e-02
   8.60000000e-03]
 [ 7.50154354e-02  0.00000000e+00 -2.93996023e+04  6.28194029e-02
   8.60000000e-03]
 [ 7.50154354e-02  0.00000000e+00 -2.94192304e+04  6.37000290e-02
   8.60000000e-03]
 ...
 [ 1.34921291e-02  0.00000000e+00 -3.09112653e+04  1.84028445e-02
   9.12673192e-04]
 [ 1.34921291e-02  0.00000000e+00 -3.23060522e+04  1.90314074e-02
   1.52112199e-03]
 [ 1.34921291e-02  0.00000000e+00 -3.38209771e+04  1.96599704e-02
   2.12957078e-03]]
