[[0.031958920220214314 595.8793577612238
  array([ 1.08283184, -0.17754843]) 0.05820348900637631
  0.00902346136211516]
 [0.031958920220214314 472.1987168491315 array([2.5366886 , 0.19595364])
  0.058256880004892486 0.009870384086345486]
 [0.031958920220214314 376.70119396999394 array([3.80533296, 0.30976731])
  0.058303993021920894 0.01071690110421563]
 ...
 [0.26246417339115913 299.9885336989172 array([4.17838899, 0.32113765])
  0.008138644967176215 0.011520473269770485]
 [0.26246417339115913 299.99087952885753 array([4.16823647, 0.28904807])
  0.007871489577554666 0.01071298260802649]
 [0.26246417339115913 299.98752368060553 array([4.14113075, 0.32763543])
  0.00860810053397722 0.01022209479289123]]
[[ 4.15870313e-01  0.00000000e+00 -1.90342086e+04  5.85712217e-02
   8.60000000e-03]
 [ 4.15870313e-01  0.00000000e+00 -1.99044344e+04  6.28194029e-02
   8.60000000e-03]
 [ 4.15870313e-01  0.00000000e+00 -1.98491398e+04  6.37000290e-02
   8.60000000e-03]
 ...
 [ 1.86788660e-01  0.00000000e+00 -3.06188835e+04  1.84028445e-02
   9.12673192e-04]
 [ 1.86788660e-01  0.00000000e+00 -3.18765271e+04  1.90314074e-02
   1.52112199e-03]
 [ 1.86788660e-01  0.00000000e+00 -3.32567945e+04  1.96599704e-02
   2.12957078e-03]]
