[[0.405916501746476 566.4565313289304 array([1.9058624 , 0.06450383])
  0.05820348900637631 0.00902346136211516]
 [0.405916501746476 451.47391233448604 array([ 4.05214254, -0.10958973])
  0.058256880004892486 0.009870384086345486]
 [0.405916501746476 354.2754279659095 array([ 5.87825194, -0.37883974])
  0.058303993021920894 0.01071690110421563]
 ...
 [0.24806787712858813 300.0150939069766 array([6.29475977, 0.49889409])
  0.008138644967176215 0.011520473269770485]
 [0.24806787712858813 300.0192142329058 array([6.27800134, 0.45714968])
  0.007871489577554666 0.01071298260802649]
 [0.24806787712858813 300.02957742424 array([6.23821672, 0.50961872])
  0.00860810053397722 0.01022209479289123]]
[[ 1.31752486e-01  0.00000000e+00 -2.41051046e+04  5.85712217e-02
   8.60000000e-03]
 [ 1.31752486e-01  0.00000000e+00 -2.45967653e+04  6.28194029e-02
   8.60000000e-03]
 [ 1.31752486e-01  0.00000000e+00 -2.46651836e+04  6.37000290e-02
   8.60000000e-03]
 ...
 [ 2.60138966e-01  0.00000000e+00 -3.06306341e+04  1.84028445e-02
   9.12673192e-04]
 [ 2.60138966e-01  0.00000000e+00 -3.19675984e+04  1.90314074e-02
   1.52112199e-03]
 [ 2.60138966e-01  0.00000000e+00 -3.34122148e+04  1.96599704e-02
   2.12957078e-03]]
