[[0.24750207499803895 604.8680089087305 array([ 1.49023926, -0.0374261 ])
  0.05820348900637631 0.00902346136211516]
 [0.24750207499803895 493.63795273844556
  array([ 2.87342823, -0.02936946]) 0.058256880004892486
  0.009870384086345486]
 [0.24750207499803895 379.5370597379398 array([3.95816968, 0.2628    ])
  0.058303993021920894 0.01071690110421563]
 ...
 [0.027984103869948408 300.1278160901081 array([4.37107587, 0.32892649])
  0.008138644967176215 0.011520473269770485]
 [0.027984103869948408 300.1299912929531 array([4.36444329, 0.29893254])
  0.007871489577554666 0.01071298260802649]
 [0.027984103869948408 300.1193328046906 array([4.3340081 , 0.33278736])
  0.00860810053397722 0.01022209479289123]]
[[ 4.92494753e-01  0.00000000e+00 -2.10084965e+04  5.85712217e-02
   8.60000000e-03]
 [ 4.92494753e-01  0.00000000e+00 -2.11645320e+04  6.28194029e-02
   8.60000000e-03]
 [ 4.92494753e-01  0.00000000e+00 -2.11575532e+04  6.37000290e-02
   8.60000000e-03]
 ...
 [ 5.83875257e-01  0.00000000e+00 -3.06218826e+04  1.84028445e-02
   9.12673192e-04]
 [ 5.83875257e-01  0.00000000e+00 -3.18758504e+04  1.90314074e-02
   1.52112199e-03]
 [ 5.83875257e-01  0.00000000e+00 -3.32655630e+04  1.96599704e-02
   2.12957078e-03]]
