[[0.10572095648371553 517.6992825036008 array([4.06090215, 0.4400298 ])
  0.05820348900637631 0.00902346136211516]
 [0.10572095648371553 393.3459910564437 array([7.59542698, 0.30891989])
  0.058256880004892486 0.009870384086345486]
 [0.10572095648371553 317.41883159730156
  array([12.19328577, -0.23545185]) 0.058303993021920894
  0.01071690110421563]
 ...
 [0.17587397839857422 299.97848205518125
  array([13.02121398,  0.97720799]) 0.008138644967176215
  0.011520473269770485]
 [0.17587397839857422 299.97805253912935
  array([12.98840747,  0.89168722]) 0.007871489577554666
  0.01071298260802649]
 [0.17587397839857422 299.97701495846803
  array([12.90878113,  1.00151135]) 0.00860810053397722
  0.01022209479289123]]
[[ 6.18230264e-02  0.00000000e+00 -3.11015438e+04  5.85712217e-02
   8.60000000e-03]
 [ 6.18230264e-02  0.00000000e+00 -3.14563787e+04  6.28194029e-02
   8.60000000e-03]
 [ 6.18230264e-02  0.00000000e+00 -3.15864120e+04  6.37000290e-02
   8.60000000e-03]
 ...
 [ 1.51358305e-02  0.00000000e+00 -3.05085314e+04  1.84028445e-02
   9.12673192e-04]
 [ 1.51358305e-02  0.00000000e+00 -3.18786701e+04  1.90314074e-02
   1.52112199e-03]
 [ 1.51358305e-02  0.00000000e+00 -3.33630439e+04  1.96599704e-02
   2.12957078e-03]]
