[[0.11047325275171357 516.0827706860656 array([4.45161642, 1.57617976])
  0.05820348900637631 0.00902346136211516]
 [0.11047325275171357 397.40483642959623
  array([ 7.4233288 , -3.20405935]) 0.058256880004892486
  0.009870384086345486]
 [0.11047325275171357 322.1984138112182 array([11.3739907 ,  1.18923164])
  0.058303993021920894 0.01071690110421563]
 ...
 [0.15683186454494308 300.0195935696741 array([12.13389058,  0.91455377])
  0.008138644967176215 0.011520473269770485]
 [0.15683186454494308 300.01652493046146
  array([12.10471737,  0.83247155]) 0.007871489577554666
  0.01071298260802649]
 [0.15683186454494308 300.01064211162696
  array([12.03043678,  0.93069347]) 0.00860810053397722
  0.01022209479289123]]
[[ 3.36389350e-02  0.00000000e+00 -3.03637455e+04  5.85712217e-02
   8.60000000e-03]
 [ 3.36389350e-02  0.00000000e+00 -3.12923483e+04  6.28194029e-02
   8.60000000e-03]
 [ 3.36389350e-02  0.00000000e+00 -3.14565817e+04  6.37000290e-02
   8.60000000e-03]
 ...
 [ 9.08251843e-02  0.00000000e+00 -3.06442071e+04  1.84028445e-02
   9.12673192e-04]
 [ 9.08251843e-02  0.00000000e+00 -3.20248995e+04  1.90314074e-02
   1.52112199e-03]
 [ 9.08251843e-02  0.00000000e+00 -3.35219373e+04  1.96599704e-02
   2.12957078e-03]]
