[[0.0752434245870328 562.1046444390706 array([2.60728768, 0.0977924 ])
  0.05820348900637631 0.00902346136211516]
 [0.0752434245870328 446.84168191760017 array([ 4.25903333, -1.02251268])
  0.058256880004892486 0.009870384086345486]
 [0.0752434245870328 348.40680937680736 array([6.25421439, 0.6322195 ])
  0.058303993021920894 0.01071690110421563]
 ...
 [0.18691844696581447 299.9934805495928 array([6.89616785, 0.51169949])
  0.008138644967176215 0.011520473269770485]
 [0.18691844696581447 299.990358916606 array([6.87254022, 0.46870752])
  0.007871489577554666 0.01071298260802649]
 [0.18691844696581447 299.9942918171313 array([6.82426376, 0.5215856 ])
  0.00860810053397722 0.01022209479289123]]
[[ 2.41689155e-01  0.00000000e+00 -2.57195449e+04  5.85712217e-02
   8.60000000e-03]
 [ 2.41689155e-01  0.00000000e+00 -2.53025423e+04  6.28194029e-02
   8.60000000e-03]
 [ 2.41689155e-01  0.00000000e+00 -2.51331251e+04  6.37000290e-02
   8.60000000e-03]
 ...
 [ 3.35854660e-01  0.00000000e+00 -3.06308887e+04  1.84028445e-02
   9.12673192e-04]
 [ 3.35854660e-01  0.00000000e+00 -3.19762898e+04  1.90314074e-02
   1.52112199e-03]
 [ 3.35854660e-01  0.00000000e+00 -3.34284199e+04  1.96599704e-02
   2.12957078e-03]]
