[[0.15283757762742753 552.136554062991 array([ 2.49398763, -0.1082551 ])
  0.05820348900637631 0.00902346136211516]
 [0.15283757762742753 434.58550612747234
  array([ 4.63574933, -0.30974182]) 0.058256880004892486
  0.009870384086345486]
 [0.15283757762742753 344.82461267713285 array([6.91356452, 0.92512751])
  0.058303993021920894 0.01071690110421563]
 ...
 [0.05079163525602241 299.99826075311825 array([7.42768464, 0.5853295 ])
  0.008138644967176215 0.011520473269770485]
 [0.05079163525602241 299.9958593476843 array([7.40466921, 0.53311223])
  0.007871489577554666 0.01071298260802649]
 [0.05079163525602241 299.98762273913434 array([7.35779016, 0.59543027])
  0.00860810053397722 0.01022209479289123]]
[[ 1.81815742e-01  0.00000000e+00 -2.60389265e+04  5.85712217e-02
   8.60000000e-03]
 [ 1.81815742e-01  0.00000000e+00 -2.65067764e+04  6.28194029e-02
   8.60000000e-03]
 [ 1.81815742e-01  0.00000000e+00 -2.64279314e+04  6.37000290e-02
   8.60000000e-03]
 ...
 [ 7.66840630e-02  0.00000000e+00 -3.06320571e+04  1.84028445e-02
   9.12673192e-04]
 [ 7.66840630e-02  0.00000000e+00 -3.19820587e+04  1.90314074e-02
   1.52112199e-03]
 [ 7.66840630e-02  0.00000000e+00 -3.34426148e+04  1.96599704e-02
   2.12957078e-03]]
