[[0.11650783110181347 549.9514677206029 array([ 2.74488223, -0.00875879])
  0.05820348900637631 0.00902346136211516]
 [0.11650783110181347 429.667962689536 array([ 4.9082971 , -0.56632857])
  0.058256880004892486 0.009870384086345486]
 [0.11650783110181347 341.2552078745895 array([7.1569779 , 0.10479501])
  0.058303993021920894 0.01071690110421563]
 ...
 [0.01962714411009085 300.7492559122242 array([7.78820426, 0.57795987])
  0.008138644967176215 0.011520473269770485]
 [0.01962714411009085 300.7334854914554 array([7.77404833, 0.52662135])
  0.007871489577554666 0.01071298260802649]
 [0.01962714411009085 300.78950863192085 array([7.72394597, 0.58468517])
  0.00860810053397722 0.01022209479289123]]
[[ 5.36729000e-02  0.00000000e+00 -2.66603989e+04  5.85712217e-02
   8.60000000e-03]
 [ 5.36729000e-02  0.00000000e+00 -2.66034086e+04  6.28194029e-02
   8.60000000e-03]
 [ 5.36729000e-02  0.00000000e+00 -2.66498983e+04  6.37000290e-02
   8.60000000e-03]
 ...
 [ 2.26289729e-01  0.00000000e+00 -3.06358745e+04  1.84028445e-02
   9.12673192e-04]
 [ 2.26289729e-01  0.00000000e+00 -3.19917550e+04  1.90314074e-02
   1.52112199e-03]
 [ 2.26289729e-01  0.00000000e+00 -3.34564524e+04  1.96599704e-02
   2.12957078e-03]]
