[[0.12727999355835173 540.4361945508797 array([3.18580931, 0.06559544])
  0.05820348900637631 0.00902346136211516]
 [0.12727999355835173 422.3063082383566 array([ 5.58606836, -0.38060709])
  0.058256880004892486 0.009870384086345486]
 [0.12727999355835173 334.0086616774372 array([ 8.4717572, -0.0898452])
  0.058303993021920894 0.01071690110421563]
 ...
 [0.05679962812335903 299.9677635886962 array([9.29046413, 0.72038382])
  0.008138644967176215 0.011520473269770485]
 [0.05679962812335903 299.9672451472986 array([9.2699198 , 0.65984771])
  0.007871489577554666 0.01071298260802649]
 [0.05679962812335903 299.9695811703521 array([9.21432017, 0.73709466])
  0.00860810053397722 0.01022209479289123]]
[[ 9.87328859e-02  0.00000000e+00 -2.83749867e+04  5.85712217e-02
   8.60000000e-03]
 [ 9.87328859e-02  0.00000000e+00 -2.88572874e+04  6.28194029e-02
   8.60000000e-03]
 [ 9.87328859e-02  0.00000000e+00 -2.89505928e+04  6.37000290e-02
   8.60000000e-03]
 ...
 [ 2.25327245e-01  0.00000000e+00 -3.06372894e+04  1.84028445e-02
   9.12673192e-04]
 [ 2.25327245e-01  0.00000000e+00 -3.19944054e+04  1.90314074e-02
   1.52112199e-03]
 [ 2.25327245e-01  0.00000000e+00 -3.34788261e+04  1.96599704e-02
   2.12957078e-03]]
