[[0.13063118170202345 535.0983203905773 array([ 2.610116 , -0.0954336])
  0.05820348900637631 0.00902346136211516]
 [0.13063118170202345 412.42160370865565 array([6.01577309, 0.08660463])
  0.058256880004892486 0.009870384086345486]
 [0.13063118170202345 328.14326220774626
  array([ 9.25767466, -0.09813009]) 0.058303993021920894
  0.01071690110421563]
 ...
 [0.060935334417049965 300.0120559582354 array([9.66603977, 0.71697639])
  0.008138644967176215 0.011520473269770485]
 [0.060935334417049965 300.0088859151371 array([9.63861225, 0.65318206])
  0.007871489577554666 0.01071298260802649]
 [0.060935334417049965 300.00712354183673 array([9.57167025, 0.72871619])
  0.00860810053397722 0.01022209479289123]]
[[ 2.35444019e-01  0.00000000e+00 -2.85133341e+04  5.85712217e-02
   8.60000000e-03]
 [ 2.35444019e-01  0.00000000e+00 -2.90627131e+04  6.28194029e-02
   8.60000000e-03]
 [ 2.35444019e-01  0.00000000e+00 -2.92135899e+04  6.37000290e-02
   8.60000000e-03]
 ...
 [ 1.66763787e-01  0.00000000e+00 -3.06394833e+04  1.84028445e-02
   9.12673192e-04]
 [ 1.66763787e-01  0.00000000e+00 -3.19992115e+04  1.90314074e-02
   1.52112199e-03]
 [ 1.66763787e-01  0.00000000e+00 -3.34886927e+04  1.96599704e-02
   2.12957078e-03]]
