[[0.1671566003250395 542.4530343268099 array([2.87964525, 0.13199047])
  0.05820348900637631 0.00902346136211516]
 [0.1671566003250395 425.53048197496526 array([5.30728569, 0.24714154])
  0.058256880004892486 0.009870384086345486]
 [0.1671566003250395 333.87369506903036 array([ 7.93067602, -0.03912391])
  0.058303993021920894 0.01071690110421563]
 ...
 [0.07597654611270467 299.99543854358006 array([8.82765216, 0.68828154])
  0.008138644967176215 0.011520473269770485]
 [0.07597654611270467 300.0018239780642 array([8.80251577, 0.62656216])
  0.007871489577554666 0.01071298260802649]
 [0.07597654611270467 300.0068699601956 array([8.74895504, 0.70492612])
  0.00860810053397722 0.01022209479289123]]
[[ 1.64684455e-01  0.00000000e+00 -2.73787230e+04  5.85712217e-02
   8.60000000e-03]
 [ 1.64684455e-01  0.00000000e+00 -2.79673497e+04  6.28194029e-02
   8.60000000e-03]
 [ 1.64684455e-01  0.00000000e+00 -2.80681341e+04  6.37000290e-02
   8.60000000e-03]
 ...
 [ 7.84379058e-02  0.00000000e+00 -3.06393954e+04  1.84028445e-02
   9.12673192e-04]
 [ 7.84379058e-02  0.00000000e+00 -3.20026123e+04  1.90314074e-02
   1.52112199e-03]
 [ 7.84379058e-02  0.00000000e+00 -3.34773480e+04  1.96599704e-02
   2.12957078e-03]]
