[[0.03345073488132887 528.7864569199435 array([ 3.63216035, -0.10125375])
  0.05820348900637631 0.00902346136211516]
 [0.03345073488132887 405.93535474975266
  array([ 6.46709107, -0.29369185]) 0.058256880004892486
  0.009870384086345486]
 [0.03345073488132887 322.3908658692379 array([10.25893216,  0.17327377])
  0.058303993021920894 0.01071690110421563]
 ...
 [0.22811961882977996 299.97439504350314
  array([11.01083086,  0.84226286]) 0.008138644967176215
  0.011520473269770485]
 [0.22811961882977996 299.97446310656613
  array([10.98560848,  0.75886101]) 0.007871489577554666
  0.01071298260802649]
 [0.22811961882977996 299.97147460563343
  array([10.91643506,  0.84728916]) 0.00860810053397722
  0.01022209479289123]]
[[ 2.11403604e-01  0.00000000e+00 -2.95217334e+04  5.85712217e-02
   8.60000000e-03]
 [ 2.11403604e-01  0.00000000e+00 -3.02964768e+04  6.28194029e-02
   8.60000000e-03]
 [ 2.11403604e-01  0.00000000e+00 -3.04465219e+04  6.37000290e-02
   8.60000000e-03]
 ...
 [ 1.51041716e-01  0.00000000e+00 -3.06430819e+04  1.84028445e-02
   9.12673192e-04]
 [ 1.51041716e-01  0.00000000e+00 -3.20174826e+04  1.90314074e-02
   1.52112199e-03]
 [ 1.51041716e-01  0.00000000e+00 -3.35110380e+04  1.96599704e-02
   2.12957078e-03]]
