[[0.022871856290424854 511.75726322381064 array([4.43774169, 0.12071742])
  0.05820348900637631 0.00902346136211516]
 [0.022871856290424854 391.3587590925178
  array([ 7.79843226, -2.3225228 ]) 0.058256880004892486
  0.009870384086345486]
 [0.022871856290424854 316.51230210772036
  array([12.28089784,  1.0888054 ]) 0.058303993021920894
  0.01071690110421563]
 ...
 [0.12262989409736862 299.98895606426584
  array([13.08712432,  1.0096317 ]) 0.008138644967176215
  0.011520473269770485]
 [0.12262989409736862 299.9888829580333 array([13.05539382,  0.91328916])
  0.007871489577554666 0.01071298260802649]
 [0.12262989409736862 299.99299235646794
  array([12.96260282,  1.02618633]) 0.00860810053397722
  0.01022209479289123]]
[[ 5.34643971e-02  0.00000000e+00 -3.13995757e+04  5.85712217e-02
   8.60000000e-03]
 [ 5.34643971e-02  0.00000000e+00 -3.12217706e+04  6.28194029e-02
   8.60000000e-03]
 [ 5.34643971e-02  0.00000000e+00 -3.14147666e+04  6.37000290e-02
   8.60000000e-03]
 ...
 [ 1.21922559e-01  0.00000000e+00 -3.06442234e+04  1.84028445e-02
   9.12673192e-04]
 [ 1.21922559e-01  0.00000000e+00 -3.20282792e+04  1.90314074e-02
   1.52112199e-03]
 [ 1.21922559e-01  0.00000000e+00 -3.35241473e+04  1.96599704e-02
   2.12957078e-03]]
