[[0.08387113142370362 530.4763567980953 array([ 3.06796711, -0.52957843])
  0.05820348900637631 0.00902346136211516]
 [0.08387113142370362 400.1711589193206 array([7.22138895, 2.73496332])
  0.058256880004892486 0.009870384086345486]
 [0.08387113142370362 320.3838571288125 array([10.95122175, -1.15091751])
  0.058303993021920894 0.01071690110421563]
 ...
 [0.19976589087725716 300.0066177177059 array([11.54549881,  0.88264174])
  0.008138644967176215 0.011520473269770485]
 [0.19976589087725716 300.0057557058568 array([11.51633871,  0.80312658])
  0.007871489577554666 0.01071298260802649]
 [0.19976589087725716 300.0036691149923 array([11.44388007,  0.89901089])
  0.00860810053397722 0.01022209479289123]]
[[ 5.12026733e-02  0.00000000e+00 -2.99867934e+04  5.85712217e-02
   8.60000000e-03]
 [ 5.12026733e-02  0.00000000e+00 -3.06223585e+04  6.28194029e-02
   8.60000000e-03]
 [ 5.12026733e-02  0.00000000e+00 -3.09164888e+04  6.37000290e-02
   8.60000000e-03]
 ...
 [ 1.09195640e-01  0.00000000e+00 -3.06387105e+04  1.84028445e-02
   9.12673192e-04]
 [ 1.09195640e-01  0.00000000e+00 -3.20155546e+04  1.90314074e-02
   1.52112199e-03]
 [ 1.09195640e-01  0.00000000e+00 -3.35085761e+04  1.96599704e-02
   2.12957078e-03]]
