[[0.1649832375270092 567.4386732889845 array([2.04467232, 0.11914805])
  0.05820348900637631 0.00902346136211516]
 [0.1649832375270092 450.40864351943645 array([ 4.22450721, -1.09918316])
  0.058256880004892486 0.009870384086345486]
 [0.1649832375270092 349.4550195789234 array([6.02034617, 0.72545858])
  0.058303993021920894 0.01071690110421563]
 ...
 [0.34588671279534733 299.98897015499205 array([6.50514759, 0.5024374 ])
  0.008138644967176215 0.011520473269770485]
 [0.34588671279534733 299.9809142897967 array([6.48917763, 0.45672269])
  0.007871489577554666 0.01071298260802649]
 [0.34588671279534733 299.98222417204965 array([6.44813037, 0.50305122])
  0.00860810053397722 0.01022209479289123]]
[[ 1.48775299e-01  0.00000000e+00 -2.49837023e+04  5.85712217e-02
   8.60000000e-03]
 [ 1.48775299e-01  0.00000000e+00 -2.52909259e+04  6.28194029e-02
   8.60000000e-03]
 [ 1.48775299e-01  0.00000000e+00 -2.55098321e+04  6.37000290e-02
   8.60000000e-03]
 ...
 [ 3.94884564e-01  0.00000000e+00 -3.06303065e+04  1.84028445e-02
   9.12673192e-04]
 [ 3.94884564e-01  0.00000000e+00 -3.19692796e+04  1.90314074e-02
   1.52112199e-03]
 [ 3.94884564e-01  0.00000000e+00 -3.34138703e+04  1.96599704e-02
   2.12957078e-03]]
