[[0.12284487273723103 535.6459614394436 array([ 3.48949293, -0.54336855])
  0.05820348900637631 0.00902346136211516]
 [0.12284487273723103 414.40828214223023 array([6.16879281, 1.42566748])
  0.058256880004892486 0.009870384086345486]
 [0.12284487273723103 327.3908814406538 array([ 9.1005379 , -0.37212221])
  0.058303993021920894 0.01071690110421563]
 ...
 [0.06223529234122454 299.9898217786335 array([9.9506862 , 0.72856644])
  0.008138644967176215 0.011520473269770485]
 [0.06223529234122454 299.98344429174426 array([9.92577712, 0.6641571 ])
  0.007871489577554666 0.01071298260802649]
 [0.06223529234122454 299.98277698955576 array([9.85765373, 0.73661306])
  0.00860810053397722 0.01022209479289123]]
[[ 2.07416818e-01  0.00000000e+00 -2.91229095e+04  5.85712217e-02
   8.60000000e-03]
 [ 2.07416818e-01  0.00000000e+00 -2.94481417e+04  6.28194029e-02
   8.60000000e-03]
 [ 2.07416818e-01  0.00000000e+00 -2.94437067e+04  6.37000290e-02
   8.60000000e-03]
 ...
 [ 1.45046419e-01  0.00000000e+00 -3.06434622e+04  1.84028445e-02
   9.12673192e-04]
 [ 1.45046419e-01  0.00000000e+00 -3.20040204e+04  1.90314074e-02
   1.52112199e-03]
 [ 1.45046419e-01  0.00000000e+00 -3.34951257e+04  1.96599704e-02
   2.12957078e-03]]
